ndof   10
nconf    2
nbasisfns   10
initial_PES    1
time  1.50000000000000000E+001
 
zinit   1 -7.85248094199968270E-015  2.26017277201944694E-015
zinit   2 -1.00751894189311399E-029 -2.98107492978087976E-030
zinit   3 -6.87744084191810746E-048  4.02685868201961817E-048
zinit   4 -9.83072119783964262E-067  8.09032068196047477E-067
zinit   5  2.70958240365055012E-090 -4.75943285948718880E-090
zinit   6 -8.47175012334149039E-119  2.72720978473387557E-119
zinit   7  0.00000000000000000E+000  0.00000000000000000E+000
zinit   8  0.00000000000000000E+000  0.00000000000000000E+000
zinit   9  0.00000000000000000E+000  0.00000000000000000E+000
zinit  10  0.00000000000000000E+000  0.00000000000000000E+000
 
basis     1
D  1.00000000000000000E+000  0.00000000000000000E+000
a   1  1.09514554421158608E-001  6.34810147977580841E-002
a   2 -3.71359747323698142E-001 -1.39691438937431439E-001
d   1 -1.25790013235159343E-001 -1.41474181431288388E-002
d   2 -3.80531080504213914E-001  1.12329234017803870E-001
s   1 -5.77069237450202581E+003
s   2 -5.76103409886230293E+003
z   1 -4.60391192700540797E-002  2.56601320763690355E-001
z   2  3.33021120164255169E-001  2.75840689656774107E-001
z   3 -3.56342691163688108E-001 -8.89840958842949281E-002
z   4 -7.81182659560580687E-003 -3.53999438468523220E-001
z   5 -4.79350117180495694E-001  3.58477838507958030E-002
z   6  1.92378479182953088E-001  1.43248325910202506E-001
z   7  5.04940990238373563E-002 -5.27110085613308951E-002
z   8 -2.80630814694923722E-002  6.37885428242618811E-003
z   9  2.51474691042296167E-002 -2.58607510101910168E-003
z  10  1.81412110525927435E-002 -9.04062601974943707E-005
 
basis     2
D  1.00000000000000000E+000  0.00000000000000000E+000
a   1 -2.88177156742004392E-001  4.12560415232721356E-001
a   2  2.99354280340662776E-002 -2.87661489300159667E-001
d   1  5.03240187236880243E-001  1.21812753477188633E-003
d   2  1.78625795635428547E-001 -2.27460078720593845E-001
s   1 -5.77206919695357374E+003
s   2 -5.75595976666558909E+003
z   1  1.47334225563702043E-001  4.11421487084123322E-002
z   2 -2.31398028888808199E-001 -2.03857081856119920E-001
z   3 -2.20459251475016660E-001  5.40048843940617654E-003
z   4  1.12005356803785202E-002  1.83333685726479012E-001
z   5  4.01698183104399892E-002 -2.34901096855652691E-001
z   6 -1.63573723891855927E-001  1.97348768511818484E-001
z   7 -8.46498114454857509E-002  1.06960873703930828E-001
z   8 -9.97435573243827256E-002  1.30387706212870096E-002
z   9 -1.68368614600699351E-002  1.79843404991058328E-003
z  10 -1.12289321847173773E-002  1.05853299642951217E-004
 
basis     3
D  1.00000000000000000E+000  0.00000000000000000E+000
a   1  2.27174560725478730E-001 -9.16568127817617845E-002
a   2  2.45875247191846752E-001  6.60280255121615117E-002
d   1 -1.44292636612022213E-001  1.97961833164062379E-001
d   2 -7.30943419810290429E-002  2.43867903802543862E-001
s   1 -5.75798188096236663E+003
s   2 -5.78213013416418562E+003
z   1 -3.45018618984901937E-001  4.38059739249487545E-001
z   2  2.61495462079252783E-001  2.12342438338478129E-001
z   3  3.78450587489937706E-001 -1.40708108773360419E-002
z   4  6.20339431773073019E-002  1.08767512241490213E-001
z   5 -1.94785741818331914E-001 -3.20147228009845353E-001
z   6 -2.93658355574921495E-002  1.23041582145223732E-001
z   7 -1.22141296040836289E-001 -2.41866071879667695E-002
z   8 -2.56366194599187934E-002 -2.29897830564825649E-002
z   9  3.57150695971144736E-003 -7.19850394065172814E-004
z  10  1.01908467463516432E-003 -1.26576142525905346E-004
 
basis     4
D  1.00000000000000000E+000  0.00000000000000000E+000
a   1  3.85825884397687668E-001 -7.80124062450114480E-002
a   2  9.76067318568171749E-002  3.08547019891825924E-001
d   1  2.14557434510924627E-001  3.30019175042125135E-001
d   2  3.13563295376309226E-001  8.00399736422051089E-002
s   1 -5.76287475809538591E+003
s   2 -5.76694962042480438E+003
z   1 -1.02046621231029380E-001  4.22662770226726880E-001
z   2  5.98481832965284344E-001  2.88559385561623194E-001
z   3 -6.51513435864097823E-002  1.94257217698788620E-001
z   4 -3.04288991885773963E-001  2.91694156327978404E-001
z   5 -1.28895509214257437E-001 -6.02421566699305258E-002
z   6 -1.16907765194198925E-002 -1.18052434122948038E-001
z   7  5.09648604060864915E-003 -2.56736489484833075E-001
z   8 -1.41106212981893353E-001 -2.04446065815613448E-002
z   9 -3.78666215517357027E-003 -2.71358427169053184E-003
z  10 -4.33375639153675205E-003 -7.36155988050824915E-004
 
basis     5
D  1.00000000000000000E+000  0.00000000000000000E+000
a   1 -2.88858392861839564E-001  4.63006241243059669E-001
a   2 -6.68470672950941674E-003  1.27398688190175025E-001
d   1  1.40227907740135938E-001  5.27399359544145740E-001
d   2  7.77087484302373815E-002 -1.01175399549708084E-001
s   1 -5.78599600435254888E+003
s   2 -5.74657550021538009E+003
z   1  1.42342708811593915E-001 -3.43411423173089481E-001
z   2  2.32696019233787160E-001  1.23235050583948971E-001
z   3  1.19561662633458632E-001  6.30768813339024681E-001
z   4 -3.64892265383705283E-001 -7.73831266041262733E-002
z   5 -5.69776718559738993E-001 -9.85472793107053657E-002
z   6 -2.27268306127767356E-001  1.73206454455249320E-002
z   7 -1.96634569688322908E-001 -5.49077829331065970E-001
z   8 -7.53971391348078196E-002 -1.46780265660422845E-002
z   9 -2.81653770384600911E-002  8.80514144205291906E-004
z  10 -1.99402092453820727E-002 -2.98239149255927389E-004
 
basis     6
D  1.00000000000000000E+000  0.00000000000000000E+000
a   1 -4.45725923502694951E-002 -1.56350952699212606E-002
a   2 -1.89362730904132553E-001  4.57511357171294791E-002
d   1 -3.63697085254111943E-002  3.01399484853482960E-002
d   2  1.49190287058736798E-001 -1.25274372966739822E-001
s   1 -5.77321792568213368E+003
s   2 -5.75807791569584333E+003
z   1 -5.16743478857233374E-001  2.88444674526952549E-001
z   2  7.47767337064280668E-001 -2.50581716599462434E-001
z   3  1.55329221366894671E-001  5.27598268600686815E-001
z   4 -6.21317025793131222E-002 -3.37108428676616445E-001
z   5 -2.43926093038238090E-001 -3.50947862608087857E-001
z   6 -7.66267441489815043E-002  4.15998391750190336E-004
z   7 -1.31188554304333987E-001 -1.39050066499047220E-001
z   8 -9.58566548270897885E-003  1.29271646743290732E-002
z   9  2.79392007246683262E-002 -1.36385976551079303E-002
z  10  1.98148786958944716E-002  6.83058056509578434E-005
 
basis     7
D  1.00000000000000000E+000  0.00000000000000000E+000
a   1 -5.74803669175192322E-001  2.43486532677751250E-001
a   2  1.31870344462399480E-001  1.08134639909333169E-002
d   1  5.81634396987008140E-001 -2.26685636806254198E-001
d   2 -9.58599515487152942E-002 -9.12008138186993222E-002
s   1 -5.78370112949781287E+003
s   2 -5.74665164197637114E+003
z   1  6.56863901735023348E-002 -1.64510194016669747E-001
z   2  5.54367088282855969E-001  5.83190006575808439E-001
z   3  1.24167508353332429E-001  5.88915779010374507E-001
z   4 -2.32781356668227357E-001  7.03190773617166781E-002
z   5  2.07162047178369141E-001 -3.11786127098676813E-001
z   6  4.45928482339235793E-002 -2.45862530586885120E-001
z   7 -3.82431478373290810E-003  7.71712632781013236E-002
z   8 -9.86515246111217964E-002  5.32384845023084197E-002
z   9 -2.77431072520076920E-002  1.48571236861472743E-003
z  10 -2.03629719591351503E-002  1.78116904794677441E-004
 
basis     8
D  1.00000000000000000E+000  0.00000000000000000E+000
a   1  1.64601033680454867E-001 -3.99493237753453037E-002
a   2  9.54436909775083775E-002 -1.35084011064108195E-001
d   1  1.26899474550531022E-001 -1.12187219047361786E-001
d   2 -1.24331367270381216E-001  1.09082076003602882E-001
s   1 -5.78004464228970755E+003
s   2 -5.75249167701526403E+003
z   1  2.24171783184416912E-001  8.63858926979907821E-002
z   2  1.65027336918896067E-001 -2.41368134174400673E-001
z   3 -1.36375636979808382E-002  3.38321291243980582E-001
z   4 -1.08487951747832545E-001  3.44057585694000523E-001
z   5 -6.24693435315667456E-001 -2.94316260589058909E-001
z   6 -2.30006157723736504E-001  9.60162197896572561E-002
z   7 -2.45193720004316745E-001  1.85703259551736360E-001
z   8 -4.14641251249457388E-002  4.24399372729090119E-002
z   9  4.70017770796049734E-003 -9.82045315817041322E-004
z  10 -4.94182191800211692E-004  1.12705480779971227E-003
 
basis     9
D  1.00000000000000000E+000  0.00000000000000000E+000
a   1  2.01145137151313796E-001 -3.76007034920834982E-001
a   2  1.87865247210544956E-001  1.66628904141184586E-001
d   1  4.23256803848852170E-001  5.19069793499213061E-002
d   2 -2.51100831277210335E-001 -2.62970277126364956E-003
s   1 -5.78173209119732019E+003
s   2 -5.75782424271823129E+003
z   1 -1.55820195395288009E-002 -3.85771702476955469E-001
z   2 -1.51844622190914075E-002  5.33794513775196600E-001
z   3  3.10723708425890033E-001  3.99034964748475218E-001
z   4 -1.06981993958869717E-001 -1.36176845418002596E-001
z   5  4.82693825125781947E-002  5.74200487028552545E-002
z   6  2.80485733477639776E-002 -9.31905477800758220E-002
z   7 -1.31361892082506315E-001 -6.64133802405563606E-002
z   8 -9.01242822298700397E-002  8.60178811819150603E-003
z   9 -1.66460305599250742E-002 -1.07146023501963851E-003
z  10 -1.07664721478074182E-002 -6.04354406576459438E-004
 
basis    10
D  1.00000000000000000E+000  0.00000000000000000E+000
a   1 -1.04998587723946490E-001 -1.54909171648974775E-001
a   2  3.11730896457015294E-001  2.32107813424638348E-002
d   1  1.18504480604727888E-001 -1.44838679093667849E-001
d   2  2.14680219633426178E-002 -3.11855761866609626E-001
s   1 -5.77552870308496767E+003
s   2 -5.76010454090169605E+003
z   1  4.49229072485590575E-001  3.96315224227333951E-001
z   2  9.08706365063665644E-001  2.28318715330037336E-001
z   3 -1.25020434819891696E-001  2.49741652101345246E-001
z   4  1.93917770405712897E-001  1.14308664478506211E-001
z   5 -3.25612672826751173E-002  9.84270580178607697E-003
z   6 -7.28175167500563769E-002 -1.31184524388001877E-001
z   7 -1.18624104327720276E-001 -2.86502637060038423E-001
z   8  7.43319865820098458E-002 -7.00091764222738212E-003
z   9  1.26988784029269611E-002 -4.89319984075149358E-003
z  10  1.05095577842568549E-002 -6.64829133293454101E-004
