ndof   10
nconf    2
nbasisfns   10
initial_PES    1
time  1.50000000000000000E+001
 
zinit   1 -7.85248094199968270E-015  2.26017277201944694E-015
zinit   2 -1.00751894189311399E-029 -2.98107492978087976E-030
zinit   3 -6.87744084191810746E-048  4.02685868201961817E-048
zinit   4 -9.83072119783964262E-067  8.09032068196047477E-067
zinit   5  2.70958240365055012E-090 -4.75943285948718880E-090
zinit   6 -8.47175012334149039E-119  2.72720978473387557E-119
zinit   7  0.00000000000000000E+000  0.00000000000000000E+000
zinit   8  0.00000000000000000E+000  0.00000000000000000E+000
zinit   9  0.00000000000000000E+000  0.00000000000000000E+000
zinit  10  0.00000000000000000E+000  0.00000000000000000E+000
 
basis     1
D  1.00000000000000000E+000  0.00000000000000000E+000
a   1  5.67394840261929712E-002  4.03032945617961824E-002
a   2 -2.57577456141560746E-001 -2.50087622710990165E-001
d   1  4.66749672237617153E-002 -5.16253042097989667E-002
d   2 -3.18596728217079794E-001  1.65487430685730408E-001
s   1 -5.81049307430974022E+003
s   2 -5.72901528703176336E+003
z   1  4.55024590189146927E-001 -1.50681594313954920E-001
z   2 -6.73503403178391108E-002  2.64642800117222306E-002
z   3 -5.18623091485498788E-001 -4.45619473340990557E-001
z   4  3.82130604285333200E-002 -1.48856318644663616E-001
z   5 -2.93386659976353659E-001  2.14317493290785456E-002
z   6  3.50964570717670843E-001  1.05814376288774006E-001
z   7  2.01189896432679372E-001 -8.71760866117790856E-002
z   8  5.22440065126721226E-002 -2.35212239140482580E-002
z   9  2.98939676695060240E-002 -4.68931737557784555E-005
z  10  2.06657210650476285E-002  7.96697600269045562E-005
 
basis     2
D  1.00000000000000000E+000  0.00000000000000000E+000
a   1  1.74840398150371501E-001  7.48062616370453459E-002
a   2 -4.77074415138063368E-001  4.59734971069912235E-002
d   1  1.47843233396889900E-001 -1.19614045764881841E-001
d   2 -3.28799391341507041E-001  3.48718396803246122E-001
s   1 -5.79201232625404191E+003
s   2 -5.74211264991246571E+003
z   1  4.45931201381405851E-001  2.48962767963606946E-002
z   2 -3.79858934383082048E-001  3.00236163074291719E-002
z   3 -1.55530473913561645E-001 -1.98978313434640730E-001
z   4  6.24535266856149004E-002  3.23313238859446350E-001
z   5  2.85224691685393439E-001 -3.85210107344629848E-001
z   6 -1.55410924571372198E-002  2.77251172151499581E-001
z   7  1.79988683511030756E-001  9.96985502174145138E-002
z   8  3.83912189704294776E-002 -3.20356776069995533E-002
z   9  2.18361007720136724E-002 -1.87276337067227862E-004
z  10  1.62235966019408512E-002  7.97061395924230146E-005
 
basis     3
D  1.00000000000000000E+000  0.00000000000000000E+000
a   1 -9.56108697587016998E-002  2.09311193492503961E-001
a   2  1.05724720606697975E+000 -2.75742780276938493E-001
d   1  1.50465884562794611E-001 -1.74105231742207045E-001
d   2  1.03488760356760112E+000  3.50447404888948544E-001
s   1 -5.79652265526251176E+003
s   2 -5.74969619749801132E+003
z   1  4.94325074634561101E-001 -1.21651914867890704E-001
z   2 -7.68537929303472478E-002  8.20344939662533135E-002
z   3  2.60061556264523874E-001 -3.34903834390879285E-001
z   4  3.90321093463709412E-002  9.81663039287154898E-002
z   5 -5.05109636390259874E-003 -1.20764523557428713E-001
z   6  8.07813612732642544E-002  2.02313305911375835E-001
z   7  5.81272414080829108E-002  2.24867693369361354E-002
z   8  3.88274688975254120E-002 -1.59349321692837491E-002
z   9  3.00427859243093121E-002  2.27042315439023804E-004
z  10  2.03847522830345497E-002  1.06543458838978408E-004
 
basis     4
D  1.00000000000000000E+000  0.00000000000000000E+000
a   1 -5.97491057411213347E-002  5.56921392522427561E-002
a   2 -2.19588839686306214E-001 -7.61182255744512926E-001
d   1  3.54110302288316234E-002  7.36045443535089799E-002
d   2 -7.62299505497772922E-001 -2.15678345906431507E-001
s   1 -5.80439428466999743E+003
s   2 -5.73553397228248650E+003
z   1  3.03758947522178913E-001  3.12591625523308658E-001
z   2  1.40703674126583911E-001  6.07414252824733034E-002
z   3  2.64608593178596333E-003 -4.24801960564856196E-002
z   4 -1.90172535529550907E-001  3.49422230636063536E-001
z   5  1.94312384916234371E-001 -1.32704714711217656E-002
z   6  8.10004622345139452E-002  9.77513208505045514E-003
z   7  1.30637539113998141E-001 -1.68392175460250176E-001
z   8  1.15977488322191076E-002 -4.85265569976428279E-002
z   9  3.23886843554266821E-002  2.88474669459642767E-004
z  10  2.18179205950727005E-002 -6.66915366731028446E-006
 
basis     5
D  1.00000000000000000E+000  0.00000000000000000E+000
a   1 -5.11127967792868038E-002 -1.06815914144750168E-001
a   2 -3.26616621808315966E-001  1.74573965048794272E-001
d   1  1.14585921733937418E-001  2.98701196777528787E-002
d   2  5.52344528041829458E-002  3.66201641364094166E-001
s   1 -5.80793533459824175E+003
s   2 -5.72903536049744525E+003
z   1  3.97555773922529498E-001 -5.62422639378440614E-001
z   2 -1.34007946271129275E-001  1.02573853713237850E-001
z   3  4.78136210733028866E-001  1.00012587838650149E-001
z   4 -2.25673667412602696E-001  2.03730430357854153E-001
z   5 -1.03963539830210755E-001 -1.35619599609940161E-001
z   6  3.79856247038924850E-003  2.28248877511944254E-001
z   7 -3.36809448762039054E-002 -3.48214304191979795E-001
z   8  8.30162215194571312E-002 -2.39822452041971133E-002
z   9  2.60751179408598328E-002 -2.34930091260452593E-004
z  10  1.81778184454547721E-002  1.38104449804026360E-004
 
basis     6
D  1.00000000000000000E+000  0.00000000000000000E+000
a   1  1.03432532428626489E-001  2.44036553277574980E-002
a   2 -3.37981736850299780E-002  2.40279077337112207E-001
d   1  3.33201573253291694E-002  1.00913796250909973E-001
d   2  2.30609089319520399E-001  7.54705205602747980E-002
s   1 -5.80040022044917168E+003
s   2 -5.73515392389231238E+003
z   1 -1.11935359260527861E-001 -5.82743756085692260E-002
z   2 -1.44239494673056440E-001 -2.99794663974642002E-002
z   3  1.13297303692760420E-001  2.72735440181175251E-002
z   4 -1.08092686108630168E-001 -3.39534655917147321E-001
z   5 -3.66615658023495758E-003 -4.12475725202741839E-001
z   6  1.41612174912990718E-001  4.72001862223396934E-002
z   7  4.18339887174744504E-002 -1.05013853536587015E-002
z   8 -1.73818820394095568E-002 -8.34960277261453249E-003
z   9  2.14167255760286147E-002 -1.62358740732972411E-003
z  10  1.50928166728715087E-002 -3.33100089805229407E-005
 
basis     7
D  1.00000000000000000E+000  0.00000000000000000E+000
a   1  4.12748266481227366E-002  2.37930730565956011E-002
a   2 -2.37498322224993563E-001  8.71909426386848763E-002
d   1 -4.17883778755536311E-002  2.28790977715253828E-002
d   2  4.71018518988176038E-002 -2.48574192316119491E-001
s   1 -5.80778096847496818E+003
s   2 -5.73237491072863486E+003
z   1  2.60814895309306016E-001 -4.34724313166182319E-001
z   2  7.05113498634513891E-001  2.96958411694370039E-001
z   3  3.20224661583249415E-001  2.36117632760354194E-003
z   4 -3.96385863928376714E-001  3.07911498623812674E-001
z   5  6.71783074127784152E-001 -6.18735759990648782E-001
z   6  1.07238881233825759E-001 -2.87676832800341509E-001
z   7  2.28651462647124520E-001  1.20993183893534834E-001
z   8  2.28835001992823694E-002  4.13917348552032272E-002
z   9  2.99369849588157662E-002 -9.45485400280845502E-004
z  10  2.07644789760934104E-002 -1.08035291420023900E-004
 
basis     8
D  1.00000000000000000E+000  0.00000000000000000E+000
a   1 -1.56003310765598396E-001 -1.48575859565536539E-001
a   2  3.26909177195354506E-001  3.00530390257906455E-001
d   1 -1.78322666784193201E-001  1.20883603215818716E-001
d   2  4.41491693779870242E-001  4.76781913089679085E-002
s   1 -5.81058965795173572E+003
s   2 -5.72962919568840152E+003
z   1  2.40276932357215672E-001  1.11487724869860250E-001
z   2 -9.34901428889312047E-002 -2.45797982638482265E-001
z   3  2.23854618880461487E-001  2.35469473777810634E-001
z   4  1.09833006359288998E-001  5.17726647631877146E-001
z   5 -3.16827096766363281E-001  1.65877600134611627E-002
z   6 -1.25656968818907228E-001  3.68724110814964812E-001
z   7  1.46009187525741602E-001  1.85274539424307966E-001
z   8  4.63404227285588513E-002 -1.02352239009755319E-002
z   9  2.02003351602995686E-002 -4.43811284699531538E-004
z  10  1.37530601647265997E-002 -8.93432066775184307E-005
 
basis     9
D  1.00000000000000000E+000  0.00000000000000000E+000
a   1 -5.93674284625983484E-002 -4.21613021346394223E-002
a   2  4.70788085033942670E-003 -2.88393781863595100E-002
d   1  6.39637710266869192E-002 -3.47951570767491974E-002
d   2 -1.85252682081150193E-002  2.25984139729819185E-002
s   1 -5.79512271187748320E+003
s   2 -5.74021463449711337E+003
z   1  2.84202708504950018E-002 -3.12300636833291123E-001
z   2 -5.21931565760858196E-001  4.23192014784391946E-001
z   3  3.09779405860014512E-001  2.93353515128128073E-001
z   4 -2.37784682250067853E-001 -2.36870871114867543E-001
z   5  3.76381793385745234E-001  1.32544000937543732E-001
z   6  6.63139099696808815E-002 -3.71686731618759147E-002
z   7 -1.54523709241880913E-001  1.21208859751223752E-001
z   8 -8.40238839785108632E-002  5.94643972084790140E-002
z   9 -2.34051851498172925E-002  4.55179623861451128E-003
z  10 -1.60759410937256521E-002 -1.59367372095934516E-004
 
basis    10
D  1.00000000000000000E+000  0.00000000000000000E+000
a   1  4.16280040307254878E-002 -2.02144295348841901E-001
a   2  1.22543913012928843E-001 -9.79829886474716250E-002
d   1 -1.92040053693189799E-001  7.56030729479874458E-002
d   2 -9.60407517610711685E-003 -1.56605997397361862E-001
s   1 -5.78466472900878853E+003
s   2 -5.74815699153503192E+003
z   1  6.45978300691458118E-001 -3.41275453178946885E-003
z   2  3.22901728569326529E-001  1.55043849257750554E-001
z   3 -1.47509641816589848E-001  4.94797218177797024E-002
z   4  8.09801881138520474E-002  1.59522760992234891E-001
z   5  2.06638281482633912E-001  2.45461571411251037E-002
z   6 -4.17052705254753048E-002  1.85072125485671417E-002
z   7 -9.40507694173116915E-002 -2.54776019423972211E-001
z   8  6.79997702589189013E-002  4.00319440767483124E-003
z   9 -9.84037497439953744E-003  7.54263680353329472E-004
z  10 -5.94595972181765318E-003  6.35660257474156818E-005
