ndof   10
nconf    2
nbasisfns   10
initial_PES    1
time  1.50000000000000000E+001
 
zinit   1 -9.14287590613178182E-015 -1.26428788327515037E-014
zinit   2  1.91144693490476266E-029  3.57677676778864190E-030
zinit   3 -1.17177249847595068E-047  5.57022326701091733E-047
zinit   4  6.81381444496313452E-067 -6.49530079514173434E-067
zinit   5  4.70974340313342689E-090 -2.65411664334149455E-090
zinit   6 -1.37174128055481291E-119  1.63088094664628457E-119
zinit   7  0.00000000000000000E+000  0.00000000000000000E+000
zinit   8  0.00000000000000000E+000  0.00000000000000000E+000
zinit   9  0.00000000000000000E+000  0.00000000000000000E+000
zinit  10  0.00000000000000000E+000  0.00000000000000000E+000
 
basis     1
D  1.00000000000000000E+000  0.00000000000000000E+000
a   1 -7.18631436627034798E-002 -4.61261583545969217E-002
a   2  2.27183576309815671E-002  1.62032582281800251E-002
d   1 -5.67618419402405594E-002  6.37967648175897517E-002
d   2  2.77252778139926541E-002  3.15884801710828106E-003
s   1 -5.78539935072491426E+003
s   2 -5.74860845521639749E+003
z   1 -7.52197548308248809E-002 -4.71655929097660354E-001
z   2 -3.24619275307006294E-001  2.71469305454197396E-001
z   3  2.58948257533412551E-001 -2.76958727425200835E-001
z   4 -7.13311460713613593E-002 -5.56181231193665249E-001
z   5 -1.56010584328201890E-001  1.36036090530879061E-001
z   6  1.07200526852217051E-001  4.14987269749322096E-001
z   7 -1.67896711574600649E-001 -4.36525542015950563E-002
z   8  7.68591860233835411E-002 -2.63629440200671937E-002
z   9 -3.03523558158335996E-002 -2.17323544968392891E-003
z  10 -1.79799370414987537E-002  1.33461094216182275E-004
 
basis     2
D  1.00000000000000000E+000  0.00000000000000000E+000
a   1  2.41207485514672998E-002  1.67733149606386391E-002
a   2  2.62626735887071319E-002  1.41941199339036782E-002
d   1 -2.92678177612546303E-002  2.55918911881943684E-003
d   2  4.65389438064274866E-003 -2.94880031846654345E-002
s   1 -5.78926041706650722E+003
s   2 -5.74092161152623976E+003
z   1  2.18823071339139703E-002 -1.08248607756516502E+000
z   2 -1.93180209821591509E-001 -4.53359173285803468E-002
z   3 -7.11439480992800188E-001  2.14684741023453640E-001
z   4  1.72300358003441706E-003 -2.28344664709025646E-001
z   5 -1.75299649742033908E-001 -3.46056210350992155E-001
z   6 -2.90656150786466561E-001  9.62667407215306720E-002
z   7 -1.48503685389841711E-001 -4.34810469576522807E-001
z   8  1.13804263093054844E-001 -8.28013396320592537E-002
z   9  7.19768502877460347E-004 -2.65485180923937057E-003
z  10  2.66441582318533853E-004 -8.14037303795007907E-004
 
basis     3
D  1.00000000000000000E+000  0.00000000000000000E+000
a   1  4.48727798599629357E-002  6.02397683600527714E-002
a   2 -9.04006264462531156E-002 -1.74537462403636739E-001
d   1  7.44826779860492810E-002  9.73276653680750677E-003
d   2 -1.04269638271188334E-001 -1.66623652519597126E-001
s   1 -5.78601303791040573E+003
s   2 -5.74903329605031922E+003
z   1 -1.62749677508197521E-001  2.31161629257169821E-001
z   2  4.23415492485634870E-001  3.56823861365127004E-002
z   3 -6.47171552656317095E-001  2.18706909744762007E-001
z   4 -3.19120996073432250E-001  2.94363404221785030E-001
z   5  2.84589492036115166E-001 -3.24249538862344366E-001
z   6  1.37373735537275304E-001  3.05380374917774755E-001
z   7  9.85474921415638999E-002  1.05017351857689289E-001
z   8  8.45004949635447672E-002 -2.91737758971884805E-003
z   9  2.38602646110732362E-002 -6.55718622419484564E-004
z  10  1.65833158071969425E-002  2.53816307048082310E-005
 
basis     4
D  1.00000000000000000E+000  0.00000000000000000E+000
a   1  7.11433639412153811E-003  3.08380532885168743E-005
a   2 -5.25125969515203919E-002 -3.65572732781525161E-002
d   1  5.06267382312566502E-003 -4.99840645355007461E-003
d   2  3.28748643414647004E-002 -5.48930811911359645E-002
s   1 -5.77974713746742964E+003
s   2 -5.75689999445362810E+003
z   1 -5.09218983752084298E-001  2.25812572473982981E-001
z   2  4.25503486912991669E-001  3.25868007775197699E-002
z   3  1.55470037376867820E-001 -2.27184879008031332E-001
z   4  4.55056969902623953E-001 -4.34051203819892706E-001
z   5  2.67479665066290173E-001  1.08139936095240918E-001
z   6  2.28938370870745256E-001  1.42534235837910528E-001
z   7 -3.00640400226798651E-002 -1.32165747622644325E-001
z   8 -6.73822632153065898E-002 -7.29564335456511642E-002
z   9  3.44637213478915794E-002  2.92404909900863697E-003
z  10  2.17685998615877833E-002  6.64693731736153848E-005
 
basis     5
D  1.00000000000000000E+000  0.00000000000000000E+000
a   1  3.20580196569379416E-002  1.36163519082121903E-001
a   2 -2.81362393523784504E-001 -4.04061649010944823E-001
d   1 -1.39850260778258129E-001  3.18199833519627363E-003
d   2 -4.08998537802389150E-001  2.74136478357741686E-001
s   1 -5.78859294193962523E+003
s   2 -5.74756153388778148E+003
z   1 -5.09102925388347782E-002 -4.10159574430245366E-001
z   2  2.57991007773090864E-001  2.04442327191296402E-001
z   3  5.89648768666562427E-003  3.46103236326997021E-001
z   4  2.18010758786136155E-001  2.85015626877300865E-001
z   5 -4.15001054394465052E-001  1.20861883809008586E-001
z   6  6.26081460852759175E-001  6.85581812900062371E-002
z   7 -3.38930545393377469E-002 -2.21020607397862195E-001
z   8  7.78603504175697514E-002  3.64507554087903501E-002
z   9  2.80990100683379679E-002  3.63171940974934225E-004
z  10  1.89611630241270125E-002  4.21465801323456853E-005
 
basis     6
D  1.00000000000000000E+000  0.00000000000000000E+000
a   1  1.64468310000971035E-001 -1.61149784606456820E-001
a   2  8.31764926661487242E-003  1.74609192730965118E-001
d   1 -2.30029209144258451E-001 -1.02781814417694985E-002
d   2 -1.04745636208642585E-002  1.74493085801226550E-001
s   1 -5.79077511998805494E+003
s   2 -5.74293892716758091E+003
z   1 -5.63960066570880977E-002 -3.39766675970154419E-001
z   2 -3.91073073383408465E-001  2.74435077450318310E-001
z   3 -2.41027120174269971E-001  9.00285093623720556E-001
z   4 -2.64106295078509301E-001  1.68923837878578731E-001
z   5 -5.16402020068495449E-002 -8.34096613171929624E-002
z   6  1.21684313994797760E-001  7.84810328459826373E-002
z   7  2.49959770122633707E-001  1.15997467615608418E-001
z   8  2.41443450366687386E-003 -1.04544497594923097E-001
z   9 -1.10628389667907917E-002 -1.35573263273201230E-003
z  10 -5.99933930388216793E-003  1.78250589483285098E-004
 
basis     7
D  1.00000000000000000E+000  0.00000000000000000E+000
a   1  1.15061798779745955E-001 -1.22554820707609091E-001
a   2  1.36813922608091221E-001  4.34225795979565288E-001
d   1  1.35652976619226789E-001 -9.92832893867264255E-002
d   2 -4.50430059564374985E-001 -6.62031174064593719E-002
s   1 -5.78071559368395992E+003
s   2 -5.75741969996522494E+003
z   1  2.76429440718626240E-001 -1.83275011977971886E-001
z   2 -1.92513898941671258E-001 -8.58382297753158691E-002
z   3  1.21993073097202448E-001 -3.40790074646759034E-001
z   4 -4.37419637194825864E-002  2.54563320728240172E-001
z   5  4.30924321929279541E-001 -3.73181116774726485E-001
z   6  4.86167234026152750E-002  7.53063792135518634E-002
z   7 -3.98497861356132826E-002  1.22703957743890590E-001
z   8  7.18554590970988810E-002 -6.61891773861123661E-002
z   9  2.41821017173452883E-002 -2.58132644828360826E-003
z  10  1.69370152246395428E-002 -1.94797963321556637E-004
 
basis     8
D  1.00000000000000000E+000  0.00000000000000000E+000
a   1 -2.49139620880216683E-001  6.42891151466038341E-002
a   2 -3.57278228069178971E-001 -4.95461486935507178E-001
d   1  2.44875134410994399E-001 -7.89924652474450623E-002
d   2 -2.94798881479632180E-001  5.34998539032541465E-001
s   1 -5.78989575217815400E+003
s   2 -5.74081815819070471E+003
z   1 -8.83918557759903883E-002 -2.34374051365812130E-001
z   2  3.06301563773578311E-001  2.94995273185159265E-002
z   3  2.34248475922949895E-001  6.21817560624698257E-002
z   4 -2.44876635965373318E-001  1.55098732377533965E-001
z   5 -2.11394149019779390E-002 -2.41571614712716182E-001
z   6  2.80523793935019916E-001 -2.48461747347908435E-001
z   7  1.44441691763805169E-001 -9.54928769195747401E-002
z   8 -1.20150380046294119E-003 -3.76531075604263979E-002
z   9  2.25776045489351346E-002 -2.05497783764967395E-003
z  10  1.55857561786122475E-002 -9.81576088140095844E-005
 
basis     9
D  1.00000000000000000E+000  0.00000000000000000E+000
a   1 -7.38927641704326815E-003 -1.56507532910133945E-001
a   2  4.04462664500033986E-001  8.35081471603325798E-001
d   1  1.51877518643089654E-001  3.85023193379578493E-002
d   2 -9.56866418541861136E-002  9.22927504065358284E-001
s   1 -5.80124629189396455E+003
s   2 -5.73710253430042940E+003
z   1 -3.20768210389157482E-001  6.53396581476681226E-001
z   2  3.11576832829673578E-001  3.72519063940582762E-001
z   3  1.42301477563156253E-001  2.84213036353601456E-001
z   4 -1.61333819138389095E-001  1.84956170864422481E-001
z   5 -5.07852737593438713E-002 -1.34863243187740289E-001
z   6 -1.64031068561774928E-003 -2.65050880745655165E-002
z   7  1.82472569237831332E-002 -3.19830475111253287E-001
z   8  1.10722117740628852E-002 -4.08353808378375954E-002
z   9  3.09590942566984051E-002 -1.46853207631644149E-004
z  10  2.10466609333404206E-002  1.41050590865983541E-008
 
basis    10
D  1.00000000000000000E+000  0.00000000000000000E+000
a   1  1.32089062381794076E-001  8.65310206108403923E-002
a   2  5.51362176276926741E-001 -6.19113422310986206E-002
d   1 -1.35795318649898161E-001 -8.05901319122123705E-002
d   2  3.62944264410614781E-001  4.19648334510126231E-001
s   1 -5.78362772840282923E+003
s   2 -5.75008410410542001E+003
z   1  2.11472518645469426E-001  3.63428939969637543E-001
z   2  2.15883591206247200E-001 -1.28193586039451024E-001
z   3 -6.64946879515396910E-002  1.27316862116689855E-001
z   4  7.06458870359154972E-002  1.13568121168698161E-001
z   5 -1.68971758671028066E-002 -3.47092791270323872E-002
z   6  2.58728320580396409E-001  1.61647297839722315E-001
z   7  1.02256745673516072E-001 -3.99968569691059976E-003
z   8  3.42639060147268415E-002 -4.73423744163202140E-002
z   9  2.64597224041192257E-002 -6.90553663713548748E-004
z  10  1.89412039629482526E-002  9.88109363214224250E-005
