ndof   10
nconf    2
nbasisfns   10
initial_PES    1
time  1.50000000000000000E+001
 
zinit   1 -9.14287590613178182E-015 -1.26428788327515037E-014
zinit   2  1.91144693490476266E-029  3.57677676778864190E-030
zinit   3 -1.17177249847595068E-047  5.57022326701091733E-047
zinit   4  6.81381444496313452E-067 -6.49530079514173434E-067
zinit   5  4.70974340313342689E-090 -2.65411664334149455E-090
zinit   6 -1.37174128055481291E-119  1.63088094664628457E-119
zinit   7  0.00000000000000000E+000  0.00000000000000000E+000
zinit   8  0.00000000000000000E+000  0.00000000000000000E+000
zinit   9  0.00000000000000000E+000  0.00000000000000000E+000
zinit  10  0.00000000000000000E+000  0.00000000000000000E+000
 
basis     1
D  1.00000000000000000E+000  0.00000000000000000E+000
a   1 -3.63567052570989313E-001 -4.93358828061057575E-001
a   2  2.29397779769679400E-001  2.18012291509506351E-001
d   1  1.07582516694600797E-001  6.03332360347588748E-001
d   2  6.16758496487459298E-002 -3.10401015112047596E-001
s   1 -5.78413069464874843E+003
s   2 -5.75326313161026883E+003
z   1  7.53262444575824364E-001  1.20904359892908986E-001
z   2 -8.83413749247422275E-002  1.75615900621430260E-001
z   3 -9.08046399575056645E-002  1.35052194035665429E-001
z   4  4.25986851133422662E-001 -2.05983007770844467E-001
z   5 -1.53928526780832409E-001 -5.36154434161265278E-002
z   6 -1.82672415264844012E-001  1.65668502028469250E-001
z   7 -2.10668106547404532E-001 -3.25898315537567346E-002
z   8 -6.09424930068726695E-002  5.46236369115379386E-002
z   9 -1.78151214059732027E-002  5.32010458073326744E-004
z  10 -1.28863066115265379E-002 -4.60125605557167795E-005
 
basis     2
D  1.00000000000000000E+000  0.00000000000000000E+000
a   1  7.23781236141078588E-001  1.11945305860995353E-001
a   2 -3.71340299321907930E-001 -1.15149676005871643E-001
d   1 -2.03086266943644164E-002 -7.32105585947825155E-001
d   2 -1.77975385821758481E-001 -3.45655649203564452E-001
s   1 -5.79134487256934790E+003
s   2 -5.74990917250573239E+003
z   1  3.81392392384657830E-001  1.01840020298920669E-001
z   2 -2.37921887178141117E-003 -2.33667014886330682E-001
z   3 -3.55529383754232819E-001  1.95358992180590871E-002
z   4  1.35897877261149908E-001  1.37304056523979250E-002
z   5 -1.44486110298326281E-001 -1.65838541169156251E-001
z   6 -3.30878677789528175E-001  6.42279660668617358E-002
z   7 -1.12054540926479387E-001 -4.97531300534882065E-002
z   8 -4.11692740213435507E-002  1.14422655530209225E-002
z   9 -1.67810941263135567E-002  1.30397262612303800E-003
z  10 -1.24621911787148234E-002 -2.81870148353972028E-006
 
basis     3
D  1.00000000000000000E+000  0.00000000000000000E+000
a   1 -1.37701100134667687E-001 -2.86397658925220733E-001
a   2  5.13562765068144925E-002  1.77084425561158221E-001
d   1  2.58359543061477126E-001 -1.85028534354054669E-001
d   2 -6.55943730172786482E-002 -1.72318713845710542E-001
s   1 -5.78192795805495280E+003
s   2 -5.75217469425524723E+003
z   1  1.13869446437514552E-001  4.52244844033862670E-001
z   2  2.75805076702980490E-001 -4.40865303290055743E-001
z   3 -6.44885018143058319E-001  3.53861294331566600E-001
z   4  5.89363106995879557E-002  3.97203672384536077E-001
z   5  3.01862491525364207E-001 -1.89996426549865621E-001
z   6 -1.06775617773102530E-001  3.26131385985615196E-001
z   7  5.47293630327106637E-002  1.36890934665071989E-001
z   8  6.34885220705562192E-002  1.50844467792583432E-002
z   9 -1.65547160902618923E-002  2.03695081581840425E-004
z  10 -1.10507748350373025E-002 -6.81893405091992270E-005
 
basis     4
D  1.00000000000000000E+000  0.00000000000000000E+000
a   1  2.63372545730603085E-002  7.32470434559725769E-002
a   2 -8.04077748490628075E-002 -3.46610960656103029E-001
d   1 -6.67732033952075227E-002 -4.00014957449039144E-002
d   2 -1.08314111653315281E-001  3.38928637798397492E-001
s   1 -5.79555255396443499E+003
s   2 -5.74651023417945453E+003
z   1  2.58278008015086880E-001  5.91144218116399833E-001
z   2  9.22014189657947236E-001 -4.82967496074472175E-002
z   3 -7.81830684700330902E-002  1.93437007893647622E-001
z   4  4.37969351070691959E-001 -3.27621044413838214E-001
z   5  2.90545462969831025E-001  2.04818870196478292E-001
z   6  4.68486357314587543E-002  1.35339065133040726E-001
z   7  3.11952462260616792E-002 -7.23038039024230250E-002
z   8 -6.01071043565566537E-002 -4.27437615195529197E-004
z   9  3.35450672396526012E-002  1.95731069042971804E-003
z  10  2.02596008551721649E-002  4.56550467405029433E-005
 
basis     5
D  1.00000000000000000E+000  0.00000000000000000E+000
a   1 -1.23526070963074469E-001  1.67633290258446421E-001
a   2  4.06226531455029932E-002 -2.31491306211183689E-001
d   1  1.85187982177474869E-001 -9.52104062982734173E-002
d   2  1.93339677040909708E-001 -1.33634554220293605E-001
s   1 -5.78413293218114359E+003
s   2 -5.74990684962103387E+003
z   1 -4.57319633688082761E-002  2.94117520506812336E-001
z   2  2.93023260785898909E-001  2.90890235161678279E-001
z   3 -1.06168018582715851E-001  3.94233013780830643E-001
z   4  4.18812233262595757E-001  1.58310844628498926E-001
z   5 -3.26312430078208038E-001  5.09860355049113867E-001
z   6  4.47769119014449657E-001 -1.49363945457505587E-001
z   7 -2.15910986271190791E-001  1.23566757162945559E-002
z   8  1.01448101399930310E-001  9.68869513522084731E-003
z   9  6.16584280261191393E-003 -1.48456240823985688E-003
z  10  2.63462052755732579E-003 -6.17380585222376582E-005
 
basis     6
D  1.00000000000000000E+000  0.00000000000000000E+000
a   1 -2.61753289035374148E-001  1.48396338562195834E-001
a   2  1.34297234959334308E-002 -1.18863955067558452E-001
d   1 -8.03557923235675986E-002 -2.89964143058333401E-001
d   2  1.87029183891418843E-002  1.18149050487969989E-001
s   1 -5.78234668976074136E+003
s   2 -5.75198664522095623E+003
z   1  5.24586218181138514E-002 -3.94434233801293152E-002
z   2 -1.25280196893291146E-001  2.12679556090200533E-001
z   3  9.82577286488968138E-002  8.92205204529267215E-001
z   4  4.88315806553380610E-002  3.35368577135164575E-002
z   5 -2.73759324136096660E-001  1.00816585229123110E-001
z   6 -3.62575999415217010E-001  1.93193704008737976E-001
z   7  3.34459805010624556E-001 -1.52660353326116910E-001
z   8 -1.36165931770339532E-001  4.89326486452677789E-003
z   9 -2.29856282155054339E-002  1.00730321983623751E-003
z  10 -1.61997753740622912E-002 -1.89489909133054606E-004
 
basis     7
D  1.00000000000000000E+000  0.00000000000000000E+000
a   1  9.70845431047385882E-002  3.73628412636453022E-001
a   2 -9.06412239306986223E-004 -6.33120270781244887E-001
d   1 -3.86032309399768903E-001 -1.62952096413548279E-003
d   2 -3.64231348565486057E-001 -5.17858690744330108E-001
s   1 -5.78864290594918020E+003
s   2 -5.74850302287052455E+003
z   1  3.37353134839605218E-001  3.59656719820092896E-001
z   2  8.86177301297387254E-002  8.74992797721380194E-002
z   3  3.17185479109102497E-002 -2.12854357389329063E-001
z   4  2.51397577912006287E-001  2.69963815106138927E-001
z   5  2.04797188566069682E-001 -6.18307805393970671E-003
z   6 -2.56938166707065374E-001  5.98087911719376725E-002
z   7 -2.27478348198599731E-002  1.48449055130373125E-001
z   8  2.26531246531390743E-002 -3.47988159565359792E-002
z   9  9.24282443381035240E-003 -1.59688868852733332E-003
z  10  1.02006600515502470E-002  1.61044181700552145E-004
 
basis     8
D  1.00000000000000000E+000  0.00000000000000000E+000
a   1  4.86115530662527898E-002  1.02417534385992548E-001
a   2  2.32806288570469658E-002 -8.98678951401596926E-002
d   1 -5.19146860635414722E-002  1.00783430245963604E-001
d   2  3.10399851398943036E-002  8.74914028886121381E-002
s   1 -5.79401567199597685E+003
s   2 -5.74537855712513101E+003
z   1 -1.56998673692694990E-001  5.34497964344374799E-001
z   2  1.03101000116624819E-001  9.80201727982882125E-003
z   3 -1.63477858307979701E-001  3.05876239419414532E-002
z   4  1.00165970430565479E-001  2.86632883666697924E-001
z   5 -4.05469224236269188E-001  6.41394432903850606E-003
z   6 -3.39978263318390816E-001 -4.46523025983144806E-001
z   7  2.20374001586823576E-001 -2.67600235541493536E-001
z   8  3.85337214270211337E-002  1.03048655891574026E-001
z   9 -3.55521479954110271E-003 -4.35504911957196057E-003
z  10 -4.36106772050732627E-003 -7.41102148026838122E-005
 
basis     9
D  1.00000000000000000E+000  0.00000000000000000E+000
a   1  4.52901737905822666E-001 -8.11408145990001994E-001
a   2  2.31582961690893763E-002  4.51861875460189188E-001
d   1  1.49902838589520165E-001  9.17078133290643360E-001
d   2 -1.51385455751861631E-001  4.26377655327593308E-001
s   1 -5.78928414413806058E+003
s   2 -5.74950692884422187E+003
z   1 -7.37449792752488953E-002  2.97858018869227525E-001
z   2  3.66453374676731169E-001  2.16767037253638856E-001
z   3 -7.39534585348187584E-002  2.79435700962795019E-001
z   4  2.67301422556756457E-002  1.13873179152169199E-001
z   5 -1.60186295419468522E-001  5.46895498007654579E-002
z   6 -1.68882308516927149E-001  3.88003541009553088E-002
z   7 -3.80986729564580934E-002 -1.09835486188621087E-001
z   8 -4.39209714001964277E-002  4.33508930043067196E-003
z   9 -1.94883771811747361E-002  1.08817371174541760E-003
z  10 -1.37514013450670478E-002 -1.38587599764340263E-004
 
basis    10
D  1.00000000000000000E+000  0.00000000000000000E+000
a   1 -3.47766605819200769E-001  1.92451078034626244E-001
a   2  1.05544428071934870E-001  7.20646133122574001E-002
d   1 -5.47551914345629706E-002  3.93676134113641052E-001
d   2 -1.04903769159394963E-001 -7.29940682866039303E-002
s   1 -5.78588651517144990E+003
s   2 -5.75226498176537370E+003
z   1 -1.12196567969550902E-002  5.53810299744099566E-001
z   2 -5.57270379815227868E-002 -9.64394361903253006E-002
z   3 -3.43056742824331518E-001  3.38609649287893666E-001
z   4  1.98653923451339309E-002  5.49199700545402944E-002
z   5 -1.13162342344532249E-001  1.77484991911095930E-001
z   6 -1.45321460888760384E-001  1.83935564915860744E-001
z   7  7.53772402859415602E-002 -7.61461238891497118E-003
z   8 -7.26021147882493639E-002  1.18661805536322343E-002
z   9 -2.63491133991022863E-002 -4.29765474947779638E-003
z  10 -1.81115843732635694E-002  2.12751345659284002E-004
