ndof   10
nconf    2
nbasisfns   10
initial_PES    1
time  1.50000000000000000E+001
 
zinit   1 -7.85248094199968270E-015  2.26017277201944694E-015
zinit   2 -1.00751894189311399E-029 -2.98107492978087976E-030
zinit   3 -6.87744084191810746E-048  4.02685868201961817E-048
zinit   4 -9.83072119783964262E-067  8.09032068196047477E-067
zinit   5  2.70958240365055012E-090 -4.75943285948718880E-090
zinit   6 -8.47175012334149039E-119  2.72720978473387557E-119
zinit   7  0.00000000000000000E+000  0.00000000000000000E+000
zinit   8  0.00000000000000000E+000  0.00000000000000000E+000
zinit   9  0.00000000000000000E+000  0.00000000000000000E+000
zinit  10  0.00000000000000000E+000  0.00000000000000000E+000
 
basis     1
D  1.00000000000000000E+000  0.00000000000000000E+000
a   1  2.52396694109519037E-002 -1.90941947274472390E-001
a   2 -8.95592731010595444E-002  6.22562203778137674E-002
d   1  1.81390759589511591E-001 -6.47553895554767722E-002
d   2  2.84121513040430651E-002  1.05306457695609756E-001
s   1 -5.80047651992160445E+003
s   2 -5.73532131623306304E+003
z   1  2.50085817633809382E-001 -3.43461429774245708E-001
z   2  1.25580627235151766E-002 -2.97887458992503115E-002
z   3 -9.85304380450621520E-001 -4.85318417082722497E-001
z   4 -2.04950874312538091E-003 -2.36070451673686982E-001
z   5 -5.65013006779085392E-001  9.91185332122130475E-002
z   6  2.63190089111757397E-001  3.49644891287648890E-002
z   7 -5.81719777555195130E-003 -7.60066501114922272E-002
z   8 -1.06160041477065537E-001  3.29656817078538139E-002
z   9 -2.35280873325007522E-002  1.46009183482442677E-005
z  10 -1.15278999377538046E-002  5.15471888736770685E-004
 
basis     2
D  1.00000000000000000E+000  0.00000000000000000E+000
a   1  2.49173923817444604E-001 -7.57855694344339748E-001
a   2  3.97930947005891045E-001  5.40500160562440157E-002
d   1  6.53339203694192516E-001  4.57799937392919853E-001
d   2  3.17361695763302587E-001  2.46073153519286686E-001
s   1 -5.78239482556515122E+003
s   2 -5.74963909662194692E+003
z   1  9.79538748071550336E-002  4.38733514361912103E-001
z   2 -2.39948535571613331E-001 -1.40057696205725418E-001
z   3 -2.93150192685378230E-001 -2.14705131378701009E-001
z   4  2.19202708584728505E-003  2.62706344201978914E-001
z   5  1.82601214844685167E-001 -2.10864854475467739E-001
z   6 -2.39236804545559734E-001  1.82146694303523898E-001
z   7 -3.17111959395544665E-002  1.53203190421777713E-001
z   8 -6.49209594227084935E-002  1.66755794284765176E-002
z   9 -1.89705613061736979E-002 -3.13636207820007160E-003
z  10 -1.32832846509003399E-002 -2.57893170940432415E-004
 
basis     3
D  1.00000000000000000E+000  0.00000000000000000E+000
a   1  5.12064899043403354E-001  6.77144363793377613E-001
a   2 -5.58982746764653204E-001  4.03087403681213208E-002
d   1 -7.41568579130166272E-001 -4.13292865527987663E-001
d   2  2.14775392503852802E-001 -5.17646632854341093E-001
s   1 -5.78325719178893814E+003
s   2 -5.75743381510566360E+003
z   1 -7.32745997437219132E-002 -1.27004836428993625E-002
z   2 -4.66897503952784371E-002  3.02199279816098287E-002
z   3  1.06497212172314074E-001 -1.02158973106802956E-001
z   4  9.14622213470113604E-002  5.82454749401188146E-002
z   5 -2.86379770429062042E-001  3.08183963860423696E-002
z   6 -7.74329332643864110E-002  1.62260797828626707E-001
z   7 -1.03394628890704068E-001 -2.58447625815083799E-003
z   8 -1.28846201939147083E-002  2.09374200846131064E-002
z   9 -5.12338251948574793E-003  1.15579285175059707E-002
z  10 -8.76162013665568451E-003  2.38171272334763702E-004
 
basis     4
D  1.00000000000000000E+000  0.00000000000000000E+000
a   1 -8.13871257385878510E-001  8.26486878556887183E-001
a   2 -5.15298594803069651E-002 -4.80574913117375255E-002
d   1 -1.81550651083441268E-002  1.15980057666673431E+000
d   2 -7.02808803742447363E-002 -5.04447649008394044E-003
s   1 -5.78605161270077042E+003
s   2 -5.74843566441346138E+003
z   1  6.94438444937139909E-002  4.42286863782647144E-001
z   2 -7.51329593638244142E-002  1.98992760792546880E-001
z   3 -1.11599970460984244E-001  6.28368850527029482E-002
z   4 -2.64593201044178161E-001  2.22344988839551200E-001
z   5 -6.26761691997720916E-002  1.10410554986267364E-002
z   6 -1.02422016170302541E-001 -9.23964538348150954E-002
z   7 -5.70807901640015963E-002 -1.71259675325286465E-001
z   8 -1.07936073204093444E-001  7.27050582817433816E-003
z   9 -3.12724280715010461E-002  8.30292661311598850E-004
z  10 -2.21293102818016230E-002 -5.51725041247080018E-005
 
basis     5
D  1.00000000000000000E+000  0.00000000000000000E+000
a   1 -7.66471690094335800E-002 -3.06821642403505901E-001
a   2  2.05843089532175977E-001 -9.46288942068684580E-002
d   1  2.18707665657948483E-002 -3.15493230250935897E-001
d   2 -3.69430187943955088E-002  2.23520062834017319E-001
s   1 -5.79341086495126456E+003
s   2 -5.73871368176430042E+003
z   1  3.69579510693435198E-001 -4.78385791777145464E-001
z   2 -8.06737606835900567E-002  2.00065317463228379E-002
z   3  3.06994301515631063E-001  2.19012854686672309E-001
z   4 -3.86871906009627231E-001  5.83124923385633098E-002
z   5 -2.69896410897547734E-001 -6.03037504164590094E-002
z   6 -1.95438180353138896E-001  3.24118945033830486E-001
z   7 -1.00637509633172237E-001 -5.87725378103747698E-001
z   8  3.85460911614785226E-002  5.18097630564522335E-002
z   9 -1.57419213712977381E-002 -1.12169875110077919E-003
z  10 -7.21572835580788254E-003  7.88544692032227981E-005
 
basis     6
D  1.00000000000000000E+000  0.00000000000000000E+000
a   1 -3.02573118442288846E-001 -6.35327785864084893E-001
a   2 -1.60066502662545684E-001 -8.91657827403680159E-002
d   1  5.66679717154084051E-001 -4.17212159052225140E-001
d   2  1.82851757265227427E-001 -1.17071324985926224E-002
s   1 -5.78819429348023095E+003
s   2 -5.74540078214252662E+003
z   1 -4.34639378874859872E-001  1.84409390304519416E-001
z   2 -1.79512811465048966E-001 -3.02667611890303657E-003
z   3 -2.43584633014087254E-001  8.82306032104681615E-002
z   4 -3.09184358719807803E-002 -3.94909308542786275E-001
z   5 -1.60413000631479646E-001 -3.33572347007467407E-001
z   6 -7.42291352325331714E-003  2.77756661342086660E-002
z   7 -6.96317654549790666E-002 -1.31661341450283187E-002
z   8 -1.06607343197318766E-001  6.12459038931261433E-003
z   9 -2.70289327690790941E-002 -2.10052276672990923E-003
z  10 -1.94842919149864104E-002 -1.05114183562336172E-004
 
basis     7
D  1.00000000000000000E+000  0.00000000000000000E+000
a   1  1.64107917399520770E-001  3.79566365965739935E-002
a   2 -2.11384972885665851E-001 -1.17276314026203393E-001
d   1  9.36707259228122535E-002 -1.39992535229653214E-001
d   2 -9.66029733558096057E-003 -2.41545066703575062E-001
s   1 -5.79817164211427280E+003
s   2 -5.73757248860540494E+003
z   1  4.40939175903988373E-002 -5.01763311155513536E-001
z   2  7.66627082901416790E-001  4.14625506580095837E-001
z   3  1.51060194330419978E-001  2.03300255238340499E-001
z   4 -4.26303487481229371E-001  2.30377363037679306E-001
z   5  5.70908604902276129E-001 -4.67484925766281589E-001
z   6 -1.91856727822457343E-002 -3.32610645307751807E-001
z   7  6.80312075703139452E-002  1.13517745049029922E-001
z   8 -8.28360768760002253E-002  6.04379683182090233E-002
z   9  1.46027932031285949E-002  2.88206774515133548E-003
z  10  7.73275986527346450E-003  4.39506077807739191E-004
 
basis     8
D  1.00000000000000000E+000  0.00000000000000000E+000
a   1 -1.02476107007496889E-001 -9.58997794410402782E-002
a   2  7.57101564201710237E-002 -9.07751508397436173E-003
d   1 -7.52502539284307659E-002  1.18471597811284773E-001
d   2 -7.62368219508049311E-002  1.54144221682638483E-003
s   1 -5.79762286581616445E+003
s   2 -5.73978889035001339E+003
z   1 -3.04479170386645868E-002  5.19056808157964886E-002
z   2 -4.75344294775314063E-002 -2.45963527411365401E-001
z   3  1.31588355407033369E-001  5.12692099681964941E-001
z   4  1.64551830598178211E-001  4.18729410939556845E-001
z   5 -5.01263703975605490E-001  1.38943319806933224E-001
z   6 -2.24227146039010894E-001  3.94574583673610202E-001
z   7  1.37139713313116335E-001  1.67822242759626428E-001
z   8 -3.81030055555133876E-002  2.68661745482647422E-002
z   9 -2.06415249346247956E-002 -7.93719952534909304E-003
z  10 -1.23263934545102920E-002 -8.61214062565213764E-004
 
basis     9
D  1.00000000000000000E+000  0.00000000000000000E+000
a   1  8.52585906158506712E-003 -8.89847524031540660E-002
a   2 -6.68642463353038147E-002  6.18538342083215092E-002
d   1 -2.66936253060215019E-002 -8.53136964444184409E-002
d   2 -8.69626843400295585E-002  2.70964163061297135E-002
s   1 -5.79269809397953122E+003
s   2 -5.74327581048333468E+003
z   1  7.72605317573695438E-001  1.87599152803834879E-001
z   2 -1.94200524647763856E-001  2.71853601482373197E-001
z   3  2.66927433605238684E-001  2.61671718576683143E-001
z   4 -2.00528507382763815E-001 -2.89252285917205754E-001
z   5  3.54666861916242249E-001  6.12784572815563075E-002
z   6 -2.35115517826704305E-002 -2.40650648752170071E-001
z   7 -7.27719796003238606E-002  2.24328329955353678E-001
z   8  5.98898374479737289E-002  8.93337846706261929E-002
z   9  1.03930394938958615E-002 -1.66310297940748270E-004
z  10  8.25984646755613026E-004 -1.46214629933121530E-003
 
basis    10
D  1.00000000000000000E+000  0.00000000000000000E+000
a   1  2.70110469753584048E-001  8.29807400378434479E-002
a   2 -7.51085557856811248E-002 -1.26004414557887356E-001
d   1  8.38928630727452107E-003  2.82444842337374935E-001
d   2  1.17999294607759847E-001 -8.71468537146224687E-002
s   1 -5.78177352664969749E+003
s   2 -5.75058675926602609E+003
z   1  7.16474121898909133E-001  1.75489990871843693E-001
z   2  3.60955761632157257E-001 -6.42710573595309947E-002
z   3 -1.31268978948665710E-001  3.27574831944386746E-001
z   4  1.08363634199240867E-002 -2.15894883320188274E-001
z   5  8.08588061691650622E-002  1.06850569941413426E-001
z   6 -1.00584545493039065E-001  2.62309723747930351E-002
z   7 -1.97665623242273519E-001 -2.72160977155716077E-001
z   8  9.11668492832086730E-002 -7.31126969174230729E-002
z   9 -1.39109698548469819E-002 -1.16299223338290898E-003
z  10 -1.27035274423887359E-002 -4.11949790331414892E-004
