ndof   10
nconf    2
nbasisfns   10
initial_PES    1
time  1.50000000000000000E+001
 
zinit   1 -9.14287590613178182E-015 -1.26428788327515037E-014
zinit   2  1.91144693490476266E-029  3.57677676778864190E-030
zinit   3 -1.17177249847595068E-047  5.57022326701091733E-047
zinit   4  6.81381444496313452E-067 -6.49530079514173434E-067
zinit   5  4.70974340313342689E-090 -2.65411664334149455E-090
zinit   6 -1.37174128055481291E-119  1.63088094664628457E-119
zinit   7  0.00000000000000000E+000  0.00000000000000000E+000
zinit   8  0.00000000000000000E+000  0.00000000000000000E+000
zinit   9  0.00000000000000000E+000  0.00000000000000000E+000
zinit  10  0.00000000000000000E+000  0.00000000000000000E+000
 
basis     1
D  1.00000000000000000E+000  0.00000000000000000E+000
a   1 -8.78366582359082076E-002  2.48834288965850345E-002
a   2 -1.66400191670709130E-001  1.47895135055892357E-001
d   1 -9.01451124570160633E-002  1.44333732652859870E-002
d   2 -1.06806648879758576E-001  1.95331345452606081E-001
s   1 -5.79949733224749434E+003
s   2 -5.73620435824699598E+003
z   1  7.20360973981835517E-001 -1.25954134453170941E-001
z   2 -1.08157368306629864E-001  2.03798434079367763E-001
z   3  1.77044667221924690E-001 -5.05248290976456557E-002
z   4  4.33358588839113601E-001 -2.75537039819552187E-001
z   5 -2.84148118122401240E-002 -5.98329385771166275E-002
z   6  6.32328570812856899E-002  1.58723235297948212E-001
z   7 -9.15725375798015079E-002 -8.18478283535998413E-003
z   8  5.51215034536455400E-002  3.11673861649032768E-002
z   9  2.22180347602332871E-002 -1.91203896759652180E-003
z  10  1.58395814685995569E-002 -1.04696448231256895E-004
 
basis     2
D  1.00000000000000000E+000  0.00000000000000000E+000
a   1  2.63585877072543717E-001 -1.72851507721603209E-001
a   2  1.63605208525890944E-001 -5.67292802285921161E-001
d   1  1.35496751109928371E-001  2.84597590911075171E-001
d   2  5.11770952753446418E-001 -2.94411751973394031E-001
s   1 -5.80737009540246163E+003
s   2 -5.73103297396076141E+003
z   1  3.64570487270062749E-001 -1.32856308891904029E-001
z   2  2.42132366772089130E-002 -3.47151907760723744E-001
z   3 -1.43641802954898506E-001 -1.55329562211173278E-001
z   4  1.35526016835112589E-001  6.13545650719425698E-002
z   5  4.21605264732502899E-002 -2.38806047311884484E-001
z   6 -1.53729580364906165E-001  5.01167971701787923E-002
z   7  2.74148369836699768E-002 -9.26238567045899186E-002
z   8  4.44630638179324203E-002 -9.60864010749123629E-003
z   9  1.68318488941049497E-002 -5.35737153656625723E-004
z  10  1.23332163290645128E-002 -2.48208729641055941E-007
 
basis     3
D  1.00000000000000000E+000  0.00000000000000000E+000
a   1 -2.86348153730428878E-001  6.54233032438120421E-002
a   2  1.73835524247838213E-001  2.43602309071328682E-001
d   1 -2.53002006866037132E-001 -1.49216146156891466E-001
d   2  6.00923715050234938E-002 -2.93171931402557928E-001
s   1 -5.80013753047726095E+003
s   2 -5.73422856339941609E+003
z   1 -9.70217358325985296E-002  6.78610720795575894E-003
z   2  1.99912538449578653E-001 -3.98065960927517171E-001
z   3 -3.85321268572616948E-001  1.56146368821488579E-001
z   4 -4.37108709404379278E-003  4.33418443460613700E-001
z   5  3.51247340299552568E-001 -2.20973324719165448E-001
z   6 -1.82801336396427178E-003  2.95135634239864886E-001
z   7  1.49665858453908202E-001  9.20982947425861426E-002
z   8  1.05264634083313227E-001 -2.48330952040459775E-002
z   9 -2.80435323985914935E-003 -7.21904057573785575E-004
z  10  2.88497120817743477E-004  3.13408363408702577E-005
 
basis     4
D  1.00000000000000000E+000  0.00000000000000000E+000
a   1  1.93706775518104307E-001  2.46736465878522798E-001
a   2 -6.72369640801671054E-002 -1.13622284499027920E-001
d   1 -1.54746737224702017E-003  3.13685836181005373E-001
d   2  1.04125247931522252E-001  8.11712117483455176E-002
s   1 -5.80005054587149334E+003
s   2 -5.74559865338834152E+003
z   1 -2.31054575419513047E-001  3.28449506131662960E-001
z   2  3.34166987468403787E-001 -3.82811847551948026E-001
z   3 -1.50182278380092210E-001  3.24491885951112835E-002
z   4  3.22217527633684164E-001 -1.45225063314704833E-001
z   5  3.17071308997458390E-001  1.85188836297407622E-001
z   6  6.25062287748809065E-002  1.85501102964257841E-001
z   7  5.49019598916505938E-002 -4.57964742772603850E-002
z   8 -1.25375320160181880E-001 -4.82144692190851279E-002
z   9 -2.41941794593882459E-002 -1.11422996755730619E-003
z  10 -1.55875898006893436E-002  2.48206036403973072E-005
 
basis     5
D  1.00000000000000000E+000  0.00000000000000000E+000
a   1 -2.45562251661274655E-001 -1.65826865324340322E-001
a   2  3.94347131807995355E-001  5.76999889586336800E-002
d   1  2.01950642661712976E-001 -2.16830133129076869E-001
d   2  3.77727551143256679E-001  1.27125316905552982E-001
s   1 -5.80110676542257170E+003
s   2 -5.73672754404487569E+003
z   1 -1.79685416615421936E-002 -7.64148205086083998E-002
z   2  3.62068584036636526E-002  1.85508813772638143E-001
z   3  1.22378460085938001E-001  2.16511543403082596E-001
z   4  2.38772184539105370E-001  2.59917343957105862E-001
z   5 -1.94518851779353297E-001  3.58310850664752545E-001
z   6  4.14202817728681727E-001 -5.55962269454615549E-002
z   7 -2.75176951431457782E-002 -2.37941793803060110E-002
z   8  1.07299656055790740E-001 -2.04911828782455702E-002
z   9  9.25464374478403295E-003 -8.29135588715814863E-004
z  10  6.39425745207996849E-003 -1.66337769636258685E-004
 
basis     6
D  1.00000000000000000E+000  0.00000000000000000E+000
a   1 -7.73480759340637158E-003 -2.13230420337078182E-002
a   2  2.60384290379675254E-001  2.56174912074109473E-001
d   1  1.02462444515130334E-002  2.02364484215517837E-002
d   2 -4.16132926031754277E-003 -3.65250937837936274E-001
s   1 -5.80240091812812443E+003
s   2 -5.73418874708672138E+003
z   1  3.23787480620940260E-001 -2.43923041831118903E-001
z   2 -1.30446669667371506E-001  1.31482912870333646E-001
z   3  3.12569478722871719E-001  7.26640614534843299E-001
z   4  8.09626795727449583E-002  1.42719582444791576E-001
z   5 -6.16139391855285087E-002  4.40279991419079975E-002
z   6 -1.67783295400360577E-001  2.40560898453437505E-001
z   7  4.73880904660830882E-001 -1.68199703280271812E-001
z   8 -1.08109626851996057E-002 -1.53777037771978854E-002
z   9  3.30874748751895167E-002 -5.96619051237354150E-004
z  10  2.21202254360308680E-002 -3.68735047489517052E-005
 
basis     7
D  1.00000000000000000E+000  0.00000000000000000E+000
a   1  2.86894921698483719E-002 -3.99621951866437550E-002
a   2  9.54263311965906497E-002  5.61360522508031895E-002
d   1  5.04657753261788383E-003  4.89346100455136032E-002
d   2  2.46054790666399639E-002 -1.07944483174673908E-001
s   1 -5.78922984577960779E+003
s   2 -5.74723612938340648E+003
z   1  5.25428320436685636E-001  3.89408624209075571E-001
z   2  3.70330311346340646E-001 -1.79058256793441783E-002
z   3 -9.42298544877426952E-002 -5.01794324453502028E-001
z   4  2.43703837455033268E-001  2.87147933469441174E-001
z   5  2.66296225696353805E-001 -2.70162689461000693E-001
z   6 -7.98259671741348570E-002  2.03532855412206670E-001
z   7  2.92172027205458207E-001  2.30334412547484962E-001
z   8  1.56029476593355955E-002 -5.80472856673402288E-002
z   9  1.81045246631489597E-002 -4.72238173789643308E-004
z  10  1.50059486673070099E-002  1.08103121811775624E-004
 
basis     8
D  1.00000000000000000E+000  0.00000000000000000E+000
a   1 -8.74570775457377547E-002  6.64653149931083848E-002
a   2  2.64601089763238817E-001  2.28272169820592064E-001
d   1 -3.28892454338588422E-002 -1.04807805266428994E-001
d   2  5.48996892190173752E-002 -3.45120188256424765E-001
s   1 -5.81386298735614764E+003
s   2 -5.72814013340842212E+003
z   1 -1.77158318489020611E-001  5.07243476878899285E-002
z   2  8.77980266528963493E-002  1.33688178050764343E-004
z   3  6.62555266111080898E-002 -6.25371697172262542E-002
z   4  5.86163275680589776E-002  2.94762142952338047E-001
z   5 -1.32371019473659118E-001 -4.75852692957508192E-002
z   6 -1.40128711258014932E-001 -4.00758558456687897E-001
z   7  3.40284447685523295E-001 -2.23988964708817323E-001
z   8  9.84271374441817587E-002  4.90575545600899776E-002
z   9  2.63047379132001977E-002  1.37575539273637000E-004
z  10  1.82698461489083155E-002  2.47946259070504823E-004
 
basis     9
D  1.00000000000000000E+000  0.00000000000000000E+000
a   1  2.80208142942872163E-001  2.41621662163133383E-001
a   2 -8.08379470097494557E-001 -7.17644244231905093E-001
d   1 -3.65820174515036012E-001 -5.54367289417137740E-002
d   2 -1.72687020795172452E-001 -1.06708473037672880E+000
s   1 -5.80824362519012993E+003
s   2 -5.73094934727524560E+003
z   1  8.67672519327832847E-002 -1.43843448441094268E-002
z   2  2.58053888675293386E-001  1.27235717623648187E-001
z   3  1.33221986878970827E-001  1.43153643268738084E-001
z   4  4.16476255461782283E-002  2.11051019164275988E-001
z   5  5.98938089889896885E-002 -1.70274019995290023E-002
z   6 -4.22857523658702172E-003  7.02027012142695112E-002
z   7  1.19345572890711946E-001 -1.34619899701863277E-001
z   8  5.66236786655995653E-002 -2.36800819479826841E-002
z   9  2.52041565046664355E-002 -7.48491841443636990E-004
z  10  1.75941961018695227E-002  2.23290046581338428E-005
 
basis    10
D  1.00000000000000000E+000  0.00000000000000000E+000
a   1  9.23165542011288864E-002 -6.62173921719481917E-002
a   2 -4.92355658711792876E-001  2.74259113844962932E-002
d   1 -6.56371136329460675E-002  9.27300303006489829E-002
d   2  4.45958998272528939E-001  2.10444403918365747E-001
s   1 -5.80218903014960779E+003
s   2 -5.74018633334564765E+003
z   1  3.59111046316027360E-001  3.58545737740785742E-001
z   2 -5.62347224385836147E-002 -1.33704457042390756E-001
z   3 -1.21650147800072689E-001  2.20349816384479535E-001
z   4  4.47370722052188446E-002  1.66413834084052775E-001
z   5  1.78212335615618028E-001  2.95578048241941060E-001
z   6  2.05472810156156011E-001  2.11367833622375101E-001
z   7  2.51074057995355149E-001 -1.33381375272450170E-001
z   8  2.96091885936989666E-002  7.28014328536537650E-003
z   9  3.00749361706679451E-002 -2.13520921062440702E-004
z  10  2.00681367916153222E-002  7.81049878169375274E-006
