ndof   10
nconf    2
nbasisfns   10
initial_PES    1
time  1.50000000000000000E+001
 
zinit   1 -7.85248094199968270E-015  2.26017277201944694E-015
zinit   2 -1.00751894189311399E-029 -2.98107492978087976E-030
zinit   3 -6.87744084191810746E-048  4.02685868201961817E-048
zinit   4 -9.83072119783964262E-067  8.09032068196047477E-067
zinit   5  2.70958240365055012E-090 -4.75943285948718880E-090
zinit   6 -8.47175012334149039E-119  2.72720978473387557E-119
zinit   7  0.00000000000000000E+000  0.00000000000000000E+000
zinit   8  0.00000000000000000E+000  0.00000000000000000E+000
zinit   9  0.00000000000000000E+000  0.00000000000000000E+000
zinit  10  0.00000000000000000E+000  0.00000000000000000E+000
 
basis     1
D  1.00000000000000000E+000  0.00000000000000000E+000
a   1 -9.10375417812148147E-002 -1.21023318265735091E-001
a   2  5.30775808961535867E-001  3.85372968092812518E-001
d   1  1.43347632455380403E-001  4.88460218139923283E-002
d   2  6.42452918333769163E-001 -1.32247992952105209E-001
s   1 -5.78935780453622829E+003
s   2 -5.74828354326432054E+003
z   1 -2.47316418451655307E-001  7.56650837905350065E-002
z   2  2.12021026313544830E-001  3.04189915176066361E-001
z   3 -3.69625945207330109E-001 -2.66475896884836028E-001
z   4 -4.59282124744487263E-002 -3.25214819347361406E-001
z   5 -3.76603805707953598E-001 -8.88584173988203746E-002
z   6  3.47988580413230275E-001  8.82552159947016801E-002
z   7  1.53162295830033157E-001 -1.29630100861295783E-001
z   8  1.01833391262554883E-002 -3.76749423497509117E-002
z   9  2.93542253445671746E-002 -5.18475989228181153E-004
z  10  2.00297811526824986E-002 -3.67023845081345830E-005
 
basis     2
D  1.00000000000000000E+000  0.00000000000000000E+000
a   1  1.21498170107236472E-001  3.10603199034900010E-002
a   2 -2.13777629941051706E-001 -2.01381343648365629E-001
d   1  1.24202019118118713E-002  1.24788971453345707E-001
d   2 -2.24298484910687296E-002  2.92834804163545570E-001
s   1 -5.78803497741672618E+003
s   2 -5.74686465814320400E+003
z   1  3.68196125836275645E-001 -1.46982602426574849E-001
z   2 -4.40194188774272632E-001 -2.58384990702775486E-001
z   3 -2.20028559591853329E-001 -5.18306563747394783E-002
z   4  9.48533898986504281E-002  3.09231510066788118E-001
z   5  2.59355700616151319E-001 -4.17183107126674391E-001
z   6  1.72038239105870641E-002  2.74605606489969178E-001
z   7  4.63882631428951808E-002  1.04163287657783668E-001
z   8  3.78353685683634026E-003  3.80589593151339344E-003
z   9  2.27561117572224747E-002 -6.66654874988684078E-004
z  10  1.54212847508646504E-002 -9.94495678846234838E-005
 
basis     3
D  1.00000000000000000E+000  0.00000000000000000E+000
a   1  9.20123138926123296E-002 -1.66775807912406981E-001
a   2 -2.44378644910153570E-001 -1.61218071363994631E-001
d   1 -9.52806781351498433E-002 -1.64930374360863774E-001
d   2  1.78347172867231035E-002 -2.92222708703056888E-001
s   1 -5.76693609202175321E+003
s   2 -5.77529588104330742E+003
z   1  2.90258191993360837E-001  2.11500982769755930E-001
z   2  9.81625150747893194E-002 -1.04554430912331660E-003
z   3  2.71455612755364672E-001 -1.42439195257041767E-001
z   4  7.14817006416704342E-002  1.69601493376924456E-001
z   5 -1.84247428365452104E-001 -3.44679341717899823E-001
z   6  1.24027555343284787E-001  1.80676741428684701E-001
z   7  5.95064488397605007E-002 -4.64422094936263810E-002
z   8  2.74416547621080392E-002 -3.46554992062075434E-002
z   9  1.27145178132039970E-002 -4.91722523990116155E-004
z  10  8.99492511038420088E-003 -1.01095111751142567E-004
 
basis     4
D  1.00000000000000000E+000  0.00000000000000000E+000
a   1  5.80297787341354371E-002  1.41785725843705773E-001
a   2 -1.23026233110819699E-001 -6.52066929202245404E-001
d   1  1.50626461679417178E-001  2.79699180352442241E-002
d   2  5.95766630051604434E-002  6.60891334046568857E-001
s   1 -5.77953176468770016E+003
s   2 -5.75235272490245006E+003
z   1 -9.20835394582378702E-002 -1.14367054225874912E-001
z   2  4.57698059764831133E-001  3.51580665709231077E-001
z   3  6.51969496869442000E-002 -5.03386468610077676E-003
z   4 -2.34781597235910161E-001  3.78622790585931179E-001
z   5  6.09069951175721797E-002 -8.15541880809794451E-002
z   6  1.69023932769568147E-001 -7.42960059233434278E-002
z   7  1.05994879577807788E-001 -2.61867152889305344E-001
z   8 -4.01169874499910095E-002 -3.55856942696147344E-002
z   9  2.90510056939504088E-002 -3.43180845872036481E-004
z  10  2.00259729450735641E-002  1.20576430854111454E-005
 
basis     5
D  1.00000000000000000E+000  0.00000000000000000E+000
a   1 -4.93800257544532509E-002 -1.36262730037297469E-001
a   2  2.40391555935275031E-001  2.26449707599448435E-001
d   1  4.18720267626868578E-002  1.38753925766129993E-001
d   2 -3.21689817190295158E-001 -7.47210261769246237E-002
s   1 -5.79629303263679049E+003
s   2 -5.73916246484316071E+003
z   1  2.95370286729650544E-001 -8.35980586027187611E-001
z   2  2.64883774587777676E-001 -2.53121128854147323E-002
z   3  3.65513528961399325E-001  4.51097855881696430E-001
z   4 -3.69785078950736201E-001  6.09526938492877118E-002
z   5 -3.37783580293757379E-001 -1.61460310086857267E-001
z   6  1.80462366377281413E-002  8.60853347966942933E-002
z   7 -1.47851208815561658E-001 -5.62246200774398575E-001
z   8  2.89796098735671005E-002 -2.67840497109387357E-002
z   9  2.16426309279918530E-002 -9.71728985388154148E-004
z  10  1.50921612592085624E-002  9.89353172908803106E-005
 
basis     6
D  1.00000000000000000E+000  0.00000000000000000E+000
a   1  7.28817977273608832E-003 -2.02292984445658665E-002
a   2  5.23403497973689846E-002  8.07412621664174990E-002
d   1  1.39854858086160185E-002 -1.63324299066622165E-002
d   2 -9.44340098730733907E-002  1.84629740949117209E-002
s   1 -5.78717600698170645E+003
s   2 -5.74478423319264402E+003
z   1 -5.79934122900547466E-001  1.44315188219456020E-001
z   2  3.08224066794249130E-001 -1.37641300051662002E-001
z   3  9.88510686665813321E-002  3.71875145676561769E-001
z   4 -9.28566810005375387E-002 -4.24748380895679178E-001
z   5 -1.90372501784171783E-001 -5.01500392062519174E-001
z   6  9.13916113800201518E-002  5.57397310366462909E-002
z   7  3.72774497569762237E-003 -7.36949136066951671E-002
z   8 -1.70997363193619509E-002 -1.37327976291186649E-002
z   9  2.80304552503438109E-002 -4.54077182533680712E-004
z  10  2.01671300938175875E-002  4.93957335933226346E-005
 
basis     7
D  1.00000000000000000E+000  0.00000000000000000E+000
a   1  2.24273141634197086E-002 -2.83503456660662463E-002
a   2 -3.15109774985163460E-001  1.78745324909427183E-001
d   1 -3.48296562755031139E-002  9.67582367038970735E-003
d   2  1.35925333564442224E-001  3.35810013495089432E-001
s   1 -5.79058580901756977E+003
s   2 -5.74139195278331317E+003
z   1  4.07875731283287649E-002 -6.64735713239246628E-001
z   2  5.66931453362292892E-001  6.10601536152225455E-001
z   3  2.24984056305591845E-001  3.79661045982958967E-001
z   4 -3.43105131470574753E-001  1.51293057859869434E-001
z   5  6.51769470671819340E-001 -2.98980442659478041E-001
z   6  2.40164635860027620E-001 -1.76924307468882380E-001
z   7  6.38887762636072554E-002  1.10349022924207590E-001
z   8  1.05342947486458129E-004  8.84053812440826342E-003
z   9  3.27993902533327900E-002 -1.55578371253634637E-003
z  10  2.18442200441465867E-002  1.12688968732217886E-006
 
basis     8
D  1.00000000000000000E+000  0.00000000000000000E+000
a   1 -2.42927492768092890E-001  2.24542519653692318E-001
a   2  1.79304623466379570E-001 -2.46302508630639294E-001
d   1 -7.80092900508024961E-002 -3.21477309527111677E-001
d   2  1.11354685891767585E-001  2.83575752990470054E-001
s   1 -5.78889249656286029E+003
s   2 -5.74496952054425674E+003
z   1 -6.14207491214334086E-002 -2.32398848348509962E-001
z   2 -1.57101064408816000E-002 -2.60026314610193376E-001
z   3 -4.22638665856055404E-002  1.01905908447835661E-001
z   4 -3.48767581173409336E-001  4.23241231043689548E-001
z   5 -4.02955724281656991E-001 -4.67157870523364216E-001
z   6 -1.10348019494104124E-001  8.64904189856741112E-002
z   7 -1.45201084001400749E-001  1.33561272623705263E-001
z   8 -6.18660542859622966E-004 -3.39343474911450727E-003
z   9 -4.30282807788234366E-003 -6.46563942653977835E-004
z  10 -1.85654580476358891E-003 -1.47705449757029508E-004
 
basis     9
D  1.00000000000000000E+000  0.00000000000000000E+000
a   1  1.01789752569677566E-001  2.58921592156076852E-001
a   2  4.11179385549795662E-001 -2.19866345930601004E-001
d   1 -1.56437538707279583E-001 -2.30062689491456585E-001
d   2  2.50732648466738983E-001 -3.93119366308551266E-001
s   1 -5.78344948338893755E+003
s   2 -5.75488573521846138E+003
z   1  2.46214586215178971E-001 -2.40454707164585835E-001
z   2 -1.91528048808976226E-001  4.47292932593606085E-001
z   3  5.06998409917648107E-001  2.23669977785083629E-001
z   4 -1.22304611756767753E-001 -8.47086425485021367E-003
z   5  1.77161976171988395E-001 -3.05617836519957338E-002
z   6  1.51735749863126435E-001 -3.91289610174711949E-002
z   7 -1.42115600254045585E-002 -6.73202203606014793E-002
z   8 -3.79097498512657614E-003 -1.04322751896404400E-002
z   9  1.42851917204620781E-002 -1.12329843336921920E-003
z  10  1.05713531131428583E-002  1.21495773806367820E-004
 
basis    10
D  1.00000000000000000E+000  0.00000000000000000E+000
a   1 -1.02909035687515027E-001 -1.72381109966630697E-001
a   2 -2.65524250835121212E-001  6.40330407086537878E-001
d   1 -1.50281539489601518E-001  1.33120154702799226E-001
d   2 -6.91580051497306836E-001 -4.73623309408021387E-002
s   1 -5.79133933992014045E+003
s   2 -5.74407745802357022E+003
z   1  4.01983690688067108E-001 -1.51251534372256774E-001
z   2  5.16976534750288375E-001  2.64041385261403139E-001
z   3 -4.48725498640668505E-003  2.09841404075666621E-001
z   4  8.14111232002151797E-002  1.49101106457103727E-001
z   5  1.50411335624326986E-001  1.08646879959792067E-002
z   6  4.38811085774450799E-002 -8.23048384930395310E-002
z   7 -3.63146290979150937E-002 -2.94963447395718781E-001
z   8  1.05791911855895190E-001 -5.41164703907549352E-002
z   9  2.68729965194347692E-002 -6.24139554662685365E-004
z  10  1.88342523335320068E-002  8.40768971246702324E-005
