ndof   10
nconf    2
nbasisfns   10
initial_PES    1
time  1.50000000000000000E+001
 
zinit   1 -9.14287590613178182E-015 -1.26428788327515037E-014
zinit   2  1.91144693490476266E-029  3.57677676778864190E-030
zinit   3 -1.17177249847595068E-047  5.57022326701091733E-047
zinit   4  6.81381444496313452E-067 -6.49530079514173434E-067
zinit   5  4.70974340313342689E-090 -2.65411664334149455E-090
zinit   6 -1.37174128055481291E-119  1.63088094664628457E-119
zinit   7  0.00000000000000000E+000  0.00000000000000000E+000
zinit   8  0.00000000000000000E+000  0.00000000000000000E+000
zinit   9  0.00000000000000000E+000  0.00000000000000000E+000
zinit  10  0.00000000000000000E+000  0.00000000000000000E+000
 
basis     1
D  1.00000000000000000E+000  0.00000000000000000E+000
a   1  1.96626441044112421E-001  1.10750357686209749E-001
a   2 -1.86481419724156716E-001 -1.93585553993018827E-002
d   1  1.22483673482060615E-001  1.89539834271419516E-001
d   2  1.27811791355226051E-001 -1.37164935606929467E-001
s   1 -5.78101460742013296E+003
s   2 -5.75133202816364064E+003
z   1  3.69035035840550474E-001 -1.51467211181102290E-001
z   2 -1.92046340207592620E-001  3.77777488987596000E-001
z   3  1.35361867380337536E-001 -5.35609544631104259E-002
z   4  1.72963607563619864E-001 -7.49701283563664722E-001
z   5 -5.74386868472513412E-001  1.46113153466919166E-001
z   6 -7.22030355241150279E-002  3.11098983457514022E-001
z   7 -1.59159888740725175E-001 -2.28978333577239471E-002
z   8  4.79524315632614204E-002  7.38985007792521131E-002
z   9 -7.22777581482668408E-003 -1.26696228118353647E-003
z  10 -4.07674290905459674E-003  3.84197956239643208E-005
 
basis     2
D  1.00000000000000000E+000  0.00000000000000000E+000
a   1 -3.60639054171130180E-002 -1.85049627514287052E-001
a   2 -1.58807849373351684E-001 -1.71108618426992071E-002
d   1  1.43251537941792711E-001  1.22568212822174963E-001
d   2  1.54782737268126136E-001 -3.94337274344607122E-002
s   1 -5.77671831379772539E+003
s   2 -5.75189935572349259E+003
z   1  2.73496441926572020E-001 -8.24357615696583501E-001
z   2 -1.13007583391441568E-001  5.58757093461899473E-002
z   3 -8.65817685844511575E-001  3.44962629393860909E-001
z   4  8.70173905474258824E-002 -4.99740943941120452E-001
z   5 -1.33507075239071599E-001 -1.99425896997971003E-001
z   6 -4.52451905643856733E-001  7.52005110584344633E-002
z   7 -2.10002063883577339E-001 -4.39598244964020890E-001
z   8  1.03055974164254646E-001 -9.75622720988921083E-002
z   9 -3.93558271011345759E-003  2.96219629500143068E-003
z  10 -3.63488646167804946E-003  4.37756492285928901E-004
 
basis     3
D  1.00000000000000000E+000  0.00000000000000000E+000
a   1  1.35895184500704314E-001  6.10004024941860068E-002
a   2 -2.58271206858295688E-001 -4.09401137982759941E-002
d   1 -8.05203976160439629E-003  1.48740428030212091E-001
d   2 -2.52903176290971865E-001 -6.64837772076312394E-002
s   1 -5.76916706962454737E+003
s   2 -5.76178078471543267E+003
z   1 -1.69820164145364716E-001  4.34138984584913179E-001
z   2  5.44655768931739281E-001  6.50464215821481007E-002
z   3 -7.57543963595986303E-001  4.19861313839883010E-001
z   4 -2.26897574271153951E-001  1.31320333742019790E-001
z   5  1.53597531224251960E-001 -2.45603924674795165E-001
z   6  4.65788004278499118E-002  2.70044231618984831E-001
z   7  8.73318407938659946E-003  1.10915639418706788E-001
z   8  1.27215797151744199E-002  2.21910566136546555E-002
z   9  1.85110687501984679E-002 -1.06277260470035676E-004
z  10  1.14198166451168447E-002 -2.06116925728502538E-004
 
basis     4
D  1.00000000000000000E+000  0.00000000000000000E+000
a   1 -1.29997028403885412E-001  1.60333021104641510E-001
a   2  7.52527306176780930E-002  1.04562127692775397E-001
d   1 -2.04018866622153516E-001  3.13401836719879659E-002
d   2  3.13478646583264936E-002  1.24954085144985724E-001
s   1 -5.76870119764661558E+003
s   2 -5.76834213136602193E+003
z   1 -4.06716026828254640E-001  2.14581212760177137E-001
z   2  3.93881440398669014E-001  1.09728683831846252E-001
z   3 -2.92339460513423854E-001  6.41592947522124646E-002
z   4  5.08484903884919404E-001 -2.91857195856265295E-001
z   5  2.25982621355688945E-001  3.49494780601456001E-001
z   6  7.59548812708528073E-003  1.42117053037315838E-001
z   7 -4.19927189974552695E-002 -1.25550311333603781E-001
z   8 -1.48372053928944592E-001 -1.19347621860948161E-001
z   9 -1.30459097882199421E-002  8.77988964935184218E-003
z  10 -9.75723465454289215E-003  1.70487451379570151E-004
 
basis     5
D  1.00000000000000000E+000  0.00000000000000000E+000
a   1  3.41672354149481383E-001 -1.77386718611035610E-001
a   2 -4.86070578670746711E-001  2.80518046202922255E-001
d   1 -2.71350086775277166E-001 -2.73084558217210227E-001
d   2  2.54076451576452200E-001 -5.00399978466364637E-001
s   1 -5.77865634123142536E+003
s   2 -5.75167859958125791E+003
z   1 -1.93720690551668184E-001 -9.80431973469022243E-003
z   2  3.41464603930996646E-001  2.72857281013602182E-001
z   3  4.49526992715853883E-003  4.79307555808538621E-001
z   4  2.69718121458261351E-001  5.45243244158072349E-002
z   5 -3.58628607404675170E-001  1.81288036010080256E-001
z   6  5.15011030304507123E-001 -1.30735721859307041E-001
z   7 -1.54667492813184093E-001 -1.35366359301394484E-001
z   8 -1.58092957674742240E-003  5.68358319198277798E-002
z   9  1.28871409781393560E-002  5.29509082531967644E-004
z  10  8.04737425128686928E-003 -2.84334103079796074E-004
 
basis     6
D  1.00000000000000000E+000  0.00000000000000000E+000
a   1 -1.18957026334519975E-001 -3.31488996788912305E-001
a   2 -1.10855637522707523E-003  1.78709980791848771E-001
d   1 -3.18068087670509037E-001  1.51223082603472087E-001
d   2  1.68024366245749401E-001  6.08793764716285338E-002
s   1 -5.77886042000165617E+003
s   2 -5.75416835405720758E+003
z   1  1.62686220780032725E-001 -2.31678926157028071E-002
z   2 -2.03245797952928214E-001  4.70023253819778664E-001
z   3 -2.38845951666484785E-001  1.17875962816394964E+000
z   4 -2.48688062796322662E-001  4.24574449806427862E-002
z   5 -1.54231522543665067E-001 -8.56052486614627683E-002
z   6 -8.74280547421489064E-003  3.35891436671557214E-002
z   7  2.03336080670391911E-001  1.54056549157385425E-001
z   8 -5.98520480894970813E-002 -9.17284142389809265E-002
z   9 -1.88225385962663798E-002 -1.60980354923675621E-004
z  10 -1.31650930393016636E-002 -1.37944756404000232E-004
 
basis     7
D  1.00000000000000000E+000  0.00000000000000000E+000
a   1  2.19375659119785210E-001  2.48712656490698486E-001
a   2 -2.69640570087260834E-001 -1.24195935754757125E-001
d   1  3.26407135848661045E-001  5.86689609587054614E-002
d   2  2.83155864296692095E-001 -8.91819713247923446E-002
s   1 -5.76729396432801332E+003
s   2 -5.76408576519375492E+003
z   1  2.99208135828001487E-001  3.48409349944999377E-002
z   2 -3.12720674503704055E-001  1.50075812070081666E-002
z   3  5.49839828155658308E-002 -2.24656838659259894E-001
z   4 -2.73402978599589092E-002  8.37489688499354068E-002
z   5  4.52096460123926791E-001 -1.98052862220240183E-001
z   6 -6.50210541753125926E-002  1.63120527740683974E-001
z   7 -2.76626437277788684E-001  1.94295574228079276E-001
z   8  4.13972337963239220E-002 -5.45581164158549306E-002
z   9 -3.03923126669034070E-003  8.81080478157287759E-004
z  10 -2.43807563411838589E-003  2.03795547343939449E-005
 
basis     8
D  1.00000000000000000E+000  0.00000000000000000E+000
a   1 -5.81894148865927940E-001  3.70955926954953608E-001
a   2  1.08519637954351222E+000  1.38776269714653289E-002
d   1  2.79756300155383275E-001  6.30829226297246581E-001
d   2  1.78751490067015212E-001  1.07046329946594976E+000
s   1 -5.78539299367694821E+003
s   2 -5.74422392110985038E+003
z   1 -1.98119404592034448E-001 -2.37005918855311942E-001
z   2  4.35521805209968971E-001  1.47976202795922246E-001
z   3  1.10389744456458355E-001  2.10074172933722575E-001
z   4 -1.30416577150718221E-001  3.90734487487658967E-004
z   5 -8.05858607622402801E-002 -1.16011710234923418E-001
z   6  1.76822051609911407E-001 -2.34286872235096172E-001
z   7  1.31183223051515550E-002 -6.54763637618244049E-002
z   8 -3.44283727133899223E-002 -1.02733810964955319E-002
z   9  1.47014752011067427E-002  6.80241776153691822E-004
z  10  9.46861089090571262E-003  3.87357927584383162E-005
 
basis     9
D  1.00000000000000000E+000  0.00000000000000000E+000
a   1  6.70575094286385565E-002  6.30059892541631472E-002
a   2 -1.08265533393825927E-001 -1.06341333052015471E-001
d   1 -9.19213314847684981E-002 -4.11498125572630838E-003
d   2 -1.21808990644428683E-001 -9.05122899639314166E-002
s   1 -5.78924573912545111E+003
s   2 -5.74269398798292787E+003
z   1 -2.11234558041551668E-001  6.24037347368144757E-001
z   2  2.33151741161158915E-001  4.62859736789782261E-001
z   3  1.33951562702167737E-001  5.16562873686132074E-001
z   4 -4.52669362172422041E-002  3.33296266430038804E-002
z   5 -2.28075806175663087E-001 -1.49644962417795402E-001
z   6 -1.70435662845895647E-001  2.05186431857884918E-002
z   7 -1.01507923933197353E-001 -5.23364482288309008E-001
z   8 -6.29650679742688596E-002 -4.95315843813636594E-002
z   9  1.64424086285241446E-002  5.08052587118990213E-003
z  10  1.03194178212865605E-002 -1.52130261684972867E-004
 
basis    10
D  1.00000000000000000E+000  0.00000000000000000E+000
a   1  7.30724157331665292E-002 -1.92430410280675063E-001
a   2  1.03523197663683245E-001 -9.94679757194305569E-004
d   1  7.13221577951926450E-002  1.93085966733233361E-001
d   2 -7.74608938464791275E-003  1.03237783497992869E-001
s   1 -5.77038895512542422E+003
s   2 -5.76333622220015604E+003
z   1  2.82687721650423940E-001  2.88409397398359912E-001
z   2  2.08829501848227128E-001 -1.75832767446883476E-001
z   3 -3.92211680863013779E-001  2.99786618790043091E-001
z   4  7.12242891804061931E-003 -2.29462346322620268E-002
z   5 -2.30618284062281798E-001  9.01532898829821988E-002
z   6  9.80327351051218793E-002  6.30126291379544262E-002
z   7  4.11364004257725666E-002  7.64689783008245996E-003
z   8 -7.22913072182334165E-002 -2.41332938821746147E-002
z   9 -2.13032423404315163E-002  1.63819411444172404E-004
z  10 -1.33212139851820906E-002 -2.24137404519045497E-004
