ndof    3
nconf    2
nbasisfns    3
initial_PES    1
time  5.00000000000000000E+000
 
zinit   1 -7.17124278101303423E-054  3.62668052115274990E-053
zinit   2  3.68349940391228140E-142 -2.19633400156379117E-142
zinit   3  0.00000000000000000E+000  0.00000000000000000E+000
 
basis     1
D  1.00000000000000000E+000  0.00000000000000000E+000
a   1 -6.31636121027192132E-001  8.47352065071966143E-001
a   2  1.61473471416323650E-001  3.82069049733425592E-001
d   1  1.05684266030842156E+000 -7.30088489305010229E-003
d   2 -3.51727432869174406E-001 -2.19859622720274761E-001
s   1 -9.84241823113117448E+002
s   2 -9.70139854934004120E+002
z   1  3.73023902266911178E-001 -5.29728665227815809E-001
z   2  4.62789977934433161E-001  1.98987213981362765E-001
z   3 -4.95093525562465900E-002 -7.40673656021054172E-002
 
basis     2
D  1.00000000000000000E+000  0.00000000000000000E+000
a   1  9.17475091947407728E-001 -1.66638361807687096E-001
a   2 -7.55460504484602779E-001 -2.48146444132246069E-001
d   1 -9.26471198366438986E-001 -1.05735550158442548E-001
d   2  6.94382159449889236E-001  3.87466964023150007E-001
s   1 -9.83611804641978438E+002
s   2 -9.70943728753408891E+002
z   1  2.98207436385956592E-001 -4.04033338614635640E-001
z   2  4.79813813546128232E-001 -6.88684512168745711E-002
z   3 -2.90375742404028678E-002 -4.02816008533274927E-002
 
basis     3
D  1.00000000000000000E+000  0.00000000000000000E+000
a   1  2.97362114641437358E-001 -6.24475586298116170E-001
a   2  1.29360899858206158E+000 -1.12625493559331491E-001
d   1  5.61140164488812543E-001 -4.04370746844862405E-001
d   2  1.20485136367579981E+000  4.84192042954582735E-001
s   1 -9.74395675632781717E+002
s   2 -9.80645868227812912E+002
z   1  8.74201515002517304E-002 -2.20451841810775984E-001
z   2  5.90452131620902043E-001  1.60823290209595793E-001
z   3 -4.02765510904459639E-002 -6.65255480361090362E-002
