ndof    3
nconf    2
nbasisfns    3
initial_PES    1
time  5.00000000000000000E+000
 
zinit   1  5.58624325797615698E-053 -3.36409502036916375E-053
zinit   2  1.00287987785925804E-142  1.47468994611182501E-142
zinit   3  0.00000000000000000E+000  0.00000000000000000E+000
 
basis     1
D  1.00000000000000000E+000  0.00000000000000000E+000
a   1  1.08009018438568097E-001  2.40655736037496293E-001
a   2 -1.74214478439472215E-001 -7.46476031967443165E-001
d   1 -1.17978250957688782E-001 -2.35928513861247052E-001
d   2  1.87613334892350325E-001  7.43221627356448367E-001
s   1 -9.89559855800015612E+002
s   2 -9.64450956444765779E+002
z   1 -1.68612148138897883E-001 -5.29196138651971057E-002
z   2  2.17729890885999533E-001  8.19807860593742693E-002
z   3  4.46413232151325404E-002  9.39496352294853787E-003
 
basis     2
D  1.00000000000000000E+000  0.00000000000000000E+000
a   1 -4.16089095732007780E-002 -2.41084576591103286E-002
a   2  7.00577399209364016E-001 -3.08640487878724556E-001
d   1 -3.26204475044241105E-002  3.53330651257858716E-002
d   2 -3.66181414193010257E-001 -6.72293696936525520E-001
s   1 -9.85109658215943796E+002
s   2 -9.72239149639912625E+002
z   1  6.16366671714386194E-002 -2.67261236026556104E-001
z   2 -1.45679042561183192E-001  1.66429216314043033E-001
z   3  7.28472817021353081E-002 -1.51160264705924689E-002
 
basis     3
D  1.00000000000000000E+000  0.00000000000000000E+000
a   1 -1.93856372681184413E-003 -7.25394083983288418E-002
a   2 -8.12642470966980224E-002  2.56704418802140011E-001
d   1  5.75685074651866441E-002  4.41768123378453101E-002
d   2  1.54496219528056422E-001  2.20526539537254512E-001
s   1 -9.82428952815268985E+002
s   2 -9.72976022208987160E+002
z   1  1.84566727265087549E-001 -6.46995262803121474E-001
z   2 -4.59363182814493343E-001 -5.81703307867453945E-001
z   3  1.79898327548870668E-001 -2.36438007526833145E-002
