ndof    3
nconf    2
nbasisfns    3
initial_PES    1
time  5.00000000000000000E+000
 
zinit   1 -7.17124278101303423E-054  3.62668052115274990E-053
zinit   2  3.68349940391228140E-142 -2.19633400156379117E-142
zinit   3  0.00000000000000000E+000  0.00000000000000000E+000
 
basis     1
D  1.00000000000000000E+000  0.00000000000000000E+000
a   1 -1.68043139163777111E-001 -2.93359310682478114E-001
a   2  3.88605682982337552E-001  4.81331195084055086E-001
d   1  3.35176027626281348E-001 -4.42177824950725981E-002
d   2  5.73378282511438520E-001 -2.32231439196864037E-001
s   1 -9.88419920059547735E+002
s   2 -9.66334122182699161E+002
z   1 -7.02133225479456141E-002 -1.51461251122715024E-001
z   2 -1.64756904036929219E-001  4.19115682411805801E-001
z   3 -1.15128606084210786E-001 -1.00817609337288727E-001
 
basis     2
D  1.00000000000000000E+000  0.00000000000000000E+000
a   1  9.14551822081143412E-002  7.39312515397445580E-002
a   2 -3.02648579658577166E-001 -3.37614835222306731E-001
d   1  5.72581080462201616E-002 -1.02719956045160737E-001
d   2 -2.04660169202889153E-001  4.04591343052943087E-001
s   1 -9.91001169375132008E+002
s   2 -9.65668096717162030E+002
z   1  6.13251489061930524E-003 -4.05791116616759817E-001
z   2  7.78851104855816878E-001 -4.76603675371851276E-001
z   3  3.33892021187580518E-002  3.94284905022323096E-003
 
basis     3
D  1.00000000000000000E+000  0.00000000000000000E+000
a   1  2.95446851053298765E-001  2.32289792815666141E-001
a   2 -1.02622581220733622E+000 -7.93786081381915531E-001
d   1 -1.79338584716754179E-001  3.30280277454538251E-001
d   2 -9.86418733067265796E-001 -8.42741860649056873E-001
s   1 -9.81578859556770908E+002
s   2 -9.73942361233813017E+002
z   1 -3.62796963020040553E-001 -9.68377719333585463E-002
z   2 -2.29724879430320800E-001  5.47383461970363916E-001
z   3 -1.11870045406762597E-001 -9.03740406065428048E-002
