ndof    3
nconf    2
nbasisfns    3
initial_PES    1
time  5.00000000000000000E+000
 
zinit   1 -7.17124278101303423E-054  3.62668052115274990E-053
zinit   2  3.68349940391228140E-142 -2.19633400156379117E-142
zinit   3  0.00000000000000000E+000  0.00000000000000000E+000
 
basis     1
D  1.00000000000000000E+000  0.00000000000000000E+000
a   1 -7.70393172789808622E-003  5.19264380608931098E-001
a   2 -1.57896136711288548E-003 -9.38635519875770874E-001
d   1  5.18399882407067691E-001  3.09258702962966793E-002
d   2  6.73416070429172842E-001  6.53873021602198179E-001
s   1 -9.84934047527122289E+002
s   2 -9.69953691012794934E+002
z   1 -3.91666540572702837E-001 -2.07086980480781446E-001
z   2 -4.40347585836196931E-001  3.67893034497845495E-001
z   3 -1.23623553907108052E-001 -9.51424770423101723E-002
 
basis     2
D  1.00000000000000000E+000  0.00000000000000000E+000
a   1  2.41774087785300990E-001  6.34895425834037797E-002
a   2  2.30433949114127318E-001  4.47063452258292027E-001
d   1  2.43731440897403312E-001  5.55032995410172231E-002
d   2 -2.49618344030384909E-001  4.36641978711349743E-001
s   1 -9.86427197524139160E+002
s   2 -9.68605793368875197E+002
z   1 -2.67719388975697845E-002  1.82157395905122657E-002
z   2  7.59187541281307388E-001 -2.35627011076866011E-001
z   3 -2.70047694268522528E-002 -4.05844969289262253E-002
 
basis     3
D  1.00000000000000000E+000  0.00000000000000000E+000
a   1 -4.04434968048797139E-001 -3.12409275411458520E-001
a   2 -9.50184104868901702E-001  8.89473259763743584E-001
d   1  8.89513322163771047E-002  5.03244333540553423E-001
d   2  1.02164858530042002E+000 -8.06378745462643209E-001
s   1 -9.77773442484855877E+002
s   2 -9.77119546935220797E+002
z   1 -4.16283663618563837E-001  1.78811558243524432E-002
z   2 -3.57703555096528791E-001  7.83676577498865989E-001
z   3 -1.59182593689494112E-001 -1.02354506053483396E-001
