ndof    3
nconf    2
nbasisfns    3
initial_PES    1
time  5.00000000000000000E+000
 
zinit   1  5.58624325797615698E-053 -3.36409502036916375E-053
zinit   2  1.00287987785925804E-142  1.47468994611182501E-142
zinit   3  0.00000000000000000E+000  0.00000000000000000E+000
 
basis     1
D  1.00000000000000000E+000  0.00000000000000000E+000
a   1  1.89377480301845924E-001  2.21635997442157284E-001
a   2  2.02634837990680217E-001  3.95958069156604808E-001
d   1  2.80014945404994886E-001  8.11047209322226237E-002
d   2  3.47153440112764944E-001  2.78079411527730302E-001
s   1 -9.85878299568488160E+002
s   2 -9.67188118019497779E+002
z   1 -1.87171248615531138E-001 -7.69910555071039726E-002
z   2  2.86701984063701842E-001  1.02888831768203820E-001
z   3 -1.74891470467151153E-003  7.70370611580291700E-003
 
basis     2
D  1.00000000000000000E+000  0.00000000000000000E+000
a   1 -9.98771096367771782E-003  4.33200799266410419E-001
a   2  2.50120564966964609E-001  1.76530740723175122E-001
d   1  3.68338965146043015E-002  4.31747554622955776E-001
d   2 -7.85491222987890619E-002 -2.95894296710423776E-001
s   1 -9.80068748967630313E+002
s   2 -9.77732036503177369E+002
z   1  5.35443439973342858E-002 -9.11116971704556550E-002
z   2 -8.38230338732016689E-002  1.71530147365151348E-001
z   3 -1.19038609724299825E-002  7.09844861744608497E-003
 
basis     3
D  1.00000000000000000E+000  0.00000000000000000E+000
a   1  1.12264638152746912E-001 -8.05119873824453325E-002
a   2 -9.57612573225476993E-002  1.48964860936767196E-001
d   1  4.80982477792995591E-002 -1.29507094988650484E-001
d   2 -1.72553298212367784E-001 -3.98259648211974418E-002
s   1 -9.79583869492991766E+002
s   2 -9.75120022043332824E+002
z   1  3.99869294640145756E-001 -5.28725064582997839E-001
z   2 -3.44598393362465505E-001 -6.85578945463758416E-001
z   3  1.47107304070405509E-001 -5.22180414208140570E-004
