ndof    3
nconf    2
nbasisfns    3
initial_PES    1
time  5.00000000000000000E+000
 
zinit   1  5.58624325797615698E-053 -3.36409502036916375E-053
zinit   2  1.00287987785925804E-142  1.47468994611182501E-142
zinit   3  0.00000000000000000E+000  0.00000000000000000E+000
 
basis     1
D  1.00000000000000000E+000  0.00000000000000000E+000
a   1  6.51968074001494480E-001  3.53039508138596747E-002
a   2 -6.71763962024619354E-002  1.64791171886105925E-001
d   1  9.14264969164035185E-002  6.46490474888749223E-001
d   2  1.77448002280970546E-001 -1.34538107924456248E-002
s   1 -9.87836304481828051E+002
s   2 -9.65576987444366409E+002
z   1 -3.90728953377611099E-001 -2.73176611263334590E-001
z   2  1.35235998620169134E-001 -4.02225034268009651E-001
z   3  3.51263431050622757E-002 -3.20354343232549972E-003
 
basis     2
D  1.00000000000000000E+000  0.00000000000000000E+000
a   1 -8.34152408201175866E-002  3.76421902566812239E-001
a   2 -2.88274195151733637E-001  2.51031485819598221E-001
d   1 -3.58686058604562208E-001 -1.41406727194364618E-001
d   2 -2.03720709645760917E-001  3.23445035399529013E-001
s   1 -9.88188340256900460E+002
s   2 -9.67318268650433083E+002
z   1 -3.55755066160617306E-001 -8.18115301593864030E-001
z   2 -4.27076884617183690E-003  2.03179756615653961E-001
z   3  5.59193690258460857E-002 -3.59476345298953004E-002
 
basis     3
D  1.00000000000000000E+000  0.00000000000000000E+000
a   1 -2.01328431909881367E-001 -4.92213261464320082E-002
a   2 -4.20856427651596365E-001 -9.10581119223810020E-001
d   1 -1.08856232637504335E-002  2.06971929616228068E-001
d   2  9.68940210273553371E-001  2.59678601924748786E-001
s   1 -9.78418878619488737E+002
s   2 -9.76159308444793623E+002
z   1  3.86514026063571159E-001 -2.96118523385154486E-001
z   2  5.78225787037129901E-002 -1.97003363216404714E-001
z   3  7.83682330475946598E-002 -7.86669368423110853E-004
