ndof    3
nconf    2
nbasisfns    3
initial_PES    1
time  5.00000000000000000E+000
 
zinit   1  5.58624325797615698E-053 -3.36409502036916375E-053
zinit   2  1.00287987785925804E-142  1.47468994611182501E-142
zinit   3  0.00000000000000000E+000  0.00000000000000000E+000
 
basis     1
D  1.00000000000000000E+000  0.00000000000000000E+000
a   1  2.26960978103028621E-001  5.08714565504716276E-001
a   2 -2.16385519058334780E-001 -1.20013292496524843E-001
d   1 -5.51262295968978022E-001 -8.00729403802969836E-002
d   2  1.64629536067711246E-001  1.84724116151983642E-001
s   1 -9.82311593562296707E+002
s   2 -9.71088595308172557E+002
z   1 -4.79168370188094717E-002  1.12898717268393622E-001
z   2  1.50942235991390949E-001 -2.32838946892681663E-002
z   3 -8.78854923658294040E-003  2.25851906620861027E-002
 
basis     2
D  1.00000000000000000E+000  0.00000000000000000E+000
a   1 -3.37235012620340446E-001 -5.88535975852810589E-001
a   2  2.14659060291747500E-001  2.17770647564139885E-001
d   1 -6.10331816630737989E-001  2.95968110137366902E-001
d   2 -2.11772542867578906E-001 -2.20578687078421931E-001
s   1 -9.84958112854983938E+002
s   2 -9.70765299709833471E+002
z   1 -5.35827280777363413E-001 -2.93144960506417585E-001
z   2  1.75018528363808795E-001  2.27303904928190442E-001
z   3  3.16943788581388400E-002  2.81712089994447766E-002
 
basis     3
D  1.00000000000000000E+000  0.00000000000000000E+000
a   1 -4.50408982321332141E-001 -9.06256788903502392E-002
a   2 -4.65559900159967399E-001  5.41173311787315869E-001
d   1  4.48308732385891862E-001 -1.00501470121733688E-001
d   2  6.50018929122585298E-001  2.95110091000185260E-001
s   1 -9.76616225882625145E+002
s   2 -9.78321857624993413E+002
z   1  5.63185981532481561E-001 -9.26174624472774211E-002
z   2  3.41164024889980932E-001  2.01471659126142913E-002
z   3  4.34550244457443252E-002  7.36539161845126827E-002
