ndof    3
nconf    2
nbasisfns    3
initial_PES    1
time  5.00000000000000000E+000
 
zinit   1 -7.17124278101303423E-054  3.62668052115274990E-053
zinit   2  3.68349940391228140E-142 -2.19633400156379117E-142
zinit   3  0.00000000000000000E+000  0.00000000000000000E+000
 
basis     1
D  1.00000000000000000E+000  0.00000000000000000E+000
a   1 -3.36709805043391777E-002  1.99086386944465447E-002
a   2 -3.10711858850894940E+000 -3.46470744528826780E+000
d   1  2.83878266876876548E-002  2.69113381075600129E-002
d   2 -2.06577624379931796E-001  4.64926975874699533E+000
s   1 -9.90894365980595353E+002
s   2 -9.65244387083551715E+002
z   1  2.05542996448941306E-001 -3.93706888166969748E-001
z   2  2.24758710284736818E-001  8.82135273414083737E-002
z   3  6.94355710170196788E-002 -9.60915566044120845E-002
 
basis     2
D  1.00000000000000000E+000  0.00000000000000000E+000
a   1 -1.01613629745415865E-002 -2.97048289959701388E-002
a   2  1.43718293344912573E+000  1.46729274706877222E+000
d   1  5.41945795729364271E-003  3.09234480391391599E-002
d   2  1.54982868411669417E+000 -1.34776624074324358E+000
s   1 -9.89757793606937071E+002
s   2 -9.66098996484334407E+002
z   1  2.10162581870206366E-001 -7.36169449626207228E-001
z   2  1.25968682334454213E-001 -6.43091937498065785E-002
z   3  1.06766122520442028E-001 -6.66661162212624642E-002
 
basis     3
D  1.00000000000000000E+000  0.00000000000000000E+000
a   1 -7.23949106601284864E-004  3.35459436419410367E-002
a   2  1.87942207870965339E+000  1.38994748070603524E+000
d   1  1.56950312986090142E-002  2.96567096906065510E-002
d   2 -8.52033593297845671E-001 -2.17674530089175322E+000
s   1 -9.79668578180212990E+002
s   2 -9.77596232144238911E+002
z   1  1.89942951653840952E-001 -2.05204193533796264E-001
z   2  4.29804425270683632E-001  2.37355919136240712E-001
z   3  1.78345962867208011E-002 -8.73756945833423226E-002
