ndof    3
nconf    2
nbasisfns   10
initial_PES    1
time  1.50000000000000000E+001
 
zinit   1  2.44603011779759794E-053  2.21688234399639936E-053
zinit   2  1.17317022180222025E-142  1.88883810325396639E-142
zinit   3  0.00000000000000000E+000  0.00000000000000000E+000
 
basis     1
D  1.00000000000000000E+000  0.00000000000000000E+000
a   1 -2.05258367060429603E-001  3.33024234496285099E-001
a   2  2.31268720548763157E-001 -5.38038891461464688E-003
d   1 -3.88838701451941104E-001 -4.29022407727026739E-002
d   2  4.44604487783746040E-003 -2.31288569484267154E-001
s   1 -2.94165905743336134E+003
s   2 -2.91386966723854357E+003
z   1 -3.79246956807167079E-001 -3.85578521778271344E-001
z   2  8.42076652667332670E-001 -6.35246948483761065E-001
z   3 -1.98813858452159438E-002  5.50755843929832695E-004
 
basis     2
D  1.00000000000000000E+000  0.00000000000000000E+000
a   1 -6.90718874826016793E-001 -1.74207661230178446E-001
a   2 -2.43344238281647662E+000 -2.12586915204638904E+000
d   1  5.15880708373768870E-001  4.91231073935663898E-001
d   2 -8.75033350438784607E-001 -3.11051090943752184E+000
s   1 -2.94418618433515985E+003
s   2 -2.90969332610791753E+003
z   1  1.31000759315680143E-001  4.69437582249248586E-001
z   2 -1.95356397399449794E-001 -6.92889252297576030E-001
z   3  3.70093664575237083E-002 -4.57995810394271107E-004
 
basis     3
D  1.00000000000000000E+000  0.00000000000000000E+000
a   1  3.51090602781208572E-001 -3.26385289105598830E-001
a   2 -2.06955942713680507E-001 -2.70791326813127411E-002
d   1  4.34638697988542100E-001 -2.02190925900848972E-001
d   2 -1.99706698606171490E-001 -6.06735212683764819E-002
s   1 -2.94084425493399067E+003
s   2 -2.91556282816003431E+003
z   1 -3.18514859611269907E-001  1.63905087262819521E-001
z   2  1.02995505170370838E+000 -3.43519033859093104E-001
z   3 -2.78989341385438849E-002  7.05066153927743776E-004
 
basis     4
D  1.00000000000000000E+000  0.00000000000000000E+000
a   1 -4.44209143151099495E-001  2.23711466462421932E-001
a   2 -3.59373426204423252E-001  1.98553191831715686E-001
d   1  1.18391020622017340E-002  4.97220694207473723E-001
d   2  4.09501658071989683E-001  2.96820060770730254E-002
s   1 -2.93311947342900066E+003
s   2 -2.92539987642606229E+003
z   1  6.32945679306966769E-001  1.87380180650285610E-001
z   2 -1.35447201453317234E-001 -1.89507861360926011E-001
z   3 -7.24883337742105588E-003 -4.54393830923872401E-003
 
basis     5
D  1.00000000000000000E+000  0.00000000000000000E+000
a   1  5.59884760330667253E-003 -2.92078818591537503E-001
a   2  3.59522461065188481E-001 -2.68214474008638570E-001
d   1 -2.79583194377025612E-001 -8.47031332729294983E-002
d   2 -4.43735068577812308E-001 -6.55331442275188525E-002
s   1 -2.93923493298695530E+003
s   2 -2.91304397063194438E+003
z   1 -3.80298222600967850E-001  3.21572393273481874E-002
z   2 -9.11784033431293328E-001 -1.18336929230999166E+000
z   3  1.63137465294956596E-002  3.06323412460616715E-004
 
basis     6
D  1.00000000000000000E+000  0.00000000000000000E+000
a   1  2.26230750063495023E-001  1.04263976044345369E-001
a   2  3.03720423410864526E-002  6.53813298733129655E-001
d   1 -2.29636806682892124E-002  2.48040315967046426E-001
d   2  6.20057593740077295E-001 -2.09577839958165785E-001
s   1 -2.94176197712303974E+003
s   2 -2.91354766422250486E+003
z   1 -7.63094759488037178E-002  4.22138309906365528E-001
z   2 -1.26554856194377396E-001  6.19666746501644564E-002
z   3  3.08703243834532182E-002 -5.50436559264285232E-004
 
basis     7
D  1.00000000000000000E+000  0.00000000000000000E+000
a   1 -4.80337935006696859E-001 -6.77979706814828553E-001
a   2 -1.56752179249658008E-001 -3.49290200890851055E-001
d   1 -7.34854458042937475E-001 -3.87775631201393856E-001
d   2  3.57867803458261302E-001  1.36035015293295924E-001
s   1 -2.94006187858639760E+003
s   2 -2.91147068452865824E+003
z   1  3.05294625523740870E-001  1.03776429749033294E+000
z   2  2.26006219619043075E-001 -3.11371100478651519E-001
z   3 -2.68140290407717190E-002 -1.73102472657738100E-003
 
basis     8
D  1.00000000000000000E+000  0.00000000000000000E+000
a   1 -7.84033324404145582E-002  3.88850799695322047E-001
a   2  1.31398212427357275E+000 -1.50580550479140762E-002
d   1  1.47533981073798476E-001  3.68219705325461499E-001
d   2  1.26001086888216118E+000  3.73025975276706057E-001
s   1 -2.94623386590256723E+003
s   2 -2.90941408542174077E+003
z   1  1.48862907460662608E-001  6.62993807272668212E-001
z   2  6.32512293113528856E-001 -2.66944935662767002E-001
z   3  3.47837202728427525E-002  6.19701176490384788E-005
 
basis     9
D  1.00000000000000000E+000  0.00000000000000000E+000
a   1  1.12495120437552498E+000  5.75367877840955333E-001
a   2  1.56893229119573796E+000  1.84231715819955277E+000
d   1  1.23608794994354554E+000 -2.62011425478950954E-001
d   2  1.88376251215007540E+000  1.51892061792946276E+000
s   1 -2.93356588811319853E+003
s   2 -2.92149438286443501E+003
z   1  3.27260388871660896E-002  3.23183456695816329E-001
z   2 -2.65285987413323154E-001 -9.56315164490480152E-001
z   3  2.30468273778096401E-002 -1.70044397893260148E-003
 
basis    10
D  1.00000000000000000E+000  0.00000000000000000E+000
a   1 -1.16523210503813590E-002 -2.07019385340147383E-001
a   2  3.89173051670677228E-001 -3.59867972443487560E-001
d   1 -1.54748666067279578E-001  1.38005988431195215E-001
d   2  4.35472195391644334E-002 -5.28265332392408804E-001
s   1 -2.93828788398121014E+003
s   2 -2.91465572924891740E+003
z   1 -2.40291121060676988E-001  1.28920378782199618E+000
z   2 -6.19884460436969431E-001 -6.86592056858248867E-001
z   3  2.98284572019078126E-002 -4.31771297608204313E-004
