ndof    3
nconf    2
nbasisfns   10
initial_PES    1
time  1.50000000000000000E+001
 
zinit   1 -2.00686685897064217E-053  1.45065861197811854E-053
zinit   2 -3.84615165021213826E-142 -1.70584395904631735E-142
zinit   3  0.00000000000000000E+000  0.00000000000000000E+000
 
basis     1
D  1.00000000000000000E+000  0.00000000000000000E+000
a   1 -1.13331198331163407E+000  7.02704575047087721E-001
a   2 -4.92659639763833923E-001 -7.44474629524417897E-001
d   1  1.33345130390319233E+000 -9.86870957794043838E-003
d   2  8.87019246288187180E-001  1.00761358526403125E-001
s   1 -2.93165357338204376E+003
s   2 -2.92394966911227721E+003
z   1 -6.55636127996814033E-001 -3.69385711353463098E-001
z   2 -1.79637525598679382E+000 -2.43254941661129043E-001
z   3 -1.55042452893869726E-002 -8.74732746375297314E-004
 
basis     2
D  1.00000000000000000E+000  0.00000000000000000E+000
a   1 -3.25881513984726812E-001 -6.66832284156795851E-002
a   2 -1.39085424923978379E-001 -7.11944621924482268E-001
d   1 -3.21855000650750733E-001 -8.39926941169327201E-002
d   2 -7.12635049817565203E-001  1.35503453406155078E-001
s   1 -2.94058415705193465E+003
s   2 -2.91383221500571608E+003
z   1 -8.01019751676134040E-001 -6.69419564671647066E-002
z   2 -7.23064416413227051E-001 -1.19494008514989813E-002
z   3  2.66986991003734520E-002 -2.02370883240085000E-003
 
basis     3
D  1.00000000000000000E+000  0.00000000000000000E+000
a   1 -1.07053461647536249E-001 -3.72373970474646931E-001
a   2  9.96843116444238037E-002  2.63785548514145596E-001
d   1 -1.53747830625464099E-001  3.55646484750991587E-001
d   2 -1.85326022545571678E-001  2.12541861665812876E-001
s   1 -2.93807711279542036E+003
s   2 -2.91647639276401742E+003
z   1 -2.63622661254013180E-001  5.69521560441065167E-001
z   2  1.44130619121236148E-001 -6.64870835589145170E-001
z   3 -1.23288475161189761E-002  2.13812312448692372E-004
 
basis     4
D  1.00000000000000000E+000  0.00000000000000000E+000
a   1  1.84260735917568530E-001  4.83589380853305828E-001
a   2 -2.28744644571105021E-001  7.04320138941130630E-002
d   1  4.96379981022303740E-001 -1.46347608505451671E-001
d   2  1.88866672166004446E-001  1.47017553870552153E-001
s   1 -2.93903726501164647E+003
s   2 -2.91321652773146525E+003
z   1 -1.24715920653910395E+000  4.75664577081568007E-001
z   2 -9.76856613646417682E-002  5.50112412696453057E-001
z   3 -2.64697464255167700E-002 -2.61644318428064151E-003
 
basis     5
D  1.00000000000000000E+000  0.00000000000000000E+000
a   1  1.10032703462566772E+000 -1.06497659481697049E+000
a   2  1.08264492690692293E+000  9.52495989705203661E-001
d   1 -1.47354237259242660E+000 -4.16614458235365581E-001
d   2 -1.15465774619498251E+000 -8.63790563339120632E-001
s   1 -2.93843374318363249E+003
s   2 -2.91846031993728684E+003
z   1 -4.72371828289206319E-001 -2.66234035260849655E-001
z   2 -1.48710554377368243E+000 -2.74706248141781684E-001
z   3 -2.48537049128588761E-003 -1.63951143469924098E-003
 
basis     6
D  1.00000000000000000E+000  0.00000000000000000E+000
a   1  5.74199677334245179E-002  8.70680701746912727E-002
a   2  2.28809005477478261E-001  9.40080226486277315E-002
d   1 -9.01322199685146153E-002  5.24793717759632766E-002
d   2 -2.43832000770854096E-001 -4.16776284111725556E-002
s   1 -2.94215726848680788E+003
s   2 -2.91203584989870569E+003
z   1  8.80679550190970217E-001  1.40403994024395851E+000
z   2 -5.18274108559530045E-001 -5.44408832433988521E-001
z   3  2.85499635904426854E-002 -4.89099639296076472E-004
 
basis     7
D  1.00000000000000000E+000  0.00000000000000000E+000
a   1 -2.52148785863731684E-002  3.86220505642095924E-001
a   2 -1.05738556793085192E-001  2.37567162028005346E-001
d   1 -1.42144074019968647E-001 -3.59996015674573067E-001
d   2  1.33480882115926985E-001 -2.23162839595392876E-001
s   1 -2.94323106470380571E+003
s   2 -2.91237667234017408E+003
z   1 -2.41617590039140601E-001  5.85801577741099089E-001
z   2 -1.27445052450984897E+000 -2.99971981469918103E-001
z   3 -1.61237011602284736E-002 -3.53230180778574569E-004
 
basis     8
D  1.00000000000000000E+000  0.00000000000000000E+000
a   1  1.68000490261943858E-001 -1.29739403677113924E-001
a   2 -2.01572595068811866E-001  1.36827699388949453E-001
d   1  2.10701723834857940E-001  2.57149988871449263E-002
d   2 -1.44142272187591652E-001  1.96408593934802533E-001
s   1 -2.93502657594633865E+003
s   2 -2.91505665322038067E+003
z   1 -9.05285358422800890E-001  1.03863501789000989E+000
z   2 -2.34439273423874939E-001  7.54127730424724252E-001
z   3  5.22891283345800796E-003 -7.50440481339784225E-004
 
basis     9
D  1.00000000000000000E+000  0.00000000000000000E+000
a   1  7.43418321277851957E-002  5.82470251390319119E-002
a   2  2.56781936491357443E-001  3.26440088004252421E-002
d   1 -8.98146519970516727E-002 -2.92019216544273201E-002
d   2  2.48280769212974262E-001 -7.32069249308259090E-002
s   1 -2.93703888511084051E+003
s   2 -2.92126798844880113E+003
z   1 -1.39363593601953095E+000  9.47516970855727392E-001
z   2  6.59184727422662320E-001  1.15894105403634068E-001
z   3  3.09289298553690334E-002  3.87287256216964522E-004
 
basis    10
D  1.00000000000000000E+000  0.00000000000000000E+000
a   1  1.23533298713864426E-001  1.49012101688554527E-001
a   2  1.52851786706178105E-001  7.40294885453625096E-002
d   1  1.63520182165966754E-001  1.03567525630276713E-001
d   2 -1.21412542243130223E-001 -1.18756172301144214E-001
s   1 -2.93393351668128480E+003
s   2 -2.91886288661039680E+003
z   1 -6.26498109915227364E-001 -1.00031356296477769E+000
z   2  7.28087607549786076E-002 -4.56978329798066407E-001
z   3 -5.15160403463895029E-003 -1.28344881866877445E-003
