ndof   20
nconf    2
nbasisfns   10
initial_PES    1
time  1.00000000000000000E+001
 
zinit   1  1.27162269072682088E+000  6.60579692462176626E-001
zinit   2  2.62703831517254405E-001 -2.38917762189202715E-001
zinit   3  2.29156693517832105E-001  1.73358635864280519E-001
zinit   4 -4.40592569597356085E-002  1.98526617632190983E-001
zinit   5  1.46017068352651880E-001  5.65867024001791563E-002
zinit   6  8.96978534723693877E-002  4.71445500402320125E-002
zinit   7 -4.01560910628476000E-002 -1.16645672556090638E-001
zinit   8  6.26278616155659940E-002  2.34808348561780442E-002
zinit   9 -1.04145005081668135E-003  2.85475075575323464E-002
zinit  10 -1.32859727020982303E-002 -1.83027671847528460E-002
zinit  11 -5.23171021890935384E-003 -4.52437454694679109E-003
zinit  12 -7.25701854073868496E-005 -5.55676477024810538E-003
zinit  13 -1.41796256139678609E-003  1.81713771373822382E-003
zinit  14  5.25189000923829063E-004  4.30996392047986799E-004
zinit  15 -1.22103601600633770E-005 -3.20082812271425620E-005
zinit  16  2.97533129891974898E-006 -9.68270874219973889E-005
zinit  17  9.23915796767160150E-006  9.28854806613635511E-006
zinit  18 -5.00660990674916781E-007 -1.39756973871361983E-008
zinit  19 -1.39365267732329009E-008 -2.61510899992810238E-008
zinit  20 -6.92638000620806430E-015 -2.87399598030639422E-014
 
basis     1
D -8.54337108068019879E-001  1.00966548045925708E+000
a   1 -4.62214883915087082E-001  6.36318747883938718E-001
a   2  4.58094408421626853E-001 -4.14252779292623829E-001
d   1  3.09536821335478201E-003 -7.86469685694779153E-001
d   2  6.11671723983632010E-001  8.55193209614943245E-002
s   1 -2.78977463943413454E+002
s   2 -2.77334248830149818E+002
z   1  1.01554701399222291E+000 -9.99822932777573503E-001
z   2 -3.31991313655890574E-001  6.06967442220182340E-002
z   3 -2.72779597185217992E-001  3.54103216625704445E-002
z   4 -1.86432857464306267E-001  1.02447136154061993E-001
z   5  1.34272726190008407E-001 -7.01425986110549571E-002
z   6 -2.79678499904229619E-002 -8.28860904703161011E-002
z   7  1.31302405347741125E-001 -3.82189546111071018E-002
z   8  2.71680427985748103E-002  2.57192493053950109E-002
z   9  1.33558259572297416E-001  4.31381751505308247E-002
z  10  1.66579555039901600E-001 -2.25238103140125129E-001
z  11 -2.56202603028845455E-001 -2.06403484923668806E-001
z  12 -1.06650085423919933E-001  2.14088234645912839E-001
z  13  3.80064254197910109E-002 -7.00669864565549999E-002
z  14 -1.92752207607301135E-002  7.83689840369343471E-002
z  15 -6.87009041708052937E-002 -1.46135679167660581E-003
z  16 -2.16639983729139327E-002 -3.48784159489397422E-002
z  17 -4.55775095703164837E-002 -1.55153423945511640E-002
z  18  2.47519749497369032E-002  1.15302591194996178E-002
z  19 -3.69003540594642215E-002 -1.36901535464496633E-002
z  20  1.66826489626147600E-002  1.54132726713631651E-002
 
basis     2
D -3.70891181248984236E-001 -7.20942559258273996E-001
a   1 -2.18700721909484669E-001 -5.69140469330748910E-001
a   2  6.22017180697309047E-001  4.91267490603233492E-001
d   1  5.39410172755044659E-001  2.84231499172994173E-001
d   2 -1.13910816945491378E-001  7.84393680615185551E-001
s   1 -2.78882777270597842E+002
s   2 -2.77506674435260038E+002
z   1  1.00269245204682345E+000 -1.02144857601361605E+000
z   2 -3.52507015333573703E-001  9.00851778653123381E-002
z   3 -2.69132395631380306E-001  9.36059622549199472E-002
z   4 -1.46381135146893243E-001  1.16506236914556152E-001
z   5  1.22692637210274375E-001 -6.75687139218797000E-002
z   6 -8.24216083282514056E-002 -5.65472189221645702E-002
z   7  1.29494278393899931E-001  7.01255922357648109E-002
z   8  8.67218781297524333E-002  2.26431485167799991E-002
z   9 -8.95878821301039213E-002  3.20809364862029572E-002
z  10  5.07378025977031841E-002  3.15972217908816577E-001
z  11  4.04353271615026821E-001  5.91803495799467713E-002
z  12  2.72613359092034394E-002 -2.93428554815084564E-001
z  13 -8.15843315155602433E-003  6.85135810183947896E-002
z  14 -8.92433966456511463E-003 -9.03641922293645095E-002
z  15  6.76728094116568063E-002 -1.94795430468632964E-002
z  16  3.43203008200914164E-002  2.54093823236118156E-002
z  17  3.05163220431856931E-002  2.95909001418836462E-003
z  18 -2.63715997548114277E-002 -1.51873298457748107E-002
z  19  3.71223027176728754E-002 -3.29015209361987028E-003
z  20 -2.30278010339285896E-002 -1.41028447078104784E-002
 
basis     3
D  7.65115996748912952E-001 -8.34441805153630201E-001
a   1 -2.94466288442347734E-001  4.98834890855036128E-001
a   2  2.93415544681678409E-001 -7.60500279273962243E-001
d   1 -9.99865293555607382E-002 -5.70569309822038462E-001
d   2  7.75589863272659663E-001 -2.50826076446045765E-001
s   1 -2.78895005065397697E+002
s   2 -2.77349943380382058E+002
z   1  1.01088610977318760E+000 -1.01093653956147889E+000
z   2 -3.26006016321471082E-001  6.44766465685947948E-002
z   3 -2.68063439132080084E-001  7.05680263814473518E-002
z   4 -1.76545215556955959E-001  1.14233238478729071E-001
z   5  1.30353280240647185E-001 -7.07177932468494169E-002
z   6 -8.04748529852175043E-002 -8.24255374119187839E-002
z   7  1.05356463647982873E-001  2.65177969704151056E-002
z   8  6.68073082207502750E-002  1.61681775260553058E-002
z   9 -6.22087469144433497E-002 -6.02229183008938657E-002
z  10 -1.13514832210312971E-001  1.84260421998983959E-001
z  11  2.38856384923739451E-001  2.23669239308343648E-001
z  12  1.32190380758368670E-001 -1.79744568797264581E-001
z  13 -2.51529503172068375E-002  7.45421666418277923E-002
z  14  2.80476175599344742E-002 -8.83495661209812155E-002
z  15  7.43221213086998067E-002  1.55765112425968050E-002
z  16  2.86295548461367941E-002  4.32601075174710997E-002
z  17  4.52376159782862802E-002  1.38269689778288806E-002
z  18 -1.69995520946496573E-002 -2.14347776856461981E-002
z  19  4.25016609646681615E-002  1.08231808770227547E-002
z  20 -1.50116737213880809E-002 -5.26514111037556642E-003
 
basis     4
D -1.04195057402244240E+000  2.18024565177051932E-001
a   1  5.41839089901021920E-001 -4.75331182549866449E-001
a   2 -6.61210560995130203E-001  2.08017454987611206E-001
d   1 -1.80686103372877577E-001  6.97769205752839183E-001
d   2 -5.67413037412317633E-001 -3.98137052439917372E-001
s   1 -2.79004438359089761E+002
s   2 -2.77376797548789966E+002
z   1  1.01882597648694762E+000 -1.01881461750913727E+000
z   2 -3.27937092757239257E-001  5.02647678828747682E-002
z   3 -2.82219114531970128E-001  3.93842135993569542E-002
z   4 -1.90065931574450120E-001  1.17862384898333616E-001
z   5  1.45296639623802099E-001 -6.29642680912245595E-002
z   6 -3.09653749517836384E-002 -1.19383557315675529E-001
z   7  9.71625627920369994E-002 -4.40959387807302802E-002
z   8  4.39264336693047791E-002  4.27868237353130412E-002
z   9  1.50847105313775431E-001 -6.21649660269145907E-002
z  10 -3.27638279775713734E-002 -3.03340336745093420E-001
z  11 -3.85251621277198919E-001  2.47690883360373766E-002
z  12  5.40472268693728622E-002  2.66481952056730031E-001
z  13  3.40431996888609489E-003 -7.65337781645803600E-002
z  14  3.27071406563801195E-002  7.60059554712662622E-002
z  15 -4.99763194566008248E-002  1.61049324757075556E-002
z  16 -2.06080819841397388E-002 -2.35057324110094015E-002
z  17 -2.90893775144590999E-002 -3.43373689721124947E-003
z  18  1.80899844044417335E-002  8.11347840124852955E-003
z  19 -2.72032894347547689E-002  3.92453495523133536E-003
z  20  2.00238415711416276E-002  9.47312247248108252E-003
 
basis     5
D  2.79338721364875742E+000  1.16416713338961708E+000
a   1  2.29804613603113911E-001 -6.09183723269435040E-001
a   2 -1.39989462886119409E-001  7.45981220374345000E-001
d   1  2.34856982638646461E-001  6.07253791124895748E-001
d   2 -6.37987425728192781E-001  4.11165508625243203E-001
s   1 -2.78871984349336003E+002
s   2 -2.77272969298170892E+002
z   1  1.01486796881928965E+000 -1.01789771400563134E+000
z   2 -3.19150325491332321E-001  8.00107805163056546E-002
z   3 -2.62667436624321793E-001  6.78364390647590992E-002
z   4 -1.82228966292982741E-001  9.99883999373731708E-002
z   5  1.03991570245369647E-001 -7.23611507956125749E-002
z   6 -6.94956477247982291E-002 -6.50711586535547282E-002
z   7  1.37656989605194569E-001  2.32721372503023050E-002
z   8  6.81235201899169085E-002 -3.25667550363133813E-003
z   9 -5.39933038917483621E-002  2.56006302022119582E-002
z  10  5.98033383973999716E-002  1.45088492854301143E-001
z  11  1.92247647104980296E-001 -1.17802992399629290E-002
z  12 -1.66162644001464598E-002 -1.16369344909764999E-001
z  13  2.64097924110096131E-002  3.71519167238822529E-002
z  14 -2.00017514306249471E-002 -3.40057022847172277E-002
z  15  4.09183121061848509E-002 -1.57856345187966929E-002
z  16  1.76103446424664828E-002  4.78752310381136154E-003
z  17  2.56660866759678974E-002  1.37216950458871642E-003
z  18 -3.01950752325464648E-003  5.25317136360418935E-003
z  19  1.92134979239211509E-002 -1.01007338036970522E-002
z  20 -1.66538994311823604E-002  7.99476020799353045E-003
 
basis     6
D -9.80466416247194883E-001 -2.40922087458284695E-001
a   1  2.97343013873327844E-001 -7.09428676993395069E-001
a   2 -1.56353431777834423E-001  6.19557655695938569E-001
d   1  2.50368455769482412E-001  7.27335927887161171E-001
d   2 -5.88373253411606290E-001  2.49228808587600659E-001
s   1 -2.78873335395427148E+002
s   2 -2.77383072969427360E+002
z   1  1.00023639663873976E+000 -1.02008968366646635E+000
z   2 -3.35253219334485930E-001  9.18349357001281147E-002
z   3 -2.64809962677986399E-001  7.05393425916336914E-002
z   4 -1.56682819888048552E-001  9.37804080390117201E-002
z   5  9.47096475389514747E-002 -6.95735220990711251E-002
z   6 -5.41549880324686955E-002 -3.78241645063554649E-002
z   7  1.66505487843152722E-001  2.47658331001236352E-003
z   8  3.50633893140346875E-002 -7.41721497387195627E-003
z   9 -1.44709486424562201E-003  1.21293539256861121E-001
z  10  2.77424149725944202E-001  3.53514396383769955E-002
z  11  5.57837667111171845E-002 -2.92571883164173985E-001
z  12 -1.80322727590045584E-001  1.64051757085658390E-002
z  13  5.20873831203071333E-002 -2.16074836137700732E-002
z  14 -5.92610774945050156E-002  2.17362576610507056E-002
z  15 -2.80694387898457118E-002 -2.78885950570246302E-002
z  16 -3.12004437598739940E-003 -3.50099072808118320E-002
z  17 -1.71961651478385741E-002 -1.06666633830583019E-002
z  18  9.85747532127284089E-003  1.78139210064764963E-002
z  19 -1.31941223090049822E-002 -6.08571308143684205E-003
z  20 -5.90997062102558042E-003 -3.37505038045040565E-003
 
basis     7
D  1.12056224061800891E+000 -6.86499598274230682E-001
a   1 -4.45843144314899631E-001  7.04979472510266270E-001
a   2  4.63232185460289214E-001 -2.99405705290064161E-001
d   1 -8.96247794025214622E-002 -8.29300648082768044E-001
d   2  4.95383769146334751E-001  2.42534029102984716E-001
s   1 -2.78930173987317971E+002
s   2 -2.77489235322358013E+002
z   1  1.01396752372745302E+000 -1.01990301014739804E+000
z   2 -3.36016911986562750E-001  7.04328486388283159E-002
z   3 -2.71197927798951743E-001  5.36190355771679755E-002
z   4 -1.57134060032074085E-001  9.72483537428076583E-002
z   5  1.41323221790621345E-001 -7.95552121757420599E-002
z   6 -2.60569886941131382E-002 -9.29544158658252850E-002
z   7  1.52458088839561662E-001 -3.18608584578940687E-002
z   8  5.30261460625955638E-002 -3.44222991563210051E-004
z   9  1.18422793344451771E-001 -2.15569093685033563E-003
z  10  1.76932551708352065E-001 -2.83555937066896802E-001
z  11 -3.48176835682901753E-001 -2.91188616366670816E-001
z  12 -2.01144204997502157E-001  2.76478295585921241E-001
z  13  5.13453421273067367E-002 -6.58340348629702782E-002
z  14 -4.29940351420708133E-002  1.04651247754764032E-001
z  15 -7.74347630622006511E-002 -1.29956070028205313E-002
z  16 -3.59806805487435724E-002 -3.99319710602835873E-002
z  17 -5.41551982775536830E-002 -2.09205492214975010E-002
z  18  2.03214243332881517E-002  2.32286158464582414E-002
z  19 -3.64026914074191132E-002 -3.90947509277572887E-003
z  20  1.28141831239357920E-003  1.39617238916826657E-002
 
basis     8
D -9.96262428134455855E-003 -8.63923528827907128E-001
a   1 -2.52832661819017479E-001 -2.00886900604230534E-001
a   2  7.13008692647978948E-001  6.22365409138016523E-001
d   1  3.22923930096931877E-001 -1.92581451614485817E-004
d   2 -2.32099472277690427E-001  9.17523805277840387E-001
s   1 -2.78929744005923624E+002
s   2 -2.77561091600048940E+002
z   1  1.00855198863977558E+000 -1.01313177556369283E+000
z   2 -3.43721290261284174E-001  5.47569099252565930E-002
z   3 -2.89450476580169203E-001  6.00051622644660054E-002
z   4 -1.80867250844111843E-001  1.34698854179932270E-001
z   5  1.63068675357471438E-001 -5.72803552235663649E-002
z   6 -6.09149750426708977E-002 -1.29283399304573721E-001
z   7  6.05018467597042628E-002 -8.16208522051437187E-003
z   8  5.00699929945576730E-002  5.82499209713668031E-002
z   9 -2.43593366096013543E-002 -9.48472661025390323E-002
z  10 -2.95445555820069095E-001  7.21680324909992760E-002
z  11  6.56719398401042938E-003  5.02411738416796427E-001
z  12  4.02555659889587136E-001  2.86323682410025739E-002
z  13 -2.03867960626854666E-002 -3.86441744068996632E-002
z  14  1.14975695313654050E-001 -1.98619988385997474E-002
z  15  5.29389632041908156E-002  3.32802424091361779E-002
z  16  2.76641474800411527E-002  2.46935326196930788E-002
z  17  3.70568025702186013E-002  1.85294513267854274E-002
z  18  2.99001345217026551E-002 -1.84113090172070316E-002
z  19  2.69415371954336187E-002  1.48812207444829446E-002
z  20  1.49427201587358036E-002 -1.13746098385558315E-002
 
basis     9
D  4.12793783299682637E-001  2.22129716154274404E-001
a   1 -5.37269741581588689E-001  2.77916594544709294E-002
a   2  8.31195677030245328E-001  1.40294671787230096E-001
d   1  4.34791585889684307E-001 -3.16839751915559964E-001
d   2  3.85572816435836407E-001  7.49601528594620370E-001
s   1 -2.79023687812096341E+002
s   2 -2.77388661559810544E+002
z   1  1.02943039361386046E+000 -1.01811323393853681E+000
z   2 -3.31834423597128947E-001  5.32129581455552808E-002
z   3 -2.94407495499786898E-001  3.87791000118759208E-002
z   4 -1.92385392294514596E-001  1.19876552789798696E-001
z   5  1.58916710843385350E-001 -6.15079912806987261E-002
z   6 -3.97189184524627120E-002 -1.33134534764553725E-001
z   7  5.72021411471469940E-002 -2.29885031192972357E-002
z   8  6.66657338301922114E-002  5.47623609394410835E-002
z   9  6.16062261197593206E-002 -1.32797717028444562E-001
z  10 -2.78530505360971681E-001 -5.39724598054323532E-002
z  11 -9.36586662234131506E-002  3.88454691457640833E-001
z  12  2.76086875070306825E-001  2.05424205852475748E-002
z  13 -6.42340194688765104E-002  9.42845009211384401E-003
z  14  7.25303390878803272E-002 -2.58642145982422543E-002
z  15  2.98976530462274973E-002  4.59709319339239031E-002
z  16  1.47882564630785968E-003  4.22696389487453167E-002
z  17  2.79482103720953869E-002  3.60984589743550410E-002
z  18  7.04518424131182243E-003 -1.57687537075262112E-002
z  19  2.00102214817176674E-002  1.97841818287004222E-002
z  20  8.98557739715077387E-003  1.82271431850501177E-004
 
basis    10
D  2.22201610527652693E-001 -5.12431501747279694E-001
a   1  3.07973248918052112E-001 -8.51128008739506559E-001
a   2 -2.79674670948415305E-001  3.20180681990494154E-001
d   1  3.49452319222556151E-001  8.34954780751625436E-001
d   2 -4.10177605665651479E-001 -1.11749373601804244E-001
s   1 -2.78858185086262779E+002
s   2 -2.77578961597833427E+002
z   1  9.96072925368956419E-001 -1.01933276357993408E+000
z   2 -3.55986008885735894E-001  8.77613890942448432E-002
z   3 -2.60848411063379138E-001  7.56633063245706616E-002
z   4 -1.47956655632477646E-001  9.24191824796840866E-002
z   5  1.26758531051712864E-001 -8.77410107336473316E-002
z   6 -4.32478383652770068E-002 -7.28722174510403886E-002
z   7  1.74705260901366399E-001 -1.35157798126484246E-002
z   8  7.86258462173683587E-002 -2.13105789842667689E-002
z   9  1.00250079723220253E-001  3.92835585507405535E-002
z  10  2.77465208278754871E-001 -2.13770889342977777E-001
z  11 -1.95955331259466098E-001 -4.64800602684784347E-001
z  12 -3.59684482552399931E-001  1.44510257447328122E-001
z  13  5.53272038932850901E-002  5.22997535577123147E-003
z  14 -9.78252243829461493E-002  7.30252511604857629E-002
z  15 -6.76812473178869944E-002 -3.33755329183875182E-002
z  16 -2.37588955787674180E-002 -3.01185136351005273E-002
z  17 -5.50174426814259293E-002 -2.11141657202067630E-002
z  18  7.00253569451474590E-003  2.02634054497848014E-002
z  19 -5.18372904529906114E-002 -2.62127694453286215E-003
z  20 -4.24986479462580863E-003  7.30883137636038904E-003
