ndof   20
nconf    2
nbasisfns   10
initial_PES    1
time  1.00000000000000000E+001
 
zinit   1  6.82521900620741917E-001  9.60721080593682997E-001
zinit   2 -5.44587038198589113E-001  2.76952117450824764E-001
zinit   3  3.17787759074094733E-001  4.62105459086440962E-001
zinit   4 -1.83499140448687870E-001  1.98575623155313824E-001
zinit   5 -8.81001259699974032E-002  1.27275612244278385E-001
zinit   6 -3.68210501528306797E-002  8.74971295873115673E-002
zinit   7 -2.21930439209617018E-002  1.43574767869256888E-002
zinit   8  4.91516119414542318E-002  1.17735818399736202E-002
zinit   9 -5.91886733862550477E-003  1.78837364590040196E-002
zinit  10 -7.22849011668918844E-003  1.86413174326037143E-002
zinit  11 -1.82310318796426261E-003 -5.64909023103493321E-003
zinit  12  3.24020302986531387E-003 -2.82351111852399000E-004
zinit  13 -9.15177835011543508E-004 -1.18178809042654613E-004
zinit  14 -5.83183420574301544E-004 -2.55023515884555507E-004
zinit  15  1.21174401988164492E-004  1.67711566259460025E-004
zinit  16  2.37446194907731715E-005  4.35406187216613006E-005
zinit  17  7.32606255471722975E-006 -6.61981780394299418E-006
zinit  18  8.26567679040516836E-008  2.38976891167617376E-007
zinit  19  1.48365889236076557E-008  4.69234571199518606E-009
zinit  20  6.21222927358053602E-015  9.86606850803250130E-015
 
basis     1
D -6.31767714629545396E-001 -4.96483154623693523E-001
a   1 -6.05015167011951349E-001 -2.21240936889262330E-001
a   2  6.05038331634222715E-001 -4.67907803721001714E-001
d   1  6.30064306975362420E-001 -1.34200870137992118E-001
d   2  7.30043850776145531E-001  2.28133889358139857E-001
s   1 -2.79041313410688758E+002
s   2 -2.77421312232186040E+002
z   1  1.12456155185950846E+000 -3.57442227906914323E-001
z   2  6.02040584978967286E-001  6.36603930967936937E-002
z   3 -5.69618512496325446E-001 -1.25234857826473783E-002
z   4 -2.64173971229890836E-001  5.07779716277731163E-002
z   5  4.51802249571896380E-002  1.66999553752024354E-001
z   6  5.31245419633503690E-002 -3.47665697879604094E-002
z   7 -7.21095441841625336E-003  5.63873724434160797E-002
z   8  8.03391384055720803E-002  5.98569061764008606E-002
z   9 -4.91816037588386906E-002  7.59246648961104248E-002
z  10 -6.87247856362627934E-004  3.04272980824057682E-001
z  11  4.74329677390830262E-001  1.33350249095800844E-001
z  12  1.48596284784321631E-001 -3.65204861899536326E-001
z  13 -8.19444642476365587E-002  1.27145795986994565E-002
z  14  2.12561729744709313E-002 -1.12960890320915538E-001
z  15  5.58082818276058393E-002 -1.11170955001102245E-002
z  16  2.87319272744995871E-002  1.85046732669173590E-002
z  17  3.02042401457579754E-002  8.71467159458583739E-003
z  18 -2.43277338446430645E-002 -2.65460681034323694E-002
z  19  2.65547386038500373E-002 -2.97341923127228619E-003
z  20 -7.41773017285972999E-003 -1.87263873320253661E-002
 
basis     2
D  1.34960085395991980E+000 -1.04297079687601157E-001
a   1 -5.32857967397234678E-001  3.74155941810747239E-001
a   2  7.58992230621826969E-001 -7.15293432084429526E-004
d   1  2.96599886373712374E-001 -5.79619521422545469E-001
d   2  4.94518835871550100E-001  5.75778463262770379E-001
s   1 -2.79116104986808750E+002
s   2 -2.77322271210632209E+002
z   1  1.11951417183312518E+000 -3.71365806968446899E-001
z   2  6.24383429779282184E-001  1.48144491076730687E-002
z   3 -5.63463797324694426E-001 -7.09445415358034154E-002
z   4 -2.83518324143848532E-001  1.51260154877018403E-002
z   5  4.31333039745098110E-002  1.49122394060409252E-001
z   6  1.06085698357366726E-001 -1.04004018445334231E-001
z   7 -4.30115560649971113E-002 -8.98579235881078325E-002
z   8  3.60002807141349065E-002  1.06241279316796038E-002
z   9  1.12612340962835095E-001 -1.03045184405452309E-001
z  10 -1.72995258560094484E-001 -2.82360274151305046E-001
z  11 -4.23517881971319510E-001  1.46907860818291852E-001
z  12  1.09992730682722362E-001  3.13489037765005585E-001
z  13  1.24728927530115708E-002 -7.47215268918980657E-002
z  14  4.59438439677346822E-002  8.93722732497562317E-002
z  15 -3.81570427124786823E-002  2.13227467361529859E-002
z  16 -1.81962845448491971E-002 -1.92861383094948616E-002
z  17 -1.68827900220991957E-002  1.14361796713465507E-002
z  18  2.83814423962848797E-002  5.74677169054386636E-003
z  19 -1.25335694173857922E-002  4.02077597739447772E-003
z  20  2.10667179645380558E-002  6.65727013255118950E-003
 
basis     3
D -6.73662641312625099E-001  7.16627500609773760E-001
a   1 -1.51980280038222088E-001  1.80755987941788460E-001
a   2 -5.09608462053332323E-001 -8.27362364811313533E-001
d   1  1.49087105279214031E-002 -2.35687214434094877E-001
d   2  3.95521462791457445E-001 -8.87576497984166712E-001
s   1 -2.78965787565921062E+002
s   2 -2.77431418957920926E+002
z   1  1.12614263333792142E+000 -3.71930872925462008E-001
z   2  5.94544179382949900E-001  3.55813278035593469E-002
z   3 -5.76498919269488486E-001 -2.85207941640676366E-002
z   4 -2.74316939745743338E-001  5.33077118208626632E-002
z   5  6.19306221900553233E-002  1.66352333701567295E-001
z   6  7.42351063136690442E-002 -6.70063924272680245E-002
z   7 -6.93727072504552178E-002 -9.37001014451739524E-004
z   8  1.70084325612717031E-002  6.60806062048596432E-002
z   9 -4.34866261151956104E-002 -3.58765997472100095E-003
z  10 -2.24452020297849608E-001  1.68014276988051575E-001
z  11  1.30734045217104938E-001  4.53254965023708323E-001
z  12  4.07450652010260261E-001 -1.42339590508642026E-002
z  13  2.48702167629465537E-002 -7.77016425829935020E-002
z  14  1.19121770288759699E-001 -3.51398595647867892E-002
z  15  6.54911999925479743E-002  1.33462667829825077E-002
z  16  3.18400985535974984E-002  8.65729930917024000E-003
z  17  4.22493203843440149E-002  9.50762259573977942E-004
z  18  2.61073130328372052E-002 -2.43836303667388475E-002
z  19  3.22101005126968903E-002 -2.14332623573465627E-003
z  20  1.95476937627411113E-002 -4.81903323214572313E-003
 
basis     4
D  9.68618115034851956E-001  5.24828981369778624E-001
a   1 -3.61508855386621974E-001  7.46155859050177894E-001
a   2  2.57214848485633141E-001 -4.96390273072144672E-001
d   1 -2.79827027250534772E-002 -8.28645996108142602E-001
d   2  5.42935317055242228E-001 -1.33356750771189414E-001
s   1 -2.79116822882656209E+002
s   2 -2.77312017863226231E+002
z   1  1.12096003047496628E+000 -3.66620360354280861E-001
z   2  6.24809687623954724E-001  5.60922630547972187E-002
z   3 -5.29142991677061469E-001 -4.07935876251517004E-002
z   4 -2.58809724239696337E-001  4.01234627803625284E-003
z   5  2.05003214655282290E-002  1.36535055723837007E-001
z   6  7.91252689479691740E-002 -1.82785344214794580E-002
z   7  4.92581081504694027E-002 -3.22868915521954264E-002
z   8  3.36126514964524351E-002 -2.16847306312065238E-002
z   9  6.19494787152827311E-002  1.02764080619705586E-001
z  10  2.60307953889735488E-001 -1.01919185584496350E-001
z  11 -1.15165513374421352E-001 -3.92288086101686639E-001
z  12 -2.48820966283934519E-001  1.21458649882231012E-001
z  13  6.36081198166011941E-002 -4.52822630526969194E-002
z  14 -6.50134163440613116E-002  7.55775070223152351E-002
z  15 -5.86782943840150478E-002 -4.08554326155686348E-002
z  16 -2.37157608145462592E-002 -4.40782614600574510E-002
z  17 -3.76556533550303496E-002 -2.53374724018330111E-002
z  18  6.37931308046953745E-003  1.51138357785048204E-002
z  19 -3.40084222454957591E-002 -1.63982241393311606E-002
z  20  6.65557387403217522E-005  1.47872465324975014E-002
 
basis     5
D  1.98020368762257565E-001 -1.68691476913921390E+000
a   1 -2.98287390185443146E-001  6.78531578230171961E-001
a   2  1.59041270489110015E-001 -6.52169766611442547E-001
d   1 -7.41914104193305418E-002 -7.37479562034881853E-001
d   2  5.67698011684209858E-001 -3.58243629016076703E-001
s   1 -2.79087304428733489E+002
s   2 -2.77228818459412651E+002
z   1  1.11792033120970724E+000 -3.51014681558828867E-001
z   2  6.27367389310114043E-001  5.36942525993652220E-002
z   3 -5.25666495737580175E-001 -3.81185110804738506E-002
z   4 -2.60708710680775169E-001 -1.15500928662858118E-002
z   5  1.27595676780598508E-002  1.33734832475261772E-001
z   6  5.93529423531383438E-002 -4.64707239270172653E-003
z   7  5.03411789688715805E-002  1.76147694478379969E-003
z   8  5.20466932600452542E-002 -2.70434802052997858E-002
z   9 -2.65863980480383275E-002  1.00975266011183978E-001
z  10  2.16065495285832826E-001  8.08119579202023208E-002
z  11  8.79111039142918133E-002 -2.54787951946213287E-001
z  12 -1.68775475134043174E-001 -5.25719252277076152E-003
z  13  6.33613116041276403E-002 -5.46718528399586009E-003
z  14 -4.45731318920545919E-002  1.73784613341575050E-002
z  15 -2.77946031697317193E-002 -3.83292114322170488E-002
z  16 -2.73801605940925770E-003 -2.96455581386038530E-002
z  17 -1.30895513040150523E-002 -1.68274349874842702E-002
z  18  1.26583800826218697E-002  6.45818059862818695E-003
z  19 -1.34719436036368923E-002 -1.46191203779721599E-002
z  20 -1.34530347523580075E-003  4.41577226537838170E-003
 
basis     6
D  4.62253673608015447E-001 -4.98276277600288586E-001
a   1 -3.13534167965750343E-001  6.79214750993657690E-001
a   2  1.77882101187450375E-001 -6.39313386085232693E-001
d   1 -5.03218214121307975E-002 -7.46394042539942348E-001
d   2  5.67611803191246489E-001 -3.43773891429540845E-001
s   1 -2.79101959139023393E+002
s   2 -2.77215011288429764E+002
z   1  1.12281610688215761E+000 -3.58891106828429951E-001
z   2  6.28116956590230258E-001  5.42390239596742263E-002
z   3 -5.24690648196471598E-001 -4.62276249585052701E-002
z   4 -2.64693551440902120E-001 -1.45952780530436352E-002
z   5  4.33801844493142234E-003  1.32529037999062016E-001
z   6  6.93538745280938701E-002  1.95745963442730446E-003
z   7  5.17671244887136575E-002  2.88534672109092786E-003
z   8  4.34776707873318485E-002 -2.17967927953333085E-002
z   9 -1.56491716123815412E-002  9.54952509178940562E-002
z  10  2.08847999462321104E-001  6.05001274108813714E-002
z  11  6.67284005228150345E-002 -2.65977670284395340E-001
z  12 -1.74951947083727161E-001  1.79787260028979705E-002
z  13  5.54702333042854587E-002 -1.83573276185418702E-002
z  14 -4.69523218626165112E-002  1.85269091038045008E-002
z  15 -2.72593113888565906E-002 -4.20259338371600372E-002
z  16  2.99570043811949512E-003 -3.70857231854663308E-002
z  17 -2.12032635327392555E-002 -2.25632380670860271E-002
z  18  9.68073906389817565E-003  1.39551941440931235E-002
z  19 -1.03157055976451778E-002 -1.46415679234139138E-003
z  20  8.44314060113516250E-003 -2.40231691586472460E-003
 
basis     7
D  1.57507245066243873E+000 -9.18181697675775954E-001
a   1  3.10538832975797818E-001 -7.21733414164132059E-001
a   2 -1.65231849103750439E-001  5.96124943392544626E-001
d   1  6.64184220116285640E-002  7.82893403423780443E-001
d   2 -5.46560589951740394E-001  2.89720613012975969E-001
s   1 -2.79110787445424933E+002
s   2 -2.77273140535343146E+002
z   1  1.12521230417877693E+000 -3.61249737410334337E-001
z   2  6.24101657133301013E-001  5.45497528959642403E-002
z   3 -5.33028305245115908E-001 -4.65171462184329684E-002
z   4 -2.52419939530941329E-001 -1.38422083546690649E-002
z   5 -5.20977873074802197E-003  1.29567918811938160E-001
z   6  6.43926855134552834E-002 -3.80606457932768441E-003
z   7  5.24926968662898299E-002 -6.45921925934754473E-003
z   8  3.57430565537688039E-002 -2.27296038530263381E-002
z   9  1.02123974365009064E-002  1.20600719321236227E-001
z  10  2.66330815049788228E-001  1.48885349321259356E-002
z  11  3.13590042637707025E-002 -3.34288488780763338E-001
z  12 -2.28254848797810023E-001  3.13746521313038942E-002
z  13  6.43371665918722191E-002 -2.02290837606669202E-002
z  14 -6.58756343738867850E-002  4.17073640939047904E-002
z  15 -3.96511219115122243E-002 -3.10691364097520940E-002
z  16 -4.29858876190758205E-003 -3.72217311570252479E-002
z  17 -1.84471651369728130E-002 -2.60875431671008656E-002
z  18 -4.74426331743693901E-003  1.93897464153085959E-002
z  19 -2.39915473349107781E-002 -9.75899969689317422E-003
z  20 -1.89553027123505599E-003 -1.16808696619572516E-004
 
basis     8
D  1.11388595583537797E+000  5.50889270763103775E-002
a   1 -4.48088967827075302E-001  1.42393210633135842E-001
a   2 -1.47873214759846716E-001 -8.70099972896030693E-001
d   1  2.84337116031825876E-001 -3.74448866962433624E-001
d   2  6.30973379926990652E-001 -6.17100513936420736E-001
s   1 -2.78988093919771643E+002
s   2 -2.77425007895196870E+002
z   1  1.11218003592371706E+000 -3.58623382107487232E-001
z   2  6.02939397366095364E-001  3.73511869851175793E-002
z   3 -5.73682537183074048E-001 -8.65419668434767343E-003
z   4 -2.74749291199907486E-001  6.84728248770476722E-002
z   5  5.65251232899941780E-002  1.80131067436821224E-001
z   6  6.31754432887097206E-002 -4.65250024552762154E-002
z   7 -5.16315210352109519E-002  2.63045422735296193E-002
z   8  4.84535997063382656E-002  8.49142529218168129E-002
z   9 -1.95215822096298647E-002  4.48224052429485043E-002
z  10 -1.13206625643096054E-001  2.45584136541986686E-001
z  11  3.04576983490139563E-001  3.37881289557421471E-001
z  12  3.60510702862130494E-001 -2.07423738059975576E-001
z  13 -1.87272566154262701E-002 -7.24683802583662856E-002
z  14  6.79163941816281203E-002 -7.59365998280893267E-002
z  15  6.15390739477143928E-002 -6.61409569631004300E-003
z  16  2.53275158969479830E-002  1.72415069732080213E-002
z  17  2.50779199548379489E-002  3.84388349943075476E-003
z  18 -1.10863801698658500E-003 -2.39661518215380995E-002
z  19  3.70225514772231160E-002 -2.69549353677644554E-003
z  20  1.39183360464284825E-003 -1.06476008519814317E-002
 
basis     9
D -6.85911267434214711E-001  8.44724643203638381E-001
a   1 -5.25507442258988933E-001  4.89387981700375674E-001
a   2  6.17985264972356729E-001 -3.20055532329427073E-001
d   1  2.84160477147168855E-001 -6.59478196553794360E-001
d   2  6.85241847765185597E-001  1.21593345085087290E-001
s   1 -2.79187619948287477E+002
s   2 -2.77113637475020710E+002
z   1  1.14078842450272400E+000 -3.59748260301407052E-001
z   2  6.40929821287412271E-001  2.43769886719353707E-002
z   3 -5.54006734029308334E-001 -7.30979808663709402E-002
z   4 -2.76317288680687556E-001  6.77942588719297550E-004
z   5  3.83571617137271476E-002  1.68995132547734545E-001
z   6  1.03980679080969640E-001 -6.72545702850824295E-002
z   7 -1.45752442733298963E-002 -6.65624940240441554E-002
z   8  3.10606530041471658E-002  4.12960261818987040E-002
z   9  1.33730113925874777E-001 -1.87680759151986863E-002
z  10 -2.83118966322808696E-002 -2.47302748241744946E-001
z  11 -2.98228782795492420E-001 -4.16024231205318513E-003
z  12  3.75285586826414538E-002  2.00785218534628079E-001
z  13 -9.05465349658028705E-004 -6.22676553904154897E-002
z  14  2.67033543078814897E-002  6.50108110554773466E-002
z  15 -6.06846776499199714E-002  2.79139229869883494E-002
z  16 -2.81673693072624493E-002 -2.06165490003389039E-002
z  17 -2.84542049607912455E-002 -1.56587861666012827E-003
z  18  1.35779060213508506E-002  1.47205650809612877E-003
z  19 -1.36116247463754694E-002 -2.70948640979515321E-003
z  20  9.66774127261412798E-003  1.56241105189150100E-002
 
basis    10
D -1.16656397426233016E-001  6.75244073259286259E-002
a   1  5.10390013206723392E-001  1.13943823922452725E-002
a   2 -8.32192614367535777E-001  2.16396984869878239E-001
d   1 -4.45974515120678539E-001  2.48464342299122620E-001
d   2 -7.29021582999343942E-001 -4.55960232903900531E-001
s   1 -2.79071126673021922E+002
s   2 -2.77273468475152356E+002
z   1  1.13037390690338890E+000 -3.52839998274955380E-001
z   2  6.20469806236766841E-001  3.99139151608550319E-002
z   3 -5.52726183228179568E-001 -3.26895966840419980E-002
z   4 -2.71934013427000632E-001  2.73543785266953526E-002
z   5  5.11477013305290870E-002  1.55222435037444956E-001
z   6  4.54614949962537096E-002 -5.28349350804397516E-002
z   7 -3.18956348224038733E-002  2.66927642489339402E-002
z   8  7.01976987635614946E-002  2.52378501645314987E-002
z   9 -5.67186130072973443E-002 -5.79047792348538551E-002
z  10 -2.05377131695781256E-001  2.02056037272734690E-001
z  11  2.61104992525468926E-001  3.14282104490679892E-001
z  12  2.09516072512082985E-001 -2.17189676389699077E-001
z  13 -4.62434697165867645E-002  5.08917828458140681E-002
z  14  5.95358734774946996E-002 -7.42791078668995769E-002
z  15  7.63438247049497837E-002  2.17918324217263974E-002
z  16  4.30290395962890163E-002  5.12011906588813667E-002
z  17  4.85237456233117218E-002  2.55028111980524497E-002
z  18 -1.40018632968803118E-002 -1.85075845418386127E-002
z  19  3.97238792076626268E-002  1.30756002724011257E-002
z  20 -3.76500400171143239E-003 -7.67081041948184782E-003
