ndof   20
nconf    2
nbasisfns   10
initial_PES    1
time  1.00000000000000000E+001
 
zinit   1  1.16383810371819241E+000 -3.78239955264060401E-001
zinit   2  3.79683700073469632E-001  3.51314478352516349E-002
zinit   3 -1.43598328250384988E-001 -1.49513924497056916E-001
zinit   4  4.58022923350961564E-001 -1.97829877501715767E-001
zinit   5 -3.86789505769034175E-002  7.58970539137669570E-002
zinit   6  3.98577546638554520E-003  3.80128180197422116E-002
zinit   7 -6.25200570437492581E-002  1.55417680838880225E-002
zinit   8  5.17816942774047204E-002 -4.67603717325371787E-002
zinit   9  1.27477628659688671E-002  3.50846854112225491E-003
zinit  10  4.53893362856256852E-003 -9.37439979233618825E-003
zinit  11  3.04776263411692420E-003 -4.50562372803892108E-003
zinit  12 -1.59328727080428447E-004  2.35318109582999127E-003
zinit  13  5.24912086729469409E-004 -2.75729505231313331E-004
zinit  14  3.66859789707293569E-004 -4.12636186616952439E-004
zinit  15 -1.38992717482779976E-005 -7.10451332975887550E-005
zinit  16  1.61117993056582538E-005  1.21479372678074944E-004
zinit  17 -8.28021510524742509E-006 -1.14997637425427495E-005
zinit  18  8.20739637318728369E-007 -3.14864090970904860E-007
zinit  19 -5.77185384711794069E-009 -5.18043964141646036E-010
zinit  20 -3.18304842183654547E-014  1.64079529154166793E-014
 
basis     1
D  5.81861974741786026E-001 -6.37207217616664046E-002
a   1 -2.07607773290017228E-002  9.61261714206032569E-001
a   2 -3.65350195641208075E-002 -2.72415306603436547E-001
d   1 -8.29778833435583452E-001 -4.85718211163537639E-001
d   2  2.65549672072284138E-001 -7.09103560045878656E-002
s   1 -2.78538940002876984E+002
s   2 -2.77903325679232751E+002
z   1 -3.69188413591290746E-002 -1.22308394421810229E+000
z   2 -3.15750480597711380E-001 -2.02663827858530515E-001
z   3  2.33255900570866287E-001  2.74430354821249885E-003
z   4  5.03332752786289195E-001  1.48728810869837386E-001
z   5  2.94515129851493813E-002  6.45210399211476326E-002
z   6  2.29111158310780008E-002 -3.93043350490799963E-003
z   7  7.51016049117978757E-002 -4.30045838894927840E-002
z   8  7.49565059432032582E-002 -9.15724301201483182E-002
z   9  4.78067807455333296E-002  6.12045202875517932E-002
z  10  3.04576059796592802E-001 -2.33436441862401103E-002
z  11  8.69076307336421050E-002 -4.91429291356600018E-001
z  12 -3.75761956602198854E-001 -1.38168198996206554E-001
z  13 -3.13601552937047903E-002  5.61313779002447638E-002
z  14 -1.14512171485940478E-001  6.80639588477692059E-004
z  15 -4.35711898667790337E-002 -2.60999906865758864E-002
z  16 -1.76934813161456830E-002 -1.40276017467372942E-002
z  17 -4.17278191551554919E-002 -2.50687866378384618E-002
z  18 -2.62388349387538203E-002  1.00745779660789975E-002
z  19 -1.72464396631598349E-002 -3.00893333217676796E-003
z  20 -1.90708424258227670E-002 -1.76834693762491202E-004
 
basis     2
D  1.22489840106535325E-001  3.77975146012179020E-001
a   1 -3.47704621889542209E-001  7.77031402796309223E-001
a   2  5.15932569330010637E-001 -9.55891149115394023E-002
d   1 -5.24875347696227901E-001 -6.70210544825813326E-001
d   2  1.48257787251930784E-001  5.03332219815301518E-001
s   1 -2.78516609608432532E+002
s   2 -2.77927695279913507E+002
z   1 -2.82332899519421553E-002 -1.23447410274925162E+000
z   2 -3.08112139687368169E-001 -2.34540566161944047E-001
z   3  2.18416661149171937E-001 -1.39165089612226459E-002
z   4  4.74661136570541820E-001  1.34454600486321213E-001
z   5  2.82304280921056132E-002  5.74748913280861140E-002
z   6  3.18787745793039506E-002 -5.96815304424748241E-002
z   7  4.97818362406193746E-002 -1.20989740473470900E-001
z   8  5.01460237301247502E-002 -1.19377479343487400E-001
z   9  7.32554282714085458E-002 -6.23725525770911157E-002
z  10  1.09163654714390088E-001 -2.87610958542685646E-001
z  11 -3.83555394315417075E-001 -3.21758971881570210E-001
z  12 -2.99589215644701645E-001  2.80580374030303503E-001
z  13  5.02058800133874453E-002  2.93352202893687533E-002
z  14 -5.63448090641043495E-002  9.83209459374724953E-002
z  15 -5.93745934466296255E-002  4.67078325764081967E-003
z  16 -2.43367455284710134E-002 -1.71769591488597217E-002
z  17 -5.08677723627746006E-002  2.50186073132588772E-003
z  18 -4.81558311688465659E-004  3.80923618559843233E-002
z  19 -3.30581444828715806E-002  3.80816533373353697E-004
z  20 -9.38563445780259717E-004  1.11509680860859897E-002
 
basis     3
D -1.40070380017859653E+000 -3.26921001119207411E-001
a   1  3.56987374231824361E-001 -6.93830652084430843E-001
a   2 -6.24790214110851783E-001 -2.82175338838708684E-002
d   1  4.62654929790767222E-001  6.28324259497545778E-001
d   2 -3.30195956165917348E-002 -6.24554839203482648E-001
s   1 -2.78491857145520726E+002
s   2 -2.77932997465150663E+002
z   1 -2.03905856395516713E-002 -1.22609216612004768E+000
z   2 -3.15034507578890177E-001 -2.28560671850573299E-001
z   3  2.16472737954210709E-001 -3.21335211586254721E-002
z   4  4.76325835116831631E-001  1.37036656179239297E-001
z   5  2.57494415529092857E-002  5.00443529687535152E-002
z   6  2.96991259388472983E-002 -6.92198007557756345E-002
z   7  1.39623621766574273E-002 -1.24412807445950818E-001
z   8  3.46664324175039035E-002 -1.11949726988588225E-001
z   9  5.19114384749922511E-002 -9.04037899012878898E-002
z  10  1.03715146899910574E-002 -2.84891293902519493E-001
z  11 -4.32928841940922737E-001 -2.01153206579094579E-001
z  12 -2.28921590837268235E-001  3.36774769119077722E-001
z  13  7.38859602170782725E-002  3.68820690890227440E-002
z  14 -2.17121079361465540E-002  1.09679526107668165E-001
z  15 -5.05276583263639459E-002  1.56011106452566880E-002
z  16 -2.33574445360309225E-002 -1.55520516576174959E-002
z  17 -3.55233777241576454E-002 -1.34004830456871879E-002
z  18  1.45722081350544048E-002  2.27150619290660757E-002
z  19 -1.93449262242067280E-002 -5.89603582016927363E-003
z  20  6.72003537770798302E-003  1.82604146474278535E-002
 
basis     4
D -1.30076057333878115E-001 -4.61193622619604282E-001
a   1  4.27089385243019204E-001 -7.00795595038264274E-001
a   2 -4.29822205118496503E-001  3.76474518360558563E-001
d   1  3.88281120450536754E-001  7.23019764953884758E-001
d   2 -4.61982278374959310E-001 -3.36232903588008503E-001
s   1 -2.78561589423367650E+002
s   2 -2.77808628314605755E+002
z   1 -2.23656915446019053E-002 -1.22134706863863918E+000
z   2 -3.09059859781701918E-001 -2.16927225718231725E-001
z   3  2.14909550703533819E-001 -2.42723285255707563E-002
z   4  4.65859671760136762E-001  1.49508645890422037E-001
z   5  2.77030682466078912E-002  7.94285931927216915E-002
z   6  4.55932612153325117E-002 -1.91318901344898866E-002
z   7  4.08453750869374466E-002 -1.01925552962729177E-001
z   8  3.29209398929192557E-002 -5.22667549757286978E-002
z   9  1.05504610424449835E-001  2.34246709443993659E-002
z  10  1.98654084346126608E-001 -2.46632851712284856E-001
z  11 -3.06621619461479089E-001 -3.22300040100703455E-001
z  12 -2.07661187989879398E-001  2.35833087071604802E-001
z  13  3.80080200111307526E-002 -5.73691272571870831E-002
z  14 -3.59670437722874187E-002  1.01222563655533490E-001
z  15 -7.22932688752374042E-002 -1.22337281828701662E-002
z  16 -2.68639923202596137E-002 -3.69107576169640378E-002
z  17 -4.78634170575594001E-002 -1.80631177852266685E-002
z  18  1.72288512842725984E-002  1.17362976445489139E-002
z  19 -4.18994413467189061E-002 -1.29028867272654238E-002
z  20  8.26694154167181665E-003  1.52084113630674440E-002
 
basis     5
D  1.58926752952297412E+000 -3.18703107345355285E-002
a   1  2.58079235300648413E-001 -8.40452327884571471E-001
a   2 -4.73159565543189775E-001  5.61695504257232886E-002
d   1  6.49013605955835349E-001  5.93082073935948806E-001
d   2 -1.13362882142509391E-001 -4.62800010601114364E-001
s   1 -2.78473416415141969E+002
s   2 -2.77908888366481222E+002
z   1 -3.15933651807853225E-002 -1.23811921053494745E+000
z   2 -3.14247975389724266E-001 -2.25962312697076367E-001
z   3  2.19270483195931343E-001 -3.03079713429188248E-002
z   4  4.93773626037835422E-001  1.32069517451224444E-001
z   5  3.48973614879960065E-002  2.88156800218297461E-002
z   6  2.84027317593012162E-002 -5.50756079730612413E-002
z   7  3.70552325388806697E-002 -1.10046279992223855E-001
z   8  5.99579337715709301E-002 -1.26306395306173935E-001
z   9  5.04195951739043538E-002 -5.75503914493068411E-002
z  10  1.23521422424770946E-001 -2.47624188044036020E-001
z  11 -3.22144056907742504E-001 -3.78438386346783895E-001
z  12 -3.54718447602632603E-001  2.16180700654473201E-001
z  13  2.55329740587423720E-002  5.18427446123601032E-002
z  14 -6.18790140846513029E-002  9.61043097175196537E-002
z  15 -6.56655362880888133E-002  2.74196890589172406E-003
z  16 -2.08042723041157486E-002 -1.18461200773649650E-002
z  17 -4.84211664976202036E-002 -2.73692201540618818E-003
z  18 -4.63546779599559484E-003  1.50771618823287313E-002
z  19 -3.53675471529455790E-002 -3.48871452227251730E-003
z  20  1.90687548568102159E-003  1.18111013252677460E-002
 
basis     6
D -1.04365868170079601E+000  1.75346565681833377E+000
a   1  4.40310422662695267E-001 -6.48271752461195616E-001
a   2 -4.21143064780044873E-001  4.56627841511227428E-001
d   1  3.40188894057638413E-001  7.05975247232048297E-001
d   2 -5.63114312335489475E-001 -2.62245567929108359E-001
s   1 -2.78556072887617518E+002
s   2 -2.77721793477872097E+002
z   1 -1.38740606454241557E-002 -1.21174334761511604E+000
z   2 -3.12271643741464822E-001 -2.26080258578443799E-001
z   3  2.02154598645360783E-001 -2.74609930338781186E-002
z   4  4.62360212839625084E-001  1.60287619134379805E-001
z   5  3.60820358629417998E-002  9.92137850677614896E-002
z   6  5.87033699071693865E-002 -1.65467953208781535E-002
z   7  3.01010830300556705E-002 -9.89633654759605880E-002
z   8  4.17582326272884774E-002 -3.80080813809491325E-002
z   9  9.07571429138708113E-002  5.40010074871252743E-002
z  10  1.88169216680769996E-001 -1.96780503925386513E-001
z  11 -2.34902825709398799E-001 -2.58489250495386458E-001
z  12 -1.32699295296056591E-001  1.94608544238194625E-001
z  13  3.93351773719286535E-002 -7.85627036703865078E-002
z  14 -2.49639833233155362E-002  7.88960943106604001E-002
z  15 -7.14714982873962401E-002 -1.30273855210700246E-002
z  16 -3.28962522998777415E-002 -4.04263111236022113E-002
z  17 -4.05509050079999878E-002 -9.00066150498606520E-003
z  18  2.80592369513775128E-002  1.00244161138138936E-002
z  19 -3.74773766494398627E-002 -3.44213916119530698E-003
z  20  1.18484539376358007E-002  4.26259028316754249E-003
 
basis     7
D  6.17895921207422982E-001 -1.94685862908234086E-001
a   1 -5.66812729748193522E-001 -3.55800007038816535E-001
a   2  6.95624509743263952E-001 -2.61220645874172763E-001
d   1  6.01949471770631961E-001 -2.92450250552940327E-001
d   2  3.42434573468195225E-001  6.59445408870310890E-001
s   1 -2.78588938493636022E+002
s   2 -2.77911226284398992E+002
z   1 -2.59328357970712367E-002 -1.21250360996149675E+000
z   2 -3.21618052680406996E-001 -2.01714123397684658E-001
z   3  2.19170621257098491E-001  1.45752126736474752E-002
z   4  4.93347247080346551E-001  1.83477121213704603E-001
z   5  2.98873435571694879E-002  8.32098487860963160E-002
z   6 -1.70541111699733607E-003  1.27249585407492056E-002
z   7  2.15363337079408496E-002  8.39953993709747528E-003
z   8  8.76422373630473400E-002 -1.73047549739734317E-002
z   9 -8.21539335220824174E-002  8.37945958551253867E-002
z  10  9.63817041190135337E-002  3.32636361215649767E-001
z  11  4.82270871716123095E-001  5.45051669779414785E-002
z  12  8.86882512353916602E-002 -3.80449025104061977E-001
z  13 -5.29741652230087887E-002  3.12629131937624469E-002
z  14 -8.75168669983711865E-003 -1.07780164922472541E-001
z  15  5.69921391332081154E-002 -1.97448627458484786E-002
z  16  2.47519127352867491E-002  5.08203214946499789E-003
z  17  3.03595009874835196E-002  2.72129193611631709E-003
z  18 -2.01225123923592063E-002 -1.33453503841521031E-002
z  19  2.83561367190913426E-002  8.48876327180909419E-003
z  20 -1.87866299158344040E-002 -1.07929942886682284E-002
 
basis     8
D  6.46171804813605921E-001  2.56572728941383416E-002
a   1  4.85822169615599986E-001 -1.31356170312606879E-001
a   2 -5.97967465635864115E-001  6.23824723838124262E-001
d   1 -1.34781041667774576E-001  4.84883176421035456E-001
d   2 -7.00584475548608476E-001 -5.05869319736798717E-001
s   1 -2.78566136592762916E+002
s   2 -2.77892095291027374E+002
z   1 -2.11219984359039444E-002 -1.21588649221337186E+000
z   2 -3.18296266178421938E-001 -2.13091328917399264E-001
z   3  2.04430263310698052E-001  2.18662858691877435E-003
z   4  4.83758737795034255E-001  1.77768774917307998E-001
z   5  3.33739558840651582E-002  8.51306581159316372E-002
z   6 -4.29696259331345011E-003 -1.51612941503520907E-002
z   7 -6.24544598658328867E-003 -1.65387850248219399E-003
z   8  7.81728522854920893E-002 -2.49004632026171187E-002
z   9 -1.17953285949099845E-001 -1.55291650972476918E-002
z  10 -1.00975995086413375E-001  3.05699484796752519E-001
z  11  3.93442639338088651E-001  2.56685510443018905E-001
z  12  1.93808119462082373E-001 -2.83843692365648381E-001
z  13 -3.10324215589101032E-002  4.69018832752044340E-002
z  14  4.30723135192066578E-002 -1.03903972697268102E-001
z  15  8.22110528934977547E-002  2.18774665849505532E-003
z  16  3.81645470876910281E-002  4.49901584678287156E-002
z  17  5.56198174784094668E-002  1.84545876382360835E-002
z  18 -1.45190048670014674E-002 -2.07075469736470279E-002
z  19  5.28211206075867232E-002  1.64240324430853972E-003
z  20 -7.73550581731363707E-003 -1.36001373960186866E-002
 
basis     9
D  4.19358383648924860E-001 -7.51452831299831536E-001
a   1 -3.66871560484099968E-001  1.88479890687857310E-001
a   2  8.44765457877707848E-001  3.40957343506407051E-001
d   1  1.69324845455909902E-002 -4.12107634062824135E-001
d   2 -2.32133124986567713E-001  8.80905670999029278E-001
s   1 -2.78546600472447096E+002
s   2 -2.77904992698113233E+002
z   1 -1.34079168927801959E-002 -1.21831945411073561E+000
z   2 -3.13998857024535949E-001 -2.32996803966985050E-001
z   3  1.99216987862314121E-001 -3.32361623305025763E-002
z   4  4.51228654406536145E-001  1.62137831742058092E-001
z   5  4.04446657051602612E-002  6.96876862237211792E-002
z   6  1.95658215493608907E-002 -8.62920096454728586E-002
z   7 -4.43155016165036053E-002 -1.07718451738259599E-001
z   8  2.15625169916517437E-002 -5.67843014642282484E-002
z   9 -2.27381585956987686E-003 -1.25544322945320114E-001
z  10 -2.74670734333890554E-001 -1.46473341253196526E-001
z  11 -3.43047430582135382E-001  3.09629442419827150E-001
z  12  2.25493366881496266E-001  3.17309074996612150E-001
z  13  7.21692692376649514E-002 -5.22641322476476641E-002
z  14  8.14713057504351801E-002  6.73592315225102350E-002
z  15  3.67163602167073144E-003  3.25726420383082443E-002
z  16  5.56728339135030819E-003 -3.95202749768599603E-003
z  17  1.26492706207559438E-002  6.03103182998558987E-003
z  18  4.83949365310153701E-002 -3.84173813091565129E-004
z  19 -6.00415940535320349E-003 -3.11546519278034593E-003
z  20  2.89846594910732475E-002  9.55397487667400923E-003
 
basis    10
D  9.19595289787217496E-001 -1.14261341203931943E+000
a   1  5.12326912061871864E-001 -5.33641605199562052E-001
a   2 -5.76446980397301911E-001  3.47068654833685319E-001
d   1  1.73845531238886936E-001  7.19047953123494787E-001
d   2 -5.16833831685057810E-001 -4.30848654173333234E-001
s   1 -2.78599503509197291E+002
s   2 -2.77697016745298299E+002
z   1 -7.03251623788637720E-003 -1.22176359621406960E+000
z   2 -3.00760216264279734E-001 -2.33821627379521474E-001
z   3  2.00294355059842527E-001 -2.84625451757907419E-002
z   4  4.51346113157293394E-001  1.75128224720775882E-001
z   5  3.58530468098714541E-002  9.95667863384768065E-002
z   6  5.91603357498574484E-002 -3.55094413080619536E-002
z   7  4.18739063103707853E-003 -1.01198483600679054E-001
z   8  3.15685536896207486E-002 -1.81556867982209623E-002
z   9  1.26856618508145280E-001 -2.46992460201560446E-002
z  10  2.36284770696793683E-002 -2.63921178307365834E-001
z  11 -3.04244754408359630E-001 -6.68687315878062627E-002
z  12 -8.08365031382137812E-003  2.18180673561094440E-001
z  13 -1.53326446322467683E-003 -6.84514427994259989E-002
z  14  1.91378517563675112E-002  7.09147139404112808E-002
z  15 -4.76651395348416593E-002  9.23612090340434830E-003
z  16 -2.51280983700294044E-002 -1.93364795625816863E-002
z  17 -3.78402624486431569E-002  2.44559516883011488E-003
z  18  2.38821252295089263E-002  1.28609147231689720E-002
z  19 -2.09512743310424458E-002 -6.66969190137544146E-003
z  20  8.65793330534812312E-003  1.50402925250744729E-003
