ndof   20
nconf    2
nbasisfns   10
initial_PES    1
time  1.00000000000000000E+001
 
zinit   1  6.05282391177708212E-001  1.67435828578188639E+000
zinit   2  2.33239986607707950E-001  5.09359241951506461E-002
zinit   3 -2.67933440548196955E-001 -2.55606178633472313E-002
zinit   4 -1.57544990340834523E-001 -1.51393079856863094E-001
zinit   5 -5.63430414698388483E-003  1.41637462165181666E-001
zinit   6 -2.62758620374296294E-002 -3.51948964766785610E-002
zinit   7  8.21905198120499551E-003 -3.75297398570733146E-002
zinit   8  1.65267222593920952E-002  2.69460770023602775E-002
zinit   9 -1.27941570961509002E-002 -2.49359223966621746E-002
zinit  10  2.86205404113167071E-003 -1.06937997921250499E-002
zinit  11 -6.59980930123031228E-003  6.77632565213547033E-003
zinit  12  4.33788591223389225E-003 -6.86047478718256726E-004
zinit  13 -7.26340451371083754E-004 -3.43580191195474128E-006
zinit  14  1.94136253333658087E-004 -3.34804166866562792E-004
zinit  15 -1.18898815182859894E-004 -3.73846989632409236E-005
zinit  16  1.06222205025328529E-005  2.48598859506700249E-005
zinit  17  5.90792666616497149E-007  2.00646997610021174E-006
zinit  18  7.05000052573619185E-007 -1.24600205021328362E-007
zinit  19 -1.34966220786725743E-008  4.16036043280135131E-009
zinit  20  7.76855107984088536E-015 -3.97025927455157541E-014
 
basis     1
D  1.32218057450335147E+000  5.74736707340108066E-001
a   1 -3.35875007366763678E-001  7.53688196960513923E-001
a   2  3.01152677406595848E-001 -4.77963540533793751E-001
d   1 -3.05569265567023039E-002 -8.24575159127791224E-001
d   2  5.54908731444326841E-001 -1.05916858694018290E-001
s   1 -2.79145481551074226E+002
s   2 -2.77280105725867031E+002
z   1  1.76176441174322562E+000 -8.75363224309044369E-002
z   2 -1.72026969110194994E-001 -1.44523797276795873E-001
z   3  2.22797995973977009E-001 -1.88033690535763742E-001
z   4  7.45504314324198399E-003 -2.29466681680882995E-001
z   5  9.92494642327996779E-002  9.16026697260942657E-002
z   6  2.38355356799920780E-002  6.85226295825677179E-002
z   7  9.27935185175158966E-002 -3.60450529651344599E-004
z   8  1.03298073162529699E-003  3.38199817917213307E-003
z   9  5.64084251351933408E-002  1.23630892694366321E-001
z  10  2.77652507367036394E-001 -1.29169951208481487E-001
z  11 -1.50080577531496617E-001 -3.91031805889087813E-001
z  12 -2.77674089611874175E-001  1.55438706628744955E-001
z  13  6.06130743503358466E-002 -3.42407398353872378E-002
z  14 -6.04194918139053586E-002  7.54586388565184757E-002
z  15 -7.14180609772752800E-002 -2.93644930959967472E-002
z  16 -1.28576517253979356E-003 -3.13462179368933364E-002
z  17 -4.26659913213984915E-002 -1.89538421342196339E-002
z  18  1.19012298148725593E-002  1.77938234409658717E-002
z  19 -3.14543871108668577E-002 -1.24302412955076443E-002
z  20  1.13835887418512159E-002  1.25574310254363015E-002
 
basis     2
D  1.41146796758770648E-001 -4.20913576849304305E-001
a   1  2.29743200768317002E-002 -9.71449033829732911E-001
a   2 -2.62641847099228942E-002  2.34668165480080071E-001
d   1  5.12720555362113806E-001  8.25444532855406199E-001
d   2 -2.06252925737493598E-001  1.14972544170280688E-001
s   1 -2.79022278828728872E+002
s   2 -2.77410959815505237E+002
z   1  1.77630410205156042E+000 -1.01032850572029154E-001
z   2 -1.84936291536952430E-001 -1.51288125932505235E-001
z   3  1.96953164987794915E-001 -1.70828512854732606E-001
z   4  1.50639568877400341E-002 -2.19182952519382052E-001
z   5  1.03808941462607288E-001  8.19804271738785173E-002
z   6  2.09165700304709441E-002  6.36815750011424375E-002
z   7  9.96930020705244502E-002  1.66699535849500410E-002
z   8  5.39497722971291754E-002 -1.87523022697022868E-002
z   9  2.70641477966299636E-002  7.30939399859906469E-002
z  10  3.04401972423882450E-001 -4.46052320018755638E-002
z  11  6.67791527385817874E-002 -4.59675114103827442E-001
z  12 -3.79506878494105138E-001 -1.26169311317042759E-001
z  13 -5.30459868780198338E-002  7.00326724676811896E-002
z  14 -1.04605574751746006E-001 -8.46607998273198742E-003
z  15 -5.03716233079835665E-002 -2.98077619358393386E-002
z  16 -3.00833944940390383E-002 -9.75805565847018969E-003
z  17 -2.92954071519489420E-002 -1.16540897000723155E-002
z  18 -4.02829202553937130E-002  9.63109622099281824E-003
z  19 -2.71019013566172855E-002 -1.70355501892032954E-002
z  20 -1.84446710547259314E-002  1.68906295405378583E-002
 
basis     3
D -1.35752857148310069E+000  2.38787280922694434E+000
a   1 -3.59553917020604630E-001  5.73275320971375235E-001
a   2  3.86024421058753842E-001 -6.26946196628145769E-001
d   1  5.53922743870245357E-002 -6.74429617393783931E-001
d   2  6.62794941041731644E-001 -3.20592035536959419E-001
s   1 -2.79123519955897791E+002
s   2 -2.77028529863931453E+002
z   1  1.78824054572561164E+000 -7.14719797502558346E-002
z   2 -1.45271140758907014E-001 -1.33047208732887279E-001
z   3  2.24006678683964816E-001 -1.88451031275964909E-001
z   4  1.32328807293547804E-002 -2.35326462049696955E-001
z   5  1.22561798872896269E-001  9.05810883573033992E-002
z   6  1.15694532967295198E-002  5.56349430067518622E-002
z   7  4.96564093071509075E-002  1.57100204061851947E-002
z   8  2.50507513235405481E-002  2.11287281009379310E-002
z   9 -6.58109576368122885E-003  5.61015668014281446E-002
z  10  7.59443687230993009E-002  2.61080244084176648E-003
z  11 -3.72765243688616453E-003 -6.85085314573551929E-002
z  12 -3.53980407800009583E-002  1.39491852571580928E-002
z  13  1.93799263465066658E-002 -1.62701205480381521E-002
z  14 -1.25361931225105999E-002  1.19062338950217325E-002
z  15 -2.30535606030955777E-002 -6.78603096021515324E-003
z  16  8.89182006626750118E-004 -1.30382346273564629E-002
z  17 -5.15389751626534921E-003 -4.83753836984962635E-003
z  18 -3.43007513085513216E-003  5.69796128797135561E-003
z  19 -5.56137144117775997E-003 -2.25418532319801128E-002
z  20  1.03082953322565377E-003 -6.18029577139306481E-004
 
basis     4
D -6.41215390741177282E-001  1.32568020726324964E+000
a   1  4.52130418796990563E-001 -6.33182502200938080E-001
a   2 -5.32488446760421397E-001  3.33337752694884304E-001
d   1 -1.55723502957555771E-001  7.62294029441140997E-001
d   2 -6.16311494846701891E-001 -1.21729801711930083E-001
s   1 -2.79183156186435326E+002
s   2 -2.77214475083749051E+002
z   1  1.79215560541988816E+000 -8.83694093057723340E-002
z   2 -1.47187481069897791E-001 -1.52970689081015077E-001
z   3  2.08066721099252366E-001 -1.95481562466192305E-001
z   4 -1.04050172848222985E-002 -2.32605604632557361E-001
z   5  1.18466605173249168E-001  1.01043120246937429E-001
z   6  4.05521868990353779E-002  2.71069599425818770E-002
z   7  4.76131973433026948E-002 -2.28733443469993115E-002
z   8  1.39562814151051109E-003  1.69326723029310858E-002
z   9  8.87748751008304721E-002  4.62772673479025232E-002
z  10  1.31419521109284898E-001 -2.73260331439281079E-001
z  11 -3.55109664677804748E-001 -2.05321968776577490E-001
z  12 -1.23903281931090056E-001  2.73715091485779771E-001
z  13  4.22873832437087038E-002 -6.63493665570920599E-002
z  14 -1.07786244745895904E-002  9.53298245107195574E-002
z  15 -6.21000741351708518E-002  5.56283185498831351E-003
z  16 -3.35412488713736287E-002 -3.78525195048662125E-002
z  17 -4.61551677267328028E-002 -1.55297337906750293E-002
z  18  3.03395927752380043E-002  1.90605809543599874E-002
z  19 -4.31002858642344014E-002  2.31470091443867479E-003
z  20  1.34359270722432741E-002  9.79701139671982843E-003
 
basis     5
D -2.12358631381773438E-001 -2.29848017843898744E-001
a   1  1.66440339061782183E-001 -5.21898003157317936E-001
a   2 -7.37198092351229350E-001 -3.95549062022771403E-001
d   1  2.66434205945153157E-001  4.78636319212168149E-001
d   2 -8.44851883099098644E-002 -8.32335473706140250E-001
s   1 -2.78785092569024641E+002
s   2 -2.77437328511529870E+002
z   1  1.76335532021352548E+000 -1.07319984921402448E-001
z   2 -1.96631107655560855E-001 -1.87759330732986757E-001
z   3  1.86059125009951865E-001 -2.20215097293261913E-001
z   4 -2.48301937284079420E-002 -2.37590184530185239E-001
z   5  9.93131852094819023E-002  6.75026181766318345E-002
z   6  1.02268527483945128E-003  2.92610372702871392E-003
z   7  1.00682673870888858E-002 -3.75701104706968880E-002
z   8 -1.82474667969869213E-002 -2.26029479427560728E-002
z   9 -2.44466018809135766E-002 -4.14814536872833567E-002
z  10 -1.11775248036318775E-001 -1.72144192472515611E-001
z  11 -3.76232002854367753E-001  2.58815231175416639E-002
z  12 -7.95725081742016810E-002  3.50142567894592360E-001
z  13  9.20151072281278487E-002  4.89947641926518282E-002
z  14  2.86640744315672831E-002  9.36660079065811391E-002
z  15 -1.21537791625337763E-002  2.08281888840549032E-002
z  16  1.68058517900991355E-002 -3.72490335938513960E-003
z  17 -3.93783752565897600E-003  2.67471797429558568E-003
z  18  2.36999228088191696E-002  2.26796856426709423E-002
z  19 -1.58959851016427195E-003  5.51218895967550064E-004
z  20  2.86800997125870351E-002  3.66530311360418592E-003
 
basis     6
D  1.34247853935356071E-001  3.15003042293122371E-001
a   1  4.94757911441191134E-001 -8.68467348166584996E-002
a   2 -8.54576500462382094E-001 -1.31800070468205299E-001
d   1 -4.28583170042549810E-001  2.62000405797860103E-001
d   2 -5.30195167274088219E-001 -6.83055882279888671E-001
s   1 -2.79226810042579757E+002
s   2 -2.77217861098697426E+002
z   1  1.79635293015680375E+000 -8.09803268079710287E-002
z   2 -1.61106474181650250E-001 -1.65663474659743987E-001
z   3  1.88178302118514634E-001 -2.12248002468520824E-001
z   4 -2.75631793886433468E-002 -1.94648431268395067E-001
z   5  1.40688795164209568E-001  8.65832083907986244E-002
z   6  1.31916937397029907E-002 -1.90809603647729940E-002
z   7 -2.33211006349566437E-002 -3.94096708422404622E-003
z   8  2.99681421827249772E-002  7.18913318865205819E-002
z   9  2.93416072089729869E-002 -1.02751421592745307E-001
z  10 -2.97698017584327124E-001 -1.07476740281249983E-001
z  11 -1.62311994916520708E-001  3.91862602657224279E-001
z  12  2.94030043068550684E-001  8.66263256388260655E-002
z  13 -4.62895901183094302E-002 -1.93633594965518033E-002
z  14  1.04067110239560043E-001  2.97919402254926465E-003
z  15  3.72365106878562932E-002  6.11379701424227887E-002
z  16 -3.31495161126640469E-003  1.48727598336133946E-002
z  17  1.77439120671406374E-002  3.73218142751101795E-002
z  18  1.62376932838482826E-002 -6.33730848104653837E-003
z  19  2.94571302315726341E-002  1.25872034628543277E-002
z  20  3.53359412224971831E-003  5.67751304867120197E-003
 
basis     7
D  2.56574474906801520E-001 -5.43888811848274797E-002
a   1 -1.86860028636986447E-001 -1.28666087240542487E-001
a   2 -6.20141627527968420E-001 -7.50967861828167771E-001
d   1  2.23656946505583182E-001 -3.80683935542989113E-002
d   2  2.42780611045665895E-001 -9.43178637688588006E-001
s   1 -2.78830139911215781E+002
s   2 -2.77402360888880537E+002
z   1  1.78201312724107952E+000 -9.10111949801709480E-002
z   2 -1.88220795636087235E-001 -1.70404964825267485E-001
z   3  1.64370639673549201E-001 -1.81006900091445683E-001
z   4 -4.21290619137527494E-002 -1.85389748915390756E-001
z   5  1.05477703459388811E-001  1.16913061375965716E-001
z   6  2.95425070641779346E-003  4.79648037243944336E-002
z   7 -8.56430114904119244E-003  3.34712432058038578E-002
z   8 -2.04928843714841866E-002  7.63899754375817613E-002
z   9 -3.83847753360208946E-002  2.94083945546854755E-002
z  10 -1.61158093077794023E-001  5.69825229303153533E-002
z  11 -7.19843804136175297E-002  3.46738123511530938E-001
z  12  2.84017254851096468E-001  1.87913715425392647E-001
z  13  9.78588698709685345E-002 -5.88883264645197815E-002
z  14  1.04889010906658045E-001  1.16609932073881203E-002
z  15  4.90845369527895814E-002  1.63402345633803237E-002
z  16  2.88789721490968800E-002 -1.50653923181565987E-002
z  17  4.06222761517133352E-002  9.59378065640490059E-003
z  18  4.21712521851472788E-002 -1.24259379789595521E-002
z  19  1.59066931466919567E-002 -8.72304930938332806E-003
z  20  2.33495155175797650E-002 -1.24836710963361426E-003
 
basis     8
D -1.29756862298686521E-001  5.05632181755667487E-001
a   1  1.11355190454826558E-002 -2.65837154720540203E-001
a   2 -7.36904626383792283E-001 -6.21432360759998081E-001
d   1  1.82317084429898246E-001  1.93788217751508535E-001
d   2  8.37652254471687591E-002 -9.60307239580836414E-001
s   1 -2.78804974321948237E+002
s   2 -2.77417365113710332E+002
z   1  1.77408238466059198E+000 -9.19449766403487301E-002
z   2 -1.85651820292452446E-001 -1.73445832291936858E-001
z   3  1.57116897359968533E-001 -2.19882939914526759E-001
z   4 -3.03175162664406188E-002 -2.20301741047051719E-001
z   5  9.06798544825155733E-002  1.05055982319342128E-001
z   6  7.68049711688797380E-003  2.32804551580905253E-002
z   7 -1.50021401924005614E-002 -7.31304734889438694E-003
z   8 -3.33355929712302532E-002  3.81333293109093474E-002
z   9 -4.13138372573348261E-002  1.00890502420404116E-003
z  10 -1.70494817338030374E-001 -5.19694889349833697E-002
z  11 -2.37448310960648667E-001  2.71147570937847915E-001
z  12  1.59202476796882292E-001  3.14408073429942092E-001
z  13  1.19045029523475981E-001 -1.16300779297832044E-002
z  14  9.31605242348729351E-002  4.64135826551137706E-002
z  15  3.42245273060887145E-002  1.44298974122504635E-002
z  16  2.75681060435787641E-002 -7.93391643047037728E-003
z  17  2.01126264191545806E-002 -5.46477769760170002E-003
z  18  5.63251112536933482E-002  5.18868759303121440E-003
z  19  1.49820980149075259E-002 -4.56510674754524205E-003
z  20  2.63072090300464981E-002  1.91655064896818252E-002
 
basis     9
D -1.71752886569975394E-001 -1.41233778781252206E-001
a   1 -2.37301084654630623E-001  7.81611841918673056E-001
a   2  1.15147616935632219E-001 -5.65254058020138506E-001
d   1 -1.38626534672217055E-001 -8.04991652186864304E-001
d   2  5.06834315598511442E-001 -2.75481578923124526E-001
s   1 -2.79136449540593389E+002
s   2 -2.77332124818656212E+002
z   1  1.77203612525837495E+000 -7.28677261523339309E-002
z   2 -1.62025185445912406E-001 -1.30115104202153775E-001
z   3  2.28420225277164102E-001 -1.71325088042507401E-001
z   4  2.83914450342461974E-002 -2.29221978050409808E-001
z   5  8.69202451397029646E-002  9.10277523852699166E-002
z   6  2.98242641138235162E-003  9.71886439697151189E-002
z   7  1.09353732044090948E-001  2.21934901754823090E-002
z   8  1.93232614050346946E-002 -2.32378223656165908E-002
z   9 -2.83140367117477648E-003  1.51499406517212998E-001
z  10  3.31111592448102732E-001  1.23135595423095340E-002
z  11  3.94042811911948093E-002 -4.21411509131858319E-001
z  12 -2.95653153822214187E-001  2.82524047368375511E-002
z  13  6.36749748898422369E-002 -3.10889960083228544E-003
z  14 -7.71522251581844287E-002  4.83653258956546692E-002
z  15 -4.43917548436047540E-002 -4.95048159427654150E-002
z  16  1.62608181372210004E-003 -3.82677433956911256E-002
z  17 -3.62198186444326262E-002 -3.34176814612593825E-002
z  18  1.15288502119836687E-002  1.01843211669279121E-002
z  19 -1.63399974325388990E-002 -5.68506241089265351E-003
z  20  3.45986068338585652E-003  1.51792117920034591E-002
 
basis    10
D  2.43954032122211867E-001 -1.63641533268700345E+000
a   1 -2.25095178179745281E-001  5.90102267400540170E-001
a   2  1.47544612075206194E-001 -7.61145230699393549E-001
d   1 -1.01928758624544979E-001 -6.23296922338213655E-001
d   2  6.05169396428233530E-001 -4.84645722559833958E-001
s   1 -2.79075234917202636E+002
s   2 -2.77164224167732584E+002
z   1  1.78349912634973151E+000 -6.44282304222548452E-002
z   2 -1.64462691151408658E-001 -1.26950525667570036E-001
z   3  2.24630980054395940E-001 -1.60121135395224157E-001
z   4  1.60782183210579632E-002 -2.38110388819416430E-001
z   5  1.03940797220834158E-001  6.85348891361633322E-002
z   6 -2.35159501412998094E-002  7.84657626160745192E-002
z   7  7.40353182015231343E-002  5.81414408384969134E-002
z   8  4.35477614875859689E-002 -1.33881767735604500E-002
z   9 -8.75726892253716055E-002  5.49828627085951274E-002
z  10  4.08208393059108013E-002  1.57227981862062188E-001
z  11  2.09110483609497466E-001 -1.60771037998734649E-002
z  12 -4.01521200357644326E-002 -1.13409378577865774E-001
z  13  2.25471971415035083E-002  3.84364382353140147E-002
z  14 -3.75946161584580496E-002 -4.72191390543010431E-002
z  15  3.42828767793932412E-002 -8.40805167676475333E-003
z  16  1.63564565493221625E-002  1.30382470174467951E-002
z  17  5.78393969320277132E-003 -1.61079547858132728E-003
z  18 -1.32539630236256853E-002 -1.59032238596488280E-003
z  19  1.88052530448677077E-002 -6.54064741991229517E-004
z  20 -5.93860001095967462E-003 -7.14700982552913459E-004
