ndof   20
nconf    2
nbasisfns   10
initial_PES    1
time  1.00000000000000000E+001
 
zinit   1  1.16383810371819241E+000  3.78239955264060401E-001
zinit   2  3.79683700073469632E-001 -3.51314478352516349E-002
zinit   3 -1.43598328250384988E-001  1.49513924497056916E-001
zinit   4  4.58022923350961564E-001  1.97829877501715767E-001
zinit   5 -3.86789505769034175E-002 -7.58970539137669570E-002
zinit   6  3.98577546638554520E-003 -3.80128180197422116E-002
zinit   7 -6.25200570437492581E-002 -1.55417680838880225E-002
zinit   8  5.17816942774047204E-002  4.67603717325371787E-002
zinit   9  1.27477628659688671E-002 -3.50846854112225491E-003
zinit  10  4.53893362856256852E-003  9.37439979233618825E-003
zinit  11  3.04776263411692420E-003  4.50562372803892108E-003
zinit  12 -1.59328727080428447E-004 -2.35318109582999127E-003
zinit  13  5.24912086729469409E-004  2.75729505231313331E-004
zinit  14  3.66859789707293569E-004  4.12636186616952439E-004
zinit  15 -1.38992717482779976E-005  7.10451332975887550E-005
zinit  16  1.61117993056582538E-005 -1.21479372678074944E-004
zinit  17 -8.28021510524742509E-006  1.14997637425427495E-005
zinit  18  8.20739637318728369E-007  3.14864090970904860E-007
zinit  19 -5.77185384711794069E-009  5.18043964141646036E-010
zinit  20 -3.18304842183654547E-014 -1.64079529154166793E-014
 
basis     1
D -5.47020440916209605E-001 -1.65130422337935956E-001
a   1  5.17826591195000074E-001 -3.94162183959599899E-001
a   2 -7.57710974889385769E-001 -4.86402376615282239E-002
d   1 -1.27899642049578682E-001  6.38082978440911552E-001
d   2 -2.74730694515878726E-001 -7.07824017449546705E-001
s   1 -2.78879393483485728E+002
s   2 -2.77596608589472964E+002
z   1  7.05810518017372046E-001 -9.91536567212398134E-001
z   2 -3.38861195492862810E-001 -1.81320198278733025E-001
z   3 -3.56284360563272340E-002 -2.23078919621369276E-001
z   4  1.85191963620632227E-001  4.45147577881919831E-001
z   5 -7.44681649392062717E-002 -2.01439474523059589E-002
z   6 -4.60208617804788115E-003 -2.98155805553953490E-002
z   7  4.55095705605457201E-003 -1.13471101992213316E-001
z   8  3.85095057574791899E-002  3.27187791844200659E-002
z   9  7.14136904976086506E-002 -1.07883612045515512E-001
z  10 -1.94043175812257274E-001 -2.91622386311828685E-001
z  11 -4.28577037609557676E-001  1.23584165797297738E-001
z  12  8.39699114971231425E-002  3.52994622241796119E-001
z  13  3.55802563380334808E-002 -6.89597027376699923E-002
z  14  4.97485911070986372E-002  9.26079398294928635E-002
z  15 -4.65053604340792057E-002  2.85195478911010464E-002
z  16 -1.72751046861929075E-002 -1.84228425954058722E-002
z  17 -1.95621414441796149E-002  1.01669409232860389E-002
z  18  3.57049238139632713E-002  1.60103650986546768E-002
z  19 -1.69727305847088249E-002  9.35830001575260403E-003
z  20  1.10025197901338703E-002  1.31496350403157367E-002
 
basis     2
D -9.75117346807604424E-001 -1.52157187997402632E-001
a   1  5.20945921179336358E-001  7.12694107892108408E-002
a   2 -8.10516778467142873E-001 -2.58066987651730195E-001
d   1 -4.59101772355207993E-001  2.56299715817117857E-001
d   2 -1.93047168117612772E-001 -8.28413428895357851E-001
s   1 -2.78956617202717894E+002
s   2 -2.77493754174326682E+002
z   1  7.24210656995140867E-001 -1.00359923806318241E+000
z   2 -3.30627692642292137E-001 -1.75487030499334035E-001
z   3 -4.15417639363919941E-002 -2.21806476990834389E-001
z   4  1.86030556670071207E-001  4.63863188766624412E-001
z   5 -6.83973463047546498E-002 -7.32070549638894497E-003
z   6 -2.18571102107070307E-002 -2.33971723993768206E-002
z   7 -2.52278926595307963E-002 -5.51285496188367377E-002
z   8  7.12670804771632360E-002  8.08754738813614038E-002
z   9 -1.04193143839722991E-002 -1.39639771814855262E-001
z  10 -3.24638041982057701E-001  5.67745162265822015E-003
z  11 -1.61968119826135584E-002  4.13956743487058965E-001
z  12  2.80119315697677784E-001 -1.17099040969594909E-002
z  13 -5.72604879185251922E-002  1.25330183198292776E-002
z  14  8.60347077923336034E-002 -3.20631223852772609E-002
z  15  4.19130164613559855E-002  3.82756181715672439E-002
z  16 -4.97057338403613205E-005  3.97124547079796414E-002
z  17  3.28826836397984670E-002  4.16815661634361012E-002
z  18  5.81136565540500498E-004 -1.50849150508038758E-002
z  19  2.82656062640986340E-002  1.88110129424812304E-002
z  20 -4.44865180771283897E-003 -1.69260580887999057E-002
 
basis     3
D  6.64707705964478923E-001  6.35181314871124114E-002
a   1  2.61717543791127605E-001 -8.69842480413334895E-001
a   2 -1.44722572563272645E-001  3.92343425497362897E-001
d   1  4.36890553119997638E-001  7.96397299125371383E-001
d   2 -4.17319667567668584E-001  2.68752972364400614E-002
s   1 -2.78807727761662193E+002
s   2 -2.77613255814978061E+002
z   1  6.94229496088905385E-001 -9.98886210268875030E-001
z   2 -3.47948553129937999E-001 -1.31400173924051761E-001
z   3  7.89931371667542781E-004 -1.91583752115323802E-001
z   4  2.21181856371005847E-001  4.36267167945736167E-001
z   5 -9.43802795563438435E-002 -3.19739475480979585E-002
z   6 -2.02356672372515124E-002  6.03509893358688682E-002
z   7  1.03213348576522451E-001 -6.23261950234368159E-002
z   8  5.32247758359546616E-002  1.34569858552244098E-002
z   9  3.83614577946766455E-002  8.43821273893612944E-002
z  10  3.09798223347732549E-001 -9.55412790385453126E-002
z  11 -8.07473080162748741E-002 -4.80506480940307235E-001
z  12 -3.62460197354816438E-001  5.56560625700179140E-002
z  13  3.78474419921098065E-002  1.87226156889555607E-002
z  14 -1.01945634530574897E-001  4.21809710429825388E-002
z  15 -5.45957102851053824E-002 -2.93418153844220569E-002
z  16 -2.34076025067621388E-002 -2.94416617349227867E-002
z  17 -5.99357576552156032E-002 -3.67266221405162102E-002
z  18 -8.83356361114238930E-003  2.67280338722248080E-002
z  19 -3.16987690555911097E-002 -1.39400411726988971E-002
z  20  1.02823343817705706E-002  1.17558104102084143E-002
 
basis     4
D -2.05156720736604875E-001 -5.18161187015113267E-001
a   1  4.15914082305633648E-001 -5.87627127296752705E-001
a   2 -4.13724061728468206E-001  5.57263165974362762E-001
d   1  6.70500681113310598E-002  7.16794568172385960E-001
d   2 -6.84329333718178723E-001  1.15772183263964948E-001
s   1 -2.78892543853987149E+002
s   2 -2.77224727439874584E+002
z   1  7.35230996156453709E-001 -9.84951933040124405E-001
z   2 -3.16059260445676449E-001 -1.69822837294610229E-001
z   3 -1.83511013496760675E-002 -2.34346892549303104E-001
z   4  1.72198857834862384E-001  4.42878402666268489E-001
z   5 -9.94792666187414021E-002 -5.12748209858477147E-003
z   6 -1.04883455358878684E-002  4.61295857369137460E-002
z   7  4.59914866772455910E-002 -6.77216527129740758E-002
z   8  4.13436407119625801E-002  6.04342653196709156E-002
z   9  2.85570747710747926E-002  1.12731066614721338E-002
z  10  4.39116076545438619E-002 -4.30768245142447992E-002
z  11 -2.79235148443323540E-002 -4.92849913088882485E-002
z  12 -1.19981976393630178E-002  3.36847827923620891E-002
z  13  7.94478490064483463E-003 -1.37080146975268168E-002
z  14  2.15192066736326273E-004  1.75494984785475802E-002
z  15 -9.69691728445100549E-003 -1.69451075004451389E-003
z  16  2.69717863832975163E-003 -6.23657919626752731E-003
z  17  9.59510399520043357E-004  4.04311719749173622E-003
z  18  7.74430082621464181E-003  4.60676241726850049E-004
z  19 -3.19012095952393021E-003 -1.04820938112818625E-002
z  20  2.47781041904731637E-003 -4.39887927528944886E-003
 
basis     5
D -5.41208978267732732E-001  1.77461360486894493E+000
a   1 -4.55518524514208267E-001  6.95537417739644059E-001
a   2  4.73043535681989313E-001 -2.91479652288065161E-001
d   1 -1.26701706967447286E-001 -8.21715341893449525E-001
d   2  4.80917184496070182E-001  2.78297028379502542E-001
s   1 -2.78868935986984184E+002
s   2 -2.77536980023269450E+002
z   1  7.01515832831628106E-001 -9.88833976235575784E-001
z   2 -3.38254947216911739E-001 -1.67513586784031027E-001
z   3 -3.68797730861770111E-003 -2.18958820532144577E-001
z   4  1.99344153873160540E-001  4.37230190268466767E-001
z   5 -8.19410241886519147E-002 -3.73156235602226521E-002
z   6 -1.08339710263255905E-002  2.80266466958601079E-002
z   7  5.24876633953810998E-002 -9.71762146787192860E-002
z   8  4.01393994898765552E-002  2.63833450094972943E-002
z   9  1.09224132273413641E-001  9.59961200414817528E-003
z  10  1.46251564523946442E-001 -2.79086511469550935E-001
z  11 -3.58195965933970073E-001 -2.75725716539008736E-001
z  12 -1.80350091923218520E-001  2.72259995338523686E-001
z  13  5.60771140099704454E-002 -6.70231495039513986E-002
z  14 -3.99765247720926600E-002  1.03273887894365507E-001
z  15 -9.37677791333075272E-002 -2.41919179618368691E-003
z  16 -3.13534633722880318E-002 -3.53354657911485598E-002
z  17 -6.74952478751803669E-002 -1.29177513597589864E-002
z  18  2.86460645643296860E-002  1.58586093616318695E-002
z  19 -3.84468975592920439E-002 -1.08928096306095713E-002
z  20  1.75126219819597244E-002  7.12975535774075173E-003
 
basis     6
D  5.72500009786891195E-001 -1.41406327387759090E+000
a   1 -4.58346158156926808E-001  6.68258398825979483E-001
a   2  4.25529119425355540E-001 -4.02833067439142045E-001
d   1 -7.59671550062684386E-002 -8.06771020586963150E-001
d   2  5.73838927779378172E-001  1.18568109820307452E-001
s   1 -2.78906673447708101E+002
s   2 -2.77421915116325295E+002
z   1  7.08250851916431556E-001 -9.88187667788657187E-001
z   2 -3.32650169978155219E-001 -1.66443846995421529E-001
z   3 -1.36733953181873841E-002 -2.28632395643242475E-001
z   4  1.92814234608226165E-001  4.45731213632745704E-001
z   5 -8.61849236485182912E-002 -1.33482758342943833E-002
z   6 -1.21706783545152391E-002  3.80752317461835049E-002
z   7  4.17940198601539359E-002 -9.46670056962957418E-002
z   8  2.74912481612259868E-002  4.30798940379295559E-002
z   9  8.98277416036143556E-002  4.43169348921347364E-002
z  10  1.62269021267609170E-001 -2.21056806170879194E-001
z  11 -2.58033838912760605E-001 -2.45071817313906620E-001
z  12 -1.40262363719899585E-001  2.02553425623163891E-001
z  13  2.61668825664716151E-002 -7.18662825761570145E-002
z  14 -2.36499353308680209E-002  8.23591637007596439E-002
z  15 -8.08665814196738858E-002 -1.08064686515236177E-002
z  16 -2.82373644380998629E-002 -4.04126826461208566E-002
z  17 -5.02602108387677354E-002 -1.51346713088940481E-002
z  18  9.17670758947711912E-003  2.00918672046966618E-002
z  19 -3.31041343026011736E-002 -4.91245212918196492E-003
z  20  1.57375256271545874E-002  7.88073687310128501E-003
 
basis     7
D -1.31528335593196433E-001 -9.51036370049012314E-001
a   1 -4.56271292752217894E-001  6.85275696019805425E-001
a   2  4.74000195594554086E-001 -3.12310010135972760E-001
d   1 -1.00445019475891947E-001 -8.17127328026481137E-001
d   2  5.11222215899859167E-001  2.46709492774892597E-001
s   1 -2.78892017940881999E+002
s   2 -2.77492367971551062E+002
z   1  7.01215298151300792E-001 -1.00188487909920543E+000
z   2 -3.35243090322191850E-001 -1.67234117163077622E-001
z   3 -2.22889648876260574E-002 -2.18994712657826357E-001
z   4  2.00871144705508820E-001  4.36330469942059040E-001
z   5 -8.39499050002176783E-002 -2.82922317744033307E-002
z   6  9.30167738833946427E-003  2.25875176802471170E-002
z   7  5.56315091311962717E-002 -9.70503351948474452E-002
z   8  4.27448729561751700E-002  2.68629492992767220E-002
z   9  1.08941519299078998E-001  1.31480223856439461E-002
z  10  1.34724560494342588E-001 -2.69854187829774328E-001
z  11 -3.36765559087656818E-001 -2.59641027282100645E-001
z  12 -1.72301987124995670E-001  2.57494865693676744E-001
z  13  4.06208680419241908E-002 -6.99319147658883922E-002
z  14 -3.34350965109266110E-002  9.93111832017626595E-002
z  15 -6.89727359791355021E-002 -8.01619643327135256E-003
z  16 -2.75286059627847003E-002 -3.69411045624645010E-002
z  17 -6.12537043537982051E-002 -2.26466414155411279E-002
z  18  2.16914993785182753E-002  2.68748401719667504E-003
z  19 -4.53236785869769801E-002 -2.21692003732578899E-002
z  20  9.48184531686441234E-003  1.49349528292830065E-002
 
basis     8
D  9.93698096386220531E-001 -2.86759519444065754E-002
a   1  5.81659744929223788E-001 -2.17690640652492579E-001
a   2 -7.79370755736822463E-001  8.28489662181867148E-002
d   1 -3.40418670152837721E-001  5.19453946861698102E-001
d   2 -5.27593021849611210E-001 -5.79593244781893335E-001
s   1 -2.78969189217680764E+002
s   2 -2.77398387954433360E+002
z   1  7.22273349245073359E-001 -9.95321454988751908E-001
z   2 -3.31663248312170422E-001 -1.74696227866367654E-001
z   3 -2.24407170683983970E-002 -2.43340004928960019E-001
z   4  1.82887889531897385E-001  4.57704915026779513E-001
z   5 -7.68649731708214989E-002 -1.63673257237326800E-002
z   6 -7.42384694875927904E-003 -3.72287853476383672E-003
z   7 -1.07841569103314973E-002 -7.41500128942091108E-002
z   8  6.65157087107443173E-002  8.19215700252801243E-002
z   9  4.88469905257664372E-002 -1.17483510322800910E-001
z  10 -2.40188702482102306E-001 -1.29557459985222084E-001
z  11 -1.61417626767324629E-001  2.95097278730054702E-001
z  12  2.05481637343634255E-001  5.38328974675093830E-002
z  13 -5.81489224395212931E-002 -8.99424668069745588E-003
z  14  5.78915828794574899E-002 -1.42853267230152649E-002
z  15  2.81375078999489062E-002  3.62008842860908758E-002
z  16 -1.17459185540729118E-002  2.80366758189613263E-002
z  17  1.29156173310220074E-002  2.40524796308755479E-002
z  18  4.70809080680024885E-003 -2.46269791413818899E-003
z  19  1.27139440591747272E-002  1.49433972346365278E-002
z  20  1.01494019960925875E-002 -1.46137205905254898E-002
 
basis     9
D -1.59988522102930864E+000  1.19629240676246210E-002
a   1  3.16037508664688938E-001 -7.69907819566700513E-001
a   2 -1.63227538937912697E-001  5.29829230053782796E-001
d   1  3.18610938142204758E-001  7.68846426543740025E-001
d   2 -5.38841977979712894E-001  1.30428391288180456E-001
s   1 -2.78819372403559385E+002
s   2 -2.77494615274879777E+002
z   1  6.93455567386282556E-001 -9.96993924756929384E-001
z   2 -3.33607741245774858E-001 -1.36219551817089279E-001
z   3 -1.78408355713187555E-002 -2.04727870342732932E-001
z   4  2.16654582631603920E-001  4.27786410043545839E-001
z   5 -1.05925893532446025E-001 -1.48349533448366155E-002
z   6 -2.97886354391216149E-002  8.00128159730503080E-002
z   7  1.04233761209617762E-001 -5.22689431355493131E-002
z   8  4.75860268370827261E-002  2.79085728038443691E-002
z   9  9.20378669004084243E-003  1.19265579928297671E-001
z  10  2.80363685015359076E-001 -2.78110334098198714E-002
z  11 -3.33166621023954085E-002 -3.86443038529709848E-001
z  12 -2.71354090617574706E-001  8.11700605457345292E-002
z  13  5.71822550029802076E-002 -1.30993253563315322E-002
z  14 -8.16726945075711280E-002  4.23931528342956498E-002
z  15 -5.54195119635838285E-002 -4.06422962916363692E-002
z  16 -1.13587947297621970E-002 -5.30540392246396375E-002
z  17 -3.65721369054995069E-002 -2.18773568270259483E-002
z  18  1.13470272434977142E-002  1.99304510390695966E-002
z  19 -2.83403070778030126E-002 -3.31210555315943900E-002
z  20  5.47650774813783774E-004  7.56338156478645728E-003
 
basis    10
D -9.28698374932719894E-002  7.79775146438514977E-002
a   1 -2.33187566052943912E-001  6.24378698344475680E-001
a   2  6.91854891101685632E-001  2.77689772499157939E-001
d   1 -3.75762489332770067E-001 -5.50479565032597429E-001
d   2 -9.94285030338876857E-003  7.45436744345087776E-001
s   1 -2.78645357567573910E+002
s   2 -2.77662600518132876E+002
z   1  7.02689929887731268E-001 -1.01798288795799530E+000
z   2 -3.51824426972395132E-001 -1.73637452575200496E-001
z   3 -2.32737497589689118E-002 -2.24984776399750952E-001
z   4  2.07768445090087572E-001  4.31586294594923536E-001
z   5 -7.69929234048242206E-002 -5.44103504528332046E-002
z   6 -2.15800345390666087E-002 -9.67715539194439686E-003
z   7  4.22257950310647792E-002 -1.14593492113618856E-001
z   8  3.15962739908378643E-002 -2.72429011475329268E-002
z   9 -1.79543681292023416E-002 -9.42013738270190137E-002
z  10 -8.03891457267943282E-002 -2.07873887075780306E-001
z  11 -3.82768207827297147E-001 -9.95380841984015580E-002
z  12 -1.76018777194117543E-001  3.34483863541497728E-001
z  13  8.56296986697926144E-002  4.82900458580052677E-002
z  14 -6.55646151386001484E-003  8.60916426607208213E-002
z  15 -2.61070980656136972E-002  1.17203353447398635E-002
z  16  1.78529404877760304E-003 -1.10714499686546917E-002
z  17 -1.48066139108366645E-002  7.94735420572346453E-003
z  18  2.47790739879406759E-002  1.72191095312185689E-002
z  19 -1.53945580645213215E-002  2.71126820403800846E-003
z  20  4.42536830311408835E-003  1.53855610515670777E-002
