ndof   20
nconf    2
nbasisfns   10
initial_PES    1
time  1.00000000000000000E+001
 
zinit   1  5.67705075965504791E-001  6.62459277710468419E-001
zinit   2  3.69130906031071904E-001 -2.79688953045972355E-001
zinit   3 -1.78659245672081801E-001 -6.17281032612431793E-002
zinit   4  1.08414131034917927E-001 -4.24755288793630947E-002
zinit   5 -1.68962567529147983E-002 -3.36022624982353704E-002
zinit   6  6.21359894228631984E-002 -1.21111607808274610E-002
zinit   7 -1.28053620415647190E-001  2.10379144511695960E-002
zinit   8 -5.84485838118889572E-002 -9.15290632700794214E-003
zinit   9 -6.78220901801461929E-003 -8.66133047247329493E-003
zinit  10 -1.78313773499628597E-002 -3.54515988719609392E-003
zinit  11 -2.41334698213894420E-003 -2.43693062625745943E-003
zinit  12 -1.39075789061577845E-003 -2.05505409901746323E-003
zinit  13 -2.22274478559339765E-003  1.11768956350821605E-003
zinit  14  1.01233063272299317E-004  7.40066317514344947E-004
zinit  15  1.21383333088360184E-004  8.24253030940437845E-005
zinit  16  2.68091171414397371E-005 -4.02202533833078500E-006
zinit  17 -5.03765376283328629E-006  5.63234413920734898E-006
zinit  18  4.92249131718926045E-007  3.51790656858686003E-007
zinit  19 -9.46128535564765946E-010 -7.50534804409885974E-009
zinit  20 -1.58932972668851009E-014  2.12537724744832750E-014
 
basis     1
D  1.77015124234873933E+000 -7.30091196508094620E-001
a   1  4.09979254401653170E-001 -5.89083041712159750E-001
a   2 -3.75803176890395108E-001  5.86233872414823498E-001
d   1  3.68669538808838904E-001  6.15779660452554833E-001
d   2 -6.91241134706183202E-001 -8.41657567987207367E-002
s   1 -2.78454269829804218E+002
s   2 -2.77582058504978136E+002
z   1  8.06131104864842074E-001 -3.44085998708692886E-001
z   2 -4.46056361575285054E-001  6.30842736441109553E-002
z   3  1.67801203543075067E-001 -1.04007561559296621E-001
z   4  1.03677624844353874E-001  4.00660107184971290E-002
z   5 -3.58767983516137465E-002  2.21679121011659434E-003
z   6 -4.48038689160659420E-002 -7.11406137207929844E-003
z   7  6.05156876691512746E-002 -1.41330096295708724E-001
z   8 -7.50880201460139146E-002 -1.81364931499369726E-002
z   9 -8.31824373046709947E-003  2.28037975753351829E-002
z  10  4.37908376414880354E-002 -2.97611371638326558E-002
z  11 -2.44244073811585687E-002 -6.05610622602066190E-002
z  12 -2.88735596850421966E-002  1.90879502154901112E-002
z  13  1.51911159639772780E-002 -1.84091161315705389E-002
z  14  8.24681154981340460E-003  2.06907122201808562E-002
z  15 -1.88037568929698660E-002 -1.25812140507751309E-002
z  16 -9.17152634012819638E-004 -1.75319357118698151E-002
z  17 -5.62435768614697688E-003 -1.93723597232469472E-002
z  18 -1.67448358895062443E-003  4.44781024999022553E-003
z  19 -8.20864363367762410E-003 -4.75851108640956049E-004
z  20  1.43067953251149026E-002  4.47412736792797677E-003
 
basis     2
D  3.97413295056963725E-002  1.26658802638118032E-002
a   1 -2.07335374877600870E-001  2.05037578563356027E-001
a   2 -4.35758664358250059E-001 -8.51519829562307873E-001
d   1 -7.51101743720511555E-002 -2.81756682271352255E-001
d   2  7.72403196580529361E-001 -5.64238367725279688E-001
s   1 -2.78550256184845466E+002
s   2 -2.77873045026241641E+002
z   1  7.88283915424182302E-001 -3.45072978792210217E-001
z   2 -4.58242738204883093E-001  6.17578034964789274E-002
z   3  1.52999926603138964E-001 -9.94399292475338786E-002
z   4  1.00476026284231704E-001  8.19196094362548977E-002
z   5 -2.75393023773638258E-002  7.12287981949529664E-003
z   6 -6.85957405683512156E-002 -2.39879905228763575E-002
z   7 -4.15979933911854796E-002 -8.99268357520040529E-002
z   8 -8.31194310723205182E-002  6.40933554465585864E-002
z   9 -5.30469831048235585E-002  8.80487997901346041E-003
z  10 -1.83778978689707911E-001  1.79523604004944964E-001
z  11  1.76734423553384090E-001  4.55809169743690623E-001
z  12  4.03606203705193123E-001 -7.06791899382916977E-002
z  13  1.17357300384471671E-002 -7.18593903046937654E-002
z  14  1.06604547645090142E-001 -4.18404093310195402E-002
z  15  6.91404967569825973E-002  8.40949858505606225E-003
z  16  2.54798278677787551E-002  4.77369380699111182E-003
z  17  3.34900348784114774E-002  9.20138038533982808E-003
z  18  1.81350271093666734E-002 -2.72896846240679065E-002
z  19  4.90637149943183581E-002  4.22072463700748617E-003
z  20  6.54425876303344617E-003 -1.61672661522116803E-002
 
basis     3
D  2.12634202853297122E-001  6.81937497177916963E-001
a   1 -3.19825813351667154E-001  8.62065775007509361E-001
a   2  3.52994444276081898E-001 -1.73057709983683805E-001
d   1 -5.76013501458030208E-001 -7.16696865811071504E-001
d   2  2.03158898052041570E-001  3.36571702341205259E-001
s   1 -2.78569490995161914E+002
s   2 -2.77943700517913612E+002
z   1  7.81679324149754606E-001 -3.66273201443835350E-001
z   2 -4.61208909443350301E-001  4.66641439250933335E-002
z   3  1.71821669052284853E-001 -1.05400142076377962E-001
z   4  1.34776917584906619E-001  8.00125104221349748E-003
z   5 -5.43696094889672341E-002 -3.72562220738587788E-002
z   6 -4.58419544208311033E-002 -3.12844804789228562E-002
z   7  5.52790334919441365E-002 -1.66662025167953809E-001
z   8 -4.22881576555374783E-002 -4.91352324240156083E-002
z   9  7.64874165478780926E-002  6.85808995721354144E-003
z  10  2.01621877271427191E-001 -2.67063105194394135E-001
z  11 -2.84526219841739758E-001 -4.16924354259011420E-001
z  12 -3.61405753662627838E-001  1.86703369450169437E-001
z  13  5.99741142399351709E-002  2.79743370565169180E-002
z  14 -8.12534566864908520E-002  8.70091454237621048E-002
z  15 -7.47536192412228823E-002 -2.60174368602842411E-002
z  16 -3.18616017301222992E-002 -1.59721070299069477E-002
z  17 -4.31163070168457535E-002 -1.12073624998885128E-002
z  18 -2.92399951946149383E-003  1.16460475188160471E-002
z  19 -3.79411672448759993E-002 -1.74361653937288243E-003
z  20 -1.06706645415711784E-002  5.97428225055406884E-003
 
basis     4
D  1.63275150985810824E+000  5.26567546718386459E-001
a   1 -3.75080811382629054E-001  6.60360183570061543E-001
a   2  2.47493334778100260E-001 -6.01652609175987507E-001
d   1 -4.40915469870015508E-001 -6.18348393336184077E-001
d   2  6.49227086368091566E-001  4.17492899802726289E-002
s   1 -2.78465759740211467E+002
s   2 -2.77704910133999249E+002
z   1  7.94486167551175071E-001 -3.48321154284155221E-001
z   2 -4.56336888197078461E-001  6.84330019724621735E-002
z   3  1.84791667864249026E-001 -8.61412660254957663E-002
z   4  1.21689698849408029E-001  3.49269859240452438E-002
z   5 -3.99305598332197545E-002 -4.54388903429301522E-003
z   6 -4.47432122600597212E-002  9.75379999099410845E-003
z   7  7.73203217791616909E-002 -1.42906928265350980E-001
z   8 -7.10802591721048371E-002 -4.59656001458649474E-002
z   9 -8.29116838231733384E-003  1.17572739457344311E-001
z  10  1.95956384894151570E-001 -1.42538855141257290E-002
z  11 -1.82835629238872234E-002 -2.32917831125263486E-001
z  12 -1.37925600235556750E-001  7.39086587183452465E-002
z  13  4.48736489837359004E-002 -4.02019297581229923E-002
z  14 -4.25036042033589967E-002  4.97528062068285995E-002
z  15 -4.30496287814983863E-002 -2.87096053264882488E-002
z  16 -2.10947973044858135E-002 -3.65118247698495574E-002
z  17 -3.72796073862767322E-002 -7.95090835653172213E-003
z  18  2.78835999510492795E-002  4.00162600961011423E-003
z  19 -2.23539878129604269E-002 -1.47502927039273764E-002
z  20 -7.08707610973203714E-004  1.43991636349460935E-002
 
basis     5
D -9.61208344669294834E-002  1.99650917387178523E-001
a   1  4.59766779644732781E-001 -6.91895733510851763E-001
a   2 -4.28957134670855389E-001  3.54810623994718244E-001
d   1  3.43945517709562054E-001  7.56178999022658060E-001
d   2 -4.49048632580302531E-001 -3.29013871838729877E-001
s   1 -2.78588365874155272E+002
s   2 -2.77783560715321585E+002
z   1  7.95682186130644120E-001 -3.36702788541014930E-001
z   2 -4.49606882328373758E-001  5.05884177458667678E-002
z   3  1.71970316887259195E-001 -1.08652609878734194E-001
z   4  1.15955968572310650E-001  2.18551647792001175E-002
z   5 -3.91881223177693513E-002 -2.39509873736484845E-003
z   6 -2.46755605628169901E-002 -2.47679501844291078E-002
z   7  4.71777425042404219E-002 -1.82665516828874192E-001
z   8 -7.17699696631282635E-002 -8.84471484159352929E-003
z   9  1.18072083208011228E-001  4.23227130344078981E-002
z  10  1.86021741675551411E-001 -2.78212129816486020E-001
z  11 -3.00588229881787350E-001 -2.78312608856980614E-001
z  12 -1.71066342653766718E-001  2.44378794010439049E-001
z  13  3.40236744280022485E-002 -6.98769562601773558E-002
z  14 -3.77455496544922414E-002  8.81516043702663121E-002
z  15 -8.44650976100541073E-002  9.15584875486882312E-004
z  16 -2.87114147820114810E-002 -4.24661603248267031E-002
z  17 -5.66014397204441383E-002 -3.19777293573627053E-002
z  18  2.35419206294483728E-002  2.59811647104648893E-002
z  19 -4.01658506718244393E-002 -1.40658065448483437E-002
z  20  8.76337269284443825E-003  1.45540682363670629E-002
 
basis     6
D -1.50771588270899010E-001 -1.06033744805288030E-001
a   1  1.88477769251190530E-001  3.67808646780217352E-001
a   2  5.95103959478138878E-001  6.89234508179340177E-001
d   1 -4.04011176686145279E-001  8.70749060342645292E-002
d   2 -5.28843841426265060E-001  7.41294220426199302E-001
s   1 -2.78292216494176614E+002
s   2 -2.77792058227892426E+002
z   1  7.96285745592903105E-001 -3.56078390135463885E-001
z   2 -4.71333252693947935E-001  5.50560620363204703E-002
z   3  1.56560042081704570E-001 -1.10887324937806023E-001
z   4  9.86706798963247061E-002  5.55710413658220062E-002
z   5 -4.64586912248385886E-002 -1.07067428883432340E-002
z   6 -6.92483442853792652E-002 -3.09197471732187215E-002
z   7 -1.00100568020454039E-002 -1.30966215553712600E-001
z   8 -8.55284505871346523E-002  1.91583560894332990E-002
z   9 -3.41431809416704105E-002  3.04642368629565478E-003
z  10 -9.55633063475651301E-002 -3.27195453508931713E-002
z  11 -1.18450374994649249E-001  1.65085706084541511E-001
z  12  1.23749437173300877E-001  1.88241261198243498E-001
z  13  8.65708794365332990E-002 -2.14391786646490889E-003
z  14  6.48898397562488599E-002  3.49030679525687837E-002
z  15  3.46215881926752941E-002  1.10855576922503796E-002
z  16  2.87452400134025378E-002 -2.01492208536405322E-002
z  17  3.13132032052243908E-002  4.98209329160639609E-003
z  18  3.66693842276746423E-002  7.89167127043985568E-003
z  19  9.79678406361310893E-003 -4.43077172706486666E-003
z  20  2.59332919144289161E-003  3.64343700783803471E-003
 
basis     7
D  3.80176422859201668E-001  7.58178087008938295E-002
a   1 -3.08684279153874030E-001  1.49720937845186114E-001
a   2  8.27414849622423398E-001  4.44614803170452322E-001
d   1  1.41707708255018692E-002 -3.42784965656605212E-001
d   2 -3.39315621262108569E-001  8.75878168321089556E-001
s   1 -2.78523865962513810E+002
s   2 -2.77907465107642565E+002
z   1  8.04093489739919565E-001 -3.67727497285970706E-001
z   2 -4.62885958869390601E-001  3.08780145328263998E-002
z   3  1.48846069935301001E-001 -1.19629725005960252E-001
z   4  9.37415204547840525E-002  4.96153678858535438E-002
z   5 -3.34289245655035594E-002 -1.09045979883490469E-002
z   6 -4.80779244767594732E-002 -7.95502177313036629E-002
z   7 -4.13039120508973331E-002 -1.75756074647688082E-001
z   8 -8.80150971548152583E-002 -5.61716082113137682E-003
z   9 -4.03975821657761268E-003 -8.39636029336601475E-002
z  10 -2.70784923339948636E-001 -1.41468314758045222E-001
z  11 -3.03914243442751586E-001  3.35228591056081382E-001
z  12  2.51964990348753970E-001  3.12707647457284021E-001
z  13  8.17705816434614041E-002 -4.41298031166976398E-002
z  14  9.54079344905695570E-002  7.20096440225088674E-002
z  15  2.35295150061169793E-002  2.48028623733064120E-002
z  16 -4.98973126003969731E-004 -1.52849708484253130E-004
z  17  1.51425874501348555E-002  2.56436566168999312E-002
z  18  3.69414782665223249E-002  2.01260856287350139E-002
z  19  1.13368636180555139E-002  1.39830826329982172E-002
z  20  3.26251120566869307E-002 -1.12534082516037716E-003
 
basis     8
D  1.92190039038759197E-001  1.22195032874185250E+000
a   1  4.57248583825146881E-001 -6.92977926419619417E-001
a   2 -3.79834270600645285E-001  4.07959866852492414E-001
d   1  3.52080539655084401E-001  7.51886937984110992E-001
d   2 -4.97604206766364743E-001 -2.51187936600156925E-001
s   1 -2.78580553730303222E+002
s   2 -2.77748714190600424E+002
z   1  7.93167067723923647E-001 -3.48662891607463832E-001
z   2 -4.57623743455296939E-001  5.57537675582736800E-002
z   3  1.68450235708616280E-001 -1.21298729663822408E-001
z   4  1.03708810498791867E-001  4.48334064275120597E-002
z   5 -2.43520375447695350E-002 -1.04612126124102259E-002
z   6 -2.38690874889482749E-002 -1.55947801791135651E-002
z   7  5.31054321506989960E-002 -1.68388677772478568E-001
z   8 -8.03736908593730981E-002 -1.60993608916653527E-002
z   9  8.34522343346742745E-002  7.60455567880217176E-002
z  10  1.84730197286101683E-001 -2.28415963673384570E-001
z  11 -2.63580972885572140E-001 -2.90218387375136500E-001
z  12 -1.81285017505359553E-001  2.11668849902770212E-001
z  13  3.69305190784494849E-002 -6.86088410174896940E-002
z  14 -4.92162502477824018E-002  8.77801886083844213E-002
z  15 -6.86474385993639663E-002 -2.42640347194413471E-002
z  16 -3.74963903430111448E-002 -4.03803782338994360E-002
z  17 -4.69037255932919159E-002 -6.43156607771954401E-003
z  18  1.62211159620220847E-002  3.12474678086795341E-002
z  19 -3.19560409816521188E-002 -1.13919899408382701E-002
z  20  1.06490001230941551E-002  4.72282247383313744E-003
 
basis     9
D -5.06528888915281583E-001 -1.09378964820330826E-001
a   1 -4.69369395224107144E-001  6.84007012133455716E-001
a   2  4.34076485516250776E-001 -3.51289599762137583E-001
d   1 -3.31602525057974384E-001 -7.60403174109601454E-001
d   2  4.45134020579971756E-001  3.37168328734316181E-001
s   1 -2.78589113876616807E+002
s   2 -2.77788782005341488E+002
z   1  7.92177454896745958E-001 -3.43478482212279668E-001
z   2 -4.59628256711636929E-001  4.67205754306853002E-002
z   3  1.80977909385701546E-001 -1.03915673323319246E-001
z   4  1.13172930357537088E-001  4.05680550789907293E-002
z   5 -1.65608660981594290E-002  3.91789243392912014E-003
z   6 -2.32446015499696811E-002 -3.33028560363443082E-002
z   7  5.58539151668245304E-002 -1.73300625797414870E-001
z   8 -7.38608254835639438E-002 -1.72748534680904620E-002
z   9  1.15451104188695058E-001  4.90652456928001093E-002
z  10  1.72614583918207609E-001 -2.81441546342554028E-001
z  11 -3.28412881288075997E-001 -2.70772316104746613E-001
z  12 -1.63521995596851655E-001  2.39627894407012848E-001
z  13  5.14474512172081178E-002 -7.23353331625522511E-002
z  14 -3.87393389523246964E-002  9.00797156928419135E-002
z  15 -8.66838813140014403E-002 -2.03053174032117693E-002
z  16 -3.95255814481855691E-002 -4.25017198877082267E-002
z  17 -5.75615483357450330E-002 -1.51594966311479149E-002
z  18  3.14062344200666047E-002  9.47957780968515344E-003
z  19 -3.47643202814196389E-002 -3.54014451355029632E-003
z  20 -2.00537191379172907E-003  1.76985823362807715E-002
 
basis    10
D -1.12859123141368212E+000  6.49688754068731417E-002
a   1  4.12441020592773877E-001 -7.11271415374420846E-001
a   2 -3.25374895716428303E-001  4.67029501681817227E-001
d   1  4.06139494519078548E-001  7.14888335887590376E-001
d   2 -5.35989720001038950E-001 -1.91573480045780176E-001
s   1 -2.78559618423892118E+002
s   2 -2.77765718416753089E+002
z   1  8.03463023188975556E-001 -3.56306737556184416E-001
z   2 -4.54853556563377670E-001  5.92978622214256831E-002
z   3  1.72378998795543470E-001 -1.00255230562801639E-001
z   4  1.23387252229725103E-001  3.57339899049490470E-002
z   5 -3.41762981467085558E-002  2.26755816154677143E-003
z   6 -1.68418675106732779E-002  4.72087418349218489E-003
z   7  7.28380479152912486E-002 -1.50140089250680842E-001
z   8 -8.14212115304657480E-002 -2.32714451366015859E-002
z   9  6.83283150998053174E-002  8.77521589533997309E-002
z  10  2.55780344249980973E-001 -1.79855986094187320E-001
z  11 -1.99175303584794738E-001 -3.36380606159514706E-001
z  12 -2.07163486469063018E-001  1.68420955072313860E-001
z  13  4.57443965878648259E-002 -7.60296967428818193E-002
z  14 -5.36566367829623622E-002  8.05872051276502049E-002
z  15 -8.26702788419591966E-002 -8.84650005948286848E-003
z  16 -2.62210140774101173E-002 -3.69232230656111188E-002
z  17 -4.86167450715992780E-002 -3.47093199580187223E-002
z  18  2.13206336371188805E-002  2.25339064742322778E-002
z  19 -5.04896650361465887E-002 -1.87746306804721270E-002
z  20  1.18431347120726282E-002  1.43736099860313875E-002
