ndof   20
nconf    2
nbasisfns   10
initial_PES    1
time  1.00000000000000000E+001
 
zinit   1  1.28860897237562266E+000 -5.92884784655101971E-001
zinit   2 -5.22058719221604517E-001  1.51483252726156176E-001
zinit   3 -1.71411560235999808E-002 -1.20645018991177327E-001
zinit   4 -1.24155204908787120E-001 -2.87455468799931502E-001
zinit   5  9.72029715525820071E-002  1.80009707991435133E-002
zinit   6 -6.26380962380528039E-002  1.27456709928205403E-001
zinit   7 -1.72801500815367021E-002 -3.94113450436791614E-003
zinit   8  1.17335600758093871E-002  6.72327874027258635E-003
zinit   9 -4.17496109565880947E-003 -2.83353906503052214E-002
zinit  10 -4.00654353032438553E-003  4.37278701254815647E-003
zinit  11 -6.56467344171032547E-003 -6.82497672622250570E-003
zinit  12  5.16316558823687473E-004  1.62498654941895058E-003
zinit  13 -5.65361923068830475E-004 -2.39618145055930844E-003
zinit  14  1.23347902560626114E-004 -5.12420038239154549E-004
zinit  15  3.29735848838965073E-005 -3.88019813908691948E-005
zinit  16 -3.47942244632633578E-005 -3.12551398987666144E-005
zinit  17 -1.14449283333869667E-005  4.28866086555813620E-006
zinit  18  3.05288755453555372E-007 -3.51688045237964957E-007
zinit  19  8.48611362811067152E-009 -3.70322901441944918E-009
zinit  20 -3.92283875566650247E-014  3.17750969482438494E-014
 
basis     1
D -1.75671226555370708E-001 -5.71362721406399876E-001
a   1  6.23689209967790203E-001  1.16120593904468106E-001
a   2 -4.23968060538943148E-001  6.46358152020746535E-001
d   1 -4.53765239758112338E-001  4.43361399025936354E-001
d   2 -7.03210818950675498E-001 -3.20970903901814431E-001
s   1 -2.78643868546475574E+002
s   2 -2.77878608043129191E+002
z   1 -1.84801110704566368E-001 -1.39171308115430170E+000
z   2  5.21144022807123686E-001  1.51549415994733094E-001
z   3  1.11360966912842765E-001  9.05712376209639319E-002
z   4  1.05498704265284460E-001 -2.65312872583489123E-001
z   5  7.50075230271649018E-002 -2.95945399771768043E-002
z   6  1.07495727899528465E-001 -2.55697109330587299E-002
z   7 -1.17881903874449937E-003  6.34354762023822405E-002
z   8  2.89857343062513532E-002  6.93337248656131916E-002
z   9 -6.56914101824696145E-002  9.42161746717680992E-002
z  10  2.60426933765258647E-002  2.94495214966154217E-001
z  11  4.36502870055502978E-001  1.63189036113629643E-001
z  12  2.02968297461090352E-001 -3.58082623679426559E-001
z  13 -6.90177187180402302E-002 -2.63439770090575162E-002
z  14  2.20177198149018594E-002 -1.15071342230104706E-001
z  15  5.78012469155892161E-002 -1.48441326669623945E-002
z  16  1.46439702012477104E-002  2.05011507843461012E-002
z  17  3.56587869742351904E-002 -2.93978901697702563E-003
z  18 -1.71911991107108787E-002 -2.53136751187105317E-002
z  19  2.47278769320091497E-002  3.68082815840558219E-003
z  20 -1.04291872450106831E-002 -1.44904567844095864E-002
 
basis     2
D  8.49518814174443415E-001  4.34860639340055144E-001
a   1  4.31656683309506017E-001 -6.47992905082618087E-001
a   2 -4.14790852412224575E-001  4.70878170519657802E-001
d   1  3.27423573122867406E-001  7.06410716967564412E-001
d   2 -5.77341862684814799E-001 -2.45874106624565464E-001
s   1 -2.78580079183419571E+002
s   2 -2.77711404408026908E+002
z   1 -1.85221357086352623E-001 -1.39498583294058109E+000
z   2  5.34139442888294846E-001  1.39708040090241098E-001
z   3  1.18562208828691382E-001  7.39218049436793367E-002
z   4  1.13298961615239627E-001 -2.87056043520867499E-001
z   5  1.03182220727852533E-001 -4.52801345097639182E-002
z   6  1.66495119749416776E-001 -5.14928781870056529E-002
z   7  3.96370529033148872E-002 -4.91786101599290815E-002
z   8 -1.17014001352719181E-003  2.20773582405020731E-004
z   9  8.13060308828680578E-002  8.42775641644794848E-002
z  10  1.85380621599219614E-001 -1.89018802984073891E-001
z  11 -2.37223726544532498E-001 -2.73034903088345271E-001
z  12 -1.51246573171552878E-001  1.77010220297515786E-001
z  13  3.70265894667239984E-002 -7.88266772860078263E-002
z  14 -2.49155739218600708E-002  7.74311196119922829E-002
z  15 -7.86711553736118424E-002 -8.91564330215051382E-003
z  16 -2.80388227942414935E-002 -3.59119645047976457E-002
z  17 -4.69608732438731510E-002 -1.60170870659767303E-002
z  18  3.11396145565929310E-002  1.67263976854931280E-002
z  19 -3.19330460059947044E-002 -1.12999560526624628E-002
z  20  7.58813650239651034E-003  1.58095680163922864E-002
 
basis     3
D -1.58147632758501477E+000  4.66188016130110253E-002
a   1  3.61311950731422082E-001 -7.16101322060535006E-001
a   2 -2.58794547144154730E-001  5.38217384678566613E-001
d   1  4.22857277809178256E-001  6.81571090790977663E-001
d   2 -5.85082909705113896E-001 -1.19710315231319642E-001
s   1 -2.78579166007288165E+002
s   2 -2.77784568810898008E+002
z   1 -1.92193729482984327E-001 -1.39662763790012057E+000
z   2  5.29425160418393381E-001  1.52907448103310778E-001
z   3  1.26280500096519283E-001  6.84216652367454770E-002
z   4  1.28028058985025006E-001 -2.93778614451429554E-001
z   5  8.17153543552965322E-002 -5.60525806275713467E-002
z   6  1.51883707560888509E-001 -3.80756735634307023E-002
z   7  7.71128391320262674E-002 -3.78839737026548939E-002
z   8 -1.06833514588321968E-002 -2.12505575901437982E-002
z   9  3.73102314555243120E-002  1.33064903328921458E-001
z  10  2.80451925029277793E-001 -9.96893800058196999E-002
z  11 -1.12284122163670008E-001 -3.70532619781532013E-001
z  12 -2.21632808505382917E-001  1.27149332193872699E-001
z  13  5.22415204326303964E-002 -5.13179214913181761E-002
z  14 -6.31622020161452941E-002  7.05739116935713146E-002
z  15 -5.42141811727243073E-002 -2.19690865425367851E-002
z  16 -1.50366093129492180E-002 -4.25976544383763686E-002
z  17 -3.86115503367312901E-002 -3.48732554157908728E-002
z  18  2.36205440810051508E-002  1.35598672041377117E-002
z  19 -3.93990979056531992E-002 -1.52584638986788014E-002
z  20  1.71461102911342027E-002  1.60849899139828348E-002
 
basis     4
D  5.11898897822502183E-002 -4.33376833670570255E-002
a   1  4.96603896198326455E-001 -5.63102675237641792E-001
a   2 -5.63745770755192055E-001  3.44224713488830825E-001
d   1  1.89656008392337927E-001  7.26450721700951152E-001
d   2 -5.13288381042369179E-001 -4.15734272471896149E-001
s   1 -2.78623645897490974E+002
s   2 -2.77689107036960195E+002
z   1 -1.89142227906536675E-001 -1.40080124919429694E+000
z   2  5.38594576287043103E-001  1.21002560273540463E-001
z   3  1.12099462040550796E-001  6.36095974476184739E-002
z   4  1.02848785439888527E-001 -2.96723967832159985E-001
z   5  1.08618128482153423E-001 -4.84567936266819335E-002
z   6  1.64190922680391704E-001 -1.04436650796548403E-001
z   7  2.20835337308390618E-002 -6.01872920416491666E-002
z   8  2.20826297105277715E-003  2.43306430586394083E-002
z   9  1.10009189025621346E-001  2.43611982599343802E-002
z  10  7.27754313526900315E-002 -2.91193896371196081E-001
z  11 -3.49132938205171439E-001 -1.18611776096081339E-001
z  12 -5.61132641839814789E-002  2.40181588331407764E-001
z  13  8.75961185897851727E-003 -7.24689431254691013E-002
z  14  1.07847213309235981E-002  8.37330896786628587E-002
z  15 -7.54635082240157212E-002  6.68306235619287731E-003
z  16 -3.50917511453379891E-002 -2.69785200273417146E-002
z  17 -4.23817433125778797E-002 -1.23534149591619808E-002
z  18  2.61904300037109558E-002  2.06157411931076687E-002
z  19 -2.96452073505194917E-002 -2.03301219016459788E-003
z  20  8.30733207649420220E-003  9.42601601439303598E-003
 
basis     5
D -4.70475675202935872E-001 -3.13880776804668291E-002
a   1  4.62614189439036705E-001 -5.94996370372474659E-001
a   2 -6.47479510837388528E-001  1.12861481555940224E-001
d   1  2.50074865152991099E-001  7.10981807675463151E-001
d   2 -2.26783059461070191E-001 -6.16876709654937905E-001
s   1 -2.78602654640816752E+002
s   2 -2.77851230266434584E+002
z   1 -1.73225806874679061E-001 -1.40736418187412271E+000
z   2  5.36226493783501401E-001  1.17611693813565621E-001
z   3  1.13054880249092896E-001  5.02794670481621908E-002
z   4  9.96803963970541718E-002 -3.04763580869560124E-001
z   5  9.07277386906412270E-002 -5.47923462373442957E-002
z   6  1.55913731018234886E-001 -8.88406003731873894E-002
z   7  1.86819209821386598E-002 -8.35330468808397064E-002
z   8  1.01768181165325395E-002 -2.02684150405732268E-002
z   9  7.40713748402299227E-002 -3.60305501817310830E-002
z  10 -7.23283739402124509E-003 -3.31382538575744623E-001
z  11 -4.83206023665338713E-001 -1.34338856039389443E-001
z  12 -1.20801490125344552E-001  3.49379743956468813E-001
z  13  4.82394365078714429E-002 -4.05323195985758944E-002
z  14 -8.20416735926808409E-003  1.11274020547953933E-001
z  15 -6.38186120235590543E-002  2.57300389171706313E-002
z  16 -3.32373051415476434E-002 -1.55885347966419254E-002
z  17 -3.38983381804842179E-002  9.05574277869212367E-004
z  18  2.66121388828032719E-002  1.32263699531631699E-002
z  19 -2.40778269071158166E-002 -2.50830949193981117E-003
z  20  6.97173662381886036E-003  6.72074664509164209E-003
 
basis     6
D -3.61859440242036978E-001 -1.48006540250852220E-001
a   1  1.73810471664570004E-001 -5.30714502104903674E-001
a   2 -3.08126303522662515E-002  8.28964787554894555E-001
d   1  3.87170699920860839E-001  4.02451005623674418E-001
d   2 -8.07617725178552459E-001  1.89435073765596401E-001
s   1 -2.78519203112090622E+002
s   2 -2.77763401683373218E+002
z   1 -1.90588485221663217E-001 -1.39917900885123370E+000
z   2  5.24784187717361017E-001  1.48515268516913879E-001
z   3  1.07092644971308895E-001  9.17164051674449754E-002
z   4  1.26273975207944145E-001 -2.78686112953283882E-001
z   5  8.85181325044402390E-002 -6.63007763964830188E-002
z   6  1.06806063215533598E-001 -6.31837545297059683E-002
z   7  2.58384439205737414E-002  2.24230196060429786E-002
z   8  5.04662568103414338E-002 -9.11045642500622234E-003
z   9 -1.19177467166792256E-001 -2.76534070205078537E-002
z  10 -1.16227713685786369E-001  2.23328829144805507E-001
z  11  2.79587839247061321E-001  1.98772153021274267E-001
z  12  1.14334815186889593E-001 -2.08970404149244560E-001
z  13 -1.76191755690476293E-002  6.35744390732513737E-002
z  14  1.55948176363591619E-002 -8.82646463249787822E-002
z  15  7.06580783502236548E-002  4.85581647316821467E-004
z  16  3.70896692659162877E-002  3.16627307084278373E-002
z  17  4.77904382561015403E-002  1.20767358528591027E-002
z  18 -2.06692456782150702E-002 -1.43958588951876906E-002
z  19  3.40311232947127160E-002 -4.44970744066471198E-003
z  20 -1.80844826520724436E-002 -1.84818615351314275E-002
 
basis     7
D  9.89654822706389714E-001 -1.69196696211134395E-001
a   1  3.17254160360601944E-001 -5.89037464403304734E-001
a   2 -2.65528211020847560E-001  6.94175361429092752E-001
d   1  4.16817901421667580E-001  5.23333711689990544E-001
d   2 -7.43090973603348193E-001  1.41586797538260888E-002
s   1 -2.78435116527023865E+002
s   2 -2.77646560928847975E+002
z   1 -1.86764357500147665E-001 -1.40242245658357434E+000
z   2  5.29295443081787886E-001  1.45651812702053490E-001
z   3  1.21491521322012547E-001  9.94480628344507622E-002
z   4  1.27123408144309058E-001 -2.82684749787119938E-001
z   5  8.49106788260827333E-002 -5.78604858200664207E-002
z   6  1.29857571195960475E-001 -4.90833300846864121E-002
z   7  4.86200187569442097E-002 -4.07521777388847317E-003
z   8  2.34604034781985063E-002 -1.71885171225859036E-002
z   9 -6.29934424022529221E-002  4.06414306636564415E-002
z  10  4.75484307905193054E-002  7.75817143638654061E-002
z  11  9.02215350195384735E-002 -6.95499706782096994E-002
z  12 -4.71574735364546707E-002 -4.23671524162177252E-002
z  13  2.39823074125736398E-002  1.44133619172844463E-003
z  14 -1.97622996853148237E-003  1.39615254215481573E-003
z  15  1.71974473410165321E-002 -1.81350859011669072E-002
z  16  1.39154615331793258E-002 -6.74075316501019945E-003
z  17  8.89346044455577994E-003 -9.16443924589131764E-003
z  18 -9.71111566867545722E-004  2.31730474420204511E-003
z  19  5.43924555597337118E-003 -5.49353796922168441E-003
z  20  3.47752342744179696E-003  9.60654834376406530E-003
 
basis     8
D -9.66862842946487278E-001  7.68516114255758387E-001
a   1  1.09149418699584833E-001 -5.92906754624270227E-001
a   2  1.43826847799389174E-001  7.84768642703331798E-001
d   1  4.84704051939794045E-001  3.58488489793866771E-001
d   2 -7.35112434010557814E-001  3.10093041007713455E-001
s   1 -2.78485709770714777E+002
s   2 -2.77813027958390137E+002
z   1 -1.93348808501392938E-001 -1.40028533439786385E+000
z   2  5.17255072728931120E-001  1.61916660703325860E-001
z   3  1.20957407193696298E-001  1.00068457767112151E-001
z   4  1.28525860261912900E-001 -2.85559777176868979E-001
z   5  7.86270385795549975E-002 -6.55840179560154835E-002
z   6  9.71169524230301867E-002 -3.32653171447673604E-002
z   7  4.13700643874644614E-002  3.02935129507371434E-002
z   8  3.79212145236999670E-002 -2.54797954450894266E-002
z   9 -1.37750215031830769E-001  3.73705381443365167E-002
z  10 -1.12180934058739561E-002  2.63817445704939757E-001
z  11  3.05953644340775210E-001  5.45046294088589595E-002
z  12  1.31436342091780234E-002 -2.09244538753786125E-001
z  13  9.00339633764139780E-003  7.35384249127570000E-002
z  14 -1.13856638699031433E-002 -7.10071393617626168E-002
z  15  5.99961122308355771E-002 -1.42932448174535789E-002
z  16  3.25690357697457772E-002  2.26340681498352833E-002
z  17  4.07188012170866878E-002  4.41120914317812921E-003
z  18 -2.27867665719587269E-002 -6.92664706270508957E-003
z  19  3.99074951584188070E-002  7.74983295610804160E-003
z  20 -4.88188067623628475E-003 -1.79793030193010385E-002
 
basis     9
D -9.90086717554308354E-002  3.77422055146790225E-001
a   1 -4.42254629233000407E-002  9.48985629005330011E-001
a   2 -5.26178085822020525E-002 -3.07736495382947062E-001
d   1 -7.77874539907531748E-001 -5.45381348959668610E-001
d   2  2.98538451213761991E-001 -9.13519431509812602E-002
s   1 -2.78595856138376405E+002
s   2 -2.77903345816798833E+002
z   1 -1.96212113843314301E-001 -1.40724815132356129E+000
z   2  5.39328902392085752E-001  1.51173106717583217E-001
z   3  1.22956996078745079E-001  8.03536235730553106E-002
z   4  1.36021365576304093E-001 -2.96505769926304397E-001
z   5  7.04767495622118240E-002 -6.01840138538030089E-002
z   6  1.18343121042293553E-001 -3.72082803173775997E-002
z   7  8.15820751074133460E-002  6.59381139142386531E-003
z   8  3.87657154901849890E-002 -2.20683523916494657E-002
z   9  2.65072956848838269E-002  1.15161117349270786E-001
z  10  3.12351200704793830E-001 -1.60260511659478175E-002
z  11  1.02861034304450816E-001 -4.77812464624856770E-001
z  12 -3.85599396995762178E-001 -1.40910597898763729E-001
z  13 -3.04967293579925768E-002  6.44720127100985169E-002
z  14 -1.07917424833281039E-001 -1.30453548196493106E-002
z  15 -5.28112607967053671E-002 -2.65337444382658452E-002
z  16 -2.20007404345219787E-002 -8.34208835148720837E-003
z  17 -3.35031367973253474E-002 -2.16226743474928762E-002
z  18 -2.90998373579195065E-002  2.11903443911204206E-002
z  19 -2.25655036045826554E-002  4.50370255970604112E-003
z  20 -1.28859965690756653E-002  7.28831102599994222E-003
 
basis    10
D  5.58137130294409922E-001  6.76347179782382235E-001
a   1 -5.23326447305022202E-001  2.67568951877810546E-001
a   2  7.64059350900836765E-001 -2.65987958079039521E-001
d   1  5.30896802514253044E-002 -5.85359035386563198E-001
d   2  5.42456252130563699E-001  6.00231205508783283E-001
s   1 -2.78594033090528058E+002
s   2 -2.77631072480211230E+002
z   1 -1.76903233456998626E-001 -1.39979641119335763E+000
z   2  5.30637806855186911E-001  1.28136782481470340E-001
z   3  9.55244924444712817E-002  5.49300028240504445E-002
z   4  1.00212259884913821E-001 -2.70156087604771944E-001
z   5  1.09012150874429711E-001 -4.78684813756351940E-002
z   6  1.49815018099042296E-001 -1.06306976696213570E-001
z   7 -2.67695148973185817E-002 -2.57071742544508902E-002
z   8  4.69965875045785381E-002  3.71634405917665792E-002
z   9  3.67777378144422060E-002 -9.38307500609512901E-002
z  10 -2.29919563493197726E-001 -8.01384658582844217E-002
z  11 -8.14567880440662528E-002  2.66597163179294327E-001
z  12  1.85618838318925367E-001 -7.28164995709748141E-003
z  13 -6.14845182787713759E-002  2.28522659715885632E-002
z  14  5.17432181139583502E-002 -3.03394201086170309E-002
z  15  3.81280540495574222E-002  2.97158811403122267E-002
z  16  1.19440208989243356E-002  2.97536236398970901E-002
z  17  3.27571973268820649E-002  2.68740973307452329E-002
z  18 -6.28116977533509698E-003 -1.11794113085882784E-002
z  19  2.74052653698412634E-002  1.13677620124378737E-002
z  20 -1.42867595825418576E-003 -6.97264516911131910E-003
