ndof   20
nconf    2
nbasisfns   10
initial_PES    1
time  1.00000000000000000E+001
 
zinit   1  1.16046979133424308E-001  4.23285044673318289E-001
zinit   2  8.12542916294744927E-002 -3.82456823255649281E-001
zinit   3  6.62083158494220295E-003  3.39432429289555804E-001
zinit   4  1.00841740501584926E-001  1.35495316200610512E-002
zinit   5  3.18427083784330392E-002 -6.11079216070460618E-002
zinit   6  4.56919029751160291E-002 -2.27217387761696928E-002
zinit   7 -5.90549734416292507E-002  9.87638366061610457E-002
zinit   8 -1.22332848594245650E-002  3.42185396826534399E-002
zinit   9  3.13606619208738188E-003 -3.22135067907585865E-002
zinit  10  1.88458735558671500E-002  2.11719302297669332E-002
zinit  11 -1.16260878421681736E-004 -9.34050695774692706E-003
zinit  12 -3.86846979268722210E-003  3.03244253094477837E-003
zinit  13 -1.19559982925026708E-003  4.27590816906362370E-004
zinit  14  2.26281968974045828E-004 -3.38206801398006950E-004
zinit  15  1.20813556785381523E-004  8.48412340598967725E-005
zinit  16 -6.83022482506878670E-005 -4.53770397744944647E-005
zinit  17  9.53559536792283355E-006 -3.69865753000430901E-006
zinit  18  1.23561407825073034E-007 -1.24944393283984160E-007
zinit  19 -1.28805175069321273E-008 -7.65975139804761612E-009
zinit  20 -3.66958554976248683E-014 -1.60087326852051259E-015
 
basis     1
D  9.20454061002791812E-001  1.00514367905389854E-002
a   1 -3.71876771788746119E-001  7.84932183743450307E-001
a   2  2.04547873888439063E-001 -4.51385977645926584E-001
d   1 -6.73380129323231880E-001 -5.48607389582849492E-001
d   2  4.46323543575126325E-001  2.15370443604019163E-001
s   1 -2.78272150534909031E+002
s   2 -2.78055060192833935E+002
z   1  4.32973284890549981E-001  1.15915002985646238E-002
z   2 -2.68207006794711322E-001  2.96927942631421249E-001
z   3 -2.50951263605005026E-001 -2.09092585540210735E-001
z   4  7.33761661661624515E-002  5.81580725683402550E-002
z   5 -4.27666928788324741E-002 -6.01907256780854841E-002
z   6 -2.73492840710731350E-002  2.25582380445748937E-002
z   7 -1.76432669728483968E-002 -1.01514574459534421E-001
z   8 -3.26659435264014392E-002 -2.66421502438909073E-003
z   9  1.84167121584014326E-002  1.25543995901366306E-001
z  10  2.48692858090025087E-001 -8.08816119460936123E-002
z  11 -1.15385824766095088E-001 -3.99557202060981276E-001
z  12 -2.63657688192851958E-001  1.10937329122786060E-001
z  13  4.07096535302560597E-002 -4.72524622977816763E-002
z  14 -6.75862709412034385E-002  7.08535474222983103E-002
z  15 -7.29575499686798967E-002 -3.44219841253950998E-002
z  16 -2.14320086452052909E-002 -4.61691906573342969E-002
z  17 -3.87884901213957425E-002 -1.64829648311814250E-002
z  18  2.18997336703264300E-003  1.60876544789033786E-002
z  19 -3.69086660808923342E-002 -1.21417469879199595E-002
z  20  8.47921100043024715E-004  9.79023780092290984E-003
 
basis     2
D -5.84526789122187584E-001  4.74486782425617926E-001
a   1 -5.00224166831755856E-001  4.48632009156424150E-001
a   2  5.63692772971669087E-001 -4.80370233233946287E-001
d   1 -3.44065364782253802E-001 -5.77160221671165430E-001
d   2  5.48669716824927933E-001  4.97460194505026709E-001
s   1 -2.78224455807742743E+002
s   2 -2.77902400226073610E+002
z   1  4.52519030179795556E-001  2.56634967113304920E-002
z   2 -2.63006735976529460E-001  2.79985141521705505E-001
z   3 -2.83436717835911234E-001 -2.18790734104749668E-001
z   4  5.55297441188002602E-002  8.98639211841746194E-002
z   5 -2.50019936181395319E-003 -5.40609310838084806E-002
z   6 -5.09976025946638559E-002 -3.75505428993791884E-002
z   7 -8.84053181013008949E-002 -8.98701426713663376E-002
z   8  2.18057343033279706E-002  3.84715018711134019E-002
z   9 -4.43215835129212518E-002 -7.86857690423632683E-002
z  10 -1.99470233071082859E-001  3.70186578844461725E-002
z  11  2.38099768661057740E-002  1.99678034523842890E-001
z  12  1.16118377791209260E-001 -7.25635700439915404E-002
z  13 -4.27465844402156042E-002  5.10185620314920416E-002
z  14  2.76624063802874479E-002 -4.99301696059537697E-002
z  15  3.72015403846455220E-002  2.07383401130038642E-002
z  16  1.25247355381572466E-002  4.18710277070395778E-002
z  17  2.49740436328982698E-002  7.65448332326472847E-003
z  18 -1.30016624548081588E-002 -8.40759037657134133E-003
z  19  1.64955664280513475E-002  9.40295392274436738E-003
z  20 -1.78455879614983597E-002 -8.77581473461656360E-003
 
basis     3
D -2.87939491567877737E-001  1.43419933617347839E-001
a   1 -2.75297662543570465E-001  8.72515694164138433E-001
a   2  4.02541777631446163E-001 -2.97939204614528635E-002
d   1 -7.63397941207841879E-001 -5.04277724001675920E-001
d   2 -3.30467599655549157E-002  4.02287797591384833E-001
s   1 -2.78309084353562127E+002
s   2 -2.78186792636424116E+002
z   1  4.32612842318009616E-001  1.33456858732813421E-003
z   2 -2.69793260187775163E-001  2.77764655790744885E-001
z   3 -2.48748232803995689E-001 -2.07606256107668308E-001
z   4  8.70395094567304739E-002  4.33289723645298094E-002
z   5 -2.59325439877351287E-002 -1.00072683120726938E-001
z   6 -3.45405990300697921E-002 -2.32761975276892553E-002
z   7 -3.68002236037151265E-002 -1.40866523072847555E-001
z   8  9.84005348870364924E-004 -4.19193478407808573E-002
z   9  3.01946411199271597E-002 -1.42197872963600435E-002
z  10  1.22783109513576350E-001 -2.43113545609717180E-001
z  11 -3.16107057929501001E-001 -3.92963317802924095E-001
z  12 -3.73085191736965860E-001  1.65913885426942798E-001
z  13  2.07281603202139099E-002  5.92385757061775695E-002
z  14 -7.89972364539465594E-002  8.48269274153687913E-002
z  15 -6.25956211595619927E-002 -7.20708408850125309E-003
z  16 -2.77543920935226056E-002 -1.87959756499563174E-002
z  17 -3.25407117939401566E-002  3.23093794039092932E-003
z  18  1.14412197639497041E-003  3.49400010779368220E-002
z  19 -3.10897045426880118E-002  2.71329877044810272E-003
z  20 -4.36428508658072596E-003  1.62023362244201885E-002
 
basis     4
D  2.00273760590236438E-001  9.44486867876651370E-001
a   1 -4.94406395641603380E-001  6.98093210428439193E-001
a   2  4.84638733597787752E-001 -1.82629360725461209E-001
d   1 -4.78754344393229725E-001 -7.08918960264299569E-001
d   2  1.44237927844033165E-001  4.97416933440667619E-001
s   1 -2.78391545573562155E+002
s   2 -2.78109095908660038E+002
z   1  4.35125541764393553E-001  1.59782341895836231E-003
z   2 -2.54032249154524159E-001  2.74636638055978599E-001
z   3 -2.71353480489996746E-001 -2.42004315586238056E-001
z   4  6.82109146881079570E-002  6.25143080910302573E-002
z   5 -2.36235821139625726E-002 -7.54137408836759587E-002
z   6 -2.39209119607287461E-002 -3.06140400232693122E-002
z   7 -5.64028245197113337E-002 -1.54148735686060828E-001
z   8 -1.38908023951325142E-002  7.45072127340914211E-003
z   9  7.54636258763596718E-002 -4.43603391465131371E-003
z  10  5.93381206005060627E-002 -3.05238314985545378E-001
z  11 -4.25652349947323871E-001 -2.37643262878236838E-001
z  12 -1.84092369390817384E-001  2.96452482454793498E-001
z  13  3.36125106190710496E-002 -6.02067475580596312E-002
z  14 -4.13193228013866917E-002  1.06428955568645581E-001
z  15 -7.91512137439780855E-002 -1.66237676527474518E-003
z  16 -3.79227330522624029E-002 -4.06745989838779229E-002
z  17 -4.68942010807184145E-002 -1.51108242727793825E-002
z  18  1.90068409897321752E-002  1.70513037864396637E-002
z  19 -4.80923031209355700E-002 -6.40497809801893799E-003
z  20  1.04627328732594792E-002  1.09584463377811175E-002
 
basis     5
D  2.23544228331032402E+000 -1.21299800693309340E-001
a   1  4.27552767132206912E-001 -5.94866081311526185E-001
a   2 -3.75887734561491715E-001  5.67486905248809848E-001
d   1  5.40346299787485274E-001  4.94664431390929415E-001
d   2 -6.22846530683243915E-001 -2.74581819934403226E-001
s   1 -2.78149048702082155E+002
s   2 -2.77861144685502950E+002
z   1  4.35982803060417645E-001  1.06909179375972319E-002
z   2 -2.58952342324651752E-001  2.96756138665127511E-001
z   3 -2.62499210840758335E-001 -2.14975375316357964E-001
z   4  6.04901721242754320E-002  7.99225613180918892E-002
z   5 -1.83821443492110589E-002 -5.63477202252089387E-002
z   6 -5.27835859783296335E-002 -3.43478756852047106E-003
z   7 -7.49886810733434439E-002 -1.00674708642165170E-001
z   8 -1.73336940293665129E-002  8.19123434581965626E-003
z   9 -3.95415021343029915E-002  2.57896456930886307E-003
z  10 -5.14136954479809047E-002  2.26173025696319377E-002
z  11  3.99407177234886290E-003  1.83351218323314323E-002
z  12  2.80458130434461505E-003 -2.73832377777793179E-002
z  13 -1.77727168392347347E-002  1.53956273322173494E-002
z  14  1.03629335344792802E-003 -1.24428689006547202E-002
z  15 -2.22713538947628557E-004  1.77771679822182776E-003
z  16  1.77136792402201316E-005  1.60024067070889051E-002
z  17 -9.14250972665229915E-003 -1.01177019101712177E-002
z  18  2.59202319668568743E-003 -1.35688863098044968E-002
z  19 -2.98925051415986544E-003 -6.93020848734339674E-003
z  20 -4.33681664859925358E-003 -5.13833397600199811E-003
 
basis     6
D -4.47669759918666588E-002  5.02570540457670356E-001
a   1  5.83040935756679701E-001 -7.35580069303502920E-002
a   2 -7.92659125059467784E-001  1.62308343310961084E-001
d   1 -6.81826173740593816E-002  5.83693964196660864E-001
d   2 -1.66997288280055112E-001 -7.91684528430042112E-001
s   1 -2.78272734738760789E+002
s   2 -2.78025030759082767E+002
z   1  4.41915460370750190E-001  1.25845190767849228E-002
z   2 -2.62272828169330396E-001  2.86512472867062939E-001
z   3 -2.74576112055831822E-001 -2.03097574434495082E-001
z   4  5.62476202623459418E-002  9.21155319222937835E-002
z   5 -6.11826133554054918E-003 -6.67733896580667563E-002
z   6 -6.89915545480561665E-002 -3.35687299235818554E-002
z   7 -1.03677467149710115E-001 -6.85312178835610075E-002
z   8  1.97303634430512562E-002  3.63772493150696305E-002
z   9 -8.62853617009123747E-002 -8.75345822767349679E-002
z  10 -2.79259882725738040E-001  1.45391251195357840E-001
z  11  1.37504122168170623E-001  3.26915928958099178E-001
z  12  1.98119845013510432E-001 -1.51956859994570648E-001
z  13 -4.44346707852860054E-002  5.96869010571071876E-002
z  14  5.03847388358733272E-002 -7.37269883482752214E-002
z  15  6.71685896237349395E-002  2.64999210081541849E-002
z  16  2.95598700097547511E-002  4.58702991260821272E-002
z  17  4.36893760489526703E-002  2.26393286620567534E-002
z  18 -2.03841946813753949E-002 -2.75405498740144659E-002
z  19  3.34225266709553132E-002  1.14284411314129579E-002
z  20 -1.77873511816313903E-002 -1.06464143321244563E-002
 
basis     7
D  6.73476599624188044E-001 -1.25532997291894016E-001
a   1 -6.06784906234704491E-001  2.47546217046928085E-001
a   2  7.29089642694629836E-001 -1.97386020039147791E-001
d   1 -7.18629834667761647E-002 -6.51385265120234203E-001
d   2  2.64398267279830235E-001  7.07549647905291068E-001
s   1 -2.78308423604892255E+002
s   2 -2.77937727124984178E+002
z   1  4.39925098612627796E-001  1.27238517625469869E-002
z   2 -2.58416311301167378E-001  2.70697705374374875E-001
z   3 -2.88749851769269428E-001 -2.27779389999617166E-001
z   4  4.42246611840293249E-002  8.86817601078838391E-002
z   5 -8.21403181453896590E-003 -5.34872589661792366E-002
z   6 -3.49269426286273263E-002 -5.16547799066979299E-002
z   7 -1.14813965061080478E-001 -1.04788034091203852E-001
z   8  1.05397347764812962E-002  4.55197044671539972E-002
z   9  6.58675565768468939E-003 -1.12572612584783058E-001
z  10 -2.78804641356804939E-001 -4.33560511562252893E-002
z  11 -6.96776144734774228E-002  2.78530549919282777E-001
z  12  1.85871134438562846E-001 -1.46158002799686645E-002
z  13 -6.16768158691006277E-002  3.13758175660789479E-002
z  14  5.77514753508500192E-002 -3.77736066461808115E-002
z  15  3.10349984617374827E-002  3.95795208563554587E-002
z  16 -6.13192772381920305E-003  3.52972671233853647E-002
z  17  2.70367648848299086E-002  2.51932302985840295E-002
z  18 -6.11650692125150202E-003 -8.26275982032516863E-003
z  19  1.26710177633078923E-002  1.68641192022645041E-002
z  20  8.20546607510035889E-004 -4.07235455777260179E-003
 
basis     8
D -2.03677288548063995E+000 -4.68618579433423443E-001
a   1  3.72549356429600520E-001 -6.58320874786197718E-001
a   2 -2.64934456048933786E-001  5.98022020366018148E-001
d   1  6.10372682665709210E-001  4.46793672080122106E-001
d   2 -6.28468444181942587E-001 -1.81240220459276374E-001
s   1 -2.78147857091059507E+002
s   2 -2.77894683493441789E+002
z   1  4.47629017460252576E-001  1.41934761276799153E-002
z   2 -2.60336766417440468E-001  3.02966449113977854E-001
z   3 -2.52431995636984152E-001 -2.05094671263753858E-001
z   4  7.18688979453838001E-002  6.47617057313372574E-002
z   5 -2.78223595193469626E-002 -7.07548593625093730E-002
z   6 -3.70103234192128289E-002  7.08560720413647319E-003
z   7 -4.61523105005397019E-002 -1.07452152553787539E-001
z   8 -2.74215681431423559E-002 -7.78774650168914846E-003
z   9 -6.14272072922439766E-002  6.21316807592721329E-002
z  10  7.92584072142028251E-002  6.01249390861777477E-002
z  11  1.86185995489064650E-002 -1.22876112431046791E-001
z  12 -6.67768528528968897E-002 -4.68400704721393894E-003
z  13  1.96053201541733467E-002 -6.12334466701335792E-003
z  14 -3.86736270345103134E-002  1.40665950592218040E-002
z  15 -1.99245626317139067E-002 -2.25168172809115628E-002
z  16  4.84429555603043283E-003 -1.00165036127912131E-002
z  17 -3.56877362740403922E-003 -1.20868612278766680E-002
z  18  6.26193423294884883E-003  5.79551539570469405E-003
z  19 -1.22326352018274961E-002 -1.10083674958287216E-002
z  20  3.41676696564926401E-003  4.60150006295381372E-003
 
basis     9
D -6.97881567263906044E-001  1.73305903581231657E-001
a   1  5.52834257189688927E-001 -4.55540043293074737E-001
a   2 -6.97742569113686928E-001 -3.58612333810200828E-003
d   1  2.15483148106468264E-001  6.83161371747596280E-001
d   2  6.03495247703534979E-002 -6.95137028141902924E-001
s   1 -2.78414616168068221E+002
s   2 -2.78112409875789467E+002
z   1  4.55213856377895187E-001  1.42646210112742609E-002
z   2 -2.50095095310692073E-001  2.54313497296161317E-001
z   3 -2.76377133011375620E-001 -2.43361263771372516E-001
z   4  6.78164521702653705E-002  6.20466535022657362E-002
z   5 -1.72733498973735196E-002 -7.80858979958956173E-002
z   6 -2.50951628871978090E-002 -5.32736690607912566E-002
z   7 -1.15816986446741932E-001 -1.63233668380285524E-001
z   8 -1.28016161036344639E-002  2.87387927848059936E-002
z   9  4.92274018096892224E-002 -8.91952907019601948E-002
z  10 -1.67666357103499503E-001 -3.14293627733034320E-001
z  11 -4.62138935506094695E-001  6.85173069036935367E-002
z  12  3.03831055202221471E-002  3.32626607345845426E-001
z  13  2.90995653389548997E-002 -6.38709492791014605E-002
z  14  2.21048344871131140E-002  1.04074056066680770E-001
z  15 -5.05713065330227612E-002  2.19908873800380641E-002
z  16 -3.30902683993030619E-002 -6.51105531395014970E-003
z  17 -3.88543454619858855E-002 -1.99373373884546932E-003
z  18  3.19307220909340328E-002  1.46547335528787563E-002
z  19 -1.78094045687689877E-002  1.26884948973173418E-002
z  20  1.29975999469897924E-002  1.18671934076196948E-002
 
basis    10
D -6.27462848476202817E-001 -1.44189115387502098E+000
a   1 -4.91913702549088838E-001  6.75463220914108042E-001
a   2  3.93895177031381494E-001 -3.82905910045975240E-001
d   1 -5.16004848577210518E-001 -6.57243219674440327E-001
d   2  4.09314650092453713E-001  3.66376669093996798E-001
s   1 -2.78306711304750934E+002
s   2 -2.77961505928891995E+002
z   1  4.34890103810913864E-001  7.15430056158901373E-003
z   2 -2.50808763171643467E-001  2.84624611416073869E-001
z   3 -2.73534805067198961E-001 -2.15254715492417120E-001
z   4  7.17269282151973275E-002  7.04527026936575401E-002
z   5 -2.85394023966316183E-002 -4.85925043976133120E-002
z   6 -1.59173831409246368E-002 -2.30917114729580451E-002
z   7 -6.09316951753608171E-002 -1.39188708130666500E-001
z   8 -4.13343849728586010E-002  4.25652021395872757E-002
z   9  5.89164854632252960E-002  6.02504153807117276E-002
z  10  1.27917435395785900E-001 -2.05525234960147546E-001
z  11 -2.60309469286900186E-001 -2.40041644881514221E-001
z  12 -1.26009068356501969E-001  1.89238839591786723E-001
z  13  2.40403941832254275E-002 -6.70972729002486667E-002
z  14 -2.18996994158430353E-002  7.28462404224467092E-002
z  15 -7.37019010835935351E-002 -1.07007145074116440E-002
z  16 -2.54567373283593051E-002 -3.69592429323430879E-002
z  17 -4.05394618259165562E-002 -1.84061609500011797E-002
z  18  2.15787717746272686E-002  1.84791262020132102E-002
z  19 -5.17678344825582698E-002 -8.87739035520461288E-003
z  20  4.52408694312811908E-003  1.23205545091104613E-002
