ndof   20
nconf    2
nbasisfns   10
initial_PES    1
time  1.00000000000000000E+001
 
zinit   1 -1.53807362572286022E+000  5.80671101958552871E-001
zinit   2  5.54310833626074473E-001  1.01193387299029672E-001
zinit   3 -1.19108658691231856E-001  7.68175047380841025E-002
zinit   4 -2.42086372054444859E-001  2.68112273648207777E-001
zinit   5  9.22812115100545144E-002  2.05867440808668423E-001
zinit   6 -7.20146998679892375E-002  2.43977409422636779E-002
zinit   7 -7.47664615715371017E-003 -7.18067816757585603E-002
zinit   8 -1.24375277576966679E-002 -3.33017861452813719E-003
zinit   9 -1.21516986225545538E-002 -4.49888278140157371E-003
zinit  10  5.03766289147240809E-003  1.72897727870518735E-002
zinit  11 -1.82032124260061556E-003 -3.88525418398833963E-003
zinit  12  8.83065811534615485E-004  1.78520917994550625E-003
zinit  13 -2.92897545565479699E-004 -1.65069930731301818E-003
zinit  14 -2.80522386589595251E-004  1.61352923082948779E-004
zinit  15  6.52731183666622478E-006 -2.50380648240595776E-004
zinit  16  7.29706816552825813E-005  5.38634387183182888E-005
zinit  17 -5.42243505022140239E-006 -9.14031839979309702E-008
zinit  18  9.23422916202468862E-007 -4.13074302831666599E-008
zinit  19  9.53453389323941414E-009  2.84176117969438510E-009
zinit  20  1.08086711785696839E-016 -1.05559798254799951E-014
 
basis     1
D -2.35430744578503637E+000 -9.72723037997456741E-001
a   1  5.46826989940235153E-001 -3.93074304493467364E-001
a   2 -6.66611531209250652E-001  3.19533880330000297E-001
d   1  4.70398837503224088E-001  4.81925408601514282E-001
d   2 -1.63328674868117890E-001 -7.20969193645410455E-001
s   1 -2.77880905169584082E+002
s   2 -2.78255153479590717E+002
z   1  1.03366331053536681E-001  1.63825590759227557E+000
z   2 -4.39356588434587358E-001 -3.85949698743940750E-001
z   3 -6.72036902518449285E-004 -1.72048468079226691E-001
z   4 -3.88268217345714650E-001  3.75067597065915914E-002
z   5  2.18314954045848886E-001  7.12954653257089205E-002
z   6  7.06697898122621571E-002 -1.25669993546872281E-002
z   7  3.18789438061754735E-002  1.71277344863890631E-002
z   8  9.03799237539370734E-003  2.90638879930047028E-002
z   9  6.32509087044989537E-002 -8.24512366112056944E-002
z  10 -1.90222515369819045E-001 -1.02220170432031687E-001
z  11 -1.16811518521540619E-001  2.14981328014009654E-001
z  12  1.34871111120053233E-001  1.83818003814758095E-002
z  13 -4.87283877990496231E-002  6.29114143805720259E-003
z  14  5.13519108360146609E-002 -1.41540107485982457E-002
z  15  1.15442925790011693E-002  2.86600846801726601E-002
z  16 -4.96626543952968878E-003  2.13496831711396974E-002
z  17  1.99614835696747678E-002  2.72313960815836371E-002
z  18  1.07506367987366524E-002 -1.02414185513444132E-002
z  19  3.35546158987415398E-003  1.26055903603921153E-002
z  20 -6.00947582165232540E-003 -7.97427573513734105E-003
 
basis     2
D  2.39624792633815575E+000 -5.50524856450694267E-001
a   1  4.45906053759703547E-001 -7.06522446709224594E-001
a   2 -3.69604233779445623E-001  4.06677432234355041E-001
d   1  7.41188208995397946E-001  3.85546644817115369E-001
d   2 -2.55957448499623375E-001 -4.86291690319690884E-001
s   1 -2.77947612097342414E+002
s   2 -2.78379567949991838E+002
z   1  1.05930512150967451E-001  1.63594531399807219E+000
z   2 -4.30622728146029199E-001 -3.72183763615677732E-001
z   3  1.22233973940592336E-002 -1.49403605471150169E-001
z   4 -3.77183067620940504E-001  1.94012335766560948E-002
z   5  2.00194912985170392E-001  7.99823318246004056E-002
z   6  9.42312389449313226E-002  3.01750737684999652E-002
z   7  9.03620822001656998E-002 -2.75355656534828240E-003
z   8 -4.10675674627375420E-002 -1.10733350247538102E-002
z   9  1.01458247455701547E-001  8.74597415276402307E-002
z  10  2.00205683762682246E-001 -1.94466161428829609E-001
z  11 -2.42145048255058004E-001 -2.97694476671678643E-001
z  12 -1.81999796652695583E-001  2.02442412595875226E-001
z  13  4.11239739308092087E-002 -6.46237558499510173E-002
z  14 -3.65529594054382068E-002  7.67305296437214429E-002
z  15 -7.65288109455817406E-002 -2.31062111233038790E-002
z  16 -4.57342347742141220E-002 -4.80182453386117231E-002
z  17 -5.65903291119718502E-002 -1.13468419748213398E-002
z  18  2.28370355034029707E-002  2.82750966531903937E-002
z  19 -3.59173278470888147E-002 -1.58255780711362339E-003
z  20  3.59868759747778919E-003  1.95346717747419199E-002
 
basis     3
D  1.70959934123766333E+000  2.34424785678509107E-001
a   1  5.17205795604855356E-001 -5.32302515944388599E-001
a   2 -5.23673776737803354E-001  4.18231959645809337E-001
d   1  6.10957089269239861E-001  4.21401517035280115E-001
d   2 -3.14123724583752983E-001 -5.92012231432458735E-001
s   1 -2.77863742040607690E+002
s   2 -2.78217037387264043E+002
z   1  1.14941332810951508E-001  1.63169383033908777E+000
z   2 -4.29222602644548534E-001 -3.82858482089215413E-001
z   3 -3.01729456744899210E-003 -1.58693995881024702E-001
z   4 -3.90178789511431923E-001  2.62724553699341182E-002
z   5  2.08312564438702136E-001  7.42945374881793519E-002
z   6  7.39268730448773004E-002  1.79548940532325216E-002
z   7  5.53343130692683371E-002  2.12394640719244668E-003
z   8 -3.16307274429732110E-002  3.19293994847924534E-002
z   9  9.17468246378840557E-002  4.59099037621248530E-003
z  10 -4.15747683591272607E-002 -1.53836887328304722E-001
z  11 -1.74631391494544208E-001 -4.64218694554773860E-003
z  12  1.10766750761586725E-002  1.13249421773293307E-001
z  13 -1.63257743466938415E-002 -4.68323379271967030E-002
z  14  2.13419979259013189E-002  2.38084612380025998E-002
z  15 -3.85077957918465164E-002  2.55705292799251228E-002
z  16 -2.63374660048436467E-002 -6.40313986040642186E-003
z  17 -2.70995214281770369E-002 -1.99266000393829006E-003
z  18 -8.95155194027829845E-004 -8.51656687870734619E-003
z  19 -1.36785389767419240E-002  2.91688416029717529E-004
z  20  4.43844514301672786E-003  6.91312079819658004E-003
 
basis     4
D -1.80499925346125645E+000  9.25799437087276744E-001
a   1 -6.06619778384977285E-002  7.77285748720619507E-001
a   2 -2.68118154455120661E-001 -5.65914873927287565E-001
d   1 -7.79640203237174534E-001 -3.76353766418395996E-003
d   2  6.25987689370145151E-001  1.69234168413001616E-002
s   1 -2.77957891609101125E+002
s   2 -2.78500429023252025E+002
z   1  9.15656306989604263E-002  1.63638945824784576E+000
z   2 -4.34945262765626395E-001 -3.44524248346307627E-001
z   3  3.13225441137859606E-002 -1.28841001649274811E-001
z   4 -3.46439027057605486E-001  3.06681194944284120E-002
z   5  1.88372191675581668E-001  5.90367872790326653E-002
z   6  4.33180708173120793E-002  6.81720159352649374E-002
z   7  1.20184408784094629E-001  7.62737073881890465E-002
z   8 -6.79941419913118999E-003 -2.26572923787346399E-002
z   9 -8.53912538545641003E-002  1.42740452866909229E-001
z  10  2.09214515731065392E-001  2.50120545587988241E-001
z  11  3.41860971394444491E-001 -2.46401028231216540E-001
z  12 -1.84578651036977681E-001 -2.31627005289452181E-001
z  13  1.08167119725136440E-002  5.21847350635267493E-002
z  14 -7.35172925817730166E-002 -6.58409829660604878E-002
z  15  2.61929967842751618E-002 -4.52641178468483896E-002
z  16 -1.25573690393156970E-003 -4.37550335376510682E-003
z  17  7.61069838871574530E-003 -2.28744535875506257E-002
z  18 -2.11186336813459809E-002  1.60921313031341410E-003
z  19 -3.85662725944724543E-003 -8.64147119455452653E-003
z  20 -7.94627360300807078E-003 -1.39567871317397407E-002
 
basis     5
D -1.81933901851625812E+000  4.51710444463695848E-001
a   1  1.01370548065338226E-001 -7.62416657963525757E-001
a   2  1.90639368129737585E-001  6.10001215542859243E-001
d   1  7.69075942686636704E-001  8.79447190001019993E-003
d   2 -6.29432316024611804E-001 -1.10724031666863995E-001
s   1 -2.77910200235103105E+002
s   2 -2.78507985005262071E+002
z   1  9.93838594726869362E-002  1.64310799491385540E+000
z   2 -4.44834146825898058E-001 -3.41627328236792316E-001
z   3  2.09489708278411575E-002 -1.20326615860220060E-001
z   4 -3.36985692337590625E-001  1.93354399307022751E-002
z   5  1.90893107910782345E-001  7.06297356496725925E-002
z   6  4.38110455517387795E-002  9.12214259767243768E-002
z   7  1.18540997153052080E-001  7.75930085172534950E-002
z   8 -2.38349249972792405E-003 -3.34354985714239716E-002
z   9 -8.75522239369393301E-002  1.24211978651706093E-001
z  10  2.05461462010903706E-001  2.46832161531846950E-001
z  11  3.18004382199857716E-001 -2.41420561123132399E-001
z  12 -1.78991187729891615E-001 -1.93020009151577965E-001
z  13  3.39162531031321143E-002  4.63103639286711749E-002
z  14 -7.10344774459218120E-002 -4.51319979010428515E-002
z  15  1.14540974152995082E-002 -4.40226393845169137E-002
z  16  1.73664157680682961E-002 -1.42867252224851190E-002
z  17  1.66972395309260557E-002 -2.01825201157409574E-002
z  18 -1.39751431788639937E-002  4.23811892980759976E-003
z  19  7.96533338406381179E-003 -7.36542476152813718E-003
z  20 -1.06366223994560881E-002  6.52018031499509987E-003
 
basis     6
D  2.35066603735193114E-001 -4.73895486175133551E-001
a   1  4.22427670622287144E-001 -7.71873623533390840E-001
a   2 -3.97106574814525992E-001  2.60906766154210157E-001
d   1  7.76927390888190073E-001  4.13059144556330804E-001
d   2 -7.19193443537991389E-002 -4.69673908465961187E-001
s   1 -2.78018852211407250E+002
s   2 -2.78460298004706146E+002
z   1  1.00755156427828660E-001  1.63391756808580024E+000
z   2 -4.33450987566772139E-001 -3.76053137895095979E-001
z   3  1.92098074351717586E-002 -1.58332735332904068E-001
z   4 -3.65095471882861844E-001  3.31692074155968486E-003
z   5  2.02913878731157682E-001  3.80091120587574133E-002
z   6  8.67336148793031586E-002  2.35454493963269951E-002
z   7  9.36818129578911030E-002 -1.06269230505087204E-002
z   8 -1.76832244901442906E-002 -2.02626344522752432E-002
z   9  1.07530719067113770E-001  3.62628179534401213E-002
z  10  1.74368234262347710E-001 -2.66979297231980162E-001
z  11 -3.40475256954237193E-001 -3.60265585678577194E-001
z  12 -2.69247168439960882E-001  2.48212793247848812E-001
z  13  4.88454487468915344E-002 -3.45702070930604954E-002
z  14 -5.55140527923732516E-002  9.25082401596556969E-002
z  15 -9.02999740407752077E-002 -1.11564453226625712E-002
z  16 -3.59873159366881704E-002 -3.92568195977010467E-002
z  17 -5.85343998880162100E-002 -1.75883159652726710E-002
z  18  5.40483354973217596E-003  2.37870089741891270E-002
z  19 -4.17822512446609645E-002 -3.01607751817636535E-004
z  20 -5.47853579399087791E-003  1.64244651941091620E-002
 
basis     7
D -6.73740152895619060E-001  6.37564030449536912E-001
a   1  2.67817873724800981E-001 -7.63725762036045475E-001
a   2 -6.46415971678961365E-002  5.83796206592314348E-001
d   1  7.92615400191004738E-001  1.63597923165501119E-001
d   2 -5.04290299482962001E-001 -3.01144219209629360E-001
s   1 -2.77897220057356094E+002
s   2 -2.78459004649485166E+002
z   1  9.95806919353974251E-002  1.63207874676002018E+000
z   2 -4.34554739663440881E-001 -3.53150879860051670E-001
z   3  2.75026819139743590E-002 -1.25715432763898710E-001
z   4 -3.57652984844705701E-001  1.14595786813050469E-002
z   5  1.67817396376343603E-001  4.84967507221188490E-002
z   6  5.90084689278251653E-002  7.11864615975862369E-002
z   7  1.21314747313267607E-001  5.88244673102957319E-002
z   8 -2.50117027847447417E-002 -2.90888117394311821E-002
z   9 -2.92694411993322870E-002  1.43145781785680493E-001
z  10  2.52432635570262409E-001  9.04223497385129305E-002
z  11  1.03354057307541769E-001 -3.38371618113006478E-001
z  12 -2.27674926025139640E-001 -2.84408755387459342E-002
z  13  5.46080307802751727E-002 -1.50457544912945777E-002
z  14 -7.68274439366629647E-002  2.42563157010525117E-002
z  15 -3.24287549101240913E-002 -4.52702485451803791E-002
z  16 -1.19479294777842049E-003 -4.47893129974202622E-002
z  17 -2.63825625449845176E-002 -3.41263259019235835E-002
z  18  5.48532187410536234E-003  2.40757648136979904E-002
z  19 -1.89638677401767868E-002 -1.67124617207901048E-003
z  20 -1.71813278305468493E-003  5.64656965926738780E-003
 
basis     8
D -2.76199645560645779E+000  1.22370570655661121E-001
a   1  4.87918626638532249E-001 -6.61827100620283826E-001
a   2 -4.47936023689749441E-001  3.51103433968829148E-001
d   1  6.93120664250015728E-001  4.42338605737617796E-001
d   2 -1.99182566847315085E-001 -5.33147829150417363E-001
s   1 -2.77963695826671255E+002
s   2 -2.78338209539408638E+002
z   1  1.05590017406522338E-001  1.63413473036492762E+000
z   2 -4.24848191571836786E-001 -3.86629661992249019E-001
z   3  1.43852684610522330E-003 -1.61324164896138628E-001
z   4 -3.75015296886964999E-001  2.00857686391603153E-002
z   5  2.02008633868425574E-001  8.05704234755212773E-002
z   6  8.02823315653401343E-002  2.50759360870735151E-002
z   7  7.79716072692606676E-002 -1.46092434127320109E-002
z   8 -3.95707001586349943E-002  1.78549440602294323E-003
z   9  1.13417823387898714E-001  4.90688563800179903E-002
z  10  1.15903936929109039E-001 -2.37756663192192047E-001
z  11 -3.00402477336836837E-001 -2.26877002041901865E-001
z  12 -1.19020403293551819E-001  2.15745276056501872E-001
z  13  1.94391491023518659E-002 -7.34285803024351258E-002
z  14 -1.81179243990210841E-002  8.11937764693386466E-002
z  15 -7.91628189554253736E-002 -1.11555065127799842E-002
z  16 -3.91640755038004176E-002 -3.52861323682248235E-002
z  17 -6.26581699643266321E-002 -1.32611279954233281E-002
z  18  2.17753220482530853E-002  1.24734979212331020E-002
z  19 -3.22503275095255906E-002 -1.45435110660376617E-002
z  20  1.75375915895273349E-002  6.96260588572444536E-003
 
basis     9
D  1.05389554815151598E+000 -3.83582320932960685E-001
a   1 -4.56930822424576721E-001  7.10297404735372617E-001
a   2  3.91293270960190953E-001 -3.65487888234087566E-001
d   1 -7.34208260538706914E-001 -4.17428328952566707E-001
d   2  2.13160910796855257E-001  4.91176390365817006E-001
s   1 -2.77976270028536760E+002
s   2 -2.78372809897893603E+002
z   1  1.02882345906175163E-001  1.62604682745216023E+000
z   2 -4.30305710101423822E-001 -3.75855263861186617E-001
z   3  2.26658299508244697E-002 -1.63315957095382241E-001
z   4 -3.71185945526926520E-001  1.99661248193036232E-002
z   5  2.08851309001392010E-001  7.30185204255244247E-002
z   6  9.69703093796491916E-002  2.14327129860401380E-002
z   7  8.38453596294198716E-002 -2.49127901219833407E-002
z   8 -3.72967640485672020E-002 -1.64780271254137897E-002
z   9  9.66073090622770192E-002  7.08748602239874376E-002
z  10  1.71479550734774527E-001 -2.20270623260792386E-001
z  11 -2.92684607862097768E-001 -3.06203933842512210E-001
z  12 -1.91232024738674233E-001  2.26388626128649212E-001
z  13  4.00397332078117479E-002 -5.91812047907231548E-002
z  14 -4.11670546055276018E-002  9.69636589335714089E-002
z  15 -8.02061597562953726E-002 -2.68563002533035756E-002
z  16 -4.57574422820242466E-002 -3.98990195901796213E-002
z  17 -4.89641531230221583E-002 -1.37872528854014811E-002
z  18  6.20322888073230813E-003  1.76901732057240940E-002
z  19 -3.55199296026559239E-002 -1.86169922758751445E-003
z  20  1.01546253741292714E-002  1.38687013650577885E-002
 
basis    10
D  1.33638190034708315E+000  1.11634628459173868E+000
a   1  4.63803674109676267E-001 -4.96921032736160284E-001
a   2 -5.26163160657641571E-001  5.10987247858073479E-001
d   1  5.89144593908188408E-001  3.39047206686565572E-001
d   2 -3.91886104433008808E-001 -6.19984612921263056E-001
s   1 -2.77802212201415898E+002
s   2 -2.78238035194939982E+002
z   1  9.99105966499328341E-002  1.63846759912636242E+000
z   2 -4.22985311547619758E-001 -3.70489234848364879E-001
z   3  1.08871935934038728E-002 -1.52443439611251064E-001
z   4 -3.78393003022229335E-001  2.65588921198769666E-002
z   5  2.01692447733280739E-001  5.99503534794808973E-002
z   6  7.23856509268378384E-002  1.56166919941508470E-002
z   7  3.70882162231055412E-002  1.33861549918358747E-002
z   8  5.21936812761515309E-003  2.81738908452666657E-002
z   9  2.44569247525394905E-002 -4.26246446768653448E-002
z  10 -1.26130200742631732E-001 -1.86689963261249432E-002
z  11 -3.36883574433027647E-002  1.27173512822859297E-001
z  12  7.80621839259978273E-002 -2.29705965313069041E-002
z  13 -2.79363384481058317E-002  2.44753891566124454E-002
z  14  6.59488603626775388E-003 -2.11017316504220447E-002
z  15  1.71390134838061287E-002  1.20829834329430619E-002
z  16  5.20292081219739851E-003  6.45534064445331141E-003
z  17  9.30978072724398392E-003  1.03637936106518972E-003
z  18  5.77429120643243622E-004  7.85062804480583278E-004
z  19  7.25059140475341375E-003  9.05305125019658166E-003
z  20 -3.41462993215682327E-003 -8.84737897704698578E-004
