ndof   20
nconf    2
nbasisfns   10
initial_PES    1
time  1.00000000000000000E+001
 
zinit   1 -4.48350272638143477E-001 -1.44693720268199044E-001
zinit   2  2.16343738550786461E-003 -2.04392411174670746E-001
zinit   3 -2.24201159394056382E-001  2.49524960685953173E-001
zinit   4 -1.25844767554999931E-001 -2.96177212065659556E-001
zinit   5  1.54249761150993286E-001 -1.84995916959061979E-001
zinit   6 -4.83666731599687733E-002  1.24918823152051391E-002
zinit   7 -5.29506292060545683E-002  1.77105513325250645E-002
zinit   8 -1.84465485588066087E-002 -3.47412747093865952E-004
zinit   9 -1.27530559724159821E-002  6.69772829052694019E-003
zinit  10  7.44281118157192473E-003  3.86480779530993862E-003
zinit  11 -2.41690848835115959E-003  1.74466143724547073E-003
zinit  12  3.58286050043655655E-003  3.58728768273046178E-003
zinit  13  2.80208948100992613E-003  5.13338410373499299E-005
zinit  14  1.37671842756299361E-004 -7.63946235040655281E-004
zinit  15 -1.76666290224620262E-004 -4.10491336422063463E-004
zinit  16  6.25970281680741664E-005  2.69842360028785738E-005
zinit  17 -6.90646038191494893E-006 -1.01564370360607483E-006
zinit  18 -4.04527565798662169E-007  5.68338007435012764E-007
zinit  19  1.27706830249366819E-008 -1.00107307313836581E-009
zinit  20 -2.16336801005745922E-014 -1.71654417990190842E-014
 
basis     1
D -1.72652697069573846E+000  8.01641194937043666E-001
a   1  5.20721598163784716E-001 -5.84695948094667961E-001
a   2 -5.03111109046573191E-001  3.65867294850648284E-001
d   1  6.10947717346838615E-001  4.89656227552816958E-001
d   2 -2.50792912352919450E-001 -5.69282513872457652E-001
s   1 -2.77978997268708895E+002
s   2 -2.78244743972247704E+002
z   1 -2.63824095313253404E-001  3.81336363114608945E-001
z   2 -9.89979190774493006E-002  1.82155694842433519E-001
z   3 -5.33635884287655266E-002 -3.29386869224908452E-001
z   4  1.12719826375954651E-001 -2.94510686257943910E-001
z   5 -1.82024627799008236E-002 -2.29641377132147301E-001
z   6  8.17816599010600248E-002 -1.64495326958657602E-002
z   7  1.99677919481314160E-004 -1.09762769690807976E-001
z   8 -4.07854409405979251E-002  1.01351495663135564E-002
z   9  1.29383402919336865E-001  5.69954552747303257E-003
z  10  5.75436908944765499E-002 -2.30645240658852335E-001
z  11 -2.97915838100206276E-001 -1.07225057601129825E-001
z  12 -4.74256804358662853E-002  1.92808757832204053E-001
z  13  4.45199883416230908E-003 -6.74008910949934620E-002
z  14 -5.32687375747511777E-004  7.58627852304469968E-002
z  15 -5.23176266171488311E-002  9.14103670733978045E-003
z  16 -2.72493562839785063E-002 -3.14454222049615970E-002
z  17 -4.18710085357372405E-002 -3.42955343483988340E-003
z  18  1.44148919039288909E-002  1.27135996279805208E-002
z  19 -2.56807733487494257E-002 -7.24842486848243771E-003
z  20  1.48350713160910544E-002  1.32155147791142274E-002
 
basis     2
D  8.94777174141143522E-002 -2.21365072214611575E-001
a   1 -2.88995574844513547E-001  8.51098038845673699E-001
a   2  1.24499747408929051E-001 -4.20254088485070787E-001
d   1 -8.48239520586930973E-001 -2.97281061827214588E-001
d   2  3.40308129954599692E-001  2.76231900185529122E-001
s   1 -2.78040701197019189E+002
s   2 -2.78424779306755170E+002
z   1 -2.77261144855519726E-001  3.96766682668249715E-001
z   2 -1.08780468330284597E-001  1.87588717546185280E-001
z   3 -3.17406830842490648E-002 -3.12015875704703627E-001
z   4  1.25449141181243423E-001 -3.12014065211995983E-001
z   5 -4.67493654618587051E-002 -2.38912276520133388E-001
z   6  6.76732286164913044E-002  5.39945990500048587E-002
z   7  7.00336153568699438E-002 -5.67872573898721769E-002
z   8 -3.33715788804317334E-002 -3.15084947890352449E-002
z   9  5.72862123962291567E-002  1.15076609591264326E-001
z  10  3.17704981483902416E-001 -7.40985526296847469E-002
z  11 -6.14576563844688312E-002 -4.60866504276338240E-001
z  12 -3.47340869698664512E-001  6.00394876104780872E-002
z  13  4.21650008395057299E-002 -3.01466471415499405E-003
z  14 -8.55944433999945714E-002  4.12153823632822949E-002
z  15 -6.75017507155354635E-002 -3.49739506033131739E-002
z  16 -2.93310476383958386E-002 -3.69575449104488155E-002
z  17 -3.19452512293106755E-002 -2.92280315803205432E-002
z  18 -8.66753719524749472E-003  1.43801123639582026E-002
z  19 -3.64430140191556104E-002 -9.36461408025399469E-003
z  20 -8.38052928953435597E-003  1.58914722889262686E-002
 
basis     3
D -1.94171467262239300E-001 -3.01159995856849994E-001
a   1  5.59110020145381470E-001 -3.12016905751781093E-001
a   2 -7.16765963880784507E-001  2.76202803968656374E-001
d   1  3.55839016590419333E-001  5.32294240410177699E-001
d   2 -1.16945695261101115E-001 -7.59187157595540230E-001
s   1 -2.77950688869985981E+002
s   2 -2.78245920533972196E+002
z   1 -2.63420079290266007E-001  3.94774524112729841E-001
z   2 -1.11386626873415065E-001  1.73063137915919291E-001
z   3 -6.74060379082113553E-002 -3.24956989239260308E-001
z   4  1.15549342478864725E-001 -2.72772841531088439E-001
z   5  5.25762533495014936E-003 -2.35273963371973566E-001
z   6  6.26346712378588327E-002 -4.98285773981945873E-002
z   7 -4.75510542344290826E-002 -7.62632926879344003E-002
z   8  2.74195511386178190E-003  2.83258775517051427E-002
z   9  7.06436984400344026E-002 -1.12375964878535739E-001
z  10 -2.16636576289830324E-001 -8.48990154719333756E-002
z  11 -1.01392139135531467E-001  2.71605470840977692E-001
z  12  1.72518389768687247E-001  1.06337642201832731E-002
z  13 -3.96250253817335210E-002  1.22731234270263313E-002
z  14  5.21892725355448880E-002 -2.20222692190475931E-002
z  15  2.21922239571187285E-002  3.96669941730795755E-002
z  16 -9.76980420140555195E-003  2.89877986048845300E-002
z  17  1.72697968905048335E-002  3.02159530908270683E-002
z  18 -4.58432696767215216E-003 -1.88346806120317338E-002
z  19  1.68255989970264308E-002  1.20744133389378058E-002
z  20  4.39732004162064240E-003 -1.18846701661080110E-002
 
basis     4
D  1.49791445118220734E-001  3.61389238920746233E-003
a   1 -4.91956453431881102E-001 -2.47431234050835058E-001
a   2  8.33470921195760717E-001 -4.56383157429846031E-002
d   1  2.48477212052523933E-001 -4.91428980370306190E-001
d   2 -2.44022430894858561E-001  7.98254148478371728E-001
s   1 -2.78033077142067384E+002
s   2 -2.78382325641759167E+002
z   1 -2.70370414190194586E-001  3.90234523048909376E-001
z   2 -1.07860590889817420E-001  1.73951350078700467E-001
z   3 -5.61616785703641791E-002 -3.01445352663189614E-001
z   4  1.23414710604878256E-001 -2.73167538438779556E-001
z   5 -3.05554570698626377E-002 -2.33256119413475904E-001
z   6  3.24227096936107045E-002  2.76097736118943345E-002
z   7 -7.73721991586803683E-003 -1.41530114647550435E-003
z   8 -9.82645280485222594E-003  8.59052180860753710E-003
z   9 -1.04643446659226730E-001 -2.51916315737461599E-003
z  10 -1.29370584487071866E-001  3.07192250906731357E-001
z  11  3.73945218246885813E-001  2.57216342317411029E-001
z  12  1.72531809440047701E-001 -2.78428112400212979E-001
z  13 -4.52123566033066984E-002  5.29233539232979097E-002
z  14  3.43486694712882359E-002 -1.03964248888586505E-001
z  15  7.78775587941233222E-002  6.49083859582609644E-003
z  16  2.55784108110915648E-002  3.14027439221964411E-002
z  17  4.89924449626832903E-002  1.48072410529817115E-002
z  18 -1.80370072211054021E-002 -2.64265142672783053E-002
z  19  4.30092975472557149E-002  2.42602842552920106E-003
z  20 -2.08800978447885588E-002 -1.61025020243508454E-002
 
basis     5
D  1.74620826644707039E+000  1.02370617365448946E+000
a   1  4.37260254046253516E-001 -5.90218509739579900E-001
a   2 -4.05442610929343028E-001  5.44115677255293972E-001
d   1  6.71672725765953715E-001  2.97338474587360901E-001
d   2 -4.48266506644818319E-001 -5.09414094831150965E-001
s   1 -2.77810086863029767E+002
s   2 -2.78239727370882292E+002
z   1 -2.72340914550617319E-001  3.85238967790750675E-001
z   2 -1.07612875348208223E-001  1.85209877429351716E-001
z   3 -5.79974953663403153E-002 -3.06521687344155302E-001
z   4  1.30604905102543745E-001 -2.92744249036345106E-001
z   5 -1.49517373235953550E-002 -2.44293569500394020E-001
z   6  4.95109266427767938E-002  5.18859784874651283E-003
z   7  1.49079675397863426E-003 -6.66553490392125664E-002
z   8 -1.33467085353170551E-002  8.78948621341815381E-003
z   9  3.33189824012704305E-002  1.41366923131191168E-002
z  10  2.50034979614967776E-002 -3.65229341069125968E-002
z  11 -5.46491957002467679E-002 -4.55740872507752123E-002
z  12 -1.53268017275534213E-002  4.01270376534877821E-002
z  13  1.19608198909828124E-003 -2.67032471845879138E-002
z  14  4.96364274798238945E-003  2.20725290175593017E-002
z  15 -2.09437979609434395E-002 -1.14169773597987871E-003
z  16 -1.15727767224386990E-002 -1.10063615937395620E-002
z  17 -2.17676452305029557E-002 -9.19207970123986882E-003
z  18  9.56604395151103813E-003  5.61636627952613425E-004
z  19 -8.38520903215035293E-003 -9.69247504662564333E-003
z  20  6.79078466616609127E-004  8.22711526884616594E-003
 
basis     6
D -2.32587344073164670E-001 -2.35893474853942686E-001
a   1  4.48150245906987321E-001  8.11749627979460264E-001
a   2  4.68941539964103649E-002  3.71516940245888438E-001
d   1 -7.68571754512854310E-001  5.18723008547257614E-001
d   2 -3.74410308111408907E-001 -6.38903346570805428E-003
s   1 -2.77941694700265657E+002
s   2 -2.78173571894060331E+002
z   1 -2.62516656234595247E-001  3.94706555265275927E-001
z   2 -1.00990789203848963E-001  1.78344018769601265E-001
z   3 -4.88920900887900231E-002 -3.31824781463859686E-001
z   4  1.04464888345789139E-001 -3.01686122532907719E-001
z   5 -4.89073709185468136E-002 -2.29986300031814278E-001
z   6  4.52057949326205230E-002  3.85888577625140006E-002
z   7  3.84830402762350379E-002 -3.25040687391572741E-002
z   8  2.04098315848325607E-002 -3.10177430588098922E-003
z   9  4.69698273730414298E-002  2.52248992565535443E-002
z  10  1.19280429272502347E-001  3.07808349880580000E-002
z  11  1.58753691121973323E-001 -1.69332973848597912E-001
z  12 -1.12902115850543688E-001 -2.22731291226208189E-001
z  13 -1.03769815017204253E-001 -1.01656234240421420E-002
z  14 -6.58430868472657527E-002 -4.05094432038456340E-002
z  15 -2.55558203812565332E-002 -1.21760795342617193E-002
z  16 -2.57820021276361326E-002  3.50192223404077697E-003
z  17 -2.55911987987388345E-002 -2.50372379324768088E-003
z  18 -2.75862432960689193E-002 -1.08333476686520228E-002
z  19 -1.64691268118084891E-002  4.99307338834537821E-003
z  20 -2.71492008974770910E-002 -6.93485822486344505E-003
 
basis     7
D -3.69736819422312790E-001  8.78974482252783296E-001
a   1 -3.82645522505421054E-001  6.30609566165502122E-001
a   2  3.13398951247341517E-001 -5.98076146091936267E-001
d   1 -7.02385122677483542E-001 -2.25257986038732705E-001
d   2  4.98227886214751114E-001  4.55722451240991255E-001
s   1 -2.77795896797036164E+002
s   2 -2.78289148176710057E+002
z   1 -2.82827473356802250E-001  3.79284567094159974E-001
z   2 -1.21262028978394693E-001  2.00204525514726311E-001
z   3 -4.51411907444971353E-002 -3.05520438230479641E-001
z   4  1.41305131795885885E-001 -2.91475710377740782E-001
z   5 -2.24592147405439577E-002 -2.47902183944480270E-001
z   6  5.36420276308084976E-002  2.91451715288568933E-002
z   7  2.37935427788310283E-002 -6.26314692435869930E-002
z   8 -2.85127599782339439E-002 -2.56441581051314108E-002
z   9 -2.94198428262124837E-003  5.49534618455445045E-002
z  10  9.43924443440173760E-002  2.25756199565652852E-003
z  11 -1.16675176505718504E-002 -1.31833516857686461E-001
z  12 -8.66031776890766464E-002  3.00243023431064210E-002
z  13  3.64914674816823673E-002 -2.79644128237411110E-002
z  14 -1.13580777663014904E-002  1.72295918686930921E-002
z  15 -3.01524350445293264E-002 -1.28267301451855838E-002
z  16 -4.16691982030327479E-003 -2.93026555660653790E-002
z  17 -1.70593793697599687E-002 -1.28631439285560919E-002
z  18  5.88089674321982860E-003 -3.56445656432145385E-003
z  19 -1.43706804321103443E-002 -9.11183373746330370E-003
z  20  1.50804520057614094E-003  4.79971777461946753E-004
 
basis     8
D -3.93903423775049222E-001 -6.62828790468945495E-001
a   1  3.59781231530418744E-001 -8.34790533947116442E-001
a   2 -3.65786569409031037E-001  1.99705822425447710E-001
d   1  8.10834500217853305E-001  4.10932090966038333E-001
d   2 -4.40686428270177025E-002 -4.14415473396007594E-001
s   1 -2.78093095708006047E+002
s   2 -2.78424746966886744E+002
z   1 -2.68902011914172956E-001  3.79053191323363514E-001
z   2 -9.27824676461329184E-002  1.75476859982402283E-001
z   3 -3.56851293433242331E-002 -3.34962102398895789E-001
z   4  1.20486882617577423E-001 -3.23460975824393149E-001
z   5 -4.97785333522983986E-002 -2.60342772149451840E-001
z   6  7.77632222902221032E-002  2.03494316256852860E-002
z   7  4.67722420238638192E-002 -1.02405401361118115E-001
z   8 -2.18169502811355817E-002 -5.15131130581052490E-002
z   9  9.86018602732639110E-002  1.82804093764853924E-002
z  10  1.87025122098966740E-001 -2.67724150752451873E-001
z  11 -3.06309061992438070E-001 -4.01586289006319763E-001
z  12 -3.43201588459491891E-001  2.09451922117744965E-001
z  13  5.00756665328824721E-002  1.64286100854658043E-002
z  14 -6.86781487646637157E-002  8.32555220265352725E-002
z  15 -7.40634620193319909E-002 -1.52980629562981044E-002
z  16 -4.10014219489322623E-002 -2.43035761316316226E-002
z  17 -5.43012331215041652E-002 -1.69856820857579478E-002
z  18  3.54969219800221273E-004  2.24638252770175267E-002
z  19 -3.67106317730308759E-002 -4.90946473074543258E-003
z  20 -5.39022894005751312E-003  3.99518879478230875E-003
 
basis     9
D -9.71666879514169746E-001  9.84942754525634623E-001
a   1 -7.31254648789698147E-002  8.90312535937568650E-001
a   2 -1.81565255141837079E-001 -4.11132962512039291E-001
d   1 -8.87387474903731044E-001 -1.02699633131428283E-001
d   2  4.49392697440698263E-001 -6.51599766876062494E-003
s   1 -2.78064219168431407E+002
s   2 -2.78432316055931494E+002
z   1 -2.82795634666192897E-001  3.94749443958520629E-001
z   2 -1.11123215267245265E-001  2.01109107177725344E-001
z   3 -3.72745981866000192E-002 -3.03102021958735368E-001
z   4  1.39415465396698052E-001 -3.00915850131026286E-001
z   5 -5.41567911432940460E-002 -2.26661331098112151E-001
z   6  3.88072985812347032E-002  7.52177758040296490E-002
z   7  7.08607123016413987E-002 -2.24061619814075116E-002
z   8 -9.41108182267743829E-003 -1.51061579084371712E-002
z   9  9.41844442997310724E-003  1.26032137826432744E-001
z  10  3.14176223652047004E-001  1.11080806517262751E-001
z  11  2.23728620621628987E-001 -4.17970223137342500E-001
z  12 -3.13837185937693441E-001 -1.88356256041669418E-001
z  13  7.84775506547603224E-003  3.43428374126068803E-002
z  14 -1.06242052682773827E-001 -2.17581199711932363E-002
z  15 -2.69289667801105893E-002 -4.45146013889794329E-002
z  16 -2.04763254494365853E-003 -1.35246427895347951E-002
z  17 -2.11606243236627002E-002 -1.90290993143090933E-002
z  18 -3.11361669000084357E-002  5.07694249798162651E-003
z  19 -2.37742029349787415E-002 -1.07597438655994432E-002
z  20 -1.65467752326119329E-002  3.48165126876484989E-003
 
basis    10
D -1.58895855602461045E+000  5.48761009952730916E-001
a   1  1.83974819613060059E-001 -8.08797653934765104E-001
a   2  6.63319798671983263E-002  5.54616704747374456E-001
d   1  8.16603767811101888E-001  1.45460185819866250E-001
d   2 -5.34587107525335559E-001 -1.61914314393860892E-001
s   1 -2.77983567790025631E+002
s   2 -2.78444078561302888E+002
z   1 -2.78544724612561245E-001  3.93934752990984238E-001
z   2 -1.21458964210936243E-001  1.99175037336898925E-001
z   3 -2.53232092430293217E-002 -2.94064896024776978E-001
z   4  1.38843014554760169E-001 -3.06735349204619367E-001
z   5 -5.84135617122051448E-002 -2.46303427794126756E-001
z   6  4.33833158929281051E-002  7.74318108376068071E-002
z   7  6.42575970456824158E-002 -3.43865003936739549E-002
z   8 -2.46276051388534846E-002 -4.41350087095181351E-002
z   9 -3.15662665022992325E-002  1.45430548107969182E-001
z  10  3.12442820105109653E-001  1.27437984331303128E-001
z  11  1.65541183142719067E-001 -3.82066177770425563E-001
z  12 -2.84051131234668741E-001 -8.67962845628231783E-002
z  13  5.51618843155894517E-002  1.80241861462765753E-002
z  14 -8.17772764203099911E-002 -6.01371592075676965E-003
z  15 -2.72518911427387135E-002 -5.10002652828961886E-002
z  16  4.55596668350489401E-003 -1.94565358762576572E-002
z  17 -1.37746766344107874E-002 -2.97301683770741024E-002
z  18 -2.12819966453344674E-002  5.33337970838912261E-003
z  19 -8.87634281502390834E-003 -1.81183323128228137E-002
z  20  1.66823727273388416E-005  6.88219320489738377E-003
