ndof   20
nconf    2
nbasisfns   10
initial_PES    1
time  1.00000000000000000E+001
 
zinit   1  6.05282391177708212E-001 -1.67435828578188639E+000
zinit   2  2.33239986607707950E-001 -5.09359241951506461E-002
zinit   3 -2.67933440548196955E-001  2.55606178633472313E-002
zinit   4 -1.57544990340834523E-001  1.51393079856863094E-001
zinit   5 -5.63430414698388483E-003 -1.41637462165181666E-001
zinit   6 -2.62758620374296294E-002  3.51948964766785610E-002
zinit   7  8.21905198120499551E-003  3.75297398570733146E-002
zinit   8  1.65267222593920952E-002 -2.69460770023602775E-002
zinit   9 -1.27941570961509002E-002  2.49359223966621746E-002
zinit  10  2.86205404113167071E-003  1.06937997921250499E-002
zinit  11 -6.59980930123031228E-003 -6.77632565213547033E-003
zinit  12  4.33788591223389225E-003  6.86047478718256726E-004
zinit  13 -7.26340451371083754E-004  3.43580191195474128E-006
zinit  14  1.94136253333658087E-004  3.34804166866562792E-004
zinit  15 -1.18898815182859894E-004  3.73846989632409236E-005
zinit  16  1.06222205025328529E-005 -2.48598859506700249E-005
zinit  17  5.90792666616497149E-007 -2.00646997610021174E-006
zinit  18  7.05000052573619185E-007  1.24600205021328362E-007
zinit  19 -1.34966220786725743E-008 -4.16036043280135131E-009
zinit  20  7.76855107984088536E-015  3.97025927455157541E-014
 
basis     1
D  1.21803100487254998E-001  3.78349537444852557E-001
a   1 -4.15900353465651795E-001 -6.69493769324330246E-002
a   2 -3.73628428415789360E-001 -8.26405756511313538E-001
d   1  4.41763297660579812E-002 -4.18931706812572968E-001
d   2  8.75098135791379184E-001 -2.38218239540850502E-001
s   1 -2.77976406175461875E+002
s   2 -2.78189780394924014E+002
z   1 -1.41669753082879701E+000 -1.05970195029545455E+000
z   2 -2.29672618167697379E-001 -6.48849264378474760E-002
z   3  1.33896175262899597E-001 -2.01860109534904075E-001
z   4 -2.17230551354060886E-001  3.12083125098745577E-002
z   5 -9.86766789260427879E-002 -6.05000780243065833E-002
z   6  4.23131000275621533E-002  6.54206866242209445E-003
z   7 -5.40129092647449738E-002  3.29191665630670025E-002
z   8  5.66704016171201870E-003  3.08867751275775856E-002
z   9  1.30719637172332821E-002  2.74441110529175074E-002
z  10 -9.79678986817003883E-002  1.62025868269232903E-001
z  11  1.29850114410944656E-001  2.93563497205208634E-001
z  12  3.03121374404404842E-001 -1.60184007797634018E-002
z  13  5.88319252006340998E-002 -7.75915770390183251E-002
z  14  7.68346620254405921E-002 -4.30255982255122182E-002
z  15  4.38693436040477405E-002 -9.44482608502134058E-003
z  16  2.26869156759001919E-002 -2.02974602822021807E-003
z  17  3.47111951524205903E-002 -9.58359175210995659E-003
z  18  2.14550200389487175E-002 -1.55749036581391276E-002
z  19  2.97250624882382276E-002 -2.00445280374451917E-003
z  20  1.15706533572383329E-002 -4.52813966193014398E-003
 
basis     2
D -1.25013989360505118E-001 -1.59660617188351894E-001
a   1 -4.51903270740179885E-001  7.54594022359715622E-001
a   2  3.14475678984429408E-001 -3.57038292960842107E-001
d   1 -7.52373715539454313E-001 -4.55590272999812307E-001
d   2  2.36855828671594881E-001  4.12638597003966767E-001
s   1 -2.78035843105916740E+002
s   2 -2.78358561646011310E+002
z   1 -1.41720226708316610E+000 -1.07480017083502810E+000
z   2 -2.31108802802192648E-001 -7.47459356682695919E-002
z   3  1.54864044542785684E-001 -2.30973785637926754E-001
z   4 -2.29244938855259650E-001 -1.90900215127905934E-002
z   5 -1.22060113504274245E-001 -8.60020032568683673E-002
z   6  5.31033408131680804E-002 -9.65381908367849741E-003
z   7 -1.80571182525336091E-002 -3.57608758805905425E-002
z   8 -2.35617487940521231E-002 -3.58148912208795175E-002
z   9  1.21000054990925171E-001  7.56829971116509681E-002
z  10  2.10836314458263091E-001 -2.13542684056761412E-001
z  11 -2.57185940044054429E-001 -3.41223413206043213E-001
z  12 -2.27322440144610616E-001  1.99793253431488016E-001
z  13  4.38009055254604193E-002 -6.09366755612775687E-002
z  14 -6.06239440577321584E-002  8.26089093850919526E-002
z  15 -8.66991284215154617E-002 -2.52008095728143144E-002
z  16 -3.51617255422987732E-002 -4.35327840451516651E-002
z  17 -6.05968711221859177E-002 -2.70168332734069920E-002
z  18  1.14303015917400184E-002  1.39399934679172929E-002
z  19 -4.21733620127780831E-002 -1.40907258473369282E-002
z  20  1.17454757393620256E-003  1.22644831800655923E-002
 
basis     3
D -4.00649340911982010E-001  5.13362740312612587E-002
a   1  4.26933209333886565E-001 -1.29079655246130853E-001
a   2 -8.21301865988073199E-001 -3.55710166137860273E-001
d   1  1.07723761795960354E-001  4.32815334496271520E-001
d   2  6.40833775894981472E-001 -6.24818812970204807E-001
s   1 -2.78080619023198778E+002
s   2 -2.78420285048603489E+002
z   1 -1.41276232523999101E+000 -1.07795744407500704E+000
z   2 -2.20873772397869039E-001 -1.01344238027775507E-001
z   3  1.30138267416624903E-001 -2.41955064581139079E-001
z   4 -2.42617994925160535E-001 -1.47828300202845157E-002
z   5 -1.10586316182462216E-001 -1.08554674977596591E-001
z   6  4.51976610905847689E-002 -6.17565180783298112E-002
z   7 -9.37711120233375856E-002 -5.91729522947270423E-002
z   8 -1.54146365073404464E-002 -3.16339119716956552E-002
z   9  1.39983651328622026E-002 -1.10619683902415653E-001
z  10 -2.88079808762055078E-001 -1.42313550465140798E-001
z  11 -3.36422159038695823E-001  3.42467522421974147E-001
z  12  2.24019535147259724E-001  3.14867745557050716E-001
z  13  6.52694592178376803E-002 -4.53961222113679549E-002
z  14  8.55507679181633784E-002  6.47736890869656384E-002
z  15  9.23472316207905181E-003  3.84474438382061481E-002
z  16  8.52544606489729143E-003  1.76687033562501696E-003
z  17 -4.88522657452575542E-003  1.25444130077803952E-002
z  18  3.74129397750831150E-002  4.67716090967002385E-003
z  19  6.02813722144205331E-003  1.14618346771236945E-002
z  20  1.98251472637934988E-002  6.54004085145109756E-003
 
basis     4
D -4.51405589539756347E-001 -5.05830384563718316E-001
a   1 -1.64009113683405927E-001  6.87047287801991979E-001
a   2 -4.12966885132510231E-002 -7.06655233102052693E-001
d   1 -7.05487833765841788E-001 -3.49268013947673997E-002
d   2  6.85989373773530198E-001  1.74601300174073326E-001
s   1 -2.77846086294033171E+002
s   2 -2.78338555839453193E+002
z   1 -1.43127331562209692E+000 -1.07603325645618897E+000
z   2 -2.31490514809709447E-001 -5.48196686196232782E-002
z   3  1.50106060033971644E-001 -2.17479618722814794E-001
z   4 -2.10265865252143608E-001 -1.21114788499226932E-002
z   5 -1.32782129012760736E-001 -1.19373440666987241E-001
z   6 -3.28262703688606417E-004  9.95098632765352778E-003
z   7 -3.03830636625529033E-002  3.19869228075894130E-002
z   8  1.89687601691183004E-002 -6.26700043149884256E-002
z   9 -9.54773705815866042E-002  1.70695313235679283E-002
z  10 -5.64372220832571681E-004  2.35787922739081751E-001
z  11  2.74895367050631279E-001  3.00794606617416777E-003
z  12 -2.86208739562755429E-002 -1.67376174917982512E-001
z  13  1.89559972723885237E-002  6.34519009613079277E-002
z  14 -1.73009962578108134E-002 -6.24517518626421936E-002
z  15  3.53964401794420527E-002 -1.74283139236174611E-002
z  16  2.32375174508408951E-002  7.54403955152342220E-003
z  17  2.05625705573488950E-002  8.80378971723515475E-004
z  18 -2.54764101833175501E-002 -1.59595831376965920E-004
z  19  2.05925622919705710E-002 -4.59716366202315117E-003
z  20 -1.77036026486093387E-002 -1.56823277494741757E-003
 
basis     5
D -9.91987963507269255E-002 -3.37290041201819768E-001
a   1  1.72368902577450578E-001 -9.51240622054837504E-001
a   2 -2.53706107921843727E-001  3.26105991950131485E-002
d   1  9.42342240670784648E-001  2.15779658611728348E-001
d   2  6.70679641637529633E-002 -2.46844340748653912E-001
s   1 -2.78076792202420506E+002
s   2 -2.78424082796210655E+002
z   1 -1.43301403042558384E+000 -1.08165207824994924E+000
z   2 -2.30877984264809044E-001 -8.49560438143163454E-002
z   3  1.63409999911774129E-001 -2.27712725752917677E-001
z   4 -2.03431982169071796E-001 -2.04724796819174687E-002
z   5 -1.14196457754296266E-001 -1.09083991047208673E-001
z   6  5.35414890416173392E-002 -1.82617220146276786E-002
z   7  2.68245834121606797E-002 -3.49122524978858484E-002
z   8  3.91288089136396650E-002 -1.03413636057939642E-001
z   9  8.07247816595226264E-002 -1.21522052915661125E-002
z  10  1.93155621074368788E-001 -1.91582019660404307E-001
z  11 -1.69903765718454225E-001 -4.47395904136921041E-001
z  12 -4.19848898508876189E-001  5.03893563968299818E-002
z  13 -1.40712382851344454E-002  6.73251942817991028E-002
z  14 -1.07639958320210005E-001  4.47075129365198942E-002
z  15 -6.86028759171923436E-002 -1.94059561099149333E-002
z  16 -2.96202161684432919E-002 -9.02078561911071226E-003
z  17 -3.87601750476847806E-002 -8.02839860882598698E-003
z  18 -1.60655055055697986E-002  2.13369409819634641E-002
z  19 -3.32391918309467779E-002 -6.74495448139805949E-003
z  20 -1.53092722113518862E-002  3.37654585941029543E-003
 
basis     6
D  4.67333688556529570E-001 -2.97490202277622129E-001
a   1 -5.84140173255358941E-001 -4.20306761875012425E-001
a   2  6.40658014967033784E-001 -2.67730819611459059E-001
d   1  4.36995529951255790E-001 -5.71762558140422650E-001
d   2  4.16818353730927932E-002  6.93098195432114816E-001
s   1 -2.78059823567389742E+002
s   2 -2.78366725085949952E+002
z   1 -1.43756126358099823E+000 -1.06782158815518513E+000
z   2 -2.32929923399117222E-001 -5.63568048261071305E-002
z   3  1.50251192182871030E-001 -2.05050077956939664E-001
z   4 -2.04933374589781420E-001  2.81859610838613196E-002
z   5 -1.17341626813203551E-001 -6.73037894873356884E-002
z   6  1.90487900211519443E-002  2.20723734499576017E-002
z   7 -2.96152038053721783E-002  6.71925137019186297E-002
z   8  2.49939818346129675E-002 -8.43374821127286750E-005
z   9 -4.82424625083068340E-002  8.51607532292979336E-002
z  10  6.90388653308724731E-002  3.20798321897795780E-001
z  11  4.62059304311920327E-001  4.85000126753759031E-002
z  12  7.69882011763472346E-002 -3.83798256111166025E-001
z  13 -6.79613522600532038E-002  2.32728508074843687E-002
z  14 -3.56801403990025670E-003 -1.07044346776668950E-001
z  15  5.16680318136738675E-002 -9.37317823178644358E-003
z  16  1.00844660972103442E-002  1.55669442695330808E-002
z  17  2.39576017637077344E-002 -3.19217456836211810E-003
z  18 -1.97345949962962099E-002 -1.52033108826999004E-002
z  19  1.09696820709728939E-002 -1.50896357235231115E-004
z  20 -2.28799878636296132E-002 -1.62675239234319480E-002
 
basis     7
D -4.70267091195605225E-001  3.08374187186941706E-001
a   1 -4.38619004308445498E-002 -7.31752202828840237E-001
a   2  3.78777356386725716E-001  5.64927040983528972E-001
d   1  7.26179179817767251E-001 -1.00244458467589892E-001
d   2 -6.65141288150411070E-001  1.42133437808751623E-001
s   1 -2.77953642398293880E+002
s   2 -2.78411071163755423E+002
z   1 -1.42687716329467218E+000 -1.07361309548580675E+000
z   2 -2.44432247505777467E-001 -5.81380067398131264E-002
z   3  1.58251477212874692E-001 -2.09516933123698956E-001
z   4 -2.09039819669682436E-001 -5.13604221503233521E-003
z   5 -1.37504922131455848E-001 -9.61849461656708871E-002
z   6  6.40429173914898626E-004  2.20050893466636269E-002
z   7 -2.09982782579830850E-002  4.49640130147978545E-002
z   8  1.74988265073709702E-002 -5.04615520993478769E-002
z   9 -9.53210517967492260E-002  8.31937574980280981E-002
z  10  1.10208124992678458E-001  3.13825094746879529E-001
z  11  3.89889497862675793E-001 -9.19181410463560111E-002
z  12 -8.59137745203865377E-002 -2.68470882272996703E-001
z  13  2.94221300082112003E-003  6.23969737929633353E-002
z  14 -3.46653825137281518E-002 -8.06113602807694701E-002
z  15  4.44068464374392929E-002 -2.88587848381406109E-002
z  16  2.47427701120041116E-002  5.40472602946889726E-003
z  17  2.41464308187838879E-002 -9.22810548730283557E-003
z  18 -1.66600953349204488E-002 -5.85057634605287008E-003
z  19  1.78528858772895142E-002 -1.17204503345793307E-003
z  20 -1.72530851905446682E-002 -2.93347441421602058E-003
 
basis     8
D -4.77510053781900479E-001  4.15930667616054850E-002
a   1  4.90888496819146591E-001 -6.77766107533171125E-001
a   2 -3.61214291398175735E-001  4.11322042759132256E-001
d   1  7.12315403105460043E-001  4.39255255322839877E-001
d   2 -3.17815106354288557E-001 -4.45707466106238681E-001
s   1 -2.77956695901525620E+002
s   2 -2.78261682812218282E+002
z   1 -1.42530656709395642E+000 -1.07491952380774403E+000
z   2 -2.26904701123637725E-001 -7.13845163791830134E-002
z   3  1.45799527010373436E-001 -2.37556258718312319E-001
z   4 -2.34721088149525720E-001 -1.23128934868602258E-002
z   5 -1.16600989487223000E-001 -8.85032518212448410E-002
z   6  4.84612949362612858E-002 -2.11354970534777392E-002
z   7 -3.05154112344357513E-002 -4.26375204600703689E-002
z   8 -3.04005765402524317E-002 -2.01754113099659148E-002
z   9  9.24570761613099784E-002  6.97281441753843934E-002
z  10  1.48778241025036950E-001 -1.61740874917833871E-001
z  11 -2.21476096416891366E-001 -2.21829890832679538E-001
z  12 -1.19132274058781462E-001  1.63702972646069173E-001
z  13  1.69008080649196320E-002 -6.70099086828286478E-002
z  14 -2.74213609872410724E-002  7.07074407708195712E-002
z  15 -6.92884152646227186E-002 -1.24142311343666996E-002
z  16 -3.94168948773367250E-002 -4.46572462209575000E-002
z  17 -4.01369143910887197E-002 -2.22755830709090025E-002
z  18  1.86992623630432460E-002  8.64859389482998744E-003
z  19 -3.17153178780095468E-002 -5.46944138020225967E-003
z  20  1.46123763441392113E-003  6.63335774592986333E-003
 
basis     9
D -1.39677562641862714E-002 -8.40131547433131953E-002
a   1  6.14341328341930337E-001 -3.56789645203736072E-001
a   2 -6.46514078552499982E-001  2.78038536177617090E-001
d   1  3.79494339664098235E-001  6.00581522190322903E-001
d   2 -1.66739129274403902E-001 -6.83727975246876896E-001
s   1 -2.77993577837034820E+002
s   2 -2.78197898072420571E+002
z   1 -1.40619594553163285E+000 -1.08170327781981879E+000
z   2 -2.19172198925472461E-001 -9.95097487748874548E-002
z   3  1.39037784116292917E-001 -2.47212629218318075E-001
z   4 -2.42354082946380639E-001  6.23800001977889863E-003
z   5 -1.02198268149035806E-001 -8.95206436390102583E-002
z   6  4.02565619349940437E-002 -6.26477838210481308E-002
z   7 -1.07224286937210006E-001 -2.72623833200022272E-002
z   8  2.13311894626863098E-002  1.62270585246979404E-002
z   9  8.81512435172806669E-002 -1.07833949336137394E-001
z  10 -1.99773193796119769E-001 -1.07220273960984117E-001
z  11 -1.29180842155505626E-001  2.24837202560954186E-001
z  12  1.48644205152705960E-001  2.53270805540249840E-002
z  13 -6.60781313681643029E-002  7.99612915537745855E-003
z  14  4.60106868476422640E-002 -1.50842147966413504E-002
z  15  1.79104029927197213E-002  3.90671088210573780E-002
z  16 -2.05086524134080739E-002  3.07032494142474785E-002
z  17  3.01916116928885444E-003  2.07841819415764545E-002
z  18 -5.75745009769963040E-003 -1.09004853497336931E-002
z  19  7.39646423775832795E-003  1.25312599848377143E-002
z  20 -6.89091416149404529E-003 -9.91645481820453700E-003
 
basis    10
D -3.19592715095917634E-001 -2.59682473095313504E-001
a   1  5.34559816787075315E-001 -6.37486716805656606E-001
a   2 -5.33732315199981877E-001  1.51612347399408404E-001
d   1  5.91902966130804620E-001  5.84631841856601664E-001
d   2  4.29552686631319777E-002 -5.53182911040073444E-001
s   1 -2.78112363190643237E+002
s   2 -2.78385215604306893E+002
z   1 -1.41382356183595670E+000 -1.07425124568349872E+000
z   2 -2.26580129228091981E-001 -9.65605535171742135E-002
z   3  1.59085039912522569E-001 -2.56738641469203721E-001
z   4 -2.28570109265709670E-001 -2.06743383099450666E-002
z   5 -1.17030471768672345E-001 -1.01820698129074336E-001
z   6  6.35177316893413557E-002 -4.45354780169167144E-002
z   7 -5.04354060617166408E-002 -6.88563442282354582E-002
z   8 -1.31971313609443360E-003 -3.86926701241092491E-002
z   9  1.39551969361811717E-001 -4.23498640574523771E-002
z  10  1.58622000410774955E-002 -3.27366563685344059E-001
z  11 -4.48922091598085160E-001 -1.50977046215247407E-001
z  12 -1.18257402727187197E-001  3.18480660161018447E-001
z  13  3.16538714035850682E-002 -5.82290609841355708E-002
z  14 -2.36947394318908870E-002  1.01094547010255942E-001
z  15 -7.61999687882729260E-002  3.68304926997156537E-003
z  16 -3.95896758904394630E-002 -3.37060092831754643E-002
z  17 -4.61779672839516542E-002 -1.73192213330182407E-002
z  18  1.84568302583240501E-002  2.47575749487604357E-002
z  19 -3.71427444060131659E-002 -8.10265788135133662E-003
z  20  1.65473560020206675E-002  9.75755710669810351E-003
