ndof   20
nconf    2
nbasisfns   10
initial_PES    1
time  1.00000000000000000E+001
 
zinit   1  6.82521900620741917E-001 -9.60721080593682997E-001
zinit   2 -5.44587038198589113E-001 -2.76952117450824764E-001
zinit   3  3.17787759074094733E-001 -4.62105459086440962E-001
zinit   4 -1.83499140448687870E-001 -1.98575623155313824E-001
zinit   5 -8.81001259699974032E-002 -1.27275612244278385E-001
zinit   6 -3.68210501528306797E-002 -8.74971295873115673E-002
zinit   7 -2.21930439209617018E-002 -1.43574767869256888E-002
zinit   8  4.91516119414542318E-002 -1.17735818399736202E-002
zinit   9 -5.91886733862550477E-003 -1.78837364590040196E-002
zinit  10 -7.22849011668918844E-003 -1.86413174326037143E-002
zinit  11 -1.82310318796426261E-003  5.64909023103493321E-003
zinit  12  3.24020302986531387E-003  2.82351111852399000E-004
zinit  13 -9.15177835011543508E-004  1.18178809042654613E-004
zinit  14 -5.83183420574301544E-004  2.55023515884555507E-004
zinit  15  1.21174401988164492E-004 -1.67711566259460025E-004
zinit  16  2.37446194907731715E-005 -4.35406187216613006E-005
zinit  17  7.32606255471722975E-006  6.61981780394299418E-006
zinit  18  8.26567679040516836E-008 -2.38976891167617376E-007
zinit  19  1.48365889236076557E-008 -4.69234571199518606E-009
zinit  20  6.21222927358053602E-015 -9.86606850803250130E-015
 
basis     1
D -2.03580910871678650E-001 -5.76551517991050200E-001
a   1  5.53856698661149505E-001 -4.80027110860645201E-001
a   2 -6.43822074046077497E-001  2.19795057173522962E-001
d   1  6.61118852608353680E-001  3.16393951489056413E-001
d   2  2.11291715655490597E-001 -6.46662617662614236E-001
s   1 -2.77620622681293526E+002
s   2 -2.78675741178121825E+002
z   1 -7.09196109869070890E-001 -9.35867601386833781E-001
z   2  3.32579410910400775E-001  4.97470985338306970E-001
z   3  1.26911072732823232E-001  5.29929138267350996E-001
z   4 -2.12574796040753862E-002 -2.56547540074028579E-001
z   5 -1.36437460770283597E-001 -1.38289039665281856E-002
z   6 -1.79254936765498702E-003  4.23788751696769425E-002
z   7 -2.08306490197324029E-002 -6.55924893288436922E-002
z   8  3.44836127002577444E-002  1.99574936151604709E-002
z   9  1.02054198533885962E-001 -5.53226530128307636E-002
z  10 -8.36249236442042632E-002 -2.76856138121454876E-001
z  11 -3.24726679129360152E-001  8.12515531338021402E-002
z  12  6.03795214229425961E-002  2.15956213257106483E-001
z  13 -3.18522773222475325E-002 -5.64642654309778155E-002
z  14  4.41278222901746731E-002  5.97715241534066688E-002
z  15 -4.12745084772464937E-002  2.39452103975941986E-002
z  16 -2.93389209286581722E-002 -9.51397090371331280E-004
z  17 -3.03250330718279303E-002  4.50732637242036785E-003
z  18  1.84842986198734474E-002  1.06766638407011141E-002
z  19 -1.80832519169403551E-002  8.90075746711322356E-003
z  20 -4.80144086755595820E-003  2.06403956979857826E-003
 
basis     2
D -1.72678606177402771E-001 -4.55148500203503503E-001
a   1  4.51932551065164834E-001 -7.04228299114186940E-001
a   2 -4.46213683074308087E-001  3.17352833690924097E-001
d   1  8.25946468797299937E-001  1.34137834583682669E-001
d   2  3.84952690436899808E-002 -5.46202880142216296E-001
s   1 -2.77621401490468543E+002
s   2 -2.78719523152015711E+002
z   1 -7.35599403063914914E-001 -9.42750936360260527E-001
z   2  3.29438976441846998E-001  4.99948516838479962E-001
z   3  1.62515449716259031E-001  5.22470605831661938E-001
z   4 -1.18133924142521420E-002 -2.71453119182160862E-001
z   5 -1.65870215520355219E-001 -2.18897881905933157E-002
z   6  2.49942526552780764E-002  9.02258048687000908E-002
z   7  3.45354692230584390E-002 -5.65102676306660640E-002
z   8  2.53024664600602356E-002 -2.05071215152247896E-002
z   9  1.02828919831048970E-001  4.24757933684501571E-002
z  10  1.69201005574692864E-001 -2.72140113895184832E-001
z  11 -3.32301254907211130E-001 -2.57904626702723516E-001
z  12 -1.75875006653039179E-001  2.58564291770616017E-001
z  13  3.90170919576129163E-002 -6.76069817704838261E-002
z  14 -4.93482451317932974E-002  9.98369058873115750E-002
z  15 -8.77035731782803418E-002 -7.31175185104242578E-003
z  16 -2.36186891606215456E-002 -4.04273266021063366E-002
z  17 -4.98521690276176460E-002 -8.31792147958463485E-003
z  18  2.13012451283586604E-002  2.20634845590593209E-002
z  19 -4.41668701491749888E-002 -8.95661969030805798E-003
z  20  1.21044286202374382E-002 -2.99038511319406602E-003
 
basis     3
D -1.03893526393831936E+000 -7.35433464048346197E-001
a   1  4.88757274963967259E-001 -3.82967554257187981E-001
a   2 -6.64105083087741077E-001  4.16433208537778099E-001
d   1  5.73694969782942321E-001  2.37532951587109908E-001
d   2  8.89476270945752934E-002 -7.78807099473475817E-001
s   1 -2.77517336800172927E+002
s   2 -2.78704745922685106E+002
z   1 -7.16739444585420382E-001 -9.52373928547687432E-001
z   2  3.11512153278254433E-001  4.90496613661648984E-001
z   3  1.35192298255998128E-001  5.42991549165072751E-001
z   4  3.20769328073120408E-003 -2.44459208302805486E-001
z   5 -1.36217657236511414E-001 -2.01560042799499017E-002
z   6 -2.96559378541069382E-002  5.82872435945469697E-002
z   7 -3.43596963578797904E-002 -4.98363047040662355E-003
z   8  6.19570331505003916E-002  1.30227893549760242E-002
z   9  2.34298429405706754E-003 -9.57095292692449473E-002
z  10 -1.96817475811585568E-001  1.10944118456037452E-002
z  11  2.27807592833192511E-002  2.58318616339602014E-001
z  12  1.45183801552251607E-001 -5.85706210289601084E-002
z  13 -3.05206497907276435E-002  3.92075214860661755E-002
z  14  4.01715860342293021E-002 -4.14542267512812215E-002
z  15  4.41242418709900941E-002  1.20160950476046365E-002
z  16  1.55681608280256005E-002  3.60804075371963101E-002
z  17  2.77289265980990018E-002  1.38352924339370260E-002
z  18  4.40565156126715689E-003 -1.76404850772068009E-002
z  19  1.97107241181973675E-002  2.51270583088456304E-003
z  20 -2.39866024247001146E-002 -6.36819515892653350E-003
 
basis     4
D  4.55724606254010040E-002  1.14265725200697360E-001
a   1  3.29104107284612979E-001 -6.76753097082045785E-001
a   2 -6.47355784558714231E-001 -1.20938911672455351E-001
d   1  7.47783301930034394E-001  8.44061679994887182E-002
d   2  5.11580349891557984E-001 -4.14706254791240736E-001
s   1 -2.77690722712293223E+002
s   2 -2.78735861653950337E+002
z   1 -7.12712825249617543E-001 -9.43541405039214909E-001
z   2  3.27294418796204301E-001  4.95739559479936309E-001
z   3  1.76202694998908921E-001  5.09038611190770873E-001
z   4  3.88398378805712230E-003 -3.08234041420650695E-001
z   5 -1.60877856616291615E-001 -3.89654161267757315E-002
z   6 -8.25934341309180441E-003  6.04712767827501260E-002
z   7  3.91488525895696202E-002 -1.00483751233792024E-001
z   8  2.27438216595004759E-002 -8.12552216881974321E-002
z   9  2.94104017339705745E-002 -6.86686766256100201E-002
z  10  6.41461862018225426E-004 -3.01356971870290924E-001
z  11 -4.35836636428093893E-001 -1.56516568716009691E-001
z  12 -1.94995290017518169E-001  3.38667326994319118E-001
z  13  6.61921935062852185E-002  3.46888260830070308E-002
z  14 -1.80847037331311432E-002  8.63801849997218596E-002
z  15 -4.87499247816968947E-002  2.90554120899999754E-002
z  16 -1.22444679658561418E-002 -3.83799428025188632E-003
z  17 -4.14032785511892487E-002 -3.70372022856758258E-004
z  18  7.52409058215452661E-003  1.42898746593563882E-002
z  19 -2.77136513803901384E-002  4.89098711412222064E-003
z  20  9.72249277611425024E-003  2.24353193259798842E-002
 
basis     5
D  8.91188596564466140E-001  1.11504244491904853E-001
a   1  4.49915483901460800E-001 -7.13711953712100944E-001
a   2 -4.17037588976307605E-001  3.38039870214944693E-001
d   1  8.32241096738639996E-001  1.38504340816796967E-001
d   2  1.37993361276106678E-003 -5.36832748868148579E-001
s   1 -2.77633397271843194E+002
s   2 -2.78714675738506855E+002
z   1 -7.17896707466274209E-001 -9.43763818707976987E-001
z   2  3.32657891774166103E-001  5.02845191774620059E-001
z   3  1.71115155060620222E-001  5.22691388392570233E-001
z   4 -1.22966564086709716E-002 -2.90307987842560844E-001
z   5 -1.54337888346058077E-001 -2.98373178957577400E-003
z   6  8.77795049676419713E-003  9.47161416742393347E-002
z   7  4.29323308024988706E-002 -5.88935256519840036E-002
z   8  2.23882028255963164E-002 -1.35392603234620393E-002
z   9  1.00902751031254428E-001  5.66674938193406016E-002
z  10  1.81251429238317358E-001 -2.64126402143150085E-001
z  11 -3.16572388268020088E-001 -2.80754191585588453E-001
z  12 -1.86046280928351848E-001  2.53557060906477005E-001
z  13  4.81970398132295988E-002 -5.45371948958981653E-002
z  14 -3.71806193403727558E-002  8.54226903694038919E-002
z  15 -7.68304493123701110E-002 -9.37639615181438957E-003
z  16 -2.84455933661818990E-002 -4.01108689993860540E-002
z  17 -4.20841425124223248E-002 -1.80090913673690671E-002
z  18  2.26008433843982483E-002  1.94775759067584847E-002
z  19 -4.19743256329884878E-002 -2.31842129999521723E-002
z  20  1.65068959414993374E-002  3.37935853192359026E-002
 
basis     6
D -1.19715247217154386E+000  1.57257370138572972E+000
a   1  4.42743607637906877E-001 -6.59938833056390006E-001
a   2 -4.11562954232122913E-001  4.46177956900193129E-001
d   1  7.93293657030477606E-001  4.71840989663865826E-002
d   2 -1.08171991869371167E-001 -5.97291934228912691E-001
s   1 -2.77499440707917415E+002
s   2 -2.78677519992473833E+002
z   1 -7.35753304597636992E-001 -9.43087952926771833E-001
z   2  3.25917727588583561E-001  5.04143466420089115E-001
z   3  1.43242204060739536E-001  5.44699968298145043E-001
z   4 -7.52084780440795408E-003 -2.74809109941734242E-001
z   5 -1.51852496681343652E-001 -1.21352937224999888E-002
z   6  3.76238116027870478E-003  8.16093707066209012E-002
z   7  1.97208056043510389E-002 -4.42319755678581006E-002
z   8  1.32673376286286861E-002 -6.73100626072367560E-003
z   9  7.50538236712094131E-002  6.92220614028213610E-002
z  10  1.63516261454233952E-001 -1.73989535969078651E-001
z  11 -1.98061312752832369E-001 -1.91695373494522425E-001
z  12 -1.12530827181768212E-001  1.63137388937975997E-001
z  13  2.20338391669766369E-002 -5.98082585452624216E-002
z  14 -1.77526151536435799E-002  6.76615826295059591E-002
z  15 -5.78407609909966994E-002 -2.16350072545503716E-002
z  16 -3.77686165815968658E-002 -3.76789604834316116E-002
z  17 -2.70301567516950392E-002 -9.04752614294316616E-003
z  18  2.16399892251268114E-002  5.22955980881680341E-003
z  19 -3.07830800429472022E-002 -1.10940003128612245E-002
z  20 -1.81564379233324765E-003  9.53439268367048572E-003
 
basis     7
D  7.88484312949192634E-001 -6.15041167931337340E-001
a   1 -1.10599452534706155E-001  6.27379780048018310E-001
a   2 -4.97272333326794214E-002 -7.69213608142091054E-001
d   1 -5.89675030598809768E-001  2.41082943408216649E-001
d   2  5.80900583462037434E-001  5.06672364373035089E-001
s   1 -2.77468350780160620E+002
s   2 -2.78812759445226959E+002
z   1 -7.32649560150631429E-001 -9.37315265175575174E-001
z   2  3.24320137083438931E-001  4.98611323037805365E-001
z   3  1.53689502464322503E-001  5.71292277275523785E-001
z   4  2.09717241288765802E-002 -2.66900797014208213E-001
z   5 -1.58990016329984940E-001 -2.53815410082049338E-002
z   6 -5.52198106518647092E-002  1.13477660588263390E-001
z   7  2.62427908641035303E-002  4.41850991153912021E-002
z   8  6.80289698719407088E-002 -3.30915384102432042E-002
z   9 -1.29990042155153279E-001  2.15525829237624561E-002
z  10 -1.50226549418181875E-002  2.35943126728652419E-001
z  11  3.03148233440125869E-001  7.55624379561331688E-002
z  12  1.89493172646556275E-002 -1.98361410585826264E-001
z  13 -1.30059436499566842E-003  7.51523065904803056E-002
z  14 -1.50113879288123354E-002 -7.35132420625873445E-002
z  15  4.85044635745602165E-002 -1.67757331920187804E-002
z  16  4.35343891004720610E-002  3.24297427498086779E-002
z  17  3.93329033518636378E-002  5.05860113106908899E-003
z  18 -2.52167691828618645E-002 -7.71194472440163425E-003
z  19  1.43568568539652920E-002  5.15734808431530817E-004
z  20 -1.53346703674050299E-002 -6.94829835308626367E-003
 
basis     8
D -2.27747979617665304E-002  4.95046892626285984E-001
a   1 -3.36793169075998100E-001  8.45067545747029358E-001
a   2  3.53938431311872415E-001 -2.17160749743660120E-001
d   1 -9.08891551942541231E-001 -3.85349506116245966E-002
d   2 -7.88181287527170982E-002  4.07699530253172737E-001
s   1 -2.77694075137529410E+002
s   2 -2.78772245019499110E+002
z   1 -7.34374912382105394E-001 -9.37019916843140899E-001
z   2  3.35216362811262714E-001  5.18698788367886410E-001
z   3  1.75090327520456668E-001  5.34523778694029894E-001
z   4 -3.34569404835068004E-005 -3.01596516056359398E-001
z   5 -1.55434758879932217E-001 -4.67633429274896331E-002
z   6  5.53157429248917962E-003  9.65903738179324928E-002
z   7  6.41792458745244765E-002 -4.92653817981160841E-002
z   8  3.77499668611957079E-002 -8.05101013893914780E-002
z   9  7.91118934489993403E-002  2.94775742262601455E-002
z  10  2.20860080085534066E-001 -2.49889482886923198E-001
z  11 -2.99602740996804617E-001 -3.96395044908701588E-001
z  12 -3.54436420898670723E-001  2.08562262765671858E-001
z  13  4.15511720403427334E-002  1.27490404865882099E-003
z  14 -8.49621760534815806E-002  8.04830850592007929E-002
z  15 -8.28024684575624226E-002 -1.01661729869972559E-002
z  16 -3.33100850857868669E-002 -3.18239318556821846E-002
z  17 -5.25037668570558919E-002 -2.46328171377057752E-002
z  18  1.72046780856710095E-002  2.08535666573285809E-002
z  19 -4.32873258042948336E-002 -1.18182589391412204E-003
z  20 -4.82530397640935395E-003  8.08766685564793822E-003
 
basis     9
D -1.42647872054399327E+000  6.84107783912696554E-001
a   1 -4.39556295519906992E-001  5.97604221355590881E-001
a   2  4.57838989782734407E-001 -4.89941748702335422E-001
d   1 -7.41840937108508847E-001 -3.54490383158738908E-003
d   2  1.17888514438238473E-001  6.60122530936736340E-001
s   1 -2.77401552019386429E+002
s   2 -2.78673483776037699E+002
z   1 -7.45682448079941440E-001 -9.63313490787279125E-001
z   2  3.10201085071630633E-001  5.11370001442287392E-001
z   3  1.44105818094107413E-001  5.48908693849635920E-001
z   4 -2.62693906605808566E-003 -2.64504674224685599E-001
z   5 -1.32335998794123527E-001 -2.48329323230314578E-002
z   6 -1.53249846748729490E-002  6.79407652031495390E-002
z   7 -3.06403836743280320E-003 -3.28233728952642412E-002
z   8  3.05556438467966263E-002  1.22172497650487252E-002
z   9  5.02629317684209487E-002  3.86862503891259035E-002
z  10  7.03913249379252287E-002 -1.06819961295728502E-001
z  11 -1.23930226041614411E-001 -6.01202375771417719E-002
z  12 -2.13512802542524492E-002  8.94112970568128190E-002
z  13 -5.76871615110052631E-003 -3.16307701120099316E-002
z  14  8.05070798434228893E-003  3.67366342673836679E-002
z  15 -3.67520348664185231E-002  7.72402783043293819E-003
z  16 -6.62991930674562864E-003 -1.36717394457596588E-002
z  17 -1.71458697113870233E-002  5.00025079481360504E-003
z  18  1.44750015433709953E-002  1.15538342430589955E-002
z  19 -1.54887364044765594E-002  5.97870914538853500E-003
z  20 -1.23630954705391291E-003  7.55599797146289630E-003
 
basis    10
D  8.71817647374103388E-001 -2.07060998960048093E-001
a   1 -4.32308757088199103E-001  7.30213561568448077E-001
a   2  3.81353219141632283E-001 -3.66697443809800905E-001
d   1 -8.42305882016340712E-001 -1.03070403483714296E-001
d   2  3.60704672180109515E-002  5.27822142810437933E-001
s   1 -2.77618172439541581E+002
s   2 -2.78728526343755959E+002
z   1 -7.18264263200079633E-001 -9.43746331239598391E-001
z   2  3.28038189091829135E-001  5.04954040578509233E-001
z   3  1.63042713544323703E-001  5.25806513337685133E-001
z   4 -6.22493821227638197E-004 -2.73649307575725032E-001
z   5 -1.45512266264659906E-001 -1.30674201824456590E-002
z   6 -4.09163198853913345E-003  9.53482648300238572E-002
z   7  3.26422149516463408E-002 -4.85590195883912681E-002
z   8  3.16256716208163507E-002 -1.57940087423679848E-002
z   9  9.52327050632815475E-002  7.99582323815820756E-002
z  10  2.03456538927689751E-001 -2.34298104056076067E-001
z  11 -2.75480434888988990E-001 -3.12748247939104662E-001
z  12 -2.05178599506750159E-001  2.29063663657075811E-001
z  13  3.95094394181579739E-002 -5.23786050240121481E-002
z  14 -3.97046962214433682E-002  1.04382400548115234E-001
z  15 -7.92122277300869593E-002 -1.19128047815762594E-002
z  16 -3.16552814948355618E-002 -3.28049941084418636E-002
z  17 -3.98273768278116502E-002 -2.47018748971252894E-002
z  18  2.09002592554352086E-002  1.49187079264238767E-002
z  19 -4.58502547603745481E-002  3.02767057775033812E-003
z  20  1.27523979270600975E-002  1.19666192928209111E-002
