ndof   20
nconf    2
nbasisfns   10
initial_PES    1
time  1.00000000000000000E+001
 
zinit   1  1.60928999976931053E-001 -8.97652777608142882E-001
zinit   2 -6.36671681055264505E-001  3.57763784263295196E-003
zinit   3  2.62572843071963380E-001  9.40110834030607190E-002
zinit   4  6.22827084766830741E-002 -2.99879574876251276E-001
zinit   5 -7.36367389955555618E-002  4.21698860195179048E-002
zinit   6  7.13376028039918453E-002  3.20504529905184868E-002
zinit   7  1.50998325382690705E-002 -3.86749525711064385E-002
zinit   8  2.03096391157477733E-002 -3.34342215544269419E-002
zinit   9  1.28549690281279522E-002  9.88696590309615965E-003
zinit  10  7.24411434153616508E-003  6.90585323023172604E-003
zinit  11  5.65549613788267087E-003 -8.43747523173375528E-003
zinit  12  2.09588739360261041E-003 -1.78750062480673979E-003
zinit  13 -2.86709294925282067E-004  7.39452130896376672E-004
zinit  14  5.38848073675816290E-004 -5.35489493209296099E-004
zinit  15 -3.79692838475528723E-005 -1.23052324636508092E-004
zinit  16 -2.17308900529461744E-005  2.94014551747352634E-005
zinit  17  1.62442786781151020E-005 -2.13164241068833069E-006
zinit  18  1.37476818061552967E-006 -9.67357921133365315E-007
zinit  19 -1.23631555232617428E-008  1.07699382078622690E-008
zinit  20  1.09424745379868109E-014  3.74421336101193996E-016
 
basis     1
D -5.80280498030753544E-002 -1.96734178088315281E-001
a   1  3.27932898341854406E-001 -7.73195002031257794E-001
a   2 -1.87666444579681596E-001  5.09323873971953334E-001
d   1  8.31148065064643116E-001  1.20678875203183655E-001
d   2 -3.40906729910908868E-001 -4.22388570537162611E-001
s   1 -2.77774006634670343E+002
s   2 -2.78569668994425854E+002
z   1 -8.21232712627765093E-001 -4.23553656830186975E-001
z   2  5.39658690430194654E-001  3.27497547452166859E-001
z   3 -2.27652677507332118E-001  1.55996575182792974E-001
z   4  2.61449856227310151E-001 -1.78157410818348294E-001
z   5 -2.76062332389294812E-002  9.60210597541622524E-002
z   6 -3.17567718813333844E-002 -1.97087410051458960E-002
z   7  8.59729003020980875E-002  2.16792369576453113E-002
z   8  1.19920873860134892E-003 -6.09056686159275551E-002
z   9  4.46741172048131172E-002  1.12618740128339848E-001
z  10  2.93784438316563590E-001 -6.51116410502417531E-002
z  11 -6.05719687923114217E-002 -4.06858044247704553E-001
z  12 -2.65093360591753868E-001  1.04911106439869978E-001
z  13  6.35981113685210736E-002 -3.77192585563083799E-002
z  14 -7.46636344049347866E-002  5.74378952024455838E-002
z  15 -4.89667569203300068E-002 -3.40470206296352024E-002
z  16 -1.88206490415404951E-002 -5.49511043666086746E-002
z  17 -3.16256519951629150E-002 -2.79340604148270097E-002
z  18  2.52590286770266979E-002  7.92462595979554797E-003
z  19 -4.15826784092880389E-002 -2.75527556411493089E-002
z  20 -3.76562125832346443E-003  1.44641595624605736E-002
 
basis     2
D -7.08827349707062737E-001 -2.04332128928866519E+000
a   1  4.96664784941401649E-001 -4.94446171698777137E-001
a   2 -7.13134728813071050E-001 -1.69095609696913174E-002
d   1  5.41654091505578861E-001  4.44706386803395637E-001
d   2  3.66236627596570496E-001 -6.12141982956708297E-001
s   1 -2.77930737710451865E+002
s   2 -2.78546401725386943E+002
z   1 -7.99244527441140273E-001 -4.24227102238709242E-001
z   2  5.56962986851045394E-001  2.83437169249890542E-001
z   3 -2.55599708917754465E-001  1.20258993237672668E-001
z   4  2.25857302385893521E-001 -1.90038257904146662E-001
z   5 -9.66787977040711732E-003  8.30334458422418153E-002
z   6 -1.88891070149645457E-002 -1.12196278699833507E-001
z   7  2.21421277753303357E-002 -3.83564092699122672E-002
z   8  4.27107146803106321E-004 -5.94605642741166396E-002
z   9  7.18809394200412149E-002 -1.18427461214038382E-001
z  10 -1.20562066042508825E-001 -3.17345568745602546E-001
z  11 -4.76736919240480950E-001  8.08935571394111229E-003
z  12 -2.19173002516840189E-003  3.71606600015788491E-001
z  13  5.42436688004045847E-002 -5.54581719253837424E-002
z  14  2.96552185155210361E-002  1.18058031211330669E-001
z  15 -3.48081353091383439E-002  2.28870320169341640E-002
z  16 -2.43510469459230702E-002 -1.51544418554151322E-002
z  17 -3.36163186440722392E-002 -3.04672178257510244E-003
z  18  2.37326326111311527E-002  5.67485741435973766E-003
z  19 -9.54021003045086441E-003  1.34353235543672469E-003
z  20  2.80918481411446680E-002  1.90207203040972522E-002
 
basis     3
D -1.23267407174390317E-001  1.82691495089649880E+000
a   1  4.60522034594958773E-001 -3.69039518815172163E-001
a   2 -7.91168288391265850E-001 -1.60567831925275795E-001
d   1  4.23517310420204462E-001  4.10979073152454355E-001
d   2  5.30560168542972499E-001 -6.08469552862590857E-001
s   1 -2.77906091712224509E+002
s   2 -2.78547823837106762E+002
z   1 -8.01354559243906972E-001 -4.13989732899615215E-001
z   2  5.62664241319932756E-001  2.96099240572766764E-001
z   3 -2.49899817843894451E-001  1.19578727619312764E-001
z   4  2.28993463454094270E-001 -2.03995269226549730E-001
z   5 -1.57014381120835038E-002  7.17792531293623692E-002
z   6 -2.66207372597996837E-002 -1.17937408243951200E-001
z   7  2.37764785765930478E-003 -4.49757540189361441E-002
z   8 -1.11351130497610810E-002 -5.43633786196319121E-002
z   9  3.64024484022827180E-002 -1.34233507738707958E-001
z  10 -2.03027734132747745E-001 -2.66866611099992879E-001
z  11 -4.50720411722980607E-001  1.38859878791086605E-001
z  12  8.50735336060440966E-002  3.85178577315297366E-001
z  13  5.40348667460529217E-002 -5.02149630993717136E-002
z  14  4.64967504756798253E-002  8.70531825849147622E-002
z  15 -1.83921876050703523E-002  2.32629758339127114E-002
z  16 -1.64207852287708116E-002 -1.24281599485689715E-003
z  17 -1.69923508312118145E-002  4.74250460815935342E-003
z  18  3.08887782910105303E-002  1.24231880432655126E-002
z  19 -6.88343174204326426E-003  1.39939726333562515E-002
z  20  2.15921305961142805E-002  7.54514335206089501E-003
 
basis     4
D  1.84591705533019956E+000  2.75301476900444604E-002
a   1 -3.31715848897067234E-001  7.18135346194919921E-001
a   2  1.98550295048308650E-001 -5.78639784729856888E-001
d   1 -7.89363367345307654E-001 -5.15679566909166207E-002
d   2  4.00617831446364259E-001  4.62332751666154451E-001
s   1 -2.77663469419510022E+002
s   2 -2.78557198619501435E+002
z   1 -8.20460774851918928E-001 -4.11179909534454657E-001
z   2  5.29891702333724623E-001  3.37745849338740578E-001
z   3 -2.25805183314549768E-001  1.62228842835476117E-001
z   4  2.63314946394394234E-001 -1.69573967845480844E-001
z   5 -2.87908890378807091E-002  8.39079144005740601E-002
z   6 -4.14912974734614678E-002 -3.35977480412774851E-002
z   7  7.55470519270591279E-002  3.94955813153676644E-002
z   8 -6.59716920881487333E-003 -5.15863124660931732E-002
z   9  3.39443197422602348E-003  1.07416150805875660E-001
z  10  2.48876819636957847E-001  1.10221012739963858E-002
z  11 -1.64937105100072742E-002 -3.10331712376616553E-001
z  12 -1.93404181242564532E-001  5.34850990330992329E-002
z  13  6.46723689351196285E-002 -3.38637498138547252E-002
z  14 -5.28762232600103674E-002  4.51648785763747243E-002
z  15 -5.29977298312971842E-002 -3.70625342605205854E-002
z  16 -8.72999101972128481E-003 -3.38325686396126132E-002
z  17 -2.97388369323662513E-002 -2.31720864490610017E-002
z  18  1.11784240055324141E-002  4.84536130789384005E-003
z  19 -1.16885314437308804E-002 -1.46961564127087423E-002
z  20  6.91216250629810534E-003  7.29734665734562468E-003
 
basis     5
D -2.98447009235179139E-001 -3.00284135852980472E-001
a   1  4.32934003389994104E-001 -7.20449704096254528E-001
a   2 -3.70405467179015901E-001  3.95373446832470055E-001
d   1  7.99693318723454616E-001  2.58786057222438692E-001
d   2 -1.71541037188098711E-001 -5.13900812547250618E-001
s   1 -2.77802823876968773E+002
s   2 -2.78526768992229165E+002
z   1 -8.21140222541198339E-001 -4.16765153877426575E-001
z   2  5.48220020797210106E-001  3.17388703620686441E-001
z   3 -2.43647422356208732E-001  1.41883860591569044E-001
z   4  2.49457950428705166E-001 -1.79304465404877988E-001
z   5 -2.17350295969183996E-002  8.71309321809525528E-002
z   6 -2.01346383116064592E-002 -5.41230804047493630E-002
z   7  6.80839223854575598E-002 -8.36654476881933291E-003
z   8 -8.98366638231772822E-004 -4.01355086980881223E-002
z   9  1.00100804885868935E-001  5.05083843880146030E-002
z  10  2.01846979018535488E-001 -2.03757161184987629E-001
z  11 -2.49034518976438773E-001 -3.18872791033564862E-001
z  12 -1.97637000295139614E-001  2.06220802982663098E-001
z  13  4.47239810503635704E-002 -5.61713515502260882E-002
z  14 -3.59482691445317942E-002  9.41144042700142180E-002
z  15 -8.26236843462134635E-002 -8.99730298387051500E-003
z  16 -3.74292393631541903E-002 -4.57136267535787691E-002
z  17 -5.41301875915328745E-002 -3.00833337743396240E-002
z  18  2.02332878254032379E-002  2.14202335050113872E-002
z  19 -4.18377560219565167E-002 -1.91985869903774954E-002
z  20  3.07265954128838406E-003  1.89111647619178425E-002
 
basis     6
D -2.50540546195919589E+000  7.97426839072262084E-001
a   1 -3.59566245792829031E-001  5.98359651992382391E-001
a   2  3.30462605023714495E-001 -6.35194701201879486E-001
d   1 -6.95805814849854931E-001 -5.63597930010690876E-002
d   2  4.39363899839025462E-001  5.65364665744373607E-001
s   1 -2.77570677055553858E+002
s   2 -2.78461385240002812E+002
z   1 -8.23546190114784804E-001 -4.28686541539920696E-001
z   2  5.42291679830897211E-001  3.18454182116998330E-001
z   3 -2.50215026336968127E-001  1.71965474785003625E-001
z   4  2.49309983092363324E-001 -1.68177231535960703E-001
z   5 -1.00197026893636808E-002  9.18061091272663887E-002
z   6 -5.25567213716571571E-002 -6.68636698255802159E-002
z   7  3.49190049458295432E-002  4.19901904881355009E-002
z   8  2.40449328150970816E-002 -3.15921175079735134E-002
z   9 -1.52204754345993919E-002 -6.43645049416359527E-003
z  10 -3.24368352671437689E-004  4.96683663801691100E-002
z  11  5.26946271747978090E-002 -1.37833327708254596E-002
z  12 -1.35878861594432784E-002 -3.29095819165403577E-002
z  13  1.58992557022889745E-002  2.23454250519916631E-002
z  14 -1.03946433288758973E-002 -6.48428116268689840E-003
z  15  5.92117628412697303E-003 -1.77844164872383134E-003
z  16  5.31503470751739423E-003 -6.21447105002449502E-003
z  17  2.59320756098046698E-004  1.71436379904364245E-003
z  18 -4.36969872743428467E-003  2.75348035411624326E-003
z  19 -9.75438220044858549E-004 -5.53687349000885239E-003
z  20  2.52708889135639953E-003 -5.79964203915988349E-003
 
basis     7
D -9.69829285381533457E-001 -2.05174085915051263E-001
a   1  1.60423692469726709E-001 -6.03457180956610162E-001
a   2 -4.62160949499879070E-003  7.81077659629266341E-001
d   1  6.19039546122167939E-001 -8.17702310781907860E-002
d   2 -6.68029312454600177E-001 -4.04772167209765610E-001
s   1 -2.77639786632230482E+002
s   2 -2.78569793852867861E+002
z   1 -8.23199724243475428E-001 -4.29516239453636428E-001
z   2  5.28909115107663474E-001  3.32152493508473701E-001
z   3 -2.29986294758889681E-001  1.66888869256868771E-001
z   4  2.75855642960291969E-001 -1.69629471529510967E-001
z   5 -1.99379272618973834E-002  6.79047158006820945E-002
z   6 -6.56578639167254702E-002 -5.06271425023637547E-002
z   7  5.03832945850210615E-002  7.78309771005234186E-002
z   8  3.79385821887381416E-002 -4.73101278180590307E-002
z   9 -9.75430576974661290E-002 -1.68159927929741985E-002
z  10 -4.36816368704013372E-002  2.15467820819981920E-001
z  11  2.74852789257106267E-001  5.54751965728461430E-002
z  12  7.49970962506829857E-003 -1.79248351381666809E-001
z  13  1.89994780696470522E-002  6.95452161794442719E-002
z  14 -9.46041114153255494E-003 -6.05728438810222841E-002
z  15  5.03828860363749048E-002  3.54004894001863982E-003
z  16  3.55984993235280295E-002  1.49308007254279358E-002
z  17  3.78638698254385175E-002  1.19959725629952291E-002
z  18 -1.94535729768168346E-002 -1.49426986588555672E-003
z  19  1.99718775563756772E-002  9.31841997431390005E-003
z  20 -1.45951408955679283E-002 -8.95964644726094175E-003
 
basis     8
D  5.07085797484624901E-001 -2.69297577596709969E-001
a   1 -5.24206849155451793E-001  5.34973883298810682E-001
a   2  5.55107749575924680E-001 -3.61753382634386667E-001
d   1 -6.56450985311539781E-001 -3.60641068649709795E-001
d   2  1.22375525956468889E-001  6.51179202780268529E-001
s   1 -2.77758083874807198E+002
s   2 -2.78422743691547225E+002
z   1 -8.13629754143846973E-001 -4.30704437384139216E-001
z   2  5.58507996081999747E-001  3.02869547360472335E-001
z   3 -2.47233483355936062E-001  1.37599450699199100E-001
z   4  2.31233645641559182E-001 -1.67668704827653642E-001
z   5 -4.98349690217804800E-003  8.76219468191127421E-002
z   6 -7.12467441374181436E-003 -7.84297533876499309E-002
z   7  1.85526634014384108E-002 -1.01659675103829440E-002
z   8  3.29878076015462996E-004  1.13585436658229875E-002
z   9  1.10582086953967679E-001 -2.54654232230901237E-002
z  10 -4.45211594269909021E-003 -2.23723979298948827E-001
z  11 -2.71833438870028810E-001 -4.98874173082162684E-002
z  12  1.97186254951053630E-002  1.82716579835855902E-001
z  13  6.94830589001160115E-005 -6.55962641825134501E-002
z  14  2.16294884103537879E-002  4.35703024703569947E-002
z  15 -4.54590399961414607E-002  1.09929038987357751E-002
z  16 -3.59328150748795816E-002 -2.14533357852693118E-002
z  17 -2.88870388284654563E-002  1.80070834271933364E-003
z  18  1.88134463422737624E-002  8.52249526210293804E-003
z  19 -2.96699707838423178E-002 -3.52209792263420696E-003
z  20  4.61798100939272115E-003  1.28144715545744289E-002
 
basis     9
D  1.08116740049031534E+000 -2.75083616075610771E-001
a   1  4.46076000338081424E-001 -7.11102790666322204E-001
a   2 -4.17947255969231934E-001  3.47374602204439165E-001
d   1  7.80050854040952424E-001  3.10115530215808288E-001
d   2 -1.12185288795241922E-001 -5.31755097772302676E-001
s   1 -2.77849096587462952E+002
s   2 -2.78516472321026015E+002
z   1 -8.06555554254306806E-001 -4.25335196639397339E-001
z   2  5.61720266731483786E-001  3.09797242256286465E-001
z   3 -2.33340637759458125E-001  1.36406089002968800E-001
z   4  2.48821202412785852E-001 -1.92633171470377035E-001
z   5 -1.16854947373489521E-002  9.13101872626936178E-002
z   6 -1.17388072342092271E-002 -6.29202132328615243E-002
z   7  6.10541265588571830E-002 -6.98269927349037117E-003
z   8 -9.89728959226996059E-003 -4.35272370451716753E-002
z   9  1.03868405807164388E-001  2.91897324762505593E-002
z  10  1.69836895184674291E-001 -2.60719553562131612E-001
z  11 -3.15694914302381335E-001 -3.19419081888008438E-001
z  12 -1.98101439634701781E-001  2.43764116484159188E-001
z  13  4.97389451887966863E-002 -5.25475337064702022E-002
z  14 -4.35220983010108711E-002  9.23664635893315239E-002
z  15 -7.81156623417097740E-002 -1.21611670988034919E-002
z  16 -3.26685059997015095E-002 -4.87416781891038056E-002
z  17 -4.64561628281389971E-002 -4.81291280831319841E-003
z  18  1.31153310910212054E-002  5.26386781142985320E-003
z  19 -3.16372489488898900E-002  1.96266817995731542E-003
z  20  1.30797969409284631E-002  2.08635035715084884E-002
 
basis    10
D  7.42203145203549908E-002 -1.54644742483790520E+000
a   1 -4.40845853881711491E-001  6.75384757327037288E-001
a   2  3.46715334602071379E-001 -4.78851583935307801E-001
d   1 -7.73542491132561461E-001 -2.28301668252396894E-001
d   2  2.70743315599477063E-001  5.25555344130169910E-001
s   1 -2.77739645982242962E+002
s   2 -2.78499357801376959E+002
z   1 -8.06171850140005031E-001 -4.19660678241464025E-001
z   2  5.60662190252541159E-001  3.25333725571950561E-001
z   3 -2.31671561082650718E-001  1.56302604353522168E-001
z   4  2.47788790938273662E-001 -1.71721249271657939E-001
z   5 -3.22805082297063853E-002  1.06098216820453270E-001
z   6 -2.18255943823853077E-002 -5.42275939088062084E-002
z   7  5.81656018533149230E-002  4.33900439131920061E-003
z   8 -1.57477720318488293E-002 -3.89461748389319934E-002
z   9  7.35181544835358525E-002  6.32563697107462325E-002
z  10  1.90616109446934912E-001 -1.50822348311532906E-001
z  11 -1.82629350623537523E-001 -2.78800610069165067E-001
z  12 -1.44970635277325205E-001  1.67517454058335818E-001
z  13  3.87605716913122858E-002 -6.36556196304099570E-002
z  14 -3.39284540577290475E-002  7.47975802172765047E-002
z  15 -7.19878448483310673E-002 -1.24294975126237207E-002
z  16 -3.55850633117702764E-002 -4.20330040863848356E-002
z  17 -4.43792035290952389E-002 -2.64795852101920512E-002
z  18  1.83502641436616883E-002  2.33127991083497549E-002
z  19 -2.98540465367457958E-002 -4.32032968486262357E-003
z  20  1.08765238744478084E-002  1.25335340107888618E-002
