ndof   20
nconf    2
nbasisfns   10
initial_PES    1
time  1.00000000000000000E+001
 
zinit   1  4.63928386942935533E-001  7.26486817424173759E-001
zinit   2  7.69073081668579350E-001  5.07899347947585622E-001
zinit   3 -7.18716024265085990E-002  2.02649421748153341E-001
zinit   4  1.61628668758089789E-001 -2.38126426183012635E-001
zinit   5 -9.39219591982350249E-002 -3.94679197452919503E-002
zinit   6  2.44354402275198251E-002  5.67506993938044907E-002
zinit   7 -3.42139711109026076E-003  3.08987642009827361E-002
zinit   8 -2.35950722665729702E-002 -1.56682344095554309E-002
zinit   9 -8.39468720884587773E-003 -1.48464613366336064E-002
zinit  10  2.20631859225970490E-003  5.63228292778975622E-003
zinit  11 -6.57249819403535242E-003  4.91240790762554561E-003
zinit  12 -4.66857562927826253E-004  2.57593695994386010E-003
zinit  13 -4.79931882760902147E-004 -3.29321008204912105E-004
zinit  14 -2.00074687584641400E-005 -1.02646163896300983E-004
zinit  15 -1.63717969376346085E-004 -4.13487939203179672E-005
zinit  16  4.08263629535610373E-005 -3.76418784656265093E-005
zinit  17 -9.67028455932888847E-006 -7.32976154710705868E-007
zinit  18 -2.95315253341245764E-007 -4.02778523321007329E-007
zinit  19  1.55574519835192039E-008 -1.28476601830709757E-008
zinit  20 -2.53831543438882590E-014 -1.30889449978863749E-014
 
basis     1
D  1.36542854669263025E-001 -1.73426009083357791E+000
a   1  5.07977165629423077E-001 -6.11897250227564138E-001
a   2 -5.10061686743244147E-001  3.27685871040655052E-001
d   1 -2.36115814247880140E-001  7.59413173377323725E-001
d   2 -6.00554543911579586E-001 -8.29167905203209432E-002
s   1 -2.79210322883434742E+002
s   2 -2.77168397974079483E+002
z   1  8.35157912228761901E-001 -2.18944163616037718E-001
z   2 -3.93798184887292901E-001 -8.35744466976245715E-001
z   3 -9.18771709283359300E-002 -1.93440876439256226E-001
z   4  2.66683421162420109E-001 -8.81700261787570633E-002
z   5 -8.72498159771954995E-002  4.71805994518030222E-002
z   6  4.89004318280091832E-002 -7.42510530974652971E-002
z   7 -1.77688459746633380E-002 -6.74592782719618256E-002
z   8 -3.95308358696262671E-002 -2.20572896583601935E-002
z   9  1.02845191072971381E-001  3.47087080293521019E-002
z  10  7.47356819392896859E-002 -2.75676222780622038E-001
z  11 -3.40675804857086761E-001 -1.61562583544828248E-001
z  12 -8.51004490560566818E-002  2.52094323709061874E-001
z  13  1.87760044849433691E-002 -7.60065106766033144E-002
z  14 -9.64109478792493646E-003  8.66752088706849999E-002
z  15 -6.95165441861163580E-002  5.08219725216855003E-003
z  16 -2.05143213907471762E-002 -2.65851061790125763E-002
z  17 -4.60568565646899478E-002 -7.66624496663887139E-003
z  18  2.82667350581825398E-002  1.62785396683342055E-002
z  19 -3.91102021811443185E-002 -1.86356203666235851E-003
z  20  8.13496342529497658E-003  7.79018583415813908E-003
 
basis     2
D  1.11177245658424328E+000  2.75893458315020212E-001
a   1 -5.91249523590691051E-001  2.28268767939064143E-001
a   2  7.65463237365013649E-001 -1.11280738135769330E-001
d   1  4.89856506907464462E-001 -4.02148271416221115E-001
d   2  6.81270414523558521E-001  3.66316792861407892E-001
s   1 -2.79282807875931496E+002
s   2 -2.77097867325776235E+002
z   1  8.50019429845413788E-001 -2.08391977622914337E-001
z   2 -3.80705749476802635E-001 -8.39255901248279090E-001
z   3 -1.20314769244474859E-001 -2.13370175464472178E-001
z   4  2.58880999569841952E-001 -4.72685468769400777E-002
z   5 -5.82706555346562405E-002  4.34448173973393872E-002
z   6  5.07293621493185021E-002 -1.03091010080253509E-001
z   7 -6.46814366675647068E-002 -4.98521362700988999E-002
z   8 -7.33567847052280300E-003  1.22976343736111715E-002
z   9  6.77973840684130691E-002 -1.06276291594325445E-001
z  10 -2.39709699353227113E-001 -1.69312367471203012E-001
z  11 -1.77295766030701740E-001  2.89423330888526509E-001
z  12  2.02730649501701721E-001  7.02856633598179098E-002
z  13 -6.11800238102055971E-002 -2.99438545533720554E-002
z  14  6.68278434832451362E-002 -3.38425106310095763E-003
z  15  1.63372273741912571E-002  3.83479786840128511E-002
z  16 -8.82746060556550798E-003  1.66230363719157212E-002
z  17  6.56790760586896567E-003  2.72385316992047842E-002
z  18  4.19578651192176882E-004 -1.11125667547821091E-002
z  19 -3.65461762750749278E-003  1.48829287124484441E-002
z  20  8.27684600098703449E-004 -3.50285124965464762E-003
 
basis     3
D -2.66995403268562470E-001 -5.56107418349712890E-001
a   1  4.52380774153375076E-001 -7.15226832072881735E-001
a   2 -4.85248804318706095E-001  2.19854069251898571E-001
d   1 -8.33473498861708739E-002  8.42170413519478411E-001
d   2 -4.76282454225136875E-001 -2.38657155050153280E-001
s   1 -2.79136418056917478E+002
s   2 -2.77350075438794590E+002
z   1  8.24263746493883231E-001 -2.27011211937867385E-001
z   2 -3.98610624499292354E-001 -8.24736633047269518E-001
z   3 -1.10436374753158331E-001 -1.88650163956875089E-001
z   4  2.94324305262584573E-001 -8.69348984352982385E-002
z   5 -8.45541951372281997E-002  2.36085530249691422E-002
z   6  3.71888309128388661E-002 -8.18841402894595616E-002
z   7  1.32665564098767130E-002 -6.55039601559849333E-002
z   8 -4.64873492264778060E-002 -4.18986769227769756E-002
z   9  7.46326495751322150E-002  3.06214613301267766E-003
z  10  1.26714779859075005E-001 -3.09503925936046476E-001
z  11 -3.92942199044341023E-001 -2.70284159772016197E-001
z  12 -2.09259905942877245E-001  2.79037467175512310E-001
z  13  6.33146744615834534E-002 -4.67062094109783540E-002
z  14 -5.50273131825324002E-002  1.00633241106090662E-001
z  15 -8.25756952476887213E-002  3.84966638422710832E-003
z  16 -3.92549784568596918E-002 -4.16931158420709297E-002
z  17 -4.43128864582965007E-002 -1.57026400752467155E-002
z  18  2.47822936190421478E-002  2.23117877379687864E-002
z  19 -3.81594985984810078E-002 -3.90746176134502683E-004
z  20  1.94216369066341314E-002  2.62092904545459700E-002
 
basis     4
D  3.74880952918174026E-001 -1.27363942385736756E-001
a   1  7.61332972540458286E-002 -9.79464214677758682E-001
a   2 -1.58416863826650767E-001  9.87809215900914972E-002
d   1  5.29264522670295001E-001  8.27662667895366799E-001
d   2 -1.70509021023621588E-001 -7.60279354213014846E-002
s   1 -2.78955236298916589E+002
s   2 -2.77437139017736797E+002
z   1  8.18691055947677548E-001 -2.38779521990972882E-001
z   2 -4.19810897087713686E-001 -8.16729235301426937E-001
z   3 -9.98548272359614936E-002 -1.65275411011864187E-001
z   4  3.00664528080749227E-001 -6.55482441147582778E-002
z   5 -8.14470471130851192E-002  1.67304287627326846E-002
z   6  7.14476366352817006E-003 -4.85013267156048158E-002
z   7  1.52156849667836498E-002 -2.07316598971774395E-002
z   8 -1.32800749209330531E-002 -7.86600586463946094E-002
z   9  4.18346544073031068E-002  3.93676000388591407E-002
z  10  2.30241712971163554E-001 -1.36743788412567735E-001
z  11 -5.68862480393637904E-002 -4.67726953368452936E-001
z  12 -4.22065595455026532E-001 -4.74364776873377955E-002
z  13 -3.83269403995068550E-002  6.23359519661366018E-002
z  14 -1.05412875072767101E-001  2.64257265270053145E-002
z  15 -6.42673154671307839E-002 -1.90127343620204586E-002
z  16 -3.97203038938326522E-002 -4.96309824036993141E-003
z  17 -3.08104499710693883E-002 -7.59317616081587633E-003
z  18 -2.84534965324420783E-002  1.33063116628263228E-002
z  19 -5.03142003781846328E-002  1.83984672049106743E-003
z  20 -1.14659348833006953E-002  1.30312174915824877E-002
 
basis     5
D -4.49712545662613761E-001 -2.38118980134297220E-001
a   1 -4.46582701501757884E-001  7.15975187091804299E-001
a   2  4.49920616523723838E-001 -2.92429241039828536E-001
d   1  7.70752715382354431E-002 -8.40307075020233052E-001
d   2  5.17661250247864135E-001  1.41316142673213435E-001
s   1 -2.79135519907130686E+002
s   2 -2.77302995007532445E+002
z   1  8.28383826398051304E-001 -2.29500857993509777E-001
z   2 -4.15722678727787731E-001 -8.16174713483962422E-001
z   3 -9.53847572048685949E-002 -1.91967597978129512E-001
z   4  2.98805989510584125E-001 -7.86888583812091619E-002
z   5 -7.98889569509889791E-002  2.62760979646150736E-002
z   6  3.21664312784345138E-002 -6.84436783925397446E-002
z   7  1.20657978408538901E-003 -6.11129815356497574E-002
z   8 -2.38466798931626818E-002 -4.18376689237799221E-002
z   9  1.06845855578939608E-001  3.37798578884037151E-002
z  10  1.53815759667833951E-001 -2.68410552447407191E-001
z  11 -3.55735244133272899E-001 -3.10903232389311668E-001
z  12 -2.15803725718647144E-001  2.71975684392351535E-001
z  13  5.27592300246323490E-002 -4.89698670222310714E-002
z  14 -2.55225662364305869E-002  1.01420942543478637E-001
z  15 -7.72017716808455212E-002 -1.01281514273999663E-002
z  16 -2.32360014981406390E-002 -3.31601868858205223E-002
z  17 -5.21051019630887000E-002 -2.07428628557512415E-002
z  18  8.61770731519396690E-003  1.98870518752659250E-002
z  19 -3.21883786777297926E-002 -5.89990216419785784E-003
z  20 -1.37362768209666202E-003  1.16762691966584148E-002
 
basis     6
D  8.21346982626761313E-001  1.27350459146142092E+000
a   1  4.29497150580294695E-001 -6.16027434939450447E-001
a   2 -3.82966630378598238E-001  5.37939547776333793E-001
d   1 -1.44510694741574963E-001  7.36935724510610624E-001
d   2 -5.99622773058418268E-001  2.76577162967366119E-001
s   1 -2.79186538414776749E+002
s   2 -2.76980101120272764E+002
z   1  8.37646977947951843E-001 -2.16410475247100359E-001
z   2 -3.67474610745932739E-001 -8.26141327966002259E-001
z   3 -8.87966128230612550E-002 -1.98260544114250342E-001
z   4  2.76946334644506575E-001 -7.74897055540612750E-002
z   5 -1.06576612783712721E-001  3.81586360332875144E-002
z   6  3.29721829183186182E-002 -5.73965571031454097E-002
z   7 -3.04902975075213231E-003 -3.29393513340494049E-002
z   8 -5.06505898352723055E-002 -2.51324608149275860E-002
z   9  2.89050961587069138E-002  5.76742078220178478E-002
z  10  6.77113690109341637E-002 -6.28944046590044215E-002
z  11 -7.71175011258671966E-002 -1.10632907513330742E-001
z  12 -5.84289317402230807E-002  5.64868232869202430E-002
z  13  1.86450546812083132E-002 -2.31216879776927411E-002
z  14 -1.98973535442714469E-002  3.05049212909629906E-002
z  15 -2.77980158481548091E-002 -8.15629354444631638E-003
z  16 -1.97905738472910174E-002 -1.05736768217432782E-002
z  17 -1.46365399601685962E-002 -1.76850201945874357E-002
z  18 -2.58552791546926095E-003  2.85908778778291807E-003
z  19 -1.59200599629763756E-003  3.28106189136436474E-003
z  20  2.20344605608731696E-002  7.79223550330668778E-003
 
basis     7
D -1.13672842572287069E+000 -2.15978142969316000E-001
a   1  2.67560083449447150E-001 -8.27070776633782478E-001
a   2 -8.59358243577889036E-002  4.86806497773864533E-001
d   1  1.71536666002902322E-001  8.52179347340506710E-001
d   2 -4.24185902214197386E-001  2.53834301357471537E-001
s   1 -2.79090231314359187E+002
s   2 -2.77316975550044219E+002
z   1  8.20409239803959855E-001 -2.17239366805860673E-001
z   2 -4.01337366867431045E-001 -7.95309368544376172E-001
z   3 -8.92350902771018445E-002 -1.56523708393345951E-001
z   4  3.19763455077710645E-001 -7.79750149432934109E-002
z   5 -9.65978026497396614E-002  4.29259411993518081E-002
z   6  2.01523748363980938E-002 -4.88447442592955527E-003
z   7  5.00793122743268329E-002 -1.13513526805978319E-002
z   8 -3.41704901997660487E-002 -4.98045658969200403E-002
z   9 -1.62641722651420545E-002  1.22591243615608914E-001
z  10  3.17362626362419686E-001 -1.61002314607890558E-002
z  11  9.40266789934638206E-003 -4.31110714763822067E-001
z  12 -3.12292548546983961E-001  1.18716021735436970E-002
z  13  5.61924426964779192E-002 -1.47136137803629378E-002
z  14 -8.97133251342033949E-002  3.58283055491637817E-002
z  15 -3.87321847094716787E-002 -2.92303171053327274E-002
z  16 -1.79383069506308529E-002 -3.49530291665126683E-002
z  17 -3.32623262306446094E-002 -1.90074391350413194E-002
z  18  2.16992616100678036E-003  2.88937126943218762E-002
z  19 -5.01522653902322854E-002 -1.51406771417255306E-002
z  20 -1.15333057517528498E-002  5.55941015871694571E-003
 
basis     8
D  6.90134266812120645E-001 -7.34709641029397065E-001
a   1 -4.69347519596654161E-001  6.95023699961372476E-001
a   2  4.93258904688846256E-001 -2.30977521169472316E-001
d   1  1.20893409627424328E-001 -8.29897476299442327E-001
d   2  4.92863063668023516E-001  2.31820971467648212E-001
s   1 -2.79152447606485453E+002
s   2 -2.77337747322035227E+002
z   1  8.28231585584130681E-001 -2.28051150612724185E-001
z   2 -3.91350253216788846E-001 -8.33588449718693392E-001
z   3 -7.91125154191848895E-002 -1.87269205484796614E-001
z   4  2.90088997988771913E-001 -7.37327390598878363E-002
z   5 -8.36226570182308365E-002  3.23044706575400728E-002
z   6  4.35325116321740799E-002 -8.06102806974352964E-002
z   7 -1.02151207969715541E-002 -7.26533864307872673E-002
z   8 -3.44458785323828662E-002 -4.15559531253086659E-002
z   9  9.88146330213471036E-002  8.40423810659182008E-003
z  10  1.03874915631368706E-001 -3.18812519889109691E-001
z  11 -3.94428070357562610E-001 -2.56285338213683489E-001
z  12 -2.04573427139347480E-001  3.03421797847696073E-001
z  13  5.13220290861180206E-002 -4.29042313357596572E-002
z  14 -4.68095265212997158E-002  1.21875540193323473E-001
z  15 -7.98942028062781806E-002 -4.75998023250342062E-003
z  16 -2.13305271246814580E-002 -3.20821726509868815E-002
z  17 -4.09797055841999158E-002 -2.83397132360098461E-002
z  18  1.28807651490412886E-002  2.50881170339222401E-002
z  19 -4.48742338221452125E-002 -4.28522079697317253E-003
z  20  5.51399211363170442E-003  1.60886895420585506E-002
 
basis     9
D -1.19831484720614806E-001 -7.20794284670662311E-001
a   1 -4.71719046270947906E-001  6.89880104401535688E-001
a   2  4.70793284462031725E-001 -2.82666351449141040E-001
d   1  1.47141651178329169E-001 -8.22680224359599754E-001
d   2  5.30413324653277840E-001  1.42155858009346159E-001
s   1 -2.79178981384114422E+002
s   2 -2.77262726042764996E+002
z   1  8.38468702454693071E-001 -2.19464286281837451E-001
z   2 -4.17583168002443605E-001 -8.33868780524560704E-001
z   3 -1.06386477570591387E-001 -1.83394748058202162E-001
z   4  2.90138769514354911E-001 -6.89234650491554884E-002
z   5 -8.36531661750277711E-002  3.64557789131885329E-002
z   6  5.01544294475465280E-002 -7.69392282359149804E-002
z   7 -1.15290731959000331E-002 -7.82185953366517639E-002
z   8 -4.14573936525751835E-002 -3.41405332717277590E-002
z   9  9.26530985824168402E-002  1.28446069462628196E-002
z  10  1.21180831670302816E-001 -2.74040830193431062E-001
z  11 -3.68193772871831082E-001 -2.43440365733530006E-001
z  12 -1.86293057541734558E-001  2.60683488179265843E-001
z  13  4.66050040590192879E-002 -4.65696375557606151E-002
z  14 -3.28788109679161236E-002  9.53843455609181823E-002
z  15 -8.02937730321769683E-002 -2.39449894201733265E-002
z  16 -4.66412841944067111E-002 -4.19118939173287186E-002
z  17 -3.80025239012841409E-002 -1.56348660145018796E-002
z  18  2.36095828037976296E-002  1.94648601899797234E-002
z  19 -3.25533497131225633E-002 -1.28191340127505500E-002
z  20  3.16201221738290949E-003  2.31039885070332685E-002
 
basis    10
D -2.04049737344185272E-001  5.17794590743281546E-002
a   1  5.76134012506408166E-001 -5.24950749446103648E-002
a   2 -4.39207549509610995E-001  6.87321318739290255E-001
d   1 -4.82717221216375891E-001  3.18857676089685349E-001
d   2 -8.12816413928324710E-001  6.81420867632676897E-002
s   1 -2.79108857032086917E+002
s   2 -2.77378697905618765E+002
z   1  8.32452794396655316E-001 -2.20537499280171967E-001
z   2 -3.99121734483600221E-001 -7.97522969245144542E-001
z   3 -9.88758369793131947E-002 -1.56067783321673703E-001
z   4  2.78346853448791953E-001 -2.88181389166172856E-002
z   5 -8.29166381068801445E-002  6.77158247291808346E-002
z   6 -2.20016751991534212E-002 -4.67829315754013653E-002
z   7 -4.30966912703492910E-002  5.49783464469245295E-002
z   8 -6.71176308047519155E-003  3.01683855803105937E-002
z   9 -9.70991421827068907E-002  6.45780210132260724E-002
z  10 -4.49043371412956929E-002  3.11498196062969135E-001
z  11  4.47370180285703689E-001  2.16203684683103609E-001
z  12  1.97581224411582351E-001 -3.34762846906290545E-001
z  13 -5.93054569284462568E-002  7.73005785461008434E-003
z  14  3.08253097406968705E-002 -1.10978255680943591E-001
z  15  6.44472255878560524E-002 -1.08333267660043926E-002
z  16  2.39328856457981312E-002  3.13347176919454989E-002
z  17  3.06585544814842841E-002  1.19194816415089007E-002
z  18 -1.73241171095131520E-002 -3.18505052968549168E-002
z  19  3.44221732008408998E-002  3.28997279911487969E-003
z  20  1.07801840325191783E-002 -8.00583728291964780E-003
