ndof   20
nconf    2
nbasisfns   10
initial_PES    1
time  1.00000000000000000E+001
 
zinit   1 -4.48350272638143477E-001  1.44693720268199044E-001
zinit   2  2.16343738550786461E-003  2.04392411174670746E-001
zinit   3 -2.24201159394056382E-001 -2.49524960685953173E-001
zinit   4 -1.25844767554999931E-001  2.96177212065659556E-001
zinit   5  1.54249761150993286E-001  1.84995916959061979E-001
zinit   6 -4.83666731599687733E-002 -1.24918823152051391E-002
zinit   7 -5.29506292060545683E-002 -1.77105513325250645E-002
zinit   8 -1.84465485588066087E-002  3.47412747093865952E-004
zinit   9 -1.27530559724159821E-002 -6.69772829052694019E-003
zinit  10  7.44281118157192473E-003 -3.86480779530993862E-003
zinit  11 -2.41690848835115959E-003 -1.74466143724547073E-003
zinit  12  3.58286050043655655E-003 -3.58728768273046178E-003
zinit  13  2.80208948100992613E-003 -5.13338410373499299E-005
zinit  14  1.37671842756299361E-004  7.63946235040655281E-004
zinit  15 -1.76666290224620262E-004  4.10491336422063463E-004
zinit  16  6.25970281680741664E-005 -2.69842360028785738E-005
zinit  17 -6.90646038191494893E-006  1.01564370360607483E-006
zinit  18 -4.04527565798662169E-007 -5.68338007435012764E-007
zinit  19  1.27706830249366819E-008  1.00107307313836581E-009
zinit  20 -2.16336801005745922E-014  1.71654417990190842E-014
 
basis     1
D -3.62405454037618535E-001  5.19353263750851113E-001
a   1  5.22656634087193761E-001 -4.87482513915196203E-001
a   2 -6.96302482407436862E-001  6.59825315124668854E-002
d   1  3.77450638979095254E-001  6.06910350597768988E-001
d   2  3.91671036936958247E-002 -6.98324265266358823E-001
s   1 -2.78225158454692576E+002
s   2 -2.78181457593720893E+002
z   1  1.79233513777756689E-002  4.69701369859700291E-001
z   2  1.16630582535355617E-001 -2.05711684489142982E-001
z   3  3.16599289277256390E-001 -4.64285942278732724E-002
z   4 -3.09167832068741821E-001  1.24090538540579956E-001
z   5  2.46334740570209820E-001  9.67458044965990686E-003
z   6  6.40925231674562834E-002 -1.49986683785261078E-002
z   7  1.53636920293444019E-002 -1.04023991485368977E-001
z   8 -2.91299495330829862E-002 -7.31728919489873370E-003
z   9  1.12981717682329716E-001 -6.78379693804587458E-002
z  10 -9.55006035866355629E-002 -3.11588914219284363E-001
z  11 -4.53272537175452905E-001  3.91323309537640329E-002
z  12  2.68857312259650899E-002  3.33273248991763971E-001
z  13  2.66649428441451328E-002 -5.19188410121422528E-002
z  14  2.91132053926239712E-002  9.72630021902514685E-002
z  15 -5.11679699284369044E-002  2.99623443270304740E-002
z  16 -1.44795658175626406E-002 -9.01764402197137438E-003
z  17 -3.32710157625286662E-002 -1.16532005132546357E-002
z  18  3.31511931208372107E-002  1.40575066199936389E-002
z  19 -2.43318463908267363E-002  7.59601099800980874E-003
z  20  7.15450322840833260E-003  1.21839475666648996E-002
 
basis     2
D  1.16436242892346775E+000 -5.56325646893315651E-001
a   1 -3.11389964429747701E-001  3.62918394052762550E-001
a   2  1.20101268686706258E-001 -8.70001272740629217E-001
d   1 -3.06327867946480148E-001 -3.67201181927236719E-001
d   2  8.17208620301478339E-001  3.21708874940411393E-001
s   1 -2.78197353083542737E+002
s   2 -2.78268805498363633E+002
z   1  1.45471801556571120E-002  4.66491960469891609E-001
z   2  1.01414383538454014E-001 -1.66310382531566936E-001
z   3  3.21194145689970456E-001  1.00609641140605679E-006
z   4 -2.87729023135358919E-001  1.70943314165410226E-001
z   5  2.34151584920149536E-001  2.98458511344899015E-002
z   6  3.34390813811091250E-003  6.02546544150490138E-002
z   7  4.19293882656102297E-003  8.44429787167500119E-003
z   8 -4.18221190661458822E-004  2.33918390339829807E-002
z   9 -9.63991739720903296E-002  4.45469497443363571E-003
z  10 -1.42901179559178582E-001  2.88244669535350995E-001
z  11  3.66749976916984854E-001  3.17178839079660990E-001
z  12  2.44156832652579453E-001 -2.63128783324326931E-001
z  13 -4.90804577108512816E-002  3.79084455818885294E-002
z  14  4.69012834737051049E-002 -9.23602294638558308E-002
z  15  7.22593194821166407E-002  1.57364648130023828E-002
z  16  3.36551705313794178E-002  4.27231444504175759E-002
z  17  5.14435382979805400E-002  1.25887568371193161E-002
z  18 -8.55231972050029057E-003 -2.09269076221667780E-002
z  19  3.79828540336664480E-002  1.78933765413491000E-002
z  20 -3.10071661999370210E-003 -3.01965247853547974E-002
 
basis     3
D  5.11026611093208682E-001 -3.32980103448630993E-002
a   1  5.46732932062411914E-001 -4.26607656487755282E-001
a   2 -6.80029747311222899E-001  2.38009561144673754E-001
d   1  3.55811913806106439E-001  5.95238501417013843E-001
d   2 -2.28346691978730781E-001 -6.83335054484120796E-001
s   1 -2.78154780006665305E+002
s   2 -2.78045124636354558E+002
z   1  1.44548819718769237E-002  4.67232269449629034E-001
z   2  1.14707036534909282E-001 -2.01457147242133955E-001
z   3  3.27001789349718186E-001 -3.86229753469879908E-002
z   4 -3.13141396030023000E-001  1.45959368242726012E-001
z   5  2.56086939327899776E-001  3.42836932222790117E-002
z   6  5.85716047674670198E-002  4.36806078545009212E-003
z   7  5.48241994590567897E-003 -8.59337187524300689E-002
z   8 -8.96048104964666456E-003  4.16991649386481006E-002
z   9  1.20375776385609118E-001 -6.40662731360688437E-002
z  10 -1.15051742896824793E-001 -2.32244558431683484E-001
z  11 -2.87757010431375748E-001  1.12343146987515130E-001
z  12  1.08124540798290536E-001  1.71143733174282164E-001
z  13 -3.41711621510754418E-002 -4.65677854725023710E-002
z  14  5.05986366916181957E-002  4.27944059092407389E-002
z  15 -2.34363723893355261E-002  2.68929318112080401E-002
z  16 -1.74403177072863305E-002 -5.70413659361834573E-003
z  17 -1.83855511360965194E-002  1.30161722166445004E-002
z  18  1.51865265758548869E-002  4.74829564895881597E-003
z  19 -8.35882584375548937E-003  1.31064915941084574E-003
z  20  2.22997816450474107E-003  1.26217628751289796E-002
 
basis     4
D -1.46137797876958464E-001 -8.74988119867605829E-001
a   1 -1.65409134076315356E-001  5.56938775719372337E-001
a   2  5.91659181970086989E-002 -8.11762534604898445E-001
d   1 -5.55512755094721977E-001 -1.70136887425217931E-001
d   2  7.84141482671471324E-001  2.18131046891657882E-001
s   1 -2.78039449493702136E+002
s   2 -2.78229511278717666E+002
z   1  2.47567550614522652E-003  4.80794363082088838E-001
z   2  8.80517090233870758E-002 -1.65784676482230248E-001
z   3  3.29710346868077375E-001  2.95794601794297386E-003
z   4 -2.75252195570864999E-001  1.43179156393964696E-001
z   5  2.28045019476446925E-001  4.51103309057808519E-003
z   6  1.21336302647848254E-002  6.49982238201798762E-002
z   7  4.11579209528145709E-002  1.37352696946042054E-002
z   8  2.01680392425190071E-002 -8.64700830944061145E-003
z   9 -1.08305590923934061E-001 -1.26011767699847933E-002
z  10 -9.69033302324809886E-002  2.46793715388665069E-001
z  11  2.97113541756216293E-001  1.70835194389509226E-001
z  12  8.36566287429764271E-002 -2.11158046923394155E-001
z  13 -9.65790511037151710E-003  7.33699484371435340E-002
z  14  5.48152780390817520E-003 -7.77646599979634201E-002
z  15  6.55133516854777970E-002 -7.95806562988261856E-003
z  16  2.84533313123046423E-002  3.25541077849701987E-002
z  17  2.69880340348098435E-002  1.44608774907165356E-002
z  18 -2.10523393175267581E-002 -1.52917062522739625E-002
z  19  3.73473534653633865E-002 -6.91764525100951010E-003
z  20  1.36794655978308895E-004 -9.52383381329057095E-003
 
basis     5
D  5.16308775684114818E-001  1.18306404933797205E+000
a   1 -5.23839227945615993E-001  4.08489500033213659E-001
a   2  6.66521731467202949E-001 -3.38345345926219565E-001
d   1 -3.72577010628747596E-001 -5.49961434577907471E-001
d   2  3.49577375120104006E-001  6.60699970056083385E-001
s   1 -2.78097813479544129E+002
s   2 -2.78014024620558587E+002
z   1  1.07474942412279437E-002  4.65801319610566311E-001
z   2  9.97976896823958709E-002 -2.03597794265471865E-001
z   3  3.12427680737534241E-001 -3.35667499649536308E-002
z   4 -3.11853466747133823E-001  1.42099380900583105E-001
z   5  2.55662902845808671E-001  1.97408006078780111E-002
z   6  4.83026649015346407E-002  9.62225040606445522E-003
z   7  1.77376418265923490E-003 -5.75246075099166837E-002
z   8 -3.38685421974135523E-003  2.54520288548085727E-002
z   9  7.55549002180157248E-002 -8.18129907805393020E-002
z  10 -1.46532391208759244E-001 -1.20718454141076084E-001
z  11 -1.45122534691596028E-001  1.77100128245434030E-001
z  12  1.12989558774386822E-001  5.93011742872025446E-002
z  13 -4.02509063015460827E-002 -2.45454839668615091E-003
z  14  5.24687477919878326E-002 -2.31394746362556785E-003
z  15  8.52684991232294069E-003  3.67687275434723307E-002
z  16 -1.18941121623680791E-002  1.60105988188294496E-002
z  17  1.04325720743069107E-002  2.79142381470466640E-002
z  18  7.60807653718942106E-004 -2.25447767100252598E-002
z  19  6.28146518219391270E-003  1.57512565114298689E-002
z  20 -8.24767852425541299E-003 -1.39419986178837682E-003
 
basis     6
D -6.63269954769940329E-001 -7.49990517911718668E-001
a   1 -4.38768270401760807E-001  6.18430176383759300E-001
a   2  4.25519184831973929E-001 -4.93923015425010936E-001
d   1 -6.12841916631724937E-001 -4.46540326725990311E-001
d   2  4.70699845202773803E-001  4.51074470074164069E-001
s   1 -2.78043574108522762E+002
s   2 -2.78083922481256479E+002
z   1  2.40181324142289604E-003  4.71731906640318110E-001
z   2  8.96091737718254233E-002 -1.70415736409641971E-001
z   3  3.47781224830738755E-001 -2.04043742114992863E-002
z   4 -3.08013499041593197E-001  1.32760384761807126E-001
z   5  2.40288374132656329E-001  2.07188008975147699E-002
z   6  5.55518474635462861E-002  5.50762938691196011E-002
z   7  5.78330534053600603E-002 -6.02108441085481352E-002
z   8 -3.61458423992390768E-002  2.17383066855032347E-003
z   9  6.02648814553614354E-002  7.64615506526592076E-002
z  10  1.44605936871973068E-001 -1.28367036943337731E-001
z  11 -1.68860036683076226E-001 -1.83181461216817998E-001
z  12 -8.97080241403549472E-002  1.49225174161655816E-001
z  13  2.73359763584583269E-002 -6.97037160519812377E-002
z  14 -1.29952961188459035E-002  6.06926130860962476E-002
z  15 -5.39528161702388515E-002 -6.75704261042206922E-003
z  16 -4.14751799386110995E-002 -3.67132406120763075E-002
z  17 -4.38117863399734853E-002 -2.36919410959214628E-002
z  18  2.39568256000276779E-002  2.14387054491428121E-002
z  19 -2.12765451067001878E-002  5.45145157155308324E-004
z  20  1.14655898185768278E-002  5.00186886199617715E-003
 
basis     7
D  6.38610989075890090E-001 -8.32720449648443939E-001
a   1  2.31351372509619208E-001 -3.24245446859711683E-001
a   2  2.40437486282875451E-001  8.85173004456450863E-001
d   1  2.65318356184031823E-001  2.97093818924497155E-001
d   2 -9.15236529200481153E-001  6.06920772881004503E-002
s   1 -2.78253052924981034E+002
s   2 -2.78229962085034174E+002
z   1  2.41164495074276883E-002  4.70444096391657740E-001
z   2  1.04180256881555952E-001 -1.69652837729501405E-001
z   3  3.19266390838027325E-001 -1.13170658875070430E-002
z   4 -2.92337229449907476E-001  1.63645788071170861E-001
z   5  2.51579910041596799E-001  3.71638403999071595E-002
z   6  1.42099989421659960E-002  3.68021678973115343E-002
z   7 -2.39679250322819108E-002  1.75279150974038192E-003
z   8 -1.28722081320459449E-002  6.80624454451339428E-002
z   9 -6.35027182106661647E-002  2.35923036441360139E-002
z  10 -1.64716660870479925E-001  2.63947452564118334E-001
z  11  3.13694113450147138E-001  4.17503730351593827E-001
z  12  3.67873355017349135E-001 -1.92329642786679328E-001
z  13 -2.58143048285910080E-002 -2.98065312295674734E-002
z  14  8.41589564430747089E-002 -7.98727637162793686E-002
z  15  7.08195614077600233E-002  9.76210151217566172E-003
z  16  3.08813644525459431E-002  2.74242591115444329E-002
z  17  5.06362460539774503E-002  1.09046144706154736E-002
z  18  5.21847772473333065E-003 -1.32279586525097959E-002
z  19  2.42525454824358798E-002  9.03787462202558164E-003
z  20  1.64661247350583531E-002 -2.25985974708032243E-003
 
basis     8
D  1.26221024584975572E+000  4.07004673260254801E-001
a   1 -3.77099630616279158E-001  7.49022377675818474E-001
a   2  2.78466435503319565E-001 -4.68206995492376155E-001
d   1 -7.02642233083068501E-001 -4.57747251174826231E-001
d   2  4.08112873904147966E-001  3.60839616011905451E-001
s   1 -2.78141946285425320E+002
s   2 -2.78218397030114488E+002
z   1  4.03977107907715210E-003  4.71410108980691689E-001
z   2  9.99644989032775350E-002 -1.67988145378731052E-001
z   3  3.52596149510401358E-001 -1.33326558146559266E-002
z   4 -2.97848957075764031E-001  1.19778108488234614E-001
z   5  2.31319787593476434E-001  1.38428689060927333E-002
z   6  4.83141718605960072E-002  7.70609892824373338E-002
z   7  8.02013503768696234E-002 -6.01981444105064850E-002
z   8 -3.80335154022525199E-002 -1.85999030687971807E-002
z   9  5.56167714883620545E-002  1.12895968358375468E-001
z  10  2.77500516721791546E-001 -1.25510725823586300E-001
z  11 -1.53480311967746363E-001 -3.68063150308336584E-001
z  12 -2.34714489281481753E-001  1.49737668987682704E-001
z  13  4.70626668341349794E-002 -4.88479322580705477E-002
z  14 -6.33240752784184485E-002  6.90843672888140636E-002
z  15 -7.35361632294425777E-002 -2.48567359980377475E-002
z  16 -2.51999888316101553E-002 -4.11809593663073278E-002
z  17 -4.88832044579833591E-002 -2.73831215245744428E-002
z  18  7.53942231945997285E-003  1.41681008153848337E-002
z  19 -3.63293744285086220E-002 -5.49469677819823879E-003
z  20  4.48616906760164989E-003  3.47744831754399648E-003
 
basis     9
D -6.82757864323668556E-002 -2.36332941107188610E-001
a   1  3.61814640146557842E-001 -5.28998350261481121E-001
a   2 -7.41218888436512069E-001 -1.99613303717915525E-001
d   1  4.82722446527502791E-001  4.21578139877121782E-001
d   2  3.71636232967053337E-001 -6.71667642470811121E-001
s   1 -2.78148954992310109E+002
s   2 -2.78273262863883872E+002
z   1  5.34773074087693985E-003  4.60768198848513499E-001
z   2  1.15229920629029564E-001 -2.02992006647564394E-001
z   3  3.48042389520438589E-001 -4.06908334322579474E-002
z   4 -3.05248658520808513E-001  1.00683600856878566E-001
z   5  2.36006402746557709E-001 -3.02327794314308750E-002
z   6  5.59502847545974430E-002 -1.39046399800568949E-002
z   7  3.22040146122783769E-002 -1.15377554098806165E-001
z   8 -5.67795758306339077E-002 -4.37081097947882649E-002
z   9  3.15752119188025676E-002 -7.84612875542654853E-002
z  10 -1.12967124533862054E-001 -2.59687511706873431E-001
z  11 -4.62115620372294145E-001  3.35161460757121051E-003
z  12 -8.11553517177855954E-002  3.96879185213407426E-001
z  13  8.93361681205772362E-002  4.15396937041854694E-003
z  14  1.27652308315193749E-002  1.08463974608296709E-001
z  15 -2.22749026987775524E-002  1.18589946573360548E-002
z  16  3.79141103447106116E-003 -6.20384844441434612E-003
z  17 -2.05645925464300848E-002  4.70378089687358523E-003
z  18  4.13006794454155446E-002  2.10837289715474496E-002
z  19 -1.25241536693379580E-002  3.29427468336099434E-003
z  20  4.49346990930414320E-003  6.94028747671002547E-003
 
basis    10
D -1.53675740914425679E-001  3.29823791131608146E-001
a   1 -2.75074322888893330E-001  5.68390464992313604E-001
a   2  2.37520107898976568E-001 -7.38139955927509583E-001
d   1 -5.80602450920738145E-001 -2.48262759574998437E-001
d   2  7.03795877098650879E-001  3.25480812909068495E-001
s   1 -2.77984288635125779E+002
s   2 -2.78152802478392687E+002
z   1  6.46927203307448833E-003  4.83422342360859292E-001
z   2  9.29847378216304005E-002 -1.71788740645408861E-001
z   3  3.36781659219684282E-001 -3.50054236961436357E-003
z   4 -2.82457387557975559E-001  1.32052019480562360E-001
z   5  2.33966986426147328E-001 -1.36212865994818095E-003
z   6  1.24875740210474255E-002  6.68395799103361082E-002
z   7  3.00138729578941291E-002  1.21911113794292546E-003
z   8  6.63465584989215811E-003 -2.94545133036966389E-002
z   9 -8.74997755899896007E-002 -2.81753802160315363E-002
z  10 -8.81056109914357122E-002  1.85669254424518593E-001
z  11  1.92277178818843375E-001  1.16578662364746038E-001
z  12  4.85095754436793494E-002 -1.36573446109516633E-001
z  13 -2.42200889383701245E-003  5.29254163750212947E-002
z  14  1.37381476576403042E-002 -4.92683899079699589E-002
z  15  4.79702794172541386E-002 -6.98060921657164823E-003
z  16  2.64123317094506239E-002  2.70631490049806009E-002
z  17  4.47263210686491136E-002  6.63087474818409642E-003
z  18 -5.44858040931461667E-003 -1.58331151599278366E-002
z  19  1.35150119251206246E-002  1.26996695521307181E-002
z  20 -5.12526538228659165E-003 -8.42011445200473337E-003
