ndof   20
nconf    2
nbasisfns   10
initial_PES    1
time  1.00000000000000000E+001
 
zinit   1 -6.14467918263732343E-002  3.82526868545318699E-001
zinit   2  5.60992684921420959E-001  1.67119920587738724E-001
zinit   3  6.34103347813929075E-002 -1.77805033130989054E-001
zinit   4 -7.58587600261759476E-002 -2.99918884558480897E-002
zinit   5 -2.09610110593907821E-002  2.18946822295162491E-001
zinit   6 -6.25142309185292011E-002 -1.63806247812751417E-002
zinit   7  3.06229187316232297E-002  9.48144606442971744E-002
zinit   8 -8.23662387813509957E-003  3.65906435076460215E-002
zinit   9  1.90421973854019676E-002 -1.10621069862394325E-002
zinit  10  3.09881089993723369E-003  1.10566073471442261E-002
zinit  11 -7.94040621690152572E-005  7.98962232728818163E-004
zinit  12  2.08613913060260456E-003  5.75323685615786781E-003
zinit  13  7.25178115269444314E-004 -5.44235839676458690E-004
zinit  14  5.86076935830538216E-004 -1.96273625065584730E-006
zinit  15 -1.24384387724464223E-004 -9.20609990603757925E-005
zinit  16  2.85693824792261545E-005 -1.68240133758915607E-005
zinit  17  2.57376889273102591E-006  1.55816935130761236E-006
zinit  18  9.92273006561096253E-008  5.71236366685560328E-007
zinit  19 -8.62779702509399233E-009  9.36046094126586572E-010
zinit  20 -8.32664314024748398E-015 -7.69006796129075503E-015
 
basis     1
D -1.02020787433170512E+000 -3.10229275839086549E-001
a   1 -3.23110418734522453E-001  6.05779426501297125E-001
a   2  2.91393319944975138E-001 -6.66123769898957274E-001
d   1 -5.22107334087348329E-001 -4.45839643772557415E-001
d   2  7.15729963487577558E-001  1.27912325829157014E-001
s   1 -2.78247723823027002E+002
s   2 -2.77795433409720033E+002
z   1  3.53684859061191459E-001  1.77781135631138426E-001
z   2 -3.94050188381522781E-001 -4.28852709854397052E-001
z   3  9.50600171212497846E-002  1.57718372396524198E-001
z   4 -3.89232853665034337E-002 -8.27819055076874366E-002
z   5  1.39901774506247439E-001  1.75950274955292862E-001
z   6  4.05401176790252255E-002  5.94179625727516980E-002
z   7 -7.78539469992324124E-002  2.37596654955504610E-002
z   8  3.67790366830719490E-003  1.32453099704772231E-002
z   9 -7.29564110003098204E-002 -1.89136854244268439E-002
z  10 -3.84944525193334081E-002  1.10334159042197538E-001
z  11  1.29611875531278647E-001  4.68345230617970704E-002
z  12  6.66456716842465068E-003 -6.87371420303355685E-002
z  13 -4.85774099969656006E-003  3.78003033293036472E-002
z  14 -1.10095953084089239E-002 -2.39810664255341172E-002
z  15  2.10262576074161447E-002 -1.40753870863135500E-002
z  16  5.40784114629923058E-003  1.34485548767085301E-002
z  17  3.36090300067963602E-002  9.52752769787990365E-004
z  18 -1.16382642661783196E-002 -3.12317745559675519E-003
z  19  5.29926443492945327E-003 -2.71778993778958164E-003
z  20 -5.62422816060522638E-003 -8.53084327158033957E-003
 
basis     2
D -2.63595395892468221E-001 -3.10730626811780986E-001
a   1  4.46978443000405123E-001 -6.64355220570870708E-001
a   2 -5.96984720940594960E-001  4.95141934858119234E-002
d   1  4.41193651097601225E-001  6.68210857318260687E-001
d   2 -2.79779821304065764E-002 -5.98380852725904910E-001
s   1 -2.78425954287286345E+002
s   2 -2.78066978790035591E+002
z   1  3.42987494828781547E-001  1.54385513456471585E-001
z   2 -3.96872253018175636E-001 -4.41398875379529321E-001
z   3  9.57263450641656077E-002  1.40072648198454885E-001
z   4 -3.54025611362380338E-002 -1.07320741855167753E-001
z   5  1.50731716185719067E-001  1.43764779187308428E-001
z   6  6.25713903460954901E-002  1.26078717231814224E-002
z   7 -7.31358453876266162E-002 -5.83624741463313404E-002
z   8 -8.13001196760407274E-003  2.15025387836864168E-003
z   9  5.48925617610006647E-002 -7.77496429775620945E-002
z  10 -1.55937879362222226E-002 -3.20578430545432058E-001
z  11 -4.60780606389452896E-001 -1.81470084279499178E-001
z  12 -1.89422294561298277E-001  3.41755394844459826E-001
z  13  7.29620277273857476E-002 -1.92413138967923308E-002
z  14 -3.36918219790381598E-002  1.19562464649429753E-001
z  15 -7.32634866892500486E-002  4.10296024185414457E-005
z  16 -2.96940974794387240E-002 -3.07851285112256193E-002
z  17 -5.58858972589724723E-002 -7.67856927195623758E-003
z  18  1.35792169013821563E-002  2.29191936592965037E-002
z  19 -3.40264879352857388E-002 -3.41571570831588137E-003
z  20  1.85263234573540721E-002  1.62197463043704942E-002
 
basis     3
D  2.81866395152189475E-001 -3.20052768400719903E-002
a   1  4.24651463095260140E-001  5.02597593185435176E-001
a   2 -7.41448759358884768E-001 -1.31607490137818389E-001
d   1 -6.19873430704929063E-001  2.20658414049496071E-001
d   2  1.39204024999249998E-001 -7.40060155419283161E-001
s   1 -2.78390497141001958E+002
s   2 -2.78041204884986143E+002
z   1  3.33062844490440435E-001  1.76316040350031761E-001
z   2 -4.19486340815438230E-001 -4.20964465071773153E-001
z   3  1.06549213529220865E-001  1.87860945616497993E-001
z   4 -2.37855784760905332E-002 -5.85998463362758237E-002
z   5  1.40109720600894827E-001  1.70972554940399812E-001
z   6  1.22537725724239602E-002  8.71394119081653901E-002
z   7 -9.53696251215202101E-002  5.80398131737299705E-002
z   8  1.99070088545917415E-002  5.08966090408427482E-002
z   9 -1.18498102200412694E-001  6.42307244163801694E-002
z  10  4.72408046616555263E-002  3.50411058659874985E-001
z  11  4.58255390732659418E-001  6.39218828939763922E-002
z  12  5.20381323587743097E-002 -3.51262849980362002E-001
z  13 -3.72255694036566429E-002  5.56363430789663452E-002
z  14 -1.09646446327964012E-002 -1.06546471490358591E-001
z  15  5.96591793590449532E-002 -2.02387124137401384E-002
z  16  3.68498365280496704E-002  1.63726364224629460E-002
z  17  3.90522480061787081E-002  3.41252066597333989E-004
z  18 -1.65276896097605284E-002 -1.66467216753108313E-002
z  19  2.73259628702924064E-002  8.97122657159462895E-004
z  20 -7.62775983392557141E-003 -2.02358727108439725E-002
 
basis     4
D  1.77015574639049600E+000  2.50702407228490853E-001
a   1 -3.45248056280781479E-001  8.34382038489836164E-001
a   2  2.46555010259632945E-001 -3.51882111502844097E-001
d   1 -6.45230745854465049E-001 -6.31717413978911013E-001
d   2  3.51924406495639219E-001  2.46494636031942493E-001
s   1 -2.78413439525708441E+002
s   2 -2.78030778277853244E+002
z   1  3.36030438207218451E-001  1.55039850252038341E-001
z   2 -4.02970801787702670E-001 -4.27098864166100933E-001
z   3  1.06765951875861562E-001  1.63069501973378467E-001
z   4 -2.63354222345022829E-002 -8.27158014191218260E-002
z   5  1.35681833147886011E-001  1.57678657622193352E-001
z   6  5.61726985200754411E-002  6.22588021669397904E-002
z   7 -4.46491874522930154E-002 -1.75888837864579851E-002
z   8 -6.33480691425314293E-003  1.21392228422162948E-002
z   9  5.36755818214573466E-002  7.65771712778880453E-002
z  10  2.68005286426592770E-001 -1.78662153136384838E-001
z  11 -1.77244176934594183E-001 -4.40113962261766023E-001
z  12 -3.29238479844411958E-001  1.47263588021297021E-001
z  13  5.06682750992358127E-002 -2.39439292600121395E-002
z  14 -8.23020966844930923E-002  6.41621922516434628E-002
z  15 -7.35937287498326237E-002 -3.43796971017539532E-002
z  16 -3.77730647032179026E-002 -3.21547695839575556E-002
z  17 -3.97046832739781433E-002 -3.00994272642561324E-002
z  18  2.12557035295858144E-003  2.69700114129627459E-002
z  19 -3.88039142941554172E-002 -1.76678759098105251E-002
z  20 -2.35407003099050507E-003  2.02029463797524754E-002
 
basis     5
D  3.67694494993887677E-001 -1.65753684360743864E-001
a   1  4.54301291229120552E-001 -7.14707339066140590E-001
a   2 -4.10653440533196856E-001  3.37886827282054047E-001
d   1  4.93390451290424192E-001  6.88303789255065079E-001
d   2 -3.63403594981113409E-001 -3.88254534329333101E-001
s   1 -2.78413601386523794E+002
s   2 -2.77967092434944391E+002
z   1  3.46500920242251043E-001  1.71485069829537068E-001
z   2 -4.03782743527399124E-001 -4.29320827295303409E-001
z   3  1.13199332493902780E-001  1.52248380321773208E-001
z   4 -4.23254662487816541E-002 -9.16131231994950224E-002
z   5  1.55729480039196178E-001  1.52061818527593678E-001
z   6  6.45832683442675165E-002  4.29346150961811210E-002
z   7 -8.58698559110691317E-002 -3.81506005844121712E-002
z   8 -1.92205547950671830E-002  2.06495694295891138E-002
z   9  9.07898888767298406E-002  3.20080221809937310E-002
z  10  1.84175502775900696E-001 -2.54359026104656438E-001
z  11 -3.22309533176860841E-001 -3.14413224393752799E-001
z  12 -2.05301719600745031E-001  2.45990662241306751E-001
z  13  4.58529532699981160E-002 -5.89158748369326760E-002
z  14 -4.87706036455157824E-002  1.02754266687580406E-001
z  15 -7.20195129435948767E-002 -9.63573405834393035E-003
z  16 -3.80882803568883960E-002 -3.85505169283459070E-002
z  17 -4.98651037426417545E-002 -2.34286829811933099E-002
z  18  2.10038888040648755E-002  1.74332864662065656E-002
z  19 -3.75384427541259336E-002 -2.51000033402908453E-004
z  20  3.22983085994789842E-003  4.71559921560426795E-003
 
basis     6
D  1.11753532932382904E+000 -1.51474951138246072E+000
a   1 -1.09075542830246813E-001 -5.03979284236574898E-001
a   2  4.09424838802163737E-001  7.52647798368166976E-001
d   1  5.08749164386657737E-001  8.40647412367445529E-002
d   2 -7.39633446572017683E-001  4.32492510604085501E-001
s   1 -2.78407849496057679E+002
s   2 -2.78000036320454001E+002
z   1  3.52732908515665855E-001  1.70604109595201087E-001
z   2 -3.98757549896394559E-001 -4.34228691291835334E-001
z   3  8.47303512828017080E-002  1.67315982685123044E-001
z   4 -2.45712842424781856E-002 -6.59441965693499249E-002
z   5  1.35389967621065588E-001  1.56147898066445939E-001
z   6  1.04193776423921036E-002  5.01072452210342412E-002
z   7 -1.30814749228261334E-001  3.00636244208802028E-002
z   8  1.18563686240242706E-002  4.48438582757074572E-002
z   9 -1.21414790245559970E-001 -6.53895488595982871E-002
z  10 -2.34650386319856019E-001  2.48677394943805891E-001
z  11  2.85067117943014370E-001  3.49367840054995937E-001
z  12  2.18966738532631905E-001 -2.14548307736665306E-001
z  13 -4.21758690370723638E-002  5.23591769382291752E-002
z  14  5.22415026445338174E-002 -1.00837240697153246E-001
z  15  8.00943816511470313E-002  1.89100680884108710E-002
z  16  4.05348882513796652E-002  3.73883738562873005E-002
z  17  5.61132685493891809E-002  2.77814998857937381E-002
z  18 -1.46066414650624626E-002 -2.79660007022474247E-002
z  19  3.59237487875046294E-002  8.31442293683102261E-003
z  20  2.63879904661817139E-003 -1.79095219215058207E-002
 
basis     7
D -7.90813944586863271E-001 -4.19759428725662131E-001
a   1  5.89304790202835771E-001 -2.19540331374967701E-001
a   2 -7.77437694335143981E-001 -1.06084197971933331E-002
d   1 -6.17865318701425609E-002  6.25827865579424936E-001
d   2 -8.94835590450325513E-002 -7.72343576269248544E-001
s   1 -2.78485971907874671E+002
s   2 -2.77901959821769083E+002
z   1  3.54995073497200719E-001  1.72088332859546084E-001
z   2 -3.94112094463581197E-001 -4.47465821413705722E-001
z   3  7.44054972625407957E-002  1.29729978788608008E-001
z   4 -5.93820566823227841E-002 -7.47728091760977293E-002
z   5  1.66265976248920533E-001  1.63104409140649886E-001
z   6  5.40772055637366786E-002 -1.18433313984606138E-002
z   7 -1.60852207973518985E-001 -4.05957982390562008E-002
z   8 -2.56499558363470007E-003  7.45599710444010827E-002
z   9  4.92632802977754983E-002 -1.42093694253773911E-001
z  10 -2.80102099665361204E-001 -2.00432895383843290E-001
z  11 -2.53270154789096313E-001  2.90344620333005010E-001
z  12  2.19778780611508767E-001  1.27963208132369333E-001
z  13 -4.00695540586650106E-002 -2.76783481558083404E-002
z  14  6.80994831908005305E-002  2.36237140135769561E-002
z  15 -9.08043658368902322E-003  3.69239384916028243E-002
z  16 -7.31899769137917162E-003  2.50370692691006952E-002
z  17 -1.00365161413041547E-002  1.12834401306268293E-002
z  18  1.44849416432247750E-002 -2.00085378190407344E-002
z  19 -4.49925906778867596E-003  1.68681990273721466E-002
z  20  1.40981545029095711E-003 -2.12788527275451856E-003
 
basis     8
D  3.96050354524812742E-001  8.31695119363852764E-001
a   1  3.72894825839934163E-001 -8.25728270153417432E-001
a   2 -3.47309459805572485E-001  2.41864449352813426E-001
d   1  6.28410022123721879E-001  6.52670338963870167E-001
d   2 -2.27741231074898520E-001 -3.56729875956118769E-001
s   1 -2.78411103526013960E+002
s   2 -2.78071064999779139E+002
z   1  3.31243638402650920E-001  1.66532251132667425E-001
z   2 -3.97157709357318423E-001 -4.22796571445281377E-001
z   3  1.07810183391352940E-001  1.59476356245253637E-001
z   4 -2.31342098501991639E-002 -1.07112490428929022E-001
z   5  1.44828480666575610E-001  1.44575878016121678E-001
z   6  6.66418363653278750E-002  5.93096560502255413E-002
z   7 -5.71352144967556472E-002 -2.47719444933653214E-002
z   8 -4.40674516052065850E-003 -5.39578262898210426E-003
z   9  6.75525005165176357E-002  1.30960930801351152E-002
z  10  2.06007371996184047E-001 -2.41326337492479004E-001
z  11 -3.00738128307622088E-001 -4.07552542010173158E-001
z  12 -3.17174138594207788E-001  2.06891368551984700E-001
z  13  5.82659460822601422E-002 -7.20759503258074953E-003
z  14 -7.69622604895455475E-002  8.04420505381277517E-002
z  15 -8.10449997485045148E-002 -3.21883771401089008E-002
z  16 -3.58358437292039186E-002 -3.10832446867168564E-002
z  17 -4.90981599568073163E-002 -1.76604435888070219E-002
z  18 -2.04779013211359032E-003  1.58578399982837043E-002
z  19 -3.87177192680833449E-002  2.45286965402412077E-003
z  20  2.02099796033482085E-003  1.34225400067055720E-002
 
basis     9
D -1.89741822660401205E+000 -3.93116607534576223E-001
a   1 -2.94977055828843371E-001 -4.77910955380468405E-001
a   2  6.48162058495328819E-001  5.14271913669118064E-001
d   1  5.48077961291183247E-001 -1.22559753120773191E-001
d   2 -4.96186935184062650E-001  6.62108888789786354E-001
s   1 -2.78363938228634595E+002
s   2 -2.78003346650840911E+002
z   1  3.43798116354637362E-001  1.74494774874535574E-001
z   2 -4.09562518183071267E-001 -4.17195851889623603E-001
z   3  9.72532028740644428E-002  1.68290946721244866E-001
z   4 -3.83973346767685145E-002 -7.89332468523688546E-002
z   5  1.42704362280210550E-001  1.52433124601882186E-001
z   6  9.26276340109640633E-003  6.01497289950016570E-002
z   7 -1.03594028668557256E-001  4.23327751502729499E-002
z   8  1.54589612905263220E-002  3.63775504599192778E-002
z   9 -1.42853948788035312E-001 -3.47291548678414566E-002
z  10 -1.27526197146184184E-001  2.86491760379806004E-001
z  11  3.60792389936116009E-001  2.24269488832631897E-001
z  12  1.29908886881698854E-001 -2.67936495622943860E-001
z  13 -3.62345879822554007E-002  8.61632548982191188E-002
z  14  2.40771458161159468E-002 -8.99748993705557498E-002
z  15  8.71372054991049055E-002  4.63406038520884894E-003
z  16  4.43397365874600574E-002  3.74902946544358601E-002
z  17  5.13289977627226154E-002  2.46165101737179336E-002
z  18 -2.02287563215530451E-002 -1.93955011044777345E-002
z  19  4.41417437733147427E-002 -2.60142493645172538E-003
z  20  5.49632790518944560E-003 -2.78751829027551606E-002
 
basis    10
D -6.52960621686041187E-001  1.62949910408553694E-001
a   1 -2.46893674864757662E-001  9.01281298995704305E-001
a   2  3.44406212196917472E-001 -9.01104566211039237E-002
d   1 -7.57966427012679911E-001 -5.46581523772292077E-001
d   2  7.57483721249659070E-002  3.47847261758245985E-001
s   1 -2.78388330282733762E+002
s   2 -2.78072437606743506E+002
z   1  3.34841246835287765E-001  1.68832640276220136E-001
z   2 -4.10348424737652651E-001 -4.34330519040268703E-001
z   3  1.12714844615092555E-001  1.48868112458401203E-001
z   4 -1.35528824706503074E-002 -1.07291995792592201E-001
z   5  1.61273603886628814E-001  1.33136401073088467E-001
z   6  5.75713579969659092E-002  3.90643535844602263E-002
z   7 -5.16108853270016918E-002 -3.97063435753958263E-002
z   8  8.90190384390232743E-003 -3.35566574337988685E-002
z   9  4.73915496477211318E-002 -2.56098255880395712E-002
z  10  1.62497039910650370E-001 -2.40771055334193629E-001
z  11 -2.40387853972453852E-001 -4.30254390390193253E-001
z  12 -3.98334609134872730E-001  1.27047501138905755E-001
z  13  2.43064408297030202E-002  4.43708036054781194E-002
z  14 -1.02914514312416258E-001  8.72971861123387205E-002
z  15 -6.53215274329535522E-002 -4.74458845022253037E-003
z  16 -3.20594606332078105E-002 -9.69726898040812468E-003
z  17 -5.12976345352084001E-002 -5.32585752241781629E-003
z  18 -2.34747659426796191E-003  1.32988370094824972E-002
z  19 -1.87464528591918603E-002 -1.56945929366310785E-002
z  20 -1.52877416940817405E-002  1.13787009044451579E-002
