ndof   20
nconf    2
nbasisfns   10
initial_PES    1
time  1.00000000000000000E+001
 
zinit   1  1.16046979133424308E-001 -4.23285044673318289E-001
zinit   2  8.12542916294744927E-002  3.82456823255649281E-001
zinit   3  6.62083158494220295E-003 -3.39432429289555804E-001
zinit   4  1.00841740501584926E-001 -1.35495316200610512E-002
zinit   5  3.18427083784330392E-002  6.11079216070460618E-002
zinit   6  4.56919029751160291E-002  2.27217387761696928E-002
zinit   7 -5.90549734416292507E-002 -9.87638366061610457E-002
zinit   8 -1.22332848594245650E-002 -3.42185396826534399E-002
zinit   9  3.13606619208738188E-003  3.22135067907585865E-002
zinit  10  1.88458735558671500E-002 -2.11719302297669332E-002
zinit  11 -1.16260878421681736E-004  9.34050695774692706E-003
zinit  12 -3.86846979268722210E-003 -3.03244253094477837E-003
zinit  13 -1.19559982925026708E-003 -4.27590816906362370E-004
zinit  14  2.26281968974045828E-004  3.38206801398006950E-004
zinit  15  1.20813556785381523E-004 -8.48412340598967725E-005
zinit  16 -6.83022482506878670E-005  4.53770397744944647E-005
zinit  17  9.53559536792283355E-006  3.69865753000430901E-006
zinit  18  1.23561407825073034E-007  1.24944393283984160E-007
zinit  19 -1.28805175069321273E-008  7.65975139804761612E-009
zinit  20 -3.66958554976248683E-014  1.60087326852051259E-015
 
basis     1
D  3.53751323906120629E-001 -2.90363587275731361E-001
a   1 -1.50723361872646233E-001 -6.10770419296222777E-001
a   2  5.19673814154036795E-001  5.78083981771703392E-001
d   1  6.23400759831425955E-001 -8.44365415153721793E-002
d   2 -6.76603281544838397E-001  3.82687813369053775E-001
s   1 -2.78138265897305075E+002
s   2 -2.78248447170214604E+002
z   1 -3.69042567262957755E-001 -2.36478391566482982E-001
z   2  1.13514101660665598E-001 -3.46607693861572641E-001
z   3  2.62016019905210451E-001  2.42145442044413989E-001
z   4  9.31955784759399275E-002  5.99808609242303697E-002
z   5  4.95989035192963626E-002  2.04306884758299438E-002
z   6 -6.35147266540782296E-002  2.62501600094407466E-003
z   7  1.35527134919866205E-001  3.75275546336665475E-002
z   8  4.47094984028775615E-003 -4.89849150957662183E-002
z   9 -1.21065012375030784E-001  3.42169634681720874E-002
z  10  5.87778906961327965E-002  3.29475706341363417E-001
z  11  4.27101964596859840E-001  3.27676760951310028E-002
z  12  6.42571408724425600E-003 -2.93553653298837314E-001
z  13 -2.09813117362276985E-003  7.85954953256942646E-002
z  14 -1.00880811958916597E-003 -7.95666411813307634E-002
z  15  5.77184278648920288E-002 -1.29101059986369646E-002
z  16  3.91170160775243872E-002  3.45195980485211024E-002
z  17  4.27319960178817598E-002  7.79526241300516898E-004
z  18 -2.63258090895649860E-002 -1.54970263234286889E-002
z  19  3.98557537281688593E-002  4.04264980193297461E-003
z  20 -1.54895824565018363E-002 -7.46905134951621804E-003
 
basis     2
D -8.84343570671357493E-001  4.09510186124657449E-001
a   1 -4.66960101163592656E-001  6.49436074976802002E-001
a   2  5.11660647877822394E-001 -3.13662923937840288E-001
d   1 -5.61083882721525984E-001 -5.70091070014365320E-001
d   2  2.60097616187813574E-001  5.40860683072272419E-001
s   1 -2.78200930570558171E+002
s   2 -2.78132646848912714E+002
z   1 -3.77439860419300166E-001 -2.36930852932327268E-001
z   2  1.31335024620324509E-001 -3.85463491150795534E-001
z   3  2.55102161981486109E-001  2.04662465085317186E-001
z   4  6.44497885761001754E-002  5.08379480604146464E-002
z   5  7.97496299750860144E-002  2.79589480350167750E-002
z   6  1.07487304242030769E-002 -4.99504160389273241E-002
z   7  1.39017840149957966E-001 -7.10129168296662755E-002
z   8 -2.21988604212534323E-002 -3.14564185546428593E-002
z   9  1.45116921615957628E-001  8.36662627929663470E-003
z  10  1.36159186834548668E-001 -2.72670999388826274E-001
z  11 -3.45490730203175223E-001 -1.93717076039241626E-001
z  12 -1.29603395921426834E-001  2.56013976044997704E-001
z  13  1.80361152435133260E-002 -6.18920092356491369E-002
z  14 -1.23563443412247360E-002  9.34867012940934772E-002
z  15 -7.74065580033415079E-002  5.75616913390307895E-003
z  16 -3.36495309296356362E-002 -4.03106306631338326E-002
z  17 -5.60794945709456871E-002 -1.23783194440781324E-002
z  18  2.02427237818352430E-002  1.36535031168187430E-002
z  19 -5.04586422710349772E-002 -8.96027602665443179E-003
z  20  1.67524539502329553E-002  1.91833998830669844E-002
 
basis     3
D -5.33207017261972283E-001  3.33804986814107751E-001
a   1 -4.89399240755108378E-001  1.71472350205376434E-001
a   2  7.49850521599609521E-001 -4.10864711943077277E-001
d   1 -1.19752897813846543E-001 -5.04552898318717635E-001
d   2  2.87494989779308985E-001  8.05252908790194510E-001
s   1 -2.78134924366885457E+002
s   2 -2.78189282568079818E+002
z   1 -3.64347605922845208E-001 -2.21896485981231212E-001
z   2  1.19513832728709010E-001 -3.64335047632993347E-001
z   3  2.49948687239887390E-001  2.29019217543707992E-001
z   4  9.30492396135492589E-002  8.50047413928798207E-002
z   5  6.11917277762575040E-002  1.92131666093484192E-002
z   6 -3.77785731698281751E-002 -4.90799513447183339E-002
z   7  1.01611312566137965E-001  8.16317276997846099E-003
z   8  2.66827024726267251E-002 -2.46623185417449570E-002
z   9 -5.15270101552427959E-002 -1.01498418510155314E-001
z  10 -1.97453084193465800E-001  2.06508395449922472E-001
z  11  2.44665270416112052E-001  3.12833628154637944E-001
z  12  1.93938606778441186E-001 -1.86838397150663638E-001
z  13 -3.84705360680948072E-002  7.74251679555338218E-002
z  14  5.08421794591734089E-002 -9.22417236482407504E-002
z  15  7.73491968863088547E-002  2.83503432713982685E-002
z  16  3.06515032901250699E-002  3.72967349209072999E-002
z  17  4.64816063581434263E-002  3.08072377637911322E-002
z  18 -5.52237122856685542E-003 -1.84101344240866112E-002
z  19  5.27676318701834415E-002  1.32265325060395948E-002
z  20 -9.69624877107272930E-003 -1.44150371887934448E-002
 
basis     4
D -9.60985853619515523E-002 -7.03883176015082990E-001
a   1 -4.64542973499358858E-001  2.67471277857510237E-001
a   2  8.20596212721206975E-001  1.98193836839702653E-001
d   1 -1.59338070674259535E-001 -5.11812893487610499E-001
d   2 -3.50440937032396593E-001  7.68016986104791077E-001
s   1 -2.78251554474374814E+002
s   2 -2.78222039204221574E+002
z   1 -3.52553482395172646E-001 -2.40598733257678915E-001
z   2  1.36025014580061526E-001 -3.91400784640084876E-001
z   3  2.53202421554385548E-001  1.98072452639029034E-001
z   4  7.03842605216704886E-002  5.11427024633140381E-002
z   5  7.17182064390600588E-002  1.23066481377972301E-002
z   6 -8.00876139561111991E-003 -9.29057861681122643E-002
z   7  8.04282685284697096E-002 -8.60476867852341398E-002
z   8 -3.55346435087711271E-002 -2.62474419847810829E-002
z   9  6.55702957645993428E-002 -1.38350350251443460E-001
z  10 -2.32684334489578065E-001 -2.06262658794312548E-001
z  11 -3.86251948283898638E-001  2.75786694425917855E-001
z  12  1.96414120470585152E-001  3.20768642963144002E-001
z  13  2.78570513217959621E-002 -5.54983441489650189E-002
z  14  7.38651236845582343E-002  7.59279239125279365E-002
z  15 -8.18560792877766862E-003  3.83071527792968394E-002
z  16  1.71964780895070279E-003  1.18314760367968855E-003
z  17 -5.17074849270091931E-003  8.94219595604171975E-003
z  18  3.68524831203429423E-002  1.33238443301903105E-002
z  19 -6.32060046046804911E-003  6.10484231049466999E-003
z  20  1.53787783438066577E-002  6.47089633593629383E-003
 
basis     5
D -2.42906990679540080E-001  8.75563015731241401E-001
a   1  3.18344598087782593E-001 -8.05738208027435454E-001
a   2 -2.16146657979311096E-001  4.50248019692950419E-001
d   1  7.52069532813113173E-001  4.30056694891732039E-001
d   2 -4.00964033777640283E-001 -2.97775923489143224E-001
s   1 -2.78174126937177562E+002
s   2 -2.78222160495867286E+002
z   1 -3.80615132486146257E-001 -2.27975467217722577E-001
z   2  1.20691853403380928E-001 -3.50337680342885260E-001
z   3  2.72929710518611979E-001  2.24655067907642753E-001
z   4  9.08987588597188756E-002  5.13187517209982014E-002
z   5  3.81029867802813171E-002  1.04321959250709157E-002
z   6 -2.02812016358813879E-002 -1.30776517023967441E-002
z   7  1.72356597997508632E-001 -2.96460972555787766E-002
z   8 -2.65276190841043751E-002 -4.70804086898705329E-002
z   9  7.53482717007196851E-002  7.64471710919580466E-002
z  10  3.08803857571496809E-001 -1.05928111574563208E-001
z  11 -1.12452832190974114E-001 -4.45337354102347149E-001
z  12 -2.95222454499946330E-001  1.14531476464486512E-001
z  13  5.76406594447424203E-002 -3.07298015681782208E-002
z  14 -7.13771708639906605E-002  7.63247597649272108E-002
z  15 -6.96993075700228920E-002 -3.21150112777642410E-002
z  16 -3.14415561779441272E-002 -4.48683311422736417E-002
z  17 -4.47231213773723948E-002 -2.97087794696168639E-002
z  18  2.63571469920775370E-003  2.39415247762671708E-002
z  19 -2.12651565032902605E-002 -1.12490628632183551E-002
z  20 -1.01503872292743932E-002  1.02916634591019122E-002
 
basis     6
D -1.10834122855947670E+000 -7.63194521936050640E-001
a   1  5.19504506449032011E-001 -4.93217175273337693E-001
a   2 -6.88958314949367212E-001  1.10400752065539842E-001
d   1  3.59600903667115113E-001  6.19544432859546301E-001
d   2 -2.48879997526657779E-002 -6.97303716656393235E-001
s   1 -2.78264492762088537E+002
s   2 -2.78154165417446279E+002
z   1 -3.62154245171184330E-001 -2.34307767589795046E-001
z   2  1.25061370161391211E-001 -3.96625001912375486E-001
z   3  2.39261130332687671E-001  1.97437652436881494E-001
z   4  6.56165211753376304E-002  4.57414169712942950E-002
z   5  9.04896815729083343E-002  5.06379209408800227E-003
z   6 -5.51745034142546963E-003 -8.00190909189121419E-002
z   7  1.00289883874005767E-001 -7.85590202777034924E-002
z   8 -2.09979508418822770E-002 -2.37144935108506219E-002
z   9  1.55802020401844099E-001 -1.01304141393193062E-001
z  10 -7.73641200697119391E-002 -3.07577567902339866E-001
z  11 -4.29279090624008763E-001  2.57175414200945182E-002
z  12  2.56308848430892647E-002  3.06567354666637260E-001
z  13  1.30406926748791591E-002 -7.79806580594163273E-002
z  14  1.95133876694191279E-002  1.00893304185014437E-001
z  15 -6.13468623512605019E-002  2.29562248172147133E-002
z  16 -3.72143961849836780E-002 -1.04548235874419478E-002
z  17 -4.05827898909954868E-002 -5.90347921449799369E-003
z  18  2.27938503695446909E-002  1.83058551613056071E-002
z  19 -2.94376319525523518E-002  9.21430824146517380E-005
z  20  1.30874668607842935E-002  8.84170478528027715E-003
 
basis     7
D  5.83695791565261857E-001 -1.03031399540116780E-001
a   1 -5.05497606146507628E-001 -7.09882664214757542E-001
a   2  4.83445541706987725E-001 -8.25783351193790510E-002
d   1  8.08584645800555890E-001 -3.25041685554455284E-001
d   2  1.02099674039085302E-002  4.90341238111850430E-001
s   1 -2.78267521959161741E+002
s   2 -2.78179309997932990E+002
z   1 -3.70076212468188503E-001 -2.26601445439087501E-001
z   2  1.13652260283819542E-001 -3.54311246936591218E-001
z   3  2.74220953705081705E-001  2.44221853722122795E-001
z   4  9.36376204105756754E-002  9.39930794720494761E-002
z   5  6.32321818773731864E-002  2.69518509366195626E-002
z   6 -2.88764940948472715E-002  9.86731831662737181E-003
z   7  1.53297575039878231E-001  3.76523416895518104E-002
z   8  2.80642028285150065E-002 -7.15661755354593532E-003
z   9  1.87341276709417082E-002  8.52694182935055389E-002
z  10  2.27753921651480978E-001  2.32798158479173040E-001
z  11  4.21135938593602321E-001 -1.74787899025761057E-001
z  12 -8.48984115597707645E-002 -3.74282024768928301E-001
z  13 -8.51719696921087316E-002  1.37559209466526916E-002
z  14 -5.54596961143113687E-002 -8.97056763053936390E-002
z  15  2.01358159305132416E-003 -3.03247605122305003E-002
z  16 -6.45573426097109399E-003  8.95371094798749767E-003
z  17 -9.54051277136867088E-004 -1.12092074767452671E-002
z  18 -4.66253467630170920E-002 -9.08951021484465452E-003
z  19  6.15205725555164045E-003  7.21263989907420904E-003
z  20 -2.48654582682338587E-002 -2.08289947363359115E-003
 
basis     8
D -8.31834778999597346E-001  2.43628965594091806E-001
a   1  2.58365591141980905E-002 -7.42183749714471985E-001
a   2  2.87633006335321406E-001  6.04783438545844043E-001
d   1  7.34840796018589648E-001  1.07299816560239708E-001
d   2 -6.54766160249909523E-001  1.40630826152801841E-001
s   1 -2.78141145447070926E+002
s   2 -2.78263318828415549E+002
z   1 -3.80398706828937727E-001 -2.27067500825192697E-001
z   2  1.09531425777358429E-001 -3.51082219506080373E-001
z   3  2.68643607542180196E-001  2.46175912496584048E-001
z   4  1.01279688767589943E-001  5.45144349035297376E-002
z   5  4.68458886309197006E-002  1.25829359034635296E-002
z   6 -5.68619330607681231E-002  1.01667918522276839E-002
z   7  1.80596750361621122E-001  4.30295003056768988E-002
z   8 -1.55811006915187750E-002 -6.38143472095227260E-002
z   9 -7.20532435243389363E-002  9.65411311814301648E-002
z  10  2.37724437854488879E-001  2.74436254801914026E-001
z  11  3.44732155447825928E-001 -2.26499752274665705E-001
z  12 -1.72410140514615340E-001 -2.12935366425176575E-001
z  13  2.74581710306973821E-002  5.78877331980839072E-002
z  14 -5.15466749273571501E-002 -5.15649915082310797E-002
z  15  2.16986230994997698E-002 -4.33944777283120711E-002
z  16  2.10985823990949978E-002 -1.26004186820330571E-002
z  17  1.27472726849482340E-002 -2.26540972166850048E-002
z  18 -8.60770974709556061E-003  1.77930024562083129E-002
z  19  5.94692169813664309E-003 -3.94520531507071281E-003
z  20 -1.14832207042521381E-002 -3.39996862262881457E-003
 
basis     9
D -1.88413772225317661E-001  1.70033881274683080E-001
a   1  3.89567590612100112E-001 -6.79370228736664861E-001
a   2 -6.21649226443221292E-001  1.56660114096053016E-002
d   1  5.91218083893548463E-001  5.13583481652463480E-001
d   2  1.07556177288149299E-001 -6.12474369568312249E-001
s   1 -2.78225543642663411E+002
s   2 -2.78229982006613682E+002
z   1 -3.70231386206718416E-001 -2.55963967046509477E-001
z   2  1.19036710791199291E-001 -3.97691316651586635E-001
z   3  2.59365685489966968E-001  1.87852294807315107E-001
z   4  9.09249488148037438E-002  2.69578922586349856E-002
z   5  7.01607363792037947E-002 -2.29514903939419387E-003
z   6 -5.62478642146828356E-003 -7.43031910262321738E-002
z   7  1.22062307943599180E-001 -9.72437848908723618E-002
z   8 -2.34281645626957802E-002 -8.69708691252734645E-002
z   9  8.82561111312887142E-002 -9.38142481749136004E-002
z  10  3.09675629312606907E-002 -2.99127456354046473E-001
z  11 -4.47611618250243870E-001 -1.90299793032149889E-001
z  12 -1.92087995406182599E-001  3.43361164325173163E-001
z  13  5.07791758728765308E-002  8.51125395206827479E-003
z  14 -8.53412261427370644E-003  1.08896179091791057E-001
z  15 -5.92554399770621951E-002  1.79917347556582982E-003
z  16 -3.02215048049257265E-002 -2.50055449282680815E-002
z  17 -3.88477045998203013E-002 -3.07038635694503780E-003
z  18  1.97737070979924871E-002  1.49877013928931217E-002
z  19 -2.52580582084942565E-002 -4.48511427598831391E-003
z  20  1.45028096505088952E-002  1.58465995611060013E-002
 
basis    10
D  3.97253637998209452E-001  4.72146602337135401E-001
a   1 -1.11881946157307927E-001  9.40340683564197755E-001
a   2  1.31020348972289841E-002 -3.21045426130964096E-001
d   1 -8.97678121279694929E-001 -3.01549600592815770E-001
d   2  3.10607884497287379E-001  8.22470123845255308E-002
s   1 -2.78236604649048957E+002
s   2 -2.78249014905562944E+002
z   1 -3.86997188150430993E-001 -2.40267931457824074E-001
z   2  1.13389368580543812E-001 -3.56746237300922087E-001
z   3  2.72150531555370778E-001  2.32979461108551639E-001
z   4  1.00501749031907034E-001  4.69662612999861007E-002
z   5  6.53434461900856828E-002  1.59815726631557901E-002
z   6 -2.91309969468600514E-002 -7.04836031671275437E-004
z   7  1.76727140345546790E-001 -8.30677965720189558E-003
z   8  8.26753477259408939E-003 -7.32646515755174255E-002
z   9  6.77753949010368867E-002  5.58134754595693908E-002
z  10  3.47248465037116705E-001 -3.33738277004447040E-002
z  11  4.38898602520268258E-002 -4.80562626356726752E-001
z  12 -3.83605030892815835E-001 -6.87687447738948993E-002
z  13  7.10032600661599867E-004  5.00322479034523773E-002
z  14 -1.12527387006669338E-001  1.11547039890649187E-002
z  15 -5.05692101350623188E-002 -4.89240852247571079E-002
z  16 -8.46868036150402390E-003 -3.28848972737983206E-002
z  17 -3.14213856220272661E-002 -2.75152122956116921E-002
z  18 -2.55429013264920381E-002 -3.42571385933338086E-003
z  19 -3.06163565110350935E-002 -7.45057910383099820E-003
z  20 -1.77814675289158265E-002 -8.59665985429786811E-003
