ndof   20
nconf    2
nbasisfns   10
initial_PES    1
time  1.00000000000000000E+001
 
zinit   1 -5.51088923961669863E-001  8.86558185058411330E-001
zinit   2 -1.47687905718777379E-001 -6.66775124312446343E-001
zinit   3  1.55505092352252072E-001  4.18431332539674281E-002
zinit   4  1.83705185058105402E-001 -1.77703017242811512E-001
zinit   5  5.15210812826259398E-002 -1.62753266924585693E-001
zinit   6 -2.21067302254520148E-001  1.06470014558244040E-002
zinit   7  1.78272685404874849E-002  5.80890812113467239E-003
zinit   8  3.54882413147772566E-002  2.57958145767901853E-002
zinit   9 -2.06505982957313726E-002  1.50212736885568313E-002
zinit  10 -5.93746763004396501E-003 -1.76797943481688349E-003
zinit  11  7.82347953295986324E-003 -3.92016071285216511E-003
zinit  12 -1.28557577275844356E-003  4.71168567759486755E-003
zinit  13  7.70451863183621490E-004  7.58016654205375989E-004
zinit  14 -3.99364560748963627E-004 -1.17664105284534483E-003
zinit  15 -1.36748115394856471E-004 -3.35935494103796670E-005
zinit  16 -2.35615657496842121E-005  8.48831628218700888E-006
zinit  17 -5.43287604647188019E-006  4.85639554538273018E-006
zinit  18 -2.51905477830892511E-007  2.41833953641313825E-007
zinit  19  6.64061634868642296E-010  1.85389721195012437E-008
zinit  20 -5.47691687424020983E-015 -3.62947269690427474E-014
 
basis     1
D -9.56228501428318389E-001  5.00227197342359431E-001
a   1  5.24235861548739690E-001 -1.51645320713221704E-001
a   2 -8.37461563060108993E-001 -2.89583937557759685E-002
d   1  2.87510454424044659E-001  4.63850493612806836E-001
d   2  4.62773224718560527E-001 -6.98585285169663561E-001
s   1 -2.77757657041790139E+002
s   2 -2.78581457955985229E+002
z   1  7.06191500825471552E-001  7.79598805666584682E-001
z   2 -2.09443849771533575E-001  6.37986694212366423E-001
z   3 -1.49538584321168483E-001  7.66121784021452645E-002
z   4  2.27397180625492218E-001  1.47835023324558827E-002
z   5 -5.60167417793436748E-002 -1.39651524538799782E-001
z   6  2.07944441548887610E-001  5.87547262961607489E-002
z   7 -7.02525816831507388E-002 -4.88437405099688684E-005
z   8  3.61934987283828793E-002  6.97621990022766619E-002
z   9  6.07607900180305929E-002 -1.22248361409456358E-001
z  10 -2.92523137862086446E-001 -1.00520126734931145E-001
z  11 -1.31954974327292890E-001  3.57151275744434782E-001
z  12  2.57799730859506027E-001  4.00795174747373625E-002
z  13 -4.42768485405704917E-002 -8.60061552043367081E-003
z  14  8.79973172185204849E-002 -7.74592851318434313E-003
z  15  2.68362369322932212E-002  4.32257795941604628E-002
z  16  2.70699205289073050E-003  4.25071167635254141E-002
z  17  1.68988910968647862E-002  2.73491647938924956E-002
z  18  3.38406770342053334E-003 -5.12955742830328420E-003
z  19  2.18064648531302134E-002  1.34312297553503789E-002
z  20  3.03123391606791720E-003 -1.24968466870057021E-003
 
basis     2
D  2.58579767838218177E-001 -1.59481976182976148E+000
a   1  3.90385452780157183E-001 -6.26518302197939692E-001
a   2 -3.76922020034177074E-001  5.59467430760700934E-001
d   1  7.35453524630271027E-001  6.35145482568248709E-002
d   2 -2.82011824281578449E-001 -6.12815915454225424E-001
s   1 -2.77559863121857120E+002
s   2 -2.78577583656348338E+002
z   1  6.69950185881628024E-001  7.69313427574246589E-001
z   2 -2.22794297263690266E-001  6.48414326150034470E-001
z   3 -1.40146781749354493E-001  1.02867175626120341E-001
z   4  2.57836229883590784E-001 -9.52790056060303986E-004
z   5 -1.05178478670274037E-001 -1.29220459310666974E-001
z   6  2.09273073709769580E-001  1.24940929633388709E-001
z   7  5.72121724325570444E-003  4.58440717678530122E-003
z   8  1.06996122984109997E-002  2.84857523219866314E-002
z   9  6.15263587212622615E-002  9.26564578588371796E-002
z  10  1.52217039327458586E-001 -7.45240570824117488E-002
z  11 -9.20910588937057795E-002 -1.93073858075073240E-001
z  12 -1.03569355181396094E-001  1.00095742671485050E-001
z  13  4.71487753820541630E-002 -4.91689199357825540E-002
z  14 -1.26250651765174148E-002  5.19935806084485322E-002
z  15 -4.08558141982718337E-002 -1.50618881977870479E-002
z  16 -1.72002740654543275E-002 -4.86462857473931309E-002
z  17 -2.81373598890828601E-002 -1.46046462709938756E-002
z  18  3.21632865753816166E-002  1.99028849270811228E-002
z  19 -1.66983199942545256E-002 -7.56098845511576131E-003
z  20  9.69288389622307775E-003  1.70792301492627106E-002
 
basis     3
D  3.31625334281390460E-001 -4.78757807390510493E-002
a   1 -4.34893475510856775E-001  2.27508329840583001E-001
a   2  8.39644318751581742E-001  2.32604907083677870E-001
d   1 -3.08685514287631468E-001 -3.81583055779137204E-001
d   2 -6.53042566568695304E-001  5.76752140057221974E-001
s   1 -2.77832753628938462E+002
s   2 -2.78608053143272002E+002
z   1  6.97846759308776043E-001  7.82229389395519115E-001
z   2 -2.06053292332926824E-001  6.24528476792059584E-001
z   3 -1.45700427105208724E-001  7.22509133712196244E-002
z   4  2.14280591066762782E-001 -8.73756572385477569E-003
z   5 -8.21273382437673616E-002 -1.56635791441482930E-001
z   6  1.97871117146240838E-001  6.78684026461660317E-002
z   7 -6.18874821152855942E-002 -3.44684717464833132E-002
z   8  1.66718125714170051E-002  3.74529783439077821E-002
z   9  5.76157335824263317E-002 -1.18739715554742067E-001
z  10 -2.76127427565271144E-001 -2.11520062077627274E-001
z  11 -3.34482108334162476E-001  3.14251622073216663E-001
z  12  2.20709650956023351E-001  2.75547666787943735E-001
z  13  2.87721578928468655E-002 -4.72254821582581558E-002
z  14  7.76004680951020848E-002  5.00696825386091407E-002
z  15 -8.52323748478809283E-003  3.54105670641861187E-002
z  16 -3.56709304569453314E-003  1.20928159958309084E-003
z  17 -9.78899606667362615E-003  1.28661051265568371E-002
z  18  5.23953892047553382E-002 -4.67921137980457230E-003
z  19  5.94827940709665142E-003  2.33329854145162543E-003
z  20  2.71102510110779599E-002  8.72803643278813844E-003
 
basis     4
D  1.45359050264612016E-001  1.18153192836260956E+000
a   1  2.92676277631629345E-001 -8.60938296421766225E-001
a   2 -3.25462704976133499E-001  2.59229384784346262E-001
d   1  9.04035682036606003E-001  9.79471252182940594E-002
d   2 -2.24047260914833866E-002 -4.15480293774347365E-001
s   1 -2.77811179180710837E+002
s   2 -2.78649677167379707E+002
z   1  6.80526099361465686E-001  7.80659892047264603E-001
z   2 -2.06805896822259194E-001  6.54626663642287387E-001
z   3 -1.23444243021512481E-001  8.36396776103985606E-002
z   4  2.65288508898536168E-001 -3.41719332838350057E-002
z   5 -9.47318663445567283E-002 -1.58666961183594440E-001
z   6  2.00681765785525074E-001  1.25268136657509688E-001
z   7  4.61656768787967256E-002 -8.64572140656747097E-003
z   8  4.02795724043674072E-002 -3.41332770726491541E-002
z   9  1.03719486207745071E-001  3.08518207292923057E-002
z  10  2.38942354917131228E-001 -2.33096243150787391E-001
z  11 -2.35100751423151594E-001 -4.51009169699952750E-001
z  12 -3.64485998446465731E-001  1.56807856878646151E-001
z  13  3.59503206296094766E-002  2.79902106851469927E-002
z  14 -7.69235005653141762E-002  8.21276411667014455E-002
z  15 -7.18842144782496778E-002 -2.87710676412594978E-002
z  16 -3.11911981022944228E-002 -3.30245071342926341E-002
z  17 -4.02375634208346072E-002 -1.19140230421841270E-002
z  18 -5.16468379883614631E-003  2.52591401685146981E-002
z  19 -2.86284227092307858E-002 -6.95440264727074497E-003
z  20 -1.84609347110207427E-003  1.86158498974290446E-002
 
basis     5
D -1.20309500746372677E+000  9.40643422081877234E-001
a   1  3.42665718382675566E-001 -7.48141093856611761E-001
a   2 -2.94338935859789541E-001  4.86034669509520179E-001
d   1  8.19122756111575701E-001  7.85671769370566431E-002
d   2 -2.21577722126957311E-001 -5.23228843036515623E-001
s   1 -2.77697067889037100E+002
s   2 -2.78656640962664483E+002
z   1  6.77098845863820742E-001  7.74035925655297885E-001
z   2 -2.31096519705570352E-001  6.60617753634775484E-001
z   3 -1.12397941541277260E-001  1.05387326527876579E-001
z   4  2.56222618600965901E-001 -2.04879886873226801E-002
z   5 -1.00350968811544955E-001 -1.30251894517946193E-001
z   6  2.16576120639013825E-001  1.41798378553058796E-001
z   7  2.95749311488466282E-002  6.34708683502784856E-004
z   8  2.05417149955110408E-002  6.40045478435563326E-003
z   9  9.60060144720903674E-002  1.20415079683638085E-001
z  10  2.69781939256442893E-001 -1.23556443040331518E-001
z  11 -1.41331677294269958E-001 -3.88038311274145786E-001
z  12 -2.48048070938566650E-001  1.31832708631396817E-001
z  13  6.78606311929877692E-002 -4.84684609477929323E-002
z  14 -5.50512124713584614E-002  7.99500829142086172E-002
z  15 -7.52676293174185523E-002 -2.98631390876982934E-002
z  16 -1.31161802029272304E-002 -5.05022957297019751E-002
z  17 -5.10953646205160802E-002 -3.18067069300760411E-002
z  18  1.01304175559871531E-002  9.74040513879802748E-003
z  19 -2.85404661091000246E-002 -1.58808791467238974E-002
z  20  3.32776337566086187E-003  9.93355867620506795E-003
 
basis     6
D  3.41289331578894684E-001  1.27215310623899813E+000
a   1 -1.62549383062839392E-001  9.18756667737739008E-001
a   2  3.57357971697369159E-001 -4.19423845009463114E-002
d   1 -9.30030629613148196E-001  7.46936706022337665E-002
d   2 -1.55568064913031157E-001  3.24441767860578989E-001
s   1 -2.77775697604911443E+002
s   2 -2.78594892419272753E+002
z   1  6.73980110315813175E-001  7.79105232670541992E-001
z   2 -2.05449846145022458E-001  6.61444084498373330E-001
z   3 -1.07978293526028224E-001  8.23359237936013427E-002
z   4  2.69221049586324535E-001 -3.97906823806710788E-002
z   5 -1.07792328076166094E-001 -1.86827151419565934E-001
z   6  2.13387489708918909E-001  1.12158155219874434E-001
z   7  4.09974653410856704E-002 -2.35589873571643640E-002
z   8  5.16025234947225034E-002 -5.37598422935298761E-002
z   9  6.29158966487516763E-002 -2.17694202407802545E-002
z  10  1.69471783437315060E-001 -2.30126595729255368E-001
z  11 -2.17011566873088757E-001 -4.10066908602812641E-001
z  12 -3.93759464892361688E-001  9.19566842076827429E-002
z  13 -1.48380982840116814E-002  7.43259533461318456E-002
z  14 -9.55578980022841196E-002  5.50226825357753788E-002
z  15 -5.48239348526114167E-002 -1.16317470875144761E-003
z  16 -2.24659645208919942E-002 -1.81980918691601913E-002
z  17 -5.74279775190589745E-002 -6.15326953090131277E-003
z  18 -1.96331113186038221E-002  1.76930738483356553E-002
z  19 -2.18751242635593923E-002 -3.02720029576037883E-004
z  20 -1.06504668878172112E-002  5.53017852086519403E-003
 
basis     7
D -9.37091348735868523E-001 -6.59511224710815219E-002
a   1 -5.20595550390243522E-001  1.62017950456590981E-001
a   2  8.29347454158966824E-001 -1.22119846559458789E-001
d   1 -3.25654517209868710E-001 -4.37285580344335401E-001
d   2 -3.35898590015883181E-001  7.68051166179055445E-001
s   1 -2.77692552860282262E+002
s   2 -2.78589422523887833E+002
z   1  6.94262486000087664E-001  7.75105685703098901E-001
z   2 -2.12231597004597788E-001  6.35927114797466553E-001
z   3 -1.68595219209564579E-001  8.55218933405070963E-002
z   4  2.40453930863318927E-001  1.52937107774094218E-002
z   5 -6.88707214015004399E-002 -1.43315067976412330E-001
z   6  1.79628055488054605E-001  8.52838398893341898E-002
z   7 -7.07487941249075603E-002  2.01707220915143641E-002
z   8  5.23491066181711873E-002  5.15325366735338714E-002
z   9  2.34329342704054054E-002 -9.87042941970019821E-002
z  10 -2.67112812950369483E-001 -1.04868126756545582E-002
z  11  2.57762519820700685E-003  3.57700963345810141E-001
z  12  2.24890298723898430E-001 -4.35947327360200892E-002
z  13 -4.84966461032925178E-002  2.43108101054188251E-002
z  14  6.11372133963660885E-002 -4.55788868068796038E-002
z  15  4.70694159224455261E-002  3.86788818943428828E-002
z  16  3.34285753690852921E-002  4.31278355283486250E-002
z  17  3.14504924092179131E-002  2.72975265795548233E-002
z  18  6.01110538224660989E-004 -1.46545188027621277E-002
z  19  3.08855179690532625E-002  1.92429262848558755E-002
z  20  3.47785393698609542E-003 -1.33738727121512392E-002
 
basis     8
D -6.19691048925735122E-001 -5.60901904247500971E-001
a   1 -2.90658012879931149E-001  5.83623441220149308E-001
a   2  2.85512762663071240E-001 -7.02413027188063976E-001
d   1 -6.48624816726240283E-001  6.62136596165057156E-002
d   2  4.14437009510660759E-001  6.34935873576898846E-001
s   1 -2.77467154183473667E+002
s   2 -2.78637384276926127E+002
z   1  6.75010373454301038E-001  7.75199266407397225E-001
z   2 -2.20646856775079309E-001  6.65515055818923007E-001
z   3 -1.37013147835761018E-001  1.12933528597082611E-001
z   4  2.66669911212996713E-001  1.57692106079608298E-002
z   5 -9.08584239204059396E-002 -1.50453030023046636E-001
z   6  1.71596483013790546E-001  1.26523707020125942E-001
z   7  9.84495593656740595E-003  4.88742971670654489E-002
z   8  4.48088791494214086E-002  9.13343544072808475E-003
z   9 -1.18624313330320669E-002  3.70652963351999140E-002
z  10  3.89858507920351066E-002  1.07576971429887300E-001
z  11  1.14065094478936951E-001 -3.10572345848401446E-002
z  12 -1.55703241836619728E-002 -5.53283863306548024E-002
z  13  3.70287915029870740E-002  2.15666517688886637E-002
z  14 -1.27128184513831607E-002 -7.90359962786151699E-003
z  15  2.37448250472988044E-002  4.77071283183025212E-003
z  16  1.69197478209556322E-002  3.04927262416452519E-003
z  17  1.80166887548789366E-002  2.21382871567968971E-003
z  18  4.15361021391316351E-003 -7.14854593069329681E-003
z  19  4.31797611256382139E-003 -2.17381256006784606E-003
z  20  1.97856774329231537E-004 -9.49837200989515039E-003
 
basis     9
D  2.23089050405164330E-001  6.41428039080023660E-001
a   1 -1.60780387793992285E-001  8.74935445741409357E-001
a   2  1.01158338122627478E-002 -4.56656657229874918E-001
d   1 -8.87990389968881799E-001  5.32487993932130102E-002
d   2  3.48815445129228130E-001  2.94898996141694680E-001
s   1 -2.77789321027472624E+002
s   2 -2.78710636395611800E+002
z   1  6.66476293830642441E-001  7.76492984032964295E-001
z   2 -2.15590242075269611E-001  6.67736135239797246E-001
z   3 -1.13111690422631320E-001  1.14265128432400137E-001
z   4  2.73578318991700098E-001 -1.32184550651403849E-002
z   5 -1.08738978992960644E-001 -1.40156121769874187E-001
z   6  1.92517196870097718E-001  1.64081085893687140E-001
z   7  6.13664720981530118E-002  3.74464906860560443E-002
z   8  4.97953551493574495E-002 -1.05728970045955439E-002
z   9  5.37623624443629225E-002  1.35602772263562266E-001
z  10  3.40227996681335354E-001  3.11643264727485885E-003
z  11  7.70345731905956593E-002 -4.81736804176638111E-001
z  12 -3.56415933838186150E-001 -5.52672446585723495E-002
z  13  2.55973986383477188E-002  2.20192515469110617E-002
z  14 -1.00936846103780301E-001  8.64179429410957822E-003
z  15 -4.42553005059655308E-002 -3.64036926625721374E-002
z  16 -2.17571524128264346E-002 -8.40973717285007499E-003
z  17 -1.83667622388171206E-002 -2.57300624348195672E-002
z  18 -4.91856210890791526E-003  8.89866609882266311E-003
z  19 -2.00748313424888546E-002 -1.14861708560111304E-002
z  20 -9.65772787615549674E-003  1.35368532284569770E-002
 
basis    10
D  4.01185882827515883E-001  3.87502257880940948E-001
a   1  2.35924731383784780E-002 -9.03271878471556322E-001
a   2 -3.95445973937392226E-001 -1.64820479523466790E-001
d   1  8.71755248676778782E-001 -2.37696187665697584E-001
d   2  3.24598439055567678E-001 -2.79605368575653601E-001
s   1 -2.77738643809195935E+002
s   2 -2.78495775824705447E+002
z   1  6.91121259231422536E-001  7.80886500367326208E-001
z   2 -1.95564486259268283E-001  6.27209813775164937E-001
z   3 -1.08319136585607281E-001  7.67754258466909617E-002
z   4  2.70885096798462288E-001 -4.49729225989209599E-002
z   5 -1.00665176195559536E-001 -1.74745465008295880E-001
z   6  1.88554488022131261E-001  9.44646923429650898E-002
z   7  2.28906429971927582E-002 -2.34432846137801673E-002
z   8  4.42173317915167327E-002 -5.07219320005201993E-002
z   9  4.76320357556663104E-002 -5.27126550837844557E-002
z  10  9.83375352941845970E-002 -1.72828065772492712E-001
z  11 -1.86654343283571750E-001 -3.24628519461706677E-001
z  12 -3.26899725804042862E-001  5.39622076925738089E-002
z  13 -3.13460454387097728E-002  9.81712513231707135E-002
z  14 -8.11104993126505608E-002  4.88044588546345179E-002
z  15 -3.25036375951352902E-002  2.41775017516489311E-002
z  16 -2.73195853218496688E-002  5.67546613014630746E-003
z  17 -2.78323828530427711E-002 -2.74799867423699065E-003
z  18 -9.37270457860478814E-003  2.07764726929890488E-002
z  19 -2.60692906410042585E-002  1.34252266570363075E-003
z  20 -8.61658685026018591E-003  7.08653914806537787E-003
