ndof   20
nconf    2
nbasisfns   10
initial_PES    1
time  1.00000000000000000E+001
 
zinit   1  1.27162269072682088E+000 -6.60579692462176626E-001
zinit   2  2.62703831517254405E-001  2.38917762189202715E-001
zinit   3  2.29156693517832105E-001 -1.73358635864280519E-001
zinit   4 -4.40592569597356085E-002 -1.98526617632190983E-001
zinit   5  1.46017068352651880E-001 -5.65867024001791563E-002
zinit   6  8.96978534723693877E-002 -4.71445500402320125E-002
zinit   7 -4.01560910628476000E-002  1.16645672556090638E-001
zinit   8  6.26278616155659940E-002 -2.34808348561780442E-002
zinit   9 -1.04145005081668135E-003 -2.85475075575323464E-002
zinit  10 -1.32859727020982303E-002  1.83027671847528460E-002
zinit  11 -5.23171021890935384E-003  4.52437454694679109E-003
zinit  12 -7.25701854073868496E-005  5.55676477024810538E-003
zinit  13 -1.41796256139678609E-003 -1.81713771373822382E-003
zinit  14  5.25189000923829063E-004 -4.30996392047986799E-004
zinit  15 -1.22103601600633770E-005  3.20082812271425620E-005
zinit  16  2.97533129891974898E-006  9.68270874219973889E-005
zinit  17  9.23915796767160150E-006 -9.28854806613635511E-006
zinit  18 -5.00660990674916781E-007  1.39756973871361983E-008
zinit  19 -1.39365267732329009E-008  2.61510899992810238E-008
zinit  20 -6.92638000620806430E-015  2.87399598030639422E-014
 
basis     1
D -2.77874128754144911E-001  1.35576352930363107E-002
a   1  5.49847422332469637E-001 -3.27182400859272082E-001
a   2 -7.64790581786299772E-001 -7.55966582150747746E-002
d   1 -9.08911957627444589E-002  6.33339799641959300E-001
d   2 -8.37854300864450396E-002 -7.63936836674042774E-001
s   1 -2.78710253627529255E+002
s   2 -2.77823184425106888E+002
z   1 -2.52292155804905216E-001 -1.42037326894826021E+000
z   2 -9.57935726100537094E-002 -3.60956706169652031E-001
z   3 -1.28099494327934549E-002  2.55108740836224701E-001
z   4  8.95185269957634311E-002 -1.72040286311022278E-001
z   5  7.41013003032527928E-002 -1.60159137769063958E-001
z   6 -7.57372803606731759E-002 -6.04674238677179107E-002
z   7 -1.30012830329310963E-001 -1.35611231406317589E-001
z   8  4.14682668141293370E-002 -3.87024529642325393E-002
z   9  3.98359903047639102E-002 -1.04833282834638150E-001
z  10 -2.19877434395530397E-001 -2.95390112835382468E-001
z  11 -4.08116450467327418E-001  1.98047612796651062E-001
z  12  1.31436983732590107E-001  3.22401692518495042E-001
z  13  3.04188465199769914E-002 -5.59393600435131380E-002
z  14  5.90154809075116582E-002  8.95635531848625460E-002
z  15 -3.20604606571830292E-002  3.68020578977673388E-002
z  16 -2.22844476647871929E-002 -7.91947601433897960E-003
z  17 -1.43735482516475013E-002  2.42715861013789117E-003
z  18  3.84210222314269462E-002  4.00014977963481389E-003
z  19 -8.02875994879973312E-003  4.37997499231504352E-003
z  20  1.55106771485226964E-002  1.03337468664758073E-002
 
basis     2
D  7.87116708794910913E-001 -5.22252229023613790E-001
a   1 -3.57982056850107200E-001  7.49917914808771791E-001
a   2  1.71998980677042057E-001 -5.29044722748754692E-001
d   1 -4.54709822974134814E-001 -6.95533614477834350E-001
d   2  5.55956029763518877E-001 -1.96178742944673468E-002
s   1 -2.78577361033400166E+002
s   2 -2.77681344214941817E+002
z   1 -2.70581123667316514E-001 -1.39485230251201164E+000
z   2 -1.06827250641473151E-001 -3.32833159486420227E-001
z   3  9.23439501959134879E-003  2.93888598561246828E-001
z   4  1.09763666587900405E-001 -1.86006486103305085E-001
z   5  3.74204547693351292E-002 -1.39372247048972192E-001
z   6 -7.69412811735615959E-002  2.55510009217455418E-002
z   7 -5.48572202439091550E-002 -9.06269067959303148E-002
z   8  2.62431817492465129E-002 -6.29535986392372598E-002
z   9 -7.17560538576479147E-003  1.37208068177261555E-001
z  10  2.56533603165622959E-001 -5.46508851848241523E-002
z  11 -4.63902693700856961E-002 -3.56945978386607077E-001
z  12 -2.26217791029178550E-001  6.52706515761286299E-002
z  13  5.73939657676763096E-002 -4.49790464123726030E-002
z  14 -6.52007513026658242E-002  5.58419493063383940E-002
z  15 -5.37946203712211524E-002 -4.22222625439934302E-002
z  16 -1.79248671947160668E-002 -4.59312128875492484E-002
z  17 -4.64812935330868870E-002 -1.44092131416409287E-002
z  18  4.82182899702744694E-003  1.55049307304405588E-002
z  19 -3.06748526823106341E-002 -1.74193778029886163E-002
z  20  3.42287250454580139E-003  1.44414082684879170E-003
 
basis     3
D -2.73616487914028095E-001 -2.13724109856701761E-001
a   1 -4.13244597484151044E-001  4.22428715893556961E-001
a   2  4.65276550643340503E-001 -6.59014881516464479E-001
d   1 -1.51635270765287961E-001 -5.71160101916490026E-001
d   2  7.82181239715363463E-001  1.97421860177797504E-001
s   1 -2.78567837434771491E+002
s   2 -2.77663431561428240E+002
z   1 -2.55466249260068889E-001 -1.39824779417049250E+000
z   2 -1.07436809722558479E-001 -3.35995735383602223E-001
z   3 -1.15387520727804737E-002  2.88429906356332699E-001
z   4  1.19570670248744321E-001 -1.62318001347001889E-001
z   5  7.34724861723899114E-002 -1.41512424391854491E-001
z   6 -1.12560479111409914E-001 -9.05020767201295505E-003
z   7 -1.03366046615613438E-001 -5.72785821313114077E-002
z   8  8.85081372621529805E-002 -3.45403050343620760E-002
z   9 -9.01996407176313270E-002 -5.64852477569153313E-002
z  10 -1.93552009542500819E-001  1.43982146535388850E-001
z  11  2.07481318761941425E-001  2.46791743884821169E-001
z  12  1.38071939774941477E-001 -1.78042819775278166E-001
z  13 -4.49688170545343296E-002  6.94416214242866703E-002
z  14  2.68157396173501449E-002 -8.51698359159789586E-002
z  15  7.37616805528932412E-002  1.62671008104300109E-002
z  16  3.01252241006167952E-002  4.39373187300325999E-002
z  17  3.55214807550447362E-002  1.07767023691022982E-002
z  18 -1.40347923477335684E-002 -1.32026932972309184E-002
z  19  2.79635096806511232E-002  7.86248646749314155E-003
z  20 -2.14009288080118064E-002 -1.35845463254856240E-002
 
basis     4
D  6.08757470626511199E-001  4.68886542768011727E-001
a   1  8.84218975636763271E-002 -6.61110364895091340E-001
a   2  1.36917594905945905E-001  7.32371644498010399E-001
d   1  5.55406268143639359E-001  3.69336193524596013E-001
d   2 -6.31351823143357027E-001  3.95612852259766667E-001
s   1 -2.78484828007553517E+002
s   2 -2.77656009442648099E+002
z   1 -2.65687948764931514E-001 -1.41368345978848731E+000
z   2 -1.06709476980048304E-001 -3.15329777861439953E-001
z   3  4.99435832905068076E-003  3.06158407867626603E-001
z   4  1.22010278351511181E-001 -1.73063956811282782E-001
z   5  4.51767506184453452E-002 -1.51575782685369725E-001
z   6 -1.10349184728754671E-001  1.75166188457079978E-002
z   7 -7.28826510441985126E-002 -5.26729181972607902E-002
z   8  8.22254375933618581E-002 -7.29822367530881533E-002
z   9 -1.40458973269988907E-001  3.48563068389211236E-002
z  10 -2.29386378088732613E-002  2.17776611634000195E-001
z  11  2.83867770817266329E-001  2.51181539362128718E-002
z  12 -3.31883167278126945E-002 -1.89895337907331013E-001
z  13 -2.19058576283839629E-003  7.36019025545745914E-002
z  14 -2.08296608783996688E-002 -5.65661571628667328E-002
z  15  4.90429370767689055E-002 -1.17432958432810500E-002
z  16  2.29702354339479664E-002  1.32981229889105740E-002
z  17  4.32247399625969170E-002  4.84481661020257429E-003
z  18 -3.08378553118976821E-002 -8.05680729893074044E-003
z  19  1.65736216845475542E-002  3.51840509851317250E-003
z  20 -1.70762575079348722E-002 -8.45282348411056927E-003
 
basis     5
D  8.30800972408458488E-002  8.34367285279883575E-001
a   1 -2.23339965967590037E-001  7.82738095673281897E-001
a   2 -2.90559799021900822E-002 -5.80169012629372149E-001
d   1 -5.74515381258553282E-001 -5.76620970407753286E-001
d   2  5.48926312693340579E-001 -1.90053246266171455E-001
s   1 -2.78540231261915551E+002
s   2 -2.77747680110098202E+002
z   1 -2.72169211529867061E-001 -1.40562111174312365E+000
z   2 -1.14536585714553468E-001 -3.13843522553367948E-001
z   3  1.04022550873907570E-002  3.13897685944737326E-001
z   4  1.38021943051124085E-001 -1.83908624465987214E-001
z   5  4.25891993598970231E-002 -1.55036495397738172E-001
z   6 -1.01984831359551442E-001  4.30690254154899102E-002
z   7 -3.46214973383141694E-002 -5.54609657773211737E-002
z   8  4.48965503192491830E-002 -7.59668667929380009E-002
z   9 -5.66618043825857440E-002  1.50937617315247630E-001
z  10  2.78364816863826192E-001  8.17092780554229126E-002
z  11  1.49688847583168694E-001 -3.59527965112091785E-001
z  12 -2.44931265491215078E-001 -5.72550639872393546E-002
z  13  4.98633850072943002E-002  9.00445306831048481E-003
z  14 -7.46292614653236291E-002  1.03931655806186966E-002
z  15 -3.85503681270584694E-002 -4.26535337061372533E-002
z  16 -3.77635954528746922E-003 -2.71468212447602761E-002
z  17 -5.93349424869523637E-003 -3.74716142712829686E-002
z  18 -2.94595165422177315E-003  4.36838954201021826E-003
z  19 -1.15901026628772441E-002 -5.71683950340455722E-003
z  20  1.36832337919033371E-003  1.17304899331342766E-002
 
basis     6
D  2.82100219298058563E-001  3.48927197681098089E-001
a   1 -5.30375973300405978E-001  5.78316236739799261E-001
a   2  4.90616195693002133E-001 -3.78876504672020498E-001
d   1 -1.39822816651805959E-001 -7.72138538524526741E-001
d   2  5.55209133097065211E-001  2.75670955659763017E-001
s   1 -2.78680417633368279E+002
s   2 -2.77578598443682665E+002
z   1 -2.36985074312430433E-001 -1.40811140846573513E+000
z   2 -8.50404615204201769E-002 -3.44989768108793726E-001
z   3 -1.52895232488148534E-002  2.71972216272763967E-001
z   4  9.71374980638214230E-002 -1.74750705160998970E-001
z   5  7.20717798604823823E-002 -1.13996125658553174E-001
z   6 -6.13921436946853818E-002 -2.26253355344783295E-002
z   7 -1.05534903295211424E-001 -1.33764311533747737E-001
z   8  3.15689616424767450E-002 -9.81888345871931301E-003
z   9  8.36030461471222314E-002  2.82806979110276357E-002
z  10  4.67310193759010728E-002 -2.31855389898347808E-001
z  11 -2.61689705717488674E-001 -8.54909412558201159E-002
z  12 -1.90631940864690388E-002  1.58906116320204766E-001
z  13 -7.95719144644417911E-003 -6.15392442235939904E-002
z  14  4.01000389774089274E-003  4.93631100189725128E-002
z  15 -4.72017349128758812E-002  4.49225314501836177E-003
z  16 -2.30832496116881968E-002 -1.26425504548357843E-002
z  17 -3.44073979253318937E-002  3.33958222944302384E-003
z  18  1.15697584409074680E-002 -2.74432509290306235E-004
z  19 -1.64961292514065050E-002 -6.12817781700476620E-003
z  20 -3.90877032031841914E-003 -4.54991517743516625E-003
 
basis     7
D  4.18765201168352141E-001  9.74810917326726922E-002
a   1 -6.58155141605585081E-001 -4.00163229508755491E-001
a   2  4.72905225815375974E-001 -4.27857273776879377E-001
d   1  6.95778031629293414E-001 -3.30441721601269223E-001
d   2  5.27232766837625100E-001  3.58785184894830522E-001
s   1 -2.78612073264904780E+002
s   2 -2.77793105144645892E+002
z   1 -2.78701628892982223E-001 -1.38286523934032535E+000
z   2 -1.10847322587829936E-001 -3.15370318958469564E-001
z   3 -2.03098772442187334E-003  3.17006219821366342E-001
z   4  1.18079304714760872E-001 -1.53583035825772207E-001
z   5  5.12016604779443121E-002 -1.36721896853500419E-001
z   6 -1.30702909655781685E-001  3.54533124678205816E-002
z   7 -8.76346059802795840E-002  1.50278310431879150E-004
z   8  8.75760741930238368E-002  1.49128435370753428E-002
z   9 -6.07509970725599105E-002  1.13368611697955632E-001
z  10  9.75586262108287666E-002  2.51538964922253139E-001
z  11  4.60287604308209974E-001 -6.43430301229542222E-003
z  12  7.66196749022219209E-002 -3.92317417204274321E-001
z  13 -8.63144035473607657E-002 -4.14611180134327739E-003
z  14 -2.39597854723535356E-002 -1.01338717542915874E-001
z  15  1.91254966966535565E-002 -1.81883311405551910E-002
z  16 -7.39322026357722671E-003  1.51996219776444584E-002
z  17  1.90926803378462760E-002 -4.28891899596953868E-003
z  18 -2.62985286710867502E-002 -1.50233852851561472E-002
z  19  1.00296908001621353E-002 -9.53808107262311099E-003
z  20 -1.55733403099419018E-002 -7.32356104891086247E-003
 
basis     8
D  8.80453967383749037E-001 -5.97265384763344190E-002
a   1  1.40852886873656047E-001 -4.47454989781951640E-001
a   2  1.83294006525386299E-001  8.63914233908947615E-001
d   1  2.78703672796925817E-001  3.77332434851436416E-001
d   2 -8.01392996576024141E-001  3.71098048253440338E-001
s   1 -2.78660604111458042E+002
s   2 -2.77806349971980069E+002
z   1 -2.53999892442404729E-001 -1.40462953629435305E+000
z   2 -1.12723277932032045E-001 -3.31378663709468502E-001
z   3 -1.37874406769936866E-002  2.98168556816926222E-001
z   4  1.02185571319454521E-001 -1.56951511950151612E-001
z   5  6.01421934722068952E-002 -1.39461495929021295E-001
z   6 -1.24147981418848516E-001 -2.04737536545855012E-002
z   7 -1.44219916234902407E-001 -4.62775337729261771E-002
z   8  6.73830975207040661E-002  5.77543369291013547E-003
z   9 -1.27570408623379206E-001 -9.14428958495755798E-003
z  10 -2.25503449554113111E-001  2.45673125674269632E-001
z  11  3.07957712025640207E-001  3.87297964707115749E-001
z  12  2.95329533869647332E-001 -2.25431584886980341E-001
z  13 -6.26430976386657540E-002  1.14035463521607906E-002
z  14  6.36389262577885528E-002 -8.97703967725407420E-002
z  15  8.04179555680380742E-002  1.33575945882628729E-002
z  16  4.24998694752358810E-002  1.69315995059928816E-002
z  17  4.55888376829666347E-002  2.15864909325828649E-002
z  18 -8.97364292034863106E-003 -1.82863379074412816E-002
z  19  4.31668443350478118E-002  1.80308569863795176E-002
z  20  1.62063090706586650E-002 -3.44442897601583394E-003
 
basis     9
D  8.53411814707651484E-001 -2.33121976149619665E-002
a   1  2.99909761203275949E-001  3.79918791761497676E-001
a   2 -6.41254984436304243E-001 -5.95405653094687626E-001
d   1 -4.83639265900045634E-001  1.94219895527517027E-002
d   2  4.08021094313664734E-001 -7.74102469571435803E-001
s   1 -2.78659060453143184E+002
s   2 -2.77767693239548066E+002
z   1 -2.54624911550671296E-001 -1.39844551034096320E+000
z   2 -1.02550793305379473E-001 -3.51301085592959916E-001
z   3 -1.78162437211659488E-002  2.99752923413300454E-001
z   4  1.00114564506674011E-001 -1.52152893386339555E-001
z   5  7.66392076075909506E-002 -1.20690737336321033E-001
z   6 -1.07167544098867432E-001 -3.70087055207623666E-002
z   7 -1.45372921418193274E-001 -6.44918105841142814E-002
z   8  7.33326500371119794E-002 -2.01731202781538005E-003
z   9 -8.14053756489703795E-002 -8.83160280655872348E-002
z  10 -3.14011369955241482E-001  1.20940764086165969E-001
z  11  1.47764498335338668E-001  4.36194883230894781E-001
z  12  3.02014050770522180E-001 -1.28429133711061322E-001
z  13 -6.05246572090483576E-002  2.28616434037330965E-002
z  14  8.23017592259359249E-002 -6.20658468678117053E-002
z  15  6.14311517102486548E-002  3.25009663898719950E-002
z  16  1.98992977015295426E-002  4.03783309188045433E-002
z  17  3.97471901625243568E-002  2.52347265304934294E-002
z  18 -1.12949543082736057E-002 -1.35972917250617061E-002
z  19  4.48544664941232518E-002  1.84529157509319974E-002
z  20 -2.84481353569130627E-003 -1.67396215309112070E-002
 
basis    10
D  4.15704724164244310E-001 -3.56600389293452891E-001
a   1 -5.94816230217620534E-001  3.92336918142135671E-001
a   2  6.45983793808266871E-001 -2.73807109238519142E-001
d   1  7.96325848316112445E-002 -7.08091276955595927E-001
d   2  5.33019132057286127E-001  4.56241164071561123E-001
s   1 -2.78726029993205998E+002
s   2 -2.77569000668266540E+002
z   1 -2.35763101505060552E-001 -1.40527332284689810E+000
z   2 -9.41879684461498223E-002 -3.52019655364671002E-001
z   3 -2.60832640300767658E-002  2.57499189302541120E-001
z   4  8.16926546398163284E-002 -1.59585761541657489E-001
z   5  8.52607572938954977E-002 -1.35040433076425354E-001
z   6 -5.68557881474885188E-002 -5.57660650039806041E-002
z   7 -1.28190129576985168E-001 -1.18628614274646479E-001
z   8  6.09641092440121879E-002  1.02113281219892663E-002
z   9  8.41702745749467462E-002 -5.32782838729700253E-002
z  10 -1.45459882053898815E-001 -2.09075968764114495E-001
z  11 -2.04729878010293354E-001  1.52119765924963873E-001
z  12  1.15563801789843393E-001  8.72000487614179726E-002
z  13 -5.48525314701623148E-002 -2.63598321122923314E-002
z  14  4.90347335643281854E-002  1.33744713286589913E-002
z  15 -6.87174329786611679E-003  3.58687197420795439E-002
z  16 -1.53099728089445240E-002  1.98902800985972898E-002
z  17 -1.09580870724500269E-002  4.82727441104566744E-003
z  18  7.16385708824231193E-003  1.46075364718747269E-004
z  19 -1.74717386602811454E-003 -2.65868403018063547E-003
z  20 -1.46794983251879660E-003  6.45744948338232774E-003
