ndof   20
nconf    2
nbasisfns   10
initial_PES    1
time  1.00000000000000000E+001
 
zinit   1 -7.54005165132216493E-001 -9.92328645764392281E-001
zinit   2 -1.23721568753970099E-001  5.77141584182988221E-001
zinit   3  4.17861805274470532E-001  7.29118161927331365E-001
zinit   4  3.24633308807855125E-002  7.36123810667197453E-002
zinit   5  8.84757986761469106E-002 -9.02432827273175475E-002
zinit   6  1.77549563850407072E-001 -3.35561861033165723E-002
zinit   7  2.70831174398849760E-002 -8.31059739800406178E-002
zinit   8  3.49822234342690511E-002 -3.35768669848315257E-002
zinit   9 -1.42868025542360992E-002  1.74506834184781912E-002
zinit  10  1.50114079533893909E-002 -8.40362124424216296E-003
zinit  11  7.07715483075796199E-003  4.79917246956586361E-003
zinit  12  6.40842585817902191E-004 -1.03477315123819418E-003
zinit  13 -4.71810023039273964E-004  1.41182350734656665E-003
zinit  14  3.68925515066879646E-004  1.08227809820117912E-004
zinit  15  4.78917850142815854E-005  1.24465659896694236E-004
zinit  16  1.39881462776108048E-005  9.41786678411783739E-006
zinit  17 -1.29962497955105729E-006  7.43524290887732940E-006
zinit  18  7.93572343010068185E-008  8.77326120480140668E-007
zinit  19 -1.37898049511456861E-008  1.41363277560649902E-008
zinit  20 -4.42534169943423362E-015 -9.23854091097609652E-015
 
basis     1
D  2.22609634581711180E-001  1.46968352638988109E-001
a   1 -6.99952509165040038E-001 -3.04487127012013692E-001
a   2  3.57114006800565764E-001 -5.38352728742392483E-001
d   1  3.59596526425897567E-001 -6.73302505405181440E-001
d   2  4.51723418121834863E-001  4.61844159774550511E-001
s   1 -2.78111167782731400E+002
s   2 -2.78241725817776569E+002
z   1 -1.17093046363402142E+000  4.42760386545931695E-001
z   2  3.84340521843131500E-001 -4.23450774220588910E-001
z   3 -8.31943981895277851E-001 -8.85973254928624498E-002
z   4 -6.65628061286257892E-003  1.09284429106988226E-001
z   5 -2.13383289860394690E-003 -9.94653783601478075E-002
z   6 -1.86512482252462364E-001 -3.58943161653243886E-002
z   7  7.97740278565749888E-002  1.12882370674170243E-001
z   8  6.40442969813877355E-002  9.77584199158501588E-003
z   9  7.30154565535403883E-004  8.58773514825153794E-002
z  10  1.02329139893806695E-001  2.67171747737600773E-001
z  11  4.41448787700391310E-001  4.71804006467709605E-002
z  12  1.24790933900708376E-001 -3.62699812062841909E-001
z  13 -9.28474994492873434E-002 -3.73867748476131231E-002
z  14 -3.30541716163738376E-003 -1.05406945983097730E-001
z  15  2.42530800078462130E-002 -2.13319252808866593E-002
z  16  4.65222545222290784E-003  7.76392087641447019E-003
z  17  5.79808668163099821E-003 -3.67544622562067424E-003
z  18 -2.61864921228176645E-002 -1.92900935035979770E-002
z  19  1.85333925874530368E-002 -4.49798434023283063E-003
z  20 -1.61272657518900762E-002  8.07527698955018370E-004
 
basis     2
D -6.52314048696117310E-001 -7.91827562981981953E-002
a   1 -5.62033124886231472E-001  1.77479835103506872E-001
a   2  2.78300119383602773E-001 -7.58398785740917125E-001
d   1 -1.27563871986899974E-001 -5.75419658945938384E-001
d   2  6.40271404266060995E-001  4.92617705265849637E-001
s   1 -2.78118661540285188E+002
s   2 -2.78335043668713638E+002
z   1 -1.17654905315415959E+000  4.27432743244247515E-001
z   2  3.92012698885611466E-001 -4.21194844790172440E-001
z   3 -8.35992941770943743E-001 -1.13356959330389459E-001
z   4 -3.02588341035756325E-002  9.18125679412605533E-002
z   5 -1.81442204458658503E-002 -1.08899858920390086E-001
z   6 -1.89196901594860023E-001 -4.93973422754431582E-002
z   7  4.66709076010644736E-002  1.05662124035851054E-001
z   8  3.54260858496571809E-002  1.02322846188712957E-002
z   9 -7.52765293902445537E-002  4.98487077552559263E-002
z  10 -5.89834628637730674E-002  3.33039289387806525E-001
z  11  4.38239741497832291E-001  2.51553197880718671E-001
z  12  2.40587395479026189E-001 -3.19611222003026108E-001
z  13 -5.98039647118344744E-002 -8.28029027994323791E-003
z  14  4.64501124969673232E-002 -9.81808375333791117E-002
z  15  6.57682785703926215E-002 -6.08830115588154114E-003
z  16  2.51832317039964899E-002  1.96567948085882190E-002
z  17  4.50575126210932195E-002  7.16866427327451060E-003
z  18 -1.08636096778571799E-002 -2.47823167569116674E-002
z  19  3.44750063618335309E-002  7.31662123810750999E-003
z  20 -2.44052296193248341E-003 -1.22175412286012180E-002
 
basis     3
D  5.09922129712437666E-001  6.05252479399878807E-001
a   1 -4.73101514592256966E-001  7.34192478144247040E-001
a   2  4.28694259524560639E-001 -2.30992627106079262E-001
d   1 -6.92470363018697466E-001 -5.32304832228518876E-001
d   2  9.03437526301640176E-002  4.78512662619683782E-001
s   1 -2.78113897778290493E+002
s   2 -2.78338570906416635E+002
z   1 -1.17541192637988523E+000  4.19239083289926928E-001
z   2  3.97528442642360091E-001 -4.55199895218338257E-001
z   3 -8.29027069694646901E-001 -1.56317031735419609E-001
z   4 -3.48989673938455147E-002  5.13293649545645270E-002
z   5 -1.67110620018666306E-002 -1.43588283082077162E-001
z   6 -1.58098328178979231E-001 -9.69164512835456182E-002
z   7  8.59676785150097350E-002  2.45679830009297917E-003
z   8  4.02106579209549064E-003 -5.27866157722299625E-002
z   9  1.27354038290284882E-001  1.23191100953737379E-002
z  10  1.43986106941827841E-001 -2.75570906989740128E-001
z  11 -3.67469962336557820E-001 -2.87757132773190871E-001
z  12 -2.08899541237060948E-001  2.78012918131595621E-001
z  13  3.38129478870045977E-002 -5.16391467050624497E-002
z  14 -3.53706209949767661E-002  9.28464793397937582E-002
z  15 -7.57347713278865992E-002 -3.62985622927158207E-003
z  16 -4.64422570992860870E-002 -3.07734995832151768E-002
z  17 -5.19061125796889608E-002 -1.53125064073400992E-002
z  18  2.15836415809531022E-002  1.30097822221754179E-002
z  19 -5.54706805506058609E-002 -1.26657697111026164E-002
z  20 -1.91120554103879885E-003  1.61117139968501646E-002
 
basis     4
D  4.99028794977798340E-001 -3.47186997337839073E-002
a   1  4.76615641439233906E-001 -5.14106046914357351E-001
a   2 -4.88210072861333499E-001  5.19791715611395255E-001
d   1  5.50810073131205891E-001  4.33677023227695746E-001
d   2 -4.38030195605846551E-001 -5.62727332372446543E-001
s   1 -2.77950351248489994E+002
s   2 -2.78186234369890144E+002
z   1 -1.16211338507221296E+000  4.23598872438328777E-001
z   2  3.97291540071216254E-001 -4.56169148160407878E-001
z   3 -8.30025604490561841E-001 -1.51521111455997282E-001
z   4 -2.60010643909160399E-002  7.38502189271582760E-002
z   5 -1.58559993998158601E-002 -1.43241505495752208E-001
z   6 -1.86036340887070856E-001 -9.05721035341303382E-002
z   7  2.24108180403573172E-002  6.50001044742146011E-002
z   8  2.77449774922515283E-002 -1.08510523432525843E-002
z   9  9.39993369587087467E-004 -7.42338141835314214E-002
z  10 -1.55038921279266440E-001  5.65706289857209332E-002
z  11  5.74660989129655575E-002  1.88874712264779893E-001
z  12  9.34315474620485281E-002 -7.80555119881971293E-002
z  13 -4.10975324311307830E-002  5.04611214091141361E-002
z  14  1.14584516180502340E-002 -4.93128422831609001E-002
z  15  4.06263439321264269E-002  2.48108559126293919E-002
z  16  1.12934395757232839E-002  3.95577520198855809E-002
z  17  2.87270722056315111E-002  1.97282849232202316E-002
z  18 -1.88223015372847545E-002 -1.47662616905650194E-002
z  19  2.37860305928557780E-002  1.58939454623798319E-002
z  20 -6.99527671485752553E-003 -6.01408269598455430E-003
 
basis     5
D -7.30517003904710083E-001  4.66004431838878408E-002
a   1  3.99244474312463238E-001  1.77437928216884588E-001
a   2 -7.64736613135758359E-001 -4.73600616438239808E-001
d   1 -2.34438802360363213E-001  3.68671692141902818E-001
d   2  6.97909340284325164E-001 -5.67487607005588535E-001
s   1 -2.78179134068147732E+002
s   2 -2.78364563986080782E+002
z   1 -1.15690942659604201E+000  4.21794127890725845E-001
z   2  3.98384503142427238E-001 -4.66001579124183662E-001
z   3 -8.49049816039097016E-001 -1.55292497284351433E-001
z   4 -3.94621137880868250E-002  7.47154806993853976E-002
z   5  5.39566217522127571E-003 -1.27531190076057122E-001
z   6 -1.75662825833895725E-001 -1.15235899293733166E-001
z   7  2.40639021635506494E-004  3.31314727263095979E-002
z   8  1.19516417998572367E-002 -2.54431286652259333E-004
z   9 -9.69120533941695943E-003 -1.06482380175401292E-001
z  10 -3.26682738284475027E-001  2.35078867376704859E-002
z  11 -4.84975547623216346E-002  4.88785560743826675E-001
z  12  3.49697496867585611E-001  5.24981574164075857E-002
z  13 -3.18518217219007777E-002 -1.82965138302528807E-002
z  14  1.11558442003149266E-001 -1.97664664692264978E-002
z  15  4.36576732910626750E-002  3.81967814449099344E-002
z  16  1.57735656379466953E-002  2.64101719792200658E-002
z  17  2.72871065051495214E-002  1.41373657517868123E-002
z  18  9.07480230902878160E-003 -1.10092607811764585E-002
z  19  2.27070490720426253E-002  1.41935099366102425E-002
z  20  1.03574351490316879E-002 -9.93932802591396443E-003
 
basis     6
D  7.02260836472170635E-001  4.33155487205803436E-001
a   1 -2.46934561595068061E-002  4.06848490750216119E-001
a   2 -4.28782526154201094E-001 -8.06232028675357593E-001
d   1 -4.01246261582463182E-001 -7.16721617430903374E-002
d   2  9.01041441426580048E-001 -1.48286410803794511E-001
s   1 -2.78147089411588411E+002
s   2 -2.78356629862160503E+002
z   1 -1.16470635137310574E+000  4.33452720887677001E-001
z   2  3.99600385826069548E-001 -4.37356927496532932E-001
z   3 -8.45302892209899071E-001 -1.33165754984393897E-001
z   4 -3.83278222400718974E-002  1.02024694127416202E-001
z   5 -1.00263731785883280E-002 -1.18522488902352494E-001
z   6 -1.91091785657960450E-001 -8.58918687454719582E-002
z   7  1.55054749347781698E-002  8.15577737349141019E-002
z   8  1.39770474045587765E-002  1.52222862028394412E-002
z   9 -5.98678612630648629E-002 -2.57624600967449914E-002
z  10 -2.43236633967368471E-001  2.22737301192769882E-001
z  11  2.25025576598350402E-001  4.62661458657289137E-001
z  12  3.81620037986308058E-001 -1.28756203184618417E-001
z  13 -2.20384775869780225E-002 -3.72352524489465708E-002
z  14  9.69410681409602626E-002 -7.08309382851396857E-002
z  15  6.31319346947811916E-002  1.74178320635168318E-002
z  16  3.13386886450545757E-002  2.81809557455159863E-002
z  17  4.79466873924946357E-002  7.43227941974906447E-003
z  18  1.68354078696160148E-002 -2.32633052012055884E-002
z  19  2.70234577669199103E-002  2.39068400969222154E-003
z  20 -2.91449049495401055E-003 -5.09245170692770519E-003
 
basis     7
D  1.30638440637523368E+000 -6.97155509018886010E-001
a   1 -4.78035837214847048E-001  7.27864409840543236E-001
a   2  3.98437338454640466E-001 -2.87997962754536707E-001
d   1 -6.97633542550820440E-001 -5.21164370503408914E-001
d   2  1.70992032617444945E-001  4.60930432936398626E-001
s   1 -2.78091441519913189E+002
s   2 -2.78301592659288701E+002
z   1 -1.17239400302112129E+000  4.26758410172049296E-001
z   2  4.03713306257376503E-001 -4.49225249912018010E-001
z   3 -8.29496342691990907E-001 -1.66121655235614896E-001
z   4 -3.97698767830495931E-002  5.03010515582303364E-002
z   5 -2.73437032688455227E-002 -1.32277357679526586E-001
z   6 -1.46510985737966504E-001 -6.87339803679938438E-002
z   7  7.73076011984384359E-002  1.17529474904692101E-002
z   8 -9.03736541458112497E-003 -4.56253093092572615E-002
z   9  1.25668286726739437E-001  4.13428996457667411E-002
z  10  1.60786665450798588E-001 -2.50436548535382109E-001
z  11 -3.18346486590052546E-001 -2.76031126978636021E-001
z  12 -1.82944601433556203E-001  2.37768895615690506E-001
z  13  3.93570540797745227E-002 -5.98983601303933536E-002
z  14 -3.08364028332123973E-002  8.97944843306000412E-002
z  15 -9.37405796099378547E-002 -1.69782508711006953E-002
z  16 -3.75813390805857239E-002 -4.60295659789873302E-002
z  17 -5.92145279864058141E-002 -1.27169667923694250E-002
z  18  5.96315957105551190E-003  1.52747196725047021E-002
z  19 -3.60800613861853164E-002 -7.49213298134599782E-003
z  20  4.49100901579253461E-003  1.57406123156243194E-002
 
basis     8
D -2.46885520263097319E-001 -3.65626626234681673E-001
a   1  4.19526491964849146E-001 -7.70950088721387816E-001
a   2 -2.72110429279038224E-001  3.94448219057420835E-001
d   1  7.65493612123793854E-001  4.29401963849159740E-001
d   2 -3.17261664773768715E-001 -3.59135795076138742E-001
s   1 -2.78043804639639120E+002
s   2 -2.78274294769303822E+002
z   1 -1.16438062229110173E+000  4.26333945539028536E-001
z   2  3.97627199137999432E-001 -4.49509656471099639E-001
z   3 -8.19260491647295863E-001 -1.44281890235881033E-001
z   4 -4.13498755397612230E-002  5.01260138257954152E-002
z   5 -3.42120219663008679E-002 -1.32455300194696535E-001
z   6 -1.58277176906714889E-001 -6.12125013610066299E-002
z   7  9.60588797460477928E-002  2.57588257376581455E-002
z   8 -8.26285724728498434E-003 -5.36998350246925202E-002
z   9  8.08540160846195344E-002  9.08358183950151721E-002
z  10  2.42963451497388294E-001 -1.31790485357099613E-001
z  11 -1.70049685187704580E-001 -3.41850387983692772E-001
z  12 -2.03269206721919476E-001  1.54207166984688421E-001
z  13  3.83166317660763381E-002 -5.34333191239961397E-002
z  14 -6.08598733233198866E-002  7.37340974725739784E-002
z  15 -8.59529277593037155E-002 -2.49912932922259495E-002
z  16 -2.95573619440429314E-002 -4.11167398925989871E-002
z  17 -5.37433586709715541E-002 -2.95118321353687596E-002
z  18  9.84635964580013977E-003  1.84082853920622055E-002
z  19 -4.55333836346573512E-002 -1.98161742220725016E-002
z  20  1.41011578392019610E-002  1.07993288245574713E-002
 
basis     9
D  2.24158538012641906E-001  3.55246535805354702E-001
a   1  5.97866853728985403E-001  7.57015302825054907E-003
a   2 -7.23938650864444533E-001  3.44108627877702300E-001
d   1 -2.01724714789548905E-002  5.97574391518828296E-001
d   2 -9.22108555821922055E-002 -7.96238077529646371E-001
s   1 -2.78052033022963315E+002
s   2 -2.78359371569381608E+002
z   1 -1.17648923931271798E+000  4.28239017151340939E-001
z   2  4.01100023448761445E-001 -4.35757377037671423E-001
z   3 -8.37690431754471443E-001 -1.29223423206485000E-001
z   4 -2.51705570589294096E-002  8.94704141511030171E-002
z   5 -2.55444427111602528E-002 -1.27352127029221690E-001
z   6 -2.08756443846260548E-001 -6.46265729322215016E-002
z   7  4.78761519760543194E-002  9.57645212930317985E-002
z   8  3.29682667509453645E-002 -2.45131508984744138E-002
z   9 -1.03997560688326898E-001 -2.66854448069743597E-004
z  10 -1.29025223226109181E-001  3.03648090322709785E-001
z  11  3.76588919431576241E-001  2.57749624047132697E-001
z  12  1.72390009829772040E-001 -2.68853893721288817E-001
z  13 -4.26745556144182345E-002  5.42515901084213922E-002
z  14  2.29289431875649603E-002 -1.04439026597332590E-001
z  15  7.47974011643827152E-002  2.17404616093465602E-003
z  16  2.48454076684656161E-002  3.33754085373333398E-002
z  17  5.27488742737199298E-002  1.28994744135722903E-002
z  18 -1.52725224012508765E-002 -1.47725141034677782E-002
z  19  2.90678876401044839E-002  6.21966090726623448E-003
z  20 -1.10256720448558120E-002 -2.47925056584958996E-002
 
basis    10
D  1.03697287823531514E+000  1.02388930893596547E-001
a   1  4.67079479764358374E-001 -7.44396775714126879E-001
a   2 -3.95903800443129283E-001  2.66402666435455349E-001
d   1  7.06214076752675446E-001  5.23021488953272384E-001
d   2 -1.45912308464951124E-001 -4.54334456240843121E-001
s   1 -2.78108040540291711E+002
s   2 -2.78312502327801326E+002
z   1 -1.16159811931852253E+000  4.25775492066310435E-001
z   2  3.97824401467371969E-001 -4.57703329175080498E-001
z   3 -8.28825357704803034E-001 -1.55506042820697160E-001
z   4 -2.81385615992338980E-002  4.47336582207328720E-002
z   5 -2.18370803125445649E-002 -1.30185031814046476E-001
z   6 -1.59063363668828811E-001 -8.05836316108258233E-002
z   7  8.67797192877012291E-002  4.89890679426008063E-004
z   8  8.44733300883374169E-004 -4.77112625259265358E-002
z   9  1.23752000445354268E-001  3.51629691261171329E-002
z  10  1.60248121953784434E-001 -2.55276672377339975E-001
z  11 -3.33906201387621671E-001 -2.93929175917284125E-001
z  12 -2.19946453026965694E-001  2.54299325934570830E-001
z  13  4.70057378987091268E-002 -5.74526707771697773E-002
z  14 -4.58205679115395031E-002  9.92312233939499910E-002
z  15 -9.21788137365973925E-002 -2.46887244226965223E-002
z  16 -4.70672791753215039E-002 -4.51264897794109998E-002
z  17 -5.95785270293920435E-002 -2.26529590361168459E-002
z  18  1.06837021983553059E-002  2.86719283448984008E-002
z  19 -4.73918037053636040E-002 -6.87712235801966627E-003
z  20  2.72721791583275738E-003  1.45364934156782637E-002
