ndof   20
nconf    2
nbasisfns   10
initial_PES    1
time  1.00000000000000000E+001
 
zinit   1 -4.14997759261750143E-001  7.13809402039770169E-001
zinit   2 -2.96204443811361462E-002 -3.28858468967923256E-001
zinit   3  4.12903823327918196E-001  6.87911260134028008E-002
zinit   4 -5.11822357723039096E-003  1.44514065336095898E-001
zinit   5  1.69379151664254407E-001  3.30941199642315470E-002
zinit   6 -5.28198211164685946E-002 -5.14438032130907219E-002
zinit   7 -2.54749078741217105E-002 -4.71607650841565224E-002
zinit   8 -3.90553868733603537E-002  2.91843467915719719E-003
zinit   9 -1.75004900262057013E-002 -7.60748995023281891E-003
zinit  10  9.62642375279360724E-003  8.68154596828994186E-003
zinit  11 -1.06365585514482121E-003  4.01087795303680013E-004
zinit  12 -9.76363977609973825E-005 -1.02374179534585308E-003
zinit  13 -4.31139051370506624E-004  5.38233851163372689E-004
zinit  14  2.95650617349177858E-004 -5.35523821173564140E-004
zinit  15  3.13162363157710116E-005  5.48656707303182617E-005
zinit  16 -2.06876589156057635E-005 -1.17926799544803055E-005
zinit  17  1.47505007511253079E-006 -1.47663028221105054E-005
zinit  18 -7.87079305085555884E-007 -3.00106717522164956E-007
zinit  19 -1.66734345558129036E-009  8.66937773389711972E-009
zinit  20 -1.01303575114215688E-014  2.05975978369454316E-014
 
basis     1
D  9.08150586037834051E-001 -8.47662069877277852E-002
a   1  8.70480057152550474E-002  4.38176388816225004E-001
a   2 -4.51186374789348754E-001 -7.72563882270803193E-001
d   1 -4.38140651785804969E-001  8.72277035565000997E-002
d   2  8.89836980169600444E-001 -9.28129608812054835E-002
s   1 -2.78030539722088747E+002
s   2 -2.78455602772419013E+002
z   1  5.56987501861884837E-001  6.04727375609099949E-001
z   2 -1.42657533632986139E-001  3.03847600442816557E-001
z   3 -3.42222234927641755E-001  2.82083949679487189E-001
z   4 -1.16023174757387382E-001  1.18824251723739990E-001
z   5  1.43658585364230262E-001 -1.09953925012586565E-001
z   6 -1.00497689483225786E-003  6.42374415325838860E-002
z   7  6.50978741182349670E-003  2.23820009440014490E-002
z   8 -3.16288201184964785E-002  4.13164447455405467E-002
z   9 -7.34344346813819576E-002 -3.34022012321818634E-002
z  10 -2.58878818628225371E-001  2.28604493851584656E-001
z  11  2.57830850768565711E-001  4.24408373135652661E-001
z  12  3.24564954327126676E-001 -1.74079572600044669E-001
z  13 -5.05600775609488795E-002  2.19773679526686604E-002
z  14  7.11478491220554066E-002 -7.19341768126710995E-002
z  15  7.28903354379643598E-002  2.46912012962418638E-002
z  16  3.26237484812806552E-002  4.38141684356640748E-002
z  17  6.04572393738719224E-002  1.75080552975254815E-002
z  18 -1.90174513460645289E-002 -1.86542093712729132E-002
z  19  4.34325939920229484E-002  1.80443172593672714E-002
z  20  6.16077580168875993E-003 -1.32276288521004613E-002
 
basis     2
D -1.49712516804489632E-001  6.23605574265079676E-001
a   1 -5.71307146350418682E-001  4.32439032703887727E-001
a   2  6.86066739366309020E-001 -1.26162818049993936E-001
d   1 -4.33659196935076596E-001 -5.70381515645937753E-001
d   2 -8.47216315477572063E-002  6.92406580464773547E-001
s   1 -2.78028812370709375E+002
s   2 -2.78334563965969949E+002
z   1  5.67802984652145071E-001  6.08329680192008948E-001
z   2 -1.25036355189245219E-001  2.69358092866288867E-001
z   3 -3.41567155567527037E-001  2.41909291144079081E-001
z   4 -1.35901503561326603E-001  1.08329704920609601E-001
z   5  1.50507247846309200E-001 -9.80363924859077168E-002
z   6  4.16177915076495555E-002  2.50661184995077078E-002
z   7  1.58588369085983297E-002 -7.65142000057805749E-002
z   8 -4.81688028262949527E-002  2.92128514380290590E-002
z   9  1.31901539506616122E-001 -5.55779495164178336E-002
z  10 -1.29522044946690479E-001 -2.82829875798737640E-001
z  11 -3.72303766413041970E-001  1.19713712160720520E-001
z  12  1.08800050620560751E-001  2.27357960160521927E-001
z  13 -1.97819386315792982E-002 -5.03410269144628983E-002
z  14  4.75775036535094689E-002  7.46985677915534552E-002
z  15 -3.43734362456050643E-002  3.13266857911915636E-002
z  16 -3.12138742720293218E-002  9.83649617924185413E-004
z  17 -1.33152278089050807E-002  1.13309885783203675E-002
z  18  2.40087365906942289E-002  1.83621653655372647E-003
z  19 -6.42125805822642108E-003  1.82526236574057504E-002
z  20  1.18643925948201884E-003  2.47385459629005352E-003
 
basis     3
D -9.25830425909256904E-001 -3.08543116370443515E-001
a   1  4.63404500663707086E-001  2.01151799197968967E-001
a   2 -7.85932309164722676E-001 -3.56517359822804247E-001
d   1 -1.95653808405470087E-001  4.65752471611687036E-001
d   2  6.20688548226182357E-001 -5.99616501227984933E-001
s   1 -2.78019115617069019E+002
s   2 -2.78407751005216653E+002
z   1  5.79301158773905089E-001  6.04547253785999272E-001
z   2 -1.55109908154773934E-001  2.76594673153861714E-001
z   3 -3.40657496762714562E-001  2.61312083577258658E-001
z   4 -1.16186175182537946E-001  1.23003572012362020E-001
z   5  1.45239419575275197E-001 -9.71526244439154668E-002
z   6  3.14896977226399857E-003  4.76374096831254784E-002
z   7 -2.10943715650183062E-003  7.41183059532907283E-003
z   8 -2.17364752170957354E-002  2.98641825762913163E-002
z   9 -3.97650401916787508E-002 -9.88750987488277167E-002
z  10 -3.25984928138089936E-001  9.94640741568738190E-002
z  11  8.29857763201753695E-002  4.38394110046716023E-001
z  12  2.90404914164036299E-001 -9.61013670625587291E-002
z  13 -5.65874652224870461E-002  3.47773744712877170E-002
z  14  7.06550728528118344E-002 -5.57470613922873143E-002
z  15  7.47006462995182113E-002  3.67894152387748877E-002
z  16  2.48993317192652205E-002  3.64058251960754781E-002
z  17  2.94433045593916407E-002  2.22938696853863770E-002
z  18 -1.13112809362378476E-002 -1.03052311808544336E-002
z  19  3.79547611212319932E-002  1.62704535575922855E-002
z  20  5.87474315427830170E-004 -3.73140240941962882E-003
 
basis     4
D -1.78334149011671705E+000 -6.65471246084056722E-001
a   1 -3.45612010083052701E-001  6.46464584188424340E-001
a   2  3.05819610644777806E-001 -6.07544439215353949E-001
d   1 -7.14539312429961271E-001 -1.63700003407692973E-001
d   2  5.16409372714269677E-001  4.42670576895818679E-001
s   1 -2.77765204558130620E+002
s   2 -2.78273274107504847E+002
z   1  5.67530338855539607E-001  5.90968132202623453E-001
z   2 -1.53896060980377142E-001  2.91655221320428704E-001
z   3 -3.24020805167022752E-001  2.77190095796510494E-001
z   4 -1.22671471097366439E-001  9.99977964338568531E-002
z   5  1.10459673765037236E-001 -9.21670673432070514E-002
z   6 -4.40360097963074222E-004  9.01263348384947066E-002
z   7  7.59825542923583813E-002 -7.30451087401925449E-004
z   8 -4.13484323879466306E-002 -7.41902283187979069E-003
z   9 -3.11712319207427327E-002  5.88335499054767896E-002
z  10  5.66868648161217292E-002  5.52173282278328043E-002
z  11  4.93630191071766922E-002 -8.40124467230379673E-002
z  12 -5.40511194319187246E-002 -4.09360335783536151E-003
z  13  2.57812776039969618E-002  4.29840278971939209E-003
z  14 -2.24948875058019193E-002 -8.16061784591520095E-004
z  15 -1.55579714636341349E-002 -8.75601842106272458E-004
z  16  2.45727197878038120E-004 -1.08270431103310947E-002
z  17 -5.02101234989996582E-003 -5.66551479332198446E-003
z  18 -2.43948708225341263E-004  3.00855920912916196E-003
z  19 -7.20367864002913368E-003 -6.54483632639288240E-003
z  20 -2.51760762224331009E-003  1.88021396563098093E-003
 
basis     5
D  5.66332180020009179E-001 -5.13088400364840158E-001
a   1 -4.98472266512604234E-001  5.73898436664451950E-001
a   2  6.45999483365637284E-001 -6.96466180309442684E-002
d   1 -5.74182824226728616E-001 -4.98144658157780973E-001
d   2 -1.88111215264918391E-001  6.21916517390697754E-001
s   1 -2.78030379136846705E+002
s   2 -2.78432068695367320E+002
z   1  5.67524676993717225E-001  5.93074535814523407E-001
z   2 -1.40416785634931623E-001  2.87946319879296253E-001
z   3 -3.17811751759405403E-001  2.44219815758442621E-001
z   4 -1.08601863063199341E-001  7.89282352350807737E-002
z   5  1.39706817911141257E-001 -1.15254618687849517E-001
z   6  4.49117299086058269E-002  3.81073865963847749E-002
z   7  4.43237111141913664E-002 -7.47142868961815226E-002
z   8 -5.94236438323036756E-002 -9.69414496751810732E-003
z   9  1.04678579075352746E-001 -4.99873315362886830E-002
z  10 -5.96967067396404830E-002 -3.16817519081380727E-001
z  11 -4.65004103448491135E-001 -7.27635434324430536E-002
z  12 -6.17066301886075377E-002  3.51873946327248943E-001
z  13  3.64662749881634329E-002 -4.54932090158633937E-002
z  14  1.46482942752260165E-002  1.12022883522171990E-001
z  15 -5.89933127041500499E-002  1.75648126744134062E-002
z  16 -3.13070525598998159E-002 -8.84191407624009690E-003
z  17 -3.28495150538989089E-002 -1.38076456078064852E-003
z  18  2.72336062407474815E-002  7.53261511073473854E-003
z  19 -2.39295216630618993E-002  1.06296229432772307E-002
z  20  1.60109041530977700E-002  7.31410985256426404E-003
 
basis     6
D -1.05573474214907792E+000 -2.19990759393216023E-001
a   1  4.45618272852215280E-001 -7.26311767885466808E-001
a   2 -4.18145875712533255E-001  3.14721459954366511E-001
d   1  7.41937828260998966E-001  4.19085538123252277E-001
d   2 -1.50630719598542989E-001 -5.01204506209226297E-001
s   1 -2.77994811781185433E+002
s   2 -2.78384201064540036E+002
z   1  5.62499957518404869E-001  5.95275114309083753E-001
z   2 -1.41150769546404597E-001  2.88373192713082704E-001
z   3 -3.28913607131495034E-001  2.51569376903460540E-001
z   4 -1.27559615095040768E-001  9.06964923859932687E-002
z   5  1.33369573423105015E-001 -1.01312124002332637E-001
z   6  4.14064844142085636E-002  7.41670121913896030E-002
z   7  8.25935253469513436E-002 -5.13058986101065234E-002
z   8 -5.65944856240832642E-002 -7.86260851293981572E-003
z   9  1.07944623756239380E-001  5.83123692614168632E-002
z  10  1.67002621341536095E-001 -2.47519278598097803E-001
z  11 -3.18122955017235420E-001 -3.01872855764355186E-001
z  12 -1.96814874861730382E-001  2.48735620541465113E-001
z  13  4.24026720105419100E-002 -6.23918979800272347E-002
z  14 -4.15318566586858895E-002  9.18824296355281317E-002
z  15 -8.95623832122773023E-002 -4.65604799532994950E-003
z  16 -5.09629022861558673E-002 -3.91574305054241817E-002
z  17 -4.83191353240481555E-002 -9.85795131716481025E-003
z  18  6.44538806242953965E-003  1.89415262512511659E-002
z  19 -3.98921022182650853E-002 -2.03016407931401917E-002
z  20 -4.12963676382213044E-003  1.31234431749669388E-002
 
basis     7
D -1.85747709832591879E+000 -1.27083075810836332E+000
a   1  3.73532085775496014E-001 -6.82073034795540156E-001
a   2 -2.80341457168443275E-001  5.62724464985898898E-001
d   1  7.48496323161364163E-001  2.10957574201329351E-001
d   2 -4.57385646554296255E-001 -4.31333428367313754E-001
s   1 -2.77804634337058587E+002
s   2 -2.78324846686954857E+002
z   1  5.49608140849076277E-001  5.99752711561940322E-001
z   2 -1.40145513225947205E-001  2.99337340162690702E-001
z   3 -3.17992932467383194E-001  2.78694569581695140E-001
z   4 -1.09487713707780293E-001  9.87334951519798221E-002
z   5  1.03531907126399439E-001 -8.67830006735936105E-002
z   6  1.04192834895814167E-002  1.22749742175849913E-001
z   7  8.58036412820289279E-002 -1.05677954678098929E-002
z   8 -6.39001463096393330E-002 -1.89484997469358887E-002
z   9 -1.53043825422154514E-003  1.09277042233350594E-001
z  10  1.63611262454359613E-001 -1.21221587290577752E-002
z  11 -4.03723858589180723E-002 -2.19170623644762863E-001
z  12 -1.33587707923905979E-001  5.97214602242708767E-002
z  13  3.36722522788420811E-002 -4.32776979301612852E-002
z  14 -3.74195420319296257E-002  4.60751540854662661E-002
z  15 -4.52517782144782055E-002 -3.75210959105689232E-002
z  16 -1.81348535902254651E-002 -3.95143294291159519E-002
z  17 -1.98881085245715510E-002 -1.12442823100253747E-002
z  18  1.67062553758611509E-002  2.18004498210694897E-002
z  19 -1.66183301490478025E-002 -1.64591196111803020E-002
z  20 -3.72734309154919979E-004 -2.33806587912207474E-004
 
basis     8
D -5.99331684317140234E-001 -1.52383671642047780E+000
a   1 -4.78724553563608324E-001  6.46848843217945335E-001
a   2  4.38892696687241957E-001 -3.99728128404168936E-001
d   1 -6.95727338619862468E-001 -4.04418217262765611E-001
d   2  2.66047897768572683E-001  5.30686246228242009E-001
s   1 -2.77920370487885577E+002
s   2 -2.78304971270269448E+002
z   1  5.63861724370070982E-001  5.99778128224009888E-001
z   2 -1.33553785903497479E-001  2.86551360803688426E-001
z   3 -3.15525993152735162E-001  2.53443591298766258E-001
z   4 -1.25738983806954252E-001  1.02380904471820591E-001
z   5  1.27527721402603711E-001 -8.33634601189938845E-002
z   6  4.56497659926234506E-002  8.28313177022651226E-002
z   7  6.93526894488443457E-002 -4.11451047686140700E-002
z   8 -8.24863911349510703E-002  1.68386842515193154E-002
z   9  1.05794337247378467E-001  6.47150280443691134E-002
z  10  1.25235716377672002E-001 -1.99961889647855634E-001
z  11 -2.44949241881190910E-001 -1.92320012138933349E-001
z  12 -9.39690879420285036E-002  1.96716980819336140E-001
z  13  2.58146122560084582E-002 -7.30302227580613417E-002
z  14 -8.26540185907764617E-003  8.33636091291269088E-002
z  15 -6.21731889323341100E-002 -5.11324501883444506E-003
z  16 -3.71504159066838591E-002 -2.81360910634579804E-002
z  17 -3.84341110440431025E-002 -1.19074865429925920E-002
z  18  6.05680205247264257E-003  1.58952975319964773E-002
z  19 -3.27587725359722651E-002 -7.72418909729362738E-003
z  20  1.25808695989697815E-002  2.11567137557312282E-002
 
basis     9
D -5.45498074016407750E-002  3.12373659487255984E-001
a   1  1.50681092394253258E-001  4.53525608536394786E-002
a   2 -7.50506366168094852E-001 -6.41855550696582622E-001
d   1 -4.50877257717758329E-002  1.50760549766302265E-001
d   2  8.74097275779645688E-001 -4.59556640789199944E-001
s   1 -2.78029192719746959E+002
s   2 -2.78410188887431900E+002
z   1  5.69312343937774634E-001  6.07039059784416857E-001
z   2 -1.41309152246715003E-001  2.88927549216382307E-001
z   3 -3.27094783923081778E-001  2.68323042267671730E-001
z   4 -1.22148112333706968E-001  1.08210531045170186E-001
z   5  1.31759237268229329E-001 -9.82378170233527276E-002
z   6 -1.51259311166839091E-003  4.92065659118021553E-002
z   7 -1.20007942266121340E-002 -2.50390208628356210E-002
z   8 -7.83283556887703347E-002  3.54577051357393980E-002
z   9 -4.20420624022715197E-002 -3.13910451357533316E-002
z  10 -2.93385487151447411E-001  2.89641523005185440E-002
z  11 -1.28899304752969512E-001  4.45575690500316812E-001
z  12  3.55520838603632927E-001  1.98365099696006297E-001
z  13  7.66047527246335874E-002 -6.34194137570116140E-002
z  14  1.12902604252676855E-001  1.37717732623511939E-002
z  15  3.29457870622671747E-002  1.42332284300744176E-002
z  16  3.10937055769379862E-002  7.22400721309231415E-004
z  17  3.48588580456827279E-002  4.62984728450798605E-003
z  18  3.38268661878605437E-002 -3.83941311431961526E-003
z  19  2.40369305349442675E-002 -1.75905662301815394E-003
z  20  2.45353914964207658E-002 -1.00351359906757937E-002
 
basis    10
D  3.99140462239285843E-001 -6.50095793329038329E-001
a   1  4.48915900206635687E-001 -7.22308413913279823E-001
a   2 -4.92579315620683189E-001  1.84690789034892389E-001
d   1  7.26676920864934628E-001  4.41809441898325217E-001
d   2  3.32389060539735118E-002 -5.25014518709727596E-001
s   1 -2.78021141045933689E+002
s   2 -2.78452899494436110E+002
z   1  5.66234706933120169E-001  6.00051671170490963E-001
z   2 -1.33744418765691098E-001  2.80001470039029032E-001
z   3 -2.97028811620778876E-001  2.73945123975565086E-001
z   4 -1.09839060266380045E-001  8.16387158258196771E-002
z   5  1.23129672314530106E-001 -1.12391605816111947E-001
z   6  4.00559378824297332E-002  5.11097396810963889E-002
z   7  8.44615895569973962E-002 -5.09000316165011471E-002
z   8 -4.54868491591183602E-002 -1.46830380529610980E-002
z   9  1.16922116697537798E-001  7.76923952573267424E-003
z  10  9.40852597346797798E-002 -3.07107482908595297E-001
z  11 -3.91675005101699614E-001 -2.76030553890378116E-001
z  12 -1.90854686470533691E-001  3.06462392040925125E-001
z  13  4.14710526352157216E-002 -3.75383757260961751E-002
z  14 -3.20874423434296188E-002  1.22517018054275645E-001
z  15 -7.29749325055694814E-002 -3.23332041159279287E-003
z  16 -4.70229437418424184E-002 -3.11308889228081101E-002
z  17 -5.13252928267118672E-002 -2.17343202993858890E-002
z  18  1.99454539541585249E-002  2.33031942736922001E-002
z  19 -3.92083567172425290E-002  6.12705083538164774E-003
z  20  1.38399646711934374E-002  1.30740510164849711E-002
