ndof   20
nconf    2
nbasisfns   10
initial_PES    1
time  1.00000000000000000E+001
 
zinit   1 -4.14997759261750143E-001 -7.13809402039770169E-001
zinit   2 -2.96204443811361462E-002  3.28858468967923256E-001
zinit   3  4.12903823327918196E-001 -6.87911260134028008E-002
zinit   4 -5.11822357723039096E-003 -1.44514065336095898E-001
zinit   5  1.69379151664254407E-001 -3.30941199642315470E-002
zinit   6 -5.28198211164685946E-002  5.14438032130907219E-002
zinit   7 -2.54749078741217105E-002  4.71607650841565224E-002
zinit   8 -3.90553868733603537E-002 -2.91843467915719719E-003
zinit   9 -1.75004900262057013E-002  7.60748995023281891E-003
zinit  10  9.62642375279360724E-003 -8.68154596828994186E-003
zinit  11 -1.06365585514482121E-003 -4.01087795303680013E-004
zinit  12 -9.76363977609973825E-005  1.02374179534585308E-003
zinit  13 -4.31139051370506624E-004 -5.38233851163372689E-004
zinit  14  2.95650617349177858E-004  5.35523821173564140E-004
zinit  15  3.13162363157710116E-005 -5.48656707303182617E-005
zinit  16 -2.06876589156057635E-005  1.17926799544803055E-005
zinit  17  1.47505007511253079E-006  1.47663028221105054E-005
zinit  18 -7.87079305085555884E-007  3.00106717522164956E-007
zinit  19 -1.66734345558129036E-009 -8.66937773389711972E-009
zinit  20 -1.01303575114215688E-014 -2.05975978369454316E-014
 
basis     1
D  3.23033439891638796E-001  2.58052576953124446E-001
a   1 -2.70097578367689606E-001 -9.01247651612162803E-001
a   2 -1.77377102132637132E-001 -2.88682060860106782E-001
d   1  8.33773012824234661E-001 -4.35915811209604320E-001
d   2  3.26145356493208582E-001 -9.18105389447652492E-002
s   1 -2.77840385971604917E+002
s   2 -2.78307516742711186E+002
z   1 -8.05489813992022130E-001  1.91031514249280526E-001
z   2  1.94388505822898461E-001 -2.65850044278851894E-001
z   3 -2.01068643201819663E-001  3.74205860773485555E-001
z   4  1.01669973024948929E-001 -1.28522657091824616E-001
z   5  7.44742258779713534E-002 -1.64224130315641398E-001
z   6  8.35073401799786286E-002 -8.26026599501601460E-004
z   7  7.68330878188326540E-003 -3.27055722135196000E-002
z   8 -7.53679377734902886E-003 -3.39515390054241292E-002
z   9  4.46328734084486048E-002 -4.71893999710302093E-003
z  10  1.33898989507104937E-001 -5.74033843340340522E-002
z  11  3.69568817222220777E-002 -2.62367992437841646E-001
z  12 -2.35401897073535427E-001 -1.34999883304734947E-001
z  13 -1.00718108201280729E-001  3.74070751312195679E-002
z  14 -7.87084122438196920E-002 -3.19364922558480965E-002
z  15 -4.60867426533860744E-002 -1.66379516641803758E-003
z  16 -4.24636836549434765E-002  1.20441733122485916E-002
z  17 -2.86827493648753457E-002 -4.95864128406035571E-003
z  18 -1.56615674475921729E-002 -4.32614255700251599E-003
z  19 -1.71631124498021863E-002 -1.42035496017513373E-002
z  20 -1.57631648138457370E-002 -3.33404857928256641E-003
 
basis     2
D  8.42500012524191599E-002 -1.63269272072270422E+000
a   1  5.17058618276903692E-001 -5.34515645152390917E-001
a   2 -5.51393179092014685E-001  3.78033030836826378E-001
d   1  6.38659408185773048E-001  3.81012795038297436E-001
d   2 -1.82659087607063925E-001 -6.43101133623188659E-001
s   1 -2.77800053581163013E+002
s   2 -2.78355202764332773E+002
z   1 -8.02008428205016388E-001  1.83616128749910151E-001
z   2  1.85905924549537527E-001 -2.77204810327565720E-001
z   3 -2.37912173943516964E-001  3.56835016647032932E-001
z   4  7.46263353852968658E-002 -9.59360142777985203E-002
z   5  1.03733952121649708E-001 -1.11788762230601899E-001
z   6  1.28002147484186757E-001 -3.47028454937311631E-002
z   7 -4.65517620059637122E-002 -9.17883645732288367E-002
z   8 -3.59473586999729047E-002  2.44774492375556922E-002
z   9  9.85366421312726809E-002  3.44458358342207603E-003
z  10 -1.11038328422307341E-002 -1.91206365079566898E-001
z  11 -2.29525385372302576E-001 -1.58183329201183574E-002
z  12  8.67766124439956973E-003  1.35858999509440054E-001
z  13 -1.82006969282087691E-002 -5.83295391423775261E-002
z  14  2.83636755809054883E-002  4.13142897705227330E-002
z  15 -4.42901050546007855E-002  3.75099889191961170E-003
z  16 -1.81172137199505923E-002 -8.57570926937977970E-003
z  17 -2.11364827037442103E-002  1.14593730177366491E-002
z  18  1.36459620834575163E-002  9.84575495825515401E-003
z  19 -1.20428081110271392E-002 -1.38890556688316871E-002
z  20  7.58469032053534029E-003 -1.25060597138167105E-002
 
basis     3
D  4.41264879393759510E-002 -5.23717987023369247E-001
a   1 -3.88600981516906419E-001  6.91103374547202831E-001
a   2  2.75098719385322821E-001 -5.43770261641889352E-001
d   1 -7.73280141865723247E-001 -1.75135431431110572E-001
d   2  3.96992748494584158E-001  4.62344201322185067E-001
s   1 -2.77741445713554697E+002
s   2 -2.78423886313850687E+002
z   1 -8.04188825511937044E-001  1.78073316856285524E-001
z   2  1.76221237815647108E-001 -2.71787299843318508E-001
z   3 -2.16961031093774903E-001  3.62419902541848082E-001
z   4  8.11354016389899679E-002 -1.17779658733883838E-001
z   5  7.94265279260258222E-002 -1.28214026385288615E-001
z   6  9.86383951344044912E-002  1.79369828453137779E-002
z   7  2.12594826982044662E-002 -5.62921623212738337E-002
z   8 -8.29330727835734943E-002 -1.49470776602942061E-002
z   9  2.62719028703377877E-002  1.00536822638495879E-001
z  10  1.86975965491256141E-001 -1.91608363628939689E-002
z  11 -4.81633878844401203E-002 -2.37353005713349913E-001
z  12 -1.42367181179573671E-001  8.06445487548865109E-002
z  13  2.90540445678943889E-002 -4.82768011452262766E-002
z  14 -4.30538286468244366E-002  5.60144366836418869E-002
z  15 -5.27957550172456699E-002 -3.21752815195978856E-002
z  16 -2.12777081929971558E-002 -2.91983876213568541E-002
z  17 -2.83171628461699361E-002 -2.99486498187522994E-002
z  18  1.83516363355164004E-002  1.45308643747342758E-002
z  19 -3.03242878168363435E-002 -7.10504243589409144E-003
z  20  1.23055825493432851E-002  6.63652795364213057E-005
 
basis     4
D  3.68371952338678033E-001  5.25509794268748109E-001
a   1  4.52792849214073312E-001 -7.16853578188445417E-001
a   2 -4.10839097237489903E-001  3.35128064059173059E-001
d   1  7.80288705641007274E-001  3.31737777031886560E-001
d   2 -1.29391360625589508E-001 -5.14157037231256386E-001
s   1 -2.77869586040069692E+002
s   2 -2.78468662729798496E+002
z   1 -8.02693432910190130E-001  1.75016479091331445E-001
z   2  1.88767849677071803E-001 -2.86672418665073814E-001
z   3 -2.17228452662495491E-001  3.53551421325558390E-001
z   4  9.71618710688572085E-002 -1.12267038844207620E-001
z   5  6.68840134098075689E-002 -1.43153051066447962E-001
z   6  9.88647774325048662E-002 -4.80963390252796361E-003
z   7 -3.10226232330704319E-003 -7.40404847211907496E-002
z   8 -6.64238069751945104E-002 -1.11998439375432142E-002
z   9  1.12939629796102281E-001  6.05075266227369096E-002
z  10  1.79966460860269933E-001 -2.29159665195342449E-001
z  11 -2.92854936474861438E-001 -2.84151385596181638E-001
z  12 -1.69239349788526311E-001  2.33792469931390384E-001
z  13  3.33308994771092243E-002 -6.05776762957786069E-002
z  14 -3.99370655037276714E-002  9.13723498810524032E-002
z  15 -7.13056462565386379E-002 -2.22004484101716477E-002
z  16 -3.79053587764949518E-002 -4.28127842375466000E-002
z  17 -5.51049843712506718E-002 -2.29164244639223011E-002
z  18  1.35915827138077799E-002  3.94803024944709383E-002
z  19 -4.47803461859823670E-002 -4.33347390060584859E-003
z  20  1.75286977259987847E-002  1.19605653843234370E-002
 
basis     5
D -1.12850036924152852E-001 -8.99506765587735124E-001
a   1  2.87254788125931415E-001 -8.66933188665075627E-001
a   2 -1.43281010778455453E-001  3.81290027459377734E-001
d   1  9.00231626879702929E-001  1.53855402491406584E-001
d   2 -2.53306372721185780E-001 -3.18978705603531809E-001
s   1 -2.77880260038042081E+002
s   2 -2.78571148835297322E+002
z   1 -8.12302710568686859E-001  1.75716406622535765E-001
z   2  1.79336813302573700E-001 -2.42237258975232767E-001
z   3 -1.87565598461186728E-001  3.86136822350333586E-001
z   4  1.13777995278910415E-001 -1.25518963234993480E-001
z   5  7.02120764790375579E-002 -1.53895926218136442E-001
z   6  7.61590897938958233E-002  1.96885707955588227E-002
z   7  2.65476138766510515E-002 -2.82779971904184961E-002
z   8 -4.19215308103656550E-002 -4.21225215825833249E-002
z   9  5.98525818678331545E-002  9.88736373849573164E-002
z  10  3.16984706674926064E-001 -8.19904160761928263E-002
z  11 -9.31192719450415624E-002 -4.68351272373166594E-001
z  12 -3.42445725117730748E-001  6.71574458425933662E-002
z  13  3.49096854602270953E-002  3.49965577657048972E-003
z  14 -1.00359737296671483E-001  4.76300699039809913E-002
z  15 -8.01103132826417041E-002 -4.59255540586624225E-002
z  16 -3.23257420938187698E-002 -4.04545862687159877E-002
z  17 -4.76552264062500425E-002 -1.69642619113632605E-002
z  18  9.73406440596365739E-003  3.09156553978406357E-002
z  19 -4.37602602124618836E-002 -9.16837959779645204E-003
z  20  1.42643825365101903E-005  1.17105078569867110E-002
 
basis     6
D  5.14999670765420373E-002  1.88455566290443022E+000
a   1 -4.85209587379763385E-001  6.13012848195259918E-001
a   2  6.20107175822445122E-001 -6.52226552334874421E-002
d   1 -6.41983595131000673E-001 -4.46172790878579195E-001
d   2 -2.33617596964180274E-001  5.78108746388494854E-001
s   1 -2.77968759683853591E+002
s   2 -2.78519785771023862E+002
z   1 -7.89478307269943613E-001  1.75352121790968984E-001
z   2  1.87497452969941747E-001 -2.92078805016692922E-001
z   3 -2.08427746407059661E-001  3.42759792463751156E-001
z   4  7.73143248066691935E-002 -1.30708328547287284E-001
z   5  9.18552040489094834E-002 -1.61886682435747387E-001
z   6  1.08614285819268186E-001 -5.08146977572643682E-002
z   7 -3.10837914347231181E-002 -9.94658956418285611E-002
z   8 -4.58101132812310796E-002 -2.50797779171169875E-002
z   9  9.92350859112587219E-002 -6.25777332095389105E-002
z  10 -1.62991258671370855E-002 -3.18554340575528783E-001
z  11 -4.69618772551793573E-001 -1.12776663473637309E-001
z  12 -1.13942902365237478E-001  3.59186113982394029E-001
z  13  5.62069916562164124E-002 -2.48658728552065451E-002
z  14 -2.09767180484197353E-002  1.06497221451793717E-001
z  15 -7.79562975435641597E-002  1.59227685503555011E-002
z  16 -2.79250190640532511E-002 -2.35525062603459921E-002
z  17 -4.17580712819204808E-002 -1.41824158493601849E-002
z  18  2.26540717319992958E-002  2.09677320012562930E-002
z  19 -2.73445417660485822E-002  6.86126883926591654E-003
z  20  1.75924479188712124E-002  7.29877164891680561E-003
 
basis     7
D  7.12386604241628030E-001 -2.91598026499483853E-001
a   1 -3.55714190722821677E-001  7.34933596719293147E-001
a   2  2.17216201237656781E-001 -5.34936580214428248E-001
d   1 -8.01875585144186331E-001 -1.53803520824515982E-001
d   2  3.94440077671838973E-001  4.21612438215310747E-001
s   1 -2.77769680197156219E+002
s   2 -2.78463913688284663E+002
z   1 -8.09394344336089477E-001  1.84349060603940157E-001
z   2  1.85413361996544651E-001 -2.65793067185460530E-001
z   3 -2.00080027499086738E-001  3.72606369670681004E-001
z   4  9.51804657343227056E-002 -1.25390916624981058E-001
z   5  7.18726573872333907E-002 -1.33461778106594792E-001
z   6  9.53816562646067345E-002  1.09850399978893946E-002
z   7  1.23875486382243622E-002 -5.54403271409590406E-002
z   8 -6.61754312034404102E-002 -4.66892832440368374E-002
z   9  2.09008427410802312E-002  1.17998081492909718E-001
z  10  2.44659286463810050E-001 -8.76673402404377390E-003
z  11 -3.71129907148350854E-002 -3.06280311649629822E-001
z  12 -1.90882758395098356E-001  7.15333643917672457E-002
z  13  4.59722536013192837E-002 -3.55880177183374932E-002
z  14 -4.55024957649073358E-002  4.95401112497122487E-002
z  15 -5.43728330507924421E-002 -3.25639723227146016E-002
z  16 -1.68810614088644242E-002 -5.95966747059937518E-002
z  17 -3.74756551498929627E-002 -2.45902311233232307E-002
z  18  1.44601350022084034E-003  2.30745957615242220E-002
z  19 -3.21421281631541420E-002 -2.18929940416792007E-002
z  20 -5.40908726029441008E-003  1.58606620983920283E-004
 
basis     8
D  1.44295470094668232E+000  5.67542387660455172E-001
a   1  5.27581588103456234E-001 -5.99088163374648763E-001
a   2 -5.08530474201524307E-001  3.22719378418667879E-001
d   1  6.80306866273492350E-001  4.17650005749449660E-001
d   2 -9.89023759294159477E-002 -5.94112245652347215E-001
s   1 -2.77859521583811215E+002
s   2 -2.78431472933764724E+002
z   1 -8.03236101989797557E-001  1.84463200770250496E-001
z   2  1.83551079109155635E-001 -2.74330016474043648E-001
z   3 -2.11319641532542124E-001  3.59172115941180203E-001
z   4  8.63193576049471611E-002 -1.13333875133402068E-001
z   5  9.65523107333256247E-002 -1.29953159046771460E-001
z   6  1.21306963070488827E-001 -3.58860820492675064E-002
z   7 -3.60432447985202103E-002 -9.14577067721357856E-002
z   8 -6.63997788856870441E-002  2.88197149360753819E-003
z   9  1.26746709525823648E-001  1.74921018855505352E-002
z  10  6.95470348199835886E-002 -2.56560847348250132E-001
z  11 -3.43739803389284504E-001 -1.29348397020465716E-001
z  12 -5.35263441366341727E-002  2.38534724471247850E-001
z  13  1.44452431087255893E-002 -7.78574926854638943E-002
z  14 -7.77896055054552813E-003  8.56777240724445055E-002
z  15 -7.78413732394548086E-002  9.19017705942045868E-004
z  16 -2.64725506231229639E-002 -3.38145728832296433E-002
z  17 -3.73652714439274974E-002 -1.58926220004565570E-002
z  18  2.18169784374973030E-002  1.17541322526714329E-002
z  19 -3.57735608513855899E-002  8.86485002323627973E-003
z  20  1.22801011153917251E-003  1.50069853298190250E-002
 
basis     9
D  1.44362302052331937E+000 -1.64939898412858899E+000
a   1 -5.50939414771890124E-001  5.01963516925447162E-001
a   2  6.59966753262103745E-001 -9.45635950841861028E-002
d   1 -5.27786610160094871E-001 -5.26253651017332569E-001
d   2 -1.93201443104570769E-001  6.38099985354082078E-001
s   1 -2.77983013870864454E+002
s   2 -2.78467268307725590E+002
z   1 -7.95415460433007260E-001  1.68865663198582122E-001
z   2  2.02173503863753934E-001 -2.91474235229267131E-001
z   3 -2.21869458674915948E-001  3.42838368438640018E-001
z   4  7.74650489071837256E-002 -1.15332397765903136E-001
z   5  1.08143270850919418E-001 -1.69180878539505974E-001
z   6  1.00477358859052929E-001 -4.99010718084613308E-002
z   7 -6.37838839495872140E-002 -1.14917602819651798E-001
z   8 -5.51735582456696974E-002 -1.29739261047543599E-002
z   9  1.30575297518717243E-001 -8.66177427038516135E-002
z  10 -8.27390430921288028E-002 -3.08283177862659241E-001
z  11 -4.67110829935676153E-001  1.60752168929300873E-002
z  12  6.62920013861910493E-003  3.23932354624306029E-001
z  13  2.45346019766011190E-002 -6.44239522507660256E-002
z  14  1.75691905305741351E-002  8.85476612686535575E-002
z  15 -6.16046318008880989E-002  1.61800455454316587E-002
z  16 -1.61998366885372745E-002 -3.81115312092169256E-002
z  17 -2.75066522987962164E-002 -5.50963182854080549E-003
z  18  2.87237891567108557E-002  1.06952704421580478E-002
z  19 -2.55649465667937906E-002 -1.06538211619884859E-002
z  20  1.13424698611627670E-002  1.93817815752696104E-002
 
basis    10
D -8.91339400798826120E-001  6.17986328470229829E-001
a   1  4.21171773703244379E-001 -7.23689174835766336E-001
a   2 -3.27787374001328569E-001  4.37542858136745982E-001
d   1  7.98013727790565008E-001  2.53546396142037944E-001
d   2 -2.59465225670468147E-001 -4.81213166828311723E-001
s   1 -2.77811521651007411E+002
s   2 -2.78464280389117448E+002
z   1 -8.22795030616306655E-001  1.83125015029378779E-001
z   2  1.72367227364612824E-001 -2.85504613487138792E-001
z   3 -1.95908523712258253E-001  3.58458469694946213E-001
z   4  8.62046154544500454E-002 -1.16721036524787575E-001
z   5  7.64417716268037256E-002 -1.33184507154928494E-001
z   6  1.01888582841734174E-001  1.48493433479705969E-003
z   7 -8.94950440564517939E-003 -6.87871398356310337E-002
z   8 -8.22705514435742857E-002 -3.48940645554653012E-002
z   9  6.62988417411019132E-002  9.90807681001073387E-002
z  10  2.31707876650072531E-001 -1.37562109434601093E-001
z  11 -1.99336115005009834E-001 -3.14331274859523502E-001
z  12 -1.93835694182533380E-001  1.72541811514590998E-001
z  13  5.30860641030797484E-002 -8.07111481918600382E-002
z  14 -2.89509900318688403E-002  9.11495581101300079E-002
z  15 -7.90513149719953984E-002 -1.24391328053406885E-002
z  16 -3.54592869935074287E-002 -4.72256954739326829E-002
z  17 -4.25902988680196756E-002 -2.75616091173481320E-002
z  18  1.78188398794548904E-002  2.14627955661214238E-002
z  19 -4.02106973679479535E-002 -2.46213666905020119E-002
z  20  8.54588733646652679E-003  1.25608172879848358E-002
