ndof   20
nconf    2
nbasisfns   10
initial_PES    1
time  1.00000000000000000E+001
 
zinit   1 -1.56886000074079557E+000  4.55805662813861368E-001
zinit   2 -3.77601981625694416E-001 -6.42239143512155275E-001
zinit   3 -2.09387319571522512E-001 -2.11376761914456701E-001
zinit   4  3.27183221075477773E-002 -3.62654200400001694E-002
zinit   5 -1.32971965408109183E-001 -1.35702133116999933E-002
zinit   6 -4.37816874342436060E-002 -1.93493397301854025E-001
zinit   7 -4.12654455328110917E-002 -1.07919837444385242E-001
zinit   8 -1.16946761889754336E-002 -5.50062883445608802E-002
zinit   9 -2.77042646388837611E-002  1.10848809362362657E-002
zinit  10 -3.09260642334421160E-003  9.33733913601135892E-004
zinit  11 -3.72675619889145529E-003 -2.43229125464370288E-003
zinit  12 -5.43041894209076847E-003  1.07316032449483669E-003
zinit  13 -5.13698012971114905E-005 -1.28220350794769193E-003
zinit  14 -5.04806445901172219E-004  2.99979716629077608E-004
zinit  15  3.00171387990014153E-006 -3.00402234052502695E-005
zinit  16  3.01227903640916109E-006  8.29781128770307245E-005
zinit  17 -3.84293723084935703E-006 -2.67443221627188079E-006
zinit  18  2.11483139393234460E-008 -4.97870478892457826E-007
zinit  19 -1.37004336328687584E-011 -1.10890819896936449E-010
zinit  20 -4.82547134898324504E-014  2.09777306634260238E-014
 
basis     1
D  2.00956209862555335E+000  3.59201597934019512E-001
a   1  4.21952557351844004E-001 -6.70525513190727840E-001
a   2 -4.23467190176409214E-001  4.39348511262656227E-001
d   1  6.78329231496494711E-001 -4.09289479699667946E-001
d   2  3.15322674169775774E-001 -5.22420507502372899E-001
s   1 -2.76926373928352120E+002
s   2 -2.79377800158861589E+002
z   1 -4.23649448259065114E-002  1.62421179739725163E+000
z   2 -1.74001232663130133E-002  7.42995324656186562E-001
z   3  2.87475425773187465E-001 -1.69267066853649728E-002
z   4  5.39131645701060661E-002 -3.92141423453913097E-003
z   5 -9.67108653062705020E-002  9.34725536812245766E-002
z   6 -7.15985665186230913E-002  1.97444673577491403E-001
z   7  1.25404252907351299E-001 -2.39220820458937791E-002
z   8 -3.77459649813932305E-002 -3.97026104317092163E-002
z   9  1.08441968611358450E-001  5.64933524996542383E-002
z  10  1.37422016483335130E-001 -1.70182010642827647E-001
z  11 -2.22596502574970712E-001 -2.24562209852425837E-001
z  12 -1.15999293715374360E-001  1.79137782451178895E-001
z  13  3.82248569298163227E-002 -6.74904477346342929E-002
z  14 -1.71783607376539173E-002  8.05091188140783787E-002
z  15 -6.45468519964511184E-002 -2.12492212560703303E-002
z  16 -3.08773514499945459E-002 -3.82762237928448434E-002
z  17 -4.32410491310145292E-002 -2.10520126238270024E-002
z  18  2.08947511900569420E-002  1.69098798894918925E-002
z  19 -3.34752620727360659E-002 -1.75064394581342896E-002
z  20  1.19723597363943796E-002  6.01051292385540448E-003
 
basis     2
D -4.04563544782500728E-001 -3.01271937271542500E-001
a   1 -4.87765271344321849E-001  5.48653713258727249E-001
a   2  6.74440657334388738E-001 -7.87016056520651874E-002
d   1 -7.25683036413124150E-001  1.10995439836138840E-001
d   2 -6.00614582930881657E-001  3.16743217399549970E-001
s   1 -2.77152456331891756E+002
s   2 -2.79232613132175572E+002
z   1 -1.49218112426524781E-002  1.62804846868214503E+000
z   2  1.71812570765944340E-002  7.21179393392080814E-001
z   3  2.72565717004242203E-001 -6.55273646826711603E-002
z   4  2.47469075748089386E-002 -1.78215038918397607E-002
z   5 -9.79048443734559515E-002  8.51219962815863984E-002
z   6 -4.18540005029921364E-002  1.51404026863123015E-001
z   7  9.50620171973627082E-002 -7.65351092902671476E-002
z   8 -3.03432322019433591E-002 -6.62939191610127654E-002
z   9  1.31797947726819048E-001 -5.69173906296968415E-002
z  10 -6.20048489435222269E-002 -3.17021830090947532E-001
z  11 -4.57794738030942894E-001 -2.59345539231106426E-002
z  12 -2.88115133684002690E-002  3.41099765818857203E-001
z  13  3.76189081676631468E-002 -6.27063811957188216E-002
z  14  1.35960403922316744E-002  1.03221950892765910E-001
z  15 -4.84367431417668318E-002  1.63010295731817051E-002
z  16 -2.17598089650244408E-002 -1.44546440629366290E-002
z  17 -3.94575289922698483E-002 -1.02680402755410387E-002
z  18  8.11708117920643436E-003  1.59444245634359945E-002
z  19 -4.40239311577069331E-002 -5.69869244143584967E-003
z  20  6.90174480274149960E-003  1.83080757930595556E-002
 
basis     3
D  2.02353842277698170E+000 -6.25634644096031090E-001
a   1 -4.12028844449558118E-001  7.17497619917690121E-001
a   2  4.16376052378735428E-001 -3.76908980736158639E-001
d   1 -7.38811649089979539E-001  3.72462012042749480E-001
d   2 -3.08201624278630848E-001  4.69511613856444576E-001
s   1 -2.77042721842400056E+002
s   2 -2.79347519885895736E+002
z   1 -3.91640325918360607E-002  1.61955592123962067E+000
z   2 -9.36415028778462763E-003  7.41521187441558816E-001
z   3  3.01806131379763753E-001 -2.68747006583750503E-002
z   4  4.11293150928651388E-002 -1.97581033782968131E-002
z   5 -1.09219829014665495E-001  9.41190072692074525E-002
z   6 -5.12186126029912647E-002  1.95235138545110876E-001
z   7  1.37634851941690062E-001 -2.73506261336677013E-002
z   8 -3.26655232763174083E-002 -5.51581783772898682E-002
z   9  1.32592945309492311E-001  6.13898180204978244E-002
z  10  1.91661360973950284E-001 -2.30112027582355522E-001
z  11 -2.89957214226245374E-001 -3.12318041193799578E-001
z  12 -1.89380167834873880E-001  2.23888879674225050E-001
z  13  4.97196694761933636E-002 -5.39918312690019983E-002
z  14 -5.02201966786490275E-002  9.89056801649252637E-002
z  15 -7.91218047148715409E-002 -1.61826902321201907E-002
z  16 -2.77310343802302101E-002 -3.45852085801131998E-002
z  17 -4.70804624730944490E-002 -3.46231720777254656E-002
z  18  1.54211699422928707E-002  1.91708355331917171E-002
z  19 -4.37260063919178571E-002 -6.37658918518573415E-003
z  20  1.08167863429272076E-003  2.50155453087818926E-002
 
basis     4
D  8.59785016284024817E-001 -9.84565661951297133E-001
a   1  4.00917640256383268E-001 -4.45682185676337106E-001
a   2 -4.97018508025771688E-001  6.27379500607015639E-001
d   1  5.49569811999113811E-001 -2.39458945619583197E-001
d   2  3.91503109694716189E-001 -6.98110127559713467E-001
s   1 -2.76887462144401752E+002
s   2 -2.79442871503979234E+002
z   1 -4.35221869424073371E-002  1.62196358171904564E+000
z   2 -2.12324129254704980E-002  7.47259241852767264E-001
z   3  2.69878699765288332E-001 -4.61951112676162959E-003
z   4  5.43045007603350505E-002  1.37790894181241356E-002
z   5 -8.99599540364148659E-002  7.65710866720506755E-002
z   6 -9.84763475291573348E-002  1.73956812336393318E-001
z   7  8.66436533508344320E-002  4.24114417740088720E-002
z   8  1.59188599583890839E-002 -4.48745605731897534E-002
z   9 -3.08828845638797859E-002 -4.53622583184388820E-002
z  10 -1.52678238832535534E-001  1.48403326744894454E-001
z  11  1.83261358782726647E-001  2.18784093790956591E-001
z  12  1.21937599821357767E-001 -1.49903039812489425E-001
z  13 -3.00004792894088095E-002  6.22104464230560927E-002
z  14  4.08312011634741692E-002 -6.38637887872417070E-002
z  15  5.37843979471423969E-002  1.96845218355887613E-002
z  16  2.08217097611850775E-002  4.73024488854279154E-002
z  17  3.71271284655916925E-002  1.72595141688379750E-002
z  18 -1.67712445810279075E-002 -1.60577411764294929E-002
z  19  2.96128154163624382E-002  1.09753536784302913E-002
z  20 -3.45751486593240658E-003 -1.24072822153573816E-002
 
basis     5
D  3.03761246478387384E-002 -1.03886696449105020E+000
a   1  4.92513007877449227E-001 -5.43847251458990044E-001
a   2 -5.84933486481656328E-001  3.45707854328599073E-001
d   1  6.87538725520699723E-001 -2.56182350596918074E-001
d   2  4.54625542416878525E-001 -5.04952196088133465E-001
s   1 -2.76938372605461439E+002
s   2 -2.79297740330074475E+002
z   1 -2.29647656492780843E-002  1.62654579230382068E+000
z   2 -1.57393576889180882E-002  7.29169125611134894E-001
z   3  2.68989975216163468E-001 -4.04730005766970047E-002
z   4  4.05966784384511753E-002  3.39972584390499464E-003
z   5 -8.13002926276868987E-002  9.58073299204171974E-002
z   6 -6.60757762553561556E-002  1.59404875370415811E-001
z   7  9.02039768409492737E-002 -2.59494007461678680E-002
z   8 -1.43075707706183247E-002 -3.23080782890476951E-003
z   9  1.33358842450439136E-001 -4.03900614331089911E-003
z  10 -1.52221553382938767E-002 -2.32188011178802389E-001
z  11 -2.79240113909213494E-001 -1.99604679713570980E-002
z  12  1.72885487827059703E-002  1.91825962995720301E-001
z  13 -1.13463026363250768E-002 -6.26860344109538420E-002
z  14  2.13516611863512548E-002  6.73896063794515027E-002
z  15 -4.99442983626025294E-002  2.39074828295649001E-002
z  16 -2.56628105532007468E-002 -2.31451285144602774E-002
z  17 -3.88045730749846107E-002 -1.02112404331882352E-002
z  18  2.31560227222198274E-002 -4.71427762982415833E-003
z  19 -2.13691680846366042E-002 -6.75323047630682453E-003
z  20  1.14651191229654878E-002  1.76481686210426675E-002
 
basis     6
D  5.54893264102496842E-001 -2.81065182772801680E+000
a   1 -4.30187819520067960E-001  7.15333015534912242E-001
a   2  4.57342587343670559E-001 -3.06716277077288935E-001
d   1 -7.66529207026191428E-001  3.30447965576275982E-001
d   2 -3.52941156015272983E-001  4.22693337081338383E-001
s   1 -2.77082492398471857E+002
s   2 -2.79317414504476119E+002
z   1 -3.55985920547448736E-002  1.62544300603950753E+000
z   2  7.70220434659361734E-004  7.30972123982486788E-001
z   3  2.90047566503351173E-001 -3.73808228668213588E-002
z   4  4.13520748438004973E-002 -2.08789640719534986E-002
z   5 -1.06979113335080256E-001  9.81463636143268536E-002
z   6 -5.37968810311345996E-002  1.86802872531910191E-001
z   7  1.37939405619993821E-001 -4.15446922983703226E-002
z   8 -3.01462410186084002E-002 -5.64869151883072851E-002
z   9  1.30917462825333952E-001  4.09154406400853918E-002
z  10  1.49899080205182555E-001 -2.68066189822640299E-001
z  11 -3.40562185847652410E-001 -2.84351425124858115E-001
z  12 -1.89844308390023198E-001  2.53217437351094921E-001
z  13  5.04415165049983058E-002 -4.81593989735058930E-002
z  14 -4.73531811632125627E-002  1.08014989485319846E-001
z  15 -6.85052717506449693E-002 -1.08905590361263616E-002
z  16 -3.10986012844493599E-002 -3.45297147634050713E-002
z  17 -4.81086425113081279E-002 -1.42389368846138776E-002
z  18  2.19469866371188559E-002  2.17020471399038857E-002
z  19 -4.19744993746293538E-002 -8.34440440629135791E-003
z  20  1.26426065052307190E-002  1.61528621233408033E-002
 
basis     7
D -1.34015954141541682E+000 -1.82116688057410747E+000
a   1  3.08268088656635519E-001 -7.95236962476464804E-001
a   2 -2.19310168678207129E-001  4.73784770694037682E-001
d   1  6.98981479442296494E-001 -4.88728894551435145E-001
d   2  1.23555208273619307E-001 -5.07250499788544418E-001
s   1 -2.77050951324672383E+002
s   2 -2.79407150509407074E+002
z   1 -4.43386665310472466E-002  1.62365985478331609E+000
z   2 -2.16004595848049534E-002  7.52378670724295651E-001
z   3  2.89641618508912013E-001 -9.48085714149420923E-003
z   4  6.16645371340326237E-002 -1.76102182715096728E-002
z   5 -1.13848362856255325E-001  9.22347373730818820E-002
z   6 -6.91527582866582058E-002  2.23287623266248125E-001
z   7  1.56004893280179358E-001 -1.50530073807554512E-003
z   8 -3.41003747364870546E-002 -8.13658369989819080E-002
z   9  7.46016506973794513E-002  1.17824099873368893E-001
z  10  2.90090044321570983E-001 -9.70971593153639179E-002
z  11 -9.32861940620862556E-002 -4.16825275980447718E-001
z  12 -2.89274313560716978E-001  1.06586855453280852E-001
z  13  6.34078387393258724E-002 -2.73878351877271595E-002
z  14 -7.41550713898091185E-002  6.05511765168458629E-002
z  15 -5.91421358962858496E-002 -4.52558840839855439E-002
z  16 -1.28382129994800646E-002 -5.31771160508530474E-002
z  17 -2.90924083437190950E-002 -2.93018620194357773E-002
z  18  1.30682438258732580E-003  9.65484523794282734E-003
z  19 -4.36411560206464988E-002 -1.20663016757648154E-002
z  20 -4.59406519360620706E-003  1.30992410763093210E-002
 
basis     8
D  4.16526308187840144E-001 -1.06499475318186509E+000
a   1  4.40772599212623462E-001 -6.95695536912363743E-001
a   2 -5.15506835389502371E-001  2.36600799597773831E-001
d   1  7.71030363365012628E-001 -2.89456288695980113E-001
d   2  4.14521985665135984E-001 -3.87167611124482058E-001
s   1 -2.77107076384874176E+002
s   2 -2.79280741772109991E+002
z   1 -2.68533749509677969E-002  1.62498902009551438E+000
z   2  4.21331743394356799E-003  7.28193484597598584E-001
z   3  2.91281194327203619E-001 -5.65182676279792628E-002
z   4  3.82208403408463987E-002 -2.39345571248426869E-002
z   5 -1.05836676108116104E-001  8.84049672419771754E-002
z   6 -4.99097046564662972E-002  1.86145923863651808E-001
z   7  1.33303478971931372E-001 -5.90594638414910778E-002
z   8 -4.28574270227670626E-002 -6.90239813576200983E-002
z   9  1.27694117216799463E-001  1.19090216637177688E-002
z  10  1.17634552314371796E-001 -2.91203436146599604E-001
z  11 -4.03229310823861320E-001 -2.50660092799035561E-001
z  12 -1.72517447601987090E-001  2.97673468957594001E-001
z  13  4.88382889865464076E-002 -5.30922062898313285E-002
z  14 -3.69191300678403250E-002  1.11560824490368943E-001
z  15 -8.45106822758317361E-002  2.46014515644731599E-003
z  16 -3.68392955313925075E-002 -3.94595752001521069E-002
z  17 -4.08489436358980967E-002 -2.60992447354458507E-002
z  18  7.49893952011680253E-003  2.20177712833962980E-002
z  19 -3.91597560557661942E-002 -1.17675866849654628E-002
z  20  1.12078105732977447E-002  8.46519535316866793E-003
 
basis     9
D -6.22822933238605159E-001 -4.26825096464923504E-001
a   1  9.07716346305695310E-002 -6.01711388112952550E-001
a   2  2.29568631736496498E-001  7.59606581780539192E-001
d   1  4.18328220054765887E-001 -4.41924863007427060E-001
d   2 -3.82405113923590001E-001 -6.95320246078573789E-001
s   1 -2.77068401889810787E+002
s   2 -2.79392418814181156E+002
z   1 -3.85626774932443656E-002  1.62870878242900652E+000
z   2 -1.13537124046975968E-002  7.47480190665264388E-001
z   3  2.87181267368260829E-001 -2.83747389183020785E-003
z   4  5.62830616701566477E-002  1.65862842043499291E-002
z   5 -1.11042673739477848E-001  9.66761620567959529E-002
z   6 -1.06798917777301799E-001  2.06644643740942241E-001
z   7  1.06874313348160374E-001  5.40419283552373494E-002
z   8  3.02242704674908621E-003 -3.88125537022635664E-002
z   9 -8.72342506501694731E-002  4.62236424763722703E-002
z  10 -2.49350893375634500E-002  3.05547212388929179E-001
z  11  4.02264448302509348E-001  1.26496622662974234E-001
z  12  7.59039244512956096E-002 -3.00722065586836562E-001
z  13 -2.92933395913757659E-002  7.70650641465760317E-002
z  14  5.75601813861372370E-003 -1.00363111901102850E-001
z  15  6.91338755004022310E-002 -8.00764683831265388E-003
z  16  3.41000995490567255E-002  3.09664255648166367E-002
z  17  3.78589398617142150E-002  9.06757485606081610E-003
z  18 -2.80949909637457536E-002 -1.68909336788467604E-002
z  19  2.40577571612344693E-002 -1.58425881390159592E-003
z  20 -6.33645708403964870E-003 -1.76981787547371115E-002
 
basis    10
D  1.07188011071548656E-001  6.95887599047423783E-002
a   1 -2.81199015398576446E-001 -3.10530705721575873E-002
a   2 -5.42294867780816370E-001 -7.91125209385641015E-001
d   1 -1.83917121364169434E-001 -2.14969002235684187E-001
d   2  9.11351436867746556E-001  2.99000633888928780E-001
s   1 -2.77213256186188516E+002
s   2 -2.78948878912596456E+002
z   1 -5.34072099639347226E-003  1.65386503443120114E+000
z   2  2.63113707838158115E-002  7.41642374002529858E-001
z   3  2.82990855895712656E-001 -4.32022112476234676E-002
z   4  6.67239528220428708E-003  4.37787451721049440E-003
z   5 -1.01401426206764025E-001  1.34146368617653333E-001
z   6 -5.61618452869413129E-002  1.97144970341199988E-001
z   7  7.91151683009849171E-002 -9.34929138178244856E-003
z   8 -6.87704841744155582E-002  8.19065091374233164E-004
z   9 -4.05530769897929650E-003  5.12101334947182643E-002
z  10 -1.48173733677409186E-001  8.91050190681586390E-002
z  11  3.37014945243315073E-002  3.57408188776386360E-001
z  12  3.40659216331892334E-001  8.13526082818058771E-002
z  13  8.19928590216919551E-002 -7.50694862426061066E-002
z  14  9.20772015992266935E-002 -2.53112231018608295E-002
z  15  6.04996113643060524E-002  1.41985547850116862E-002
z  16  3.13291184901115169E-002  1.60518966508231965E-003
z  17  3.66222434923927642E-002 -2.77108711671374391E-003
z  18  2.80189617119963458E-002 -1.42533590515047156E-002
z  19  2.56970156225347565E-002  1.20240072753669013E-003
z  20  2.23289039689355609E-002 -5.19039264415347996E-003
