ndof   20
nconf    2
nbasisfns   10
initial_PES    1
time  1.00000000000000000E+001
 
zinit   1  4.63928386942935533E-001 -7.26486817424173759E-001
zinit   2  7.69073081668579350E-001 -5.07899347947585622E-001
zinit   3 -7.18716024265085990E-002 -2.02649421748153341E-001
zinit   4  1.61628668758089789E-001  2.38126426183012635E-001
zinit   5 -9.39219591982350249E-002  3.94679197452919503E-002
zinit   6  2.44354402275198251E-002 -5.67506993938044907E-002
zinit   7 -3.42139711109026076E-003 -3.08987642009827361E-002
zinit   8 -2.35950722665729702E-002  1.56682344095554309E-002
zinit   9 -8.39468720884587773E-003  1.48464613366336064E-002
zinit  10  2.20631859225970490E-003 -5.63228292778975622E-003
zinit  11 -6.57249819403535242E-003 -4.91240790762554561E-003
zinit  12 -4.66857562927826253E-004 -2.57593695994386010E-003
zinit  13 -4.79931882760902147E-004  3.29321008204912105E-004
zinit  14 -2.00074687584641400E-005  1.02646163896300983E-004
zinit  15 -1.63717969376346085E-004  4.13487939203179672E-005
zinit  16  4.08263629535610373E-005  3.76418784656265093E-005
zinit  17 -9.67028455932888847E-006  7.32976154710705868E-007
zinit  18 -2.95315253341245764E-007  4.02778523321007329E-007
zinit  19  1.55574519835192039E-008  1.28476601830709757E-008
zinit  20 -2.53831543438882590E-014  1.30889449978863749E-014
 
basis     1
D  4.42668087371267116E-001 -1.21614214271735688E+000
a   1 -2.13500822307664984E-001  7.66789076729649910E-001
a   2  3.17248829438101509E-002 -6.04520837096798047E-001
d   1 -7.91807236652285140E-001  8.11750534525856882E-002
d   2  5.00394404754960886E-001  3.40671910159819624E-001
s   1 -2.77657231272561035E+002
s   2 -2.78576246696359021E+002
z   1 -5.79380966268542075E-001 -6.76034447410949202E-001
z   2 -9.43255611957105278E-001  4.67615643878332640E-002
z   3  1.97372130330055490E-001  8.50875009179105912E-002
z   4 -4.49077906598768783E-002  2.69995449293243761E-001
z   5 -8.20751845612717468E-002  8.73374829280615106E-002
z   6 -8.47583591153415888E-002  7.59525449438098466E-002
z   7  7.49604180309423607E-002  5.19376760686680525E-002
z   8 -4.06004553988636441E-002 -3.03539228314180648E-002
z   9 -8.20525169800934012E-002  9.67482973917932199E-002
z  10  1.96943460176771445E-001  1.62374627943567995E-001
z  11  1.66489734900623076E-001 -2.30146964946173482E-001
z  12 -1.77237184104817785E-001 -6.56690116170535743E-002
z  13  5.11628060250502725E-002  1.40265961497759439E-002
z  14 -6.32261227732070080E-002  1.94525423879657018E-003
z  15 -1.64256260507562347E-002 -4.64081463306841718E-002
z  16 -6.80167644735424175E-003 -1.58205080100819670E-002
z  17 -9.34362235021244866E-003 -1.67265903606741602E-002
z  18 -2.77647723617048059E-003  7.78942742965810231E-003
z  19 -1.42935723443978341E-002 -2.45165966045587935E-002
z  20 -8.09267064964362334E-003  9.17551501687448486E-003
 
basis     2
D -2.69185377938052905E+000  6.73497508311927007E-001
a   1  5.29617541230655409E-001 -6.14936561446652874E-001
a   2 -5.55399714881512629E-001  1.81354465415974886E-001
d   1  6.77721559801123474E-001  4.46469710018238874E-001
d   2  1.30219341431496077E-001 -5.69562295569086108E-001
s   1 -2.77902480543823629E+002
s   2 -2.78571331974989789E+002
z   1 -5.57337154951795921E-001 -6.77898863153555520E-001
z   2 -9.15927266670207074E-001  1.96399575282308371E-002
z   3  1.86368670813152171E-001  4.43369631778934500E-002
z   4 -6.73926249873291472E-002  2.71154702195144148E-001
z   5 -4.06745964070467370E-002  9.20566554979763418E-002
z   6 -4.12562018558811153E-002  3.11639841630210850E-003
z   7  1.31833989709514935E-002 -4.68856882087927487E-002
z   8 -5.28579826767144670E-002  2.64743467782808523E-002
z   9  1.27972365002792715E-001 -2.58346988723050890E-002
z  10  3.01461217037441477E-002 -3.21036417496903814E-001
z  11 -4.14094915559575061E-001 -1.10873836841613005E-001
z  12 -6.86683273361488600E-002  2.89633265207193624E-001
z  13  1.71277680206042247E-002 -7.42291223003469225E-002
z  14  1.59863976828814513E-003  8.87567697189971250E-002
z  15 -7.29619016967559680E-002  1.68733877726555716E-002
z  16 -3.74939658483006213E-002 -3.22586852505575838E-002
z  17 -4.71964899559827594E-002 -1.52915282185184806E-003
z  18  1.90209067979700552E-002  5.30236821827196302E-003
z  19 -3.38721826845118507E-002  1.32784690403077235E-002
z  20  6.43640596425434832E-003  1.74050873123299740E-002
 
basis     3
D  7.80677694346231243E-001  5.47766799236367868E-002
a   1  4.37396946565224765E-001 -7.60590322677148656E-001
a   2 -3.68375515352546423E-001  3.07385347526351937E-001
d   1  8.30615794945657848E-001  2.82650188398139990E-001
d   2 -6.26849723660770908E-002 -4.75664657531558122E-001
s   1 -2.77837057107424073E+002
s   2 -2.78595308894921232E+002
z   1 -5.63354342255811380E-001 -6.67197945246289392E-001
z   2 -9.23189695825783918E-001  4.18784433268020798E-002
z   3  1.99350819695946258E-001  6.16902675693774896E-002
z   4 -6.24220575115725165E-002  2.63978013226973562E-001
z   5 -4.45877886682413474E-002  9.89328475446348832E-002
z   6 -4.01533424869098127E-002  3.41967998141976121E-002
z   7  4.08769137766717972E-002 -2.94476444264100377E-002
z   8 -4.00572721876910065E-002  2.17017686775538843E-002
z   9  1.01814348738945334E-001  6.39509473217954177E-002
z  10  2.13814957353794827E-001 -2.21608645810673383E-001
z  11 -2.99158904101706591E-001 -3.11019861559364452E-001
z  12 -2.15192350129409099E-001  2.18871765786887607E-001
z  13  4.87594702409779313E-002 -6.06961626099033688E-002
z  14 -5.36759223568918364E-002  8.57537575228876497E-002
z  15 -7.56306992935153743E-002 -9.83401964807848437E-003
z  16 -3.41681427883974362E-002 -4.82399805338666124E-002
z  17 -6.28184640052312088E-002 -1.64805917923460943E-002
z  18  1.32386522993751723E-002  1.98941119749604968E-002
z  19 -3.63860311223767607E-002 -1.36031110910640046E-002
z  20 -7.75973295592154166E-003  1.59765009014244397E-002
 
basis     4
D  2.25487023539596848E-001  1.78100946675155691E-001
a   1  6.71892056317499708E-001  1.26711769013046288E-001
a   2 -4.86813885346322972E-001  5.43615151817023023E-001
d   1 -4.09117769466917566E-002  6.82510830870864726E-001
d   2 -2.51911707427385390E-001 -6.84869099837368434E-001
s   1 -2.77904421031923960E+002
s   2 -2.78518951049930763E+002
z   1 -5.64728846277858909E-001 -6.48972706882784411E-001
z   2 -9.32374773611030161E-001  7.19612387236211043E-002
z   3  2.14779123559701746E-001  9.14680847835248334E-002
z   4 -4.35104872127409642E-002  3.05260718374027462E-001
z   5 -3.57315366879585317E-002  1.23047743651177988E-001
z   6 -8.09820806372006791E-002  6.64238888505667979E-002
z   7  1.07720647232114435E-002  8.68561220243209836E-002
z   8 -1.44794179307973659E-002  7.62005088065324243E-002
z   9 -5.40440165606932352E-002  6.86057363648345658E-002
z  10  2.59074845578255927E-002  3.13730713896942182E-001
z  11  4.48771497089870852E-001  1.39171888958483758E-001
z  12  1.69228484042534738E-001 -3.66707932334616682E-001
z  13 -7.67735406234793388E-002 -1.39817502249413896E-002
z  14  9.15099572444548481E-003 -1.10092937568557647E-001
z  15  4.73378107918630206E-002 -1.76566998029825187E-002
z  16  1.90498084482919015E-002  1.00743816976645705E-002
z  17  2.86470326809343881E-002  6.59094052585353866E-003
z  18 -2.27914626897629570E-002 -3.15951649712422136E-002
z  19  1.88843806708648455E-002 -3.65181105613625323E-003
z  20 -4.96124598966814559E-003 -1.30471337585253058E-002
 
basis     5
D -3.67165241235291318E-001  1.04310672718826347E+000
a   1 -4.71385217148598656E-001  7.06592583038673783E-001
a   2  4.97638623817828474E-001 -1.75723358529819712E-001
d   1 -7.66556110847529615E-001 -3.65880896295237790E-001
d   2 -1.20126216642131065E-001  5.13899397473425279E-001
s   1 -2.77887957501053563E+002
s   2 -2.78600027643326428E+002
z   1 -5.57367760838921034E-001 -6.79997084025802501E-001
z   2 -9.17467767188466898E-001  3.42351659801154173E-002
z   3  2.02157198624298817E-001  4.17179573246090410E-002
z   4 -6.32238164464407892E-002  2.62757929141280322E-001
z   5 -4.78079735030547889E-002  7.78851925474090268E-002
z   6 -4.36261619494543590E-002  2.17565110966320072E-002
z   7  3.03320523288444811E-002 -3.98755319659943042E-002
z   8 -4.49990754629126730E-002 -2.64085159661345834E-003
z   9  1.21238282411638781E-001 -8.71032264265063708E-003
z  10  9.30774440303958894E-002 -3.01343239690422537E-001
z  11 -4.10314743708723950E-001 -2.37332688388425611E-001
z  12 -1.75596375400255245E-001  3.02797569368718933E-001
z  13  5.44139091778375952E-002 -4.79720741110381543E-002
z  14 -3.69198147538660759E-002  1.09799131523179744E-001
z  15 -8.53249667919382254E-002 -6.75598915037311197E-003
z  16 -4.66385340299802290E-002 -3.48409854905747801E-002
z  17 -5.87977529909539387E-002 -6.83812331377558688E-003
z  18  1.58750479322861439E-002  1.93444149688213676E-002
z  19 -5.55655821444529449E-002 -8.22263614140476481E-003
z  20  5.06691760782130348E-003  1.72775574659981349E-002
 
basis     6
D -3.56664134304571112E-001 -7.18709488862546431E-002
a   1  5.25071245585679094E-002 -3.51862126120327856E-001
a   2  4.76694552204196376E-001  8.03864634109195064E-001
d   1  3.55312110610737253E-001  1.78117371603579398E-002
d   2 -9.34441663307023496E-001  1.59632060900273057E-002
s   1 -2.77932904445857901E+002
s   2 -2.78549127497283166E+002
z   1 -5.52936412294064317E-001 -6.48974926422716369E-001
z   2 -9.12006555799857122E-001  5.62367023288195544E-002
z   3  1.82460316357049901E-001  8.46114522186726531E-002
z   4 -6.01040952660450364E-002  3.00682387038887056E-001
z   5 -3.31996940950055400E-002  1.11746493309338127E-001
z   6 -6.99302887680355312E-002  2.41504995294743105E-002
z   7 -3.52484553311788740E-002  3.14178688413317697E-002
z   8 -3.80213578691769791E-002  8.26847746369808456E-002
z   9 -6.36454836805418200E-002 -2.25060546545597755E-002
z  10 -2.40205911529174310E-001  1.95501985669728429E-001
z  11  1.66258712314907381E-001  4.72845331910694389E-001
z  12  4.09449858586189541E-001 -7.31469735926845027E-002
z  13 -3.24453273350848882E-003 -5.16317026865311529E-002
z  14  8.59837810157804278E-002 -5.69521245476829266E-002
z  15  7.22325247130382458E-002  1.59133980913585341E-002
z  16  2.07138648576918709E-002  1.46439415091484861E-002
z  17  3.86286895650976361E-002  1.27177380733037824E-002
z  18  1.95022113999301847E-002 -2.06898632886565390E-002
z  19  2.99794335172350115E-002  7.74332410692398290E-003
z  20  2.12415058336996657E-002 -6.93676552527177671E-003
 
basis     7
D -8.67289154573276933E-002 -4.70149115434158049E-002
a   1  5.76614812878655236E-002 -4.70299010643806026E-001
a   2 -6.94105398453705891E-001 -5.41951741394488540E-001
d   1  4.68606727803747347E-001 -7.00980776763403812E-002
d   2  7.61321640332167537E-001 -4.42587114730008946E-001
s   1 -2.77760465436110678E+002
s   2 -2.78412241540325226E+002
z   1 -5.49572494125460387E-001 -6.59161748750672127E-001
z   2 -9.14408463330510846E-001  5.78411719853570913E-002
z   3  2.11605139508273171E-001  7.66761912331951762E-002
z   4 -3.09511337281340414E-002  2.69419133144305378E-001
z   5 -2.18513484510776922E-002  6.42862663336651041E-002
z   6 -6.02264391919927616E-002  6.63946524389543618E-004
z   7  3.27267050063037666E-003 -3.09342928232760675E-002
z   8 -4.09577902814861894E-002 -2.47210364563302150E-002
z   9 -2.22979479616792391E-003 -6.49537869389248401E-002
z  10 -9.89794360770116927E-002 -1.28523124198246824E-001
z  11 -2.79848363225603081E-001  4.27872179729052171E-002
z  12 -3.85747302076248841E-002  2.82254365209758828E-001
z  13  9.10503159809523538E-002  4.61702345957158422E-002
z  14  3.52924305697260784E-002  7.53656830253023047E-002
z  15  1.31405659315207771E-002  1.52928137313745813E-002
z  16  1.77958918795146949E-002 -1.14335034260821134E-002
z  17  9.67399086324095304E-003  5.66347631558472391E-003
z  18  3.24639933087393084E-002  5.12098786292058267E-003
z  19  1.45000448415888482E-003  1.39162399106915386E-003
z  20  1.42992032063814171E-002  8.54889876406849346E-003
 
basis     8
D -1.05413753193791560E+000  1.29334516681969713E+000
a   1 -5.07018130706312409E-001  6.32767569786805484E-001
a   2  4.49377325723624654E-001 -3.74963780766258248E-001
d   1 -7.31677121692150045E-001 -3.49443517368849821E-001
d   2  1.49538926184981436E-001  5.65840902830898163E-001
s   1 -2.77800996017438990E+002
s   2 -2.78467951314505342E+002
z   1 -5.64930256084760329E-001 -6.61389777288390324E-001
z   2 -9.18041148188525780E-001  2.81552633795962258E-002
z   3  1.85416766139872624E-001  2.71423321868070715E-002
z   4 -8.47548640537468950E-002  2.73943735246209685E-001
z   5 -5.31039366913312327E-002  1.07886854093253909E-001
z   6 -3.20498213239653051E-002  2.96706619756208108E-002
z   7  2.01663704875625904E-002 -4.29768189249843599E-002
z   8 -6.22383495506541248E-002  3.49873809683869524E-002
z   9  9.86920524444145908E-002  4.93104662213398812E-002
z  10  8.59462694869203431E-002 -1.83921399219828974E-001
z  11 -2.48860122791794425E-001 -1.35084942520455192E-001
z  12 -4.92451825539876181E-002  1.64677742153298945E-001
z  13 -1.63231998634908969E-002 -6.44248092259711719E-002
z  14 -1.09316546352003849E-004  6.20843083448843897E-002
z  15 -5.59082958717431397E-002 -1.65411804098887537E-004
z  16 -3.69323474350962758E-002 -3.14382343700546074E-002
z  17 -3.99623526254703140E-002 -1.79254723237838305E-003
z  18  7.45692824567327928E-003  1.08786342289952723E-002
z  19 -4.19108831270334839E-002 -1.34877001224656618E-003
z  20 -3.24256541673521859E-003  8.86221044554769653E-003
 
basis     9
D  1.34699400734112018E-001 -8.78339261463035093E-001
a   1 -4.77735272369900932E-001  1.65663848750050857E-001
a   2  8.13843829893240445E-001  2.86326246256992156E-001
d   1 -2.04985647616458933E-001 -4.62229797308962020E-001
d   2 -6.89886134354105840E-001  5.18055615138824699E-001
s   1 -2.77947332086687368E+002
s   2 -2.78619355701507914E+002
z   1 -5.50577121448463380E-001 -6.57235761267311647E-001
z   2 -9.22633250879707378E-001  2.01133348640763453E-002
z   3  1.85317742150695741E-001  3.57549573671454221E-002
z   4 -6.17794361354169139E-002  2.77488827565906981E-001
z   5 -2.74743591669606990E-002  9.42715009523286962E-002
z   6 -4.99355757614783000E-002 -1.92524134750797389E-002
z   7 -4.08205832398987958E-002 -4.35635760872262398E-002
z   8 -3.78657989563861638E-002  2.55555833292393196E-002
z   9  3.82452319060267235E-002 -1.27893384249560760E-001
z  10 -2.85531390555291364E-001 -1.70160095516669968E-001
z  11 -3.42127729755913046E-001  3.21709970990038507E-001
z  12  2.29165188942765496E-001  3.07568102601756432E-001
z  13  3.07340349475539384E-002 -6.43969977343089445E-002
z  14  6.91454312822953610E-002  7.12518108164658936E-002
z  15 -5.46111914930045520E-003  3.91543591656532616E-002
z  16 -1.60775478389815242E-002  3.82497746342339972E-003
z  17 -9.17609123597466140E-004  1.43763581614558024E-002
z  18  3.81428028037726699E-002 -3.85425661087805205E-003
z  19  6.16986782297057005E-003  6.33105656807169802E-003
z  20  2.04892382767217357E-002 -2.09703919162271640E-005
 
basis    10
D  5.71637395195659509E-002 -3.68425551085725458E-002
a   1 -7.93325740323031492E-002 -9.43431869896903641E-001
a   2  2.13564330875961716E-001  2.40900241049499725E-001
d   1  9.17281364469575866E-001 -2.34418960062090537E-001
d   2 -3.16141653303779580E-001  6.08038206575634149E-002
s   1 -2.77864638611521286E+002
s   2 -2.78566259979486745E+002
z   1 -5.64045095479686176E-001 -6.70005638929714653E-001
z   2 -9.33803478501486595E-001  7.50691096043839268E-002
z   3  2.26912258868587235E-001  9.00335622986786072E-002
z   4 -2.08486419801962690E-002  2.81141916063520847E-001
z   5 -5.26662081686158565E-002  9.71021464689035552E-002
z   6 -6.12081497082708828E-002  7.61480276852881943E-002
z   7  8.00899549608148492E-002  4.15973927761523754E-002
z   8  6.64114876285018443E-003 -3.97035379915462814E-003
z   9  1.64353986239556861E-002  1.09266215684795803E-001
z  10  3.03356559274898019E-001  9.33300724216949845E-002
z  11  2.37720450726787297E-001 -4.15242270173954209E-001
z  12 -3.12355936602114526E-001 -2.35732735144540573E-001
z  13 -4.93263388250307355E-002  5.37754483458416296E-002
z  14 -1.11886312136944485E-001 -3.23996213364881255E-002
z  15 -3.28489622570643791E-002 -3.95065116253699444E-002
z  16 -5.41896839838329654E-003 -3.38297725756803299E-003
z  17 -1.61062137206849816E-002 -1.51573178035750000E-002
z  18 -4.07615140327484485E-002  4.93429973573507492E-003
z  19 -1.99153530760220847E-002 -8.60737605256582487E-003
z  20 -2.12060348458196386E-002  1.07244802523839161E-003
