ndof   20
nconf    2
nbasisfns   10
initial_PES    1
time  1.00000000000000000E+001
 
zinit   1 -5.51088923961669863E-001 -8.86558185058411330E-001
zinit   2 -1.47687905718777379E-001  6.66775124312446343E-001
zinit   3  1.55505092352252072E-001 -4.18431332539674281E-002
zinit   4  1.83705185058105402E-001  1.77703017242811512E-001
zinit   5  5.15210812826259398E-002  1.62753266924585693E-001
zinit   6 -2.21067302254520148E-001 -1.06470014558244040E-002
zinit   7  1.78272685404874849E-002 -5.80890812113467239E-003
zinit   8  3.54882413147772566E-002 -2.57958145767901853E-002
zinit   9 -2.06505982957313726E-002 -1.50212736885568313E-002
zinit  10 -5.93746763004396501E-003  1.76797943481688349E-003
zinit  11  7.82347953295986324E-003  3.92016071285216511E-003
zinit  12 -1.28557577275844356E-003 -4.71168567759486755E-003
zinit  13  7.70451863183621490E-004 -7.58016654205375989E-004
zinit  14 -3.99364560748963627E-004  1.17664105284534483E-003
zinit  15 -1.36748115394856471E-004  3.35935494103796670E-005
zinit  16 -2.35615657496842121E-005 -8.48831628218700888E-006
zinit  17 -5.43287604647188019E-006 -4.85639554538273018E-006
zinit  18 -2.51905477830892511E-007 -2.41833953641313825E-007
zinit  19  6.64061634868642296E-010 -1.85389721195012437E-008
zinit  20 -5.47691687424020983E-015  3.62947269690427474E-014
 
basis     1
D  1.34086493152479536E+000  1.05102801941618562E+000
a   1 -3.30211966856316264E-001  7.45151081986336727E-001
a   2  2.22010859476806099E-001 -5.35183239866336535E-001
d   1 -7.86086644699600767E-001 -2.15308766810478031E-001
d   2  3.96745685287598515E-001  4.22259142192484394E-001
s   1 -2.77881151736611741E+002
s   2 -2.78454263314931666E+002
z   1 -1.00456566425454064E+000  2.59227763304527847E-001
z   2  4.56251264659985778E-001 -4.95479007981316666E-001
z   3 -6.22784278103279132E-002  1.54547512502960449E-001
z   4  5.87725842173557680E-003  2.29604100384678406E-001
z   5  1.23636438049128633E-001  5.87202993069959114E-002
z   6  1.67444267555658471E-001  1.85374667732075893E-001
z   7  5.65619828204550271E-002  1.37819409678244867E-002
z   8  2.26547977466110481E-002 -6.48193346807951348E-002
z   9  3.26147163465981549E-002  1.49843256369997041E-001
z  10  2.62162337402902401E-001 -4.70473103077332644E-002
z  11 -4.44561229658596430E-002 -3.72330443549939161E-001
z  12 -2.14526995536116510E-001  8.77806798113733161E-002
z  13  5.09212049014904772E-002 -3.48908079755945594E-002
z  14 -6.69418639631454010E-002  6.78442908709111780E-002
z  15 -6.01204745301260404E-002 -5.64149305702407178E-002
z  16 -2.80148563949768198E-002 -4.02848054718469226E-002
z  17 -4.29086433351087218E-002 -3.30668882538284539E-002
z  18  1.56801548527612383E-002  1.51433855177708042E-002
z  19 -2.17900651263594584E-002 -1.25950855497140284E-002
z  20  1.09494200669172093E-002  6.84543950901622504E-003
 
basis     2
D -4.26678486803507118E-001 -8.27198514535031904E-002
a   1 -1.65661936943733989E-001  6.05431363018048674E-001
a   2  6.12741172950052593E-002 -7.76050558837403370E-001
d   1 -6.27544890644385900E-001 -1.33575036577798373E-002
d   2  6.82109184281601721E-001  3.75148034835338096E-001
s   1 -2.77785143330238554E+002
s   2 -2.78454986644166297E+002
z   1 -1.00021481229014197E+000  2.66164042203618334E-001
z   2  4.55990171102922837E-001 -5.04815722362962571E-001
z   3 -6.87439277992000497E-002  1.48640964415868965E-001
z   4  5.89733998080527438E-003  2.42586339335424728E-001
z   5  1.22035383842283157E-001  6.62644646944280519E-002
z   6  1.28391186942493879E-001  1.87653000860545066E-001
z   7  2.99429323038081022E-002  7.95273535904405943E-002
z   8  4.24088294933857302E-002 -5.63805137771186196E-002
z   9 -1.09090485229715387E-001  2.68799053643394917E-002
z  10 -3.44052070620605860E-002  2.07803809419622537E-001
z  11  2.82306253082439118E-001  4.87729924955318250E-002
z  12 -2.69314076418543423E-003 -1.70745648480256501E-001
z  13  8.33117412950972955E-003  6.15103328379647055E-002
z  14 -2.25662311242241717E-002 -4.95029211985112544E-002
z  15  4.33070031230367927E-002 -1.18146338204770680E-002
z  16  2.64846653248465326E-002  1.43690486158821566E-002
z  17  3.15262941416053072E-002  1.30633760359291484E-002
z  18 -2.30372109148766040E-002  5.54896545345157956E-004
z  19  1.16525004934158391E-002 -6.61344278344627636E-003
z  20  1.99763140654718755E-003 -4.73116511105106229E-003
 
basis     3
D -4.98389538710460434E-001  7.50036616921130606E-002
a   1 -3.98929665786118104E-001  7.21046234301346067E-001
a   2  5.61328318253064618E-001 -7.65373691914271459E-002
d   1 -7.38442927931218684E-001 -3.65724749549089900E-001
d   2 -1.75786570140092219E-001  5.38559682406640094E-001
s   1 -2.77985455583740531E+002
s   2 -2.78481963398869539E+002
z   1 -1.01435840648446107E+000  2.45041671175165260E-001
z   2  4.77933270318277037E-001 -5.16413621267880263E-001
z   3 -6.52702093519592769E-002  1.24586319275782939E-001
z   4  7.72371019103634381E-003  2.36557530424864049E-001
z   5  1.50625748828732586E-001  5.33782113863952509E-002
z   6  2.04616286905176914E-001  9.36880562017087248E-002
z   7  1.33784629485381428E-002 -3.92684289188628688E-002
z   8  1.43070826078574298E-002 -7.36752008841396883E-002
z   9  8.31888678319831071E-002 -1.86670890780787392E-002
z  10  5.51928891697436655E-002 -3.14673195445893672E-001
z  11 -4.20487264218440071E-001 -2.62679885869288199E-001
z  12 -2.19815185189179252E-001  3.37219503357192751E-001
z  13  5.96225852945458656E-002 -5.53161559912383402E-003
z  14 -3.25773096210516533E-002  1.16970378715808149E-001
z  15 -5.73228607873763965E-002 -6.07001969785146960E-003
z  16 -2.39881875449898287E-002 -2.44695132588800442E-002
z  17 -4.45284719698842632E-002  4.18742992453519092E-003
z  18  4.60313742504694749E-003  3.06073843082546766E-002
z  19 -3.35240485099337626E-002 -1.44482290038256255E-002
z  20  2.77664220158054496E-003  1.22813387207232616E-002
 
basis     4
D  1.03548669939657237E-001  2.31498263740821969E-001
a   1 -2.54188598705184718E-002 -3.25535470806819383E-001
a   2 -7.00235981956756515E-001 -6.34862275129416176E-001
d   1  3.16999961730756952E-001 -7.82974166446965963E-002
d   2  8.07529920506584675E-001 -4.91198499891918106E-001
s   1 -2.77866726488980078E+002
s   2 -2.78318794134329607E+002
z   1 -1.01285202554859133E+000  2.60597041779069061E-001
z   2  4.78798785337451960E-001 -5.08267925491928230E-001
z   3 -6.56940174828204576E-002  1.34549308000298323E-001
z   4  1.80356366556419651E-002  2.48479243853319737E-001
z   5  1.67592583112032845E-001  3.97531360310831444E-002
z   6  1.70451341212706914E-001  9.47629245028175221E-002
z   7 -3.54998057536603309E-002 -2.49937224505553494E-002
z   8 -2.57930712063174396E-002 -2.81785355964015820E-002
z   9 -2.36098066802369749E-002 -7.99878901036516453E-003
z  10 -1.59621024488644681E-001 -7.41379889885782628E-002
z  11 -2.22233514303993712E-001  1.99332807188404099E-001
z  12  1.22014403181632008E-001  2.74159880158702296E-001
z  13  1.20026579751095472E-001  1.08870950605378849E-002
z  14  6.97399488913173077E-002  5.40978282559169896E-002
z  15  2.50394322565407890E-002  1.82649047205384191E-002
z  16  2.67465493111152496E-002  3.95745976801698766E-003
z  17  2.36741504669910861E-002  1.12414265595660121E-002
z  18  4.29432250314963140E-002  3.89849972565307901E-003
z  19  1.46223306345539348E-002  8.84894183317688180E-004
z  20  2.56374157434252209E-002  1.27183477034262943E-002
 
basis     5
D -2.46583527916089951E-002  1.03539003973737320E+000
a   1  3.38436233644967721E-001 -7.77435478834431537E-001
a   2 -2.52490711977049420E-001  4.66158162398759401E-001
d   1  8.14090809084486500E-001  2.37067843788395544E-001
d   2 -3.10207253202595346E-001 -4.29914470640575586E-001
s   1 -2.77903736552976170E+002
s   2 -2.78480295810980351E+002
z   1 -9.88711404907720359E-001  2.50688121525321717E-001
z   2  4.52066319596573674E-001 -4.80860047753703113E-001
z   3 -5.62156486922487722E-002  1.59705381026884086E-001
z   4  1.99109781202278339E-002  2.50659692107063459E-001
z   5  1.28022057650011206E-001  7.37026157242346019E-002
z   6  1.82054369941551497E-001  1.70608088238421718E-001
z   7  5.15160453827321063E-002  1.50363665862270155E-002
z   8  1.31194614935583338E-002 -6.46862349970493550E-002
z   9  6.31187449317451993E-002  1.35220531389467796E-001
z  10  2.92996545267123321E-001 -1.05538393264518832E-001
z  11 -1.01895158653164689E-001 -3.81578803245634535E-001
z  12 -2.51970201811680117E-001  1.25751759375903549E-001
z  13  4.93161625708465959E-002 -4.71406319228462739E-002
z  14 -7.36501924525116980E-002  7.12757349980396443E-002
z  15 -6.58800865556234128E-002 -3.28827278078485039E-002
z  16 -9.62814593697469689E-003 -3.07864083629392736E-002
z  17 -3.81554393200314798E-002 -3.70908678823735974E-002
z  18  1.59876343447121622E-002  9.48698872536308038E-003
z  19 -4.26926733377692852E-002 -2.29393428689346306E-002
z  20 -5.16615761124876536E-003  3.60534921253094368E-003
 
basis     6
D  1.95706354834894819E-001 -1.43071987875984719E+000
a   1  4.83352514684655399E-001 -5.01912542525859262E-001
a   2 -7.17254345683757566E-001  5.91439740357357913E-004
d   1  5.15761465090928239E-001  4.68546651811761083E-001
d   2  2.92930171738397305E-001 -6.54710669447592375E-001
s   1 -2.78001854438344026E+002
s   2 -2.78452480151134807E+002
z   1 -1.00900283315471073E+000  2.49328338829056584E-001
z   2  4.62463036114309833E-001 -5.27791942326390151E-001
z   3 -7.33190985984949750E-002  1.15956531212744421E-001
z   4 -3.73461263982783091E-003  2.37300820177229088E-001
z   5  1.63565832013062046E-001  6.18666197169941770E-002
z   6  2.04516312627960523E-001  8.87373968298503790E-002
z   7 -2.47559798728855564E-002 -4.67185572922358544E-002
z   8  1.36175582925808641E-002 -2.82704368952198422E-002
z   9  8.72984211880337424E-002 -6.34958080142782183E-002
z  10 -1.11872195399313881E-001 -3.24673282748035197E-001
z  11 -4.51332550228714047E-001  2.84212256721207944E-002
z  12  2.71920617267372617E-004  3.50346105990572476E-001
z  13  3.59937938091843268E-002 -6.45168027649080378E-002
z  14  2.33793571519727086E-002  1.00133758969903910E-001
z  15 -5.34898218069782549E-002  1.60550276194507055E-002
z  16 -1.29566455426868895E-002 -1.76686087254151469E-002
z  17 -1.89428822103459502E-002  8.38697878725469005E-003
z  18  2.27330143697114136E-002  1.53986989235133220E-002
z  19 -4.55167059460854367E-002 -2.91229327085349267E-003
z  20  1.23929365473453065E-002  1.46339575576181829E-003
 
basis     7
D  4.68871316656635923E-002 -2.61871155516899323E-001
a   1 -3.71540000345677968E-001 -6.65800035151487668E-001
a   2  6.30997732727886174E-001  1.43213835321908900E-001
d   1  6.54347607929286590E-001 -3.91357722118535922E-001
d   2 -4.13602737760472183E-001  4.97595334234944120E-001
s   1 -2.78000928604663159E+002
s   2 -2.78501246441756962E+002
z   1 -1.02609310333516279E+000  2.69904553341138220E-001
z   2  4.45743137346529372E-001 -4.81796569954009823E-001
z   3 -4.88014340540573188E-002  1.80540861186567342E-001
z   4  3.49329002856175463E-002  2.76246653639059259E-001
z   5  1.34237083208306018E-001  9.20186723886668306E-002
z   6  1.64377009106680350E-001  1.74128861645625826E-001
z   7  1.96967205852385217E-002  8.90488444307460797E-002
z   8  5.64261703098383263E-002 -5.40290125921237107E-003
z   9 -4.77932912477311775E-002  1.40982208048069463E-001
z  10  1.46652355450363453E-001  2.87062670567350464E-001
z  11  4.83262587760530660E-001 -1.01513083708276761E-001
z  12 -3.07781968925469121E-002 -3.61010847330888396E-001
z  13 -6.91789742948113462E-002  4.82522055707808317E-002
z  14 -3.60454475707811944E-002 -1.09830496393724469E-001
z  15  2.81426842544153545E-002 -1.44592159963384537E-002
z  16  1.42187846446142942E-002  1.35867074577827960E-002
z  17  1.38665344839830427E-002  7.04632781240081829E-003
z  18 -2.43066135181834037E-002 -7.80789902955866550E-003
z  19  2.61273029385178102E-002 -1.64676849247987519E-006
z  20 -9.57854851122358179E-003 -1.71340153821488428E-002
 
basis     8
D -1.13623233785544131E+000  3.90504603624960978E-001
a   1  5.01789610411739750E-001 -3.57948071289670544E-001
a   2 -7.81997148614690163E-001 -9.25247248107557985E-002
d   1  3.64599254074064238E-001  4.96977885610412784E-001
d   2  3.97909572049118365E-001 -6.79520667540362222E-001
s   1 -2.78017631258556889E+002
s   2 -2.78442923422614513E+002
z   1 -9.92378393771664813E-001  2.56678009878289926E-001
z   2  4.69184674640943822E-001 -5.25962520283881019E-001
z   3 -8.55677409093380803E-002  1.01292180042854799E-001
z   4 -6.92119880186568316E-003  2.50767294291497689E-001
z   5  1.71133356532526371E-001  6.82076646945339454E-002
z   6  1.98877175288566993E-001  7.60033434801063723E-002
z   7 -4.04056004538421096E-002 -4.43251057894041428E-002
z   8  1.29755109490640157E-002 -1.52862805431272369E-002
z   9  7.86940366581133782E-002 -9.34703342648675189E-002
z  10 -2.02766058218309925E-001 -2.81477811240845255E-001
z  11 -4.13948988579070531E-001  1.93587709298993965E-001
z  12  1.21774474951160228E-001  3.30563751436560471E-001
z  13  3.36495681443428271E-002 -5.53298729185481286E-002
z  14  5.18652962770574308E-002  8.36196813710287506E-002
z  15 -2.43135312762548413E-002  4.94646586073968428E-002
z  16 -1.81158661500128403E-002 -3.94251569046123932E-005
z  17 -2.59020526350868044E-002 -3.98273110895508604E-003
z  18  2.84142420042522680E-002  5.77858961064066281E-003
z  19 -1.09531148325288999E-002 -2.94264741545465441E-006
z  20  2.13473567786590830E-002 -6.24750105442373541E-003
 
basis     9
D -2.15563698990555774E-001 -4.01484480391336385E-001
a   1 -4.79453244378356958E-001  6.30022764786486111E-001
a   2  5.16804151431616621E-001 -3.25744334361912691E-001
d   1 -6.73463975736716458E-001 -4.16233553523782940E-001
d   2  1.35887336913626255E-001  5.95592590595586113E-001
s   1 -2.77934024897755990E+002
s   2 -2.78369039791391685E+002
z   1 -9.91967065067719145E-001  2.61452218515109303E-001
z   2  4.44198877947595550E-001 -5.21681257748048077E-001
z   3 -7.38138767076617630E-002  1.20095346449730120E-001
z   4 -1.74967884582485737E-002  2.36838853608078076E-001
z   5  1.42720030991315805E-001  7.64672655830177517E-002
z   6  1.98070807563303003E-001  1.27699938530034363E-001
z   7 -5.18683226589209193E-003 -9.87541071819290732E-003
z   8  8.54740002040881540E-003 -3.59607062380103409E-003
z   9  1.12909915693591739E-001  4.70417135997190650E-002
z  10  9.18681076462321972E-002 -2.76329787563304952E-001
z  11 -3.15308505362208613E-001 -1.81610207377777361E-001
z  12 -9.01787795515016088E-002  2.42463896468186363E-001
z  13  1.88811055894973490E-002 -7.15142136157370378E-002
z  14 -1.19459895198110802E-002  9.76520499319861041E-002
z  15 -7.08696409737974431E-002  1.18184695746532415E-002
z  16 -3.75345194080914657E-002 -4.73038758253470359E-002
z  17 -5.63631914635377845E-002 -6.41976351467985797E-003
z  18  1.81336997762445822E-002  2.20696861270551006E-002
z  19 -2.92007301837630025E-002 -2.23887152606083197E-002
z  20  2.11366798496200395E-002  1.52549129029326373E-002
 
basis    10
D  1.25504780623673540E-001  4.71351599510014374E-001
a   1  4.61466479220997039E-001 -6.59556328737969877E-001
a   2 -4.51387172770513490E-001  3.85076301575780988E-001
d   1  7.13002981231649846E-001  3.73620945582165465E-001
d   2 -2.03773280836407417E-001 -5.57234769010518494E-001
s   1 -2.77903121655244036E+002
s   2 -2.78386657587632556E+002
z   1 -1.01121534864304952E+000  2.60763422555063129E-001
z   2  4.50425789471299798E-001 -5.13400808485693361E-001
z   3 -7.81733019436630927E-002  1.27853892130667168E-001
z   4 -9.11455180123885329E-003  2.33683253434820298E-001
z   5  1.51499128303303143E-001  9.21456485804912628E-002
z   6  2.00921504042562704E-001  1.35065451110305323E-001
z   7 -1.32991448565621470E-004 -9.27314252380798815E-003
z   8  2.06985209995364412E-002 -2.69316165127327055E-002
z   9  9.33968225919404732E-002  8.42002051126300582E-002
z  10  1.60078568184507913E-001 -2.35718220589174271E-001
z  11 -2.63752815584893718E-001 -2.07166621380783927E-001
z  12 -1.22986083566057267E-001  2.19249781336085248E-001
z  13  3.23302202816635117E-002 -4.83367030861782468E-002
z  14 -3.40207230353594473E-002  8.43129301501670814E-002
z  15 -7.14797151140700443E-002  3.52853076564748356E-003
z  16 -3.50306088266186810E-002 -2.75137076086512111E-002
z  17 -5.54600571830556402E-002 -1.44566111890059596E-002
z  18  2.96920088659934737E-002  2.38074715252083874E-002
z  19 -3.44890557758349842E-002 -5.01377787360558248E-003
z  20  7.35012520248198766E-003  1.50933967565026802E-002
