ndof   20
nconf    2
nbasisfns   10
initial_PES    1
time  1.00000000000000000E+001
 
zinit   1  1.78495735323925930E+000  7.58359930420443445E-002
zinit   2 -7.47851262871042088E-001 -3.74781595393865741E-001
zinit   3  2.61155654471707410E-001  4.04133578754901912E-001
zinit   4 -2.07061365479670384E-001 -2.93342658370889131E-001
zinit   5 -2.56855323783319933E-001 -1.00342998367087863E-001
zinit   6 -1.41300961128811801E-002 -4.97657110364024130E-002
zinit   7  1.03757137886257247E-001 -3.54831514851653568E-002
zinit   8 -2.93458021690727947E-003 -4.01731272269587603E-002
zinit   9  4.59589428465791063E-003 -3.75454578632035060E-003
zinit  10 -2.23904781317102366E-003  1.02990873290430326E-002
zinit  11  4.27779900986871575E-003  7.86868021366182203E-003
zinit  12  9.66479021891493081E-004  3.50603230986859472E-004
zinit  13  9.94299214215208426E-004 -1.57803454529658379E-003
zinit  14  7.27461926828436366E-005  3.35991735672610235E-004
zinit  15 -1.59129781568194238E-004 -1.53427203047560868E-004
zinit  16 -2.75178501778209329E-005 -8.83620731142221473E-006
zinit  17 -1.62433431164548030E-006  7.88287105864542491E-006
zinit  18  4.62614889722255450E-008 -9.08331817636463053E-007
zinit  19  1.42600139877945310E-008  1.00588326392236263E-008
zinit  20 -7.16296144562965505E-015  1.41309908813784369E-014
 
basis     1
D -5.12678661485525655E-001 -5.80931793939227448E-001
a   1  1.15919367549405739E-001 -7.75071643480398143E-001
a   2  1.40114715073319046E-001  6.05140078262416781E-001
d   1  5.65208801013746820E-001  5.42874169174646037E-001
d   2 -5.34197199287883340E-001  3.16954255331116652E-001
s   1 -2.78647735470870373E+002
s   2 -2.77722981964510268E+002
z   1  5.79350785363158427E-001 -1.66607860072794689E+000
z   2  4.55032238809266021E-001  7.33838236685750878E-001
z   3 -4.38669267206555580E-001 -2.90651751850431669E-002
z   4  8.45931393068702908E-002 -3.74917912204057457E-001
z   5 -2.65109581878859690E-001  1.02152586570525519E-001
z   6 -5.06388976859224946E-002  9.41867875481155331E-002
z   7  4.65801675302152246E-002  1.61748442484406313E-001
z   8 -5.98728925008331324E-003 -6.84808047220164251E-002
z   9 -8.35048470667193454E-002  1.25837186320666872E-001
z  10  2.23619994091475705E-001  1.84423876118326863E-001
z  11  2.80105856139386988E-001 -2.73817389415863754E-001
z  12 -1.98329100087035859E-001 -1.59541445349320188E-001
z  13  4.23695118398778256E-002  3.42982174350754607E-002
z  14 -7.00109097135309527E-002 -2.12664765529182141E-002
z  15 -1.59422960665195693E-002 -4.74195050301351659E-002
z  16  4.04210361612129376E-003 -1.97584848599798267E-002
z  17 -3.11734750743577777E-003 -1.96530924939854537E-002
z  18 -1.65611904223381332E-002  4.93010251193650492E-003
z  19 -2.60220964666662809E-003 -7.19660592815073250E-003
z  20 -8.35113540849168924E-003 -6.17152486096547281E-003
 
basis     2
D -1.28351652989694731E+000  6.23477921065738405E-001
a   1 -4.10761947549709017E-001  5.10557702990423468E-001
a   2  4.65830623453589054E-001 -5.94648875064231253E-001
d   1 -1.51605188344900554E-001 -6.37503264701126504E-001
d   2  7.50322847322020481E-001  8.72987923678847644E-002
s   1 -2.78690771586299093E+002
s   2 -2.77482258693879885E+002
z   1  6.10978833921858699E-001 -1.67843363817012059E+000
z   2  4.85315981530830221E-001  7.10293521523358451E-001
z   3 -4.61467750817607325E-001 -6.21185919681768312E-002
z   4  6.30188793945000991E-002 -3.71690593326842067E-001
z   5 -2.34175775653478108E-001  9.54372455568851114E-002
z   6 -4.58968488956983389E-002  1.58262310635828227E-002
z   7 -4.11735641564935778E-002  1.36226362894676434E-001
z   8  1.85114294284957036E-002 -1.46939911985010645E-002
z   9 -1.94904597047482510E-002 -7.14089218699192479E-002
z  10 -1.56917136068671526E-001  5.05196899418632328E-002
z  11  9.45299833659918320E-002  1.67720838859594545E-001
z  12  8.03094323222737633E-002 -7.33342471349021641E-002
z  13 -3.20627574206998056E-002  4.45619557562001237E-002
z  14  1.74386692869010658E-002 -3.79432405821410676E-002
z  15  2.63766271449908420E-002  1.10038547705338559E-002
z  16  1.86522660553524039E-002  2.87167613836546778E-002
z  17  2.01343622848134639E-002 -4.27030971849084887E-004
z  18 -1.96646116782722945E-002 -1.52921909890887282E-002
z  19  3.20088154544487039E-002  1.38876663992947274E-003
z  20 -1.54901974393036653E-002  5.45774516697873115E-003
 
basis     3
D -2.57495027254283249E-001  3.28168942752204984E-002
a   1 -3.95137838476871006E-001  7.61519464777986377E-001
a   2  3.13555612473441658E-001 -4.06985345257567077E-001
d   1 -3.24231444531059898E-001 -7.94304587050349786E-001
d   2  4.95366314186820700E-001  1.36258607570238444E-001
s   1 -2.78735556939377375E+002
s   2 -2.77642926215956493E+002
z   1  6.00826655880037586E-001 -1.67713475540720136E+000
z   2  4.82694526955416425E-001  7.15495579379514357E-001
z   3 -4.48467885101829222E-001 -5.82634991537684735E-002
z   4  5.76919816486021128E-002 -3.72848368412446673E-001
z   5 -2.51609628396531226E-001  1.15049743467158253E-001
z   6 -2.99998286173017549E-003  5.25957951749932359E-002
z   7  3.11935962340145687E-002  7.42299593488707082E-002
z   8 -2.33778730327090858E-002 -4.58555371117386271E-002
z   9  6.66454149317871197E-002  7.48178785222359810E-002
z  10  2.44588423579025799E-001 -1.94508260007450584E-001
z  11 -2.05841512465594789E-001 -3.62753518875552849E-001
z  12 -2.43373025260591402E-001  1.86767037625126586E-001
z  13  5.75325932155769243E-002 -3.97390458563608648E-002
z  14 -6.56314054584575673E-002  6.73203130277550688E-002
z  15 -7.07200011163877373E-002 -2.69094925672810695E-002
z  16 -3.10325020998752539E-002 -4.46401040181265973E-002
z  17 -5.55395439403836497E-002 -2.85127102005789737E-002
z  18  8.09562088958225290E-003  1.78923221113648605E-002
z  19 -4.57802569394664960E-002 -1.68887234983267041E-002
z  20 -7.77421778312043649E-003  5.13602255908640528E-003
 
basis     4
D -2.59600909779506506E-001 -5.42144978539879641E-003
a   1 -4.10548483164205835E-001  6.73670098984437637E-001
a   2  3.48665422608766373E-001 -5.06014786130711824E-001
d   1 -2.91545705052888127E-001 -7.33063817930844630E-001
d   2  6.13427299829135020E-001  3.64072593063003644E-002
s   1 -2.78675899106874681E+002
s   2 -2.77486897214983571E+002
z   1  6.04086027529456504E-001 -1.66949958196289638E+000
z   2  4.83555767543146942E-001  7.09783938827968863E-001
z   3 -4.60915663859425229E-001 -5.05507045981078915E-002
z   4  6.15488815529275021E-002 -3.75029800636635935E-001
z   5 -2.52572581181255584E-001  1.04106686722741454E-001
z   6 -3.10610905745630009E-002  3.07666369197634910E-002
z   7  5.07325133375159491E-003  8.96792176465931179E-002
z   8 -2.64527159391742157E-002 -3.68631251566698057E-002
z   9  3.08527161296642642E-002  7.40428358420087557E-002
z  10  1.41987322632170787E-001 -8.94699074241670916E-002
z  11 -1.07108178064786744E-001 -2.10517319325370961E-001
z  12 -1.26338082951345965E-001  1.03184694549963665E-001
z  13  2.41473441389941958E-002 -4.37015598646808903E-002
z  14 -2.73465782764394892E-002  5.34493831540039932E-002
z  15 -6.31278974575913143E-002 -2.20433061970021112E-002
z  16 -2.89379854469541398E-002 -2.58384463668385467E-002
z  17 -3.17142023170278384E-002 -1.44365223715351865E-002
z  18  1.44045425628988588E-002  1.53788566399526896E-002
z  19 -2.04176974325960790E-002 -5.31466444431985020E-003
z  20  1.35064004820224896E-002  1.33036674204703737E-002
 
basis     5
D -3.66361246706337117E-003  8.41456979403551797E-001
a   1  2.84823672936048045E-001 -7.06182408956353536E-001
a   2 -1.44964677768263522E-001  6.31796741694157893E-001
d   1  4.29285458050161661E-001  6.28913439903173277E-001
d   2 -6.29814121132901916E-001  1.53349448767843316E-001
s   1 -2.78619432838994783E+002
s   2 -2.77566569216369771E+002
z   1  5.92605559625158373E-001 -1.67059470657904985E+000
z   2  4.56406236237296148E-001  7.19554988034750154E-001
z   3 -4.39556358370284339E-001 -4.17670496853723289E-002
z   4  8.28734003954799126E-002 -3.87147077514301607E-001
z   5 -2.60506189643644248E-001  9.60326850484011646E-002
z   6 -3.32971956488149132E-002  7.52314936453386679E-002
z   7  3.56308479628379554E-002  1.39364998135921486E-001
z   8 -2.22081116843890758E-002 -7.13792782405469478E-002
z   9 -4.95831598930938991E-002  8.39881210862757910E-002
z  10  1.66843952646104604E-001  8.35125406084200606E-002
z  11  1.04072817747351956E-001 -2.07163760425507576E-001
z  12 -1.52962029524708248E-001 -1.93416438330633947E-002
z  13  4.07952839885619908E-002 -5.88450497566247923E-003
z  14 -5.36310492210147760E-002  2.27451516895739517E-002
z  15 -2.83390063052990984E-002 -3.93281130354304620E-002
z  16  6.16009334703179236E-003 -2.81239285291176311E-002
z  17 -1.03907101399537856E-002 -2.52454333729359541E-002
z  18 -2.63040144989287999E-003  8.49516959675180455E-003
z  19 -9.14722321421845494E-003 -4.61848611565636533E-003
z  20 -9.80792439866827112E-003  7.50820671001645006E-003
 
basis     6
D  2.10894776877416645E-001 -5.72643251609321058E-001
a   1 -5.30667457736834658E-001 -1.36847105029400812E-001
a   2  8.36285574467586224E-001 -1.70691851471758693E-002
d   1  4.42466504853753273E-001 -3.23355026152844283E-001
d   2  3.08286366373839160E-001  7.77575999791778716E-001
s   1 -2.78718267215613366E+002
s   2 -2.77673897248124774E+002
z   1  5.80520276777123700E-001 -1.66830824576521985E+000
z   2  4.45509108034537471E-001  7.08001007217263667E-001
z   3 -4.74290969859254563E-001 -4.47011065099383043E-002
z   4  4.87579082754060755E-002 -3.51230546273427702E-001
z   5 -2.33498805807222654E-001  1.14188673992659653E-001
z   6 -4.08089555978917023E-002  2.73339530937757869E-002
z   7 -3.51597695600109200E-002  1.37074531459524057E-001
z   8  1.28250868915283957E-002 -2.62495881754866607E-002
z   9 -9.58892942563471240E-002 -6.66669212149935825E-002
z  10 -1.92716116591224285E-001  2.25181187576365377E-001
z  11  2.89816448591543707E-001  3.09895477230064387E-001
z  12  2.02851156620777962E-001 -2.24463534663549347E-001
z  13 -4.95248992356550413E-002  6.15636274846071974E-002
z  14  3.37124913572123125E-002 -9.11200688470050479E-002
z  15  8.93794037062937835E-002  1.98030922997029721E-002
z  16  2.63841600891031730E-002  4.43859171863948271E-002
z  17  3.17692377721842806E-002  2.00464369535577509E-002
z  18 -1.13168719815608214E-002 -3.25703338471984988E-002
z  19  3.06804099757583548E-002  4.52451054076489882E-003
z  20 -1.49827234867502841E-002 -1.23528423139070039E-002
 
basis     7
D -2.59591462761380842E-001  3.01469330777108080E-001
a   1 -5.41102567659934586E-004  2.29815814307141236E-001
a   2 -6.02224799744894512E-001 -7.64532333701152700E-001
d   1 -1.78838168928736413E-001 -1.44334717347767344E-001
d   2  5.66913986434070094E-001 -7.91070749483091418E-001
s   1 -2.78707631727001001E+002
s   2 -2.77749159035337357E+002
z   1  6.10232174898604263E-001 -1.69386123089468987E+000
z   2  4.63209562113288509E-001  6.84712561465607439E-001
z   3 -4.94032455543037652E-001 -4.95445410014615853E-002
z   4  2.36525482089191344E-002 -3.28773804877880382E-001
z   5 -2.26586511456476791E-001  1.63884392429302306E-001
z   6 -2.63437199983904621E-002  1.99333170181358287E-002
z   7 -6.90281096442824649E-002  1.19401994776404119E-001
z   8 -4.24519287432136780E-002  7.50333489601878907E-003
z   9 -5.46149016702748499E-002 -1.34357417598881916E-002
z  10 -2.68614527411108472E-001  1.42258169617523966E-001
z  11  9.08629660727902494E-002  4.76999159597368105E-001
z  12  4.22195249680218598E-001  1.98803796224053322E-002
z  13  2.95388735689249629E-002 -6.78507743674066216E-002
z  14  1.05893742208147013E-001 -2.02356155924669767E-002
z  15  6.40537643128835932E-002  1.85407285613119061E-002
z  16  2.33002575665837326E-002  9.03461455788395068E-003
z  17  2.88283632412159770E-002  1.48653576036193950E-002
z  18  2.48130860888671548E-002 -2.56482485081641481E-002
z  19  3.39936798105072990E-002  1.00705338637108142E-002
z  20  6.28850958119451468E-003 -4.77720763684283227E-003
 
basis     8
D -5.29648781914020095E-001 -3.20106800716794759E-001
a   1  4.23206213102690021E-001 -7.48842133113442054E-001
a   2 -3.99935207516269708E-001  3.16518231156201479E-001
d   1  2.98538061086140949E-001  8.06686472687832445E-001
d   2 -4.36307970800276279E-001 -2.64135032666016456E-001
s   1 -2.78732898101078149E+002
s   2 -2.77674014012172279E+002
z   1  5.94797367613820072E-001 -1.68508801370119543E+000
z   2  4.72991530262920012E-001  7.03798436384304837E-001
z   3 -4.50597988352895218E-001 -6.84092779221644326E-002
z   4  5.71180575359938603E-002 -3.79806259228389065E-001
z   5 -2.44512207732982129E-001  1.16333132883347318E-001
z   6  1.00874483515550756E-002  5.10336053589731456E-002
z   7  3.36642715838779624E-002  6.56139040255127315E-002
z   8 -2.86705530652629839E-002 -7.48627345097933050E-002
z   9  9.60807048880823605E-002  4.05585756040013345E-002
z  10  1.72253909543555017E-001 -2.47605914366161112E-001
z  11 -2.96066868917750969E-001 -3.38310234139924892E-001
z  12 -2.27381142743708020E-001  2.42312265232606044E-001
z  13  3.37500768080978633E-002 -4.97350915436112831E-002
z  14 -4.86543428219222557E-002  9.66911280102824289E-002
z  15 -8.31714803619571230E-002 -1.75346392122895968E-002
z  16 -3.52903735700823493E-002 -4.77010503692427493E-002
z  17 -6.05058614489235869E-002 -2.31864899920370716E-002
z  18  1.75214716567854978E-002  2.66114751731539312E-002
z  19 -3.38538380702999159E-002 -6.88768104471553649E-003
z  20  1.74566827908768582E-002  2.53658885104023381E-002
 
basis     9
D -6.45536515619596796E-001  7.99826857518262990E-001
a   1  4.99996915206403214E-001 -6.14912964073700108E-001
a   2 -4.65611272313698477E-001  3.93816295361896551E-001
d   1  1.39352080161898512E-001  7.80189634868584170E-001
d   2 -5.74703229555296957E-001 -2.03964039322771962E-001
s   1 -2.78742308131672871E+002
s   2 -2.77503243328671658E+002
z   1  6.08534748914728030E-001 -1.67338166007958455E+000
z   2  4.78816475237042405E-001  7.08938299528687255E-001
z   3 -4.53251898975878753E-001 -5.79750829322715350E-002
z   4  5.81651140133243039E-002 -3.74614045098993764E-001
z   5 -2.36771882223106050E-001  1.16932010247814203E-001
z   6  8.67155918313015917E-003  1.95229295194255630E-002
z   7 -1.68068194034837852E-002  6.94583476033309166E-002
z   8 -4.06501134412053586E-002 -2.02780785224104740E-002
z   9  9.69402977255586357E-002  3.18386652408746140E-002
z  10  6.90150316803042480E-002 -2.23893441751968236E-001
z  11 -2.33902568977352870E-001 -1.23321640661889109E-001
z  12 -6.64287199948385837E-002  1.77976247977093355E-001
z  13  1.11561854128557287E-003 -5.97235345572581997E-002
z  14 -6.90516495158407032E-003  7.29167527452636161E-002
z  15 -5.93507179317785891E-002  8.34312214172399681E-003
z  16 -3.78136960569591604E-002 -2.79689164696134522E-002
z  17 -3.17065119132183965E-002 -1.07519853325821167E-002
z  18  1.66674827333655878E-002  5.86600942609482104E-003
z  19 -3.08053842876292727E-002 -1.00935174813593428E-002
z  20  1.67263612803207236E-002  1.06526955926015982E-002
 
basis    10
D -3.53223705420222522E-001 -5.29484455975361645E-001
a   1  4.70531460977720029E-001 -6.32655691206208126E-001
a   2 -4.34701063945708455E-001  4.35180313914837358E-001
d   1  1.86266241341437544E-001  7.66131820721451362E-001
d   2 -5.98376130956301155E-001 -1.42453243263587437E-001
s   1 -2.78723765167707029E+002
s   2 -2.77479818493322682E+002
z   1  5.96841795335889991E-001 -1.68527723695650478E+000
z   2  4.81643163175418165E-001  6.97944503591242715E-001
z   3 -4.60805843951594463E-001 -5.32337532331808791E-002
z   4  5.41364300216809063E-002 -3.73808513307447354E-001
z   5 -2.42552454122701489E-001  1.09288000008534669E-001
z   6 -6.51427757379030494E-003  2.82277661173163420E-002
z   7 -1.89138079820905464E-003  8.27973842731565823E-002
z   8 -3.84423651345418560E-002 -3.12529317167931572E-002
z   9  6.87282070354771346E-002  4.77064667627754430E-002
z  10  9.23326505059452324E-002 -1.98017957467409522E-001
z  11 -1.93828475603295913E-001 -1.69319079055938182E-001
z  12 -7.53571606740255917E-002  1.63026425941282443E-001
z  13  1.63846660709976062E-002 -6.01755357731643403E-002
z  14 -8.56340299218570286E-003  6.97995912858497963E-002
z  15 -5.56275316111588466E-002 -2.85342192704533511E-003
z  16 -1.23601572310685082E-002 -3.20864792425795339E-002
z  17 -1.74753514674433792E-002 -1.52477295118182178E-002
z  18  1.67524984052974009E-002  1.09496995627926842E-002
z  19 -2.79888844914216867E-002 -1.00821372933532199E-002
z  20  2.30167703318030943E-002  1.04466297941140599E-002
