ndof   20
nconf    2
nbasisfns   10
initial_PES    1
time  1.00000000000000000E+001
 
zinit   1 -8.83263241462561854E-002 -1.49103933175900566E-001
zinit   2  6.77469323878837515E-001 -9.59031015449053337E-002
zinit   3 -1.47868721648006574E-001 -1.98049300641120640E-001
zinit   4 -1.59434519307398825E-001  7.14766921644055878E-003
zinit   5 -1.17624938407258402E-002 -4.70610887057804905E-002
zinit   6 -2.66726360941577575E-002  8.01542764764785060E-002
zinit   7  5.34614413060908490E-003 -3.92775433946407765E-002
zinit   8 -4.14625050632046327E-002 -1.88514606959958170E-002
zinit   9 -1.03396913223032360E-002 -4.26664288256502124E-003
zinit  10  2.58977932726268565E-003  1.24981267495568246E-002
zinit  11 -2.71323165120711685E-003  7.95819381011282764E-004
zinit  12  3.47953279740641002E-003  3.08793448182348744E-003
zinit  13  4.95931574630584671E-004  3.39543617772156820E-004
zinit  14 -4.06704900735737652E-005 -3.09749575305450094E-004
zinit  15  8.70076849375723600E-005 -1.57722949216629430E-004
zinit  16  3.31861283744706509E-005 -2.48651720371012497E-005
zinit  17 -1.35890307760554812E-005  7.38108543727881524E-006
zinit  18  7.76809866380550750E-007 -7.19218144915699468E-007
zinit  19  6.96218525159491099E-009 -1.41678838632600428E-008
zinit  20  4.31966851400397352E-014  2.44225966212986996E-014
 
basis     1
D -6.67903301570613506E-001  8.96054814285149992E-001
a   1  4.27930289856305601E-001 -3.26448739306889502E-001
a   2 -8.03440942046992346E-001 -2.54537895549965087E-001
d   1  2.56635299877998713E-001  4.73108270090566996E-001
d   2  4.71518377407800005E-001 -6.98553725489370558E-001
s   1 -2.78185603016288667E+002
s   2 -2.78317887886474580E+002
z   1 -1.59259061668784785E-001  2.15565245531091666E-002
z   2 -6.29070857716354292E-001 -2.89591841369145175E-001
z   3  2.27085702880909568E-001 -1.04931732611006565E-002
z   4 -1.44820133267478501E-001 -1.14965253239692131E-001
z   5 -4.14383894210665141E-002 -3.72818998069962618E-002
z   6  6.36682998362642222E-002 -1.04887355330395338E-001
z   7 -3.37543094471877804E-003 -5.57335637079639859E-002
z   8 -7.37994741428758538E-002 -3.82439523667519321E-002
z   9  2.15946894224154466E-002 -9.67045680674336883E-002
z  10 -2.30226439168277425E-001 -2.21702779271848366E-001
z  11 -4.20338747935845802E-001  1.94326996359330761E-001
z  12  9.92249974458886408E-002  3.67938634839638401E-001
z  13  6.56988592875165783E-002 -3.79465709805876031E-002
z  14  4.49458733532277221E-002  9.40459571075376172E-002
z  15 -2.15247842830976650E-002  2.88251345163302898E-002
z  16  1.70446895310376778E-003 -5.37292853805416450E-003
z  17 -1.43246315021627844E-002  1.08223090364701416E-002
z  18  4.23304061901777287E-002  2.27155161753896662E-002
z  19 -7.04081842979650211E-003 -7.78442958809099890E-004
z  20  1.76848691205208630E-002  1.21487796072880499E-002
 
basis     2
D -1.37740833515852357E+000 -3.10645785889716919E-001
a   1  4.93839192271788352E-001 -6.89270118896036843E-001
a   2 -4.19009539601241487E-001  3.24746918532648976E-001
d   1  6.19820486454205843E-001  5.78613004691634014E-001
d   2 -2.48957993996075849E-001 -4.68027213523685148E-001
s   1 -2.78160284829410614E+002
s   2 -2.78201416975769121E+002
z   1 -1.63885334458175602E-001  2.89605730234464079E-002
z   2 -6.40268409961952778E-001 -2.64472811183002754E-001
z   3  2.38729535883920041E-001 -9.23569351905043426E-003
z   4 -1.39213555244664500E-001 -1.09452668395250918E-001
z   5 -4.13395149395762648E-002 -1.80083328880213112E-002
z   6  9.49188443629396666E-002 -5.23624182457418721E-002
z   7  5.73542944029742791E-002 -4.18162911671544901E-002
z   8 -6.43481643906287926E-002 -1.78549095936055419E-002
z   9  1.27243628575885254E-001  4.95924296794962166E-002
z  10  1.37957280480436734E-001 -2.65793460338313858E-001
z  11 -3.23382557787179559E-001 -2.51783126076452202E-001
z  12 -1.53872059385019494E-001  2.47147835630940949E-001
z  13  2.80264921760885570E-002 -7.58310735277570869E-002
z  14 -2.65883572005099385E-002  9.78607389107527814E-002
z  15 -8.33704007223264598E-002 -1.24611353599754227E-002
z  16 -3.72984402950701857E-002 -4.33109361532278830E-002
z  17 -5.15924758521017698E-002 -2.29831478339073206E-002
z  18  1.33831599663634063E-002  7.94461741946051944E-003
z  19 -3.81717061635522548E-002 -7.80260993157469007E-003
z  20  6.64221814146858259E-003  1.42470933850965403E-002
 
basis     3
D  5.79679474200777145E-001  3.23097634648079668E-001
a   1 -3.95776448936284053E-001  7.15804731254505833E-001
a   2  2.55368426199320375E-001 -5.15530363879266540E-001
d   1 -7.14841453660003179E-001 -3.97513656304036733E-001
d   2  4.78283180815275377E-001  3.19733933341816601E-001
s   1 -2.78033378404744042E+002
s   2 -2.78160301542952311E+002
z   1 -1.75303265872416875E-001  3.42237469893435092E-002
z   2 -6.36926428770219877E-001 -2.47835236785461460E-001
z   3  2.63382809720475841E-001  2.75648776058488951E-003
z   4 -1.20389094088519277E-001 -1.22020678189027898E-001
z   5 -6.93707600143172315E-002 -2.34389258974480805E-002
z   6  7.36055487931407681E-002 -2.76796102248404972E-002
z   7  7.07115070692696385E-002 -5.78502502622343668E-003
z   8 -7.18836803341486724E-002 -3.64134648375595213E-002
z   9  2.87369274870237883E-002  1.18166268103273270E-001
z  10  2.10245359527026415E-001 -7.14884246994756528E-002
z  11 -8.27875983581987523E-002 -2.86261368038206176E-001
z  12 -1.91064597162832472E-001  1.04112642286575102E-001
z  13  4.63056516482926381E-002 -5.62702723074274685E-002
z  14 -4.85401319663793310E-002  5.45614267574588904E-002
z  15 -6.42972434931746162E-002 -2.65023789957990995E-002
z  16 -9.98953579040450998E-003 -5.03966803233705657E-002
z  17 -3.93551298243605061E-002 -2.92439552133044491E-002
z  18  1.29672141434119034E-002  1.39168871466051492E-002
z  19 -3.94049435360114275E-002 -1.11469938701835320E-002
z  20  4.68343578062366348E-003  1.11405924032569985E-002
 
basis     4
D  1.00311149853551407E+000 -4.87433948565459463E-001
a   1  4.13440718978821176E-001 -4.51507552634249243E-001
a   2 -4.76053550974452788E-001  6.31332494339637340E-001
d   1  4.49190943154421984E-001  4.15956481838586967E-001
d   2 -5.48522527211017019E-001 -5.69500429276864728E-001
s   1 -2.78036536076778987E+002
s   2 -2.78189023864785668E+002
z   1 -1.77466697469175816E-001  4.50069751524524095E-002
z   2 -6.34448463504139748E-001 -2.66077092824800965E-001
z   3  2.47328293321723763E-001  6.35413663675975845E-003
z   4 -1.26841094145055650E-001 -9.33044224073275030E-002
z   5 -3.88749887239039291E-002 -2.90271606767316392E-002
z   6  4.87598456799917118E-002 -7.46763845036760437E-002
z   7  1.33667801045802958E-002  4.54958610519787324E-002
z   8 -1.78292506353219804E-002 -1.21985578966934613E-002
z   9 -7.09028451827949102E-002 -7.09167862310178948E-002
z  10 -2.11705617074784802E-001  1.55330420782885587E-001
z  11  1.85764143509215829E-001  2.59459091031003064E-001
z  12  1.33804163578663149E-001 -1.61198206752101364E-001
z  13 -4.03730717632476213E-002  6.21965550369441428E-002
z  14  2.94962461783989348E-002 -8.31551805744916162E-002
z  15  7.02731173425732158E-002  5.75217205934219333E-003
z  16  2.61138531958991435E-002  4.05190559802167116E-002
z  17  4.41347267640233298E-002  2.12513433820434132E-002
z  18 -1.74773446941682807E-002 -1.38104901853806084E-002
z  19  3.14132603086023296E-002  1.41145204195317897E-002
z  20 -1.31072877935903831E-002 -1.69360250116484534E-002
 
basis     5
D  4.77556275263980701E-001 -2.40270367879219426E+000
a   1 -5.25806491036561074E-001  6.37643582985763180E-001
a   2  4.98929819462908708E-001 -2.60781959329046076E-001
d   1 -5.58731112513117356E-001 -6.09000286411227609E-001
d   2  1.64756325374699669E-001  5.38324761003813657E-001
s   1 -2.78169802807419330E+002
s   2 -2.78215577050333195E+002
z   1 -1.68597448631704783E-001  4.23333989738255562E-002
z   2 -6.29460268484639096E-001 -2.73585528507648335E-001
z   3  2.39517228528069087E-001 -9.41853682495388637E-003
z   4 -1.33846605727407614E-001 -1.12518354877329460E-001
z   5 -2.86393528796715265E-002 -1.32805529356075369E-002
z   6  9.45412767044035984E-002 -6.89366123305729800E-002
z   7  3.82786539614282245E-002 -3.08341687692167028E-002
z   8 -6.44210210326579269E-002 -9.96251239141564791E-003
z   9  1.25268906487438214E-001 -1.31672741627554340E-004
z  10  6.46882975674491073E-002 -3.16723589660897142E-001
z  11 -3.79535374473036591E-001 -1.78440629803076234E-001
z  12 -1.04959393119188768E-001  2.79643415945127205E-001
z  13  1.96354467241811777E-002 -7.13556048016825983E-002
z  14 -1.64769491251151277E-002  9.80365650810400696E-002
z  15 -7.55843345244955611E-002  8.00029253228839131E-003
z  16 -4.23879281909524327E-002 -3.51349251075052382E-002
z  17 -5.28755627886279417E-002  8.82645915654884966E-004
z  18  2.90382028491391296E-002  1.72788205888127037E-002
z  19 -3.66420819618018950E-002 -1.65433368722354762E-003
z  20  7.79056600962120017E-003  1.69356145855872608E-002
 
basis     6
D  4.04797855335785120E-002 -1.42008580048779387E+000
a   1  4.95598050479400254E-001 -5.06692351993820900E-001
a   2 -7.03856343461368494E-001 -4.72406663910452385E-002
d   1  4.22593455115674976E-001  5.69007327634195148E-001
d   2  2.42724638332419196E-001 -6.62367105718780658E-001
s   1 -2.78188613174931959E+002
s   2 -2.78315187510405451E+002
z   1 -1.65110970717747108E-001  2.49149830637877684E-002
z   2 -6.17011664971938822E-001 -2.76659117688231093E-001
z   3  2.39919993650435731E-001 -2.99095420229905130E-002
z   4 -1.33829361470393815E-001 -1.28549625065348977E-001
z   5 -3.98553335315235333E-002 -3.48487117808556068E-002
z   6  8.53494995683134750E-002 -9.03687691984662728E-002
z   7  2.86222089898828906E-002 -4.61800277479998689E-002
z   8 -5.97594657503407387E-002 -5.54734722605324873E-002
z   9  7.66697638530780545E-002 -8.99429616068210674E-002
z  10 -1.23285954861516028E-001 -3.14895305540820070E-001
z  11 -4.90922727535453629E-001  5.37600757570630416E-003
z  12 -3.37953625903781862E-002  3.82565756502986631E-001
z  13  5.67074482217066328E-002 -4.47789684483782119E-002
z  14  1.53818944086824300E-002  1.08777405981025380E-001
z  15 -5.47333763325881031E-002  2.22256665643603656E-002
z  16 -2.50786375265462762E-002 -4.70810998613275557E-003
z  17 -2.38709100721588678E-002 -4.64500502811973030E-003
z  18  3.41980212091471947E-002  2.01157408752547229E-002
z  19 -2.57603871901586484E-002  1.13759960914427728E-002
z  20  2.22293734312882692E-002  1.64276910081813561E-002
 
basis     7
D  1.24731651417232903E+000 -1.20963207443019760E+000
a   1  4.86384427697911903E-001 -7.00488748321371979E-001
a   2 -4.62294736350237545E-001  2.42959417827047802E-001
d   1  6.15555015640275927E-001  5.90208709485015359E-001
d   2 -1.38717416433614210E-001 -5.03490993311674795E-001
s   1 -2.78188406138261030E+002
s   2 -2.78245987194930137E+002
z   1 -1.67602070134273140E-001  3.01498114046841251E-002
z   2 -6.36491731344437484E-001 -2.72660162349928348E-001
z   3  2.41585771896029089E-001 -2.24381266590032297E-002
z   4 -1.26039460678810500E-001 -1.21434751857530596E-001
z   5 -5.16976964649631734E-002 -3.51675311965225362E-002
z   6  9.45232839960390980E-002 -6.69542520219274379E-002
z   7  5.58266246868185101E-002 -2.87972800761860416E-002
z   8 -5.22766054353388382E-002 -2.62424423422098485E-002
z   9  1.14469312357692268E-001  9.62066835990257885E-003
z  10  1.05223954255261445E-001 -3.06576609077484685E-001
z  11 -3.78772853234696172E-001 -2.50096172033554276E-001
z  12 -1.82938130279151068E-001  2.80591923850384284E-001
z  13  3.41908841991298146E-002 -6.49166621629367890E-002
z  14 -2.54774930724334346E-002  1.07411576606631962E-001
z  15 -8.11474362786212544E-002 -5.39820577972996950E-003
z  16 -4.00054946831604544E-002 -4.66775161786722667E-002
z  17 -5.88900654950986827E-002 -8.74485389740615147E-003
z  18  1.89101925818510111E-002  9.08063443361935112E-003
z  19 -4.50963446216263025E-002 -3.24611440382203454E-004
z  20  5.56751792599108515E-003  1.11624445561472833E-002
 
basis     8
D  5.48652972423728680E-001 -8.98274264349694929E-001
a   1 -5.06258107613983710E-001 -1.55023889609221144E-001
a   2  8.04696299823699501E-001  2.68578083944988721E-001
d   1  2.20346442911217022E-001 -4.81432365936107054E-001
d   2 -4.17729213590072368E-001  7.38358060996786691E-001
s   1 -2.78163030818816480E+002
s   2 -2.78223670474221819E+002
z   1 -1.60601003027753375E-001  4.12857686993273187E-002
z   2 -6.37174117256403494E-001 -2.75700511760344935E-001
z   3  2.29793724169771341E-001 -5.53098583907007078E-003
z   4 -1.45536543014085695E-001 -9.59641089574937017E-002
z   5 -3.24641203682334983E-002 -2.76429348871324032E-002
z   6  6.28571041743278963E-002 -8.22004554050519975E-002
z   7 -2.12223692099892842E-002  2.37015173579916798E-002
z   8 -2.42903516145616949E-002  4.95391235729621560E-003
z   9 -2.54644642467841201E-002 -1.21452812026902363E-001
z  10 -3.31765202774435386E-001  6.50159351323034707E-002
z  11  6.63010596714023182E-002  4.20338472235233351E-001
z  12  2.84097443813142225E-001 -8.45391355941437078E-002
z  13 -6.33387302109677808E-002  3.18388925930560840E-002
z  14  8.32055493997332363E-002 -6.70851387324101489E-002
z  15  5.49609742334876208E-002  3.87967138488793384E-002
z  16  1.80763979845140130E-002  4.44180926335178000E-002
z  17  3.93920931767087826E-002  4.01449245184650749E-002
z  18  4.09265328838433196E-003 -2.56917951984893117E-002
z  19  3.68029879807960508E-002  1.34235753944098365E-002
z  20  1.44984326694123727E-003 -4.81049840962450345E-003
 
basis     9
D -5.11215123013795014E-001 -7.02230604805619052E-001
a   1 -3.87655758871190304E-001 -4.05489820255185929E-001
a   2  7.41243926577934475E-001  3.68589825679863148E-001
d   1  4.34943423773681948E-001 -3.54292534260332304E-001
d   2 -5.33418633605429848E-001  6.33060486530238609E-001
s   1 -2.78110303475268381E+002
s   2 -2.78269681846283106E+002
z   1 -1.69863833397969149E-001  4.08827844309417529E-002
z   2 -6.37386338164169564E-001 -2.59118307311587859E-001
z   3  2.43833989426846282E-001  1.62045837022191663E-002
z   4 -1.20001055423514233E-001 -9.06814109870755503E-002
z   5 -4.91653140938715372E-002 -2.66463743814569533E-002
z   6  3.23395584642351686E-002 -4.78600637192183043E-002
z   7  5.55330552329213068E-003  5.53651198292261365E-002
z   8 -3.59033087034121706E-002 -1.12600810410034748E-002
z   9 -1.17175248051261380E-001 -3.72894980310165131E-002
z  10 -1.84995527142323785E-001  2.68772570123270715E-001
z  11  3.24869287727154621E-001  2.78520571698357311E-001
z  12  1.80143199782572733E-001 -2.48319289936479837E-001
z  13 -3.66987285055939486E-002  5.60947429172941048E-002
z  14  4.54039944898565404E-002 -9.31896390815263598E-002
z  15  8.29627835877126962E-002  1.89916785974459518E-002
z  16  3.32139384662119494E-002  4.42662010424652655E-002
z  17  5.24707805516256148E-002  1.86465160888193426E-002
z  18 -2.36314485139236183E-002 -1.66142955006360511E-002
z  19  4.83279751498303795E-002  7.53225704614619070E-003
z  20 -5.97646406910409128E-003 -1.43941685027849774E-002
 
basis    10
D -1.41983173508947580E+000 -3.97184768913406289E-002
a   1 -4.90812315030639490E-001  4.64265942300098877E-001
a   2  5.45472036586043374E-001 -4.96004701124016956E-001
d   1 -4.74538935872983902E-001 -4.80887088728810197E-001
d   2  4.67892154564737206E-001  5.69769548090470868E-001
s   1 -2.78009806244548997E+002
s   2 -2.78081354337593723E+002
z   1 -1.57993231416431595E-001  3.66002974053148203E-002
z   2 -6.29814393146931439E-001 -2.58044883522407675E-001
z   3  2.35592861387691449E-001 -3.29388264921100715E-003
z   4 -1.33416270648683361E-001 -9.43455727985157977E-002
z   5 -3.03462029022304111E-002 -3.09422182033709629E-002
z   6  5.82198195118130493E-002 -6.87534236013447042E-002
z   7  7.22506236617888147E-003  2.74505733551526042E-002
z   8 -1.28558984160100712E-002 -1.28752530648428915E-004
z   9 -1.69298735348107901E-003 -7.94682563316087831E-002
z  10 -1.80294302628119268E-001 -1.76207771081689636E-003
z  11  1.59282304607809427E-002  1.92043611109255358E-001
z  12  1.08521251600068286E-001 -5.98614692863707748E-002
z  13 -4.17243182191368855E-002  3.56559766678725548E-002
z  14  2.29383401682251784E-002 -4.40684516961415765E-002
z  15  3.25790169252699185E-002  2.02643317854731726E-002
z  16  4.19292312021985174E-003  3.19195920089985624E-002
z  17  3.29098960515979908E-002  1.19150532832565676E-002
z  18 -1.87347665112076317E-002 -5.52509903673499298E-003
z  19  1.06606338913659508E-002  3.49133553641228604E-003
z  20 -9.05248038992801686E-003 -4.52207231833133463E-003
