ndof   20
nconf    2
nbasisfns   10
initial_PES    1
time  1.00000000000000000E+001
 
zinit   1 -1.53807362572286022E+000 -5.80671101958552871E-001
zinit   2  5.54310833626074473E-001 -1.01193387299029672E-001
zinit   3 -1.19108658691231856E-001 -7.68175047380841025E-002
zinit   4 -2.42086372054444859E-001 -2.68112273648207777E-001
zinit   5  9.22812115100545144E-002 -2.05867440808668423E-001
zinit   6 -7.20146998679892375E-002 -2.43977409422636779E-002
zinit   7 -7.47664615715371017E-003  7.18067816757585603E-002
zinit   8 -1.24375277576966679E-002  3.33017861452813719E-003
zinit   9 -1.21516986225545538E-002  4.49888278140157371E-003
zinit  10  5.03766289147240809E-003 -1.72897727870518735E-002
zinit  11 -1.82032124260061556E-003  3.88525418398833963E-003
zinit  12  8.83065811534615485E-004 -1.78520917994550625E-003
zinit  13 -2.92897545565479699E-004  1.65069930731301818E-003
zinit  14 -2.80522386589595251E-004 -1.61352923082948779E-004
zinit  15  6.52731183666622478E-006  2.50380648240595776E-004
zinit  16  7.29706816552825813E-005 -5.38634387183182888E-005
zinit  17 -5.42243505022140239E-006  9.14031839979309702E-008
zinit  18  9.23422916202468862E-007  4.13074302831666599E-008
zinit  19  9.53453389323941414E-009 -2.84176117969438510E-009
zinit  20  1.08086711785696839E-016  1.05559798254799951E-014
 
basis     1
D -2.45464019978138936E-001 -9.32781191674156157E-002
a   1 -5.05881642256416408E-001  6.74927333588314360E-001
a   2  4.44713526041937590E-001 -3.01308377179488551E-001
d   1 -8.43196583558745383E-001  2.15096041697767949E-002
d   2 -1.84545059070435974E-001  5.04479909982428643E-001
s   1 -2.77362242351437828E+002
s   2 -2.78977129706942094E+002
z   1 -1.00868794267190864E+000  1.29009755791941561E+000
z   2 -5.36128352513309592E-001 -1.98558262079495618E-001
z   3  1.26926466863269249E-001 -5.52415027005325604E-002
z   4  4.33744131380444861E-003 -3.73592808880675142E-001
z   5 -8.81150556699780985E-002 -2.02010609431359539E-001
z   6  8.31010443954254552E-002  4.52595444007578909E-002
z   7 -6.87653862789385367E-002 -8.76908109596359897E-002
z   8 -4.48301810080325783E-002 -3.83781722743861773E-003
z   9  1.08218039991647100E-001  2.07204383526066599E-002
z  10  1.19602876910706660E-001 -2.56560606063566288E-001
z  11 -3.33831351607525917E-001 -2.13606427021834883E-001
z  12 -1.24665231631941334E-001  2.63219028833671320E-001
z  13  2.13980935523979988E-002 -6.50583201733318239E-002
z  14 -2.58562537458375437E-002  1.01883372256564492E-001
z  15 -7.37546480807029503E-002 -1.37936876180977039E-002
z  16 -4.02803585730075880E-002 -3.61669481266734885E-002
z  17 -5.63170439255501337E-002 -1.20809633188482361E-002
z  18  1.81862273491165127E-002  1.13058368600302706E-002
z  19 -4.19361258279094540E-002 -8.32964701801585869E-003
z  20  1.84074808992092109E-002  5.41333293487353739E-004
 
basis     2
D -1.19416949373044062E-001 -6.96709268797614301E-001
a   1  5.94397926638510987E-001 -2.41388552752793140E-002
a   2 -5.99651506350376007E-001  5.35281693508727341E-001
d   1  3.30613112237229001E-001  4.94556922449757075E-001
d   2  1.72922259986763388E-001 -7.84988097027538689E-001
s   1 -2.77482264848085663E+002
s   2 -2.78976515412237461E+002
z   1 -9.96998626331612625E-001  1.31229737768870725E+000
z   2 -5.33925054299943302E-001 -1.89733708979687166E-001
z   3  1.27280104082272083E-001 -2.59244571032102300E-002
z   4  5.39288611358152477E-003 -3.60673489239953571E-001
z   5 -9.27074205733945111E-002 -1.96657486229080580E-001
z   6  1.80537412901629647E-002  7.71546518922516106E-002
z   7 -8.49228105303673764E-002  1.13232256395024156E-002
z   8 -9.90958941742086513E-003  4.15083965694287918E-002
z   9 -8.68167429456532802E-002  3.02627411886040344E-002
z  10 -5.47345144834522832E-002  3.25933644372916553E-001
z  11  4.24555821041225967E-001  2.14384495545524217E-001
z  12  1.81807912899953461E-001 -3.34357884650646975E-001
z  13 -5.65810696548682962E-002  3.79964102505529477E-002
z  14  2.96035757404381344E-002 -1.22111114442516988E-001
z  15  9.45948119824358558E-002 -1.44611898056662153E-003
z  16  2.29141463293226003E-002  3.92478720291600802E-002
z  17  4.67791067503514416E-002  2.11868579660798133E-002
z  18 -2.70268988458297749E-002 -2.54630733120836845E-002
z  19  3.90946570062080598E-002  5.29592758525438637E-003
z  20 -2.46375387606099748E-002 -1.55342691456450376E-002
 
basis     3
D -4.53005620362495587E-001 -3.18854603849877127E-002
a   1  4.06089504389915701E-001 -8.04536536724331564E-001
a   2 -3.15053104812105689E-001  2.97579933208005853E-001
d   1  8.92625925325780445E-001 -1.24123655828867918E-001
d   2  9.93995293406966240E-002 -4.21819877514890029E-001
s   1 -2.77425341266365706E+002
s   2 -2.79019256936144643E+002
z   1 -9.99936307594151641E-001  1.29538425019802506E+000
z   2 -5.38110745188085771E-001 -1.90782110902185748E-001
z   3  1.30037381090485293E-001 -4.40977180048291589E-002
z   4  5.35356211460006129E-003 -3.78484215873719276E-001
z   5 -1.08424628861216163E-001 -2.15497951150060041E-001
z   6  6.86705161571499190E-002  6.55013918983400195E-002
z   7 -2.93229923840732480E-002 -6.08003319390746574E-002
z   8 -2.74770371238617604E-002 -3.28039843384450580E-002
z   9  9.06770539555079580E-002  4.67912459947859155E-002
z  10  2.38931129711414864E-001 -2.15242481182856271E-001
z  11 -2.69691005743147361E-001 -3.79514165413018689E-001
z  12 -2.85352204193990655E-001  2.03859117680283974E-001
z  13  4.48105491119457147E-002 -4.20177830079928316E-002
z  14 -5.86322655038748405E-002  8.35089136379533192E-002
z  15 -7.61309669953453977E-002 -2.58994462702382064E-002
z  16 -3.02726977117046235E-002 -3.01224687862108181E-002
z  17 -4.35260541183705579E-002 -2.40799842456682275E-002
z  18  5.72602470595120344E-003  1.73624330176073600E-002
z  19 -3.52040749413196491E-002 -3.59018515631339460E-003
z  20 -1.20734771453814816E-003  1.30033865836396874E-002
 
basis     4
D  7.47715234229504311E-002 -3.18393888299080885E-001
a   1  1.64649744965416955E-001 -6.48683859212550229E-001
a   2 -6.62369881586557407E-001 -3.36698458931444067E-001
d   1  6.27969297146439009E-001 -2.31419207416912465E-001
d   2  7.12490578576458145E-001 -2.10848020430791316E-001
s   1 -2.77429300505836466E+002
s   2 -2.78843742053709605E+002
z   1 -9.95531092432556886E-001  1.28532607812971778E+000
z   2 -5.20042734447532684E-001 -2.15041986268027091E-001
z   3  1.35130704705312632E-001 -7.59556119847005634E-002
z   4 -1.47850348252573935E-003 -3.92745512200242286E-001
z   5 -1.10666623574784684E-001 -2.25765611867483784E-001
z   6  6.02261556620437982E-002  3.55238253305858245E-002
z   7 -5.46921495458866994E-002 -8.49673649008748505E-002
z   8 -4.04683197929589789E-002 -5.26308520491386087E-002
z   9  2.25234214791341508E-002 -6.36901795464332732E-002
z  10 -1.43227721230196267E-002 -2.07266918250026522E-001
z  11 -3.27623972063782687E-001 -1.17886451203339487E-001
z  12 -1.91253339746962014E-001  2.65878820516572800E-001
z  13  6.58215927205437201E-002  6.97287670278484983E-002
z  14 -2.90528247589548483E-003  8.52479845273153430E-002
z  15 -1.35529552280925173E-002  2.72043826334616053E-002
z  16  7.18390081395148088E-003  5.70635924072847300E-003
z  17 -1.94308382576676396E-002  6.14203920763847170E-003
z  18  1.90720305272755603E-002  1.14199904708424862E-002
z  19 -1.27321128324173853E-002  2.29955932232803705E-004
z  20 -7.85803343945928987E-004  9.79360848584338167E-003
 
basis     5
D -7.49671184252175826E-001 -1.08819727534496494E-001
a   1  4.54453017565612349E-001 -7.30363478585466908E-001
a   2 -3.35070962845783415E-001  3.84407458085187004E-001
d   1  8.52403903794437645E-001 -1.15611162185827426E-001
d   2  5.14096845515797304E-002 -5.07344743057639436E-001
s   1 -2.77339538990797109E+002
s   2 -2.78985799584617212E+002
z   1 -1.01213628431399005E+000  1.29429697239932873E+000
z   2 -5.41445540660073776E-001 -2.12496401040603078E-001
z   3  1.25547066445498401E-001 -2.96268652404875765E-002
z   4 -2.54851414786108014E-003 -3.68521573112194412E-001
z   5 -8.90715087478112649E-002 -2.07052239207094951E-001
z   6  7.43555875060930987E-002  4.61478422250251805E-002
z   7 -5.00640759067825375E-002 -7.98152857167874347E-002
z   8 -3.58933064531024512E-002 -7.51749986756185089E-003
z   9  6.61581682816966693E-002  5.87858603933960264E-002
z  10  2.12591402196140700E-001 -1.85227681983762826E-001
z  11 -2.37143990597357884E-001 -2.84214430833827358E-001
z  12 -1.87477799172610371E-001  1.93414475442393680E-001
z  13  4.60048929321521111E-002 -6.61792701530352634E-002
z  14 -4.41598310003674666E-002  8.40255529606299123E-002
z  15 -8.53341680547294035E-002 -1.99430338310917256E-002
z  16 -2.48249092930402024E-002 -4.75505542206634824E-002
z  17 -4.88900389537843538E-002 -1.89015445817209624E-002
z  18  1.92032397289758905E-002  8.13154616654876601E-003
z  19 -4.48131312742666987E-002 -4.86068440767760922E-003
z  20  6.12383981771393894E-003  1.33379000711867091E-002
 
basis     6
D  7.11697788378892193E-001 -6.48476780790414820E-001
a   1 -5.27894574330379784E-001  5.15354102638476252E-001
a   2  6.75012487528774408E-001  9.77798375475258386E-003
d   1 -7.07269153724408794E-001 -2.09840122244819210E-001
d   2 -5.54504605978128451E-001  3.85048190795817646E-001
s   1 -2.77521949566959677E+002
s   2 -2.78980303635539485E+002
z   1 -1.00138711049273765E+000  1.27785755633823817E+000
z   2 -5.29642397851157742E-001 -2.26202080085698143E-001
z   3  1.24325114598633768E-001 -8.79660293002704069E-002
z   4 -1.48489605772126349E-002 -3.76366400784167998E-001
z   5 -9.46774929874361626E-002 -2.18890402538622630E-001
z   6  7.83919594927055541E-002  1.89254088082802148E-002
z   7 -7.78763576990484097E-002 -1.27844509252505234E-001
z   8 -4.36447913250816166E-002 -1.97757123102988187E-002
z   9  9.34880363390168112E-002 -7.50533267785043201E-002
z  10 -9.25346751783360094E-002 -3.20956446984564048E-001
z  11 -4.87946483670237630E-001  1.26794103006727527E-002
z  12 -2.15148065228090296E-002  3.63136554556744318E-001
z  13  4.83223584103895723E-002 -3.43923407816975821E-002
z  14  2.09719763166885780E-002  9.98394500171371352E-002
z  15 -5.05370518522139170E-002  1.93118484619526735E-002
z  16 -3.45230712351939917E-002 -1.43744711525226887E-002
z  17 -3.98983977158942141E-002  7.61275184445096582E-003
z  18  2.22774955569064598E-002  2.37939111224855816E-002
z  19 -2.18843379999478539E-002  5.61466275989107224E-003
z  20  8.06831438998907927E-003  1.94598726856142351E-002
 
basis     7
D  2.73692201352437992E-001 -4.04416834691540883E-001
a   1  5.46412181540690711E-001 -5.92675300295149032E-001
a   2 -5.65000084099763433E-001  1.75910833239774161E-001
d   1  7.97232768459068208E-001  1.19374187373533877E-001
d   2  3.51293066164179935E-001 -4.76196280906120206E-001
s   1 -2.77434774992937150E+002
s   2 -2.78968370243099287E+002
z   1 -1.01509899136010096E+000  1.29278974916470357E+000
z   2 -5.23293535207659311E-001 -2.06366779437291481E-001
z   3  1.16947905415599226E-001 -7.16968388520466404E-002
z   4 -9.31400475852474548E-003 -3.63667106448331445E-001
z   5 -7.09893350990632721E-002 -2.06364246058421852E-001
z   6  8.45787528353074691E-002  3.42698033307199668E-002
z   7 -9.45158989552830620E-002 -1.02900867083639339E-001
z   8 -3.52223902561090985E-002 -1.72009645395314895E-004
z   9  1.32490789536954201E-001 -5.11442860113877004E-002
z  10 -5.38451576021437874E-003 -3.03680072111112309E-001
z  11 -4.11307748501038795E-001 -8.96950460796157312E-002
z  12 -4.88096736993745353E-002  3.08776125861454864E-001
z  13  3.57577901734432643E-002 -6.76822559818766184E-002
z  14 -2.46264956408456500E-004  8.62537398491273061E-002
z  15 -8.47254781811416502E-002  1.29375193264344227E-002
z  16 -4.28315498694096103E-002 -2.27691850572938580E-002
z  17 -4.82462576684816596E-002  4.50727762327771033E-003
z  18  1.95155216982096785E-002  2.54793574845614589E-003
z  19 -3.18439468102288889E-002  3.23296500107186652E-003
z  20  1.43571411883530418E-002  4.92544300956414011E-003
 
basis     8
D  5.05969382399946710E-001  6.92379707340875922E-002
a   1  3.40031642831730263E-001 -6.96295780504077921E-001
a   2 -2.05279314994566531E-001  5.97838666163956312E-001
d   1  6.93083791875973132E-001 -3.46531657303414731E-001
d   2 -1.12587109466015703E-001 -6.21992613064997979E-001
s   1 -2.77113034907882877E+002
s   2 -2.79091919373568828E+002
z   1 -1.02707985555895887E+000  1.28638897519866946E+000
z   2 -5.55572910863541658E-001 -1.69365822800247201E-001
z   3  1.47963291896958726E-001 -6.48456494855170328E-003
z   4  3.19475674648020055E-002 -3.60892175531000670E-001
z   5 -9.57974787737548017E-002 -2.35104790844375938E-001
z   6  3.75385109705873576E-002  4.84778620740416305E-002
z   7 -4.17434737403907311E-002 -3.83241297493752200E-002
z   8 -4.07544002083852983E-002 -3.80989583277807839E-002
z   9 -4.98587005133631078E-002  7.26007244593878387E-002
z  10  1.37210780056725240E-001  7.56308936419826938E-002
z  11  5.31913363045502657E-002 -1.53817587339228790E-001
z  12 -1.15314798734733173E-001  8.97541220139806846E-004
z  13  3.16679948858865079E-002 -5.26990525385805271E-003
z  14 -3.89518333981074966E-002  2.11055880862910765E-002
z  15 -2.47380355277274575E-002 -1.67176315466434251E-002
z  16 -4.80802776934073813E-003 -1.22369726076004600E-002
z  17 -2.17823388465435003E-002 -2.58432462129966865E-002
z  18 -3.02193877013200033E-003  5.04552292783431826E-003
z  19 -1.79828358114311193E-002 -1.61157232963078448E-002
z  20 -5.28605766334045227E-003  8.04504651915010846E-003
 
basis     9
D -1.00137935348728213E+000 -3.70193079374300099E-002
a   1 -1.24016426039847305E-001 -7.10819171254619908E-001
a   2  4.60838292378392633E-001  5.16705041708480417E-001
d   1  4.90198880092245715E-001 -5.29479958173215137E-001
d   2 -6.65118963788187023E-001 -1.92283113815342410E-001
s   1 -2.77379778831512510E+002
s   2 -2.79040683138532188E+002
z   1 -1.01862501374865633E+000  1.29510793754595199E+000
z   2 -5.43471515807032124E-001 -1.75957487878753593E-001
z   3  1.30234822852328180E-001 -2.51270299051434623E-002
z   4  1.76732428557141788E-002 -3.49510693864513389E-001
z   5 -1.02715005932015338E-001 -2.20403912488227827E-001
z   6  8.68899979008436185E-003  9.56313652321436614E-002
z   7 -5.49903485310241635E-002  7.43820094087441121E-003
z   8 -5.25269697285207608E-003 -8.65822151136830948E-003
z   9 -9.51198116104095270E-002  7.57425297809628806E-002
z  10  1.08760222237206591E-001  3.19888135261825135E-001
z  11  4.42578792725681069E-001 -4.78959985728230550E-002
z  12 -5.27337521288745656E-002 -3.19584023017535801E-001
z  13 -2.26366977129412970E-002  7.25202308771893261E-002
z  14 -3.65867286611394338E-002 -9.08724835485333199E-002
z  15  5.29141385351222446E-002 -1.79866684114363962E-002
z  16  2.31971031078014485E-002  1.04537984875429264E-002
z  17  3.13798679004336223E-002  2.09176908178224400E-003
z  18 -2.16998096198932483E-002  6.15636337613611594E-003
z  19  1.86447415546760163E-002  8.02034014247269243E-003
z  20 -1.48355414991481159E-002 -1.15595935532853220E-002
 
basis    10
D  3.44765043216307021E-001 -2.30746856689173756E-003
a   1 -2.78008130616524740E-001 -9.49402111382165570E-001
a   2  6.62637110506500704E-002 -1.30216092753235368E-001
d   1  6.75539417829490119E-001 -7.22702832943390439E-001
d   2  5.20276845623703355E-002  1.36529228567372096E-001
s   1 -2.77496694729439866E+002
s   2 -2.78766939005170457E+002
z   1 -1.00390673877523584E+000  1.31576486549127325E+000
z   2 -5.04975606763472307E-001 -1.79984921461179947E-001
z   3  1.52048665759001583E-001 -4.88520069953249300E-002
z   4  1.66504179100670155E-002 -3.74762011720906896E-001
z   5 -1.00671985140049103E-001 -2.06179418992824104E-001
z   6  5.39129509035774362E-002  9.10664659905582319E-002
z   7 -6.54335888750263387E-003 -6.40973490679902416E-003
z   8  3.88083372243892416E-002 -5.67493251184126007E-003
z   9  5.87686126886014792E-002  3.78414717448098611E-002
z  10  2.43062064214551260E-001  1.22865128241659138E-002
z  11  1.64287926309980209E-001 -3.32999354635852174E-001
z  12 -2.49897772633081439E-001 -2.52751249097514175E-001
z  13 -1.18050124104634793E-001  5.00506890666231261E-002
z  14 -1.01902407615362692E-001 -5.18044182640418141E-002
z  15 -4.62472710219932817E-002 -2.33101177628635657E-002
z  16 -3.07976421220933806E-002 -1.06093126359641660E-002
z  17 -2.35031739603364653E-002 -8.15500042123204483E-003
z  18 -4.80633699500256778E-002 -1.51828035338378155E-003
z  19 -1.15909215629235954E-002 -8.49779903409938336E-003
z  20 -1.69776627668829644E-002  2.48076258442644134E-003
