ndof   20
nconf    2
nbasisfns   10
initial_PES    1
time  1.00000000000000000E+001
 
zinit   1 -1.56886000074079557E+000 -4.55805662813861368E-001
zinit   2 -3.77601981625694416E-001  6.42239143512155275E-001
zinit   3 -2.09387319571522512E-001  2.11376761914456701E-001
zinit   4  3.27183221075477773E-002  3.62654200400001694E-002
zinit   5 -1.32971965408109183E-001  1.35702133116999933E-002
zinit   6 -4.37816874342436060E-002  1.93493397301854025E-001
zinit   7 -4.12654455328110917E-002  1.07919837444385242E-001
zinit   8 -1.16946761889754336E-002  5.50062883445608802E-002
zinit   9 -2.77042646388837611E-002 -1.10848809362362657E-002
zinit  10 -3.09260642334421160E-003 -9.33733913601135892E-004
zinit  11 -3.72675619889145529E-003  2.43229125464370288E-003
zinit  12 -5.43041894209076847E-003 -1.07316032449483669E-003
zinit  13 -5.13698012971114905E-005  1.28220350794769193E-003
zinit  14 -5.04806445901172219E-004 -2.99979716629077608E-004
zinit  15  3.00171387990014153E-006  3.00402234052502695E-005
zinit  16  3.01227903640916109E-006 -8.29781128770307245E-005
zinit  17 -3.84293723084935703E-006  2.67443221627188079E-006
zinit  18  2.11483139393234460E-008  4.97870478892457826E-007
zinit  19 -1.37004336328687584E-011  1.10890819896936449E-010
zinit  20 -4.82547134898324504E-014 -2.09777306634260238E-014
 
basis     1
D  1.11307777481588571E-001 -1.85875269516336511E-001
a   1  2.38007868201755846E-001 -4.88476157775844078E-001
a   2 -2.43746859020216866E-002  8.39135967913318792E-001
d   1  5.21129120073159813E-001  1.53886783880779920E-001
d   2 -7.26774087984707995E-001 -4.20169873970803076E-001
s   1 -2.77864692341818284E+002
s   2 -2.78526093992334040E+002
z   1 -8.98730938557836923E-001  1.37511863475962914E+000
z   2  6.42694220790932969E-001 -3.50747726967054474E-001
z   3 -3.48014987015727931E-002 -2.77883698038898508E-001
z   4  8.05317987582557931E-003  6.42674968530630858E-002
z   5 -7.79495499789144841E-002  1.18060376349310978E-001
z   6  1.18944652170032389E-001 -1.23769935668469597E-001
z   7 -1.00202987645050867E-001 -3.20735654385975108E-002
z   8  8.58001294985401113E-003  5.76088399230852768E-002
z   9 -1.17673642255423511E-001  2.59425943141979379E-003
z  10 -1.48956472635247500E-001  2.82326102649442967E-001
z  11  3.55566951989826074E-001  2.75239468406296872E-001
z  12  1.89348189740074280E-001 -2.72756552757403958E-001
z  13 -3.89807919267524672E-002  6.72420303433784866E-002
z  14  3.07158907992045142E-002 -1.04037185745684782E-001
z  15  9.40131321377301460E-002  1.38983112970913134E-002
z  16  3.62090321004743115E-002  3.48761289543198100E-002
z  17  6.54144840903191221E-002  1.39495555492404090E-002
z  18 -2.16717070498632473E-002 -1.56724235514349129E-002
z  19  3.86879429201800393E-002  6.33661902288016731E-003
z  20 -1.23533778355440164E-002 -1.63519218471179922E-002
 
basis     2
D -1.37130393937506589E+000 -1.94505339987874981E+000
a   1  4.68485076475343820E-001 -7.05542722885972640E-001
a   2 -3.97531824070095074E-001  3.53128373476397028E-001
d   1  7.64554457079214544E-001  3.64314812844288127E-001
d   2 -1.37988543914459721E-001 -5.13507897749343245E-001
s   1 -2.77889467442719024E+002
s   2 -2.78494748258409743E+002
z   1 -8.99708986562066992E-001  1.36849210888473749E+000
z   2  6.57866701711403379E-001 -3.62467300711429685E-001
z   3 -2.02797591102923669E-002 -2.96247402013679773E-001
z   4  4.99719440955103972E-003  4.33997880228496058E-002
z   5 -7.86745522074813325E-002  1.17241215362404463E-001
z   6  1.70455009134736074E-001 -1.33625043636855373E-001
z   7 -5.39110542143321769E-002 -1.23960655501397080E-001
z   8 -2.12355745627173936E-002  3.61564342871985300E-002
z   9  9.51676970122486560E-002  8.32404761512099828E-002
z  10  1.71476281417732607E-001 -2.46676851110847334E-001
z  11 -2.82783191661832245E-001 -2.88513355770495250E-001
z  12 -1.77685864016208867E-001  2.22710085233249255E-001
z  13  3.69359347374153754E-002 -6.93871469524506429E-002
z  14 -3.92242885593150278E-002  9.29154093909610179E-002
z  15 -7.57836750071974735E-002 -9.72076935227714732E-003
z  16 -3.48872054794135272E-002 -5.29962707508389169E-002
z  17 -5.70788125985473571E-002 -1.57607832566778634E-002
z  18  1.65009940897651516E-002  1.58198477776665125E-002
z  19 -5.03874084625814539E-002 -2.02301470641864066E-003
z  20  1.68454793510119868E-002  2.48232821218589278E-002
 
basis     3
D -5.96645872153796941E-001 -6.38919386305044301E-001
a   1 -4.68332313101637032E-001  6.97755483209681948E-001
a   2  5.18049430759774943E-001 -1.59458199680031831E-001
d   1 -7.27799678701891439E-001 -4.20125573520263362E-001
d   2 -1.00597129903904292E-001  5.32618388352130379E-001
s   1 -2.77963343371637507E+002
s   2 -2.78516225510127072E+002
z   1 -8.90310200619901848E-001  1.36512252814946122E+000
z   2  6.55031569510298173E-001 -3.76616590677703034E-001
z   3 -4.00288049398691004E-002 -3.15335856546639648E-001
z   4 -1.02169629756638028E-002  2.19674285601531676E-002
z   5 -8.35423896567867169E-002  1.12087777286146120E-001
z   6  1.69468601403971936E-001 -1.59122021288463728E-001
z   7 -7.21969963247188484E-002 -1.42252509910591823E-001
z   8 -1.72685419464683604E-002  2.61318589420620057E-002
z   9  1.17676378428669737E-001  7.21277843556296632E-004
z  10  7.98307444475591238E-002 -3.36448726559842315E-001
z  11 -4.19556612155618180E-001 -2.43749565533775470E-001
z  12 -1.94114443980161061E-001  2.96779912640430965E-001
z  13  5.66644786950852020E-002 -4.04422369057923156E-002
z  14 -4.13761732492419418E-002  9.82997063685186329E-002
z  15 -7.18458435240788562E-002  5.93446130666192354E-003
z  16 -3.47586310143699548E-002 -2.18714128710126923E-002
z  17 -4.67373606774900072E-002 -6.09656802984665999E-003
z  18  1.26665447725667849E-002  2.71922734498569636E-002
z  19 -3.72094377582759053E-002  3.47280203140647257E-003
z  20 -1.62669611332852122E-003  4.90798342379276942E-003
 
basis     4
D  7.15285277309884483E-003 -1.19848351001849696E+000
a   1  5.21889842094604206E-001 -5.00083430085549674E-001
a   2 -6.91046335476528495E-001  1.58678820867569348E-003
d   1  5.36801247542265436E-001  4.84042214031717710E-001
d   2  3.04352212267540001E-001 -6.20417026330042143E-001
s   1 -2.77957979658808995E+002
s   2 -2.78489313745665129E+002
z   1 -8.81195295637584697E-001  1.36459217127786681E+000
z   2  6.48759265820574860E-001 -3.90116418617419414E-001
z   3 -3.82034101611990057E-002 -3.22982642867296332E-001
z   4 -1.39015768781264992E-002  4.97630011926209828E-002
z   5 -6.28404028786784113E-002  1.04594349696370784E-001
z   6  1.75754991428833857E-001 -1.83746293300536268E-001
z   7 -1.01787645286191553E-001 -1.50883014642614777E-001
z   8 -1.55402458262563076E-002  3.22698362525408317E-002
z   9  9.44618525474975462E-002 -7.01171786532802377E-002
z  10 -1.04444102910992237E-001 -3.33278545022557049E-001
z  11 -4.79086885847102129E-001  2.09098369590870123E-002
z  12 -7.62776356596999491E-003  3.58488476529578548E-001
z  13  5.26945239811961522E-002 -4.30957132483680491E-002
z  14  1.74396771455617543E-002  9.53955542268134921E-002
z  15 -5.63005340047390626E-002  2.27934848913537123E-002
z  16 -3.26141935651877019E-002 -9.83035821138886386E-003
z  17 -3.88503085667615475E-002 -2.24134734659189915E-003
z  18  2.69868435709293905E-002  1.61588184001290706E-002
z  19 -1.58476203070119157E-002 -1.51567210626425246E-002
z  20  6.94432768854978243E-003  1.03688107175040414E-002
 
basis     5
D -2.22577883433535462E+000  2.48985314669627122E+000
a   1  4.43395618895235710E-001 -7.06266125669014810E-001
a   2 -3.75516816929951036E-001  4.04444810919663222E-001
d   1  7.74824142180346565E-001  3.08316499424697910E-001
d   2 -2.04130569424296526E-001 -5.12756468027032231E-001
s   1 -2.77849048096514423E+002
s   2 -2.78474548899911156E+002
z   1 -8.94704774739947362E-001  1.36925920018885638E+000
z   2  6.54963967152618065E-001 -3.62531449626834090E-001
z   3 -1.99789618184420606E-002 -2.96535805084909954E-001
z   4  1.03238549043774830E-002  4.06350770328032587E-002
z   5 -8.14251370252328244E-002  1.13904249168468003E-001
z   6  1.66195381702680473E-001 -1.28793461491446715E-001
z   7 -5.39637114319890809E-002 -1.10850238719712210E-001
z   8 -3.00400476750951363E-002  3.81063777596402226E-002
z   9  9.45260886829340785E-002  1.07820755942085969E-001
z  10  1.94794102491133936E-001 -1.80888306411878114E-001
z  11 -2.34869218968496052E-001 -2.93487002548159126E-001
z  12 -1.75175497114613665E-001  1.89062844907694622E-001
z  13  3.43163977728697667E-002 -7.23091593180622272E-002
z  14 -4.98266067011765568E-002  8.36425974715041404E-002
z  15 -8.02514131366291184E-002 -1.57347386466210985E-002
z  16 -3.67236630882548307E-002 -4.74997665898278451E-002
z  17 -4.73184948950536449E-002 -2.54957573185473733E-002
z  18  1.64107627477258176E-002  1.79113942488746090E-002
z  19 -3.92817994373631865E-002 -5.55777707944635994E-003
z  20  7.30421094949871771E-003  9.84407126346066585E-003
 
basis     6
D -2.01355230879698111E+000 -3.10462171398256981E+000
a   1  3.28035169962902828E-001 -7.37194596027286764E-001
a   2 -1.68167454286205692E-001  5.66265628636026919E-001
d   1  7.92606432788716009E-001  1.51122426682381489E-001
d   2 -4.04859874323033386E-001 -4.30145948509102538E-001
s   1 -2.77800684134959567E+002
s   2 -2.78557940839979722E+002
z   1 -9.05854497326425090E-001  1.35978868312855639E+000
z   2  6.44812358215437142E-001 -3.45534105452135032E-001
z   3 -1.96002821407241928E-002 -2.68771939082914135E-001
z   4  1.23147762622770642E-002  4.17484398391342118E-002
z   5 -9.07900146110745820E-002  1.00097676001974056E-001
z   6  1.58580071595740030E-001 -9.11166690051158218E-002
z   7 -3.11584473595085051E-002 -7.53292812866468570E-002
z   8 -2.76017249438149613E-002  7.33687691642874104E-003
z   9 -1.36540164635114147E-002  1.49830243051808087E-001
z  10  2.71323037575530446E-001  2.78218403353109149E-002
z  11  1.41507540329930074E-002 -3.31907033985980870E-001
z  12 -2.18318158229216769E-001  4.88848687091150980E-002
z  13  5.31285079038376906E-002 -2.60958274911190918E-002
z  14 -6.38221030397590622E-002  4.98685269223156299E-002
z  15 -5.70078008556426513E-002 -4.11511760172002874E-002
z  16 -1.59300376470591608E-002 -3.91562407663675685E-002
z  17 -2.79009057538789663E-002 -1.91114371794907020E-002
z  18  6.38608439761034850E-003  1.12687021739022956E-002
z  19 -3.19492623263266801E-002 -1.80251652762791863E-002
z  20  5.25509990639694193E-003 -5.72804115942907889E-006
 
basis     7
D  5.18569207100908591E-001  1.78792493535720104E-001
a   1  3.94132807837062338E-001 -4.21384089073489176E-001
a   2 -7.72266544331746463E-001 -2.65893143514675911E-001
d   1  4.62691022251982831E-001  3.44706017738646564E-001
d   2  5.93452113969488937E-001 -5.61167860526026518E-001
s   1 -2.77919250309131087E+002
s   2 -2.78512711734273694E+002
z   1 -8.85009636758924745E-001  1.35400648473569518E+000
z   2  6.52519387443026067E-001 -3.88494811466562340E-001
z   3 -4.93659620103735347E-002 -3.37070684970187606E-001
z   4 -1.01932871766402793E-002  3.17503605128979724E-002
z   5 -8.48997223621466846E-002  9.28779044056051717E-002
z   6  1.53411074864178626E-001 -1.93347214343971896E-001
z   7 -1.21380651945482823E-001 -1.56376756977615994E-001
z   8 -4.26981609854454949E-002  2.26345975518665865E-002
z   9  3.22692365335325373E-002 -7.15755481184910392E-002
z  10 -1.72617769883892075E-001 -2.55126481386832471E-001
z  11 -4.53616593855034667E-001  9.37123541668142823E-002
z  12  1.82627191799064371E-002  3.95878247289503493E-001
z  13  9.13981409931645811E-002 -2.34039126660554866E-003
z  14  4.40119802537570423E-002  9.19284001535693313E-002
z  15 -2.24914315448820623E-002  3.28675154090269789E-002
z  16 -3.80276542499815044E-003 -8.10949870268205288E-003
z  17 -6.65928656241880374E-003  9.67618679791381123E-003
z  18  3.69491501558211546E-002  1.21113306752549804E-002
z  19 -6.68686701782488218E-003 -4.76928312021251705E-003
z  20  1.51590200449181998E-002  1.31793101289445665E-002
 
basis     8
D -1.17042418484874200E+000 -2.51117656270678635E+000
a   1 -3.49263791529281553E-001  7.16555215364830467E-001
a   2  2.01411193253363319E-001 -5.69207307131936346E-001
d   1 -7.84689285053210894E-001 -1.40354190043008115E-001
d   2  3.99777677929483266E-001  4.52483409076448351E-001
s   1 -2.77754410537351816E+002
s   2 -2.78538015437980050E+002
z   1 -9.16397506137590079E-001  1.36757912254075897E+000
z   2  6.40837898230377179E-001 -3.39581373268955322E-001
z   3 -2.91180177151896917E-002 -2.77066143544184962E-001
z   4  8.99707642751710474E-003  4.27700552265585510E-002
z   5 -9.52805805033880154E-002  1.11678883284728234E-001
z   6  1.51539787096615891E-001 -9.43459643111799612E-002
z   7 -2.50173402443487451E-002 -7.82360052623862767E-002
z   8 -1.89224919471090297E-002  1.05267637486568116E-002
z   9 -2.61770507055349502E-002  1.42373692600224783E-001
z  10  2.27185730651370765E-001  1.84559979291613503E-002
z  11  9.38244293588518311E-003 -2.86852958905493338E-001
z  12 -1.77273933043001791E-001  5.24141824702395731E-002
z  13  5.80024566208564712E-002 -3.20781379543692569E-002
z  14 -5.82448852955958635E-002  5.65484525640883515E-002
z  15 -4.86702335572339675E-002 -3.58692834267370295E-002
z  16 -1.51225334339959334E-002 -4.38544337984215493E-002
z  17 -2.56239655022504897E-002 -2.79787410849200724E-002
z  18  9.26022374859370410E-003  2.09092122107632644E-002
z  19 -2.78712266978583742E-002 -1.78428268184764316E-002
z  20  3.34640525025714595E-003  1.25321786806810113E-002
 
basis     9
D  1.00916255010344402E+000 -2.08542832310131848E-001
a   1 -5.25590372375074555E-001  2.63262682079942800E-001
a   2  7.95583000992314382E-001  1.46612445661416402E-001
d   1 -2.98042385302771162E-001 -5.06678612013896967E-001
d   2 -4.62651388851845424E-001  6.63627314902134779E-001
s   1 -2.77963590361284048E+002
s   2 -2.78457525716911391E+002
z   1 -8.86259402084887515E-001  1.35318724000407697E+000
z   2  6.57754910788467373E-001 -3.91996820559399439E-001
z   3 -4.86713293946248252E-002 -3.29492511772031760E-001
z   4 -1.83802768534538259E-002  5.60785860567095257E-002
z   5 -5.84589908336055411E-002  1.06936005395773928E-001
z   6  1.61558849828415091E-001 -2.02172306904046084E-001
z   7 -1.42860541164482074E-001 -1.44796009574629292E-001
z   8 -2.26083510806868969E-002  4.80057133203267150E-002
z   9  6.42775555302964458E-002 -1.08102753117326783E-001
z  10 -2.56546251215776289E-001 -2.44770758552510237E-001
z  11 -3.78045474315833574E-001  2.75949950385359077E-001
z  12  1.93829848689192147E-001  2.78332505883809866E-001
z  13  2.00949324535229616E-002 -5.56480581080891767E-002
z  14  6.81293261754669643E-002  6.97425409710297484E-002
z  15 -8.55258843948975868E-003  4.86461136827752924E-002
z  16 -1.73958378227000061E-002  1.16436310667945558E-002
z  17 -9.21179719398461209E-003  7.84464831821171833E-003
z  18  2.53197647355256801E-002 -7.42136657962819059E-005
z  19 -4.50167569757775870E-003  4.97562794620716974E-003
z  20  7.72182826268335166E-003  6.80648546294055669E-003
 
basis    10
D  3.13513278023009700E+000  8.77134712742027589E-002
a   1  4.43256325705948528E-001 -6.80753122684641498E-001
a   2 -3.70681499928868285E-001  4.50215771921987473E-001
d   1  7.56178939876519407E-001  2.96806999935061766E-001
d   2 -2.61155095160280071E-001 -5.21437466959032037E-001
s   1 -2.77827815128121927E+002
s   2 -2.78448616677595510E+002
z   1 -8.95973011400465147E-001  1.35956811421127610E+000
z   2  6.49967697368234010E-001 -3.64159491326109030E-001
z   3 -3.73097833435893853E-002 -2.89419237495238957E-001
z   4  3.35812110090530011E-003  4.95484215572969677E-002
z   5 -7.17796039312837836E-002  1.21523627899595782E-001
z   6  1.77621801410267094E-001 -1.29392458353427664E-001
z   7 -5.25412659195787224E-002 -9.63936862364896258E-002
z   8 -3.75927609299218299E-002  2.82565341118331641E-002
z   9  8.47784678301520267E-002  1.03026823565155190E-001
z  10  1.93112590397812506E-001 -1.54356017234798443E-001
z  11 -2.01137983100217327E-001 -2.69734057959102436E-001
z  12 -1.58160329253850873E-001  1.66775804081364526E-001
z  13  3.17103223234381712E-002 -7.17668811572862303E-002
z  14 -4.07614715874426992E-002  8.61062811716520465E-002
z  15 -7.60849459195533095E-002 -1.55426851855527091E-002
z  16 -3.29402229314877254E-002 -4.23384480648029971E-002
z  17 -4.72355600447440446E-002 -2.63632934235295095E-002
z  18  1.95521859807338237E-002  4.16867999667848606E-003
z  19 -3.39932864949784586E-002 -1.52756334979109298E-002
z  20  8.84486636881994664E-003  1.24949250920396264E-002
