ndof   20
nconf    2
nbasisfns   10
initial_PES    1
time  1.00000000000000000E+001
 
zinit   1  5.67705075965504791E-001 -6.62459277710468419E-001
zinit   2  3.69130906031071904E-001  2.79688953045972355E-001
zinit   3 -1.78659245672081801E-001  6.17281032612431793E-002
zinit   4  1.08414131034917927E-001  4.24755288793630947E-002
zinit   5 -1.68962567529147983E-002  3.36022624982353704E-002
zinit   6  6.21359894228631984E-002  1.21111607808274610E-002
zinit   7 -1.28053620415647190E-001 -2.10379144511695960E-002
zinit   8 -5.84485838118889572E-002  9.15290632700794214E-003
zinit   9 -6.78220901801461929E-003  8.66133047247329493E-003
zinit  10 -1.78313773499628597E-002  3.54515988719609392E-003
zinit  11 -2.41334698213894420E-003  2.43693062625745943E-003
zinit  12 -1.39075789061577845E-003  2.05505409901746323E-003
zinit  13 -2.22274478559339765E-003 -1.11768956350821605E-003
zinit  14  1.01233063272299317E-004 -7.40066317514344947E-004
zinit  15  1.21383333088360184E-004 -8.24253030940437845E-005
zinit  16  2.68091171414397371E-005  4.02202533833078500E-006
zinit  17 -5.03765376283328629E-006 -5.63234413920734898E-006
zinit  18  4.92249131718926045E-007 -3.51790656858686003E-007
zinit  19 -9.46128535564765946E-010  7.50534804409885974E-009
zinit  20 -1.58932972668851009E-014 -2.12537724744832750E-014
 
basis     1
D -1.50106910358330542E-001 -7.95237797083338749E-001
a   1  5.31270076317507556E-001  3.76994750040771653E-001
a   2 -7.42826830732074894E-001  1.54387059029501561E-001
d   1 -5.83382381693409169E-001  2.89892966935107854E-001
d   2 -2.29398329875144025E-001 -7.23189788853335513E-001
s   1 -2.78523420735849356E+002
s   2 -2.77928705554607291E+002
z   1 -4.71136240409348317E-001 -7.38403449006415746E-001
z   2 -1.81153247166582487E-001 -4.13280468060251538E-001
z   3  7.09952159769445396E-002 -1.54963055418850665E-001
z   4  6.54985957771370697E-002  1.22775183180744749E-001
z   5  1.26981978520422437E-002  4.62304436149280837E-002
z   6 -6.95410877021977458E-002 -1.56606450915945813E-003
z   7  5.97135929385022163E-002 -5.37657804223573219E-002
z   8 -3.71265393952930345E-002  4.91451319318445962E-002
z   9 -7.84934938707537305E-002  7.84301192155342081E-002
z  10  4.32434076247182400E-002  3.23122233099408462E-001
z  11  4.78612427363749537E-001  1.05695055491844936E-001
z  12  8.48829967563360793E-002 -3.73270714470607390E-001
z  13 -6.11719101778073968E-002  5.94398859105561214E-002
z  14  5.74655940984514571E-003 -1.11698781749625664E-001
z  15  5.73730835499888028E-002 -2.51346633680468237E-002
z  16  2.73362233422598973E-002  2.80657512385259975E-002
z  17  4.31843576473762494E-002  6.16716773656629698E-003
z  18 -2.12816079534736170E-002 -2.08140579412764322E-002
z  19  2.04988993299046948E-002  1.30327318271625334E-003
z  20  7.59432360298963136E-003 -3.88094864484570673E-003
 
basis     2
D -7.85138619577482877E-002  5.20854334239264527E-001
a   1  1.86354113742347838E-001  8.09372030843134582E-001
a   2 -4.80031337551726722E-001 -2.82416314947380509E-001
d   1 -8.04926267712055332E-001 -2.04706237244927342E-001
d   2  2.45528729488338898E-001 -4.99904693892745888E-001
s   1 -2.78506288550400200E+002
s   2 -2.77955699671191439E+002
z   1 -4.81050228524960211E-001 -7.28170006875185405E-001
z   2 -1.78580087672684212E-001 -3.89855110552213335E-001
z   3  7.78874643295331681E-002 -1.40249005861873999E-001
z   4  7.90782796412172334E-002  1.19882092186464048E-001
z   5  1.66981255880464703E-002  3.30818865312076590E-002
z   6 -6.28590282577925624E-002  7.42653068742164021E-003
z   7  1.04995677412761931E-001 -4.82917869909149367E-002
z   8 -2.15987280179015910E-002  3.02677828512599167E-002
z   9 -2.44704117208526667E-002  1.19958384765737544E-001
z  10  2.37721945809404728E-001  2.16394096055186502E-001
z  11  4.05522632123836824E-001 -2.24211853823668067E-001
z  12 -1.58056567236090961E-001 -3.43281520367625714E-001
z  13 -4.64815055518967638E-002  5.62714183135352083E-002
z  14 -5.98379662088609141E-002 -7.48828759466441812E-002
z  15  9.14132838100557930E-004 -4.34160780744351285E-002
z  16  8.88928218533469212E-003 -8.92217672787618666E-005
z  17  5.98772648303824619E-003 -2.01051948645816110E-002
z  18 -3.82756288826179777E-002  7.42230687469070576E-004
z  19  1.23962944662075764E-002 -4.07331064794515339E-003
z  20 -2.05861664829618575E-002 -1.07027114650821310E-002
 
basis     3
D -3.07191545172755709E-001  1.56166577284190788E+000
a   1  2.86058063628189252E-001 -6.78398897951435376E-001
a   2 -1.31299138516464270E-001  6.63857104892604410E-001
d   1  5.32690861254152548E-001  5.08227042614558644E-001
d   2 -6.74759064126767449E-001  5.14385543179916443E-002
s   1 -2.78393806445684220E+002
s   2 -2.77759602343985478E+002
z   1 -4.69502664416469317E-001 -7.35128411853971708E-001
z   2 -1.68505355652618122E-001 -4.10778506501254526E-001
z   3  8.60159503818816451E-002 -1.71454577586133222E-001
z   4  5.44737752088860286E-002  8.71069364604615676E-002
z   5 -1.12356225138735624E-002  2.52899711304462663E-002
z   6 -5.34054164718773677E-002  5.28931250050268618E-003
z   7  1.08486355713163965E-001 -9.54341176236352118E-002
z   8 -6.41891756073336012E-002 -3.11105844049456154E-002
z   9 -5.43406483031408649E-002  8.71589101616529471E-002
z  10  1.54214625192989813E-001  1.06788710532212477E-001
z  11  1.29827330499855481E-001 -1.85930035037410707E-001
z  12 -1.32708637767647991E-001 -4.36264219856067753E-002
z  13  5.12930342570983994E-002  1.26359223867759801E-002
z  14 -4.84011459459627730E-002  7.02664180476825391E-003
z  15 -8.94368343895012539E-003 -3.15998732649491187E-002
z  16  9.40070074373038599E-003 -1.32990752196794626E-002
z  17  1.35345314441941085E-004 -1.74537891023524051E-002
z  18 -6.20382683993779094E-004  1.45892365796392691E-002
z  19 -1.40061819309319352E-002 -4.98960519350084234E-003
z  20  1.59791237213698350E-003  8.96202745484410597E-003
 
basis     4
D  9.84213275949678890E-001 -1.73418517561908681E-001
a   1 -2.16051130968139382E-001  5.21923160527037799E-001
a   2  7.52502518216099092E-002 -8.21739327836761957E-001
d   1 -3.83465088183602920E-001 -4.14772712255140785E-001
d   2  8.21835505209708495E-001 -7.41924907893795060E-002
s   1 -2.78463073042527412E+002
s   2 -2.77849597665040278E+002
z   1 -4.68670971590534169E-001 -7.39679591839958239E-001
z   2 -1.77881540507515118E-001 -4.31141859348216361E-001
z   3  6.32751657938176448E-002 -1.73318011411084993E-001
z   4  6.00491357818541543E-002  1.09421793879674600E-001
z   5  1.83922006600807687E-002  4.64700619430954004E-002
z   6 -8.03104626088623624E-002 -2.49615624935140487E-002
z   7  4.50767712520196845E-002 -7.40519376117964173E-002
z   8 -3.99528743724580013E-002  1.17202072376648061E-002
z   9 -9.78422145440761282E-002 -3.83904820468116414E-002
z  10 -1.66073475746533111E-001  2.29400688128405278E-001
z  11  3.04206043830752504E-001  2.57836381230094336E-001
z  12  1.54633173897098658E-001 -2.27346917277388205E-001
z  13 -4.47822088024251233E-002  6.12454835861545796E-002
z  14  2.94832454700512808E-002 -8.50057337618309039E-002
z  15  7.63350116882745150E-002  1.88922425551194435E-002
z  16  3.01524990006521269E-002  3.49234157466979805E-002
z  17  4.55706338166107991E-002  2.24720152967426562E-002
z  18 -2.08184048338455226E-002 -2.42193041412057664E-002
z  19  3.37684750266390582E-002  1.50263752135155974E-002
z  20 -3.72154153331584253E-003 -9.40047660194088738E-003
 
basis     5
D  4.01549854921570970E-001  1.61164999293058581E-001
a   1 -5.01823854229283217E-001  4.23109194556081980E-001
a   2  7.48047542935536769E-001  9.78585832546542272E-002
d   1 -1.24358275692624490E-001 -6.44502591506183498E-001
d   2 -3.84733286364966481E-002  7.53439600626440331E-001
s   1 -2.78540839623074760E+002
s   2 -2.77951889134275689E+002
z   1 -4.65490773117916035E-001 -7.48299152582093341E-001
z   2 -1.72031978748594383E-001 -4.54908584434662533E-001
z   3  6.04953605120964188E-002 -2.12004720320418671E-001
z   4  3.65488267511070025E-002  8.84184783047730627E-002
z   5  2.93925181151350641E-002  1.83923655086363456E-002
z   6 -2.66392831892412578E-002 -9.80972822072610218E-002
z   7  3.74007633438973239E-002 -1.78692987475178311E-001
z   8 -7.70728197818349586E-002 -1.71079965240703430E-002
z   9  6.24760710365718647E-002 -1.00067684416569533E-001
z  10 -1.68886226649245658E-001 -3.13247230416368483E-001
z  11 -4.75866015031518763E-001  9.20277174720818963E-002
z  12  3.45116590948341753E-002  3.73831453901734112E-001
z  13  5.38332377952119925E-002 -4.82359336149223647E-002
z  14  3.75756244568236850E-002  1.06058628405709995E-001
z  15 -3.74997097234096438E-002  2.05553054589046429E-002
z  16 -1.62184009446262149E-002  3.91295216159804043E-003
z  17 -3.46863795652760584E-002 -5.93576330861464788E-003
z  18  2.91366306734895074E-002  1.45344658822156528E-002
z  19 -1.59768099123340918E-002 -1.64564092938812340E-003
z  20  1.28792795914010917E-002  1.97990060061055857E-002
 
basis     6
D  1.41031860477073917E-001 -5.55215632810603488E-001
a   1  4.38136668000229934E-001 -7.26659703124602929E-001
a   2 -3.51630673016508077E-001  3.95421048759949212E-001
d   1  4.36959681980183368E-001  7.27368063854371250E-001
d   2 -4.57477055388126941E-001 -2.65926079582031849E-001
s   1 -2.78518199162599785E+002
s   2 -2.77830649570508854E+002
z   1 -4.66122851441378661E-001 -7.40641500572753797E-001
z   2 -1.73390072065634726E-001 -4.33471138859281846E-001
z   3  7.22671477048270061E-002 -1.82640162372282921E-001
z   4  4.01801025443667484E-002  9.31782917276625655E-002
z   5 -5.89927012056135243E-003  4.12574510912264714E-002
z   6 -1.64845525784748925E-002 -2.75393984837738921E-002
z   7  9.98418310493226907E-002 -1.43327931541150283E-001
z   8 -6.62207781085830394E-002  1.68443995875646401E-003
z   9  9.09428813672122915E-002  7.33761964620203294E-002
z  10  2.23998786184359200E-001 -2.18186425271942430E-001
z  11 -2.48957054280066314E-001 -3.23345822328226840E-001
z  12 -2.17660122894723612E-001  1.93831075570029543E-001
z  13  4.31470411967829481E-002 -6.68164945015710665E-002
z  14 -4.98529909439164171E-002  9.21372758041103523E-002
z  15 -7.75138543676692215E-002 -1.29072955542580969E-002
z  16 -3.33229883056692586E-002 -4.46083416469409480E-002
z  17 -6.03577155913534447E-002 -7.65166495231591783E-003
z  18  1.93386362144515149E-002  1.53104001163553265E-002
z  19 -4.43562237273330204E-002 -1.23659046259209475E-002
z  20  8.10452106610762106E-003  1.29427964353574423E-002
 
basis     7
D  2.54198576055722991E-001 -7.05844639815998098E-001
a   1 -4.98602373725752890E-001  1.95726365829672067E-002
a   2  8.20375930717168189E-001  2.79277491237920172E-001
d   1  2.42856255691087042E-001 -4.35899362536204704E-001
d   2 -1.56153099928529132E-001  8.52425242584308629E-001
s   1 -2.78578491891382441E+002
s   2 -2.77884007371873906E+002
z   1 -4.54208710244615288E-001 -7.41739016805423090E-001
z   2 -1.86807606211116389E-001 -4.49409319181959033E-001
z   3  4.55496315279402680E-002 -2.02758449602769453E-001
z   4  2.48973967330562776E-002  1.13038155682810698E-001
z   5  3.27993580103906127E-002  4.36073336992355842E-002
z   6 -3.28665778942365677E-002 -9.67065051113945168E-002
z   7  2.72472501768516312E-003 -1.45128020291098253E-001
z   8 -5.72401841958212615E-002  4.73954248078561555E-002
z   9  2.22949072411044551E-002 -1.43867194323162334E-001
z  10 -3.23296668498300632E-001 -1.05468877071283162E-001
z  11 -2.04862647893838928E-001  4.31088653169401537E-001
z  12  3.05326780013162158E-001  1.38195571496196601E-001
z  13 -2.32542292797575656E-002 -4.08473236863062528E-002
z  14  8.73842765273668831E-002  4.22048131500135995E-003
z  15  2.30935963374168836E-002  5.33563667221987198E-002
z  16  2.25961288193843876E-003  2.28408136850204793E-002
z  17  1.79765216873221216E-002  1.77491330222350821E-002
z  18  2.46436713730050182E-002 -1.10343246875634158E-002
z  19  1.38176339561200383E-002  3.50469871306785573E-003
z  20  7.02872797722505025E-003  6.34710826852756538E-004
 
basis     8
D -4.33549070293535233E-001  4.61391573393208132E-001
a   1  4.90507047658340078E-001 -6.72208318405651095E-001
a   2 -4.25802131425478181E-001  3.55290525819645375E-001
d   1  3.44356793924816218E-001  7.57548404799373798E-001
d   2 -4.44059096305649603E-001 -3.32190204328619620E-001
s   1 -2.78544721747220478E+002
s   2 -2.77797791644248662E+002
z   1 -4.54179127379069458E-001 -7.40682691291712381E-001
z   2 -1.64248146491234287E-001 -4.21818158163558554E-001
z   3  6.59529582833166261E-002 -1.92527740194376518E-001
z   4  5.26646095338971429E-002  9.22344345753932093E-002
z   5  1.17218686356471442E-002  4.57442212762409137E-002
z   6 -2.19078526093427171E-002 -5.21934166399676200E-002
z   7  7.91459142190962667E-002 -1.49254503139136824E-001
z   8 -8.00449814401112403E-002  8.54053603136905280E-003
z   9  1.24987543822526401E-001  3.66357803199353974E-002
z  10  1.49489281420371323E-001 -2.60088552109953908E-001
z  11 -3.10853891341125455E-001 -2.43623682229457961E-001
z  12 -1.49854478126302232E-001  2.32127929799435778E-001
z  13  2.90918339402816521E-002 -6.30606883252496642E-002
z  14 -2.87671055799373319E-002  8.89045536079804827E-002
z  15 -8.01239297224086572E-002 -1.23371613393443783E-002
z  16 -2.27043210177587940E-002 -4.30660170539208936E-002
z  17 -4.49013251243785758E-002 -1.34956843907176483E-002
z  18  2.29058607453993673E-002  2.77787936275393534E-002
z  19 -3.98526838513208748E-002 -7.26424254792098177E-003
z  20  8.00878261447050821E-003  5.26058260142108110E-003
 
basis     9
D -5.67993457127272602E-002  1.71724474831424212E+000
a   1 -4.68570362631772763E-001  5.59269765847793532E-001
a   2  4.57287098103996148E-001 -5.08475814743711618E-001
d   1 -3.24156233474169442E-001 -6.53654030836004707E-001
d   2  6.51069345653320752E-001  2.09207675342497734E-001
s   1 -2.78443989213984992E+002
s   2 -2.77609413854124000E+002
z   1 -4.62671181328732972E-001 -7.19346674802739283E-001
z   2 -1.67411824675419346E-001 -4.37243916898718998E-001
z   3  6.87863172841880199E-002 -1.87082274566528955E-001
z   4  2.10022484838964657E-002  1.08559094557898708E-001
z   5  7.01571453672484441E-003  5.10514961199698344E-002
z   6 -2.88223805352178716E-002 -3.32937953801857311E-002
z   7  7.14698035308178187E-002 -1.49459978130050880E-001
z   8 -6.51594522903284346E-002  1.86524078272570018E-002
z   9  3.55037616286181940E-002 -4.19801167962583106E-003
z  10 -8.14816695772605654E-003 -8.21997649636288519E-002
z  11 -7.42593212134065594E-002 -2.22727361857984673E-003
z  12  3.52755215815108922E-003  4.14480167587135406E-002
z  13 -5.75659063183506584E-003 -1.64156201871047992E-002
z  14  3.66351338911966463E-003  1.68338411935934594E-002
z  15 -1.74873132337801940E-002  1.44306144499156751E-003
z  16 -1.26865989353332174E-002 -2.97519996868244674E-003
z  17 -1.41725438768440844E-002  8.49687781424545742E-003
z  18 -3.05723254844804306E-003  1.08746819360171828E-003
z  19 -9.26122681545365166E-003  7.95355272898729503E-003
z  20  4.42571440339854208E-004 -4.20631517477899550E-003
 
basis    10
D  7.70441769245751695E-001  2.49221411405978227E-001
a   1  5.04873379644161568E-001 -1.98319115562215986E-001
a   2 -6.30192310511134890E-001  5.55544823305820668E-001
d   1 -4.49201899181232017E-002  5.40564314035265392E-001
d   2 -6.49638291427672709E-001 -5.32674843821437261E-001
s   1 -2.78488150489560780E+002
s   2 -2.77869471517952491E+002
z   1 -4.65367216636062120E-001 -7.32951690558232505E-001
z   2 -1.79152153661621766E-001 -4.20298412145782174E-001
z   3  5.51310768012130276E-002 -1.66373667717755302E-001
z   4  4.82939060800540165E-002  1.13773383930540470E-001
z   5  2.07252011015028013E-002  3.02161250505178364E-002
z   6 -7.27082355500646010E-002 -4.23309059539822008E-002
z   7  4.81147583423673364E-002 -6.68994706434117431E-002
z   8 -3.43760420245984161E-002  2.30093785987778403E-002
z   9 -8.80328184955097431E-002 -4.05951871327539099E-002
z  10 -1.79773622813977740E-001  2.41879077079649035E-001
z  11  3.23175215910359082E-001  2.94070639507016895E-001
z  12  1.90302338313164621E-001 -2.47977723737410644E-001
z  13 -4.04067108801226260E-002  6.54666176415193424E-002
z  14  4.36582471867928701E-002 -1.02249872583577581E-001
z  15  7.59176121317869795E-002  1.47624792698472403E-002
z  16  4.50684502005532159E-002  4.39947996013349482E-002
z  17  6.25579889986910970E-002  2.00772062891687378E-002
z  18 -1.09974385343193700E-002 -2.08067659783342622E-002
z  19  3.44526369135506119E-002  1.25847456431969901E-002
z  20 -9.94415673264031127E-004 -1.67183024479926820E-002
