ndof   20
nconf    2
nbasisfns   10
initial_PES    1
time  1.00000000000000000E+001
 
zinit   1  3.11680138521630234E-001  5.33192882059788986E-001
zinit   2 -5.71967935831967034E-001 -1.54762133492424320E-001
zinit   3 -4.09709729464744599E-001  4.91290967343846419E-001
zinit   4  1.93925586784091386E-001  8.68529287097664360E-002
zinit   5 -1.07664446874309705E-001  8.65114235406475168E-002
zinit   6  2.02356732574353215E-001 -9.12815404791375851E-002
zinit   7 -1.22303542903739303E-002 -2.11104029555258185E-002
zinit   8  5.74765873965243750E-003  9.03439088441119163E-003
zinit   9  2.09773631863922928E-002  3.17060594819900537E-002
zinit  10  4.79015533973711825E-004 -1.27939811451223146E-002
zinit  11 -6.76443972590501201E-003  4.59648072982124468E-004
zinit  12  4.64575622553356743E-004 -5.77118108332393652E-003
zinit  13 -2.71684395547168271E-003 -1.26401709580221044E-003
zinit  14  3.81196048782560931E-004 -1.26062414599003895E-005
zinit  15 -1.10124062895737183E-005  2.30847079890150302E-004
zinit  16 -4.71364590000427307E-005  2.09535063134292870E-005
zinit  17 -4.14535801703058224E-007 -2.72018174181758115E-006
zinit  18  4.50087370079357158E-007 -6.95477337263900241E-008
zinit  19 -6.24515804976761495E-009  1.79188784126981654E-009
zinit  20 -2.44363129715223540E-014 -1.24704930371926309E-014
 
basis     1
D -3.46455717175259970E-001  2.07900035694983637E-001
a   1 -4.41301226071708408E-001  6.11951956201000957E-001
a   2  6.56180768444620255E-001 -1.39581622271150868E-002
d   1 -2.88130769705396972E-001 -6.97289486784076318E-001
d   2  1.07455686971513753E-001  6.47473016045310379E-001
s   1 -2.78585127860015177E+002
s   2 -2.77887755827492299E+002
z   1  6.08101072858597824E-001 -1.50906300494865642E-001
z   2  4.26763705756490030E-001  4.13604812854658443E-001
z   3 -1.18520384571023110E-001 -6.56675665946580556E-001
z   4  6.88761063408286633E-002  1.65607509339203846E-001
z   5  1.35713316685342859E-002  1.11025189697815566E-001
z   6 -2.03383536544675586E-001 -7.75862684051100010E-002
z   7  2.09314847157020568E-002 -8.60637200304129324E-002
z   8 -1.51420780071789621E-002 -3.48367092882287954E-002
z   9  9.86064622704556915E-002 -1.07797570193512771E-001
z  10 -1.66900510858363355E-002 -3.18516296480959193E-001
z  11 -4.66840076664264192E-001 -1.20179152701348949E-001
z  12 -1.41376223328368272E-001  3.70732421770837595E-001
z  13  6.11566018021232755E-002 -2.22433587528887526E-002
z  14 -2.40280019113368578E-003  1.17974595700719859E-001
z  15 -5.40739324078747460E-002  2.36832786568155658E-002
z  16 -2.14797365526868539E-002 -1.56860812151851138E-002
z  17 -3.71285697006344603E-002 -2.81416769242846115E-003
z  18  1.68863308870707135E-002  2.37466801724499840E-002
z  19 -7.34444343234324625E-003 -6.91796201509691303E-003
z  20  1.06822719571488083E-002  6.80777382877889060E-003
 
basis     2
D  1.16205506183607254E+000 -9.79100261036435771E-001
a   1 -2.49949077412209841E-001  7.85149018291583456E-001
a   2  5.76316954709126597E-002 -5.63688801958748487E-001
d   1 -5.40634794424004972E-001 -6.21809891591928676E-001
d   2  5.64956708359095172E-001 -4.34786781836500463E-002
s   1 -2.78577864296782820E+002
s   2 -2.77852255685695695E+002
z   1  5.96283533379395547E-001 -1.26792987344658881E-001
z   2  4.13721718363416591E-001  4.36435145778279188E-001
z   3 -9.49922998117275763E-002 -6.09040776516013849E-001
z   4  1.05091315478034686E-001  1.72086970901941583E-001
z   5 -1.91634377191290811E-002  1.31588816874118303E-001
z   6 -2.13018213900486031E-001  1.80309923887589062E-002
z   7  8.58024220828497997E-002  6.60770284151887110E-003
z   8 -1.21078338893855757E-002 -2.71014918108914010E-002
z   9  7.52680140004093577E-003  9.46285201813635846E-002
z  10  3.38420787688469837E-001  5.09138433387111566E-002
z  11  8.22690145796594052E-002 -3.92959060487838852E-001
z  12 -2.66776791009807723E-001 -1.89229639998971140E-002
z  13  5.19584642944962219E-002 -5.25515195696039678E-003
z  14 -7.92802191059454597E-002  3.02933041554055253E-002
z  15 -4.57641762887271639E-002 -4.16274210141670889E-002
z  16 -5.08759149910654324E-003 -4.85596520629326123E-002
z  17 -1.97487492775481437E-002 -3.19996242812860404E-002
z  18 -2.74982798483439203E-004 -1.50379529881464869E-004
z  19 -1.68823680058093409E-002 -5.32977034223863257E-003
z  20 -2.66466674696159977E-004  2.96803684381174776E-003
 
basis     3
D -4.24817425243043251E-002 -3.73620065919331931E-002
a   1 -5.11731228747051237E-001  2.51193495513998999E-001
a   2  7.26500868434304170E-001 -3.83704919828559754E-001
d   1  2.52194565802333487E-002 -5.69500659941062803E-001
d   2  5.98550658181034256E-001  5.62823317682814572E-001
s   1 -2.78531521332535476E+002
s   2 -2.77700715313316323E+002
z   1  6.08040469781478854E-001 -1.32577720499115176E-001
z   2  4.16585196935653990E-001  4.26766173281797501E-001
z   3 -1.28932598444287949E-001 -6.18694355451721689E-001
z   4  9.80861371295126544E-002  1.99184436248220853E-001
z   5  2.13524309934332683E-002  1.30324025701374302E-001
z   6 -2.29360309333666829E-001 -5.16184307628833119E-002
z   7 -2.24973819184481269E-002  7.44723123588219432E-003
z   8  4.69199141671415160E-002  3.68388900341918776E-002
z   9 -2.86930461103555752E-002 -1.35378857027273869E-001
z  10 -2.11827778939891798E-001  1.03868761370201693E-001
z  11  9.57858598866927202E-002  3.18269638351124817E-001
z  12  1.84957685916848191E-001 -1.14907619125425478E-001
z  13 -4.34650231771338408E-002  5.61813969169111874E-002
z  14  5.25164107198541064E-002 -7.28818027176542649E-002
z  15  6.03493324520956304E-002  3.18003396420464338E-002
z  16  2.94367810751857070E-002  4.04845931591089406E-002
z  17  4.15617702068870401E-002  2.22053217201655211E-002
z  18 -1.44637163078840166E-002 -7.18621890073453239E-003
z  19  4.12273545106609379E-002  1.03912456779352395E-002
z  20 -3.46813112825324066E-003 -1.33084361315625125E-002
 
basis     4
D  7.41526499656380844E-001 -1.39584859722474142E-001
a   1 -4.50746485344958703E-001  6.10850433915145374E-001
a   2  6.50666033458860316E-001 -1.79740434439159685E-002
d   1 -2.84287523747129678E-001 -7.03911393931707541E-001
d   2  9.95522402607858792E-002  6.43256328996356874E-001
s   1 -2.78582197500576001E+002
s   2 -2.77905022095457525E+002
z   1  5.95877197729601349E-001 -1.47614840792712476E-001
z   2  4.13571613950628580E-001  4.06855464620880181E-001
z   3 -1.27798512924382990E-001 -6.48693481957313467E-001
z   4  8.31419276019870201E-002  1.76919486105738044E-001
z   5  2.33601925472784163E-003  1.27083197637418488E-001
z   6 -1.91065127842398763E-001 -7.99325926775890788E-002
z   7  4.10497601812709612E-002 -6.26023279323014714E-002
z   8 -8.26625093737941817E-003 -2.85228727135256391E-002
z   9  9.25318343608073357E-002 -9.81344224414604643E-002
z  10 -2.01614304973322077E-002 -3.26002933392313121E-001
z  11 -4.75128511356910699E-001 -1.14945660244315587E-001
z  12 -1.25147647568640774E-001  3.69809652129036492E-001
z  13  6.00039380676305814E-002 -3.18206552961451256E-002
z  14 -1.01409343853730207E-002  1.01821193388640721E-001
z  15 -5.09052866329521014E-002  1.75935525882264885E-003
z  16 -2.58233058564113459E-002 -2.27507299851821623E-002
z  17 -3.10980156945202466E-002  7.25086388253128652E-003
z  18  2.20273492280616996E-002  2.55563705766746058E-002
z  19 -2.57164919115173002E-002 -8.34218682971020996E-003
z  20  8.51260156951983912E-003  1.64995075504093432E-002
 
basis     5
D -2.86068140360208167E-001  1.79633698867950886E-001
a   1 -4.04174104365872422E-001  5.02130257241890976E-001
a   2  4.90522023656685846E-001 -5.86427013728035185E-001
d   1 -2.76926615085227923E-001 -5.82067995800491289E-001
d   2  7.40212647048510752E-001  1.91294890866610251E-001
s   1 -2.78479942151791533E+002
s   2 -2.77587268982313049E+002
z   1  6.03723182470731645E-001 -1.34365899237005842E-001
z   2  4.38242623059853897E-001  4.32418095775802980E-001
z   3 -1.13736026654529226E-001 -6.24291373987335474E-001
z   4  9.26763198560100476E-002  1.87916869685734150E-001
z   5  6.89963473188101670E-003  1.15047807283880893E-001
z   6 -2.25206090772322010E-001 -5.48928203457690125E-002
z   7 -6.40981599130288886E-003 -2.90437227594938065E-003
z   8  2.51853522061387981E-002  3.28227789612735230E-002
z   9  1.33665833507800140E-002 -8.43845583060424537E-002
z  10 -7.73792020296003719E-002  2.09451638070631274E-002
z  11  3.65351196877359216E-002  1.20419566285460924E-001
z  12  6.58543102144278636E-002 -4.38632474430113439E-002
z  13 -2.30468042866275487E-002  3.12884919279327253E-002
z  14  9.44339692430019341E-003 -3.86352054323530203E-002
z  15  2.96673445251746243E-002  7.52879870122314179E-003
z  16  2.33225816453980252E-002  2.34015712103780096E-002
z  17  2.22200192130182668E-002  1.27401533083311997E-002
z  18 -2.09505302295410201E-002 -8.59252595412164817E-003
z  19  3.16448408589896672E-003 -1.96256644129194375E-003
z  20 -1.22039658154863076E-002 -8.25650652973431050E-003
 
basis     6
D -2.27563448608597944E-002  3.65524623090335843E-001
a   1 -5.34991838411881804E-002  8.55668516248485611E-001
a   2 -2.12034271984797490E-001 -4.69052976894183127E-001
d   1 -6.93709096820792848E-001 -5.03784141630756355E-001
d   2  4.41351782415434213E-001 -2.64910988424673310E-001
s   1 -2.78596614058965031E+002
s   2 -2.77914919299289807E+002
z   1  5.96797181491636186E-001 -1.37423010374857490E-001
z   2  4.15635028426271036E-001  4.45939622925409451E-001
z   3 -9.88467621071027203E-002 -5.99577833205863664E-001
z   4  1.05199224637768332E-001  1.97143946875883491E-001
z   5 -2.08717501546640469E-002  1.41504127054605966E-001
z   6 -2.29229465792348985E-001  1.99016199346703365E-002
z   7  8.72825258431407791E-002  4.37206305419791871E-002
z   8  2.01359619842695382E-002 -1.98221207001669196E-002
z   9 -1.56998824068180012E-002  9.88315137385327169E-002
z  10  3.32987698314477887E-001  1.44401089050560288E-001
z  11  2.61504592240104528E-001 -3.88143175195003964E-001
z  12 -2.85089229391915056E-001 -1.99679935008425485E-001
z  13 -4.85717611187267816E-003  4.47520065792097327E-002
z  14 -9.36052132131590942E-002 -2.32341191221150378E-002
z  15 -3.61514105395444648E-003 -3.28113654499026866E-002
z  16  7.66817700329122404E-003 -1.13663735894647035E-002
z  17 -6.27019146446059980E-003 -2.62114821907291455E-002
z  18 -1.67970289940507916E-002 -6.54713802728208900E-003
z  19 -2.40304208072524769E-002 -1.08765146082388381E-002
z  20 -1.14059124852881038E-002 -2.23005562612510434E-003
 
basis     7
D  4.09901354788830496E-001 -5.67345305463628824E-001
a   1 -4.87805327758200513E-001  5.98658193035500275E-001
a   2  4.92999255103281520E-001 -4.00756864682035419E-001
d   1 -2.45694842384590995E-001 -7.32106354502832346E-001
d   2  5.49589106763273105E-001  3.18757186349285737E-001
s   1 -2.78594237953153481E+002
s   2 -2.77668285914159128E+002
z   1  6.01562301632965757E-001 -1.30071689993245421E-001
z   2  4.33647877190006525E-001  4.29210477173453397E-001
z   3 -1.03728701366100545E-001 -6.37627094068516254E-001
z   4  8.76153352334783642E-002  1.90284090075737655E-001
z   5  2.15197542295559353E-002  1.39842184617600784E-001
z   6 -1.87696740945373197E-001 -5.82705095164575138E-002
z   7  2.78157304180071292E-002 -4.55400765300559215E-002
z   8 -2.35864677823812048E-002  3.61377029777822378E-002
z   9  1.29477412272216319E-001 -3.57567769289577394E-004
z  10  1.26393862936725665E-001 -2.32340285740933544E-001
z  11 -2.77755076678735946E-001 -1.74231039524925579E-001
z  12 -6.56995153115277064E-002  2.13029350166886705E-001
z  13  1.90579007426629511E-002 -8.16182168451296819E-002
z  14 -5.35423989550552846E-003  8.61475882573363438E-002
z  15 -6.47712994596416070E-002  4.14065691834918266E-004
z  16 -3.80004938427688926E-002 -2.92960110876468102E-002
z  17 -4.52527937091651428E-002 -2.10918345745852824E-002
z  18  1.38458043759500642E-002  1.43942765927787611E-002
z  19 -3.07046237504537203E-002 -1.37108702943351595E-003
z  20  1.24395723143846046E-002  1.99398198208210892E-002
 
basis     8
D  5.36238928044761726E-002 -2.56585466618856173E-001
a   1  3.30248375489991530E-001 -1.14571339839847880E-001
a   2  3.86290029934009682E-001  8.53574502516899480E-001
d   1 -5.75507797779341995E-002  3.44787600086528756E-001
d   2 -7.62499505915856246E-001  5.44429905544750126E-001
s   1 -2.78530274271042401E+002
s   2 -2.77835862241152881E+002
z   1  6.08622901979207986E-001 -1.28480032672050104E-001
z   2  4.07357868174204996E-001  4.20558670945665902E-001
z   3 -1.45494166093972949E-001 -6.19280395323430821E-001
z   4  5.98466315281857980E-002  2.30490648160753736E-001
z   5 -8.55760549420321766E-003  1.72951136415400913E-001
z   6 -2.23231871564532086E-001 -1.62382682970491354E-002
z   7 -9.20412010990587226E-003  2.67511090918629395E-002
z   8 -1.81124175319307031E-002  8.23842881086633561E-002
z   9 -4.52445551126041123E-002 -8.99926476050195122E-003
z  10 -1.34215708766598385E-001  2.00263725700589784E-001
z  11  1.81542181201228614E-001  3.95149750048367610E-001
z  12  3.81107924205425497E-001 -5.46429355899135105E-002
z  13  2.62211707065360504E-002 -8.63637902126643264E-002
z  14  9.38428321944570348E-002 -5.32194113119396489E-002
z  15  5.19144717151541063E-002 -3.92968620106450960E-003
z  16  3.14140259373639485E-002  5.74594264050256156E-004
z  17  3.66725125702990137E-002  1.66044565116089775E-002
z  18  2.35862724015072737E-002 -8.66108006265278209E-003
z  19  2.99986728009303538E-002 -1.17435385638598420E-002
z  20  1.22564576720584940E-002 -1.67853119879916059E-002
 
basis     9
D  4.60187800855244300E-001  7.83981226313157031E-001
a   1 -4.86367190468113941E-001  5.97735744489555243E-001
a   2  4.83920493292348264E-001 -4.14704583971954255E-001
d   1 -2.48410475320557184E-001 -7.29474673964315534E-001
d   2  5.66266507723123591E-001  2.92405844720516728E-001
s   1 -2.78590501130110226E+002
s   2 -2.77645340820824629E+002
z   1  6.16219396913537776E-001 -1.33910550573742931E-001
z   2  4.39522268096310176E-001  4.24079792001490319E-001
z   3 -1.06074303122837388E-001 -6.36073338368327024E-001
z   4  8.04832356448664382E-002  1.91925058002010401E-001
z   5  9.06946394882218558E-003  1.33489376106419394E-001
z   6 -1.88721548563302588E-001 -5.15135219565990496E-002
z   7  2.81725087296343345E-002 -5.36923325470843524E-002
z   8 -1.93506238075805831E-002  2.16775495801553725E-002
z   9  1.12650839237866632E-001  7.68942009396618442E-003
z  10  1.37245633508517900E-001 -2.09778005856418842E-001
z  11 -2.64396114688866368E-001 -1.52315285561379271E-001
z  12 -6.19098508463653344E-002  1.89364002873863041E-001
z  13  8.49941928426598339E-003 -6.24679866815916543E-002
z  14 -2.20333942991679478E-003  7.78337477473917128E-002
z  15 -5.92407176624691542E-002  3.53093707413156812E-003
z  16 -3.41663060564694129E-002 -3.80892721551113686E-002
z  17 -3.96741151271140791E-002 -8.04648518064303084E-003
z  18  2.03140746683029318E-002  5.78479985971962901E-003
z  19 -3.26360667738101462E-002  4.15705394423813469E-003
z  20  7.99452834342981832E-003  4.60087729486040233E-003
 
basis    10
D  1.11453442615220100E+000 -3.59094076707105858E-001
a   1  3.56431994392058582E-001 -7.84435722656263823E-001
a   2 -2.52419806721229933E-001  4.40341993874368287E-001
d   1  4.62463488198654959E-001  7.26987408205044372E-001
d   2 -4.80905006196215901E-001 -1.62318222667249684E-001
s   1 -2.78608687921734827E+002
s   2 -2.77835962115129746E+002
z   1  5.91994263161975232E-001 -1.32395357874794173E-001
z   2  4.27614252295820840E-001  4.26522305691033554E-001
z   3 -1.05811088904672890E-001 -6.11040766119409606E-001
z   4  1.05897444022565707E-001  1.79743920756100656E-001
z   5 -8.39960228307489939E-003  1.38608172164045446E-001
z   6 -2.00905649268607683E-001 -1.69830936995498741E-002
z   7  7.28511985301770748E-002 -3.57743995093683723E-002
z   8 -1.46818757500135465E-002 -2.38026616182818486E-002
z   9  8.07339108827805213E-002  6.27883147730341068E-002
z  10  2.96798941843810060E-001 -1.39814102248786848E-001
z  11 -1.55252215418156120E-001 -4.19395387401594821E-001
z  12 -2.83057988396552274E-001  1.37698158029956830E-001
z  13  5.27908636297236694E-002 -3.83309446402646803E-002
z  14 -7.57973587364331874E-002  7.19766747456038608E-002
z  15 -6.97445024542263647E-002 -3.54882903702010769E-002
z  16 -2.49405735557462552E-002 -3.93732645156215089E-002
z  17 -4.19306332994273875E-002 -2.29920127167873717E-002
z  18  1.62008470675463791E-002  2.14464931918585192E-002
z  19 -4.04776732064842798E-002 -7.74924561420749398E-003
z  20 -2.51648793691809213E-003  1.60457418837343675E-003
