ndof   20
nconf    2
nbasisfns   10
initial_PES    1
time  1.00000000000000000E+001
 
zinit   1  8.57799349792240706E-001 -9.07057623457074580E-002
zinit   2  3.72459963248645387E-001 -1.41201435983819013E-003
zinit   3 -2.75379796007687971E-001  6.62511530239327628E-001
zinit   4 -6.75502535034765011E-002 -2.90990349037436591E-001
zinit   5 -1.39891990821407269E-001 -1.81137916210915129E-001
zinit   6  1.95444831957972270E-002 -9.22522908578862627E-002
zinit   7  5.57867530180832932E-002 -1.55381351549758301E-003
zinit   8 -1.85079138722421231E-002  2.06602295234738611E-003
zinit   9  4.67747051646732418E-003  2.46562381228384482E-002
zinit  10  1.47212106681376843E-002 -1.02005893599664763E-002
zinit  11  8.04412315635718743E-004  1.83059732707812109E-003
zinit  12  1.03833763963068898E-003  1.21862252333248470E-003
zinit  13  5.53979211691548693E-005  1.25361208232457194E-003
zinit  14  5.57514434736623276E-004 -2.74103758530556388E-004
zinit  15 -2.04764889187325624E-004  2.06532621467655461E-004
zinit  16 -4.54131153705476155E-005  2.23592277740917467E-005
zinit  17  4.18664173617270881E-006  1.94220736343686311E-006
zinit  18  4.82664059979215101E-007  5.99927451993851197E-007
zinit  19  2.95213094247377530E-009 -2.12320387252710810E-008
zinit  20  2.71667534324483893E-014  3.18740376915278827E-014
 
basis     1
D -1.41040656149144211E-001  1.86384339213880978E-001
a   1 -1.07641999796092347E-001  2.18211281698819620E-001
a   2 -5.51691938669282012E-001 -7.97767535831423125E-001
d   1 -8.55609284102478856E-002 -2.27776844982803289E-001
d   2  5.09143128362431807E-001 -8.25572717124620103E-001
s   1 -2.78784151739893218E+002
s   2 -2.77617801646396174E+002
z   1  1.75294616398174063E-001 -8.48659130130794748E-001
z   2 -3.22048598090953819E-001 -1.85061089067018181E-001
z   3 -3.70168823963950067E-001 -6.28431675234405684E-001
z   4  1.31541491024496970E-001 -2.26520307647241487E-001
z   5 -2.13691400471696297E-001  1.30903078711876140E-002
z   6 -6.96794521021978641E-002  7.09242104105413385E-002
z   7 -7.28473140394273605E-002  8.68907417909927232E-002
z   8 -4.55833276065157680E-002  6.86617174091270349E-002
z   9 -2.34446737525896357E-002 -2.08866332627295030E-002
z  10 -1.99771701935529178E-001  1.67553498777503501E-001
z  11  1.06066000725696510E-001  4.48798993950270120E-001
z  12  4.15448278605456467E-001  1.20010814017451721E-002
z  13  4.59570475287546798E-002 -8.21709607078845577E-002
z  14  1.12188797261541767E-001 -2.94163564325692871E-002
z  15  5.79056648687935951E-002 -1.23836942847730985E-003
z  16  3.09103765184780555E-002  4.63302615339153672E-004
z  17  4.03015557413453351E-002  1.52406695008648011E-003
z  18  3.20117817829637871E-002 -2.19564925939070357E-002
z  19  3.00363016443147765E-002 -1.36397177528532255E-004
z  20  1.72833881153224324E-002  7.77729973138850542E-004
 
basis     2
D -8.04081852275153275E-001 -1.37970424307516204E+000
a   1  4.75948591065105675E-001 -7.01957186568117342E-001
a   2 -4.82691048976992443E-001  2.18491185464869120E-001
d   1  7.20327463895781145E-002  8.45033867107739423E-001
d   2 -4.14550962146036706E-001 -3.29964462741290432E-001
s   1 -2.78920880432174272E+002
s   2 -2.77557481280202410E+002
z   1  1.65208932235409861E-001 -8.49116911180613831E-001
z   2 -3.05490590784787963E-001 -1.97696803166594659E-001
z   3 -3.26842247873076863E-001 -6.49000289137415698E-001
z   4  1.62276441965738150E-001 -2.88818850018030537E-001
z   5 -2.20442270267158069E-001 -2.92996705940872966E-002
z   6 -2.81778914663247983E-002  3.54254681637344374E-002
z   7  3.10170554090618503E-003 -6.57438371024856617E-003
z   8 -4.82471275314043380E-002 -2.90137899742619124E-002
z   9  1.05718994225645860E-001 -1.26822954791031856E-002
z  10  1.08678146237396800E-001 -2.91491739622271706E-001
z  11 -3.98235623877683576E-001 -2.51015297072701482E-001
z  12 -1.91681250279534032E-001  3.01341957386997816E-001
z  13  4.75832986316181011E-002 -5.14011500083122810E-002
z  14 -3.11951734981524148E-002  1.03045205194465223E-001
z  15 -8.62722212345032879E-002 -9.20564993901122446E-003
z  16 -4.25621527838279182E-002 -3.60795100041692296E-002
z  17 -5.18582455313204987E-002 -1.44628946209281149E-002
z  18  1.91866035067025237E-002  2.28868883488899666E-002
z  19 -4.13205185867097230E-002 -9.51588961836751304E-003
z  20  6.61820949880753510E-003  1.62891160332685747E-002
 
basis     3
D -9.01025091323646721E-001  9.09978572219176107E-001
a   1 -3.47679105649437270E-001  8.42696195856896035E-001
a   2  2.57511130359897089E-001 -3.20422188251328566E-001
d   1 -2.91783498180307965E-001 -8.63643461855955308E-001
d   2  4.00412295446659738E-001  9.30180339404064332E-002
s   1 -2.78884631075987102E+002
s   2 -2.77582237051219636E+002
z   1  1.53612592232415190E-001 -8.45117690222727314E-001
z   2 -3.13649148435226066E-001 -1.77120575556418414E-001
z   3 -3.15658596092376009E-001 -6.39717651057617909E-001
z   4  1.64071607030832400E-001 -2.88858695017969513E-001
z   5 -2.41928526525650694E-001 -4.85198246053665377E-002
z   6 -5.38275920823133372E-002  7.90320787517465456E-002
z   7  1.22341004983738955E-002  1.50232222277680259E-002
z   8 -3.73191789448582487E-002 -3.22743018154594066E-002
z   9  6.78949419667326942E-002  3.89969281142881694E-002
z  10  2.75959751857050573E-001 -1.70989232407960629E-001
z  11 -1.98218283949924051E-001 -4.36090441754952485E-001
z  12 -3.35222198186558851E-001  1.55025454342235108E-001
z  13  4.75364191284674276E-002 -1.09202596616510168E-002
z  14 -7.49562176797840957E-002  7.87696102411981069E-002
z  15 -7.69281926985552061E-002 -2.98927649444245686E-002
z  16 -3.36555021102668897E-002 -3.87334217175843432E-002
z  17 -5.24637656235284466E-002 -3.17465228928163479E-002
z  18  4.93678715840665909E-003  1.87824046955821777E-002
z  19 -3.64365224496662338E-002 -2.18356510299018737E-002
z  20 -1.09915575851905018E-003  1.52547654838581358E-002
 
basis     4
D -5.54562134991734901E-001  8.99664243036569777E-001
a   1  5.35037676574569465E-001 -5.49226506974861861E-001
a   2 -6.35185776768979138E-001  9.28652662308907251E-002
d   1 -9.35383892533355743E-002  7.61029329956482758E-001
d   2 -3.65687179851283628E-001 -5.27596261524056476E-001
s   1 -2.78951730373777650E+002
s   2 -2.77570029919045908E+002
z   1  1.72112029098832414E-001 -8.49784969100341292E-001
z   2 -3.06505578180044425E-001 -2.06471287041607554E-001
z   3 -3.41484854846240193E-001 -6.50111189383075883E-001
z   4  1.49284511505782258E-001 -2.86869318339493307E-001
z   5 -2.21170130676375837E-001 -2.56362909953986619E-002
z   6 -5.73608583985369194E-002  2.46284399717547819E-003
z   7 -3.72749635148259123E-002 -1.67106359921228367E-002
z   8 -4.35739713143635937E-002 -1.57973869538971662E-002
z   9  1.06467785759003924E-001 -8.13342941249498436E-002
z  10 -5.74988398271733259E-002 -2.99045071569313148E-001
z  11 -4.50787165794582334E-001 -4.08476733873992526E-002
z  12 -3.12024351336141377E-002  3.42690518291673685E-001
z  13  3.01112595623811777E-002 -6.45093651743354618E-002
z  14  8.37678907407076075E-003  9.47493372724809851E-002
z  15 -6.86960538852986607E-002  2.19691199893267027E-002
z  16 -3.35475277284861401E-002 -2.78122367759154922E-002
z  17 -3.81679204712607467E-002 -1.34980799511895018E-002
z  18  3.52858730604311069E-002  1.89393452366903095E-002
z  19 -2.32403421760795405E-002  2.85536715103140845E-003
z  20  1.56663729448665509E-002  2.08968660138487278E-002
 
basis     5
D  1.64148024451232305E-001  1.19987239232189624E-001
a   1 -4.81362796910848101E-001  4.82777456645082259E-001
a   2  5.02974378354381857E-001 -5.31255644510690295E-001
d   1  5.07028945286449109E-002 -6.79862803351489298E-001
d   2  7.30869787234504908E-001  3.23286129185161031E-002
s   1 -2.78892255602269017E+002
s   2 -2.77317094357908275E+002
z   1  1.79369679205785726E-001 -8.33793827218503369E-001
z   2 -2.99113604788844523E-001 -1.89695614217633396E-001
z   3 -3.20562971389943552E-001 -6.36750976072752550E-001
z   4  1.68783389474813972E-001 -2.74213881712842000E-001
z   5 -2.15685023205132609E-001 -4.38904268289889571E-002
z   6 -7.85868857148620537E-002  2.38831342519161202E-002
z   7 -6.00051503325923843E-002  5.89802370561838540E-002
z   8 -5.12726198615669725E-003  3.24769217402182814E-002
z   9 -5.76029373404164484E-003 -8.16741307364873687E-002
z  10 -1.47846060522292239E-001  4.47251377776405890E-002
z  11  4.04893600469700479E-002  1.87625155158577500E-001
z  12  1.01376017728285264E-001 -7.29864784532142513E-002
z  13 -3.72847023332066735E-002  3.44379019551143417E-002
z  14  1.74668785604154483E-002 -4.25488382205374688E-002
z  15  4.99989267537761448E-002  2.03285802494636118E-002
z  16  8.40094034263188030E-003  3.02749434590184469E-002
z  17  1.60115325828531045E-002  2.44141448799808716E-002
z  18 -1.95817506760965730E-002 -5.30707506922687994E-003
z  19  1.42005230914648891E-002 -1.75943023482791209E-003
z  20 -8.21999099262528572E-003 -1.28737438680357006E-002
 
basis     6
D  1.25958733000361089E-001 -6.20958289200422953E-001
a   1 -1.04641992375379633E-001  8.38190174791165865E-001
a   2 -1.59858025346007515E-001 -5.10815716328022473E-001
d   1 -5.10165874333215474E-001 -6.73233612017819505E-001
d   2  3.88889093521704754E-001 -3.67766987717905891E-001
s   1 -2.78829081491615966E+002
s   2 -2.77576751153990813E+002
z   1  1.57365564172376210E-001 -8.43552254482042518E-001
z   2 -3.08508911502163863E-001 -1.54469705909931809E-001
z   3 -3.08824730583058649E-001 -6.04385784855137276E-001
z   4  1.81523173079692707E-001 -2.79776106956337256E-001
z   5 -2.50894373666378900E-001 -3.78510863110465071E-002
z   6 -9.14045799319730401E-002  1.06604185071294613E-001
z   7  3.80296496353019139E-002  8.94753445998495295E-002
z   8 -2.86725669611771448E-002 -4.66930819436133307E-002
z   9 -5.52850819405609206E-002  1.13123850510503748E-001
z  10  2.81825448046467808E-001  1.88733269273175713E-001
z  11  2.42909330505366283E-001 -3.34003888745017907E-001
z  12 -2.59546480133371948E-001 -1.58833594974461673E-001
z  13  2.95499586904058378E-002  4.83371349493379732E-002
z  14 -8.73148147924451140E-002 -1.85476008551534489E-002
z  15 -6.05212377637989046E-003 -4.49677779773134875E-002
z  16 -6.43196989124586622E-003 -1.86603182263254466E-002
z  17 -2.08447812530100536E-002 -1.95658790840315747E-002
z  18 -1.66065072249380781E-002  9.33832841344598222E-003
z  19  3.10978396279612632E-003 -6.24970427743179544E-003
z  20 -1.67900566054473566E-002  1.13443572239836279E-002
 
basis     7
D  2.02601376230148039E-001 -1.03819021734162853E-001
a   1  5.95038795405754550E-002 -9.70339193344447626E-001
a   2 -2.33891609828462660E-001 -1.39947501206186403E-002
d   1  7.28341485880078854E-001  6.43908022753818088E-001
d   2 -6.88569123662423899E-002 -2.23963978796760943E-001
s   1 -2.78693650174082279E+002
s   2 -2.77672912505952013E+002
z   1  1.50829960396659385E-001 -8.62467732727895786E-001
z   2 -3.36502559015664615E-001 -1.81020978005156596E-001
z   3 -3.36658651328398340E-001 -6.22290106477519256E-001
z   4  1.57750090376992363E-001 -2.65757659530674095E-001
z   5 -2.29298629678020144E-001 -2.53298255800807927E-002
z   6 -4.63083951542343983E-002  8.07000945186037572E-002
z   7  4.38908669155272102E-002  3.21449207672987181E-002
z   8  1.94554901934150225E-002 -6.48095301914302091E-002
z   9  6.47015328745743773E-002 -2.43601831269240135E-002
z  10  1.94458912195947409E-001 -1.38146277165553916E-001
z  11 -9.95971418253817908E-002 -4.42916981108179009E-001
z  12 -4.01615003955246741E-001 -2.11626172936853728E-002
z  13 -4.16162904546392085E-002  9.40186218477288699E-002
z  14 -1.05281986098719013E-001  4.84927981774825601E-002
z  15 -7.35877072977117880E-002 -1.54095053556296650E-002
z  16 -3.17756784375840193E-002  9.24491581137058469E-003
z  17 -4.70779061292293868E-002 -6.18276352298706075E-003
z  18 -2.81912784444064944E-002  1.00289967033373884E-002
z  19 -4.14160376236652958E-002 -1.07484628806469740E-002
z  20 -1.33482965890608495E-002  2.06277875306065022E-003
 
basis     8
D  5.62950015862525577E-001 -8.80440293704317534E-001
a   1 -4.28606192974476941E-001  7.69211064723916871E-001
a   2  3.44254471527987493E-001 -3.25729839104555441E-001
d   1 -1.59946010564336660E-001 -8.65913508645251184E-001
d   2  4.49257778694891530E-001  1.50925536382102848E-001
s   1 -2.78910735325280143E+002
s   2 -2.77542007843031456E+002
z   1  1.77539281913929148E-001 -8.44013604626844050E-001
z   2 -3.16909322827757467E-001 -1.78667265089512084E-001
z   3 -3.11485818344204912E-001 -6.38885053615137699E-001
z   4  1.74699356660099447E-001 -2.87435510187345200E-001
z   5 -2.30893213295716493E-001 -3.43431976980191275E-002
z   6 -5.22306246964890294E-002  6.00399461096890949E-002
z   7  1.29642164520091963E-002  1.03433642220708971E-002
z   8 -5.14577703783698978E-002 -3.28707648187120324E-002
z   9  1.00615885506096070E-001  3.49440939969969597E-002
z  10  2.18013206963232592E-001 -2.01094212229089492E-001
z  11 -2.82705642094935872E-001 -3.52875810227384235E-001
z  12 -2.46709236321466852E-001  2.27297393928352826E-001
z  13  4.77516111389370557E-002 -4.59454829566026332E-002
z  14 -6.37188403442875695E-002  8.42852438492009137E-002
z  15 -9.40439799169585505E-002 -1.61231854414756841E-002
z  16 -3.41806861545492779E-002 -3.92645201661092000E-002
z  17 -6.31236383812565083E-002 -1.36726604484781345E-002
z  18  1.52961144829308233E-002  1.59447088638707407E-002
z  19 -3.88809526050324025E-002 -1.14672621875469977E-002
z  20  1.10473772938957191E-002  1.02214198328686532E-002
 
basis     9
D  3.23283536070631372E-001  1.10147733548073989E+000
a   1  4.64250005011078160E-002 -6.03403118553343054E-001
a   2  1.96992084710055970E-001  7.71325815988377572E-001
d   1  3.62999184500086058E-001  4.84233617382870241E-001
d   2 -5.70534427543690215E-001  5.55193536378031149E-001
s   1 -2.78881690415629862E+002
s   2 -2.77509227376722492E+002
z   1  1.67894694721457294E-001 -8.38007663859819618E-001
z   2 -3.19807886387216134E-001 -1.80280631604837427E-001
z   3 -3.18803698097673005E-001 -6.23033119813204639E-001
z   4  1.57988489781862390E-001 -2.63695680525847798E-001
z   5 -2.31769712037811965E-001 -4.37438328692012560E-002
z   6 -1.05402913027073719E-001  5.83555586096875106E-002
z   7 -4.35115170133172496E-002  8.07288745362507026E-002
z   8  1.72939086778921823E-003  1.78080945339503596E-002
z   9 -8.71639141543451429E-002 -6.11233214510961964E-002
z  10 -1.51114778579833825E-001  2.67915863504439300E-001
z  11  3.09393650582832025E-001  2.62127838873979502E-001
z  12  1.47435360188581333E-001 -2.54252267333511084E-001
z  13 -5.06888268604910527E-002  6.76189858464811278E-002
z  14  2.58338248133820544E-002 -1.01446095776290893E-001
z  15  7.50486754005765117E-002  9.92095014532676060E-003
z  16  3.52418107182273857E-002  4.51587201484397738E-002
z  17  5.36174073242054253E-002  2.45814063331544902E-002
z  18 -2.92692399972855864E-002 -2.34458864893078087E-002
z  19  3.39043063061369582E-002  5.99020863337859774E-004
z  20 -7.57256717239089897E-003 -1.95530880930300383E-002
 
basis    10
D  5.51728039283968852E-001  5.32970696487093165E-001
a   1 -7.11391596409655935E-002  5.34033375182605075E-001
a   2 -2.46071722203924759E-001 -8.05727175716592914E-001
d   1 -2.86993207291062258E-001 -4.55946624959695401E-001
d   2  6.07009395388741435E-001 -5.84197884339234252E-001
s   1 -2.78907525608770925E+002
s   2 -2.77561105778572539E+002
z   1  1.73764051734416364E-001 -8.32872408362610339E-001
z   2 -3.19823336365094635E-001 -1.84382565041153551E-001
z   3 -3.37150219076929603E-001 -6.33324930077770909E-001
z   4  1.51451665918572786E-001 -2.50681435043107692E-001
z   5 -2.13223793847305415E-001 -1.64917926435495972E-002
z   6 -1.00402488864214198E-001  4.27517387189472395E-002
z   7 -6.25252439102402940E-002  8.96325721020474891E-002
z   8 -5.13767075879788433E-003  2.77351956337426042E-002
z   9 -7.18445495637836523E-002 -5.42326753490394373E-002
z  10 -1.83860831926401624E-001  2.78247306370717984E-001
z  11  3.12470337615475824E-001  3.39853679632874883E-001
z  12  2.42768195818912930E-001 -2.35730725291045023E-001
z  13 -6.37648971385242347E-002  3.81691839423311252E-002
z  14  4.69341822667639352E-002 -9.58793113795850249E-002
z  15  6.75952213244391670E-002  1.74940440948887117E-002
z  16  2.96158958108402558E-002  4.17645928968906274E-002
z  17  4.74477423225808589E-002  1.45554150463596769E-002
z  18 -2.04445957667177824E-002 -2.88462153917645979E-002
z  19  2.88343230577354330E-002  1.63256023166957545E-002
z  20  2.67613221223106379E-003 -4.28694292078900686E-003
