ndof   20
nconf    2
nbasisfns   10
initial_PES    1
time  1.00000000000000000E+001
 
zinit   1  3.11680138521630234E-001 -5.33192882059788986E-001
zinit   2 -5.71967935831967034E-001  1.54762133492424320E-001
zinit   3 -4.09709729464744599E-001 -4.91290967343846419E-001
zinit   4  1.93925586784091386E-001 -8.68529287097664360E-002
zinit   5 -1.07664446874309705E-001 -8.65114235406475168E-002
zinit   6  2.02356732574353215E-001  9.12815404791375851E-002
zinit   7 -1.22303542903739303E-002  2.11104029555258185E-002
zinit   8  5.74765873965243750E-003 -9.03439088441119163E-003
zinit   9  2.09773631863922928E-002 -3.17060594819900537E-002
zinit  10  4.79015533973711825E-004  1.27939811451223146E-002
zinit  11 -6.76443972590501201E-003 -4.59648072982124468E-004
zinit  12  4.64575622553356743E-004  5.77118108332393652E-003
zinit  13 -2.71684395547168271E-003  1.26401709580221044E-003
zinit  14  3.81196048782560931E-004  1.26062414599003895E-005
zinit  15 -1.10124062895737183E-005 -2.30847079890150302E-004
zinit  16 -4.71364590000427307E-005 -2.09535063134292870E-005
zinit  17 -4.14535801703058224E-007  2.72018174181758115E-006
zinit  18  4.50087370079357158E-007  6.95477337263900241E-008
zinit  19 -6.24515804976761495E-009 -1.79188784126981654E-009
zinit  20 -2.44363129715223540E-014  1.24704930371926309E-014
 
basis     1
D -4.56658808707935460E-001  7.13742955365019971E-001
a   1 -4.61588399133391114E-001  5.54241881150086102E-001
a   2  4.81614833386316055E-001 -4.97794374442842802E-001
d   1 -6.00752987548411665E-001 -3.99178858391787628E-001
d   2  3.96474321036572319E-001  5.67943835007704956E-001
s   1 -2.77922985887077573E+002
s   2 -2.78223425146801617E+002
z   1 -4.14738377585144924E-001 -4.54159801885876735E-001
z   2  5.74227292192828420E-001  1.60530302441372702E-001
z   3  6.42969538269425156E-001  2.45528301888746914E-002
z   4  2.14646909648347511E-001  8.58313623768105910E-002
z   5 -8.63764463769449709E-002  2.96127436992096350E-002
z   6 -8.32308236104303961E-002 -2.05593707133299330E-001
z   7 -1.92608783598679015E-002 -4.58602757787020809E-002
z   8  7.70994473904816971E-004  1.69278592194371325E-003
z   9  4.53299909735379800E-002  1.70499456497435649E-002
z  10  2.66830142800385667E-002 -1.32220014213190462E-001
z  11 -1.45983078578276054E-001 -5.15672961192559162E-002
z  12 -1.04216164814750888E-002  8.00523100757876138E-002
z  13  3.70401218408818698E-003 -3.36942691646267140E-002
z  14 -2.66734431235832181E-003  4.03136482633622908E-002
z  15 -2.96683602311918274E-002  8.90435487062569975E-003
z  16 -1.98201074131991277E-002 -5.34880728797716438E-003
z  17 -1.75126100286547952E-002 -7.76374633102891714E-003
z  18  1.99390140375009517E-002 -5.44483611782072929E-004
z  19 -2.36236897314168123E-002 -4.58347192334815443E-003
z  20  2.55340739553849057E-003 -1.84131712158978845E-003
 
basis     2
D  3.88666800245071609E-002  1.80378581802353583E-001
a   1  3.11535276032637309E-001 -7.03730213721534770E-001
a   2 -6.29317774528805107E-001 -1.08021742000304538E-001
d   1  6.99031652386890023E-001  3.21939731748882740E-001
d   2  3.12163549838451959E-001 -5.57012994673306228E-001
s   1 -2.78045783814417860E+002
s   2 -2.78371768655432959E+002
z   1 -4.16671960800207297E-001 -4.58892613259971716E-001
z   2  5.75108363407276557E-001  1.35925096466778722E-001
z   3  6.42237416115571502E-001 -4.14142779275787076E-002
z   4  1.96898272267692326E-001  2.77767597133613021E-002
z   5 -1.45940261220293077E-001 -4.58311148159022946E-003
z   6 -1.08136520663180580E-001 -2.06292190394696345E-001
z   7  6.55641463457956510E-003 -8.98726148921388801E-002
z   8 -6.14581846976043102E-003 -8.63997521556493508E-002
z   9 -5.25553934460949723E-003 -5.77237650711361280E-002
z  10 -9.81032399748563502E-003 -2.72803296154462083E-001
z  11 -4.17434809338889379E-001 -1.94127325806729950E-001
z  12 -2.48030500254022568E-001  3.07035630569345075E-001
z  13  6.80072478311834067E-002  4.74008178988620868E-002
z  14 -2.96978097324637098E-002  1.08509322989386148E-001
z  15 -3.73217844656260553E-002  1.06026957693703492E-002
z  16 -1.57495949224532479E-002 -8.73485218180841162E-003
z  17 -3.91212611582132525E-002 -2.84864537032082903E-003
z  18  1.02996678928296177E-002  3.42585279789785480E-002
z  19 -2.37006682212252615E-002 -2.95661070190345954E-003
z  20  2.81842373240637082E-003  1.87020919859066000E-002
 
basis     3
D  3.22038372559472486E-002  5.11201629381622613E-001
a   1  5.00219907400077157E-001 -5.73422250568724978E-001
a   2 -6.22207492642105509E-001  1.83915205715455055E-001
d   1  5.18489033442130709E-001  5.56957947610848270E-001
d   2 -1.08885893683579957E-002 -6.48728298608054588E-001
s   1 -2.78134780727449595E+002
s   2 -2.78301568340421341E+002
z   1 -4.11028103892909946E-001 -4.65380971760019579E-001
z   2  5.75461166823864056E-001  1.40197777039155841E-001
z   3  6.37356660774083594E-001 -1.65317633646949250E-002
z   4  1.87033721564457661E-001  6.91973627167309091E-002
z   5 -1.09803843030024231E-001  3.07425383296779896E-002
z   6 -6.90524368000805661E-002 -2.08946780299413132E-001
z   7 -1.48457996534637864E-002 -8.16647813031311093E-002
z   8  4.09477311298476197E-004 -1.79622413685553706E-002
z   9  7.50499315978162274E-002 -4.14063541752813027E-002
z  10 -1.19389572148242296E-002 -3.41676509673250528E-001
z  11 -4.49980427683538686E-001 -1.12806194764173848E-001
z  12 -8.06049613387540276E-002  3.16712153405437735E-001
z  13  3.86289706015532919E-002 -7.56430909097170895E-002
z  14  5.34740129685367955E-003  1.01187552272684278E-001
z  15 -6.80721818782058646E-002  3.35554137599390059E-003
z  16 -3.18280021791371853E-002 -1.69911129779552299E-002
z  17 -4.67330940367501821E-002 -9.10329124361642338E-003
z  18  2.40196353323273090E-002  2.35685316226923111E-002
z  19 -3.81675171825508752E-002 -5.48355878155105687E-003
z  20  6.22625679091524682E-003  4.06557853989857835E-003
 
basis     4
D  1.78209024809291683E-001  1.51753997617216058E-001
a   1 -7.93464998024331347E-002  6.67914677528743450E-001
a   2 -2.13232149515557523E-001 -7.08608613356979000E-001
d   1 -6.72023469704909449E-001 -2.81129801870497464E-002
d   2  7.37445811900499626E-001  6.13823347644798095E-002
s   1 -2.77954515606854613E+002
s   2 -2.78406292379841602E+002
z   1 -4.37916180081500017E-001 -4.34040909293186228E-001
z   2  5.64764565197197088E-001  1.80920205747031715E-001
z   3  6.53534309210195508E-001  4.02194231589645332E-002
z   4  2.30097575751729233E-001  9.36910623302144724E-002
z   5 -1.17952516174854777E-001  2.79713355999131365E-002
z   6 -1.40704187350037313E-001 -1.50412318897235692E-001
z   7  3.24369908134599857E-002  3.12196103191861030E-002
z   8  2.10307001926515851E-002 -4.72110024027430145E-002
z   9 -1.59442849785229157E-001  5.59817298629758306E-002
z  10  8.02016089111914493E-002  2.58326858965906792E-001
z  11  3.40729703718456733E-001 -7.15921020370526295E-002
z  12 -8.67733787169867460E-002 -2.30259529362559390E-001
z  13  3.23986269368995439E-002  5.59335297742180257E-002
z  14 -4.05515191380719370E-002 -6.26579882201710736E-002
z  15  4.43768421257638296E-002 -3.71582158515614824E-002
z  16  2.89198710703717637E-002  8.50939504629918270E-003
z  17  2.94904780414580875E-002 -1.77312533179739443E-003
z  18 -2.03341325519485923E-002 -6.41513746389800379E-003
z  19  1.24751139799879583E-002  2.79958357703977839E-003
z  20 -1.64846156200967389E-002 -1.16799015797850181E-002
 
basis     5
D -1.20284565212016203E+000  3.09940320543539649E-001
a   1  4.97692244445418375E-001 -6.00786099100740545E-001
a   2 -5.85399162362694514E-001  2.20604427995524821E-001
d   1  5.48806176143802449E-001  5.54484705001157430E-001
d   2 -5.08244245184227561E-002 -6.23518540877934346E-001
s   1 -2.78129674107057497E+002
s   2 -2.78310004110081195E+002
z   1 -4.15853708775577979E-001 -4.66597319196704718E-001
z   2  5.71913524632343795E-001  1.40576894826832582E-001
z   3  6.39278309846413095E-001 -2.20061317355729098E-002
z   4  2.11030960602507062E-001  5.75934360991424074E-002
z   5 -1.20179459012491857E-001  3.62894596429794089E-002
z   6 -7.68654157479724820E-002 -2.18457588470075875E-001
z   7  1.53152628384267478E-002 -7.77329003960467030E-002
z   8 -6.32732622925937047E-003 -2.03019954699689524E-002
z   9  7.68739790506675486E-002 -3.03215817806844201E-002
z  10  1.95558918619844445E-002 -3.33711102588817810E-001
z  11 -4.25777352888334404E-001 -1.44388965830986066E-001
z  12 -1.03956434749302329E-001  3.06047937462490149E-001
z  13  4.95363344144930662E-002 -5.39565259860774887E-002
z  14 -9.35348695878572209E-003  1.07071322054837770E-001
z  15 -6.92374306189288830E-002  1.13153105669135390E-002
z  16 -3.99408839815011199E-002 -2.36008844466526549E-002
z  17 -4.17538390215746735E-002 -2.47198171129953950E-003
z  18  2.88922264707617907E-002  9.79661010443316251E-003
z  19 -4.07721558683651897E-002  6.06442239845305080E-003
z  20  1.64392117878019786E-002  1.86424466735478390E-002
 
basis     6
D  8.73209822765833921E-001  4.78769750896089585E-001
a   1 -3.54577661341945183E-001  6.93044232630051327E-001
a   2  2.32486459907090132E-001 -5.83021800325978168E-001
d   1 -7.23490998849539713E-001 -2.87395895739996854E-001
d   2  4.85425815890623114E-001  3.97902187682348085E-001
s   1 -2.77936167219218078E+002
s   2 -2.78338148444164631E+002
z   1 -4.28849762587492966E-001 -4.54568018630102377E-001
z   2  5.59265317391181349E-001  1.78175480565655325E-001
z   3  6.52434677638005001E-001  2.42129508123029094E-002
z   4  2.34699000029891858E-001  8.13311618338240089E-002
z   5 -1.14171296660500105E-001  2.16392127285517412E-002
z   6 -9.17796360397333116E-002 -1.52620001176813153E-001
z   7  3.08962133164464407E-002 -2.47314539249579753E-002
z   8 -1.07816608307785399E-002 -3.67029836905518464E-002
z   9 -2.46128663620797175E-002  1.01592910003331080E-001
z  10  2.16471546517401581E-001 -2.02601884040752439E-002
z  11 -4.42883561741441861E-002 -2.96460007248740998E-001
z  12 -1.77000261812220672E-001  6.80390895506301496E-002
z  13  5.65062704239336910E-002 -4.12296658172221289E-002
z  14 -5.23167249844233365E-002  4.98634996809372358E-002
z  15 -5.35482061307408358E-002 -3.14290501196439268E-002
z  16 -1.09718532032456028E-002 -4.80117107973037083E-002
z  17 -3.51604305406447437E-002 -2.27507527229219922E-002
z  18  1.51949379593650791E-002  1.04186092051970283E-002
z  19 -2.71311465086858418E-002 -1.09206951880576018E-002
z  20 -2.23646883770022530E-003  1.60417432662388268E-002
 
basis     7
D  2.13936329684749349E-001 -6.76221990288581043E-002
a   1 -2.83389500821174700E-001 -2.78533451318004388E-001
a   2  7.28857289141683018E-001  5.57563054179647466E-001
d   1  3.13062152433744578E-001 -2.44709177172300951E-001
d   2 -7.36128171787857832E-001  5.47927752556270575E-001
s   1 -2.78161530075632072E+002
s   2 -2.78308857825711527E+002
z   1 -4.11900022100070540E-001 -4.55705782574713725E-001
z   2  5.82735840841318575E-001  1.36719434409827839E-001
z   3  6.27098592069552430E-001 -4.52321106298187847E-003
z   4  1.89793433284794449E-001  1.02492775415145052E-001
z   5 -1.08347261425995212E-001  4.72890293269733267E-002
z   6 -1.13246482019774358E-001 -2.18638236029434357E-001
z   7 -6.25461062688204561E-002 -1.38639357223873279E-002
z   8  4.89813516060387966E-003  1.82455505315803346E-002
z   9 -7.86546005145885296E-002 -8.82253492545047036E-002
z  10 -3.25990315714097090E-001  1.13134068542931190E-001
z  11  9.73044798131092459E-002  4.87000322654153772E-001
z  12  3.61200215122299606E-001 -8.23812429601440549E-002
z  13 -3.84354510672433106E-002 -8.88109256819997681E-003
z  14  9.05942514530857917E-002 -5.18700042749511564E-002
z  15  7.18008839256991660E-002  4.17670623504572680E-002
z  16  2.27804445217195499E-002  3.50705655081206547E-002
z  17  4.42175593368273195E-002  2.05440441917789721E-002
z  18  4.87960949998914560E-003 -2.13420855963829884E-002
z  19  3.21768222729463052E-002  1.19287972444713022E-002
z  20  9.04865874835682898E-003 -1.66935109395067553E-002
 
basis     8
D -1.00437600423237905E-001 -8.21019068344533198E-001
a   1  3.67991621885397080E-001 -8.07896918012111720E-001
a   2 -3.85161475426455457E-001  2.52062242186266494E-001
d   1  7.66594227773562231E-001  4.47714813084813534E-001
d   2 -1.06757116670951210E-001 -4.47758477450463266E-001
s   1 -2.78132131946949983E+002
s   2 -2.78376378981690607E+002
z   1 -4.17888564419619080E-001 -4.56401999845088779E-001
z   2  5.72768594228563299E-001  1.46008672138056073E-001
z   3  6.49154549497728106E-001 -2.27653977378426166E-002
z   4  2.16546678575481766E-001  5.00104717259494472E-002
z   5 -1.46634019271612376E-001  1.94924838800024126E-002
z   6 -9.11614233734954205E-002 -1.80701542248720565E-001
z   7  3.89477162624735432E-002 -5.44750579778103400E-002
z   8  8.51123440067598144E-003 -5.52877012993790232E-002
z   9  4.60538345155176165E-002  2.35470287023198041E-002
z  10  1.87567248621819865E-001 -2.69852974613983998E-001
z  11 -3.06389773058786063E-001 -3.91059596384385533E-001
z  12 -3.31190084988678968E-001  2.17496238799355895E-001
z  13  4.96393959220443326E-002 -6.12077807064728870E-003
z  14 -6.73934131656165336E-002  8.69010203862051328E-002
z  15 -6.86749748676213911E-002 -1.12835790639829216E-002
z  16 -3.02842375078999533E-002 -3.59321346339019076E-002
z  17 -4.93726127890932592E-002 -8.26492432366555257E-003
z  18  6.95666691643075444E-003  2.82754274680598952E-002
z  19 -3.19892042795381706E-002 -2.76221299172695490E-003
z  20  7.79534599438662813E-003  1.01217833641577618E-002
 
basis     9
D -7.42586030295483090E-001 -1.10673912070417524E+000
a   1 -3.35352060431258148E-001  6.40618600704573327E-001
a   2  2.37130594499833536E-001 -6.48780305764554255E-001
d   1 -6.92599220703294050E-001 -2.07748683474446055E-001
d   2  5.49652511283437617E-001  4.18364578849122259E-001
s   1 -2.77840109511814887E+002
s   2 -2.78331126995773843E+002
z   1 -4.39334128132294111E-001 -4.51866837015191758E-001
z   2  5.45454559192860011E-001  1.85498418272003474E-001
z   3  6.47038368495677307E-001  3.66182094385830159E-002
z   4  2.41819200439228915E-001  8.07276901056057233E-002
z   5 -1.15060909738088649E-001  3.35079717902314125E-002
z   6 -1.06887897364600651E-001 -1.69992638225437614E-001
z   7  2.97509330031451233E-002 -1.31408899156306800E-002
z   8  4.40744785027214793E-003 -4.91443187499940731E-002
z   9 -4.96546945300734219E-002  5.90683768935763992E-002
z  10  1.34540240686967794E-001  4.17652087156432997E-002
z  11  4.15680754400017047E-002 -1.48586155550571142E-001
z  12 -1.13095845015722632E-001 -1.16340500153512185E-002
z  13  3.32310955199952227E-002 -4.18621981990391877E-003
z  14 -3.25224643601345412E-002  1.13802262867904510E-002
z  15 -2.26600835255178351E-002 -2.88994009770198700E-002
z  16  1.93957282861463337E-003 -2.58514361541685098E-002
z  17 -6.25485796489780484E-003 -1.27472358826190447E-002
z  18  1.70793272128384119E-002  1.58980400864407734E-002
z  19  8.39003556289737206E-004 -5.48722928449840025E-003
z  20  4.68720879798564197E-003  9.18443791836888609E-004
 
basis    10
D -2.55967333778514605E-001  1.51979842405607635E-002
a   1 -3.51280198830957069E-001  5.48474499283480577E-001
a   2  7.35223688393150110E-001  1.87680775708537306E-001
d   1 -5.40082481224882671E-001 -3.64050776580624458E-001
d   2 -4.13822860532415682E-001  6.36025617130123955E-001
s   1 -2.78054412081509270E+002
s   2 -2.78357841141387439E+002
z   1 -4.11410293361758050E-001 -4.58445381219661885E-001
z   2  5.74362308321468173E-001  1.25770023629979077E-001
z   3  6.46346041309717512E-001 -4.23541329826749163E-002
z   4  1.76605362113659292E-001  3.85652836789025094E-002
z   5 -1.46550967066033544E-001 -4.33167325645853255E-004
z   6 -1.09361710339547724E-001 -2.09996542181096646E-001
z   7 -1.33206818491335872E-002 -8.69248432568158202E-002
z   8 -2.28005655894955653E-002 -7.26648849929800722E-002
z   9 -7.98566278401685592E-003 -8.75960718931343002E-002
z  10 -1.05237438103458869E-001 -2.65521368032616611E-001
z  11 -4.51034322195764836E-001 -2.78514988187416115E-002
z  12 -1.17939594217521967E-001  3.86185117653197574E-001
z  13  9.96362084363520834E-002  1.28637743114379133E-002
z  14  1.02480446817993440E-002  1.04300762981290054E-001
z  15 -3.03834378020686677E-002  1.71466924759152532E-002
z  16 -1.04506420293176304E-003 -5.71572300168246041E-003
z  17 -2.56484940268367628E-002 -6.28253184909159223E-003
z  18  3.49782224131890279E-002  1.85811294078456271E-002
z  19 -1.71568396558409927E-002 -7.60015559773958584E-004
z  20  1.52106191058428517E-002  1.44627436628818815E-002
