ndof   20
nconf    2
nbasisfns   10
initial_PES    1
time  1.00000000000000000E+001
 
zinit   1  1.60928999976931053E-001  8.97652777608142882E-001
zinit   2 -6.36671681055264505E-001 -3.57763784263295196E-003
zinit   3  2.62572843071963380E-001 -9.40110834030607190E-002
zinit   4  6.22827084766830741E-002  2.99879574876251276E-001
zinit   5 -7.36367389955555618E-002 -4.21698860195179048E-002
zinit   6  7.13376028039918453E-002 -3.20504529905184868E-002
zinit   7  1.50998325382690705E-002  3.86749525711064385E-002
zinit   8  2.03096391157477733E-002  3.34342215544269419E-002
zinit   9  1.28549690281279522E-002 -9.88696590309615965E-003
zinit  10  7.24411434153616508E-003 -6.90585323023172604E-003
zinit  11  5.65549613788267087E-003  8.43747523173375528E-003
zinit  12  2.09588739360261041E-003  1.78750062480673979E-003
zinit  13 -2.86709294925282067E-004 -7.39452130896376672E-004
zinit  14  5.38848073675816290E-004  5.35489493209296099E-004
zinit  15 -3.79692838475528723E-005  1.23052324636508092E-004
zinit  16 -2.17308900529461744E-005 -2.94014551747352634E-005
zinit  17  1.62442786781151020E-005  2.13164241068833069E-006
zinit  18  1.37476818061552967E-006  9.67357921133365315E-007
zinit  19 -1.23631555232617428E-008 -1.07699382078622690E-008
zinit  20  1.09424745379868109E-014 -3.74421336101193996E-016
 
basis     1
D  1.11705557535218891E+000  3.20149170048794285E-001
a   1 -3.29066986395042838E-001  5.21366445377601240E-001
a   2  3.93774321418222439E-001 -6.81787160256612013E-001
d   1 -4.51409358086882651E-001 -4.19925759310356084E-001
d   2  7.21881326225892406E-001  3.14291741771086763E-001
s   1 -2.78217212564734723E+002
s   2 -2.77917820862381518E+002
z   1  9.05622808986397465E-001  1.09239673299154003E-001
z   2  5.50835297478358243E-001  3.22947616092247980E-001
z   3 -7.55870152982175553E-002  2.66804710297612824E-001
z   4 -1.45767301922302334E-001  2.61941533888468248E-001
z   5 -7.15802445936714465E-002  2.00633020648179443E-002
z   6 -9.89392115560046165E-002 -1.78214750966413198E-002
z   7 -4.72650112297957267E-002  2.32126365856418874E-002
z   8  5.04839917086876699E-002  1.68963113871835775E-002
z   9 -8.86101008865097101E-002 -7.11772777459224321E-002
z  10 -1.44659329550045679E-001  1.31149178141321376E-001
z  11  1.55658017297010703E-001  1.91246839430548737E-001
z  12  8.59610333683607092E-002 -1.30697044898997833E-001
z  13 -2.68420851663006797E-002  7.05371598783097326E-002
z  14  9.02785316054441648E-004 -5.50957927416395113E-002
z  15  5.26968073987470614E-002  1.04489303612656098E-002
z  16  2.63655945190405319E-002  2.77944029722187562E-002
z  17  3.73399732101593260E-002  2.52878769329075645E-002
z  18 -7.20607124554886996E-003 -5.89371059606308249E-003
z  19  1.62183434384577420E-002  9.60677128339765783E-003
z  20 -3.18643781565322018E-003 -1.30812610778290178E-002
 
basis     2
D -9.29073198682622392E-001  7.99891839077502415E-002
a   1 -4.51928529634618048E-001  5.75474165447075969E-001
a   2  4.82173261391030339E-001 -4.81766577301505794E-001
d   1 -4.64132442640283249E-001 -5.65677458171598535E-001
d   2  5.80135100025544914E-001  3.57817488006974826E-001
s   1 -2.78248913516880350E+002
s   2 -2.77797798435727543E+002
z   1  9.10590693858673639E-001  1.13550716207313093E-001
z   2  5.62228622633006880E-001  3.20285033813996312E-001
z   3 -9.03940976316854050E-002  2.46765259753613936E-001
z   4 -1.63986742562746118E-001  2.56293709584235030E-001
z   5 -6.33252749333023668E-002  3.55552011599563206E-002
z   6 -5.26877705994738960E-002 -2.88133304603421861E-002
z   7 -4.72181385848571347E-002 -2.78563716066660486E-002
z   8  3.14369342338125099E-003  3.93416605195367544E-002
z   9  3.43008226778925354E-002  2.22727779068166883E-002
z  10  5.61326155252048833E-002 -1.02356744328297236E-001
z  11 -1.25288056194307412E-001 -5.47379068620306997E-002
z  12 -1.73826910757900882E-002  9.58323616261246986E-002
z  13 -6.55578239869343462E-003 -4.21668277994994706E-002
z  14  1.77255582616828618E-002  2.61411953431257837E-002
z  15 -2.42298972540713337E-002  2.62796395768082297E-004
z  16 -1.39342248964877593E-002 -2.14139050243905490E-002
z  17 -1.32688013764719719E-002  3.44154103589206688E-003
z  18  1.64205365381233162E-002 -3.98010860054886281E-003
z  19 -9.15336508170384866E-003  3.25437214548103537E-003
z  20  4.96701713934949028E-004  6.30584035152428174E-004
 
basis     3
D -1.14284497171385658E-002  1.47596498210924073E-002
a   1 -4.61159014062974548E-001  6.34846590842754965E-001
a   2  6.13484067676005718E-001 -8.91036954982279555E-002
d   1 -4.38430258142778251E-001 -6.50750903880324971E-001
d   2  6.28085325562248165E-002  6.16731106789557448E-001
s   1 -2.78380637761187359E+002
s   2 -2.78073692218376948E+002
z   1  9.04307881906664224E-001  1.07684531772590797E-001
z   2  5.52038445627411334E-001  3.03595139032753203E-001
z   3 -9.13966143141046877E-002  2.39473223647725775E-001
z   4 -1.54741999566149507E-001  2.53225974533191400E-001
z   5 -6.64689639987478681E-002  1.45035741620290221E-002
z   6 -4.99836536481385388E-002 -3.72976145912960189E-002
z   7 -2.89871417959134889E-002 -5.10093417330063428E-002
z   8  1.04676381743762040E-002  4.41782035697052718E-003
z   9  7.74868560287068908E-002 -6.25334567769552374E-002
z  10  5.65493104932374754E-003 -3.26266337441461107E-001
z  11 -4.52386948189142934E-001 -1.40245544923191523E-001
z  12 -1.27439652698645045E-001  3.43805846097771040E-001
z  13  4.47522487150221887E-002 -4.23124412668718988E-002
z  14 -1.50007507963230806E-002  1.00849484514712803E-001
z  15 -6.31809845729079805E-002  1.62976136612990874E-002
z  16 -2.92133279920182183E-002 -3.75244299084813993E-002
z  17 -4.24231946671783863E-002 -1.54289540881407533E-002
z  18  1.84828087297745532E-002  1.42458822318898004E-002
z  19 -3.26951803234400637E-002  9.32675730741196890E-003
z  20  9.97842595448328665E-003  1.17413008146618914E-002
 
basis     4
D  1.31858826565076193E+000 -6.19393194540849845E-001
a   1 -1.25782183242118956E-001  7.08441982544124826E-001
a   2 -7.09833973230569321E-002 -6.90832944388316994E-001
d   1 -6.72419855841818848E-001 -2.56052216787653719E-001
d   2  6.92904234440052447E-001 -4.66103169137394996E-002
s   1 -2.78219072381998387E+002
s   2 -2.78066174104439369E+002
z   1  8.99407370526140615E-001  1.18312595501998338E-001
z   2  5.50407044310001092E-001  3.50594751699425944E-001
z   3 -6.73620964689476825E-002  2.92465395305235631E-001
z   4 -1.33250203379648935E-001  2.49648683344298961E-001
z   5 -1.09207092655751209E-001  2.32389233413540855E-002
z   6 -9.68287811750924016E-002  4.25813880656267379E-002
z   7  1.46622713819937831E-002  4.00113627860850182E-002
z   8  2.16937381479930212E-002 -2.25493598212781962E-002
z   9 -1.20014073565111304E-001  1.06415692402022019E-001
z  10  1.98621019168694901E-001  2.30089221888888723E-001
z  11  2.75329224898108238E-001 -2.00722371717471121E-001
z  12 -1.57598295944358313E-001 -1.41956161032652184E-001
z  13  3.24568089912680435E-002  4.47958265178522719E-002
z  14 -5.80474221797052728E-002 -1.27257869564494520E-002
z  15  7.01623857635178330E-003 -3.66504783948990998E-002
z  16  2.56398864636682051E-002 -1.38428251640598642E-002
z  17  6.11728563098934593E-003 -2.66246986691178883E-002
z  18 -1.58192409046419950E-002 -7.27421408984134442E-004
z  19  6.18648405093595415E-003 -6.16032462367188585E-003
z  20 -1.33848999502237656E-003  4.52397827778687565E-003
 
basis     5
D  9.10674366871473739E-001 -3.66619346149573533E-001
a   1 -5.17347176534267317E-001  5.70573078180293902E-001
a   2  5.56068035797918525E-001 -3.12388541645977347E-001
d   1 -3.67184589236062009E-001 -6.77035609137110694E-001
d   2  3.93842007914596948E-001  5.01683898674907036E-001
s   1 -2.78368289029043638E+002
s   2 -2.77877240775581754E+002
z   1  9.12300850922901141E-001  1.14368102658896326E-001
z   2  5.59889205662871925E-001  3.04162277265077885E-001
z   3 -9.74960778584152005E-002  2.44663090465733396E-001
z   4 -1.77142510555157368E-001  2.68457441646353046E-001
z   5 -6.20184062483683726E-002  4.48167451518708126E-002
z   6 -5.64733843219509049E-002 -3.96425758327451846E-002
z   7 -6.56155778447947702E-002 -3.85240021040007263E-002
z   8  1.04462918081477509E-003  5.31535706904230146E-002
z   9  1.08621752946249081E-001 -1.71222747827700014E-002
z  10  2.49833831638002699E-002 -2.51031581303441331E-001
z  11 -3.07498196071168017E-001 -7.27172095711166727E-002
z  12 -2.38597643418465358E-002  2.07996338047561430E-001
z  13  6.35316066026635554E-003 -6.64921788605632030E-002
z  14  1.72437699469045573E-002  6.81278876848192411E-002
z  15 -5.77348697730152571E-002  2.19643692751255067E-003
z  16 -2.86201737669037094E-002 -2.62569697882586821E-002
z  17 -3.45599873645168615E-002 -3.82241756863427491E-003
z  18  1.38184021277420500E-003  9.64367128995176522E-003
z  19 -1.54660200591269833E-002  1.24816730779391226E-002
z  20  1.18391782589826362E-002  7.78435054962233353E-003
 
basis     6
D -4.04524452577941007E-001 -2.29008446669646315E-001
a   1  4.49908699116521649E-001 -6.80774325441715678E-001
a   2 -5.63508972592471791E-001  1.28787103726990343E-001
d   1  4.79408285215549235E-001  6.60332655400314494E-001
d   2 -1.07194042145085794E-001 -5.68012251282670189E-001
s   1 -2.78389791824630720E+002
s   2 -2.78069111638558752E+002
z   1  9.13922293086034898E-001  1.10380515560705744E-001
z   2  5.46191666928288244E-001  3.10558226000672399E-001
z   3 -8.54390344335547308E-002  2.36651998608758296E-001
z   4 -1.67543432352758037E-001  2.32526044008466687E-001
z   5 -8.66730831663049123E-002  7.03793206770642488E-003
z   6 -5.35764406952928263E-002 -4.06612898649920951E-002
z   7 -2.37909517842861407E-002 -5.57536816194974111E-002
z   8  1.15604004905667367E-002  3.44823967630209166E-003
z   9  9.63892809812649243E-002 -4.84004259806145309E-002
z  10  5.45716509599715807E-002 -3.19428309045974967E-001
z  11 -4.32292619617501206E-001 -2.01362716454703800E-001
z  12 -1.81928482291622368E-001  3.31507197215312077E-001
z  13  5.16266430031459694E-002 -4.81257942474628761E-002
z  14 -2.07999624666299621E-002  1.10738627379069768E-001
z  15 -6.96349669393027948E-002 -1.17393124972962654E-003
z  16 -3.04664479996955805E-002 -2.58710198051962728E-002
z  17 -5.16739002748871842E-002 -6.71778160359789555E-003
z  18  1.09423490414186832E-002  2.63844149230377037E-002
z  19 -2.89767769063180650E-002 -6.65349922855948232E-003
z  20  4.35666575091755558E-003  1.75781260768534779E-002
 
basis     7
D -2.47087342287754752E-001  4.46609364045896517E-001
a   1  5.39747936952049256E-001 -2.57028038259991543E-001
a   2 -7.98123577042754273E-001 -7.48832950175738199E-002
d   1  1.93409719804373791E-002  5.97509141937280219E-001
d   2  4.19240547450058093E-002 -8.00531776844584764E-001
s   1 -2.78443018888540905E+002
s   2 -2.77989721980096078E+002
z   1  9.21553733397325381E-001  9.34140703428105734E-002
z   2  5.67467041073445366E-001  3.00871115570137349E-001
z   3 -1.06473588509476885E-001  2.39207277738535756E-001
z   4 -1.81821262824805541E-001  2.63531503266787870E-001
z   5 -5.29435335667463730E-002  3.11521915403713059E-002
z   6 -5.66379502853610675E-002 -7.77070751396608805E-002
z   7 -9.97638116840548761E-002 -5.18456583454954961E-002
z   8  2.01677678305990926E-002  5.60065861566965278E-002
z   9  3.86525753764365987E-002 -1.25677574225512012E-001
z  10 -2.55225541012675528E-001 -2.22392927890387226E-001
z  11 -3.04164982792130334E-001  2.93236837192042021E-001
z  12  2.04192099920819103E-001  2.07837635480773830E-001
z  13 -3.07901319943253877E-002 -4.89461937557824703E-002
z  14  7.07180864157988531E-002  4.35905391573657153E-002
z  15  3.80344054797919365E-004  2.91156546096933318E-002
z  16 -1.86405542728418049E-002  1.23924875965095993E-002
z  17  1.81280568778747787E-004  2.66003653595067932E-002
z  18  7.64920017407291590E-003  1.11565289371308158E-003
z  19  5.53806977312950883E-003  4.77755855925575228E-003
z  20  6.52305221885593044E-003 -2.72315586829181399E-003
 
basis     8
D  1.79208129416871853E+000 -9.34493390347707731E-001
a   1  4.24177228708844001E-001 -4.81730781851393397E-001
a   2 -5.39780577613392598E-001  5.44652238123614185E-001
d   1  3.90875438306306555E-001  5.09124011678021793E-001
d   2 -6.32729976028414520E-001 -4.33199618994282831E-001
s   1 -2.78225035005202017E+002
s   2 -2.77850394618941209E+002
z   1  9.14385849567827869E-001  1.10695335837558625E-001
z   2  5.59337684896974996E-001  3.20389395479152073E-001
z   3 -1.02334210754597796E-001  2.66234143203804563E-001
z   4 -1.64774162289932080E-001  2.65974037994248902E-001
z   5 -7.72662657326639857E-002  2.70996287748342078E-002
z   6 -8.13622298611022671E-002 -3.26731517595922893E-002
z   7 -6.69319842868856957E-002  1.50992379633406500E-002
z   8  4.18140467326427387E-002  3.25597844111584697E-002
z   9 -1.86618072650186727E-002 -6.22065741906472486E-002
z  10 -1.37954024496400957E-001  3.34407403518071980E-002
z  11  4.52774003622878965E-002  1.86736113910382528E-001
z  12  8.89490177564229018E-002 -6.25188458923606055E-002
z  13 -3.22277736178259722E-002  3.36236225382362669E-002
z  14  1.68110772953633421E-002 -4.36523314098518009E-002
z  15  3.19664030599467047E-002  1.28830136509365516E-002
z  16  6.84291984329460021E-004  3.29338667535926596E-002
z  17  4.05558036816799639E-002  2.22360409022629053E-002
z  18 -1.37619526712905935E-002 -8.05854715120710684E-003
z  19  2.43030982849222234E-002  5.12490969472510598E-003
z  20 -9.46183780729141846E-003 -8.12448884972554776E-003
 
basis     9
D  3.85039334157853019E-001  1.17066557427633625E-001
a   1 -5.63802933342908874E-001 -3.84584873539100869E-001
a   2  6.96943655327266876E-001 -2.20205060563561150E-001
d   1  5.61911418840704946E-001 -3.87343297318516300E-001
d   2  1.84501782762579392E-001  7.07233921383981556E-001
s   1 -2.78399586868693859E+002
s   2 -2.78081791826298172E+002
z   1  8.99182840834815145E-001  1.09358800539155102E-001
z   2  5.41164415716169689E-001  3.45049667723790476E-001
z   3 -9.55432875896417566E-002  2.86237885475659148E-001
z   4 -1.50159486009158682E-001  2.92040477189302261E-001
z   5 -6.94284816593084830E-002  4.59165917619616601E-002
z   6 -9.53504160615817192E-002  3.32658092741707836E-002
z   7 -3.53462133955332741E-002  6.73518668166498552E-002
z   8  3.30840551633998503E-002  5.94398319798647573E-002
z   9 -1.00170097038950676E-001  8.43864120632569215E-002
z  10  7.57449351753353844E-002  3.29170965807083327E-001
z  11  4.94551273928176605E-001  5.74278016069956626E-002
z  12  7.13132750680504773E-002 -3.77120075586946768E-001
z  13 -6.53237048484576199E-002  2.37851447730327084E-002
z  14 -1.18151930498405040E-003 -1.13673454447704755E-001
z  15  5.39682809322920218E-002 -6.14985457534613332E-003
z  16  5.27895635890720822E-003  2.52815026882283848E-002
z  17  3.33435493967491961E-002 -3.82620502483716006E-004
z  18 -3.67943517623495545E-002 -1.48826705914058416E-002
z  19  2.65619540471842414E-002  3.65320322135757707E-003
z  20 -8.98981784263056319E-003 -9.82260428436672155E-003
 
basis    10
D  1.06746451021758407E-001 -2.86076705537412324E-001
a   1 -2.47153296297221492E-001 -8.40199893462758252E-001
a   2  4.25268622460843182E-001  2.28311160272133495E-001
d   1  8.73684768483068086E-001  6.07909381906550778E-002
d   2 -2.53113421499085223E-001  4.10990246856999530E-001
s   1 -2.78386508352339661E+002
s   2 -2.78090249644908340E+002
z   1  8.96639425818022473E-001  1.19324514551945052E-001
z   2  5.48138003516191463E-001  3.53490521198184082E-001
z   3 -7.69843133700803400E-002  2.96514317609135325E-001
z   4 -1.31060508704565398E-001  2.72669427581818058E-001
z   5 -8.27154788801197638E-002  4.45034808225556258E-002
z   6 -8.96406788259058174E-002  2.39988507340706883E-002
z   7  1.33660336578988754E-002  5.92605399607902886E-002
z   8  4.94562786413648356E-002  3.84443232877436786E-002
z   9 -3.40882624010623303E-002  1.13567130136985925E-001
z  10  2.73736524795761882E-001  1.88606601745942654E-001
z  11  3.77094649699296181E-001 -2.97771140510825427E-001
z  12 -2.05688428700639359E-001 -3.33970495491235531E-001
z  13 -5.40113701898813567E-002  5.21305140574022940E-002
z  14 -9.02911461321897063E-002 -6.23312380307538966E-002
z  15 -9.73162191434122012E-003 -4.45274276448799841E-002
z  16 -9.14746020136162317E-003 -4.19208464536618280E-003
z  17 -9.78059171201302140E-003 -1.42501245910373591E-002
z  18 -3.92013474234608333E-002 -1.70355802586673911E-002
z  19  5.83752622682757755E-003  1.85030493512232364E-003
z  20 -1.98797565243958758E-002 -8.99275392236077720E-003
