ndof   20
nconf    2
nbasisfns   10
initial_PES    1
time  1.00000000000000000E+001
 
zinit   1 -8.83263241462561854E-002  1.49103933175900566E-001
zinit   2  6.77469323878837515E-001  9.59031015449053337E-002
zinit   3 -1.47868721648006574E-001  1.98049300641120640E-001
zinit   4 -1.59434519307398825E-001 -7.14766921644055878E-003
zinit   5 -1.17624938407258402E-002  4.70610887057804905E-002
zinit   6 -2.66726360941577575E-002 -8.01542764764785060E-002
zinit   7  5.34614413060908490E-003  3.92775433946407765E-002
zinit   8 -4.14625050632046327E-002  1.88514606959958170E-002
zinit   9 -1.03396913223032360E-002  4.26664288256502124E-003
zinit  10  2.58977932726268565E-003 -1.24981267495568246E-002
zinit  11 -2.71323165120711685E-003 -7.95819381011282764E-004
zinit  12  3.47953279740641002E-003 -3.08793448182348744E-003
zinit  13  4.95931574630584671E-004 -3.39543617772156820E-004
zinit  14 -4.06704900735737652E-005  3.09749575305450094E-004
zinit  15  8.70076849375723600E-005  1.57722949216629430E-004
zinit  16  3.31861283744706509E-005  2.48651720371012497E-005
zinit  17 -1.35890307760554812E-005 -7.38108543727881524E-006
zinit  18  7.76809866380550750E-007  7.19218144915699468E-007
zinit  19  6.96218525159491099E-009  1.41678838632600428E-008
zinit  20  4.31966851400397352E-014 -2.44225966212986996E-014
 
basis     1
D -9.09263854503538749E-001  8.77711321463114813E-001
a   1  3.16742998676713294E-001 -6.82914207344703095E-001
a   2 -2.10714743645776997E-001  6.23619559512289423E-001
d   1  5.49892234952281678E-001  5.14117177055139041E-001
d   2 -6.57763028600976685E-001 -2.54922812176197611E-002
s   1 -2.78348458324939543E+002
s   2 -2.77743840648883065E+002
z   1  1.23840221904362516E-001  1.23117812818139258E-001
z   2 -5.27603372011278826E-001 -4.14783323284261596E-001
z   3 -2.69534933181694927E-002 -2.34854518327963169E-001
z   4 -1.09673611601113441E-001 -1.40241640416741392E-001
z   5 -5.41551125327687996E-003  1.73558522519918629E-002
z   6 -4.77121394098497589E-002  1.02755970719726100E-001
z   7 -1.53465656079553280E-002  5.96826158251416612E-003
z   8 -4.99743621959805456E-002 -2.70240679315567993E-002
z   9 -5.63922104848848943E-002  4.21998144348080390E-002
z  10  1.04827751258072838E-001  1.02554856412103934E-001
z  11  9.13098908341415244E-002 -1.28267640221650409E-001
z  12 -9.89586181543759685E-002 -2.81861252782671760E-002
z  13  2.89189946003443818E-002 -3.92615596367440391E-003
z  14 -3.76814658177490394E-002  7.94325117076846894E-003
z  15 -1.79391316346379850E-002 -3.08060299905327205E-002
z  16 -5.63144903124466675E-003 -7.11430791028854707E-003
z  17 -1.20547090112687917E-002 -1.39623327361654021E-002
z  18 -2.81138701404171814E-003 -9.01141750522459336E-004
z  19  3.41627138051099535E-003 -8.60660908432983422E-003
z  20 -4.12668362864273674E-003  5.16503769782328172E-003
 
basis     2
D -6.27465844235575720E-001 -1.68935438886707323E+000
a   1 -4.77388653526473583E-001  6.70752694465063803E-001
a   2  3.77502466547289695E-001 -4.23890061339811830E-001
d   1 -4.06757072314803236E-001 -7.15791720942518750E-001
d   2  5.15624170682016492E-001  2.37323852489461529E-001
s   1 -2.78466441546039732E+002
s   2 -2.77734728487040570E+002
z   1  1.29680502863076197E-001  1.37939736067582197E-001
z   2 -5.27143271457672591E-001 -4.35692513081734289E-001
z   3 -6.24454100483705296E-002 -2.62570196330466687E-001
z   4 -1.04613596383439589E-001 -1.34026813905785747E-001
z   5  2.60911567157869791E-002  3.47995762055447050E-002
z   6 -7.35836381741352113E-003  8.45108859076663804E-002
z   7 -3.98360329677636474E-002 -4.09123030449950603E-002
z   8 -7.43084666860440168E-002  2.24719865731723943E-002
z   9  6.61401997838925726E-002  6.75700090015291521E-002
z  10  1.43237092688563938E-001 -1.42156076855787766E-001
z  11 -1.96432297788802418E-001 -1.97700759473831950E-001
z  12 -1.14882874032106938E-001  1.66502018139683183E-001
z  13  1.83848748795757896E-002 -6.73791158282872338E-002
z  14 -1.37513904338549316E-002  7.36364111265696564E-002
z  15 -6.99590680395748149E-002 -1.30745833245656442E-002
z  16 -2.33431250127529265E-002 -3.55842864306951598E-002
z  17 -4.13697785949475663E-002 -1.50672118272325017E-002
z  18  2.50529902622602871E-002  1.11115320735593413E-002
z  19 -3.20132219165252668E-002 -6.56920956946848312E-003
z  20 -3.34456802671346132E-003  1.51214120843634666E-002
 
basis     3
D -1.88057939918639172E+000  5.99531285406426293E-002
a   1  5.50340484192376911E-001 -5.79475393743404954E-001
a   2 -5.76733399377434508E-001  1.69446763165407743E-001
d   1  2.38273142092154666E-001  7.62818648338322802E-001
d   2 -2.57152886298846695E-001 -5.43328641406706669E-001
s   1 -2.78539373345172180E+002
s   2 -2.77874659358457279E+002
z   1  1.24515405982132385E-001  1.21495954037779935E-001
z   2 -5.16645147157136164E-001 -4.40977914418357597E-001
z   3 -5.59921569557549487E-002 -2.76538984146483202E-001
z   4 -1.27149887321608673E-001 -1.32353225975757299E-001
z   5  2.88521966923485293E-002  2.71532028941327518E-002
z   6  1.12184678747816115E-003  3.93199580472378268E-002
z   7 -5.22220090165128464E-002 -6.91866448876233414E-002
z   8 -6.27018222601835873E-002  2.00142820929085294E-002
z   9  1.19922197763394911E-001 -3.01183300534257140E-002
z  10  4.14841739381682523E-003 -3.09576987652217528E-001
z  11 -4.40177379220324350E-001 -7.56761679103000046E-002
z  12 -3.95536245762407729E-002  3.10456888325709168E-001
z  13  7.87251195714866112E-003 -7.51690140861497602E-002
z  14 -7.85456462167868235E-004  1.01610658523236183E-001
z  15 -7.05598436740715595E-002  1.38070402452632381E-002
z  16 -3.15238044976841325E-002 -1.74649688316283504E-002
z  17 -5.03379794625626945E-002 -9.05913636170296507E-003
z  18  1.09201259456462880E-002  1.21339643347270505E-002
z  19 -3.58835652150145054E-002  5.50820967822746466E-004
z  20  4.59490842382916098E-003  1.19745402986024610E-002
 
basis     4
D  9.53373451004792649E-001 -6.76221943182695462E-001
a   1  4.87476949698073647E-001 -7.12579742979826736E-001
a   2 -4.28315511261238346E-001  2.66724869895471173E-001
d   1  4.07231160862898123E-001  7.61292616681910617E-001
d   2 -3.20109226296774296E-001 -3.90033866026288201E-001
s   1 -2.78510577814240946E+002
s   2 -2.77900666066718657E+002
z   1  1.19152014841389819E-001  1.22807054629168355E-001
z   2 -5.17176788575162583E-001 -4.28005613005686070E-001
z   3 -6.03134855713770845E-002 -2.48605172959780352E-001
z   4 -1.15400874878384449E-001 -1.35792057038239100E-001
z   5  1.78486461100169080E-002  2.12307808904350047E-002
z   6  4.47368775167939631E-003  7.53017709424863291E-002
z   7 -3.40296438895132669E-002 -5.45042607654645933E-002
z   8 -6.47213172695834671E-002  1.44318092736295759E-002
z   9  1.07473274521754120E-001  2.95204826163614521E-002
z  10  1.43696584950972761E-001 -2.64883816696103447E-001
z  11 -3.51323139264336282E-001 -2.59036292469598250E-001
z  12 -1.64947242224512680E-001  2.72407060808039447E-001
z  13  3.51616491045793483E-002 -5.94899279101722064E-002
z  14 -3.98488212706514452E-002  8.99128173521710761E-002
z  15 -8.85354122548216993E-002 -6.42070720966580154E-003
z  16 -3.73357797601567495E-002 -4.13134175334980841E-002
z  17 -5.40275178966798941E-002 -1.19854924602780591E-002
z  18  2.21408547267177465E-002  1.10640058344190495E-002
z  19 -4.43855277637095758E-002  3.61707431682078192E-003
z  20  2.57242173940069397E-003  9.23684818614251696E-003
 
basis     5
D -1.69979081972196910E-001 -6.03420138325288180E-001
a   1  4.65320561373255503E-001 -7.31991383518755034E-001
a   2 -4.03715306494241144E-001  2.90997149332626881E-001
d   1  4.43684308290598295E-001  7.45304531690983318E-001
d   2 -3.39130044680951648E-001 -3.64219991779899388E-001
s   1 -2.78498534706656699E+002
s   2 -2.77905756971804465E+002
z   1  1.22055517119409498E-001  1.24128899668824094E-001
z   2 -5.27597189049453852E-001 -4.28055528427352450E-001
z   3 -4.98968807824997779E-002 -2.51421138831098956E-001
z   4 -1.13303248103997584E-001 -1.30044691102711302E-001
z   5  2.46570771759704217E-002  4.00735486543508032E-002
z   6 -1.39557549035508686E-002  7.63851964289595647E-002
z   7 -2.28076502705017933E-002 -4.45966754510432398E-002
z   8 -6.97735743959625454E-002  1.05060525322486983E-002
z   9  1.19025221069417486E-001  4.57295234076682544E-002
z  10  1.71636173152107302E-001 -2.48986521584813242E-001
z  11 -3.24517234253490661E-001 -2.94977560995638877E-001
z  12 -1.99769544992906112E-001  2.59240397973761638E-001
z  13  3.01556908215695960E-002 -6.42588925003930167E-002
z  14 -3.55049583257099205E-002  9.65714158085986402E-002
z  15 -8.70219187488044665E-002 -1.22523591254013828E-002
z  16 -4.41551375972636870E-002 -4.62273653884356719E-002
z  17 -5.65744956613667069E-002 -1.87708687632308462E-002
z  18  1.60195270761906462E-002  2.62304748778854034E-002
z  19 -4.12466444658985895E-002 -7.13160484588817086E-003
z  20  9.15326391193612560E-003  2.26052923536953151E-002
 
basis     6
D  5.45465820298288828E-001  1.04540361802224008E-001
a   1 -6.60909756230481094E-001 -4.22881952853488396E-001
a   2  4.74815553931777157E-001 -3.98646883613336722E-001
d   1  6.66284805924716172E-001 -4.14361447680255623E-001
d   2  4.46457203854993379E-001  4.30168703180678291E-001
s   1 -2.78476174804454502E+002
s   2 -2.77925387973473107E+002
z   1  1.09799978128960030E-001  1.35882763667700329E-001
z   2 -5.38479730046256710E-001 -3.98096022925440052E-001
z   3 -7.06570310061059026E-002 -1.97001668802177898E-001
z   4 -9.69379931413083817E-002 -8.93318289294728202E-002
z   5  4.39838124294264221E-002  5.84601361064945105E-002
z   6 -2.47107631348133863E-002  1.19630111630517011E-001
z   7 -2.30657834377858868E-002  6.73897032521694472E-002
z   8 -6.68532169309490540E-003  7.76750614660632610E-002
z   9 -1.34818961504118238E-002  8.69710107864198473E-002
z  10  1.37521972157745698E-001  2.59248358943763413E-001
z  11  4.50480342727893557E-001 -8.16800322461164012E-003
z  12  7.07806221166370486E-002 -3.87162963770693258E-001
z  13 -9.13515480831570553E-002 -1.90421976451744038E-002
z  14 -2.50951964382046776E-002 -1.11321022374453488E-001
z  15  3.11413622473533276E-002 -1.97186693075146122E-002
z  16 -4.52484574991121428E-003  1.05166862800693522E-002
z  17  2.05958300063975620E-002 -2.95158287971536686E-003
z  18 -3.77576565619097484E-002 -2.02988155436591607E-002
z  19  8.17934294293750155E-003 -1.51809641554669040E-003
z  20 -2.16810290725483780E-002 -1.24350530537386105E-002
 
basis     7
D  1.02308702664035889E+000 -2.71664208045578448E-001
a   1 -2.02592299782869689E-001  7.94637885839751035E-001
a   2 -2.65268763715455977E-002 -5.71667136790930730E-001
d   1 -6.62879889240295617E-001 -4.82786973709890765E-001
d   2  5.65842684993121847E-001 -8.56098492963667940E-002
s   1 -2.78410797788379227E+002
s   2 -2.77927161856482883E+002
z   1  1.02246370205003850E-001  1.26013198988473907E-001
z   2 -5.35930977140543718E-001 -3.94948217174147798E-001
z   3 -3.43310822299616805E-002 -2.34008036769027761E-001
z   4 -9.63771311397203928E-002 -1.41624547770219988E-001
z   5 -4.87624376714615474E-006  2.43104187237456089E-002
z   6 -4.51601556056866610E-002  1.22941546932733042E-001
z   7  2.26783229809645638E-002  5.44371357811935033E-003
z   8 -5.59651886776039581E-002 -2.80772466552801636E-002
z   9 -6.32830896925454800E-002  1.33790457674240026E-001
z  10  2.82311911213947497E-001  1.41805457550020164E-001
z  11  1.68246761964290031E-001 -3.31707059598558784E-001
z  12 -2.44279755987155650E-001 -7.44714062448018771E-002
z  13  6.00218038209847926E-002  1.67600860776923703E-002
z  14 -7.74474679747579886E-002 -3.87256324619507765E-003
z  15 -3.25762395308520913E-002 -4.05790716175290223E-002
z  16 -9.49090483558367136E-003 -2.84359403159945082E-002
z  17 -1.11934899970302943E-002 -2.35805273904617363E-002
z  18 -5.89896039698371410E-003  1.64311211080316530E-002
z  19 -1.76047303714903861E-002 -2.02794732078790708E-002
z  20 -9.29505641951539931E-003  6.27537739763358877E-003
 
basis     8
D  3.57977974457610315E-001  6.46048039177441580E-001
a   1  1.28996673088304870E-001  5.78072279673822575E-001
a   2 -4.40912445468017666E-001 -6.74380095521986078E-001
d   1 -5.80573731238976487E-001 -1.17225614907296813E-001
d   2  6.17492486897204929E-001 -5.17586057028525337E-001
s   1 -2.78449737161946587E+002
s   2 -2.77912387417121693E+002
z   1  1.23534465976626470E-001  1.27428610561890421E-001
z   2 -5.24744678153228339E-001 -4.12790303758897636E-001
z   3 -5.69729068427838811E-002 -2.27639759787787166E-001
z   4 -1.03642290247262125E-001 -1.15964205362499545E-001
z   5  2.27594049179480062E-002  2.65403147488206537E-002
z   6 -5.68405002498944614E-002  8.17460628342071144E-002
z   7 -6.78309606276108340E-002  4.39688113328979488E-002
z   8 -1.87490122971408386E-002  1.48206627351876799E-002
z   9 -1.16853005970737348E-001 -2.00281235032928814E-002
z  10 -1.29037092186475716E-001  2.81884821513756489E-001
z  11  3.36668913606534559E-001  2.37435944912384345E-001
z  12  1.35236619662780638E-001 -2.62257131588409353E-001
z  13 -3.90886502986279236E-002  7.05812157626223430E-002
z  14  2.04223759661385264E-002 -1.03467723302531164E-001
z  15  8.44427904368161841E-002  2.92839095979844808E-003
z  16  2.33654746454111731E-002  4.17875806983571130E-002
z  17  4.28551849093066831E-002  2.21768070413790258E-003
z  18 -1.94295810373884825E-002 -2.14998820630686906E-002
z  19  2.90424244087721974E-002 -1.70335814130291065E-003
z  20 -1.48985081705375402E-002 -1.12317554000558924E-002
 
basis     9
D -9.69457242154059040E-001  1.54428590113869912E+000
a   1 -3.84009836753267275E-001  6.57056954062956056E-001
a   2  3.18056107082406614E-001 -5.65378560914533868E-001
d   1 -4.99287466407247971E-001 -5.74368715629944293E-001
d   2  6.37164605617554392E-001  1.21794374839033492E-001
s   1 -2.78357265637037358E+002
s   2 -2.77707391368987885E+002
z   1  1.13515319733784897E-001  1.24401149015728532E-001
z   2 -5.29606206527200696E-001 -4.21927600644040612E-001
z   3 -4.29075760586749705E-002 -2.47241180071484545E-001
z   4 -1.12145780555807664E-001 -1.41045894204076427E-001
z   5  4.29752354541724536E-003  2.47293476217209512E-002
z   6 -2.36367110013545809E-002  9.84496103828818164E-002
z   7 -2.27328236833887858E-002 -1.34901921541237292E-002
z   8 -5.44850389792825088E-002  8.89401410189677617E-003
z   9 -2.25675818689905321E-002  5.20770016603051972E-002
z  10  9.84747831525776135E-002  2.81279448885547352E-002
z  11  3.30448938973564596E-004 -9.04554427335103606E-002
z  12 -6.92547004127705979E-002  1.93087711102834757E-002
z  13  2.60409667342885558E-002 -1.81552213265490960E-002
z  14 -1.35263119195644741E-002  1.33695739607390587E-002
z  15 -1.73046930308109088E-002 -7.70888221906057720E-003
z  16 -9.94434485865314938E-003 -2.25497437290306212E-002
z  17 -1.43962362741691368E-002 -1.77115445464457316E-002
z  18  2.07867564869724988E-003  1.61409742135421789E-003
z  19 -1.97217439327076124E-002 -1.18246900530794025E-002
z  20  6.38150968297071172E-003  5.41557266791072456E-003
 
basis    10
D -2.34390632624893624E-001  9.70957982112511053E-001
a   1 -4.93521743679848246E-001 -3.19872774990394126E-001
a   2  7.98877619370400027E-001  1.26143749762752583E-001
d   1  4.93725867620928627E-001 -3.19557618132965737E-001
d   2 -5.69816604651265449E-002  8.06765633071812704E-001
s   1 -2.78452246977872676E+002
s   2 -2.77944854301550947E+002
z   1  1.14596654139878629E-001  1.35017720365179061E-001
z   2 -5.37506796764274153E-001 -4.10673790943500927E-001
z   3 -6.70256071027118955E-002 -2.29759329474400253E-001
z   4 -1.12261005083455143E-001 -1.10347518510983733E-001
z   5  2.27947975496912633E-002  2.63802120510230019E-002
z   6 -5.66568022892426984E-002  8.62682277943234294E-002
z   7 -6.40806951889259929E-002  3.68647491711566674E-002
z   8 -2.41203321924853172E-002  2.55419295085865597E-002
z   9 -1.20637208940811425E-001 -8.47195526408255073E-003
z  10 -1.23270767405724679E-001  3.01919622778089369E-001
z  11  3.62511702556888249E-001  2.53649577466362020E-001
z  12  1.63073395465835852E-001 -2.78378380328463571E-001
z  13 -3.52898702839037209E-002  6.36735725327908647E-002
z  14  3.41471969741665646E-002 -1.05053015934630359E-001
z  15  7.37319202366371329E-002  5.57788060404439817E-003
z  16  2.99885065478853498E-002  4.59194815998612491E-002
z  17  4.73339018387433988E-002  1.23976695572465649E-002
z  18 -2.41970663107451862E-002 -2.20576839209299103E-002
z  19  5.25006034130675314E-002  1.41494698892185421E-002
z  20 -7.15041874771072013E-003 -7.63407240805756820E-003
