ndof   20
nconf    2
nbasisfns   10
initial_PES    1
time  1.00000000000000000E+001
 
zinit   1 -7.54005165132216493E-001  9.92328645764392281E-001
zinit   2 -1.23721568753970099E-001 -5.77141584182988221E-001
zinit   3  4.17861805274470532E-001 -7.29118161927331365E-001
zinit   4  3.24633308807855125E-002 -7.36123810667197453E-002
zinit   5  8.84757986761469106E-002  9.02432827273175475E-002
zinit   6  1.77549563850407072E-001  3.35561861033165723E-002
zinit   7  2.70831174398849760E-002  8.31059739800406178E-002
zinit   8  3.49822234342690511E-002  3.35768669848315257E-002
zinit   9 -1.42868025542360992E-002 -1.74506834184781912E-002
zinit  10  1.50114079533893909E-002  8.40362124424216296E-003
zinit  11  7.07715483075796199E-003 -4.79917246956586361E-003
zinit  12  6.40842585817902191E-004  1.03477315123819418E-003
zinit  13 -4.71810023039273964E-004 -1.41182350734656665E-003
zinit  14  3.68925515066879646E-004 -1.08227809820117912E-004
zinit  15  4.78917850142815854E-005 -1.24465659896694236E-004
zinit  16  1.39881462776108048E-005 -9.41786678411783739E-006
zinit  17 -1.29962497955105729E-006 -7.43524290887732940E-006
zinit  18  7.93572343010068185E-008 -8.77326120480140668E-007
zinit  19 -1.37898049511456861E-008 -1.41363277560649902E-008
zinit  20 -4.42534169943423362E-015  9.23854091097609652E-015
 
basis     1
D -7.25141638749803752E-001  1.16260219256340183E-001
a   1  3.42350275733645182E-001 -1.17479070788406872E-001
a   2 -8.34714929394180682E-001 -4.15025232098279573E-001
d   1  2.49907040206767461E-001  2.61823441699370218E-001
d   2  8.98408212365259584E-001 -2.48711963094704225E-001
s   1 -2.77599397447575427E+002
s   2 -2.78870263737264793E+002
z   1  7.40609603033969721E-001  1.01420722563796661E+000
z   2 -1.79331230321574414E-001  5.44442770835202761E-001
z   3  2.84507467568225814E-001  7.52670689353672429E-001
z   4  5.29241843105494603E-002 -4.33787500303167289E-002
z   5  1.29042616337450844E-001 -8.04352238242895048E-003
z   6 -1.31098822798820958E-001 -1.67057796649418000E-001
z   7 -1.40205229192204045E-001 -4.49640150875337333E-002
z   8  9.29405952255775610E-003  2.55010065567679058E-002
z   9 -1.95343233151812901E-002 -6.62798859190465578E-002
z  10 -2.92078085855377534E-001 -9.79010560945278163E-002
z  11 -2.95901452055298331E-001  3.62388727530708055E-001
z  12  2.79442672433707961E-001  2.89027605023068623E-001
z  13  5.38588300618938198E-002 -6.51965740823904905E-002
z  14  1.00462642480966355E-001  5.32852922917768229E-002
z  15  9.81953285315267932E-003  3.73213277426669710E-002
z  16  2.00213269485961104E-002  9.54221636794758089E-004
z  17  8.51008025498834093E-003  1.56620211461281182E-002
z  18  4.48649481990445326E-002 -1.49332174416153115E-003
z  19  1.20613572432139802E-002  1.24827110836035048E-002
z  20  3.07346039043304813E-002  3.11225415528595343E-003
 
basis     2
D  6.20562918013385298E-002  4.56709923213507729E-001
a   1  4.11075076173465837E-001 -6.74628162275568766E-001
a   2 -3.91068287086323574E-001  4.72186106581966303E-001
d   1  7.83200538696063764E-001 -1.03454297989630573E-001
d   2  2.40982449054769274E-002 -6.12628271471487795E-001
s   1 -2.77352362665120836E+002
s   2 -2.78949355910679401E+002
z   1  7.17258182393897936E-001  1.00865912991647511E+000
z   2 -2.10862686105220271E-001  5.67881300624041851E-001
z   3  2.87364617427499636E-001  7.99589400770987169E-001
z   4  6.44244084508586029E-002 -1.07575385652204959E-002
z   5  1.41944900394807616E-001  2.45725022322543056E-002
z   6 -8.66484880116964312E-002 -1.18563272100466785E-001
z   7 -5.30518655717565624E-002 -4.69601166940336601E-002
z   8  9.71943893528752316E-003  4.03705705093402104E-003
z   9  4.86433122819884337E-002  9.40304278225232437E-002
z  10  1.67594575822066133E-001 -1.31734175005059739E-001
z  11 -1.88699438127620828E-001 -2.55701465681437701E-001
z  12 -1.39599513578714335E-001  1.61657827834656709E-001
z  13  4.32609564707720148E-002 -5.24301527056174957E-002
z  14 -2.93539976388660397E-002  6.79581122382618696E-002
z  15 -6.19073813098832901E-002 -2.15256758911868684E-002
z  16 -2.77367659231619046E-002 -3.69334167459697132E-002
z  17 -2.85271738275932711E-002 -1.50632363537588892E-002
z  18  1.94507011973736633E-002  1.36695085724087752E-002
z  19 -3.35871606401305228E-002 -1.33837769016140924E-002
z  20  1.00445705223345897E-002  2.20474676819494043E-002
 
basis     3
D  7.70025530855898754E-001  9.91473327367905943E-001
a   1  3.48951957202324858E-001 -6.80721796282968139E-001
a   2 -2.91847785475553068E-001  5.74173525811632612E-001
d   1  7.37624189372737327E-001 -2.02633135548596632E-001
d   2 -1.12712707742303894E-001 -6.34149992622679126E-001
s   1 -2.77289159795524995E+002
s   2 -2.78955585714984352E+002
z   1  7.11519464640090860E-001  9.95739827616190176E-001
z   2 -2.05182215771124749E-001  5.58540124777354485E-001
z   3  2.90119558872124261E-001  8.03363284522864651E-001
z   4  7.15240240688114620E-002 -4.52647242677700189E-003
z   5  1.33122934207315358E-001  1.29550836575938900E-002
z   6 -9.29724197617136233E-002 -1.07492493643002909E-001
z   7 -4.29290954190643323E-002 -1.95914050800986769E-002
z   8  1.49268579849085748E-002 -6.54793635761696411E-004
z   9 -2.46067094676636700E-003  9.75953644558315431E-002
z  10  1.81956036705841373E-001 -9.99319433047087848E-003
z  11 -4.00937115640307984E-002 -2.44355014741975851E-001
z  12 -1.59569224982049451E-001  6.95212331775565129E-002
z  13  4.00303334392860741E-002 -2.95658475940508148E-002
z  14 -2.97717805852887492E-002  4.69135679805875380E-002
z  15 -4.00693451073332318E-002 -1.42077803731574734E-002
z  16 -1.47079649788952726E-002 -3.89001782092586318E-002
z  17 -3.14995771708897129E-002 -1.62328654858744648E-002
z  18  1.27557693908129169E-002  2.05165876788084220E-002
z  19 -3.47323609726451973E-002 -5.15709882197082619E-003
z  20  5.90290834465144985E-003  1.00658221654891192E-002
 
basis     4
D -3.39517981747924524E-001 -1.73178586006846269E-001
a   1  2.17842923497226643E-001  4.96460624126198735E-001
a   2 -5.65763169786381970E-001 -6.21275579020759805E-001
d   1 -3.02666510684049317E-001  4.49801816287946465E-001
d   2  8.25315911383196266E-001  1.57876394030389805E-001
s   1 -2.77465945559992235E+002
s   2 -2.78958625304524389E+002
z   1  7.26035486682805598E-001  1.00860704067406481E+000
z   2 -2.00226986031533438E-001  5.58501282905986551E-001
z   3  2.74474491137826015E-001  7.96408975566823552E-001
z   4  6.42665624589783269E-002 -3.48531076846452783E-003
z   5  1.40421162382109915E-001 -1.34682221738925841E-003
z   6 -1.53357049383905597E-001 -1.23367834776310067E-001
z   7 -1.06624470413807765E-001  2.94586076682729070E-002
z   8  5.44817616600700508E-002  3.42646507971852768E-002
z   9 -9.64793130037799040E-002 -1.03859662251888484E-002
z  10 -1.58618236370390547E-001  2.70555129227046665E-001
z  11  3.34075064600648841E-001  2.49147832581916640E-001
z  12  1.75090670688879235E-001 -2.58746976328483647E-001
z  13 -5.43290317807475706E-002  6.86529983049292553E-002
z  14  3.68058361119924862E-002 -8.60212117134639132E-002
z  15  8.04758162795448651E-002  1.88393063772005660E-002
z  16  3.74941629813308822E-002  4.27988641592312452E-002
z  17  4.62660786815871569E-002  2.32277959916277615E-002
z  18 -1.27188748709630012E-002 -1.28773465207984768E-002
z  19  4.27312478594639722E-002 -1.92637826956753807E-003
z  20 -1.73061588376118730E-003 -1.21884157366341350E-002
 
basis     5
D  3.72076497133561945E-001 -3.27559194016707578E-001
a   1 -3.45168771916268546E-001 -6.94245542973420671E-001
a   2  5.95948434095293633E-001  2.09110279170213964E-001
d   1  4.67079676680211830E-001 -6.18833524202554330E-001
d   2 -5.90559294297243298E-001  2.23878013378757984E-001
s   1 -2.77568096641249213E+002
s   2 -2.78901925912424929E+002
z   1  7.23243000806565672E-001  1.01646148914333034E+000
z   2 -1.90142325345244667E-001  5.82992422507327857E-001
z   3  3.13520688648870005E-001  8.23150698862620711E-001
z   4  9.47378969223342110E-002 -1.26219364562377666E-002
z   5  1.12528527165803999E-001 -1.29365432670818254E-002
z   6 -1.46628085360659050E-001 -6.04158290428917430E-002
z   7 -5.38016617229253313E-002  7.98240483680384694E-002
z   8  7.12106057222794964E-002  4.57246245962159015E-002
z   9 -6.42167290684237113E-002  1.20727233101712267E-001
z  10  1.71713865073414823E-001  2.91350245546101561E-001
z  11  4.43960581288453893E-001 -1.42926473577978441E-001
z  12 -8.75907878794997957E-002 -3.67768723303926015E-001
z  13 -5.82790668449871818E-002  4.78678502320997665E-002
z  14 -3.65229851642748377E-002 -9.42403333064211896E-002
z  15  3.63654564309745937E-002 -2.26670066967927207E-002
z  16  1.66966952262519661E-002  2.03659255240265791E-002
z  17  1.86704017671680371E-002 -7.41713196815714168E-003
z  18 -3.45259098876991855E-002 -1.19180511039666572E-002
z  19  1.34057686536564712E-002 -6.51206860002373402E-003
z  20 -1.79461789792885323E-002 -1.64600893754386669E-002
 
basis     6
D -1.62628136211507762E-001 -2.52651864631323497E-001
a   1 -4.62379830181429696E-001  6.50971061740583057E-001
a   2  5.69165177470061123E-001 -1.96195234838086818E-001
d   1 -7.92655990973321622E-001 -9.62024456880967299E-002
d   2 -3.11388402799234909E-001  5.15246379919199082E-001
s   1 -2.77534126051095313E+002
s   2 -2.78906512387155203E+002
z   1  7.25012310440796948E-001  1.00154447268286728E+000
z   2 -1.85518986362799954E-001  5.37795088463863702E-001
z   3  2.95068501879014733E-001  7.62302466476843743E-001
z   4  6.75522246032226464E-002 -3.57110723326255416E-002
z   5  1.28093606115079695E-001  2.89318762361926839E-003
z   6 -8.31346491657539433E-002 -1.38086088402266105E-001
z   7 -6.48564228721237868E-002 -6.79284695184300957E-002
z   8  1.97293606832756492E-002 -2.57803503211699939E-003
z   9  8.85951482225675602E-002  1.14131698557640507E-003
z  10  4.52358944544151778E-002 -2.96670602162972197E-001
z  11 -4.17307269934931058E-001 -2.02948888576534370E-001
z  12 -1.41297252393598860E-001  3.31798744223702924E-001
z  13  4.86642088952953730E-002 -6.55044592667768516E-002
z  14 -2.03183869855705912E-002  1.04639559276513416E-001
z  15 -6.94947638939815843E-002  4.27426885396274200E-003
z  16 -3.60189045085869824E-002 -3.26198572397485564E-002
z  17 -4.44225214999520723E-002 -1.38561429551776853E-002
z  18  2.14331632390048731E-002  2.46259521444672849E-002
z  19 -3.66633362306521063E-002  2.73443674019167773E-003
z  20  1.85788412772492639E-002  9.54716021985022902E-003
 
basis     7
D  4.78349670986852771E-001 -1.51989898339950136E-001
a   1 -4.54947911813468775E-001  6.51177729638362401E-001
a   2  4.80870240429031204E-001 -3.71151955173752546E-001
d   1 -7.94339783356742712E-001 -5.86059870413841236E-003
d   2 -1.40246509771514427E-001  5.91033737155910566E-001
s   1 -2.77428505635014517E+002
s   2 -2.78921260026743653E+002
z   1  7.24080026400364174E-001  1.00647936764117341E+000
z   2 -1.96331427272138842E-001  5.53410279886625611E-001
z   3  2.82964480442914001E-001  7.93539876843133429E-001
z   4  5.82884573488530178E-002 -1.63070501942362001E-002
z   5  1.43729778173926348E-001  1.79941954042923298E-002
z   6 -8.15734987911489184E-002 -1.35887254587514883E-001
z   7 -6.55467135547972007E-002 -6.47542192740872130E-002
z   8  1.34385066104509183E-002  1.53347168340461863E-002
z   9  8.79130959031977494E-002  5.75084629441877104E-002
z  10  1.14593964713138499E-001 -2.10822195000364226E-001
z  11 -2.85192927473413349E-001 -1.92406132130230223E-001
z  12 -1.10140626925794793E-001  2.15441099340662023E-001
z  13  3.09487315196382562E-002 -6.73369982357729518E-002
z  14 -1.29420835349747399E-002  7.76545546260330039E-002
z  15 -6.02145085525958024E-002 -7.05047287736814288E-003
z  16 -2.90034649063402976E-002 -4.18124758932433560E-002
z  17 -4.23824605163599655E-002 -2.02588012426280599E-002
z  18  1.23196705036753250E-002  1.18443351859665348E-002
z  19 -4.10439069337713985E-002 -1.39226384858681992E-002
z  20  1.93223256859370272E-002  1.17983720838296131E-002
 
basis     8
D -1.32724303990797288E+000 -7.46564783578007818E-001
a   1  2.09293421816071273E-001 -8.07239790227616605E-001
a   2 -5.69657028449530589E-002  5.48921755223050312E-001
d   1  7.77942872922809170E-001 -3.00407559510097011E-001
d   2 -2.66403608323636243E-001 -4.83310771791732763E-001
s   1 -2.77408749758424449E+002
s   2 -2.78994570526834082E+002
z   1  7.11262113445543465E-001  1.00587012613976090E+000
z   2 -2.06051237130328690E-001  5.73699139428336724E-001
z   3  3.06474189253801654E-001  8.10063622171888653E-001
z   4  7.83486967066150813E-002 -1.97342851210458720E-002
z   5  1.08128200241954964E-001  5.85024049940003048E-003
z   6 -1.15357492687198096E-001 -6.27813020923398551E-002
z   7 -1.74925380406467726E-002  6.50881079703002300E-003
z   8  3.52693094817819117E-002 -1.83542451164798413E-002
z   9 -2.84745280650318816E-002  1.38723672480197596E-001
z  10  3.01071219515991362E-001  6.10294547735001219E-002
z  11  8.58512271603432270E-002 -4.21486948719595522E-001
z  12 -2.88477476819262391E-001 -1.83728814028805039E-002
z  13  6.36251540813929928E-002  7.46525506112829564E-003
z  14 -7.65664022995431737E-002  2.30743527238372152E-002
z  15 -3.91755337827328146E-002 -5.03537256916880283E-002
z  16 -1.14933906103898602E-003 -3.92501482285933720E-002
z  17 -1.80391529001834201E-002 -3.33246290736981254E-002
z  18 -4.04388415669688309E-003  1.64915104522248349E-002
z  19 -1.59569139664574103E-002 -1.42287560997504878E-002
z  20  4.04566439159932765E-003  1.63275152789174897E-003
 
basis     9
D  4.97867585181945155E-002  1.03621623756655268E+000
a   1 -4.87960833551703721E-001  5.55453831128184028E-001
a   2  6.67771891874268997E-001 -8.62900158024180741E-002
d   1 -7.16496904037407290E-001 -1.82392215020984350E-001
d   2 -4.55338954796410844E-001  4.96015829031124844E-001
s   1 -2.77559413222600710E+002
s   2 -2.78902125919454022E+002
z   1  7.26999472907100208E-001  1.00415746661039962E+000
z   2 -1.87310817861442991E-001  5.55139020375219339E-001
z   3  2.99935862303109535E-001  7.63730090255232974E-001
z   4  4.66148307200468237E-002 -5.12417824303095515E-002
z   5  1.39717384027664288E-001 -9.58201918762916979E-003
z   6 -9.19991311491890201E-002 -1.71303178696302461E-001
z   7 -8.52076706168641840E-002 -7.17141569924860250E-002
z   8  2.20240556012372968E-002  5.27369233799195958E-005
z   9  7.47112860267568901E-002 -5.05809826822176609E-002
z  10 -5.77986199091551286E-002 -3.10959730855751570E-001
z  11 -4.63568060800114201E-001 -6.30776121835669862E-002
z  12 -5.92668694682921965E-002  3.61575953562436714E-001
z  13  5.65629823362285983E-002 -5.09765026328949100E-002
z  14 -3.45030368586378856E-003  1.08646193769954755E-001
z  15 -5.11705699440650405E-002  7.58256002331847510E-003
z  16 -2.00347406216401618E-002 -1.87716511902523385E-002
z  17 -3.93152417026074938E-002 -2.23440061801986238E-003
z  18  3.29083219667894999E-002  1.63082895496673499E-002
z  19 -2.90897758536520917E-002  3.25898111381564722E-003
z  20  1.77837179698900928E-002  1.43713322420778635E-002
 
basis    10
D -1.92381708146402292E-001 -6.45711762541976708E-002
a   1  3.38773424410933999E-001  6.52179487944303804E-001
a   2  3.77552810024869401E-001  5.63336806945815560E-001
d   1 -3.49748718242010870E-001  6.46360078957910034E-001
d   2 -6.72739311952667118E-001  8.55353761377952021E-002
s   1 -2.77435226767454196E+002
s   2 -2.78494933761933339E+002
z   1  7.36320555298325186E-001  1.01611505348825459E+000
z   2 -1.61992112548094092E-001  5.58017928501356453E-001
z   3  3.16968939930769134E-001  7.50601060903878126E-001
z   4  6.89202603344189757E-002 -6.07216719918996298E-002
z   5  1.03054294306473074E-001 -2.95065546827391369E-002
z   6 -1.40793966463026998E-001 -1.26742893638915194E-001
z   7 -7.97376002502428322E-002  2.29020453372187106E-002
z   8  4.26947535079384363E-002  1.30763754219268488E-002
z   9 -1.01768661505461430E-002  5.66261994568252776E-003
z  10 -5.25738202477575058E-003 -5.81556725391286534E-003
z  11 -3.65434620371047694E-002 -4.82916708194160577E-002
z  12 -3.73330335446213843E-002  9.97350990931503666E-003
z  13 -6.36150979734924002E-003  6.35532389287351337E-003
z  14 -5.94640253807679747E-003  8.02636258843562878E-003
z  15 -1.54998792989814674E-002 -4.99120904025281424E-004
z  16 -6.40119983446602804E-006  3.85102693802481799E-003
z  17 -6.61503843067555702E-003 -3.10016053261708089E-003
z  18  1.95089583966237112E-003 -5.14707212499421803E-003
z  19 -8.21233225634279002E-003  3.05818536768998842E-003
z  20 -1.22568002392996426E-002  6.71795849159282331E-003
