ndof   20
nconf    2
nbasisfns   10
initial_PES    1
time  1.00000000000000000E+001
 
zinit   1  1.28860897237562266E+000  5.92884784655101971E-001
zinit   2 -5.22058719221604517E-001 -1.51483252726156176E-001
zinit   3 -1.71411560235999808E-002  1.20645018991177327E-001
zinit   4 -1.24155204908787120E-001  2.87455468799931502E-001
zinit   5  9.72029715525820071E-002 -1.80009707991435133E-002
zinit   6 -6.26380962380528039E-002 -1.27456709928205403E-001
zinit   7 -1.72801500815367021E-002  3.94113450436791614E-003
zinit   8  1.17335600758093871E-002 -6.72327874027258635E-003
zinit   9 -4.17496109565880947E-003  2.83353906503052214E-002
zinit  10 -4.00654353032438553E-003 -4.37278701254815647E-003
zinit  11 -6.56467344171032547E-003  6.82497672622250570E-003
zinit  12  5.16316558823687473E-004 -1.62498654941895058E-003
zinit  13 -5.65361923068830475E-004  2.39618145055930844E-003
zinit  14  1.23347902560626114E-004  5.12420038239154549E-004
zinit  15  3.29735848838965073E-005  3.88019813908691948E-005
zinit  16 -3.47942244632633578E-005  3.12551398987666144E-005
zinit  17 -1.14449283333869667E-005 -4.28866086555813620E-006
zinit  18  3.05288755453555372E-007  3.51688045237964957E-007
zinit  19  8.48611362811067152E-009  3.70322901441944918E-009
zinit  20 -3.92283875566650247E-014 -3.17750969482438494E-014
 
basis     1
D -3.73366083267696325E-001 -1.51213003694470022E-001
a   1 -1.10986850329541878E-001 -3.37399289031703020E-001
a   2  5.72347096939542221E-001  7.39095690313221865E-001
d   1  3.09277940526148376E-001  1.74652559927059248E-001
d   2 -4.41733178381827851E-001  8.23841876776962523E-001
s   1 -2.78862815708867856E+002
s   2 -2.77611257630352895E+002
z   1  9.52301853025070866E-001 -1.05169932975107816E+000
z   2  3.74340843247243205E-001  4.00849942949712601E-001
z   3 -1.06502882604927143E-001 -9.30504406245596938E-002
z   4 -2.95893632136924767E-001  1.42609511120498633E-001
z   5  6.80946665010734864E-002 -7.41923690306022371E-002
z   6 -3.60061496348334231E-002  1.13601473797749625E-001
z   7 -5.97460853665731789E-002 -3.55616906100050031E-003
z   8  1.22435427441094230E-003  3.85093230124555208E-002
z   9 -4.50119067507214893E-002 -7.67270989855415864E-002
z  10 -2.75858079142493107E-001  1.67852823200773382E-001
z  11  1.65270822018036750E-001  4.96303588495064452E-001
z  12  3.81393528101276524E-001 -1.05689862000279300E-001
z  13 -3.63340650698722595E-002 -1.31749818535043355E-002
z  14  9.93701478288056966E-002 -5.38546343728592072E-002
z  15  7.38471967171267646E-002  3.32574917980284074E-002
z  16  3.31745942099885560E-002  2.90709874797436992E-002
z  17  6.36752444067429507E-002  2.27831311905740755E-002
z  18 -4.99807663731830138E-004 -9.84305713175997500E-003
z  19  3.63138674079967402E-002  2.24238650803191934E-002
z  20  1.71808819681539028E-002 -6.46970462653792284E-003
 
basis     2
D  5.32068918285316772E-001 -1.12902572815153590E+000
a   1 -2.91595237013316799E-001  7.91478397746062545E-001
a   2  1.48156723736382195E-001 -5.16317488435319105E-001
d   1 -3.45309744049057898E-001 -7.69562873982562179E-001
d   2  5.29482969149321359E-001 -9.04541266790709064E-002
s   1 -2.78826978317770966E+002
s   2 -2.77582307726748468E+002
z   1  9.36009672473430809E-001 -1.04563693329522422E+000
z   2  3.82267970787811828E-001  4.18516313572433407E-001
z   3 -3.84219027038562935E-002 -8.08219555600204753E-002
z   4 -2.70628605196274519E-001  1.07155039423066353E-001
z   5  2.47521479199434742E-002 -1.04124955938296404E-001
z   6 -2.10760870430884047E-002  1.75345294134245738E-001
z   7  5.63257853443174666E-002 -1.60559508280660318E-002
z   8  9.97155713219415388E-004 -4.21495410794705122E-002
z   9  5.27628676994345014E-002  1.17449497167567959E-001
z  10  3.23224870128445363E-001 -2.77675450079126335E-002
z  11 -2.32456936769669907E-002 -4.12194082442079945E-001
z  12 -2.98504502699842800E-001  6.70661990408076697E-002
z  13  5.53710456399733597E-002 -9.22182535127524967E-003
z  14 -7.18192917526929431E-002  5.26598509855626812E-002
z  15 -5.18816552643785664E-002 -4.03332762472159850E-002
z  16 -1.75715238911579100E-002 -4.64886244956256925E-002
z  17 -2.43650445518268990E-002 -2.64732422929394098E-002
z  18 -4.50427004464661832E-003  1.60971569466368536E-002
z  19 -3.76728900559413493E-002 -7.66073986048517157E-003
z  20 -1.92105257357920835E-003  1.03512067748472818E-002
 
basis     3
D  1.45068573517848215E-001  1.64646255815292714E-001
a   1  5.60318742814995385E-001 -3.25117120069607246E-001
a   2 -7.47968408927098038E-001  1.44516517861830507E-001
d   1 -2.47399092457873476E-001  5.98708547093786625E-001
d   2 -5.69086887829532873E-001 -5.06440400035719884E-001
s   1 -2.78948562021249700E+002
s   2 -2.77378230443146265E+002
z   1  9.54158230982769751E-001 -1.05651868240453850E+000
z   2  4.03193694984578188E-001  3.67664052891544801E-001
z   3 -8.64293120259546493E-002 -1.24015422638794170E-001
z   4 -2.99349087072320663E-001  1.21114290836768015E-001
z   5  6.66317303929424704E-002 -9.07932594828018275E-002
z   6  6.28616271086865656E-004  8.44243218985273741E-002
z   7 -5.08118339592465371E-002 -5.13905939430982506E-002
z   8  1.21737194399338892E-002  4.21275037332319371E-002
z   9  1.24935807804624446E-001 -1.04788443321193636E-001
z  10 -1.86474079751867444E-001 -2.14318009663524156E-001
z  11 -2.60128165794127508E-001  2.23067987788187899E-001
z  12  1.74673639450601492E-001  1.46815356954493409E-001
z  13 -3.58631937427244529E-002 -2.55447462142777866E-002
z  14  4.57535260728085119E-002  2.82165610054239298E-002
z  15 -2.99179146216421114E-003  3.95830172383975012E-002
z  16 -1.03096403556470918E-002  8.77898137023300738E-003
z  17 -1.81086260849944842E-003  1.62325588308489636E-002
z  18  1.71696421448223999E-003  2.51195761875182624E-003
z  19 -4.97865566042179387E-003  1.54944222623278390E-002
z  20  2.76887330051936009E-003  3.12531788454256925E-003
 
basis     4
D -4.30044056301250088E-001  3.18274538523764042E-002
a   1  5.66105164854092680E-001  6.16260022081228209E-001
a   2  1.00891774380994614E-001  5.38116509105772800E-001
d   1 -8.15425873096928600E-001  1.87968396211030342E-001
d   2 -4.13873523038939428E-001  3.58409311314961787E-001
s   1 -2.78547396287993990E+002
s   2 -2.77502585950714376E+002
z   1  9.32417296462058731E-001 -1.06873951017530655E+000
z   2  3.49095741100183488E-001  3.93425118234763393E-001
z   3 -8.67783500548280767E-002 -7.41286590110800114E-002
z   4 -2.82044782061601440E-001  1.51480011972961986E-001
z   5  5.35503100965303014E-002 -6.74822070147370057E-002
z   6 -1.08135347645654679E-002  1.68416997520807854E-001
z   7  8.34744021754427884E-003  8.58846449612959452E-003
z   8  3.16972934301024620E-002  1.23912973075317543E-002
z   9  2.46606931916791561E-002  1.49596203652838933E-002
z  10  6.67763358588820827E-002  7.00784086790716826E-002
z  11  1.66769273976010324E-001 -2.17489304415764868E-002
z  12  2.37911653951967013E-002 -1.74855519170524970E-001
z  13 -5.39574053387868804E-002 -3.76280910815145198E-002
z  14 -1.87004185667539631E-002 -4.00102667963460820E-002
z  15 -9.08129865738476275E-003 -9.09393291047463047E-003
z  16 -1.76181526548173893E-002  1.12500630650107045E-002
z  17 -1.20931588355996066E-002 -2.09922649760783562E-003
z  18 -3.04995510327796468E-002 -1.29553048991976078E-002
z  19 -3.32398546341909195E-003  3.56839821010534802E-003
z  20 -7.46700355409942590E-003 -1.35897797528894623E-002
 
basis     5
D -8.24512363515985114E-001 -6.45674364487142438E-001
a   1  5.61732291001819317E-001 -3.11606463904454678E-001
a   2 -7.53910122563323681E-001  1.37759834477812981E-001
d   1 -2.45298788550357555E-001  5.93692057751253555E-001
d   2 -5.62818560405618951E-001 -5.20186036876949198E-001
s   1 -2.78929225190727777E+002
s   2 -2.77386940172550680E+002
z   1  9.63824737755889283E-001 -1.04111152666976747E+000
z   2  3.95469033353948562E-001  3.71977209732065828E-001
z   3 -8.12739127407623163E-002 -1.19865019496267877E-001
z   4 -2.96701921664074275E-001  1.28759841923438978E-001
z   5  7.82563957967561258E-002 -7.15104157825331016E-002
z   6  6.75514453895125204E-005  9.98621837576070676E-002
z   7 -6.19066662679065779E-002 -5.11575029192593844E-002
z   8  9.31194975330059717E-003  3.92128912669318028E-002
z   9  1.21616308614122551E-001 -1.12168124828907395E-001
z  10 -1.84413314371070947E-001 -2.09606520326970525E-001
z  11 -2.57821641736640017E-001  2.33972037307991015E-001
z  12  1.80432786777193627E-001  1.37643625454894308E-001
z  13 -4.51043328804046628E-002 -2.76167800906766472E-002
z  14  6.12267256432868986E-002  2.89877983360831218E-002
z  15 -2.75664899557072438E-003  4.26575175420268599E-002
z  16 -1.15094266785436411E-002  7.12338329605653481E-003
z  17 -1.00518245320299782E-002  1.67619099557913993E-002
z  18  1.78948976061092772E-002 -2.59712773941140783E-003
z  19 -6.24122293285864563E-003  1.53610605026517980E-002
z  20  1.57805939684036865E-004 -9.84041181306704801E-003
 
basis     6
D -1.42458433150339081E+000 -1.24217259877768049E-001
a   1 -4.75346926583351481E-001  6.04345020517154330E-001
a   2  5.00172858926307362E-001 -3.98295752873847109E-001
d   1 -3.37053980576718579E-002 -7.68148130621881808E-001
d   2  6.21472258808105082E-001  1.50281825567206068E-001
s   1 -2.78891410440716129E+002
s   2 -2.77369905401354629E+002
z   1  9.60991810079806608E-001 -1.05985300420750672E+000
z   2  3.99916674957600082E-001  3.91047726754457203E-001
z   3 -7.40488153320558451E-002 -1.08471794458189108E-001
z   4 -2.75098371152073973E-001  1.11165495576018333E-001
z   5  5.33956683885293965E-002 -7.58852277006249465E-002
z   6  5.40553186981526310E-003  1.35370832019381798E-001
z   7  1.79808436726946563E-003 -5.34312873641913169E-002
z   8 -1.12821040215556282E-002  4.50981605519528740E-003
z   9  1.33434246256163513E-001  2.50402972579486585E-002
z  10  1.08191066106637285E-001 -2.18674279202162147E-001
z  11 -2.74839575651668666E-001 -1.51409231926102839E-001
z  12 -7.59672519572591742E-002  1.98920032203017266E-001
z  13  2.69317155337251944E-002 -7.70107866701045252E-002
z  14 -8.33546497565216572E-003  6.64572290980371128E-002
z  15 -6.32010954308028366E-002 -1.39850731693145630E-002
z  16 -4.51065354511830108E-002 -3.38275088248868108E-002
z  17 -4.37190806689391823E-002 -4.06893117186436434E-003
z  18  2.08774671200288482E-002  1.23987964164567095E-002
z  19 -2.50802752503776448E-002 -1.11773435953960790E-002
z  20  2.17322821812712744E-002  2.23691841308107063E-002
 
basis     7
D -5.22522242950823834E-001  3.54920817424229762E-001
a   1 -7.25581405707648869E-002  4.35060354708655672E-002
a   2 -6.41024431049510013E-001 -7.62843509451345492E-001
d   1  1.26840629292324959E-002 -8.36455224927572655E-002
d   2  4.73957811942374241E-001 -8.76473920669172069E-001
s   1 -2.78721571066912418E+002
s   2 -2.77654712371155938E+002
z   1  9.42814285941233843E-001 -1.05978041902898590E+000
z   2  3.74711436254319907E-001  3.90444330058156763E-001
z   3 -1.18059176260593465E-001 -7.99798054222919386E-002
z   4 -2.99014244737601631E-001  1.66182386336737681E-001
z   5  4.92581528482638198E-002 -6.99564247442124587E-002
z   6 -2.51208531267700583E-002  1.21467490954946550E-001
z   7 -6.39627776702609979E-002 -1.68103095547918642E-002
z   8 -1.98111378801202748E-002  4.29270191412549698E-002
z   9 -1.16032489999561023E-002 -2.01569492942540451E-002
z  10 -2.19981384899570476E-001  8.89143604478993405E-002
z  11 -1.87754407513871062E-002  4.39911167899271871E-001
z  12  3.67098535239517965E-001  1.23461227485676353E-001
z  13  8.14375219201056572E-002 -7.80906006172292916E-002
z  14  1.24529646720246578E-001 -1.13692441114245594E-002
z  15  4.63501497918557201E-002  1.62412608510409708E-002
z  16  3.56998963182198065E-002  1.35509490635921954E-002
z  17  3.34154128430246625E-002  2.60177570869867198E-003
z  18  3.78102837360702812E-002 -2.47323627814120253E-003
z  19  3.35624998358617227E-002  1.31193680950115743E-002
z  20  1.96947844027360805E-002 -4.86744003693401726E-003
 
basis     8
D  6.87917303855615003E-001  4.33091766397865008E-001
a   1 -9.95820224482857341E-002  8.38775742958990933E-001
a   2 -1.50312785442233920E-001 -5.13755525869335261E-001
d   1 -5.14532299134577098E-001 -6.69864045399201968E-001
d   2  4.19901028544632515E-001 -3.31996686814552411E-001
s   1 -2.78828582285940115E+002
s   2 -2.77646565730498082E+002
z   1  9.34991723678234465E-001 -1.04622868315439299E+000
z   2  3.68682230969535951E-001  4.13527516525839522E-001
z   3 -5.55274199488117390E-002 -6.64336079409749980E-002
z   4 -2.66241727536532302E-001  1.20081146257345062E-001
z   5  3.00105627450479757E-002 -9.28019868708465506E-002
z   6 -3.27531955304412870E-002  1.98720343116108783E-001
z   7  6.38156312003097942E-002  2.45984969968034081E-002
z   8  1.81556751643472090E-002 -2.84511413340123205E-002
z   9 -1.17661488198358317E-002  1.19568201530899171E-001
z  10  3.22027322702532703E-001  1.33236569910037655E-001
z  11  2.33810104060455493E-001 -3.84229609347533863E-001
z  12 -2.81461808989893258E-001 -1.54947888478956630E-001
z  13  2.48585194591543525E-002  4.15202473771529856E-002
z  14 -9.41434147006258160E-002 -1.72327457517929376E-002
z  15 -2.00796877692163214E-002 -4.63692278762530274E-002
z  16  2.83178316016944633E-003 -6.62568287325838740E-003
z  17 -9.36610651339271107E-003 -3.11143465749162511E-002
z  18 -1.82998064604979714E-002  9.83691460871533203E-003
z  19 -3.93270701789799702E-003 -7.89632213938921620E-003
z  20 -1.39795853408320268E-002  3.30076835548339656E-003
 
basis     9
D -8.86583719020780092E-002 -2.41662202640903934E-001
a   1  1.31374448712481273E-001 -9.59448754854435704E-001
a   2 -1.50138877920731773E-001  1.99141051444565287E-001
d   1  6.33746830427397545E-001  7.32233647061826143E-001
d   2 -2.37624362023023727E-001 -7.57199023169890517E-002
s   1 -2.78752242424933343E+002
s   2 -2.77693418086236250E+002
z   1  9.27199570558599140E-001 -1.07313033726007911E+000
z   2  3.71407841203878430E-001  4.07764281047498456E-001
z   3 -6.76835032856426128E-002 -7.22890655501423618E-002
z   4 -2.58450633181003364E-001  1.10700624304763864E-001
z   5  4.72151740604866907E-002 -9.46038891831015999E-002
z   6 -1.95515311145091821E-003  1.69642421473337551E-001
z   7  7.10623424459265740E-002 -3.59877433856912801E-002
z   8  3.99903860026262700E-002 -5.03356042026904399E-002
z   9  7.86406852094336806E-002  9.33755359272551121E-003
z  10  2.71064923163200022E-001 -1.27533266088292213E-001
z  11 -6.46249857827903285E-002 -4.80183792068026249E-001
z  12 -4.17356921728343488E-001 -1.90880813674547886E-002
z  13 -2.36252045000018181E-002  6.82189943303873891E-002
z  14 -1.19154452306391254E-001  2.83151033460813210E-002
z  15 -6.60469736119183720E-002 -2.07791348352203871E-002
z  16 -3.30212580192135036E-002 -5.18180276371061135E-003
z  17 -4.50409842395578172E-002 -1.58837329858845140E-002
z  18 -3.78875304044793693E-002  1.52038631577726836E-002
z  19 -4.37840557448907139E-002  4.27810461258373035E-005
z  20 -1.62224638770036463E-002  2.09187685075871363E-002
 
basis    10
D  7.16569527785865246E-001  4.53482965337439703E-001
a   1 -5.08104544961929694E-001  5.53021801957125692E-001
a   2  6.40054272268352431E-001 -1.62256545322898127E-001
d   1  1.15358650041359478E-002 -7.50912954921862053E-001
d   2  4.44826219404984236E-001  4.87981856710841932E-001
s   1 -2.78874013787053116E+002
s   2 -2.77540057083340287E+002
z   1  9.48890133390650536E-001 -1.04614952599201216E+000
z   2  3.87102941347089613E-001  3.79628850292820674E-001
z   3 -7.71599450649720076E-002 -1.01197979393133894E-001
z   4 -2.90811513426652013E-001  1.14364787702355211E-001
z   5  5.81086594265310188E-002 -9.50487338753138455E-002
z   6  2.34609803095381375E-002  9.37605184346183423E-002
z   7 -8.77895830519745575E-003 -7.61637513678936895E-002
z   8  3.46059735281010897E-003 -2.18000478791877846E-002
z   9  1.43333751938889475E-001 -6.57765946217206132E-002
z  10  6.38554179717950188E-003 -3.36216521775479338E-001
z  11 -4.46041977674430490E-001 -5.93609024907885974E-002
z  12 -5.24885275174226743E-002  3.34262379341995208E-001
z  13  4.13490381589372291E-002 -6.25258616339155332E-002
z  14  5.42727748751011679E-003  1.05586311748831929E-001
z  15 -6.48979360213270823E-002  8.68963778664917467E-003
z  16 -2.37775780138692779E-002 -2.39547744183169591E-002
z  17 -4.67885540797439645E-002  2.16850292948464382E-004
z  18  2.58985704129497778E-002  1.42675616939720740E-002
z  19 -2.78137734633673930E-002 -7.21353680833922411E-003
z  20  2.70327036230064328E-002  1.77057645818764174E-002
