ndof   20
nconf    2
nbasisfns   10
initial_PES    1
time  1.00000000000000000E+001
 
zinit   1 -6.14467918263732343E-002 -3.82526868545318699E-001
zinit   2  5.60992684921420959E-001 -1.67119920587738724E-001
zinit   3  6.34103347813929075E-002  1.77805033130989054E-001
zinit   4 -7.58587600261759476E-002  2.99918884558480897E-002
zinit   5 -2.09610110593907821E-002 -2.18946822295162491E-001
zinit   6 -6.25142309185292011E-002  1.63806247812751417E-002
zinit   7  3.06229187316232297E-002 -9.48144606442971744E-002
zinit   8 -8.23662387813509957E-003 -3.65906435076460215E-002
zinit   9  1.90421973854019676E-002  1.10621069862394325E-002
zinit  10  3.09881089993723369E-003 -1.10566073471442261E-002
zinit  11 -7.94040621690152572E-005 -7.98962232728818163E-004
zinit  12  2.08613913060260456E-003 -5.75323685615786781E-003
zinit  13  7.25178115269444314E-004  5.44235839676458690E-004
zinit  14  5.86076935830538216E-004  1.96273625065584730E-006
zinit  15 -1.24384387724464223E-004  9.20609990603757925E-005
zinit  16  2.85693824792261545E-005  1.68240133758915607E-005
zinit  17  2.57376889273102591E-006 -1.55816935130761236E-006
zinit  18  9.92273006561096253E-008 -5.71236366685560328E-007
zinit  19 -8.62779702509399233E-009 -9.36046094126586572E-010
zinit  20 -8.32664314024748398E-015  7.69006796129075503E-015
 
basis     1
D -4.65130938509676961E-001 -1.98996092620170650E-001
a   1  5.93999881152816878E-001 -5.54934753522575569E-003
a   2 -7.96041519760031235E-001 -1.15979501423666143E-001
d   1 -4.77983759592389215E-002  5.92099627869572709E-001
d   2  3.20059181234228662E-001 -7.38034868038101255E-001
s   1 -2.78120844144259138E+002
s   2 -2.78295458732682334E+002
z   1 -3.74357659095313489E-001 -6.43412206602233527E-002
z   2 -5.63474403030280513E-001 -1.63587838216808834E-001
z   3 -2.04211685733473786E-001 -9.89020194438215011E-002
z   4 -9.28676670490845291E-002 -2.27384488286981913E-002
z   5 -1.74372881410966740E-001 -1.31683040939087281E-001
z   6  4.87507684192647756E-002 -3.28820507992680366E-002
z   7  1.94294757903651638E-002  4.46178192205877108E-002
z   8 -1.06830254489523376E-002  1.44840455008574433E-002
z   9 -1.44279850151065345E-003 -1.58723411362808958E-001
z  10 -3.04683106479900156E-001 -2.67650948181692959E-002
z  11 -5.32343427973704514E-002  4.02508426330666191E-001
z  12  2.74550065131965171E-001 -5.74437363847560452E-003
z  13 -5.76519627966922410E-002  1.45251847746204286E-002
z  14  8.91165602698894554E-002 -3.10260195593650492E-002
z  15  4.66855715821404768E-002  4.83092976261523671E-002
z  16  1.54866610565588120E-002  3.81931660804476145E-002
z  17  3.03652002976853158E-002  2.74139811885473240E-002
z  18  3.36004466442856075E-003 -1.52636248118766023E-002
z  19  3.12435625520349793E-002  8.85609652108710309E-003
z  20 -8.53122308073767555E-004 -1.33500812516655718E-002
 
basis     2
D -9.33722094174199602E-001 -8.67173429124731832E-001
a   1 -4.64287027417178533E-001  7.45498488555692562E-001
a   2  3.97381257253837161E-001 -2.66003188169730453E-001
d   1 -7.16969908338557782E-001 -5.07232284859414295E-001
d   2  1.25021301097302695E-001  4.61561733687963938E-001
s   1 -2.78089662796828634E+002
s   2 -2.78356317063472204E+002
z   1 -3.84296979896060431E-001 -5.15721093468584704E-002
z   2 -5.67201422816780765E-001 -1.45996223615150383E-001
z   3 -1.80555528786939978E-001 -7.95469167809602362E-002
z   4 -8.73708641537696978E-002 -4.69164786289928068E-002
z   5 -2.02340320947187707E-001 -1.38008995609133739E-001
z   6  7.76916321932417941E-002  2.36355765846088658E-003
z   7  1.03953663569842703E-001  2.44525413538730224E-002
z   8 -3.34926065977200343E-002 -4.77513236056382392E-002
z   9  9.04455396411660006E-002  9.92642557634233411E-003
z  10  1.70139747398229818E-001 -2.78123612222624383E-001
z  11 -3.49987568132803462E-001 -3.19741455154715970E-001
z  12 -2.00937504437716852E-001  2.60685967220525783E-001
z  13  3.93551276792890661E-002 -6.24024300984503885E-002
z  14 -5.49377665094776743E-002  1.02994131303777395E-001
z  15 -8.21184169570524369E-002 -9.18321479601913633E-003
z  16 -4.25753052029092388E-002 -3.31483300622356786E-002
z  17 -5.24376333896004673E-002 -1.63023131778773783E-002
z  18  1.26149467763165459E-002  1.59054292103154721E-002
z  19 -5.28212992299871495E-002  3.33277393499525681E-003
z  20  7.19879020600896623E-004  1.32871701919746142E-002
 
basis     3
D  1.57528061822314408E-001  7.04454956714504199E-001
a   1  2.12660450453689032E-001 -6.09752620022166569E-001
a   2 -1.06440286521067323E-001  7.56073898897604346E-001
d   1  6.25533732051001490E-001  1.60406592375152729E-001
d   2 -6.99806708452590298E-001 -3.05365102776435471E-001
s   1 -2.77946398233823288E+002
s   2 -2.78302538838737803E+002
z   1 -3.82701944738039646E-001 -5.96260923500695761E-002
z   2 -5.77144545893800487E-001 -1.43195655974770714E-001
z   3 -1.79875838448873726E-001 -7.02506334313819647E-002
z   4 -6.73277523886941925E-002 -3.37622985025332403E-002
z   5 -2.06938776152712389E-001 -1.49424117561525682E-001
z   6  1.61214846120669060E-002  1.86855637225680077E-002
z   7  6.41975632018568360E-002  9.60939264472065874E-002
z   8  1.07242225715795895E-002 -4.00689660926216856E-002
z   9 -1.01062539534866269E-001 -6.31109419281510736E-002
z  10 -1.20211000764680179E-001  2.17927310125078322E-001
z  11  2.51928232032640365E-001  2.04327142868515360E-001
z  12  9.82196900474857637E-002 -1.91192954602754289E-001
z  13 -2.06202978142662370E-002  5.85235054291744980E-002
z  14  4.10700278600388026E-003 -8.21953749356357788E-002
z  15  6.98763018463179481E-002  1.56010997891625688E-002
z  16  3.50508047571711362E-002  3.58787978267335952E-002
z  17  3.94958985314582053E-002  2.21173774821457961E-002
z  18 -2.25463379667434696E-002 -1.07732267643612292E-002
z  19  3.58233360671633624E-002  1.24281539294777942E-002
z  20 -7.15751800576750526E-003 -1.56981658343956082E-002
 
basis     4
D -3.50977509116555120E-001 -2.67503182483042889E-001
a   1  6.65934329624798704E-001  1.23268490950283555E-001
a   2 -4.31617837740369104E-001  5.95854336151311337E-001
d   1 -1.80555426461830648E-001  6.52735314050937987E-001
d   2 -4.52722004458922911E-001 -5.79982012173383299E-001
s   1 -2.78117781199552667E+002
s   2 -2.78312065912399589E+002
z   1 -3.88853745064635214E-001 -4.49920132923995950E-002
z   2 -5.76650310670948407E-001 -1.11664181895583609E-001
z   3 -1.82880844882356564E-001 -3.39593144413471854E-002
z   4 -7.73347784295888158E-002  2.33230708410353321E-003
z   5 -1.73590492985655653E-001 -1.08827110457372700E-001
z   6  5.17904086571565128E-002  5.33819943437796179E-002
z   7  6.40157937650416148E-002  1.22415513131313075E-001
z   8  7.14180024756378719E-004  1.63427044319793026E-002
z   9 -6.43940846091180102E-002  6.52805184317274828E-002
z  10  5.08137616914717469E-002  3.08083913319654179E-001
z  11  4.56725988484627810E-001  1.36007290348647586E-001
z  12  1.79112227717512618E-001 -3.58157356336303689E-001
z  13 -7.14756086969228766E-002 -5.46457039209794024E-003
z  14  1.16437029536950679E-002 -1.07796849401729247E-001
z  15  5.17037880029751762E-002 -2.15234931304297480E-002
z  16  1.61593174627532796E-002  1.61167107034579371E-002
z  17  3.65712353411481103E-002 -5.77367746955765627E-003
z  18 -1.99383983628120091E-002 -2.79126219144255686E-002
z  19  2.84072999236706057E-002  6.42470916721081227E-004
z  20 -8.55824425177929837E-003 -1.31868394272236511E-002
 
basis     5
D -1.15037747288033246E-001 -2.09579873530694627E-001
a   1  5.43801020560103487E-001 -5.50302888159424963E-001
a   2 -6.29799378544512956E-001  6.92814845825512893E-002
d   1  4.87345944861391989E-001  6.00871657432743178E-001
d   2  1.45001623989136158E-001 -6.16783357720950720E-001
s   1 -2.78140839032858935E+002
s   2 -2.78371415302295190E+002
z   1 -3.65912390078133143E-001 -4.85313367148375377E-002
z   2 -5.65117305465429598E-001 -1.64388439324567953E-001
z   3 -1.85008866256570120E-001 -9.17058370639439874E-002
z   4 -9.66786855052286231E-002 -4.35820871358345435E-002
z   5 -1.70807746207375072E-001 -1.35264011643826260E-001
z   6  8.25482728979689551E-002 -1.46691466011206317E-002
z   7  5.81340658043043301E-002 -2.05319961506938509E-003
z   8 -3.19407314133188652E-002 -4.55180220687940451E-002
z   9  1.04139876212270305E-001 -9.43976558721464631E-002
z  10 -5.25947107854329646E-002 -3.30807209865571106E-001
z  11 -4.66710643279577397E-001 -2.51938523916654111E-002
z  12 -2.45577023114376333E-002  3.43842602419906329E-001
z  13  3.48228819872050399E-002 -5.36506821603086326E-002
z  14  6.63058781840407830E-003  9.23696637874986126E-002
z  15 -6.40075132547868464E-002  2.62508280715258897E-002
z  16 -2.53166867828987750E-002 -1.81797155110333709E-002
z  17 -3.73412077246991908E-002 -1.64602716049127239E-003
z  18  2.72897348769289248E-002  2.27000084262939106E-002
z  19 -2.82461600958984968E-002  1.04388085418548049E-002
z  20  1.71260951464866848E-002  7.91401481609339992E-003
 
basis     6
D -5.12311051536036177E-001 -2.80741584273206335E-001
a   1  5.04277116943198433E-001 -6.77634640398792842E-001
a   2 -4.50338335797282496E-001  2.89328994002012285E-001
d   1  6.48622551421856208E-001  5.41084930789933471E-001
d   2 -1.73182122792031573E-001 -5.06481821790405573E-001
s   1 -2.78086441896859810E+002
s   2 -2.78272544631783262E+002
z   1 -3.72931516056121404E-001 -7.10699220989267494E-002
z   2 -5.61495359388317294E-001 -1.51885964320986222E-001
z   3 -1.74913238821452627E-001 -9.04147335939156777E-002
z   4 -9.61509863294858630E-002 -4.94950242027600643E-002
z   5 -1.90911572920742428E-001 -1.44921898013822548E-001
z   6  7.90754473080071407E-002 -4.54789104861882346E-003
z   7  8.28008755296574389E-002  1.42642392182195463E-002
z   8 -3.57953296894037154E-002 -2.71305764436193600E-002
z   9  1.14558652081446846E-001  4.82591760953716194E-003
z  10  1.25650643554452129E-001 -2.76543993341592242E-001
z  11 -3.52919152999762953E-001 -2.18061558371879904E-001
z  12 -1.32011023442918762E-001  2.62289765792515117E-001
z  13  3.24364386662547785E-002 -6.64791336968966196E-002
z  14 -2.69692052207882761E-002  1.03619146107028354E-001
z  15 -9.16820494684307957E-002 -1.04456746686273187E-002
z  16 -4.21995559839553544E-002 -2.83804944680286463E-002
z  17 -5.36626297806984676E-002 -1.06762830529039780E-002
z  18  1.01941824085103189E-002  1.44728423733170922E-002
z  19 -3.81030368341272810E-002 -9.73168907685385311E-003
z  20  4.52962367830548121E-003  1.44149716704462250E-002
 
basis     7
D -1.25301139601253136E-001  5.33638342409588518E-001
a   1 -3.58576836029881774E-001  6.85195100464051632E-001
a   2  2.36831033333558261E-001 -5.88082807615537773E-001
d   1 -7.35008224661626519E-001 -2.40484059174213088E-001
d   2  5.35449171091160969E-001  3.39447362842316525E-001
s   1 -2.77865027507930051E+002
s   2 -2.78213111836576559E+002
z   1 -3.90402202334065251E-001 -5.63790887599719126E-002
z   2 -5.67274652306411831E-001 -1.32928669175845421E-001
z   3 -1.78965691246799286E-001 -6.30953793892238685E-002
z   4 -8.03714450852616308E-002 -5.36369667399257816E-002
z   5 -2.13800203951518331E-001 -1.42292759758637283E-001
z   6  4.26329459850564099E-002  5.03543225805055394E-002
z   7  1.02616957312387819E-001  6.58133898790824734E-002
z   8 -3.96352641867504171E-002 -5.24350724331295662E-002
z   9 -3.98442473626748964E-002  4.80750112922628883E-002
z  10  1.36510078557817466E-001  3.14196235471828345E-002
z  11  2.67246071790828259E-002 -1.69826976999364970E-001
z  12 -9.84857829837106763E-002  2.24472180740658347E-002
z  13  2.82040034433019386E-002 -2.64205776743283265E-002
z  14 -3.30185249750919868E-002  2.23350032124718795E-002
z  15 -3.05397038676633176E-002 -2.45992221708528150E-002
z  16 -2.22911238418686992E-003 -2.22269921480009458E-002
z  17 -1.18080277263932047E-002 -1.53209803223489337E-002
z  18  2.94483456147939067E-003  1.53125528544461893E-002
z  19 -1.31815534320176755E-002 -2.90737466403221453E-003
z  20  1.48366819819362064E-004  4.53690508310195407E-003
 
basis     8
D -1.00395730023985608E+000  2.18770261869497690E-002
a   1  1.88865978675646529E-001 -9.00259778603332728E-001
a   2  1.59775658054386455E-002  3.91926894355069055E-001
d   1  8.95866656380342019E-001  2.08712627452048494E-001
d   2 -3.71714010199569567E-001 -1.25262395591138331E-001
s   1 -2.78053048332779042E+002
s   2 -2.78396728272077269E+002
z   1 -3.97792498112588322E-001 -5.89720837814785501E-002
z   2 -5.79363107331650640E-001 -1.29079962728062492E-001
z   3 -1.61818375202034931E-001 -4.51406129743193996E-002
z   4 -6.06285381981688243E-002 -4.31784613796869152E-002
z   5 -2.00509540734248204E-001 -1.35890432748635631E-001
z   6  5.57729359915724310E-002  5.61959952188005596E-002
z   7  1.42175523431152334E-001  6.82446410544169657E-002
z   8 -7.35450637609683967E-003 -5.66609220345022438E-002
z   9  9.95316176398409504E-003  1.03877154484780618E-001
z  10  3.50855937823248032E-001  4.12283661998691896E-003
z  11  6.89116347639632809E-002 -4.68783395723920748E-001
z  12 -3.44180630283008049E-001 -3.75855767817048908E-002
z  13  3.36037569380906245E-002  1.47156901326623239E-002
z  14 -1.02914720933661621E-001  2.45102239183380664E-002
z  15 -3.96249718128480685E-002 -3.61094322115615846E-002
z  16 -1.23749629246346082E-002 -2.89336096204880142E-002
z  17 -3.06274646834358774E-002 -2.50185350144432189E-002
z  18 -1.50963715790002496E-002  1.19110670394731374E-002
z  19 -2.72526980365605312E-002 -1.19953430880530842E-002
z  20 -1.52662087769830906E-002  1.30400473132265531E-003
 
basis     9
D -3.33018283585031771E-001  4.20196657925531514E-001
a   1  1.47693122209623329E-001  9.82552627147312396E-001
a   2  6.70799719120140775E-002  9.09799643108791523E-002
d   1 -9.85760826662096190E-001  1.24493036273411711E-001
d   2 -1.04740984130712075E-001  4.25017973861737328E-002
s   1 -2.78054522319527734E+002
s   2 -2.78280797254467984E+002
z   1 -3.93226138199743169E-001 -6.31351959676009350E-002
z   2 -5.68297562017952451E-001 -1.33040923662121946E-001
z   3 -1.66189399243125868E-001 -5.11519365206939899E-002
z   4 -5.68436716812079912E-002 -4.37089154212593756E-002
z   5 -1.74367205474903586E-001 -1.34992264636942971E-001
z   6  7.56650655446324677E-002  2.68749018644156012E-002
z   7  1.42919540700913061E-001  5.54213750940536001E-002
z   8  2.45520119736010803E-002 -7.35966334270739264E-002
z   9  3.97267052989556183E-002 -6.80081139408724236E-003
z  10  2.21176669533618309E-001 -6.12666659104633554E-002
z  11  5.68808173387186020E-002 -3.91929607624654619E-001
z  12 -3.42178224883240178E-001 -1.57413007327048660E-001
z  13 -9.65028757643165563E-002  6.00594689788149991E-002
z  14 -1.10698347134092850E-001 -1.27159830252800989E-003
z  15 -5.15903477808034722E-002 -1.45770007066668063E-002
z  16 -4.84235148109097430E-002  7.34646393209034947E-003
z  17 -3.80506638999092497E-002 -1.02018947864450232E-002
z  18 -4.10325213345328274E-002  9.36928520460941598E-003
z  19 -2.10374973476598962E-002 -3.84927852637860458E-003
z  20 -2.37591212621000303E-002 -8.64659378757837160E-003
 
basis    10
D -6.78703773723634218E-001  1.84160678361501295E-001
a   1  3.54694924741322692E-001 -8.54653683076413206E-001
a   2 -3.16105767880371313E-001  2.09369854275237077E-001
d   1  8.30497107386372058E-001  4.08063674266896215E-001
d   2 -7.76224137197800979E-002 -3.71124444431768064E-001
s   1 -2.78094268707438061E+002
s   2 -2.78409769429671769E+002
z   1 -3.89629413101333588E-001 -5.47712267986676243E-002
z   2 -5.69911456078040835E-001 -1.43364236671860684E-001
z   3 -1.63781849976626231E-001 -7.27788312070820897E-002
z   4 -7.37031206786826071E-002 -4.01968174995084374E-002
z   5 -1.85283079039735898E-001 -1.36408490182638148E-001
z   6  8.36115795339319595E-002  2.25235518671024065E-002
z   7  1.20364190958586567E-001  2.26391539189614403E-002
z   8 -1.69466847123725534E-002 -7.40189341791188532E-002
z   9  7.48113670570228623E-002  6.33671429844362769E-003
z  10  2.23252274880171381E-001 -2.31567689202260146E-001
z  11 -2.83493009238940608E-001 -4.26883275850778565E-001
z  12 -3.34313687411736726E-001  2.01582316770275216E-001
z  13  3.96049925387248897E-002 -2.72785787524255170E-004
z  14 -8.08743262555120940E-002  8.34136985789936669E-002
z  15 -8.12520430622519357E-002 -2.31579201522885136E-002
z  16 -3.80493899475444000E-002 -2.09324599640060421E-002
z  17 -5.47633798126192228E-002 -1.31429706967475905E-002
z  18  1.18099313252724523E-003  2.48871812436043012E-002
z  19 -4.76035330463256620E-002 -3.63073836636157703E-003
z  20  5.46285848443895088E-003  1.96934775526266537E-002
