ndof   20
nconf    2
nbasisfns   10
initial_PES    1
time  1.00000000000000000E+001
 
zinit   1  8.57799349792240706E-001  9.07057623457074580E-002
zinit   2  3.72459963248645387E-001  1.41201435983819013E-003
zinit   3 -2.75379796007687971E-001 -6.62511530239327628E-001
zinit   4 -6.75502535034765011E-002  2.90990349037436591E-001
zinit   5 -1.39891990821407269E-001  1.81137916210915129E-001
zinit   6  1.95444831957972270E-002  9.22522908578862627E-002
zinit   7  5.57867530180832932E-002  1.55381351549758301E-003
zinit   8 -1.85079138722421231E-002 -2.06602295234738611E-003
zinit   9  4.67747051646732418E-003 -2.46562381228384482E-002
zinit  10  1.47212106681376843E-002  1.02005893599664763E-002
zinit  11  8.04412315635718743E-004 -1.83059732707812109E-003
zinit  12  1.03833763963068898E-003 -1.21862252333248470E-003
zinit  13  5.53979211691548693E-005 -1.25361208232457194E-003
zinit  14  5.57514434736623276E-004  2.74103758530556388E-004
zinit  15 -2.04764889187325624E-004 -2.06532621467655461E-004
zinit  16 -4.54131153705476155E-005 -2.23592277740917467E-005
zinit  17  4.18664173617270881E-006 -1.94220736343686311E-006
zinit  18  4.82664059979215101E-007 -5.99927451993851197E-007
zinit  19  2.95213094247377530E-009  2.12320387252710810E-008
zinit  20  2.71667534324483893E-014 -3.18740376915278827E-014
 
basis     1
D -3.09005485583133788E-001 -5.76816843343880170E-001
a   1 -3.48193583115450789E-001  6.46440098295579024E-001
a   2  2.94292358015729616E-001 -6.11774824593466549E-001
d   1 -5.19714186605493955E-001 -5.18672089328280794E-001
d   2  6.69620825395086827E-001  1.11733514175594434E-001
s   1 -2.78321270614446576E+002
s   2 -2.77747917013632502E+002
z   1  3.29293861724181902E-001 -7.86516775595312745E-001
z   2 -3.20285472966941154E-001 -1.86144406506629168E-001
z   3  7.01896539130502095E-001  1.95251608960625933E-001
z   4 -2.46724524799993378E-001  1.49181153228505781E-001
z   5  2.64830326441553507E-002  2.26177574946901994E-001
z   6  3.45150729275455134E-002 -4.82471329194880463E-002
z   7  1.54854381950163857E-002  6.45875330572661249E-002
z   8 -2.95814082035339362E-002 -2.49833078809497226E-002
z   9 -4.11164432991143261E-002  8.00151109850775616E-002
z  10  1.21699689927679142E-001  3.33751028860012899E-002
z  11  4.20532896032490677E-003 -1.72803091226707367E-001
z  12 -9.94698084887102180E-002  3.26217986985415237E-002
z  13  3.50798033299291948E-002 -2.59335732219690071E-002
z  14 -2.43959355273748839E-002  2.40674782193335095E-002
z  15 -1.68923404112973526E-002 -2.17433756115529599E-002
z  16 -1.19149128654513579E-002 -2.98805625648190208E-002
z  17 -1.87090632058437394E-002 -2.49903507559904522E-002
z  18  1.55749532917791398E-003  1.72484716270331420E-002
z  19 -1.78154210437661380E-002 -1.63952384637896346E-002
z  20  9.50243458841507418E-003  1.23103662145935796E-004
 
basis     2
D  2.19728577655938173E-001 -2.31128750512692993E-001
a   1 -5.70145629994128877E-001  3.00934679360838897E-001
a   2  7.64140672843421687E-001  2.14781624671526727E-002
d   1  2.47448168879468300E-002 -6.44216900337607590E-001
d   2  8.47658147068990342E-002  7.59728264587831714E-001
s   1 -2.78554997343895650E+002
s   2 -2.77891735335356600E+002
z   1  3.49252766360147127E-001 -7.94001558807694519E-001
z   2 -3.02474959881149696E-001 -2.16740313468004459E-001
z   3  6.71483937143714349E-001  1.78391889483631660E-001
z   4 -2.75000221658687150E-001  1.65183448598885729E-001
z   5  5.44757238567557464E-002  2.21456451124325632E-001
z   6  5.21964349228890984E-002 -1.38621234381297836E-001
z   7 -6.84659422415456603E-002 -5.19752599763704734E-003
z   8 -3.00998438607028469E-002  2.83585213230153239E-002
z   9  6.25991968177468383E-002 -1.27222523340199622E-001
z  10 -2.46663941391036451E-001 -2.42902516037230037E-001
z  11 -3.58602548952701661E-001  2.28688191069296332E-001
z  12  1.86940320171937902E-001  2.39714608428567288E-001
z  13 -1.76364935961781655E-002 -4.65792522251246149E-002
z  14  6.00422747673006324E-002  4.88264282169685662E-002
z  15 -1.92849125638096738E-002  4.24249293961298651E-002
z  16 -2.28701905636099038E-002 -3.71963106962434355E-004
z  17 -5.98009198187305323E-003  1.60922053967538711E-002
z  18  2.18436116877240780E-002  8.17142299786703837E-003
z  19 -4.32558877297843734E-003  5.55763650495642424E-003
z  20  1.25740248359249296E-002  2.89789239630303379E-003
 
basis     3
D -6.18449644673176757E-001 -5.51823972523150741E-001
a   1  4.74799207862264372E-001 -6.76364048616055480E-001
a   2 -4.69489388417732967E-001  3.10929413398245869E-001
d   1  3.97011384192466399E-001  7.24765186021319230E-001
d   2 -3.78523644381862423E-001 -4.16913943874401449E-001
s   1 -2.78488550778953197E+002
s   2 -2.77878730956369054E+002
z   1  3.45022886028194975E-001 -7.97522141149462849E-001
z   2 -3.04620373687144452E-001 -1.95841579256101128E-001
z   3  6.95597286233815004E-001  1.89334670746826361E-001
z   4 -2.47285912769355604E-001  1.60267543898038461E-001
z   5  4.67524055124526258E-002  2.12458531167789594E-001
z   6  5.60123871145126809E-002 -9.77881030995710609E-002
z   7  1.65067995715455782E-003  1.24107781262063396E-002
z   8 -2.22693953244300150E-002 -1.63702960587571757E-003
z   9  9.53376457845773045E-002  3.36972926248984353E-002
z  10  1.17914174310718850E-001 -2.65962291804999584E-001
z  11 -3.49931304289597567E-001 -2.49772270915184308E-001
z  12 -1.48759145683627914E-001  2.58685886642816887E-001
z  13  2.73972267938161519E-002 -6.84418382656203639E-002
z  14 -2.00887732562798765E-002  9.60994446527141249E-002
z  15 -8.11558694427902405E-002 -4.53473929062842961E-003
z  16 -3.16816223000850050E-002 -3.26777374415672048E-002
z  17 -5.64204637984603297E-002 -2.15565962869095282E-002
z  18  1.79842547395488821E-002  2.50503627390322517E-002
z  19 -3.79178588860210539E-002 -4.85872564441136318E-003
z  20  3.94949233977900591E-003  1.48167297262950318E-002
 
basis     4
D -1.24276767715374353E-001 -2.81653783655255285E-001
a   1 -2.75194679587991486E-001  3.94520586351430058E-002
a   2  8.02198929327283206E-001  5.28382722259192139E-001
d   1  7.67547768908681399E-002 -2.67202696147552210E-001
d   2 -5.10092898633896397E-001  8.13951262766477557E-001
s   1 -2.78453061862206027E+002
s   2 -2.78008316992151663E+002
z   1  3.44621727589455640E-001 -7.96483117239757843E-001
z   2 -3.25215410273378469E-001 -2.02062863576315366E-001
z   3  6.73299310952443775E-001  1.92733005498453208E-001
z   4 -2.66689682428241703E-001  1.72505008761104223E-001
z   5  5.76178447575497396E-002  2.14804965842366802E-001
z   6  4.83709844974246767E-002 -1.29457116725286092E-001
z   7 -8.27809523214071974E-002  1.27377521762953357E-002
z   8 -5.30633997048694309E-002  7.92570619595659061E-003
z   9 -4.19245127424304823E-002 -7.12919550017896420E-002
z  10 -3.09576990651288630E-001 -4.96542007412763692E-002
z  11 -2.22145560745581838E-001  4.16926575716211611E-001
z  12  3.20182062744704454E-001  2.44786218938455452E-001
z  13  8.19523507173109400E-002 -5.82582302034694022E-002
z  14  1.04661748500806423E-001  4.16230199136647452E-002
z  15  2.46726444727098648E-002  4.34155759301519117E-002
z  16  1.89779299583706200E-002  9.70626701686691171E-003
z  17  2.51678410796285987E-002  1.63928904147252891E-002
z  18  4.78027446624113631E-002 -3.17703052058693116E-003
z  19  2.62901439822503871E-002  1.32878819545764401E-002
z  20  2.54448764870346227E-002  5.41863988142716243E-003
 
basis     5
D -5.85375570157270042E-001  6.79084420183216492E-002
a   1  5.34566529265996904E-001 -4.81343760930512676E-001
a   2 -6.92320503099727147E-001  5.69133603775909824E-002
d   1  1.72193497668723050E-001  6.98428657601358749E-001
d   2 -1.25847719748438253E-001 -6.83161153049445136E-001
s   1 -2.78522283156539174E+002
s   2 -2.77930800585860595E+002
z   1  3.45066327280583229E-001 -7.95776398783412997E-001
z   2 -3.21950944316090726E-001 -2.03346776791306222E-001
z   3  6.87591626708447423E-001  1.70008333593401340E-001
z   4 -2.70871393262692051E-001  1.50858466035894034E-001
z   5  5.58744625550305560E-002  2.27741807214614150E-001
z   6  5.20179892776963665E-002 -1.33165088735689191E-001
z   7 -5.06221228450121144E-002 -1.12418197308685602E-002
z   8 -3.98918174345807286E-002 -7.24492673219703591E-004
z   9  9.01327714655635326E-002 -8.04496565030148603E-002
z  10 -1.26794002488957447E-001 -3.07998382101692836E-001
z  11 -4.59187048997044378E-001  3.64013562616203601E-002
z  12  2.82866219184462128E-002  3.20015949127902766E-001
z  13  2.07084467591902889E-002 -5.95288605316764211E-002
z  14  2.48336722061676465E-002  8.60115947052803587E-002
z  15 -4.36401341597251538E-002  2.72618340460038175E-002
z  16 -2.76059575949828412E-002 -1.25452865017844604E-002
z  17 -3.70959804593973888E-002  6.99020807881604086E-003
z  18  2.37401934029847529E-002  7.01013679704928089E-003
z  19 -3.25663272031737408E-002  2.80719851406817508E-003
z  20  2.50673247017897394E-002  8.60409048986883473E-003
 
basis     6
D -5.55523190524831789E-001 -2.90061707897146304E-001
a   1  4.27988917857644646E-001 -2.83229393797595708E-001
a   2 -3.97144674677857579E-001  7.60843416252651172E-001
d   1  7.29448860249046066E-002  5.08008313832288505E-001
d   2 -7.82112623683174579E-001 -3.53421052790304779E-001
s   1 -2.78472938300776434E+002
s   2 -2.77974289869532470E+002
z   1  3.38614238374388532E-001 -7.93354876629082328E-001
z   2 -3.28574960368149760E-001 -1.82153445776954442E-001
z   3  6.84935993468545279E-001  2.10997530691463236E-001
z   4 -2.53869659432796102E-001  1.97855877606070346E-001
z   5  4.88617795605788413E-002  2.28857316908060299E-001
z   6  9.59906757395384211E-003 -8.07526705732691252E-002
z   7 -4.32839157226274363E-002  1.05176508787815912E-001
z   8 -1.17390977876853202E-002  1.80353349735956972E-002
z   9 -1.20844132377170038E-001  6.82831615954915695E-003
z  10 -1.50691927767536288E-001  3.10955862212044465E-001
z  11  3.73197748152827913E-001  2.93385613702901893E-001
z  12  2.13336239956705587E-001 -2.77210150790629828E-001
z  13 -5.53612598198129149E-002  4.49952069075394631E-002
z  14  4.35741383601261009E-002 -8.98873370925952209E-002
z  15  8.41927318185218126E-002  1.34963531141349905E-002
z  16  2.86896299339290430E-002  3.21826588482786516E-002
z  17  4.80834064027767377E-002  8.01455510625589083E-003
z  18 -9.68590576126613159E-003 -1.08570924143311064E-002
z  19  3.77644348057728715E-002  5.10525412233062484E-003
z  20 -1.85390100695771124E-004 -2.24627205497988681E-002
 
basis     7
D  1.04169412464314459E+000 -6.87032676503920303E-001
a   1  2.42788576955799890E-001 -6.53687979245800355E-001
a   2 -1.44530633220910698E-001  7.02037483863973466E-001
d   1  5.71044873192806390E-001  4.00202473894017807E-001
d   2 -7.16729266439703916E-001  6.70009836495730378E-003
s   1 -2.78286606536537647E+002
s   2 -2.77818565616377612E+002
z   1  3.32975771009076216E-001 -7.76639766565226153E-001
z   2 -3.21226406119513530E-001 -1.76539836876120848E-001
z   3  7.03350637934684664E-001  2.08453965198257929E-001
z   4 -2.26478066834136321E-001  1.55745444190538457E-001
z   5  1.35990611038022784E-002  2.34616005992101945E-001
z   6  1.75185654756926691E-002 -3.92716103160316091E-002
z   7  2.06021832180487523E-002  8.50621643430740509E-002
z   8 -1.22777827970656315E-002 -3.30481663095558709E-002
z   9 -1.02943452203396624E-001  5.16610076430463333E-002
z  10  7.75799913113578848E-002  1.63593930902989848E-001
z  11  1.64052696403245768E-001 -8.83557991848818031E-002
z  12 -7.18101043630980235E-002 -8.33484620293857004E-002
z  13  3.65869323613181099E-002  2.07927136489208658E-002
z  14 -2.41483999147691572E-002 -2.25752159133900537E-002
z  15  2.90495594231426971E-002 -2.55563355006628024E-002
z  16  2.09504691424852764E-002 -1.03952512551108208E-002
z  17  4.79674621428218591E-003 -1.14011248051552432E-002
z  18 -2.82272620315316726E-003  2.78448399935407164E-003
z  19 -3.77743755632592220E-003 -8.94003134043005673E-003
z  20  1.80421198375884761E-003  4.88253705898694917E-003
 
basis     8
D  4.05699068650305472E-001  9.54276405503283853E-001
a   1  1.92410367692928186E-001 -5.20173502655209896E-001
a   2 -1.08892542369998527E-001  8.24948599462907994E-001
d   1  4.10399481758188800E-001  3.73060970664216618E-001
d   2 -8.32047566631320845E-001 -9.72750751801388681E-003
s   1 -2.78414436693903724E+002
s   2 -2.77911399898507341E+002
z   1  3.35886554696228801E-001 -7.95053644006670002E-001
z   2 -3.21101900206511470E-001 -1.85377504019462819E-001
z   3  6.87506075257868221E-001  2.04515887854455125E-001
z   4 -2.46564366842536159E-001  1.85754192787202732E-001
z   5  3.38083275134656372E-002  2.22081477117949871E-001
z   6  1.28029655516016128E-002 -8.42566428001415985E-002
z   7 -3.72489385695293496E-002  9.46549175982657476E-002
z   8  2.65463406767040737E-003  5.81400505681303943E-004
z   9 -1.33755930582054067E-001 -4.36010374663005629E-002
z  10 -1.69570004289633092E-001  2.46759786777331597E-001
z  11  2.89096502528959798E-001  2.67447025446518605E-001
z  12  1.68158688819100732E-001 -2.37336184316072840E-001
z  13 -3.59515615225005566E-002  6.50801251837012928E-002
z  14  3.60809837098842040E-002 -9.23802540796939547E-002
z  15  8.47664021747597252E-002  1.08034163258129284E-002
z  16  3.74075666191897790E-002  4.17404755736840369E-002
z  17  5.77624253587651626E-002  1.72511927492119063E-002
z  18 -1.86642143315685662E-002 -1.96702348597136110E-002
z  19  3.67132906854458346E-002  1.28040739830131787E-002
z  20 -5.56661323119878211E-003 -8.68614031937504742E-003
 
basis     9
D -1.11702868898794461E+000  3.22873109169687089E-001
a   1  2.10113804461008191E-001 -7.23438676193546959E-001
a   2 -2.37159641625781931E-002  6.57210943309731510E-001
d   1  6.31891257979461329E-001  4.10152126810143958E-001
d   2 -6.54461665232027867E-001  6.45646939429661559E-002
s   1 -2.78324021620173653E+002
s   2 -2.77896544777931183E+002
z   1  3.31030830368980400E-001 -7.74404931224459081E-001
z   2 -3.40104872526099000E-001 -1.73940226479935400E-001
z   3  7.10390355290661857E-001  2.23068966634214022E-001
z   4 -2.32636784967969079E-001  1.52831829836340666E-001
z   5  1.24382487573103991E-002  2.12595500775001112E-001
z   6  1.72817060254627508E-002 -3.08689759970027823E-002
z   7  4.27680126538642277E-002  9.28968622648597558E-002
z   8 -1.94213787644013959E-002 -5.59033393130230483E-002
z   9 -1.03885193232408121E-001  1.14531213606313881E-001
z  10  1.96172954493022106E-001  1.65622694321624769E-001
z  11  1.80564088150399010E-001 -2.47459321323870579E-001
z  12 -1.75082137947225019E-001 -7.93779359412323388E-002
z  13  5.85538034277982081E-002  8.18726951834829533E-003
z  14 -5.39885129329390132E-002  2.19177153155879689E-003
z  15 -1.99175471452840529E-003 -3.55018127744101061E-002
z  16  2.11652253511344438E-002 -2.53130311337392798E-002
z  17 -3.46652553126867600E-003 -1.58514497232877596E-002
z  18  6.24496133834527480E-003  1.01399194137363983E-002
z  19 -1.29133272559183430E-003 -1.37209747370083419E-002
z  20  1.33523741697053901E-003  8.33496733891701466E-003
 
basis    10
D -1.27045804846029758E-001  2.79910037647796761E-001
a   1 -3.23847149072698293E-001  7.74387653956658539E-001
a   2  1.74295561145860367E-001 -5.14847397586724265E-001
d   1 -5.98035847655662756E-001 -5.88987554606873576E-001
d   2  5.30459950093822741E-001  1.18570766985087644E-001
s   1 -2.78412630505252139E+002
s   2 -2.77924431705236543E+002
z   1  3.27438973551406942E-001 -7.89292357805579714E-001
z   2 -3.27926547061178242E-001 -1.72657072390995675E-001
z   3  7.05212665177236797E-001  2.02635470704157494E-001
z   4 -2.37479712783044444E-001  1.55950505254333099E-001
z   5  2.59673560846657610E-002  2.28118706549715666E-001
z   6  4.43846670237128052E-002 -3.65645250725551846E-002
z   7  4.20013650627544394E-002  5.63820680832138876E-002
z   8 -3.66387645044942978E-002 -3.23264728825301204E-002
z   9  1.13791055800015802E-002  1.35230436074778304E-001
z  10  2.84073346305105445E-001 -2.91902897538538625E-002
z  11 -5.22664137321713976E-002 -3.97246558500412128E-001
z  12 -2.62709879661649714E-001  8.57695741376700155E-002
z  13  6.38419105436407730E-002 -4.81291502135620733E-002
z  14 -6.68698329880381970E-002  6.05110121078665172E-002
z  15 -5.78187220425502926E-002 -3.82938995891223682E-002
z  16 -2.00617503523208215E-002 -3.06982545404301775E-002
z  17 -3.46515798233564265E-002 -3.78690346402927591E-002
z  18  8.05494484798032102E-003  8.77881985965945320E-003
z  19 -3.52530538965603948E-002 -1.62853158127923697E-002
z  20  4.23340000597192869E-003  2.44609710487972420E-002
