ndof   20
nconf    2
nbasisfns   10
initial_PES    1
time  1.00000000000000000E+001
 
zinit   1  1.78495735323925930E+000 -7.58359930420443445E-002
zinit   2 -7.47851262871042088E-001  3.74781595393865741E-001
zinit   3  2.61155654471707410E-001 -4.04133578754901912E-001
zinit   4 -2.07061365479670384E-001  2.93342658370889131E-001
zinit   5 -2.56855323783319933E-001  1.00342998367087863E-001
zinit   6 -1.41300961128811801E-002  4.97657110364024130E-002
zinit   7  1.03757137886257247E-001  3.54831514851653568E-002
zinit   8 -2.93458021690727947E-003  4.01731272269587603E-002
zinit   9  4.59589428465791063E-003  3.75454578632035060E-003
zinit  10 -2.23904781317102366E-003 -1.02990873290430326E-002
zinit  11  4.27779900986871575E-003 -7.86868021366182203E-003
zinit  12  9.66479021891493081E-004 -3.50603230986859472E-004
zinit  13  9.94299214215208426E-004  1.57803454529658379E-003
zinit  14  7.27461926828436366E-005 -3.35991735672610235E-004
zinit  15 -1.59129781568194238E-004  1.53427203047560868E-004
zinit  16 -2.75178501778209329E-005  8.83620731142221473E-006
zinit  17 -1.62433431164548030E-006 -7.88287105864542491E-006
zinit  18  4.62614889722255450E-008  9.08331817636463053E-007
zinit  19  1.42600139877945310E-008 -1.00588326392236263E-008
zinit  20 -7.16296144562965505E-015 -1.41309908813784369E-014
 
basis     1
D  5.76285186859940790E-001  1.92700532785909408E-002
a   1 -2.87795050349780035E-001 -8.20839788433957107E-001
a   2  4.56723654572198712E-001  1.86546385845561491E-001
d   1  7.85881068963702356E-001  3.72820190878397129E-001
d   2 -1.27156993492195339E-003  4.93350214176224711E-001
s   1 -2.78811125254662954E+002
s   2 -2.77645762173441540E+002
z   1  4.38510545247554728E-001 -1.72457444111397806E+000
z   2  8.31576946249652615E-001  7.96556182461229251E-002
z   3  1.57991070166876413E-001  5.01190203695136560E-001
z   4 -3.23018951107538199E-001  9.05711710272530390E-002
z   5 -9.53289683118078157E-002  2.64951963605199459E-001
z   6  2.65624256121970055E-002  1.22940222035091105E-002
z   7 -2.85156160638336438E-002  1.46402837342129333E-001
z   8  4.18270214560367906E-002  4.77957327693417505E-002
z   9 -1.92739253147174751E-002  9.54417775542970859E-002
z  10  2.49542218413399325E-001  2.06915426711260730E-001
z  11  3.87012153318006369E-001 -2.56550107497016622E-001
z  12 -1.70981614016218975E-001 -3.47409207564556066E-001
z  13 -8.03498678386014714E-002  4.05776362621151424E-002
z  14 -7.49316233329885562E-002 -7.32221053371586578E-002
z  15 -5.55130014686608516E-004 -3.78813467489566985E-002
z  16 -8.98318541180956331E-004 -8.94556636218869772E-003
z  17  5.69145965465762851E-004 -1.93040759479567413E-002
z  18 -3.00015620566294258E-002 -1.82750727728734803E-002
z  19 -6.43133339105915990E-003 -5.76649775762196840E-003
z  20 -1.67067544168903667E-002 -1.12680335717621934E-002
 
basis     2
D  8.99575386981652791E-002 -8.01558400383168695E-002
a   1 -2.66558368214082075E-001 -8.62270992719090246E-001
a   2 -2.51127785392170733E-001 -3.49814532079922746E-001
d   1  8.83729960922332802E-001  1.83264793994732056E-001
d   2  1.83362675763349164E-001 -3.89632519930223908E-001
s   1 -2.78535244543890428E+002
s   2 -2.77522640085266801E+002
z   1  4.40086748825154306E-001 -1.74827581139503829E+000
z   2  8.25571791814615263E-001  4.97477512964162247E-002
z   3  1.43746318097183801E-001  4.72786801033912074E-001
z   4 -3.47512178175125697E-001  8.06496902048566139E-002
z   5 -8.41989825932273478E-002  2.41291547610848894E-001
z   6  5.28565532844820218E-002 -4.76249488666366308E-002
z   7 -4.79353966294809447E-002  8.28549359141261821E-002
z   8  2.87182492175301549E-002  3.47469892719806314E-003
z   9  2.80673633947679385E-002 -3.82381170134608803E-002
z  10  8.93280229510316631E-002 -7.09270648516040630E-002
z  11 -1.30247248591096884E-003 -2.13934639936104509E-001
z  12 -2.03104162257399162E-001 -7.92468986415033744E-002
z  13 -6.72075651484517061E-002  4.70529256844692684E-002
z  14 -7.23983341950708292E-002  4.86600353169141381E-003
z  15 -3.16054686165367776E-002 -1.22591657520428627E-002
z  16 -2.16197764099311206E-002  4.39505411098405595E-003
z  17 -2.86421244902081672E-002 -5.80666919833301882E-003
z  18 -2.41582332231394803E-002  5.44083319452620413E-003
z  19 -2.44415430080067685E-002 -9.61134502858009346E-003
z  20 -2.20608586723147065E-002  6.44852923145704162E-003
 
basis     3
D  1.27677344165271256E+000 -1.03719822940010920E+000
a   1 -3.72291703919797490E-001  7.75254430400868166E-001
a   2  3.31286466235187316E-001 -3.88109176167870384E-001
d   1 -2.52119326533960963E-001 -8.22226483307210487E-001
d   2  4.97889506034346396E-001  1.11738512238061985E-001
s   1 -2.78856520200043860E+002
s   2 -2.77545141190006348E+002
z   1  4.50314150550552073E-001 -1.73013164969425648E+000
z   2  8.37749942440848550E-001  6.41222883738658406E-002
z   3  1.69576346466267458E-001  4.49768473794032508E-001
z   4 -3.37350189832674063E-001  4.57225733021480105E-002
z   5 -1.00454708421641989E-001  2.40507075819129612E-001
z   6  5.00899711492542588E-002 -2.98443168329830220E-002
z   7 -2.38234342945826197E-002  5.40073582832489713E-002
z   8 -1.82043564774240531E-002  4.45503373087450649E-003
z   9  7.23426282549614885E-002  6.92804908561015370E-002
z  10  2.54024345552302966E-001 -1.90657990632227742E-001
z  11 -2.25781392774922790E-001 -3.99380705399646652E-001
z  12 -2.67829671080776099E-001  1.85086614963680063E-001
z  13  5.98920493404932683E-002 -3.26002421993681554E-002
z  14 -7.09417626654138961E-002  8.52787466553534268E-002
z  15 -7.93652614808119661E-002 -3.56702201095655258E-002
z  16 -1.82867520191985003E-002 -3.61334908316248843E-002
z  17 -4.96742363154108885E-002 -2.46231266336838610E-002
z  18  1.72687904763254262E-002  1.61150634441425411E-002
z  19 -3.11300502056754969E-002 -5.86539967054164162E-003
z  20  1.02795163297296367E-002  1.33909443893912346E-002
 
basis     4
D  1.56754219882024454E-001 -9.09261002534350826E-001
a   1  1.76476024865475478E-001 -9.27167581764295368E-001
a   2 -1.27880842240921971E-001  3.04734274673452710E-001
d   1  5.48450967992350935E-001  7.68104841629854818E-001
d   2 -3.30385995951002431E-001 -7.84739781501482721E-003
s   1 -2.78793576123410048E+002
s   2 -2.77657369652104023E+002
z   1  4.46686756452914391E-001 -1.73462962113711594E+000
z   2  8.25157335371602851E-001  6.74554252422632644E-002
z   3  1.75099795170596456E-001  4.72659300941243476E-001
z   4 -3.18678375267061331E-001  5.76200215774443011E-002
z   5 -1.02505387508538964E-001  2.44541680666019889E-001
z   6  4.96490252266027846E-002 -3.17674563224257332E-003
z   7 -1.22496110828860718E-002  9.92850046207119363E-002
z   8  2.49081580914745845E-002 -8.25789445266197387E-003
z   9  5.68315613603456726E-002  5.93600032209311984E-002
z  10  3.05361837861955698E-001 -1.15099166332714109E-001
z  11 -4.81783375785249865E-002 -5.03260209050517271E-001
z  12 -4.00307950912136279E-001 -4.49776613770081195E-003
z  13  1.94888173716726114E-002  4.48698618961695384E-002
z  14 -1.15324268536113661E-001  2.99493203444996942E-002
z  15 -5.33934050882117275E-002 -4.28731391188885355E-002
z  16 -2.93863355746120380E-002 -2.40973981004892618E-002
z  17 -3.32622538016352567E-002 -3.17708823210122171E-002
z  18 -1.76381107628887854E-002  1.77418055407911994E-002
z  19 -3.74987742421010670E-002 -8.70855443458492563E-003
z  20 -4.99055133348981408E-003  1.78795626635951006E-002
 
basis     5
D -5.74937225134340424E-001 -1.34239612585528389E+000
a   1  5.25885630912264812E-001 -4.29800122709391830E-001
a   2 -7.33943771421535995E-001  6.53437912150134359E-003
d   1 -1.15189876001991223E-001  6.69339327058887990E-001
d   2 -3.41761159636285894E-001 -6.49550203974282869E-001
s   1 -2.78886569330629413E+002
s   2 -2.77555504234056798E+002
z   1  4.66938178733730391E-001 -1.73066566032001989E+000
z   2  8.51690903804817712E-001  3.91303586212015247E-002
z   3  1.42459787891530243E-001  4.33340840241511871E-001
z   4 -3.67855253805875859E-001  6.44707541303927434E-002
z   5 -8.50717232305141097E-002  2.49447928853609696E-001
z   6  5.66052629898326429E-002 -8.89541456292240462E-002
z   7 -1.08463342529741533E-001  2.79232948904115236E-002
z   8 -1.82603589853430753E-002  4.20910591480680926E-002
z   9  7.97943595179701204E-002 -1.07199135225022765E-001
z  10 -1.39442761828612899E-001 -3.09401112377536980E-001
z  11 -4.42884710677776794E-001  9.77254723371847045E-002
z  12  7.33559230839222198E-002  3.35518650675571017E-001
z  13  2.99432920624000155E-002 -6.44626765096810994E-002
z  14  4.36299126719055727E-002  8.58413048014979863E-002
z  15 -5.17290379343039938E-002  2.60282129208711591E-002
z  16 -1.29567505078582359E-002 -1.00322469396557177E-002
z  17 -3.08969200708708730E-002  8.37385625319156217E-003
z  18  2.71214634322961522E-002  1.06854772691574312E-002
z  19 -2.47604267580583508E-002  1.49776429031687145E-002
z  20  2.43027459315096894E-002  1.28402759745882538E-002
 
basis     6
D -5.62792797972602288E-001  6.96516809103535972E-001
a   1  3.28887270629944439E-001 -1.65741509526112885E-001
a   2 -8.32164016805395090E-001 -4.14567201273656094E-001
d   1 -1.06480204749419355E-001  3.52560705069255576E-001
d   2  8.12168093556379089E-002 -9.26156976497856887E-001
s   1 -2.78791057979946856E+002
s   2 -2.77656228072728595E+002
z   1  4.46150592166296878E-001 -1.73998095777003292E+000
z   2  8.40889480430622061E-001  2.81530734529361996E-002
z   3  1.33576448208024584E-001  4.33139209485927601E-001
z   4 -3.63900793822447444E-001  7.55216013438999162E-002
z   5 -7.08043175187571122E-002  2.50311111006216225E-001
z   6  4.71176056274358879E-002 -8.57806947789251095E-002
z   7 -1.22265042250806935E-001  4.74776551260570959E-002
z   8 -3.34975218724484908E-002  4.73263320113681968E-002
z   9 -5.30964160089458272E-004 -1.17269473391169138E-001
z  10 -2.63486539919827234E-001 -1.26535009686468136E-001
z  11 -3.17913595304215424E-001  3.35917662799636807E-001
z  12  2.49724596901831103E-001  3.07417322731182219E-001
z  13  6.65491107429794504E-002 -5.11019592089302158E-002
z  14  8.84432532878468014E-002  6.80274891061376924E-002
z  15  1.41244395043103165E-002  2.52641029115031300E-002
z  16  3.49616746768729048E-003  8.38802667112089652E-003
z  17  1.25100511254428188E-002  3.32277990499176435E-003
z  18  4.62994654852347184E-002 -1.54043760519890919E-003
z  19  1.81259476154440394E-002  1.19974388082986303E-002
z  20  1.77927022143930039E-002  9.90010346319713207E-003
 
basis     7
D -3.18327783578705864E-002  1.24386198463113673E+000
a   1  4.48871341200316354E-001 -5.80542538940106656E-001
a   2 -4.95850433177389471E-001  4.64346021246866802E-001
d   1  5.31008909889471928E-002  7.31912164023918899E-001
d   2 -6.78264504517572142E-001 -3.79755374094020298E-002
s   1 -2.78871142102895931E+002
s   2 -2.77268683943030567E+002
z   1  4.56680588273346011E-001 -1.71615191478356621E+000
z   2  8.62759611374252278E-001  4.74528443755061272E-002
z   3  1.60082577629241718E-001  4.24508468593358779E-001
z   4 -3.66240681974208837E-001  6.22938684870621359E-002
z   5 -9.97605994288842252E-002  2.67338195454149108E-001
z   6  6.51645788454463665E-002 -4.43112695835241877E-002
z   7 -6.83627232309449023E-002  5.27023128557559395E-002
z   8 -3.76005586902607922E-002  5.07125621692067624E-002
z   9  5.72974175165105390E-002  3.26123695468461608E-002
z  10  6.39731011185101922E-002 -1.18099274193629519E-001
z  11 -1.49182570779340551E-001 -7.76431534750398472E-002
z  12 -1.30669893364602600E-002  1.09975144811031766E-001
z  13  6.30328076242885321E-003 -4.78905285183288121E-002
z  14  6.11836325312158091E-003  4.11893850489683938E-002
z  15 -2.99415658299960336E-002  1.36290535268549177E-002
z  16 -2.64787444994680661E-002 -1.75095909250524533E-002
z  17 -2.23783745328820158E-002 -1.08130560672292445E-002
z  18  7.68148892238637582E-003  4.40523237766840808E-003
z  19 -1.46590001370740242E-002 -6.71545699659829420E-003
z  20  7.56982489114500084E-003  1.03558183656774043E-002
 
basis     8
D -1.93277651658166960E-001  9.17077047827446590E-001
a   1 -4.65179614489317994E-001  4.95072436298916174E-001
a   2  5.76833927066430441E-001 -4.53623003898317168E-001
d   1  1.30840475073569027E-002 -6.79203650328971786E-001
d   2  7.28114137428788610E-001  9.14385693071788352E-002
s   1 -2.78866729562563705E+002
s   2 -2.77251476176990877E+002
z   1  4.65289726012787064E-001 -1.71734653338516452E+000
z   2  8.61844629167736742E-001  4.40023213381973005E-002
z   3  1.58309594787299390E-001  4.23360130545055058E-001
z   4 -3.56086486781245160E-001  6.74711623362426460E-002
z   5 -8.72099476912636534E-002  2.56325257129429329E-001
z   6  4.92321712165112862E-002 -5.71211252340282707E-002
z   7 -9.51933677626866648E-002  6.61739196332757768E-002
z   8 -6.91312670143987007E-003  6.53574338399869337E-002
z   9  3.66103414562651899E-002 -3.70247127551783448E-002
z  10 -5.99891656344468741E-002 -6.18500767223464296E-002
z  11 -9.20109627421469151E-002  8.58155909103078818E-002
z  12  7.45622567284691257E-002  4.41277640190527939E-002
z  13 -1.47461683196601617E-002 -6.85240670669919603E-004
z  14  2.33627317011932852E-002  5.80790637692761569E-003
z  15  8.52562091275368278E-003  2.26368516649449805E-002
z  16 -3.47041177520211004E-003  1.09311697351440612E-002
z  17  3.16908094038634985E-003  9.11009255510307307E-003
z  18  4.80162996983825741E-003 -3.28606086084566032E-003
z  19  4.64376218896284283E-003  1.29093331451578287E-002
z  20 -3.07726032854333930E-003  1.84925183392672097E-004
 
basis     9
D -9.85822676411375554E-001 -1.34861686666076647E-002
a   1  1.86221243721081953E-001 -7.99009813553531623E-001
a   2  2.78810882338312305E-003  5.71749239335999970E-001
d   1  4.34617647214507241E-001  6.95846631448052699E-001
d   2 -5.18146646786174836E-001  2.41720952042533105E-001
s   1 -2.78814465515507266E+002
s   2 -2.77599327185150003E+002
z   1  4.44448407699691739E-001 -1.71983581673920560E+000
z   2  8.36899825051329982E-001  7.56996602627348081E-002
z   3  1.77661350924470940E-001  4.75586151780209909E-001
z   4 -3.28384807657766786E-001  5.40729051671233682E-002
z   5 -1.22084922448026309E-001  2.49104800187901154E-001
z   6  2.85561643614615224E-002  1.58340772256398699E-002
z   7 -2.07231126224278681E-003  1.15087400460249387E-001
z   8 -1.36875976374519325E-002  7.37362002353818356E-003
z   9 -3.67883218217382943E-002  1.31434877402016009E-001
z  10  3.25450002012891038E-001  9.92931438415239342E-002
z  11  1.41560160875357416E-001 -3.95599504960898074E-001
z  12 -2.81128357964158360E-001 -6.10687746062146194E-002
z  13  4.90350844585164189E-002  2.67670605670058126E-002
z  14 -8.00893930735294690E-002  4.71055023223452673E-003
z  15 -2.93277612748539460E-002 -4.85044510092491749E-002
z  16 -1.34505771506849992E-002 -2.84239571330970019E-002
z  17 -1.92171512621129303E-002 -1.82476229678804058E-002
z  18 -4.88839663950206300E-003  5.81602334956062006E-003
z  19 -1.24310130328597005E-002 -1.04972726751524064E-002
z  20 -6.29321121745288637E-003  1.84579269446979687E-002
 
basis    10
D  1.44960310792054803E+000  2.03674356828928871E-001
a   1  4.89052585914170612E-001 -6.21920477058563792E-001
a   2 -5.40288752538738648E-001  2.86584284820414759E-001
d   1  2.87669562013305874E-002  7.90651613420853883E-001
d   2 -5.35145376074544377E-001 -2.96077548780601552E-001
s   1 -2.78899010793541208E+002
s   2 -2.77453193141760039E+002
z   1  4.59729009975219871E-001 -1.71526288640732205E+000
z   2  8.53506537575050239E-001  4.97781110959903336E-002
z   3  1.60961636701026728E-001  4.30680462881870896E-001
z   4 -3.56458270246589215E-001  5.56091986126385843E-002
z   5 -9.44041385041206743E-002  2.48116154634629105E-001
z   6  6.36455468021577681E-002 -6.38097122682496354E-002
z   7 -7.33805518629795234E-002  3.56562079683531777E-002
z   8 -2.25864893787033026E-002  5.02346036362821893E-002
z   9  1.15743110529295437E-001 -2.49160150422804969E-004
z  10  9.03665206135871590E-002 -2.76788259596274344E-001
z  11 -3.65100790938889141E-001 -1.59783191470835695E-001
z  12 -8.82578134257835378E-002  2.69516861133371033E-001
z  13  2.45370101409159644E-002 -8.35403138579150634E-002
z  14 -9.61355334508298340E-003  8.80208422678590285E-002
z  15 -6.67957934540753667E-002  1.38097777677176738E-003
z  16 -2.64228475300318059E-002 -3.71517761971576765E-002
z  17 -4.13840447989323526E-002 -1.31841869082854474E-002
z  18  3.39902506235311569E-002  2.42122920592041380E-002
z  19 -3.61559995776397844E-002 -1.69074339323859054E-003
z  20  1.75563211152294056E-002  8.50688706247087860E-003
