ndof    3
nconf    2
nbasisfns   15
initial_PES    1
time  5.00000000000000000E+000
 
zinit   1 -2.71961811404255818E-053 -2.77032197820732626E-056
zinit   2 -3.30010192369759368E-142 -3.29391989446856720E-142
zinit   3  0.00000000000000000E+000  0.00000000000000000E+000
 
basis     1
D  1.00000000000000000E+000  0.00000000000000000E+000
a   1  1.14834620594354078E-002  4.60817327598445070E-001
a   2  5.28908691221079863E-001  1.33266926568884214E+000
d   1 -4.59870384052653403E-001 -3.16813697164152891E-002
d   2 -1.39724852274063394E+000  3.21633861805547205E-001
s   1 -9.88124587442813436E+002
s   2 -9.69332897092802000E+002
z   1  4.35396300909207778E-001  7.63903875770522225E-003
z   2 -7.65764872730153711E-003 -2.24517756431466459E-001
z   3  5.25447544637827821E-002  5.52572634484509509E-003
 
basis     2
D  1.00000000000000000E+000  0.00000000000000000E+000
a   1 -7.45922441900986749E-002 -5.07117258380985758E-002
a   2 -1.28407953167396977E-001 -1.70943022025729918E-001
d   1  4.78995726044064637E-002 -7.64284827476574835E-002
d   2  1.59504011577529886E-001 -1.42367796592504786E-001
s   1 -9.87993651906827722E+002
s   2 -9.69096893184653368E+002
z   1  2.33868839512659382E-002 -1.55173381696355694E-001
z   2 -5.19659751689964478E-001  7.49862353874237386E-001
z   3 -8.00914241089195761E-002 -7.40380336533999484E-002
 
basis     3
D  1.00000000000000000E+000  0.00000000000000000E+000
a   1  2.83549919459384125E-001 -1.77016467595129068E-001
a   2  4.20361681329044168E-001 -3.73361243080295724E-001
d   1  1.07571316918564946E-001 -3.16486648062262288E-001
d   2 -3.71316380416780001E-001  4.22169049787434914E-001
s   1 -9.85775024977487078E+002
s   2 -9.70628983663900954E+002
z   1  6.26811046311731984E-002 -2.81476834640578093E-002
z   2 -5.96672773266550327E-001  4.05354721743833579E-002
z   3 -5.48453828299539647E-002 -1.56506979775400235E-001
 
basis     4
D  1.00000000000000000E+000  0.00000000000000000E+000
a   1  9.32793072361812747E-002  6.09965457180516382E-002
a   2  2.78529317635014817E-002 -3.46337890747969501E-001
d   1 -5.72118641608310996E-002  9.56473227395251008E-002
d   2  2.76427626029857654E-001 -2.10507690935680253E-001
s   1 -9.87990829818508132E+002
s   2 -9.68450246058489824E+002
z   1  7.93306141733642334E-001 -2.58468386320408139E-001
z   2 -3.54433982713466100E-001  4.30297681618349304E-001
z   3 -7.31404551155101779E-002  1.84722244759637777E-002
 
basis     5
D  1.00000000000000000E+000  0.00000000000000000E+000
a   1  6.76781690160062344E-002 -1.76652583665685842E-001
a   2  6.42592586464507398E-002  1.32158908015771986E-001
d   1 -1.74780501953253231E-001  7.23757280729532687E-002
d   2 -1.52495568485461336E-002 -1.46159776633777383E-001
s   1 -9.84130833322553485E+002
s   2 -9.71100740056614200E+002
z   1  4.83931268305899664E-001 -3.87276377421701401E-001
z   2  2.01316358129494916E-001  2.44044587223750109E-001
z   3  6.30690733777886370E-002 -2.66862636852944812E-001
 
basis     6
D  1.00000000000000000E+000  0.00000000000000000E+000
a   1  4.54563189404788570E-003 -2.95123802722531359E-001
a   2 -2.66498640822462385E-001 -5.59256076621833381E-002
d   1 -2.03225078985114299E-001 -2.14052070707615061E-001
d   2 -7.79851160444956226E-002 -2.60897529363792235E-001
s   1 -9.79402049460318040E+002
s   2 -9.74967209971397551E+002
z   1  1.28841264472340067E-001 -5.17424704802804114E-001
z   2 -2.66638919451408829E-001  2.35910481466569510E-001
z   3 -2.52755376396315956E-001  1.25736648045980559E-001
 
basis     7
D  1.00000000000000000E+000  0.00000000000000000E+000
a   1 -1.35935515022206355E-001  1.50358531918260097E-001
a   2  2.83827156483285048E-004  6.29904488565644183E-001
d   1  2.82312002954328532E-002  2.00721577551707386E-001
d   2 -6.27380759296539359E-001  5.63305258052706620E-002
s   1 -9.85585298867464758E+002
s   2 -9.69092237513025111E+002
z   1  3.84473654196743453E-001  2.66870030478340126E-001
z   2  5.64827658813279676E-001 -2.70641925800398850E-002
z   3  3.38926546340337365E-003 -5.66384917672541968E-002
 
basis     8
D  1.00000000000000000E+000  0.00000000000000000E+000
a   1 -2.38302848630886271E-001 -5.98468360843636971E-001
a   2 -1.04176526822879253E-002 -1.24463878564802399E-001
d   1  6.44089933362371969E-001 -1.00391402878969669E-002
d   2 -1.22591118930952925E-001  2.38998350215982834E-002
s   1 -9.88394247495817012E+002
s   2 -9.65930705964252866E+002
z   1  8.88785447425952668E-002 -1.34329196758151220E-001
z   2  3.85692333895417461E-001  9.31462442818191128E-002
z   3  5.81198405780276525E-003  4.34287407440721099E-002
 
basis     9
D  1.00000000000000000E+000  0.00000000000000000E+000
a   1 -3.80665097604043351E-002 -5.81611188514045210E-002
a   2 -4.47712015701747068E-001 -5.57344454645627319E-001
d   1  8.93339471352445208E-003  6.89345295935102076E-002
d   2 -5.70511044356656782E-001  4.30808586723883613E-001
s   1 -9.83769159220476126E+002
s   2 -9.72352898500680112E+002
z   1  5.32010504737622125E-001  3.75389528220402724E-001
z   2  6.17891374006536015E-002  5.77252080455850913E-002
z   3 -1.82520555743646909E-002 -3.21098443069514281E-002
 
basis    10
D  1.00000000000000000E+000  0.00000000000000000E+000
a   1  1.57974394269753474E-002  4.32370636914180817E-002
a   2 -1.48661050826407511E-002 -2.55100109762913842E-002
d   1  4.28573215112206043E-002  1.68003798167948235E-002
d   2  1.99583229005168804E-002  2.17583797038595553E-002
s   1 -9.85613193576447202E+002
s   2 -9.70537497975089309E+002
z   1  3.28735443537330307E-001 -1.11427807901703346E+000
z   2  4.31098639212504797E-001 -2.63936538909816332E-001
z   3  1.48492215215088125E-001 -2.07452258776720244E-001
 
basis    11
D  1.00000000000000000E+000  0.00000000000000000E+000
a   1 -9.34561052298600731E-002  1.95265587492668563E-001
a   2  3.42057568378767926E-002  1.15552170598849369E-001
d   1  7.54575505387198309E-002  2.02901087553241627E-001
d   2 -9.76237099594055996E-002  7.06537273236125529E-002
s   1 -9.85657659211079476E+002
s   2 -9.68842656351408095E+002
z   1 -2.26180066154298448E-001 -6.21982420620177501E-001
z   2  2.54698508534826007E-001 -2.98342953718456927E-001
z   3 -6.51390066150283817E-003  5.16000076106160957E-002
 
basis    12
D  1.00000000000000000E+000  0.00000000000000000E+000
a   1  1.47848625649452697E-001  1.10243704031252582E-001
a   2  4.16529689082068610E-001  8.35815595107702314E-002
d   1  1.25473357288578530E-001 -1.35164074352969760E-001
d   2 -2.65555487344343810E-001  3.31606909032916952E-001
s   1 -9.84996818422104752E+002
s   2 -9.69658539040018354E+002
z   1  3.52006236266458883E-001 -4.43051625429043000E-002
z   2 -3.00235881323725029E-001 -1.13631073628861809E-001
z   3 -1.17884833530450164E-001 -1.02045678069849106E-002
 
basis    13
D  1.00000000000000000E+000  0.00000000000000000E+000
a   1 -1.03792713406594073E-001  2.55562383622948211E-002
a   2  2.41556062063079613E-001 -2.42586180124613526E-001
d   1 -7.13073831622321186E-002 -7.96323161919105377E-002
d   2  3.23290369338267103E-001  1.12608716358906444E-001
s   1 -9.87542011064548319E+002
s   2 -9.68733241153323661E+002
z   1  3.20256836400493350E-001 -4.78887988640449735E-001
z   2  5.49030978713122342E-001 -4.94270117055234715E-001
z   3  1.09733236993973360E-001 -1.91628253261012238E-002
 
basis    14
D  1.00000000000000000E+000  0.00000000000000000E+000
a   1  9.88866783756125606E-002  3.68500042338010814E-002
a   2 -2.25739194314734520E-001  6.19764930148360288E-002
d   1  2.17374448491065783E-002  1.03266555397306864E-001
d   2 -1.97352673185832300E-001 -1.25901516760877685E-001
s   1 -9.87466712285132076E+002
s   2 -9.68446343160224160E+002
z   1  2.74256444800490218E-001 -4.13439080449201218E-002
z   2  3.34656510332845603E-001  5.10059685681422015E-001
z   3  1.90742006122560370E-001 -3.75286800966751072E-002
 
basis    15
D  1.00000000000000000E+000  0.00000000000000000E+000
a   1  6.18988980350302503E-002  1.35275907838085491E-001
a   2  3.20913974513542199E-001 -6.63536796410074958E-002
d   1  1.41862741220501770E-001 -4.47884747761543717E-002
d   2  2.38927965242298590E-001  2.24281112145349432E-001
s   1 -9.85012619522773662E+002
s   2 -9.68568217139111312E+002
z   1 -2.40373876481528470E-001 -6.47930990435934939E-001
z   2 -5.48097982945997764E-001 -3.00166169659336124E-001
z   3  1.83699041708005661E-001 -4.85098210156187232E-002
