ndof    3
nconf    2
nbasisfns   15
initial_PES    1
time  5.00000000000000000E+000
 
zinit   1 -2.71961811404255818E-053 -2.77032197820732626E-056
zinit   2 -3.30010192369759368E-142 -3.29391989446856720E-142
zinit   3  0.00000000000000000E+000  0.00000000000000000E+000
 
basis     1
D  1.00000000000000000E+000  0.00000000000000000E+000
a   1 -1.72596093642792464E-001  1.21197970738993285E-001
a   2  3.26256301003156474E-002 -1.56665096936808634E-001
d   1 -2.10870873786497742E-001 -3.44009309763574451E-003
d   2  1.44869120942833551E-001 -6.79803069639504376E-002
s   1 -9.80805425020571079E+002
s   2 -9.74820453583161452E+002
z   1  6.18250188271067702E-001 -3.29486630718072659E-001
z   2 -3.71107728585571894E-001 -3.05549909152433741E-001
z   3  1.52518408098863217E-001  3.03877662533327153E-001
 
basis     2
D  1.00000000000000000E+000  0.00000000000000000E+000
a   1  1.28218216935275242E-001 -1.15592367933975981E-001
a   2  1.10365605186414695E-001  8.85737633560355203E-002
d   1 -1.72165566095552058E-001 -1.26698275301236757E-002
d   2 -1.29216475739719006E-001  5.76973202204500643E-002
s   1 -9.77842432696457308E+002
s   2 -9.75939068746577277E+002
z   1 -8.60667387025059183E-002 -2.10612076043570962E-001
z   2 -3.61173786082225723E-001 -3.10012279169217309E-001
z   3  2.64857284575096968E-002  2.86600108251235774E-001
 
basis     3
D  1.00000000000000000E+000  0.00000000000000000E+000
a   1  2.00224239894199962E-001  1.94939861291439392E-001
a   2 -1.18415731821564507E-001 -1.33864903650435241E-002
d   1  2.52089490558393581E-001 -1.20590980224664274E-001
d   2  7.57771808248526163E-002 -9.19744667468514188E-002
s   1 -9.78958690669177372E+002
s   2 -9.76041091688797792E+002
z   1 -5.94568282466390804E-002 -5.98842367366517636E-001
z   2 -3.63136115333633713E-001 -3.55488269690379333E-001
z   3  4.52950978326932541E-002  1.96842113940148195E-001
 
basis     4
D  1.00000000000000000E+000  0.00000000000000000E+000
a   1  7.36607027742812448E-002  1.54575919115926885E-001
a   2  2.81512017254570007E-002 -2.59906606464299250E-001
d   1 -1.39067906992448281E-001  9.98986043369692184E-002
d   2 -2.38727167526092215E-001  1.06551742019286508E-001
s   1 -9.81569471948420414E+002
s   2 -9.71795234115106041E+002
z   1  2.98204261231064527E-001 -2.61387240924311648E-001
z   2 -4.26080241381399993E-001  3.73242310174702940E-001
z   3 -6.20395758841203598E-002 -4.87507964568434024E-002
 
basis     5
D  1.00000000000000000E+000  0.00000000000000000E+000
a   1  1.59712264077255861E-001  8.77961293708218737E-002
a   2 -1.86628735597858336E-001  8.90288829957845140E-002
d   1  1.55777540415875299E-001  9.46019319631557498E-002
d   2 -2.02201041436762929E-001  4.32569740067527478E-002
s   1 -9.80220045587708455E+002
s   2 -9.74128078246677774E+002
z   1 -9.94434983688289725E-002 -3.37863221118013091E-001
z   2 -1.83401749239450407E-001  6.59171256000936845E-001
z   3 -6.49632730868425629E-002  3.17331657526633421E-002
 
basis     6
D  1.00000000000000000E+000  0.00000000000000000E+000
a   1  6.47093528268943563E-002  8.97108136925265920E-002
a   2 -3.59066746204812163E-003  4.45315964380004837E-004
d   1  3.29735837790856492E-003  1.10564270288273300E-001
d   2 -2.50001892977128656E-003  2.61555051221115274E-003
s   1 -9.80771979358890803E+002
s   2 -9.73209134318056613E+002
z   1 -3.90458558390757104E-001  2.58384661758111478E-001
z   2  4.33971713560899253E-001  1.96937059120358027E-001
z   3 -1.89692713237500643E-001 -1.96156500431893616E-001
 
basis     7
D  1.00000000000000000E+000  0.00000000000000000E+000
a   1  1.62168846009300677E-001 -4.88280684342365726E-002
a   2  1.05671347502932111E-001  9.42146753318587743E-002
d   1  1.14922456494548866E-001 -1.24401542901466017E-001
d   2  1.41548351011315826E-001 -2.62736692342743078E-003
s   1 -9.79644382866286492E+002
s   2 -9.73147018343544005E+002
z   1  1.05013794209487948E-002  2.68816693577413446E-001
z   2  5.29218072610957990E-001  2.99491855211289848E-001
z   3  1.83620189738403328E-001 -2.90475521981229598E-002
 
basis     8
D  1.00000000000000000E+000  0.00000000000000000E+000
a   1 -6.73804108171615068E-002  1.97512118075616021E-002
a   2 -4.21247569455309445E-002  9.65272372990019778E-002
d   1 -2.41054031318358002E-002  6.59481589554120617E-002
d   2  1.02705373308006234E-001 -2.33154236925040108E-002
s   1 -9.79241687744642604E+002
s   2 -9.71688207813500526E+002
z   1  4.47202661668165857E-001  4.55817162867836356E-001
z   2  1.16283457114343347E-001  1.91446656818021282E-001
z   3 -3.23843654933765435E-001  1.35723918161070489E-001
 
basis     9
D  1.00000000000000000E+000  0.00000000000000000E+000
a   1 -1.80552974260579230E-001  6.03225108865795168E-001
a   2 -3.57014476669631764E-002 -1.55584085614610800E-002
d   1 -3.88890235475700452E-001 -4.95221458775915835E-001
d   2 -2.45542636280426160E-003  3.88668023364297580E-002
s   1 -9.76078785012289131E+002
s   2 -9.78258227141568568E+002
z   1  7.04393205167920533E-002 -2.21152879616717229E-001
z   2 -2.91094228969095495E-002  2.12815800043587959E-002
z   3 -5.33928520707974488E-003 -8.97255917912062467E-002
 
basis    10
D  1.00000000000000000E+000  0.00000000000000000E+000
a   1  2.30635496100386264E-002 -2.28201485739039263E-002
a   2 -2.57940704876780807E-002 -1.79230801647389387E-002
d   1 -6.70850785475381357E-003  3.17440139855133738E-002
d   2  8.96882213933735198E-003  3.01020116329107773E-002
s   1 -9.76452879459578526E+002
s   2 -9.77709275738764518E+002
z   1 -8.14649745142229792E-002 -5.68921429368203668E-001
z   2  9.95682156802644935E-001 -2.17490087068762994E-001
z   3  1.36311563851228668E-001 -1.78377403789586747E-001
 
basis    11
D  1.00000000000000000E+000  0.00000000000000000E+000
a   1  6.60187141264359512E-003  1.92606335106593141E-001
a   2 -1.53360761481767995E-002  6.88283604172209348E-003
d   1  1.85892481591542924E-001 -5.08406364739881975E-002
d   2 -9.65565596057017458E-003 -1.37599771646253703E-002
s   1 -9.78373408333322573E+002
s   2 -9.75274495144487560E+002
z   1  2.23337996731898414E-001  1.52905002676814478E-001
z   2  3.55185446674938787E-001 -3.11116215993514078E-001
z   3 -7.76154421904676206E-002  4.82912400708538969E-001
 
basis    12
D  1.00000000000000000E+000  0.00000000000000000E+000
a   1 -3.19911065395001165E-002 -1.35593241513248808E-001
a   2  4.18721263867023241E-001  1.94048173726146800E-002
d   1 -8.61646665444513668E-003 -1.39049324141056863E-001
d   2  3.59245436645582450E-001 -2.15978610054298387E-001
s   1 -9.80346717323382450E+002
s   2 -9.73306110799681278E+002
z   1  5.47795823874361432E-001  1.59261960094925409E-001
z   2  1.83841126188736936E-001 -1.54811826336124669E-001
z   3 -1.27026723249841801E-002  7.20960879355545120E-002
 
basis    13
D  1.00000000000000000E+000  0.00000000000000000E+000
a   1 -3.58289610359584093E-002 -7.71106815436901072E-002
a   2 -5.16476745504606885E-002 -3.02829963199880842E-002
d   1 -8.43958743146572821E-002  1.03493021848426181E-002
d   2 -8.03555074308854970E-003 -5.93293525739322855E-002
s   1 -9.78919057069794235E+002
s   2 -9.74799585018757512E+002
z   1  5.87697817034061876E-001 -3.13395043424893993E-001
z   2  3.11540725424056530E-001  1.38905596408703730E-001
z   3  2.91452273966895589E-002  3.14763736457613075E-001
 
basis    14
D  1.00000000000000000E+000  0.00000000000000000E+000
a   1 -1.17783727950248621E-001  4.09148752940789243E-002
a   2 -3.97309573010971237E-002  7.77195090267648880E-002
d   1  2.95336830742961992E-002  1.21139568904034156E-001
d   2  1.88468348503347052E-002 -8.52271545198313024E-002
s   1 -9.78701310308620350E+002
s   2 -9.76780374344403299E+002
z   1 -8.74395807409094200E-002  5.29773907598186766E-001
z   2  2.37097107140855023E-001  4.79103895056890716E-001
z   3  3.32457210776733791E-001  8.54846127453453286E-002
 
basis    15
D  1.00000000000000000E+000  0.00000000000000000E+000
a   1 -8.36081095730884100E-002  7.46752589348323725E-002
a   2 -1.28503667550413682E-003  3.15190202334835190E-002
d   1 -6.96505126502068445E-002 -8.78380121071350162E-002
d   2 -1.61821252469143174E-002 -2.70783821198629336E-002
s   1 -9.81806303511594365E+002
s   2 -9.70172727114886811E+002
z   1 -7.92424740532223115E-001  1.27011274868956331E-001
z   2  2.87014387629399237E-001  7.28994310870808154E-002
z   3 -2.15364522116822138E-001  3.21534166186156559E-002
