ndof    3
nconf    2
nbasisfns   15
initial_PES    1
time  5.00000000000000000E+000
 
zinit   1  1.00762859594531342E-054  2.36567194016417546E-053
zinit   2 -4.71056306861197781E-142 -1.27879362760176399E-142
zinit   3  0.00000000000000000E+000  0.00000000000000000E+000
 
basis     1
D  1.00000000000000000E+000  0.00000000000000000E+000
a   1 -1.54928740064232434E-001 -3.01556668122977337E-002
a   2 -5.34490271009964019E-002  5.26491524587179224E-002
d   1  5.62051092652205431E-002  1.47489879080801439E-001
d   2 -4.85013540222600653E-002 -5.72394130881141092E-002
s   1 -9.78049784636041636E+002
s   2 -9.75539429356821529E+002
z   1  7.14233042754315539E-001 -5.56493222322379411E-001
z   2 -2.18384956094243243E-001  4.80145200054454546E-001
z   3  3.89344762893074695E-002  1.36048910017738583E-001
 
basis     2
D  1.00000000000000000E+000  0.00000000000000000E+000
a   1  1.14953942764330880E-001  1.48740745272375269E-001
a   2  1.19838310527255187E-001 -3.66228838616056845E-003
d   1  1.63601367316765584E-001 -9.25894749597999805E-002
d   2  1.06030628390512388E-001  5.59655150013230601E-002
s   1 -9.78749072556927445E+002
s   2 -9.74409931630235974E+002
z   1 -4.36347404946500969E-002 -6.29059727950188718E-001
z   2 -2.36662774507208767E-001  2.93389154957113818E-002
z   3  3.67385495372459348E-001  1.58790701390363859E-001
 
basis     3
D  1.00000000000000000E+000  0.00000000000000000E+000
a   1  1.04275447242358238E-001  3.08286349916866362E-002
a   2 -5.78065605430538726E-002 -1.32869281776175734E-002
d   1 -5.42632909738316460E-002 -9.42298725762364814E-002
d   2  5.87531395575491347E-002 -8.13692167506087534E-003
s   1 -9.77796172960711942E+002
s   2 -9.76671769871957622E+002
z   1 -5.84433576168946423E-001 -1.39663710248866813E-001
z   2  6.39590673341002947E-001 -1.98825811013868203E-001
z   3  7.26473359002358793E-002 -7.79177329260402896E-002
 
basis     4
D  1.00000000000000000E+000  0.00000000000000000E+000
a   1  7.05262028683348030E-002 -5.50913051353882494E-002
a   2  4.96080695517896464E-002 -4.48868726931867662E-002
d   1  5.38672884877055558E-002  7.14654631519888450E-002
d   2 -6.36608546216644589E-002  2.05690907351019914E-002
s   1 -9.81764944502725825E+002
s   2 -9.71175090928195914E+002
z   1 -2.63023427484966155E-001 -6.33952696986316511E-001
z   2 -1.66322685226335615E-001 -9.76435800292556610E-002
z   3  6.01632184293966615E-002  1.70748822411318585E-001
 
basis     5
D  1.00000000000000000E+000  0.00000000000000000E+000
a   1 -1.61087060710010388E-001 -2.02919702207403185E-001
a   2  3.05066353392053659E-002  1.35214370929244414E-002
d   1 -2.40133845433090770E-001  9.72686123559302895E-002
d   2  1.59910265347039116E-002  2.92877300442277687E-002
s   1 -9.78892228207791845E+002
s   2 -9.74547544648985195E+002
z   1  3.00321843088822205E-001  3.92865258801595035E-002
z   2  1.12913310159689126E-001 -3.47790551817947713E-001
z   3 -3.19411549329469344E-002  6.76710090560323357E-002
 
basis     6
D  1.00000000000000000E+000  0.00000000000000000E+000
a   1 -1.51436843599527693E-001  1.90320153923430324E-004
a   2  3.98805829560361855E-002  2.90874869317424289E-002
d   1  1.47862046677214365E-001  3.27103802113958911E-002
d   2 -4.85604858272865245E-002 -8.85562020049838680E-003
s   1 -9.77254287893762694E+002
s   2 -9.76585532639355847E+002
z   1  8.42380140294410440E-001 -4.01228538587021732E-001
z   2 -2.09002352304345385E-001  6.68140820270994307E-002
z   3 -2.46555068952418466E-001 -2.45366090955980748E-001
 
basis     7
D  1.00000000000000000E+000  0.00000000000000000E+000
a   1 -1.24614285643667277E-001 -1.20872123833475148E-001
a   2 -4.88526375305794791E-001 -2.46179461170842412E-001
d   1 -1.49698741293232518E-001 -8.79151713967406961E-002
d   2  1.30324743705818563E-001  5.31298228540051931E-001
s   1 -9.79937766965188075E+002
s   2 -9.71615600105059002E+002
z   1  5.11077161681878556E-001 -2.18523704742102615E-001
z   2 -1.98613240531111318E-001 -1.15369509541887003E-001
z   3 -1.77416782258004141E-001 -1.34412638128796925E-002
 
basis     8
D  1.00000000000000000E+000  0.00000000000000000E+000
a   1  2.55708585513941156E-001 -2.96722541036245624E-002
a   2  2.32863738464666126E-001  2.69434203752065338E-001
d   1 -2.40263534631447756E-001  9.24162177084396491E-002
d   2 -2.74452258922004533E-001 -2.26927892547079540E-001
s   1 -9.76783638125235598E+002
s   2 -9.76868132442907495E+002
z   1  1.78566768190476677E-001  6.78294444339344327E-002
z   2 -8.34945217685668234E-002  3.33415986573105672E-002
z   3 -2.63072479576582752E-001 -4.77520560050224280E-002
 
basis     9
D  1.00000000000000000E+000  0.00000000000000000E+000
a   1  3.50781869604133711E-001  7.52058673283795054E-001
a   2  4.47910020712595613E-001  3.89414160589551805E-001
d   1 -7.80417556826849879E-001 -2.82114524795807120E-001
d   2 -5.92413057916824304E-001 -3.62428466329623583E-002
s   1 -9.76247826373552016E+002
s   2 -9.76380766436462750E+002
z   1  3.46311275702565813E-001 -3.98654559136622566E-001
z   2 -4.02854917152848241E-002  2.89471769065843924E-002
z   3 -9.93699977064713136E-002  1.42052820210961328E-001
 
basis    10
D  1.00000000000000000E+000  0.00000000000000000E+000
a   1 -1.25682966097551391E-001  2.12258562081825475E-001
a   2  1.22752024618406452E-001  4.52075973882616611E-002
d   1  2.14367775909077407E-001  1.22050652582925509E-001
d   2 -6.81136997028706503E-002  1.11679498218447346E-001
s   1 -9.78589083925551904E+002
s   2 -9.75659318865359865E+002
z   1 -6.28020775553988275E-001 -1.26644371504605807E-001
z   2 -1.45812693613082522E-001  6.37268445546190776E-001
z   3  1.16241748107275375E-001 -2.26197538605668880E-002
 
basis    11
D  1.00000000000000000E+000  0.00000000000000000E+000
a   1 -9.98648639548208872E-002 -2.17407715533125517E-001
a   2  2.27115783331722332E-001  6.01101209746044349E-002
d   1 -2.38746367358245060E-001  1.54686101279076504E-002
d   2  1.89803109414071990E-002  2.34167789156687650E-001
s   1 -9.78972007974472035E+002
s   2 -9.75124906591816512E+002
z   1  6.58218870544911461E-001  1.64256441181824919E-001
z   2 -2.92742700524509181E-001 -6.29556741889526067E-002
z   3 -2.68877199220356466E-002 -1.24151454120852323E-001
 
basis    12
D  1.00000000000000000E+000  0.00000000000000000E+000
a   1 -4.94890395881860679E-002 -8.43757147903848592E-002
a   2 -4.39002610781300540E-002 -7.19412645695712005E-002
d   1 -9.59616372386341426E-002  1.89681434049356543E-002
d   2  2.33180121777439818E-002 -8.09879545282852775E-002
s   1 -9.78941420914690866E+002
s   2 -9.74721962870392986E+002
z   1  2.32463687797745233E-001 -2.61512458235814566E-002
z   2  6.40579215496763221E-001  1.94156857486484924E-001
z   3 -5.93732845061236136E-002  1.98492094886970866E-001
 
basis    13
D  1.00000000000000000E+000  0.00000000000000000E+000
a   1  2.26177820463282830E-001 -4.70599002264508876E-002
a   2 -5.24651652974635480E-002 -1.77444313342052074E-001
d   1 -1.79621412888106430E-001  1.45283132919568153E-001
d   2 -6.01405697522295335E-002  1.74991970607224545E-001
s   1 -9.76560352606797892E+002
s   2 -9.77653825973132939E+002
z   1 -3.66166960416525467E-001 -5.00072983608259025E-002
z   2  2.13646331968760650E-002  5.99052686606348250E-001
z   3  2.71565191697925479E-001  4.72397940838365157E-002
 
basis    14
D  1.00000000000000000E+000  0.00000000000000000E+000
a   1 -2.50645176544909976E-003  5.96293696054515210E-001
a   2 -1.17516487525548455E-001 -1.72753291145663707E-001
d   1 -7.08319963286161702E-002 -5.92077091729539928E-001
d   2  1.31093758530482024E-001  1.62690660200124904E-001
s   1 -9.76912044723799340E+002
s   2 -9.76954408373780552E+002
z   1  2.08260624258705257E-001 -8.71471849868390575E-002
z   2  2.25034872160570845E-002  1.40716174649546527E-002
z   3 -2.10123855441905372E-001 -9.95237515164099362E-002
 
basis    15
D  1.00000000000000000E+000  0.00000000000000000E+000
a   1 -2.42144324445689063E-001  1.53334369592214775E-001
a   2 -2.07853834036000384E-001 -1.01873930536950041E-001
d   1  1.82294599951412728E-001  2.21165055078905826E-001
d   2 -2.31109094783993246E-001  1.30422526672255481E-002
s   1 -9.78481259378529103E+002
s   2 -9.73381634311315452E+002
z   1  2.03184120719215766E-001  1.13285461891495687E-001
z   2 -4.18901832241685701E-001  1.86642457335846584E-001
z   3 -4.02528034472225543E-002 -7.05465153637239994E-002
