ndof    3
nconf    2
nbasisfns   15
initial_PES    1
time  5.00000000000000000E+000
 
zinit   1  1.00762859594531342E-054  2.36567194016417546E-053
zinit   2 -4.71056306861197781E-142 -1.27879362760176399E-142
zinit   3  0.00000000000000000E+000  0.00000000000000000E+000
 
basis     1
D  1.00000000000000000E+000  0.00000000000000000E+000
a   1  2.23069747041224412E-002  7.76216154351271892E-002
a   2 -1.03399718213347189E-002  3.07924783073670660E-001
d   1  7.56673308660994887E-002 -2.82342229007521914E-002
d   2  6.04953912128004673E-002 -3.02100802200595542E-001
s   1 -9.84812001088189959E+002
s   2 -9.70916198030288342E+002
z   1  6.97785696822292412E-001 -9.14761225192204791E-002
z   2 -4.94495571699139325E-001  1.27744792227946019E-001
z   3  7.94041795330229089E-002  2.31594736457925096E-003
 
basis     2
D  1.00000000000000000E+000  0.00000000000000000E+000
a   1 -1.09493446642158598E-001  8.85436703725199503E-003
a   2 -1.05624297720200988E-001  4.47828717007824062E-003
d   1 -9.41438695225924049E-002 -5.66051808982420343E-002
d   2 -5.76291185441684325E-002  8.86308750982721660E-002
s   1 -9.80798946286062915E+002
s   2 -9.72941825476369331E+002
z   1 -2.16722313939619937E-001 -7.32584787357577413E-003
z   2 -5.95559672369243343E-001 -3.53443784691960597E-002
z   3  3.74583596188546475E-001 -2.25986653651747499E-001
 
basis     3
D  1.00000000000000000E+000  0.00000000000000000E+000
a   1 -3.56759521588858527E-002  8.79132489715301058E-002
a   2  6.79336954932249770E-002  2.50706545584911178E-001
d   1 -9.39396071736546129E-002 -1.32989891056730543E-002
d   2 -1.74176722946830814E-001  1.92694650071008194E-001
s   1 -9.87786020816712835E+002
s   2 -9.68610117761706647E+002
z   1 -2.97073736944614808E-001 -2.35346555194439894E-001
z   2  5.18807962095824915E-001 -2.00582179646648012E-001
z   3  1.04273495376307632E-001 -2.45096827847664483E-001
 
basis     4
D  1.00000000000000000E+000  0.00000000000000000E+000
a   1 -9.02801950968096234E-002 -1.38213344766270507E-001
a   2  4.00690122298190621E-001 -8.65538741239052500E-002
d   1 -1.39187815385067248E-001 -8.87704587491266739E-002
d   2  2.65381925436659505E-001  3.12436522968629726E-001
s   1 -9.86035647408223667E+002
s   2 -9.68689934327748688E+002
z   1  5.07294207003855746E-001  2.81650023064924752E-002
z   2 -5.85527640185779297E-001  2.22271250463349029E-001
z   3  6.92788465280178845E-002  3.45405661626268845E-001
 
basis     5
D  1.00000000000000000E+000  0.00000000000000000E+000
a   1 -4.70003898781024484E-002 -3.96837058488324831E-002
a   2 -5.23068200866605437E-001 -2.67817873123038924E-002
d   1  5.15843013033700712E-002  3.35095959037620891E-002
d   2  5.16575543958742056E-001 -8.64136231921724257E-002
s   1 -9.83193409004469231E+002
s   2 -9.70535226296292876E+002
z   1 -1.89446331224910863E-001 -4.33356331959187990E-001
z   2  3.16796629415554698E-001 -9.89112997078487738E-002
z   3  1.83428414123956579E-001  1.70109567554646984E-001
 
basis     6
D  1.00000000000000000E+000  0.00000000000000000E+000
a   1 -2.39483717277289648E-001  7.82251071254992381E-002
a   2 -8.05275299942847855E-001  2.40421430702188188E-001
d   1  2.00897264280344129E-001  1.52026009059036349E-001
d   2  8.25104415884817421E-001  1.59604122522900072E-001
s   1 -9.84282013279424177E+002
s   2 -9.71233338570477599E+002
z   1  7.81852913752539291E-001 -3.42291349336197648E-001
z   2 -4.17587532987538576E-002  1.44452212705141775E-001
z   3 -1.34355640407642727E-002  1.61209468777086529E-002
 
basis     7
D  1.00000000000000000E+000  0.00000000000000000E+000
a   1  2.03298213819597673E-001  2.16634813699011303E-001
a   2  7.17278967939181000E-001  1.90561307409975650E-001
d   1  2.57309700730996627E-001  1.48500923089283032E-001
d   2  6.80694347217607465E-001  2.95732878448932646E-001
s   1 -9.86166379764972817E+002
s   2 -9.67760717320205231E+002
z   1  7.90468634336635834E-001 -4.83329929302313999E-001
z   2 -3.49845942116843792E-002  1.13471580556548213E-001
z   3 -1.57851537715588491E-001  1.68817406435391559E-001
 
basis     8
D  1.00000000000000000E+000  0.00000000000000000E+000
a   1 -2.19904142236863644E-002  4.30751612252034191E-002
a   2  5.37660722012582443E-002  9.37191187785796076E-002
d   1 -4.80741647059124491E-002  5.28417639139511404E-003
d   2  5.99592741130165266E-002 -8.98829749865043964E-002
s   1 -9.81166204247884025E+002
s   2 -9.71861271773646990E+002
z   1 -4.08477769696530657E-001  8.85843740350937547E-002
z   2 -6.14804989836329696E-001  1.04456029152190349E-001
z   3 -1.58288257076453609E-001 -7.19184324598224900E-002
 
basis     9
D  1.00000000000000000E+000  0.00000000000000000E+000
a   1  2.77129183195528282E-002  1.15560885437639149E-003
a   2 -6.95147898578640372E-002 -1.42134057489849471E-002
d   1 -6.05365891846248658E-003  2.70683299689773900E-002
d   2  6.95516839535139375E-002  1.40317558131114652E-002
s   1 -9.81926052139296530E+002
s   2 -9.70749517541923865E+002
z   1  7.95652302808863232E-001 -8.69290931295358504E-001
z   2 -5.60521481430978907E-001  1.80945835894525175E-001
z   3 -2.10165145342848969E-001  4.67426556314024966E-001
 
basis    10
D  1.00000000000000000E+000  0.00000000000000000E+000
a   1  1.12760496525553533E-002  7.95239857357721708E-002
a   2 -1.24929603337472300E-001  2.83849748379810043E-002
d   1  7.43893719558077759E-002 -3.02891885512086324E-002
d   2  1.27357161886951925E-001 -1.39020107434753848E-002
s   1 -9.84643479363224628E+002
s   2 -9.70866817590678352E+002
z   1 -1.81643064244960406E-001 -1.36663941921510240E-001
z   2 -5.65691634338679750E-001  7.91666450959904511E-001
z   3  9.13376275742618648E-002 -1.42670789943282750E-001
 
basis    11
D  1.00000000000000000E+000  0.00000000000000000E+000
a   1  3.28067061864415643E-001 -3.94866886166887920E-001
a   2  7.95091988331670607E-001  5.70287703018889203E-001
d   1  2.44510456077320221E-001  4.51400588989807561E-001
d   2  9.00516494620815733E-001 -3.82713178554917877E-001
s   1 -9.82128815941138782E+002
s   2 -9.72869641725112842E+002
z   1  1.72430990785903293E-001 -6.98833290253762507E-002
z   2  7.16766006797201621E-002 -1.75485267571087705E-001
z   3  6.11297553098531232E-002  1.26345279001827043E-001
 
basis    12
D  1.00000000000000000E+000  0.00000000000000000E+000
a   1  1.22575139622056878E-001  1.12815420717119433E-001
a   2 -1.29443597288362799E-001 -5.82874818337695763E-002
d   1  2.92261557393867014E-002 -1.64005535960358689E-001
d   2  8.37184693264235169E-002  1.14648564365693414E-001
s   1 -9.84321687878083367E+002
s   2 -9.71269109045323944E+002
z   1  1.77534818935716016E-001 -2.04864722770927710E-001
z   2 -1.61471047431479747E-001  6.01834456888658664E-001
z   3 -3.25737916332164909E-002  3.05539281372832816E-001
 
basis    13
D  1.00000000000000000E+000  0.00000000000000000E+000
a   1 -1.20918647543962338E-001 -9.94439400713639648E-002
a   2  2.07364305049726250E-001 -1.84928908423225222E-002
d   1 -1.13623123547412955E-001 -1.07704235460391012E-001
d   2  4.98196561016954198E-002  2.02138427535119569E-001
s   1 -9.86530501859480864E+002
s   2 -9.69028631994474154E+002
z   1 -1.59782494349415605E-001 -7.51698703074005325E-001
z   2 -1.85096446404730275E-001  2.35672621044840963E-001
z   3  1.09577469271620043E-001  2.60715296958895087E-002
 
basis    14
D  1.00000000000000000E+000  0.00000000000000000E+000
a   1 -1.53791205589675656E-001 -3.09065839330491032E-001
a   2  3.25492004618460756E-002 -1.57314935204430806E+000
d   1 -2.18740242034522941E-001  2.67069531157084872E-001
d   2 -3.17992884157800443E-002  1.57316468926313680E+000
s   1 -9.84466468941355629E+002
s   2 -9.70751653266823155E+002
z   1  6.48052259412226439E-001 -1.79588691801450068E-001
z   2 -1.53694085894685639E-001  2.52393864982102312E-001
z   3  1.12608096194487348E-001  1.28560776833615747E-001
 
basis    15
D  1.00000000000000000E+000  0.00000000000000000E+000
a   1  9.81971685589941995E-002  1.37036202860821743E-001
a   2  4.05433580400718585E-001  6.85538562234499271E-001
d   1  1.58403732234676853E-001  5.77049601129799861E-002
d   2  3.84077553768947699E-001  6.97727698402429430E-001
s   1 -9.85860411342026396E+002
s   2 -9.67641412532921436E+002
z   1  6.69653800816241374E-001  2.66797374267090270E-001
z   2 -1.09637502353458163E-001  3.09685639992709705E-001
z   3 -8.73136823368505927E-002  2.73263886657315602E-003
