           2           3         395  0.54308802976883364       0.45835127387502339     
           1           4         395  0.49197119395565370       0.51267478863854554     
           2           5         790  0.52324828993820771       0.47389269583157118     
           1           6         790  0.44165793563869082       0.56065021017562844     
           2           7        1185  0.57991565929854738       0.42542995164840453     
           1           8        1185  0.50231069619410262       0.49825050415881383     
           1           9        1580  0.49880588567879769       0.49984717271006518     
           2          10        1580  0.44259476362119549       0.55126052554233240     
           1          11        1975  0.43561415794666092       0.56111165805933494     
           2          12        1975  0.41514645116318993       0.57122893287255871     
          10          13        1580  0.17843369319452057       0.82664866100532663     
           9          14        1975   6.1819332121835248E-003  0.98575336041943129     
           3          15        1975  0.31943782203697457       0.68767775280918364     
           5          16         790  0.35282258943468314       0.64575833257686766     
           7          17        1185  0.37953046732355267       0.62888286771624013     
           3          18        1580  0.53500462474322696       0.45530536695193635     
           5          19        1185  0.53041130185310781       0.46247712641456173     
           7          20        1580  0.52612174311782423       0.47226816224829360     
           3          21        1975  0.46087359158513896       0.47600064683373411     
           5          22        2370  0.46845134443339498       0.52946824818341531     
           8          23         790   5.7144465281311493E-002  0.94444406689157256     
           3          24        2765  0.51882715704292481       0.47317625430127841     
           6          25        1580  0.15231438326019375       0.84865961984958815     
           8          26        1185  0.47082260367873113       0.52805195452327347     
           4          27        1185  0.29632481952220957       0.70258428155621833     
           6          28        1185  0.54093405932559602       0.44848927711107722     
           4          29        1580  0.54444996728363659       0.43877860549751058     
           6          30        1580  0.48773264644663472       0.50846037070711392     
           4          31        1580  0.55323843475876866       0.43720330515594530     
           4          32        1975  0.48947080765292700       0.50443188628320135     
          21          33        1975   3.8494811567683307E-002  0.91512209874292871     
          29          34        1975   5.6526126585471528E-002  0.91017090456598071     
          25          35        1975  0.16569878648610684       0.83681140931705311     
          17          36        1580  0.28715335328546127       0.71478599836287104     
          15          37        1580  0.20475904605525652       0.78944817909372000     
          25          38        1975  0.56229463788197620       0.43006418594284235     
          29          39        1975  0.50596702690268158       0.49145838741637810     
          18          40        1975  0.20615174463285579       0.79493065489314463     
          23          41        1580  0.15953321253280239       0.84057921924839674     
          15          42        1975  0.53567459764726610       0.45854764773372930     
          18          43        2370  0.53529023121463126       0.46021503308614620     
          15          44        1975  0.44240960880026137       0.54978056929239028     
          31          45        1975   4.6176607374510112E-002  0.91868121027577909     
          27          46        1975  0.25749601445365555       0.74223219419470698     
          19          47        1580   6.4206594898165326E-002  0.90770413009011630     
          27          48        2370  0.42731215872656692       0.56045652115225986     
          16          49        1185  0.24525212708236530       0.75227634807234578     
          27          50        2370  0.46070890125489927       0.54198812999968893     
          16          51        1580  0.44628083215451797       0.55278447502642825     
          28          52        1975   1.3267962623025899E-002  0.98479829069808522     
          35          53        1975  0.19882873794135172       0.80099297874870301     
          48          54        1975   6.5629822697232422E-003  0.98414678103623376     
          42          55        1975  0.26704132113999163       0.73285489539338089     
          34          56        1975   7.4209972083254291E-002  0.91118269128504270     
          49          57        1580  0.21741340039990836       0.78172954255069449     
          37          58        1580  0.40132527083730851       0.60450968254795034     
          46          59        1580  0.37996445944036988       0.60301999769202663     
          37          60        1975  0.50632246844399142       0.48891228883234716     
          46          61        2765  0.55001043820315088       0.44444862773667809     
          40          62        1975  0.22068787415056490       0.78056890076996099     
          58          63        1975  0.25570779586290704       0.73821043616554216     
          59          64        1975  0.29817455887423855       0.68919608525511711     
