ndof    3
nconf    2
nbasisfns    3
initial_PES    1
time  5.00000000000000000E+000
 
zinit   1 -4.59619102013011560E-055  2.71509000248836896E-053
zinit   2  3.24609200017885470E-142 -1.35135349546611839E-142
zinit   3  0.00000000000000000E+000  0.00000000000000000E+000
 
basis     1
D  1.00000000000000000E+000  0.00000000000000000E+000
a   1 -1.62348888260042901E-001 -1.85170078214292322E-002
a   2  1.13417440229782818E+000 -1.76547613830954853E+000
d   1  1.04519255864858968E-001  1.25601617232370510E-001
d   2 -1.14028947270751926E-001  2.09529352811303182E+000
s   1 -9.84081691884253587E+002
s   2 -9.70235470804524311E+002
z   1  5.26358023093855196E-002 -3.37580201115273593E-001
z   2  2.06498974133546481E-001  5.68009686269602132E-002
z   3  6.75918811643557021E-002 -4.23660969381526725E-002
 
basis     2
D  1.00000000000000000E+000  0.00000000000000000E+000
a   1  1.15014224428594714E-001  7.41224036471662961E-002
a   2 -1.65475382982742913E+000  9.04998598431270951E-001
d   1  5.24816074764814650E-002 -1.26364882067879630E-001
d   2  1.76397534180312188E+000 -6.67550517939779819E-001
s   1 -9.84710465420421315E+002
s   2 -9.70890817379547912E+002
z   1  1.19282211868840596E-002 -2.24341870408238664E-001
z   2  2.61409000779614875E-001 -8.31070790504042783E-002
z   3  6.12182657409804237E-002 -3.75887980946726166E-002
 
basis     3
D  1.00000000000000000E+000  0.00000000000000000E+000
a   1  1.01710534757772312E-002 -1.61804688037311059E-002
a   2 -3.89029787284412426E-002  3.77340080381541876E-002
d   1 -4.61432096672610877E-003 -1.85463188134914643E-002
d   2  3.76622943946764988E-002 -3.89724094392142409E-002
s   1 -9.79371874777673497E+002
s   2 -9.77002969181221260E+002
z   1  5.38538011647748283E-001 -5.14733715638793915E-003
z   2  5.28879801782860537E-001  2.54115754983923359E-001
z   3 -5.07136061086272197E-002 -6.67608354210443705E-003
