ndof    3
nconf    2
nbasisfns    3
initial_PES    1
time  5.00000000000000000E+000
 
zinit   1 -4.59619102013011560E-055  2.71509000248836896E-053
zinit   2  3.24609200017885470E-142 -1.35135349546611839E-142
zinit   3  0.00000000000000000E+000  0.00000000000000000E+000
 
basis     1
D  1.00000000000000000E+000  0.00000000000000000E+000
a   1  6.86186397857745933E-001 -1.04859473049653884E+000
a   2 -9.70502011101101458E-002 -2.73325224610685980E-002
d   1 -8.90776621302656224E-001 -8.81430480736128064E-001
d   2  6.31548714132367794E-002 -7.85956139767046424E-002
s   1 -9.85089968577053696E+002
s   2 -9.69583708380316011E+002
z   1 -7.68350266484905564E-001 -6.08495247759425983E-001
z   2 -4.62239599975875048E-001 -1.35819851441754375E-001
z   3  6.18753821433617318E-003 -1.88687113364755417E-002
 
basis     2
D  1.00000000000000000E+000  0.00000000000000000E+000
a   1 -1.89823593705178162E+000  1.49489854698581581E+000
a   2  1.34326388206039121E-001  8.35319676292314572E-002
d   1 -4.60833982411374743E-001 -2.37184598554586401E+000
d   2  5.35151789065906186E-002 -1.48853262682032250E-001
s   1 -9.82222886445322274E+002
s   2 -9.72111716762272295E+002
z   1 -5.48214345696685812E-001 -3.61148909140069529E-001
z   2 -4.93661665734548005E-001 -5.67812335608426644E-003
z   3 -1.62630159974289333E-002 -6.99238699301195539E-004
 
basis     3
D  1.00000000000000000E+000  0.00000000000000000E+000
a   1  4.78954637491383672E-001 -3.92823029032682847E-001
a   2 -2.81425414190914144E-002 -6.95674739697312722E-003
d   1 -4.52990891251250985E-002  6.17782704061346055E-001
d   2 -2.16535956599608927E-002  1.92748739779405841E-002
s   1 -9.82507816333355549E+002
s   2 -9.72924039479450471E+002
z   1 -1.51240666122352180E-001  3.72143235565503938E-001
z   2 -4.30481243611958941E-001  7.25203611696679101E-002
z   3 -4.45771029497496057E-002  1.47676240326525300E-002
