ndof    3
nconf    2
nbasisfns    3
initial_PES    1
time  5.00000000000000000E+000
 
zinit   1 -4.59619102013011560E-055  2.71509000248836896E-053
zinit   2  3.24609200017885470E-142 -1.35135349546611839E-142
zinit   3  0.00000000000000000E+000  0.00000000000000000E+000
 
basis     1
D  1.00000000000000000E+000  0.00000000000000000E+000
a   1  5.37619542308533038E-001 -1.66648812803949187E+000
a   2 -1.05433741239904510E-001  1.14846871528496916E-002
d   1  1.70336299418908554E+000  4.05921129279814885E-001
d   2 -7.58127168569980303E-002  7.41660555348780809E-002
s   1 -9.81669581255848357E+002
s   2 -9.73227803529590688E+002
z   1 -1.01984641172545687E+000 -3.45001575258078563E-001
z   2 -3.52346231645181363E-001 -2.19314592311423445E-001
z   3  1.36090499864828865E-002 -2.20485079380087351E-002
 
basis     2
D  1.00000000000000000E+000  0.00000000000000000E+000
a   1  2.32778770748382513E+000 -3.73303352480477746E-001
a   2 -6.13727183239962254E-002 -1.27808727641732206E-001
d   1  1.03411292706573099E+000  2.11862253791502786E+000
d   2 -9.84622838212008550E-002 -1.02014019039484732E-001
s   1 -9.81452631167382947E+002
s   2 -9.73573715025542924E+002
z   1 -2.93324142383219966E-001 -5.17302073431407328E-001
z   2 -1.68058312584553282E-001  1.65819052881950757E-001
z   3  4.28365249206078061E-002  1.49868309666913412E-002
 
basis     3
D  1.00000000000000000E+000  0.00000000000000000E+000
a   1 -2.09588479083247448E+000  9.15362932703388976E-001
a   2  8.65603269572619571E-002  9.28490861915034910E-002
d   1 -2.23436564467416465E+000  4.88090689226949093E-001
d   2 -8.09083373237109438E-002  9.78135162493299626E-002
s   1 -9.80373614158844248E+002
s   2 -9.75335171999798263E+002
z   1 -3.94188578037128923E-001 -1.85133863680264049E-001
z   2 -3.79644689809695568E-001  7.93110401948276950E-002
z   3 -1.31055594627232791E-002 -8.47569780583430198E-004
