ndof    3
nconf    2
nbasisfns    3
initial_PES    1
time  5.00000000000000000E+000
 
zinit   1 -4.59619102013011560E-055  2.71509000248836896E-053
zinit   2  3.24609200017885470E-142 -1.35135349546611839E-142
zinit   3  0.00000000000000000E+000  0.00000000000000000E+000
 
basis     1
D  1.00000000000000000E+000  0.00000000000000000E+000
a   1 -3.10839193541302891E-002  1.96410028272278152E-002
a   2  2.32323722564957452E-001  7.21987374770236418E-002
d   1  1.72527496609949926E-002  3.24703197336934715E-002
d   2 -2.38003787848223153E-001  5.04099864075907150E-002
s   1 -9.78681232623230017E+002
s   2 -9.76525290549521287E+002
z   1  4.38248525304528125E-001 -1.41179791958881640E-001
z   2  3.54061365132369132E-001 -6.23556263145310430E-001
z   3  4.69718409932882441E-002 -6.09313514084171559E-002
 
basis     2
D  1.00000000000000000E+000  0.00000000000000000E+000
a   1  3.33241285088794071E-003  1.54403987034709943E-002
a   2 -6.50486638644417026E-001 -5.83908492285071801E-001
d   1  1.26622545250475865E-002  9.44342087772348342E-003
d   2  8.68654987360606534E-001  9.75730872273835592E-002
s   1 -9.79459478667430972E+002
s   2 -9.76415658495290131E+002
z   1  5.85731608020412908E-001 -2.34948627623608047E-001
z   2  5.04364736082585252E-001 -4.76268540969709220E-001
z   3  7.84817953466557389E-002 -3.97877618426434876E-002
 
basis     3
D  1.00000000000000000E+000  0.00000000000000000E+000
a   1  3.95914894516065721E-003 -7.57603398681790108E-002
a   2  1.17837861481349360E+000  9.38105730454146386E-002
d   1 -6.61177619494068558E-002 -3.71987299798464816E-002
d   2 -1.80426382605418018E-001  1.16825635197280242E+000
s   1 -9.79066375726699903E+002
s   2 -9.75538306731857574E+002
z   1  2.13472144524169544E-001  3.12473661501054878E-001
z   2  1.46230704473052919E-001  1.10471894050566885E-001
z   3  5.01340070678080799E-002 -1.57237795715957571E-002
