ndof    3
nconf    2
nbasisfns    3
initial_PES    1
time  5.00000000000000000E+000
 
zinit   1 -6.82719891651203325E-053  1.54306115426089137E-053
zinit   2 -2.27283642042373474E-142  9.27370229687340696E-143
zinit   3  0.00000000000000000E+000  0.00000000000000000E+000
 
basis     1
D  1.00000000000000000E+000  0.00000000000000000E+000
a   1  2.43833512065550623E-002 -8.04241467924959041E-002
a   2  8.27156278227627384E-001  5.41991579363984566E-001
d   1  6.47208036148564231E-002  5.36079171653807834E-002
d   2  9.13343173525627217E-001  3.79139325429296847E-001
s   1 -9.82145085947934831E+002
s   2 -9.73707133073411114E+002
z   1 -1.39926176734170266E-001 -3.60984474841232694E-001
z   2  4.51941674257076986E-002  3.82162571352997915E-001
z   3  3.48584651248401347E-003 -4.42608681280108468E-002
 
basis     2
D  1.00000000000000000E+000  0.00000000000000000E+000
a   1 -5.79868355163066507E-002  6.02842714499319914E-003
a   2  7.19485538541586589E-001 -8.06911732742447874E-001
d   1  5.64389112797206716E-002 -1.46104182211705142E-002
d   2 -8.88219499616957897E-001 -6.16305204511609972E-001
s   1 -9.89451965141358983E+002
s   2 -9.65918153709194030E+002
z   1  1.25467178018316472E-001 -2.26870316981420045E-001
z   2  3.51152047477030771E-001  1.35394881674624906E-001
z   3  2.29097284835805895E-002 -9.83653810698404268E-002
 
basis     3
D  1.00000000000000000E+000  0.00000000000000000E+000
a   1 -7.61040888751416105E-003  3.18320584632137624E-002
a   2 -6.98817444544463373E-001 -2.89538220077693143E-001
d   1 -3.25570074261873274E-002 -3.35254185533850543E-003
d   2  4.05344894218330615E-002 -7.55337776662020288E-001
s   1 -9.87898827473747019E+002
s   2 -9.68842151234394350E+002
z   1 -7.95387156650785715E-002 -2.14847690753669107E-001
z   2  1.21505420571422253E-002  7.70995631999113751E-002
z   3  2.46671425661869267E-002 -5.91569699041172847E-002
