ndof    3
nconf    2
nbasisfns    3
initial_PES    1
time  5.00000000000000000E+000
 
zinit   1 -6.82719891651203325E-053  1.54306115426089137E-053
zinit   2 -2.27283642042373474E-142  9.27370229687340696E-143
zinit   3  0.00000000000000000E+000  0.00000000000000000E+000
 
basis     1
D  1.00000000000000000E+000  0.00000000000000000E+000
a   1  1.90460654269434260E-001 -2.41524930002211480E-001
a   2 -2.05656243783320820E-002 -7.89274986010313900E-003
d   1  6.60275695128172135E-002 -3.00416232420194329E-001
d   2  1.76374320438990144E-002  1.31970222899580325E-002
s   1 -9.73442333811826757E+002
s   2 -9.83594424914743058E+002
z   1 -1.41223757418389995E-001 -6.79109918644703381E-001
z   2  4.15517687560972432E-002  2.08916168489098358E-001
z   3  4.10736070219408084E-002  1.23822121901761339E-001
 
basis     2
D  1.00000000000000000E+000  0.00000000000000000E+000
a   1 -5.44025836748328162E-001  1.48281610949106457E+000
a   2  1.07317741368152628E-001  4.27106180497534016E-002
d   1 -2.42282844977412572E-002  1.57927854283094460E+000
d   2  9.50102876599422941E-002  6.56836337707395468E-002
s   1 -9.86123794454371819E+002
s   2 -9.67836655743044503E+002
z   1 -1.39494052647326422E-001 -1.64346470026557556E-001
z   2 -2.38340094416064296E-001  2.35113364805390829E-001
z   3  8.80433116728154969E-002  8.06853873281144218E-002
 
basis     3
D  1.00000000000000000E+000  0.00000000000000000E+000
a   1  3.01125221519167208E-001 -3.19478240105783462E-001
a   2 -3.23599610024806195E-002 -4.13149803404114294E-002
d   1  2.15794179074352471E-001  3.82329200053674267E-001
d   2 -3.98631254699107485E-002  3.41324758020979460E-002
s   1 -9.82048820007515928E+002
s   2 -9.72279263449293012E+002
z   1 -2.87153087351202985E-001 -5.06275282748635466E-002
z   2 -3.64989860503930952E-001  4.10965797401805499E-001
z   3  2.13363626668904766E-001  2.88677705328694412E-001
