ndof    3
nconf    2
nbasisfns    3
initial_PES    1
time  5.00000000000000000E+000
 
zinit   1 -4.59619102013011560E-055  2.71509000248836896E-053
zinit   2  3.24609200017885470E-142 -1.35135349546611839E-142
zinit   3  0.00000000000000000E+000  0.00000000000000000E+000
 
basis     1
D  1.00000000000000000E+000  0.00000000000000000E+000
a   1 -2.02444996180892467E+000  1.09997673974262233E+000
a   2  1.03029344335221706E-001  1.47689606160155446E-001
d   1  2.29024834006823541E+000 -2.51215080474194885E-001
d   2 -1.37730898566684773E-001 -1.16006315094916684E-001
s   1 -9.83706968531327902E+002
s   2 -9.70490439959063565E+002
z   1 -2.15727898306895205E-001 -6.22427735750887168E-001
z   2 -7.12384850141270093E-002  1.98002030816444574E-001
z   3  6.55268024803539739E-002 -3.13428798951118776E-002
 
basis     2
D  1.00000000000000000E+000  0.00000000000000000E+000
a   1  2.74891151156031421E+000 -1.35936514242721618E+000
a   2 -1.04750660097888526E-001 -1.87397029990311992E-001
d   1 -2.58417590512247353E+000 -1.65118835394979158E+000
d   2  2.25471935001539288E-002  2.13499348255211024E-001
s   1 -9.84346322767574634E+002
s   2 -9.71156621511587787E+002
z   1 -2.56523901703366031E-001 -5.09450856553238851E-001
z   2 -1.66093207653310176E-002  5.78434895696295914E-002
z   3  5.89854490620756872E-002 -2.65522435470052012E-002
 
basis     3
D  1.00000000000000000E+000  0.00000000000000000E+000
a   1 -3.28936161431499896E-001 -3.34805329307759414E-001
a   2 -3.12358311193661094E-002  1.39756980340932646E-002
d   1 -4.46408739391890685E-001  1.44958077473144070E-001
d   2  3.39157691165601696E-002 -4.55169050901992490E-003
s   1 -9.79068688339059577E+002
s   2 -9.77322617335011614E+002
z   1  2.72174405060273905E-001 -2.81073360990112930E-001
z   2  2.58691786355503828E-001  4.06800658745552102E-001
z   3 -4.48311921383624801E-002  4.21395705297222811E-003
