ndof    3
nconf    2
nbasisfns    3
initial_PES    1
time  5.00000000000000000E+000
 
zinit   1 -4.59619102013011560E-055  2.71509000248836896E-053
zinit   2  3.24609200017885470E-142 -1.35135349546611839E-142
zinit   3  0.00000000000000000E+000  0.00000000000000000E+000
 
basis     1
D  1.00000000000000000E+000  0.00000000000000000E+000
a   1  5.15421923016584557E-002 -6.47440355362095682E-002
a   2  8.86778217475440722E-001  8.30541606493663043E-001
d   1 -4.95979320542165661E-002  6.62452478349988827E-002
d   2 -1.02920603432745117E+000 -6.45685609263483840E-001
s   1 -9.77005631655136540E+002
s   2 -9.76842948760851186E+002
z   1 -4.18720886405030412E-001 -2.74901442140548957E-001
z   2  1.48184223970742185E-001 -3.34987492671338538E-001
z   3 -2.30202117785643576E-002 -3.00629779116125956E-002
 
basis     2
D  1.00000000000000000E+000  0.00000000000000000E+000
a   1  1.91784627907420693E-002  3.90301041534657916E-002
a   2 -2.99601180244306375E-001  2.26872183856714066E-001
d   1 -2.72361811683283113E-002 -3.39021076131302487E-002
d   2  3.73272869736710422E-001  4.35800382080696741E-002
s   1 -9.76815243198345343E+002
s   2 -9.77799663511663880E+002
z   1  3.62750192527438842E-001 -5.94430030465740833E-001
z   2  3.37233410434405023E-001 -9.80754054752654286E-002
z   3 -4.63677986974945985E-002 -6.30122528353568023E-002
 
basis     3
D  1.00000000000000000E+000  0.00000000000000000E+000
a   1 -4.35831521674780176E-002 -1.73224510205476460E-002
a   2  1.31173433385736643E-001 -4.66441416603375736E-001
d   1  2.37886589182613566E-002 -4.04185374436463324E-002
d   2 -2.42756590881883505E-001 -4.19336740976237410E-001
s   1 -9.75618170166311415E+002
s   2 -9.79378001872780487E+002
z   1  3.76656978997221503E-001 -2.64808045058667063E-001
z   2  2.67448325306441411E-003 -9.59151493507637148E-002
z   3 -1.13260483188124650E-001 -4.88055233254309287E-002
