ndof    3
nconf    2
nbasisfns    3
initial_PES    1
time  5.00000000000000000E+000
 
zinit   1 -6.82719891651203325E-053  1.54306115426089137E-053
zinit   2 -2.27283642042373474E-142  9.27370229687340696E-143
zinit   3  0.00000000000000000E+000  0.00000000000000000E+000
 
basis     1
D  1.00000000000000000E+000  0.00000000000000000E+000
a   1 -1.11371147996963543E-002  1.40979030641845277E-002
a   2  7.58915350423887553E-002 -2.95278499450983686E-003
d   1  3.69255327688957887E-003 -1.75826973802682245E-002
d   2 -4.70765862926602902E-003 -7.58029153828810170E-002
s   1 -9.76573714054613333E+002
s   2 -9.78582975672935845E+002
z   1 -1.56859329830149025E-001  2.55458240701026518E-001
z   2  4.80136472035488371E-001  7.75995718896923675E-002
z   3  3.79288547599520021E-002 -7.15255760122382282E-003
 
basis     2
D  1.00000000000000000E+000  0.00000000000000000E+000
a   1 -1.35769021449084815E-001  5.44434425793841881E-002
a   2 -3.39871556333089186E-001 -1.90009363996842517E+000
d   1 -1.29609850445937605E-002  1.45702877431472061E-001
d   2 -2.27446941856324469E-001 -1.91680369472018208E+000
s   1 -9.85359386837556940E+002
s   2 -9.67669429180213228E+002
z   1  4.35449749525214147E-001 -1.71569179555067231E-001
z   2  4.57253485124898551E-001  3.21315748648406049E-002
z   3 -7.50268051141414656E-003  6.82491289000328738E-002
 
basis     3
D  1.00000000000000000E+000  0.00000000000000000E+000
a   1  1.91799438521451454E-001 -4.75875086453494342E-002
a   2 -2.18388281377653148E-001  2.59418923964012871E+000
d   1  5.00956244715189403E-002  1.91159681954704563E-001
d   2 -1.12168761203947920E-002  2.60334120587329343E+000
s   1 -9.88017791132605225E+002
s   2 -9.67530860314879305E+002
z   1  3.74482163306059046E-001 -6.92920703270066135E-002
z   2  2.93978202517956033E-001 -5.71948489430907508E-002
z   3 -3.37005060914231519E-002  3.05648592077005891E-002
