ndof    3
nconf    2
nbasisfns    3
initial_PES    1
time  5.00000000000000000E+000
 
zinit   1 -4.59619102013011560E-055  2.71509000248836896E-053
zinit   2  3.24609200017885470E-142 -1.35135349546611839E-142
zinit   3  0.00000000000000000E+000  0.00000000000000000E+000
 
basis     1
D  1.00000000000000000E+000  0.00000000000000000E+000
a   1  4.01065481938058799E-001 -3.03375315053517780E-001
a   2  1.57876935200812994E-002 -5.47051695107625066E-003
d   1 -8.61354266068642821E-002  4.95450089180819564E-001
d   2 -1.07843805840090682E-002 -1.27622473653850599E-002
s   1 -9.82567436091926879E+002
s   2 -9.71954887251570312E+002
z   1 -6.28139775373960041E-001 -6.09190987351354130E-001
z   2 -7.55351354427534344E-002  2.27264147470177015E-002
z   3  7.90065336971064042E-002 -1.94493900838122770E-003
 
basis     2
D  1.00000000000000000E+000  0.00000000000000000E+000
a   1 -2.08517245183020311E-001 -1.49035011006922874E-001
a   2 -4.02164410664475197E-002  1.55650614109373951E-002
d   1 -2.09799778386054347E-001 -1.47224077629007105E-001
d   2 -3.37885896004418360E-002 -2.67948592381115729E-002
s   1 -9.80168249787723084E+002
s   2 -9.74933467466842899E+002
z   1 -4.03677794056203909E-001 -7.73963982464089817E-001
z   2  1.10720646124512670E-001  1.91264598615228182E-001
z   3  8.72975620477991071E-002  1.87287897341067988E-002
 
basis     3
D  1.00000000000000000E+000  0.00000000000000000E+000
a   1  5.11096385296025746E-001  6.69575673293898554E-001
a   2  2.24242989068327639E-002 -5.57340882430227974E-002
d   1  8.29782671914485292E-001  1.44954526387067378E-001
d   2  1.90742995101939559E-002  5.69676124823521729E-002
s   1 -9.79431023874243465E+002
s   2 -9.76329695154552951E+002
z   1 -2.72676102264299669E-001  3.95745056879463819E-001
z   2 -1.25875714296919433E-001  3.70673385079408391E-001
z   3 -3.36074291605300418E-002  1.95503021506467610E-002
