ndof    3
nconf    2
nbasisfns    3
initial_PES    1
time  5.00000000000000000E+000
 
zinit   1 -6.82719891651203325E-053  1.54306115426089137E-053
zinit   2 -2.27283642042373474E-142  9.27370229687340696E-143
zinit   3  0.00000000000000000E+000  0.00000000000000000E+000
 
basis     1
D  1.00000000000000000E+000  0.00000000000000000E+000
a   1 -3.96208325241535417E-005 -9.12387333273800838E-003
a   2 -4.14501827958141528E-002 -8.40729291003541740E-002
d   1  8.57860295358420753E-003  3.10712178180611032E-003
d   2  6.96545812088156524E-002 -6.27265045889223161E-002
s   1 -9.82099543602515951E+002
s   2 -9.75189460684519645E+002
z   1 -2.96486688453434649E-002  1.88711342813767030E-001
z   2  4.53687095148531283E-001 -2.28825252213980201E-001
z   3  2.72092550880249180E-003  1.01189881516075674E-002
 
basis     2
D  1.00000000000000000E+000  0.00000000000000000E+000
a   1  1.56095209255317363E-002  6.16810266782856637E-002
a   2 -1.14213817703429577E+000  3.63348216311194294E-001
d   1  3.54711857739241493E-002  5.28204617113837982E-002
d   2  8.00760916661783617E-001 -8.91786687545138901E-001
s   1 -9.92399772445568033E+002
s   2 -9.63937823482973840E+002
z   1  1.48823623493419543E-001 -2.04480861575976475E-001
z   2  7.03793286016265313E-002  2.03548429501734712E-001
z   3  4.49821854971047264E-002  2.56031122287184547E-002
 
basis     3
D  1.00000000000000000E+000  0.00000000000000000E+000
a   1  1.48433305457708019E-002  1.59137446727850278E-003
a   2  2.90987809299178446E-001  6.73645273412166595E-002
d   1 -1.29916458599757742E-002 -7.35350747841414902E-003
d   2 -2.24721323625391073E-001 -1.96754190330708928E-001
s   1 -9.90009940419909185E+002
s   2 -9.64960589321167504E+002
z   1 -1.76706382342759205E-001 -6.90331601111763504E-001
z   2  6.33802701563939003E-002  1.20850200179180745E-001
z   3  2.85305805628542630E-002  5.15052406577639899E-002
