ndof    3
nconf    2
nbasisfns    3
initial_PES    1
time  5.00000000000000000E+000
 
zinit   1 -4.59619102013011560E-055  2.71509000248836896E-053
zinit   2  3.24609200017885470E-142 -1.35135349546611839E-142
zinit   3  0.00000000000000000E+000  0.00000000000000000E+000
 
basis     1
D  1.00000000000000000E+000  0.00000000000000000E+000
a   1  2.51859145980086428E-002 -4.36373187130740664E-002
a   2  1.66249987261961774E-001  6.39228732049298837E-002
d   1  5.03769334710830879E-002 -8.42883535642901345E-004
d   2  1.77763655126513459E-001 -1.11926270123673312E-002
s   1 -9.81207514775378058E+002
s   2 -9.73463770070399050E+002
z   1  1.31583141727286863E-002 -5.53776584877058276E-001
z   2  2.33196600667356868E-001 -3.86629077197118698E-001
z   3 -4.28452307437245175E-002 -3.13674080926460430E-002
 
basis     2
D  1.00000000000000000E+000  0.00000000000000000E+000
a   1  7.38774703512038063E-003  4.07812974430899790E-003
a   2  1.33526722285969401E-001  5.57645893832076300E-001
d   1  1.78609328993125098E-003  8.24741288077723844E-003
d   2  4.00110698569085710E-001  4.10742933430105372E-001
s   1 -9.81030046493619125E+002
s   2 -9.73356458274093029E+002
z   1 -6.83809906811328194E-002 -6.44106838891535194E-001
z   2  4.15643883441760231E-001 -3.92689958393420580E-001
z   3 -5.50753567844999431E-002 -1.73126062881696942E-002
 
basis     3
D  1.00000000000000000E+000  0.00000000000000000E+000
a   1  3.16496502595482662E-002  2.25026553006495572E-002
a   2 -2.38356147625436499E-001  5.50359193573286776E-001
d   1 -2.74890843480761274E-002  2.74302770462846630E-002
d   2  2.69778613539537415E-001  5.35656974880531433E-001
s   1 -9.81916107939502353E+002
s   2 -9.73018462141629811E+002
z   1  2.99248369264236258E-001  1.84660397244959029E-001
z   2 -1.51058535111524284E-002  2.70460094466347334E-001
z   3 -1.37261370948645097E-002 -1.74865376465815972E-002
