ndof    3
nconf    2
nbasisfns    3
initial_PES    1
time  5.00000000000000000E+000
 
zinit   1 -6.82719891651203325E-053  1.54306115426089137E-053
zinit   2 -2.27283642042373474E-142  9.27370229687340696E-143
zinit   3  0.00000000000000000E+000  0.00000000000000000E+000
 
basis     1
D  1.00000000000000000E+000  0.00000000000000000E+000
a   1 -8.26802429643629794E-002 -4.21447079984685752E-002
a   2  1.30942106238407963E-001 -5.58916384541586098E-001
d   1  6.86224195111884289E-002 -6.24752953522649604E-002
d   2  1.68040539849246107E-001 -5.48904123743265915E-001
s   1 -9.82108555417041543E+002
s   2 -9.73960673124919822E+002
z   1 -1.49094504307963588E-001 -2.76338763474252083E-002
z   2  1.99377724941025652E-001  6.95854644817558293E-002
z   3 -9.48379273382143201E-002  1.21326415115213491E-002
 
basis     2
D  1.00000000000000000E+000  0.00000000000000000E+000
a   1  1.17942599398280397E-002  1.35734678665952423E-002
a   2 -2.19892414654640128E-001 -3.63424058891064772E-002
d   1 -1.42229339196628182E-002 -1.10023519381371795E-002
d   2  1.30410866215686538E-001  1.80738624707977302E-001
s   1 -9.89404678109780662E+002
s   2 -9.65250908891693143E+002
z   1  1.13627652991512784E-001  4.52136273715761816E-001
z   2  1.63031391956494603E-001  4.99665268202676538E-001
z   3 -1.94127704575377702E-001  6.80655299279786519E-002
 
basis     3
D  1.00000000000000000E+000  0.00000000000000000E+000
a   1  1.87859851818996289E-002  8.02377365883643473E-003
a   2  5.42510496866705272E-001 -2.43853173149078506E-001
d   1 -1.96269461104731612E-002  5.66367101440154626E-003
d   2  1.03555604976156412E-002 -5.94705617622882432E-001
s   1 -9.88917091044125868E+002
s   2 -9.66479582065828254E+002
z   1 -1.20574949668658102E-001  8.23015042031621374E-002
z   2  3.68234126040014653E-001 -3.21135671925390914E-002
z   3 -8.83543001802380989E-003 -3.09226946232226893E-002
