ndof    3
nconf    2
nbasisfns    3
initial_PES    1
time  5.00000000000000000E+000
 
zinit   1 -6.82719891651203325E-053  1.54306115426089137E-053
zinit   2 -2.27283642042373474E-142  9.27370229687340696E-143
zinit   3  0.00000000000000000E+000  0.00000000000000000E+000
 
basis     1
D  1.00000000000000000E+000  0.00000000000000000E+000
a   1  1.30140994580693094E-003  5.69168291301872312E-003
a   2  2.51034194335860550E-001  6.08234004614816026E-002
d   1  3.07417122514015402E-003 -4.96370763723194899E-003
d   2  2.42915225380024052E-001 -8.78057290165310256E-002
s   1 -9.77814613565882723E+002
s   2 -9.79592344295847283E+002
z   1 -3.74290953160262119E-001  1.53135761095449602E-001
z   2 -1.25134085590633382E-001  6.53873856598753689E-002
z   3  2.19683923217823818E-002 -2.41501559986023774E-002
 
basis     2
D  1.00000000000000000E+000  0.00000000000000000E+000
a   1 -1.07780799461575705E-001 -7.52970096305061315E-002
a   2  2.83802676100429307E+000 -1.72581891707503932E+000
d   1  6.97702659593643117E-003 -1.31292275065033909E-001
d   2  2.75022323067792529E+000 -1.86255711647993638E+000
s   1 -9.87474186673168219E+002
s   2 -9.67561609315734813E+002
z   1  4.62990275701955500E-001  3.25775760232660250E-002
z   2  3.04194358517686669E-001 -1.59793862292220618E-001
z   3 -4.35174433275127004E-002  9.08976874694081838E-002
 
basis     3
D  1.00000000000000000E+000  0.00000000000000000E+000
a   1  1.16489723251285454E-001  1.22514572592878124E-001
a   2 -3.72441583864130621E+000  1.70196466386641765E+000
d   1  4.56022888446064797E-002 -1.62788535753933733E-001
d   2  3.60189805320946732E+000  1.94789308496590707E+000
s   1 -9.90635012423753665E+002
s   2 -9.65393333338557568E+002
z   1  3.29734208888454894E-001  5.52770428634789812E-002
z   2  3.10162826533818214E-001 -6.98678686372368740E-002
z   3  1.29880112409715889E-002  1.02852709014087898E-001
