ndof    3
nconf    2
nbasisfns    3
initial_PES    1
time  5.00000000000000000E+000
 
zinit   1 -4.59619102013011560E-055  2.71509000248836896E-053
zinit   2  3.24609200017885470E-142 -1.35135349546611839E-142
zinit   3  0.00000000000000000E+000  0.00000000000000000E+000
 
basis     1
D  1.00000000000000000E+000  0.00000000000000000E+000
a   1 -1.45333868537156560E-002 -6.15603548854329219E-001
a   2 -4.43051173437744653E-002  1.16932324881036023E-002
d   1  6.15309760237813919E-001 -2.39342359720994373E-002
d   2  4.38493279718391721E-002  1.33008099484410846E-002
s   1 -9.81732429952062148E+002
s   2 -9.71304679947064756E+002
z   1  1.63271214282848631E-001 -7.96007247562969922E-001
z   2 -4.21286799895205732E-001  3.33339833837212718E-001
z   3  2.61730324769323536E-002  1.39195195650836906E-001
 
basis     2
D  1.00000000000000000E+000  0.00000000000000000E+000
a   1  5.28189691863921285E-001  1.80330366256269592E+000
a   2  1.17357526118866823E-001 -3.43243047899073409E-002
d   1 -1.87524333103533714E+000 -1.19795239516561999E-001
d   2 -8.47216481885045419E-002 -8.81656915374355032E-002
s   1 -9.82096431480528054E+002
s   2 -9.71841986407415106E+002
z   1  1.98674934010847293E-001 -3.25363617135551564E-001
z   2 -1.97660839291107504E-002  2.29663472167988270E-001
z   3 -5.74449301554772335E-002  1.51206051114543882E-001
 
basis     3
D  1.00000000000000000E+000  0.00000000000000000E+000
a   1 -5.63782108080453648E-002 -6.31121442649184905E-001
a   2 -4.48367690750818004E-002 -7.32061526485415157E-004
d   1  2.05967777892632514E-001 -5.99224542634458457E-001
d   2 -4.28965749556658518E-002 -1.30673498554111072E-002
s   1 -9.74313889045294104E+002
s   2 -9.80456276194467932E+002
z   1  1.78934443197457077E-001 -3.81531152706607146E-001
z   2 -1.44454311878411901E-001  6.12193665937438625E-001
z   3  1.23533316816917760E-001  9.48932611276838422E-002
