ndof    3
nconf    2
nbasisfns    3
initial_PES    1
time  5.00000000000000000E+000
 
zinit   1 -4.59619102013011560E-055  2.71509000248836896E-053
zinit   2  3.24609200017885470E-142 -1.35135349546611839E-142
zinit   3  0.00000000000000000E+000  0.00000000000000000E+000
 
basis     1
D  1.00000000000000000E+000  0.00000000000000000E+000
a   1  3.57840491611782253E-003 -3.72828595724628963E-003
a   2 -1.41225152109610952E-001  1.31126341838025073E-001
d   1  4.49077209687841032E-003  2.55696380431838901E-003
d   2 -1.07138975986616911E-001 -1.60187081054448566E-001
s   1 -9.81500417842313709E+002
s   2 -9.75623350689063955E+002
z   1  1.50019761977557481E-001 -3.04661287903446876E-002
z   2 -3.82668578704574158E-002 -2.15330273776935749E-003
z   3 -2.52220191433787655E-002 -6.09217712161478145E-003
 
basis     2
D  1.00000000000000000E+000  0.00000000000000000E+000
a   1 -1.05605711936965135E-001 -3.25601569329627832E-002
a   2  1.14928238818217787E+000 -1.43847264636615924E+000
d   1  1.10420973689314070E-001  4.46528640920540194E-003
d   2  4.63654919945822530E-001 -1.78187476477428808E+000
s   1 -9.89343032072221945E+002
s   2 -9.67190991934749832E+002
z   1  6.18798341315842881E-001 -2.22446513677827667E-001
z   2  2.43507392205354861E-001  3.00514664213411553E-001
z   3 -2.05927521553285128E-002  1.12303332440506304E-001
 
basis     3
D  1.00000000000000000E+000  0.00000000000000000E+000
a   1  7.74948034808993214E-002 -2.56050180488293783E-003
a   2 -2.82125141233604382E-001  9.52519974843871964E-001
d   1  6.83970510221122985E-002  3.65218311084559502E-002
d   2 -9.93381305348617238E-001 -9.08184873959483156E-003
s   1 -9.86983573411724819E+002
s   2 -9.68902519699445861E+002
z   1  8.29414758676186636E-001 -5.12788486973432406E-002
z   2  6.12871838672611302E-001  5.62713844781002726E-001
z   3 -5.67999410088423709E-002 -9.72522076606600200E-003
