ndof    3
nconf    2
nbasisfns    3
initial_PES    1
time  5.00000000000000000E+000
 
zinit   1 -6.82719891651203325E-053  1.54306115426089137E-053
zinit   2 -2.27283642042373474E-142  9.27370229687340696E-143
zinit   3  0.00000000000000000E+000  0.00000000000000000E+000
 
basis     1
D  1.00000000000000000E+000  0.00000000000000000E+000
a   1 -1.25128824445920861E+000 -4.11409607406935496E-001
a   2 -1.40829852916715959E-002  8.84651979466740818E-002
d   1 -1.27026478655643271E+000  3.48435801580832538E-001
d   2  7.23138230882531541E-002 -5.28690146761833651E-002
s   1 -9.79591536073338034E+002
s   2 -9.77816945504906698E+002
z   1 -2.02555030465288610E-001 -2.05505989388613530E-001
z   2 -2.62213345448692875E-002  1.24493683451700851E-001
z   3  4.77518765224116820E-002  2.08600082315766808E-002
 
basis     2
D  1.00000000000000000E+000  0.00000000000000000E+000
a   1  3.68921569738155875E-001  3.93471197967985187E-001
a   2  2.87855974932268305E-002 -4.17827090685657238E-002
d   1 -5.39335479450530841E-001  6.32051060376942041E-003
d   2  9.86833281028605749E-003 -4.97696836206128826E-002
s   1 -9.88772379543551779E+002
s   2 -9.67203016914028467E+002
z   1 -2.59420123498402752E-002 -5.57152340582447114E-001
z   2 -3.27015941396781806E-001  6.93359268495462033E-001
z   3  8.74885734815469274E-002  3.87275687202437574E-002
 
basis     3
D  1.00000000000000000E+000  0.00000000000000000E+000
a   1  1.20181851783565094E-001 -9.41799206665608901E-002
a   2 -2.12839727784792862E-002 -5.13793242103917358E-003
d   1  1.51236725823562373E-001  2.09997075468953860E-002
d   2 -1.40505730922275609E-002 -1.67924757727436862E-002
s   1 -9.87262752852155813E+002
s   2 -9.68247733462531755E+002
z   1  2.95160141184081029E-002 -9.98047198808714842E-001
z   2 -2.92668650985946008E-002  5.11973372292410356E-001
z   3  7.03750656285455078E-002  4.65331374117070040E-002
