ndof    3
nconf    2
nbasisfns    3
initial_PES    1
time  5.00000000000000000E+000
 
zinit   1 -6.82719891651203325E-053  1.54306115426089137E-053
zinit   2 -2.27283642042373474E-142  9.27370229687340696E-143
zinit   3  0.00000000000000000E+000  0.00000000000000000E+000
 
basis     1
D  1.00000000000000000E+000  0.00000000000000000E+000
a   1  1.93434416134018683E-001 -5.41646239250300754E-001
a   2 -7.33575992773626423E-002 -4.20434897501460181E-002
d   1  5.54124046680654181E-001 -1.54091085820559054E-001
d   2  2.40572240152473089E-002 -8.10570316184164169E-002
s   1 -9.81133469920807329E+002
s   2 -9.75232603380959404E+002
z   1 -3.58676876738193373E-001 -2.63178713139073428E-001
z   2 -2.59782631141796838E-001  9.75229189015011794E-002
z   3  3.23277678986215108E-002  2.92766764333813323E-002
 
basis     2
D  1.00000000000000000E+000  0.00000000000000000E+000
a   1  1.23215924145094857E-001 -8.50032647029143162E-001
a   2 -9.81417605373721552E-002 -2.20341258497374209E-002
d   1  5.65900487176195122E-001 -6.46137991138152068E-001
d   2 -8.49432173218762632E-002  5.38698217404277868E-002
s   1 -9.87035435680743944E+002
s   2 -9.66824508292161113E+002
z   1 -1.63950919765635889E-001 -5.52675240607342300E-001
z   2 -2.61197403694365504E-001 -1.38798968517880400E-001
z   3  2.17867863617527621E-002  8.24792928727079017E-002
 
basis     3
D  1.00000000000000000E+000  0.00000000000000000E+000
a   1 -6.97907990020982139E-001  2.24147574018547058E+000
a   2  2.16777355987320952E-001  8.23206081242606053E-002
d   1 -3.93899426562425437E-001  2.31433193343757937E+000
d   2 -1.77053238692413184E-001  1.49737287471521652E-001
s   1 -9.92610016312081825E+002
s   2 -9.63404015040170179E+002
z   1 -2.19298583329745417E-001 -3.43421819916007565E-001
z   2 -1.40829463336465982E-001  1.00096357412185442E-002
z   3 -6.91728932995520386E-003  4.82938615958750650E-002
