ndof    3
nconf    2
nbasisfns    3
initial_PES    1
time  5.00000000000000000E+000
 
zinit   1 -4.59619102013011560E-055  2.71509000248836896E-053
zinit   2  3.24609200017885470E-142 -1.35135349546611839E-142
zinit   3  0.00000000000000000E+000  0.00000000000000000E+000
 
basis     1
D  1.00000000000000000E+000  0.00000000000000000E+000
a   1  2.74393314189363838E-003  7.32985818306149898E-003
a   2 -1.34693853150146925E-001 -3.41826639879896421E-001
d   1 -3.08023603831790059E-003 -7.19500771502182279E-003
d   2 -2.91257933337942310E-001  2.23956920133592807E-001
s   1 -9.83272201651191267E+002
s   2 -9.72042778874217902E+002
z   1  5.20818208180668041E-001 -3.58352602085564798E-001
z   2  2.37190254917463594E-001 -2.71726814956353535E-001
z   3  8.03499042432755523E-002  7.63141121561987934E-002
 
basis     2
D  1.00000000000000000E+000  0.00000000000000000E+000
a   1  6.95624268296649029E-002  1.74838385059512477E-002
a   2 -4.61348965586315884E-001  1.15994118417224690E+000
d   1 -6.80240301018742999E-002 -2.27452668490384230E-002
d   2  1.24802716355923460E+000 -2.71038337651595407E-002
s   1 -9.83394945101618305E+002
s   2 -9.71922660268979030E+002
z   1  7.22448770007330765E-001 -2.52721249111083845E-001
z   2  2.72286971796901256E-001  1.38676571370313167E-001
z   3  9.09229334876106438E-002  5.75638247469690695E-002
 
basis     3
D  1.00000000000000000E+000  0.00000000000000000E+000
a   1 -2.64975973912802351E-002  2.42577873138344613E-002
a   2 -3.56026703804725120E-001 -3.23995094719477572E-001
d   1 -1.86968722444099018E-002  3.06755583673683739E-002
d   2 -1.61605576998370970E-002 -4.81109833197338521E-001
s   1 -9.79894787229145891E+002
s   2 -9.74692612244305678E+002
z   1  1.05482049554096435E+000  1.06925148399763748E-001
z   2  5.47348339882412716E-001  4.82947657775798400E-001
z   3  1.37270682874566802E-003  4.59636144566520355E-002
