ndof    3
nconf    2
nbasisfns    3
initial_PES    1
time  5.00000000000000000E+000
 
zinit   1 -6.82719891651203325E-053  1.54306115426089137E-053
zinit   2 -2.27283642042373474E-142  9.27370229687340696E-143
zinit   3  0.00000000000000000E+000  0.00000000000000000E+000
 
basis     1
D  1.00000000000000000E+000  0.00000000000000000E+000
a   1 -3.73522453464285829E-003 -3.56919781891555030E-002
a   2  2.13027869013759946E-001 -2.96012786743869216E-001
d   1  1.32705155694481051E-002  3.33431046230009270E-002
d   2 -8.82429398577796592E-002 -3.53861027039813092E-001
s   1 -9.83043992657357308E+002
s   2 -9.73025537786634573E+002
z   1 -3.42728895122830168E-001 -2.36369469342375321E-001
z   2 -1.97733398761066964E-001  2.43973896641861115E-001
z   3 -7.20320334253479570E-003  1.15017685363981881E-001
 
basis     2
D  1.00000000000000000E+000  0.00000000000000000E+000
a   1 -6.47255984620895702E-002  9.62644396048142892E-003
a   2  5.46840079745142260E-001 -1.01977245340742328E+000
d   1 -3.80050154946492413E-002 -5.32699757541845662E-002
d   2  1.15286425711985241E+000  9.93676718040593515E-002
s   1 -9.93842029280421002E+002
s   2 -9.62491912312738918E+002
z   1  7.42162013791718977E-002 -3.38247637032428716E-001
z   2  1.94552760435956484E-001  1.77175169739979509E-002
z   3 -2.09754219827291387E-002 -2.42347301895824534E-003
 
basis     3
D  1.00000000000000000E+000  0.00000000000000000E+000
a   1  2.17334041336516813E-002 -5.98264932290596026E-003
a   2 -7.65221569274243119E-002  5.82961937109678807E-001
d   1 -2.12050225771370157E-002  7.64721947250140109E-003
d   2  3.87931200333284099E-001  4.41825355120631258E-001
s   1 -9.89524191795938691E+002
s   2 -9.66759481599362971E+002
z   1  1.31768520675131576E-002 -2.38313338600552233E-001
z   2 -1.90196288116931872E-001  2.28552173907442119E-001
z   3 -1.84983396007215667E-001  2.94402225260848062E-002
