ndof    3
nconf    2
nbasisfns    3
initial_PES    1
time  5.00000000000000000E+000
 
zinit   1 -6.82719891651203325E-053  1.54306115426089137E-053
zinit   2 -2.27283642042373474E-142  9.27370229687340696E-143
zinit   3  0.00000000000000000E+000  0.00000000000000000E+000
 
basis     1
D  1.00000000000000000E+000  0.00000000000000000E+000
a   1  8.70618870686213631E-002  8.80603696144734771E-001
a   2  3.27862571621890808E-002 -1.46826564200613421E-002
d   1 -1.80059080706922392E-001 -8.66384077242129180E-001
d   2  3.55021253512953980E-002  5.48800089246275456E-003
s   1 -9.76928949897615439E+002
s   2 -9.80751323867685301E+002
z   1 -5.05186661783620927E-001 -5.26718379354894517E-001
z   2 -1.90400598795623932E-001  1.65602407138094598E-002
z   3 -1.05712295947583385E-001  5.36309108168354920E-002
 
basis     2
D  1.00000000000000000E+000  0.00000000000000000E+000
a   1  6.66583256233894972E-002 -3.52776446659101794E-001
a   2  3.83706626360882097E-002 -2.64922459732903973E-002
d   1 -2.00854606809663577E-001  2.97576848252130322E-001
d   2 -4.32383544644583742E-002 -1.74525514194248735E-002
s   1 -9.90008661337588592E+002
s   2 -9.65456855517005806E+002
z   1 -1.73611565198136086E-001 -1.14397303183195825E-001
z   2  1.10713281843729233E-002 -5.63664159304460427E-002
z   3 -3.55805199058171484E-002  4.42055537505822577E-002
 
basis     3
D  1.00000000000000000E+000  0.00000000000000000E+000
a   1  8.83521179097327636E-001 -1.73789660938773072E-001
a   2 -5.62899008429873643E-002 -2.38653129248401451E-002
d   1  3.99783861501014526E-001 -8.06836652765653417E-001
d   2  4.91988604967167967E-002 -3.62984603494210384E-002
s   1 -9.85543555968912187E+002
s   2 -9.69715489557385922E+002
z   1 -4.31755035517351282E-001  8.15756862908562606E-003
z   2  1.28420245053749915E-003  1.28132025073855710E-001
z   3 -1.93230156525111794E-002  5.31087022287676618E-003
