ndof    3
nconf    2
nbasisfns    3
initial_PES    1
time  5.00000000000000000E+000
 
zinit   1 -6.82719891651203325E-053  1.54306115426089137E-053
zinit   2 -2.27283642042373474E-142  9.27370229687340696E-143
zinit   3  0.00000000000000000E+000  0.00000000000000000E+000
 
basis     1
D  1.00000000000000000E+000  0.00000000000000000E+000
a   1 -2.75726754069624790E-002  1.17363308966611138E-001
a   2 -1.62914860246869297E+000 -1.10791976081886556E+000
d   1 -1.20092789647716344E-001  1.05887013046593922E-002
d   2  6.47856863322925081E-002 -1.96911507540445219E+000
s   1 -9.81429010904407050E+002
s   2 -9.74900189900961550E+002
z   1 -9.08223648071953688E-002  1.97832647244773757E-002
z   2  1.61233423350102371E-002 -4.58926112773239345E-002
z   3  3.33115539233300867E-002  1.93013128289717256E-002
 
basis     2
D  1.00000000000000000E+000  0.00000000000000000E+000
a   1 -1.47643663430651439E-001 -1.11722800327286806E-002
a   2  1.02800080867683175E+000 -1.47274710805566200E+000
d   1 -6.13817127480166119E-002 -1.34743298655158217E-001
d   2 -5.52011046106307912E-001 -1.70910898186837557E+000
s   1 -9.87527906878169233E+002
s   2 -9.66688738835852860E+002
z   1  1.03914762840639927E-001 -2.69254622117252707E-001
z   2  1.49131906834565030E-002 -2.81348863234947510E-001
z   3  2.35607579245419099E-002  7.18974673989798418E-002
 
basis     3
D  1.00000000000000000E+000  0.00000000000000000E+000
a   1  1.25418786173716074E-001 -1.45439192244047749E-001
a   2  1.45067128505989373E+000  1.96308639672531249E+000
d   1  1.55121401162626599E-001 -1.13224473799761444E-001
d   2 -2.25066321675096903E+000  9.44812395700582619E-001
s   1 -9.92971939050862488E+002
s   2 -9.63137103937539905E+002
z   1  4.87652429435438822E-002 -5.93627111356754764E-002
z   2  1.35970044198469919E-001 -1.31865897087070943E-001
z   3 -4.90715751815476095E-003  3.75871574484482815E-002
