ndof    3
nconf    2
nbasisfns    3
initial_PES    1
time  5.00000000000000000E+000
 
zinit   1 -4.59619102013011560E-055  2.71509000248836896E-053
zinit   2  3.24609200017885470E-142 -1.35135349546611839E-142
zinit   3  0.00000000000000000E+000  0.00000000000000000E+000
 
basis     1
D  1.00000000000000000E+000  0.00000000000000000E+000
a   1 -7.85657505409169399E-003 -7.14620495349836266E-002
a   2  1.42374257080906319E+000  7.03550343858813987E-001
d   1  4.35593605575778156E-002  5.71938143782696473E-002
d   2  9.71007791242537777E-001 -1.25665025509253914E+000
s   1 -9.89060296670808384E+002
s   2 -9.66238648431302181E+002
z   1  8.97527140361824571E-002 -3.60945235342482740E-001
z   2 -1.96561894856805502E-001 -4.69389670654255936E-002
z   3  6.56089739506516556E-002 -3.60093318033954113E-002
 
basis     2
D  1.00000000000000000E+000  0.00000000000000000E+000
a   1 -6.58631066793284592E-002  9.25361433410913994E-003
a   2 -6.41586908305270542E-002 -1.43581308838836330E+000
d   1  6.63380317045360601E-002  4.77951349668559195E-003
d   2 -1.11366239451399696E+000 -9.08532681548532506E-001
s   1 -9.89813193498211376E+002
s   2 -9.66768700675822402E+002
z   1 -4.72334196850106372E-002 -2.93044676276221383E-001
z   2 -9.30217924799331963E-002 -8.07231972969596340E-002
z   3  5.43052988614645057E-002 -3.68158642022247823E-002
 
basis     3
D  1.00000000000000000E+000  0.00000000000000000E+000
a   1  4.59163305583912620E-002  5.65072303320431138E-002
a   2 -9.87395071476910080E-001  2.62208980468724318E-001
d   1  6.52912103435572683E-002 -3.22247473786745203E-002
d   2  8.35440042119378945E-001  5.87998735235808812E-001
s   1 -9.85113180648088814E+002
s   2 -9.71624979998017011E+002
z   1  2.41573941133683023E-001 -1.68473438133840525E-001
z   2  2.62047055601788370E-001  3.45564858441532619E-001
z   3 -2.25079844087255170E-002  7.78794995667209458E-004
