ndof    3
nconf    2
nbasisfns    3
initial_PES    1
time  5.00000000000000000E+000
 
zinit   1 -6.82719891651203325E-053  1.54306115426089137E-053
zinit   2 -2.27283642042373474E-142  9.27370229687340696E-143
zinit   3  0.00000000000000000E+000  0.00000000000000000E+000
 
basis     1
D  1.00000000000000000E+000  0.00000000000000000E+000
a   1 -4.70570424311516411E-001 -1.52435341305111227E+000
a   2 -3.81210497838458673E-002 -2.30564658264649641E-002
d   1 -2.76681666912759083E-001 -1.57115788745487706E+000
d   2  2.80715804429642751E-002  3.45948178845269724E-002
s   1 -9.74018830085546824E+002
s   2 -9.83663661984205532E+002
z   1  1.80457193833033713E-001 -4.32831626605662045E-001
z   2 -1.51242553584418432E-001  6.63997908265292203E-002
z   3  5.10100448729312594E-002 -1.12797527965084771E-001
 
basis     2
D  1.00000000000000000E+000  0.00000000000000000E+000
a   1  4.80852863742991354E-001  8.00444302349005987E-001
a   2  4.94978577105929241E-002 -2.37023204951411805E-002
d   1 -9.33078453717568368E-001 -3.59882889403521714E-002
d   2  3.43211640965630088E-002 -4.28240074006308660E-002
s   1 -9.88610397749084655E+002
s   2 -9.67161952859219241E+002
z   1 -3.30031435219111269E-001  5.60732075711642478E-002
z   2 -1.43501361072284422E-001 -2.91973856825823996E-001
z   3  1.13601065303832682E-001 -5.22513108553353811E-002
 
basis     3
D  1.00000000000000000E+000  0.00000000000000000E+000
a   1  6.26479112505930136E-001  1.48596492062131325E+000
a   2  3.47807452984929058E-002  4.68774798321294674E-003
d   1 -4.43069766879378296E-002  1.61201883225354958E+000
d   2  3.48080334347762380E-002  4.48062864743921374E-003
s   1 -9.86886556888282257E+002
s   2 -9.67604584658463637E+002
z   1  7.19158285618016063E-002 -5.91682507367723320E-001
z   2 -1.64122856419860491E-001  9.72837617397037946E-002
z   3  3.00463945742547658E-002 -9.28734076432061600E-002
