ndof    3
nconf    2
nbasisfns    3
initial_PES    1
time  5.00000000000000000E+000
 
zinit   1 -6.82719891651203325E-053  1.54306115426089137E-053
zinit   2 -2.27283642042373474E-142  9.27370229687340696E-143
zinit   3  0.00000000000000000E+000  0.00000000000000000E+000
 
basis     1
D  1.00000000000000000E+000  0.00000000000000000E+000
a   1 -2.52000852654425156E+000 -3.02414073133485006E+000
a   2 -1.85679943568515554E-001  2.46113506876995874E-001
d   1  3.76101835718071920E+000 -1.16215792976852184E+000
d   2 -2.89819309499296962E-001 -1.05136423527961667E-001
s   1 -9.82142727422763073E+002
s   2 -9.75166178483975159E+002
z   1 -1.04923997515169828E-001 -4.80553225579193222E-001
z   2 -5.43684665101578646E-001  1.60920369116393541E-001
z   3  1.69415456142924968E-003 -1.71642723075350473E-002
 
basis     2
D  1.00000000000000000E+000  0.00000000000000000E+000
a   1  5.75368884280783588E-001  2.05912434449353920E+000
a   2  1.58163966311640314E-001 -8.18457167806371927E-002
d   1 -2.78898257039188247E-001 -2.11973068603182790E+000
d   2 -2.53336443640857049E-003 -1.78067806353080865E-001
s   1 -9.89743339380595444E+002
s   2 -9.66503043742909426E+002
z   1 -1.62709462261736333E-002 -6.79880856029027925E-001
z   2 -5.28404799066182984E-001  2.45049875196451855E-001
z   3 -2.52586082416729647E-002 -2.91152489914107866E-002
 
basis     3
D  1.00000000000000000E+000  0.00000000000000000E+000
a   1  2.38109822704829011E+000  1.96295461554317097E-001
a   2 -1.18911754522159213E-002 -1.83420244239250796E-001
d   1 -1.73166525196176102E+000  1.64605471665663172E+000
d   2 -1.48451661642639371E-001 -1.08381226261567654E-001
s   1 -9.88759374905569871E+002
s   2 -9.66735108954020120E+002
z   1 -1.52091694472989536E-001 -4.90800670817584161E-001
z   2 -3.24230059719990860E-001 -5.78911025311314650E-002
z   3  6.45270419932949674E-002  7.86116247439440884E-003
