ndof    3
nconf    2
nbasisfns    3
initial_PES    1
time  5.00000000000000000E+000
 
zinit   1 -4.59619102013011560E-055  2.71509000248836896E-053
zinit   2  3.24609200017885470E-142 -1.35135349546611839E-142
zinit   3  0.00000000000000000E+000  0.00000000000000000E+000
 
basis     1
D  1.00000000000000000E+000  0.00000000000000000E+000
a   1 -7.45427696190123501E-002 -1.04784656302331802E-001
a   2  2.02776682392065055E+000 -5.84700898963101956E-001
d   1 -1.14941120050805229E-001 -5.76627056279648831E-002
d   2 -6.91920316437274752E-002  2.10924770859150534E+000
s   1 -9.85972610473136456E+002
s   2 -9.69494858173136890E+002
z   1  6.08011566957597727E-001 -1.53634687220491423E-001
z   2 -2.45494471345467175E-001  6.68049373482598741E-002
z   3  9.35486256589757592E-002 -4.59090440631581484E-002
 
basis     2
D  1.00000000000000000E+000  0.00000000000000000E+000
a   1  1.66157030003017347E-001  1.86020943325771015E-001
a   2 -3.55901250387631851E+000  1.33639046797750716E+000
d   1  2.19517459082145538E-001  1.18423119083023179E-001
d   2  1.13867126488987691E+000 -3.62711141766602063E+000
s   1 -9.86113074661246856E+002
s   2 -9.69844728144577061E+002
z   1  3.79161678590091589E-001 -5.83009299066222023E-002
z   2 -4.29201788693237690E-002  1.61514067197268026E-002
z   3  8.03433464832973981E-002 -4.37953773790974721E-002
 
basis     3
D  1.00000000000000000E+000  0.00000000000000000E+000
a   1 -8.27387332568470107E-002 -5.22895237367771576E-002
a   2  9.29361243302787132E-001 -6.81618009176875206E-001
d   1 -9.75538231000938200E-002  7.94631185659514655E-003
d   2 -2.82438860963192748E-002  1.15217954932628763E+000
s   1 -9.79532026205549414E+002
s   2 -9.76121836782197079E+002
z   1  1.63732162910876639E-001  2.00360633478460615E-001
z   2  2.28497996675514431E-001  2.96237002519604831E-001
z   3 -3.38353638169475168E-002 -3.58676684031200566E-002
