ndof    3
nconf    2
nbasisfns    3
initial_PES    1
time  5.00000000000000000E+000
 
zinit   1 -4.59619102013011560E-055  2.71509000248836896E-053
zinit   2  3.24609200017885470E-142 -1.35135349546611839E-142
zinit   3  0.00000000000000000E+000  0.00000000000000000E+000
 
basis     1
D  1.00000000000000000E+000  0.00000000000000000E+000
a   1 -1.35038667296628698E-002  8.66757932015978089E-002
a   2 -1.37116123884758045E+000 -1.42702934335661169E-002
d   1 -8.37172399287747504E-002 -2.62005969872178245E-002
d   2 -6.71834369440493351E-001  1.19537666207401183E+000
s   1 -9.81896458088757868E+002
s   2 -9.72824549547647052E+002
z   1 -7.51340312273983457E-001 -5.96418138629477082E-002
z   2 -7.40973454640836277E-002 -3.59932941168146336E-001
z   3  1.60457419060491720E-002 -3.30935761292070890E-002
 
basis     2
D  1.00000000000000000E+000  0.00000000000000000E+000
a   1 -7.92073643085683815E-002  5.26656019138766057E-002
a   2 -9.10153896323689704E-001 -1.33926430944710462E+000
d   1 -4.84727792283350528E-002 -8.18404659049683375E-002
d   2 -1.50917543747325511E+000 -5.86854755863350008E-001
s   1 -9.81799761772366537E+002
s   2 -9.73290688547092600E+002
z   1 -2.48101480868305642E-002 -2.31898625197351244E-001
z   2  1.10222557603562851E-001  2.52612301314921114E-002
z   3  4.53328946827336182E-002  3.97007649616576332E-003
 
basis     3
D  1.00000000000000000E+000  0.00000000000000000E+000
a   1  5.97220723309348500E-002 -7.76000669185270830E-002
a   2  1.32029897905093896E+000  7.82082463138427553E-001
d   1  8.88145800249904860E-002 -4.12367152455897570E-002
d   2 -9.01203691228232989E-002  1.53190100603817991E+000
s   1 -9.80657085159424241E+002
s   2 -9.74988502924274144E+002
z   1 -1.25679547551466375E-001  1.00253019020811365E-001
z   2 -1.01380563557217487E-001 -6.12648388682421816E-002
z   3 -1.06163412476488143E-002 -1.18500047894172476E-002
