ndof    3
nconf    2
nbasisfns    3
initial_PES    1
time  5.00000000000000000E+000
 
zinit   1 -6.82719891651203325E-053  1.54306115426089137E-053
zinit   2 -2.27283642042373474E-142  9.27370229687340696E-143
zinit   3  0.00000000000000000E+000  0.00000000000000000E+000
 
basis     1
D  1.00000000000000000E+000  0.00000000000000000E+000
a   1  5.28302815508338908E-001  1.25569412500363908E+000
a   2  5.37423934595676611E-002 -6.10960109487511185E-002
d   1  1.29776171323970835E+000 -4.14350257743167916E-001
d   2 -8.13689808100535178E-002  2.37424821871485956E-004
s   1 -9.72412120701607250E+002
s   2 -9.84164928038386847E+002
z   1 -2.84038863518400131E-001 -1.27311051946273485E-001
z   2 -2.04842582723890221E-001  2.48864225414573259E-001
z   3  2.12494749512993561E-002  3.29994567126714253E-002
 
basis     2
D  1.00000000000000000E+000  0.00000000000000000E+000
a   1 -3.47800049861479832E-001 -8.65612307704820005E-001
a   2 -3.65682843995276952E-002  4.93854014435010924E-002
d   1  1.34243730489443741E-001  9.23162045774190920E-001
d   2  2.77961102956556586E-002 -5.48045030275090272E-002
s   1 -9.83556149648922428E+002
s   2 -9.70584137978555873E+002
z   1  3.54899271925443349E-001 -1.47284024051704404E-001
z   2  2.04381654872562019E-001  3.51398174486008269E-002
z   3  6.47627372699782766E-002  6.54879732513059531E-002
 
basis     3
D  1.00000000000000000E+000  0.00000000000000000E+000
a   1 -8.06445280846745105E-002  4.47209925649255713E-001
a   2  3.14446431866795065E-002 -1.03233642092520443E-002
d   1  1.40360221731255064E-001  4.32202806174098786E-001
d   2  2.57725535917689604E-002  2.07632587782807521E-002
s   1 -9.85967671771849268E+002
s   2 -9.68605920755533589E+002
z   1  3.10481763777555542E-001 -3.42292437010065842E-001
z   2  4.48992380952044579E-001 -3.14923413870134561E-002
z   3  1.67174517038475356E-001  8.52069917841382779E-002
