ndof    3
nconf    2
nbasisfns    3
initial_PES    1
time  5.00000000000000000E+000
 
zinit   1 -4.59619102013011560E-055  2.71509000248836896E-053
zinit   2  3.24609200017885470E-142 -1.35135349546611839E-142
zinit   3  0.00000000000000000E+000  0.00000000000000000E+000
 
basis     1
D  1.00000000000000000E+000  0.00000000000000000E+000
a   1  2.65092348881482490E-002  3.78467541473603321E-003
a   2 -5.89041914119686760E-001  3.36642544951260059E-001
d   1 -1.66041833922298127E-002  2.10086743091305803E-002
d   2  6.77442038392881529E-001 -3.70251843904009711E-002
s   1 -9.82274722750082219E+002
s   2 -9.71216736360628829E+002
z   1  4.31817387750362103E-001 -5.10525225962362716E-001
z   2 -1.42918308486761347E-001  1.92839649886582754E-001
z   3  2.88544784339539520E-002  1.28229834465161313E-001
 
basis     2
D  1.00000000000000000E+000  0.00000000000000000E+000
a   1  2.28488570056860976E-002  1.10102356294756488E-002
a   2 -3.36004117823160975E-001  3.33130607530962020E-001
d   1 -2.36079797457125311E-002  9.27139943098626886E-003
d   2  4.71725339572992064E-001  3.67419769856468167E-002
s   1 -9.82495242349683167E+002
s   2 -9.71610965341493625E+002
z   1  4.67047314062629393E-001 -4.01386994892975815E-002
z   2  2.58178313431089546E-001  8.91686775250605246E-002
z   3 -5.45013854072251627E-002  1.40243230667966262E-001
 
basis     3
D  1.00000000000000000E+000  0.00000000000000000E+000
a   1 -2.96538386072754054E-002 -6.70872112102378487E-002
a   2  1.56486252960139449E+000 -2.86227137544342536E-001
d   1  2.32042829053888920E-002 -6.95816448997871595E-002
d   2  1.55476807858008037E+000 -3.36774305204105673E-001
s   1 -9.74631805039236497E+002
s   2 -9.80144504888223196E+002
z   1  4.47293301254697628E-001 -9.65000580707660316E-002
z   2  1.33350140263668510E-001  4.71352591002908772E-001
z   3  1.25912333991892528E-001  8.42938313153852314E-002
