ndof    3
nconf    2
nbasisfns    3
initial_PES    1
time  5.00000000000000000E+000
 
zinit   1 -6.82719891651203325E-053  1.54306115426089137E-053
zinit   2 -2.27283642042373474E-142  9.27370229687340696E-143
zinit   3  0.00000000000000000E+000  0.00000000000000000E+000
 
basis     1
D  1.00000000000000000E+000  0.00000000000000000E+000
a   1  1.14751302377680917E-002  9.18137245290376498E-003
a   2  7.83079643867886088E-002  4.79782861526359683E-001
d   1 -9.08762274239658524E-003 -1.15495163095497670E-002
d   2 -5.71077476386941396E-002  4.82765405409770254E-001
s   1 -9.77264638309561747E+002
s   2 -9.80456442544118545E+002
z   1 -2.36505295198454618E-001 -2.40864782795145838E-001
z   2  8.84051496536565895E-002 -1.23612079960218890E-001
z   3 -1.03314493258373497E-001  4.28987037301711768E-002
 
basis     2
D  1.00000000000000000E+000  0.00000000000000000E+000
a   1  1.59894357741809656E-002  9.52186704718200050E-002
a   2 -1.56108643024342975E+000 -4.99963838713385234E-001
d   1  5.06934398531200328E-002 -8.21731855209216350E-002
d   2  9.09929097803812148E-001  1.36344553234851973E+000
s   1 -9.90320817450955815E+002
s   2 -9.65141303576742871E+002
z   1  9.39881771484466361E-002  1.68671381264623138E-001
z   2  2.86527947438242780E-001 -1.98867950898729468E-001
z   3 -3.26773921645361967E-002  3.33077935853020105E-002
 
basis     3
D  1.00000000000000000E+000  0.00000000000000000E+000
a   1 -6.11056629977817373E-002 -5.14308683962020480E-002
a   2  7.42241371056335142E-001 -6.77967561145229158E-001
d   1 -7.97084747945497052E-002  5.05918178291326747E-003
d   2  6.33878080629197371E-001  7.80231277103554111E-001
s   1 -9.85697068419266088E+002
s   2 -9.69239235706200361E+002
z   1 -1.63298630061486039E-001  2.93056038923077133E-001
z   2  2.79220329406779155E-001 -1.32544665473398257E-002
z   3 -1.75522615366600562E-002 -5.00919425182777111E-003
