ndof    3
nconf    2
nbasisfns    3
initial_PES    1
time  5.00000000000000000E+000
 
zinit   1 -6.82719891651203325E-053  1.54306115426089137E-053
zinit   2 -2.27283642042373474E-142  9.27370229687340696E-143
zinit   3  0.00000000000000000E+000  0.00000000000000000E+000
 
basis     1
D  1.00000000000000000E+000  0.00000000000000000E+000
a   1 -4.56901001038196967E-003  4.45425648305709711E-003
a   2 -1.02823251878680466E-001 -1.09467229493880505E-001
d   1 -4.30356860595194901E-003  4.71121540005247676E-003
d   2  9.84480438251081613E-002  1.13418156072923562E-001
s   1 -9.73835816760747434E+002
s   2 -9.83357755244378836E+002
z   1  1.27261443020743770E-001 -3.93728263574885218E-001
z   2  3.19761619509520589E-001  6.84075310633509431E-002
z   3  4.33320829205500468E-002  1.12460138795244954E-001
 
basis     2
D  1.00000000000000000E+000  0.00000000000000000E+000
a   1  4.52632274160551240E-002 -5.98204300163760194E-002
a   2  3.13895478493301017E-001  1.10563900742959298E+000
d   1  4.22727145020340006E-002 -6.19698411494752008E-002
d   2  4.40606691136420536E-001  1.06152424837789217E+000
s   1 -9.86410993868429955E+002
s   2 -9.67493732891791296E+002
z   1  1.29008824144784845E-001  1.20949968824131115E-001
z   2  3.98866557123321169E-002  9.43897168890041882E-002
z   3  9.02963540365692985E-002  6.94813109433512766E-002
 
basis     3
D  1.00000000000000000E+000  0.00000000000000000E+000
a   1  1.44228408210642922E-002  2.84439136791191129E-002
a   2  1.66753812027991610E-001 -1.26416768061811818E-001
d   1 -3.18871441450000320E-002 -5.33480094219232264E-004
d   2 -1.89685346933365334E-001 -8.83600714793142117E-002
s   1 -9.82233714543123710E+002
s   2 -9.71836732953941919E+002
z   1 -1.95589034050666528E-002  2.31801971516801458E-001
z   2 -8.94831379009815575E-002  2.67432909403273356E-001
z   3  2.10673321120304680E-001  2.77155568677527886E-001
