ndof    3
nconf    2
nbasisfns    3
initial_PES    1
time  5.00000000000000000E+000
 
zinit   1 -4.59619102013011560E-055  2.71509000248836896E-053
zinit   2  3.24609200017885470E-142 -1.35135349546611839E-142
zinit   3  0.00000000000000000E+000  0.00000000000000000E+000
 
basis     1
D  1.00000000000000000E+000  0.00000000000000000E+000
a   1  3.18942561961076398E-001 -1.98961404093568017E+000
a   2 -1.37241087627652025E-001 -6.35525349942406281E-003
d   1  2.01419342459529460E+000  5.75607334541583110E-002
d   2 -1.23247782576019219E-001 -6.07082323112532601E-002
s   1 -9.87900507936648751E+002
s   2 -9.68021949572834956E+002
z   1 -1.24148928375942838E-001 -4.86766926589563720E-001
z   2 -3.65906935827115865E-001 -5.00381194955020620E-002
z   3  8.99496041803618529E-002  7.28139573220673991E-002
 
basis     2
D  1.00000000000000000E+000  0.00000000000000000E+000
a   1  2.20763833318903924E-001  4.04235489925481151E+000
a   2  2.42520691444587488E-001 -1.12197921704256937E-002
d   1 -4.49749402360498818E-001  4.02331893797986240E+000
d   2 -7.56601562863266769E-002  2.30689640568962240E-001
s   1 -9.86625975213046672E+002
s   2 -9.69544483143007255E+002
z   1  6.39180452866921073E-002 -3.53801535661044497E-001
z   2 -1.68042876387474033E-002  1.47575106448882248E-001
z   3  2.69669160767865325E-003  6.90270023597941290E-002
 
basis     3
D  1.00000000000000000E+000  0.00000000000000000E+000
a   1  2.75620210948069100E-001 -2.20604605469960902E+000
a   2 -1.15793618835498463E-001 -3.00334644466601838E-002
d   1 -2.05012879122933001E+000  8.59986997292014221E-001
d   2  1.01891682528368915E-001  6.26758021985166641E-002
s   1 -9.84367816947416941E+002
s   2 -9.71049815889373008E+002
z   1  2.38741916998829989E-001 -2.14890435649818301E-001
z   2  2.76934833781592893E-001  3.94092336277230559E-001
z   3 -3.28373567471196212E-002  8.46996752632511590E-002
