ndof    3
nconf    2
nbasisfns    3
initial_PES    1
time  5.00000000000000000E+000
 
zinit   1 -6.82719891651203325E-053  1.54306115426089137E-053
zinit   2 -2.27283642042373474E-142  9.27370229687340696E-143
zinit   3  0.00000000000000000E+000  0.00000000000000000E+000
 
basis     1
D  1.00000000000000000E+000  0.00000000000000000E+000
a   1 -1.64704470563063643E-001 -2.12279155925908680E-001
a   2  4.28925203577995053E-003  2.39168823404966348E-002
d   1  1.27064857143170309E-002  2.68381347870650655E-001
d   2  7.14339645160287206E-003  2.32247030347177905E-002
s   1 -9.77647869201024832E+002
s   2 -9.80055967367354810E+002
z   1 -6.42892484320373270E-001 -1.32458407031994463E-001
z   2 -4.03700597572126174E-001  2.05823262850289151E-001
z   3  1.94628592766614462E-002 -1.31595276225298877E-002
 
basis     2
D  1.00000000000000000E+000  0.00000000000000000E+000
a   1 -2.58238474105342464E+000  1.24292033387946410E+000
a   2  1.23320781887613862E-001  1.12083646055605668E-001
d   1 -2.84386830886788200E+000 -3.54929498652243491E-001
d   2  1.06445477421561713E-001  1.28219028599449753E-001
s   1 -9.87032838236143107E+002
s   2 -9.67750757514615429E+002
z   1  1.94356632493789178E-001 -2.53184318744086034E-001
z   2  2.55273410746133661E-002 -1.95851531774228309E-002
z   3 -4.63418591633742855E-002  1.01901465163139804E-001
 
basis     3
D  1.00000000000000000E+000  0.00000000000000000E+000
a   1  2.90029818424949282E+000 -1.83633060496494793E+000
a   2 -1.77252069992951761E-001 -1.36600426632372429E-001
d   1 -3.41619812837729286E+000 -3.36793699411549130E-001
d   2 -5.96845906158543216E-002  2.15675039158337245E-001
s   1 -9.90264395821367430E+002
s   2 -9.65653127838533464E+002
z   1  6.11297821558593607E-002 -2.30380095323935968E-001
z   2  3.15958683148003516E-002  7.04585411938130762E-002
z   3  1.02711838684487362E-002  1.13886925264865116E-001
