ndof    3
nconf    2
nbasisfns    3
initial_PES    1
time  5.00000000000000000E+000
 
zinit   1 -4.59619102013011560E-055  2.71509000248836896E-053
zinit   2  3.24609200017885470E-142 -1.35135349546611839E-142
zinit   3  0.00000000000000000E+000  0.00000000000000000E+000
 
basis     1
D  1.00000000000000000E+000  0.00000000000000000E+000
a   1  1.68817838068551496E-002  1.27758063558602811E-002
a   2 -4.79306405463173268E-001  6.74244010797548476E-001
d   1 -1.77285013612511963E-002  1.15722120628664275E-002
d   2 -6.34537115692129228E-001  5.30756314351045533E-001
s   1 -9.88375555947625116E+002
s   2 -9.67866770379036666E+002
z   1  1.44373610263599822E-001 -2.01253497980521362E-001
z   2 -8.75696633751943954E-002 -1.90409552952664762E-001
z   3  9.26468656774450255E-002  6.17213201121196153E-002
 
basis     2
D  1.00000000000000000E+000  0.00000000000000000E+000
a   1 -1.32594430827581850E-001 -4.78150611554757632E-003
a   2  7.17793794588884482E-001 -2.34817269554675256E+000
d   1 -1.10124810022477190E-001 -7.40045411088854493E-002
d   2  2.24258720413408463E+000  9.99972785387523211E-001
s   1 -9.87015737719771323E+002
s   2 -9.69304112618086606E+002
z   1  3.32411786061032333E-001 -6.84053250093240722E-002
z   2  2.61424484126959955E-001  7.06061633896494685E-003
z   3  5.26819249733611553E-003  5.79378890217661854E-002
 
basis     3
D  1.00000000000000000E+000  0.00000000000000000E+000
a   1  6.46047734043627420E-002 -2.26767665140936436E-002
a   2  1.24820755067909669E-001  8.90994545780833147E-001
d   1 -3.67531619036905524E-002 -5.77686556555099678E-002
d   2 -1.60150975088597269E-001 -8.85326587585105740E-001
s   1 -9.84660247181310410E+002
s   2 -9.70712356112440261E+002
z   1  5.07146570466571522E-001  7.02396775207415475E-002
z   2  5.54872106003564736E-001  2.53319875169961295E-001
z   3 -3.04010503758003967E-002  7.35463976404278769E-002
