ndof    3
nconf    2
nbasisfns    3
initial_PES    1
time  5.00000000000000000E+000
 
zinit   1 -6.82719891651203325E-053  1.54306115426089137E-053
zinit   2 -2.27283642042373474E-142  9.27370229687340696E-143
zinit   3  0.00000000000000000E+000  0.00000000000000000E+000
 
basis     1
D  1.00000000000000000E+000  0.00000000000000000E+000
a   1 -4.14725204440622219E-001  1.38255590797846106E-001
a   2  4.67404037844482700E-002 -2.48143662306744145E-003
d   1  4.37132833153430711E-001 -5.14682080825086020E-003
d   2  1.33939933569563584E-002  4.48488998259865407E-002
s   1 -9.77345322390502020E+002
s   2 -9.81510529078988270E+002
z   1 -3.82066715626312003E-001 -2.20372342926731746E-001
z   2 -2.90861491317472409E-001  2.18959214180135919E-001
z   3  3.02772684922046065E-002 -7.58489902696928703E-002
 
basis     2
D  1.00000000000000000E+000  0.00000000000000000E+000
a   1 -3.48239316126360277E-002 -3.48312606969034322E-001
a   2 -1.46256576914690524E-002  1.45943695376008972E-003
d   1 -1.48987963008919283E-001  3.16760106807942976E-001
d   2  1.04130204127210278E-002  1.03734673573633775E-002
s   1 -9.90140980826196824E+002
s   2 -9.65351896832052375E+002
z   1 -2.28919515660370720E-001  2.26344635571081559E-001
z   2 -5.12437038571285974E-001 -2.53665228713675139E-001
z   3  5.93156774181162888E-002 -4.25527266746627622E-002
 
basis     3
D  1.00000000000000000E+000  0.00000000000000000E+000
a   1 -5.41557820250201827E-001 -1.01121670289522902E-002
a   2 -3.62927467395991882E-002  6.10632271234125557E-002
d   1 -2.49282839004346585E-001 -4.80879605279850020E-001
d   2  2.65001521889088980E-002  6.59061689570469705E-002
s   1 -9.87533968772422213E+002
s   2 -9.66691978753176954E+002
z   1 -1.36123644628364016E-001 -1.34891444979792302E-001
z   2 -1.29243585992982080E-001 -8.31684668652026525E-003
z   3  5.87137715984218655E-002 -3.91111033296094174E-002
