ndof    3
nconf    2
nbasisfns    3
initial_PES    1
time  5.00000000000000000E+000
 
zinit   1 -6.82719891651203325E-053  1.54306115426089137E-053
zinit   2 -2.27283642042373474E-142  9.27370229687340696E-143
zinit   3  0.00000000000000000E+000  0.00000000000000000E+000
 
basis     1
D  1.00000000000000000E+000  0.00000000000000000E+000
a   1 -1.20812455581566641E-001  2.53780338002270123E-001
a   2  1.14156678886372584E-002  1.32105188231751488E-002
d   1  1.88234352983287057E-001 -2.08729340863132606E-001
d   2  1.61725813021194043E-002 -6.57897370016529478E-003
s   1 -9.77324824115011324E+002
s   2 -9.78932401617409027E+002
z   1  1.90083055123048232E-002 -4.54424623762464841E-001
z   2 -2.59229471806508127E-001  5.11057270826533183E-001
z   3  1.22480503362304826E-002  4.37621304873583028E-002
 
basis     2
D  1.00000000000000000E+000  0.00000000000000000E+000
a   1 -8.50852201287405352E-001 -7.66186618023021015E-001
a   2 -3.08378414562527937E-002  6.59098518899655372E-002
d   1  4.93859454419627530E-001  1.03300253695406075E+000
d   2 -6.37759943718871694E-003 -7.24872903842939120E-002
s   1 -9.83710249780940103E+002
s   2 -9.70226751319111827E+002
z   1  6.37606756873075192E-002 -4.33368664115927782E-001
z   2  6.26955277372307634E-002 -6.91165031114247125E-002
z   3 -2.85082590125320876E-003  9.73782108549456626E-002
 
basis     3
D  1.00000000000000000E+000  0.00000000000000000E+000
a   1  1.77231515312377597E+000  3.18145085711452891E-001
a   2  5.13318335462629310E-003 -1.22786423061374120E-001
d   1 -1.72506075107749646E+000  5.16219626366960949E-001
d   2 -1.00226940849816981E-001 -7.11155087688068871E-002
s   1 -9.89133303335044161E+002
s   2 -9.66615062733126820E+002
z   1  9.98574427716103913E-002 -2.28443734248594960E-002
z   2  6.14552164062292863E-002  8.20597513745038171E-003
z   3 -2.87038661279549606E-002  2.50310074860878723E-002
