ndof    3
nconf    2
nbasisfns    3
initial_PES    1
time  5.00000000000000000E+000
 
zinit   1 -4.59619102013011560E-055  2.71509000248836896E-053
zinit   2  3.24609200017885470E-142 -1.35135349546611839E-142
zinit   3  0.00000000000000000E+000  0.00000000000000000E+000
 
basis     1
D  1.00000000000000000E+000  0.00000000000000000E+000
a   1 -1.05285958404869984E+000 -1.43945563564817469E-001
a   2 -2.63879891528062960E-002  6.47499648582476883E-002
d   1  9.26235009126560538E-001 -5.20886107380024610E-001
d   2  6.92844492494893438E-002  9.41004850507529828E-003
s   1 -9.82670334174772051E+002
s   2 -9.72070931276756937E+002
z   1  2.52385286669486453E-001 -6.43815899603463082E-001
z   2 -4.10013721523675850E-002 -1.31527407473999852E-001
z   3  7.75432206893953840E-002  8.72926305216916998E-002
 
basis     2
D  1.00000000000000000E+000  0.00000000000000000E+000
a   1  6.76713697612441822E-001  8.07807323750414363E-002
a   2  1.56313295000564956E-002 -5.74581576016892220E-002
d   1 -6.47893093571965117E-001  2.11427279604832985E-001
d   2 -5.95386792044422866E-002  9.61257255059800838E-004
s   1 -9.82884255860993107E+002
s   2 -9.72041163673360870E+002
z   1  4.54283877593631091E-001 -5.37276263957359945E-001
z   2 -4.95643517491167491E-003  2.79873113314162425E-001
z   3  8.87134988791974388E-002  6.83291966807095252E-002
 
basis     3
D  1.00000000000000000E+000  0.00000000000000000E+000
a   1 -8.16252135184551531E-001 -1.94104854023290918E-002
a   2 -1.16226229073956161E-003  6.27710633646874211E-002
d   1 -6.58124693939824090E-001  4.83235141896267872E-001
d   2 -5.51275650027389999E-002  3.00417846745972307E-002
s   1 -9.79519780721554412E+002
s   2 -9.74947047122991421E+002
z   1  7.86562240916063748E-001 -1.77792745864333995E-001
z   2  2.69856445473495354E-001  6.24097289832783231E-001
z   3 -8.81476161612969496E-004  5.68842016090335273E-002
