ndof    3
nconf    2
nbasisfns    3
initial_PES    1
time  5.00000000000000000E+000
 
zinit   1 -4.59619102013011560E-055  2.71509000248836896E-053
zinit   2  3.24609200017885470E-142 -1.35135349546611839E-142
zinit   3  0.00000000000000000E+000  0.00000000000000000E+000
 
basis     1
D  1.00000000000000000E+000  0.00000000000000000E+000
a   1 -6.94724502299103652E-001 -2.27053737871370398E+000
a   2 -1.48059261561109573E-001  8.78785722503853256E-002
d   1  2.29800478880205805E+000  5.97625395104361301E-001
d   2  3.15835812736203966E-002  1.69253259314909088E-001
s   1 -9.88582244482023725E+002
s   2 -9.66390910687688120E+002
z   1 -1.78827939034158473E-001 -6.46441765189096906E-001
z   2 -4.74998379756874145E-001  9.36315837391069605E-002
z   3  6.31486602197904867E-002 -2.49712079469449483E-002
 
basis     2
D  1.00000000000000000E+000  0.00000000000000000E+000
a   1 -1.02839448555848145E-001  3.19594491324462160E+000
a   2  2.02260794373461006E-001 -3.66282558802141084E-002
d   1 -5.46951844229470296E-001 -3.15047353913144690E+000
d   2  1.42292307115378158E-001 -1.48337309552225655E-001
s   1 -9.89397622798260159E+002
s   2 -9.66983495055044273E+002
z   1 -3.15823593708713435E-001 -5.78630644337354894E-001
z   2 -3.71525122928543172E-001  5.97003318019239740E-002
z   3  5.17419209353798468E-002 -2.57569966980799175E-002
 
basis     3
D  1.00000000000000000E+000  0.00000000000000000E+000
a   1  7.05216632773137619E-001 -1.55795606190687275E-001
a   2 -3.90179340423419535E-003 -4.43031656330458920E-002
d   1 -2.06557394849162940E-001 -6.92052608319145945E-001
d   2 -4.00027939789092402E-002  1.94363306917578089E-002
s   1 -9.84816670275913111E+002
s   2 -9.71958486597060528E+002
z   1 -2.68920323317711277E-002 -4.53709063493481002E-001
z   2 -1.60700657970907664E-002  4.86307388566788901E-001
z   3 -2.48789654533802460E-002  1.18377492775577926E-002
