ndof    3
nconf    2
nbasisfns    3
initial_PES    1
time  5.00000000000000000E+000
 
zinit   1 -4.59619102013011560E-055  2.71509000248836896E-053
zinit   2  3.24609200017885470E-142 -1.35135349546611839E-142
zinit   3  0.00000000000000000E+000  0.00000000000000000E+000
 
basis     1
D  1.00000000000000000E+000  0.00000000000000000E+000
a   1  7.85684075390370440E-002  1.14708403377248436E+000
a   2  6.56814446690384551E-002 -3.20407142360319558E-002
d   1 -4.89585344923237575E-001 -1.04032733561863511E+000
d   2 -6.84488598159406630E-002  2.56010377224190760E-002
s   1 -9.76663844524771548E+002
s   2 -9.77131262793178735E+002
z   1 -6.87217622064690503E-001 -5.60209947094339022E-001
z   2 -1.30028374669128644E-001 -1.94299050929796213E-001
z   3 -2.53820563480255147E-002 -1.89731675444923739E-002
 
basis     2
D  1.00000000000000000E+000  0.00000000000000000E+000
a   1 -2.62846163607413308E-001 -1.32893975545095300E-003
a   2  3.03028244236519043E-002  7.72981562422042807E-003
d   1  1.88655454443572207E-001 -1.83027296632764430E-001
d   2 -1.45225299774916199E-002 -2.76967027042565803E-002
s   1 -9.76260002398870483E+002
s   2 -9.77873421569103812E+002
z   1  9.46111963199263162E-002 -8.78253014524052134E-001
z   2  6.03004907388879144E-002  4.44243218801792655E-002
z   3 -4.69404893674274029E-002 -5.13334321270052657E-002
 
basis     3
D  1.00000000000000000E+000  0.00000000000000000E+000
a   1  1.39044466092939467E-001 -1.29778044344682569E-001
a   2 -2.36621945384202989E-002  1.47531978256595850E-002
d   1  1.70946215587785916E-001  8.33852248375886174E-002
d   2 -8.85953861061511937E-003  2.64398349477471956E-002
s   1 -9.75098493018448039E+002
s   2 -9.79486950444164108E+002
z   1  1.08657277019296714E-001 -5.48187451760816846E-001
z   2 -2.73788144034763814E-001  4.70334054077436101E-002
z   3 -1.13267502554685720E-001 -3.69066010845833931E-002
