ndof    3
nconf    2
nbasisfns    3
initial_PES    1
time  5.00000000000000000E+000
 
zinit   1 -6.82719891651203325E-053  1.54306115426089137E-053
zinit   2 -2.27283642042373474E-142  9.27370229687340696E-143
zinit   3  0.00000000000000000E+000  0.00000000000000000E+000
 
basis     1
D  1.00000000000000000E+000  0.00000000000000000E+000
a   1 -3.67696957847179207E-001 -5.19134561552062612E-001
a   2 -1.63596424338906740E-002  5.99171588711808895E-002
d   1  5.64767348994230312E-001 -2.92813229410748888E-001
d   2 -2.70107990838377374E-002  5.59296036157206980E-002
s   1 -9.81885659400816053E+002
s   2 -9.74077090629244481E+002
z   1 -4.08170375361021520E-001 -6.45444686438979343E-001
z   2 -2.32148857197697539E-001  5.23761536539681383E-001
z   3  1.66358276281090151E-003 -3.29461231174325783E-002
 
basis     2
D  1.00000000000000000E+000  0.00000000000000000E+000
a   1  6.60159244875629381E-001  8.52584855670734942E-002
a   2  1.08341700438347611E-002 -8.13224695562453220E-002
d   1 -6.26176502979676197E-001  2.25792438031249348E-001
d   2 -7.79877128270982378E-002 -2.54684106937050347E-002
s   1 -9.89127171433766648E+002
s   2 -9.66222946911335043E+002
z   1 -1.42872313291701192E-001 -5.11471684918052949E-001
z   2  7.35195967616111695E-002  2.76986093407027845E-001
z   3  2.13583705739683952E-002 -8.70739239137062193E-002
 
basis     3
D  1.00000000000000000E+000  0.00000000000000000E+000
a   1  6.45056549228799070E-001  6.82318715153556743E-002
a   2 -2.07336228880379662E-002 -2.66443202011293380E-002
d   1  2.24300113212758778E-001  6.08640287202710240E-001
d   2  2.58923204622061726E-002 -2.16654254083805224E-002
s   1 -9.87572421567937909E+002
s   2 -9.69145864869317847E+002
z   1 -3.48006049983590915E-001 -5.00339699327760457E-001
z   2 -2.66076838859215681E-001  2.17350291302327803E-001
z   3  2.17728825789580867E-002 -4.80705057395149904E-002
