ndof    3
nconf    2
nbasisfns    3
initial_PES    1
time  5.00000000000000000E+000
 
zinit   1 -4.59619102013011560E-055  2.71509000248836896E-053
zinit   2  3.24609200017885470E-142 -1.35135349546611839E-142
zinit   3  0.00000000000000000E+000  0.00000000000000000E+000
 
basis     1
D  1.00000000000000000E+000  0.00000000000000000E+000
a   1 -3.64073278505122055E-002  3.38412000070353741E-002
a   2 -1.08245486090057824E-001 -7.57609275004097915E-001
d   1  4.76135609324173023E-002  1.42712702471026395E-002
d   2  6.67342898090195868E-001 -3.74622950711360148E-001
s   1 -9.84358595876580353E+002
s   2 -9.68811724001182824E+002
z   1 -2.39780467558191601E-001 -2.79000931795369611E-001
z   2 -1.43814649345011362E-002 -8.63282989736201434E-001
z   3  4.56000840475906874E-002  7.48231885800669429E-003
 
basis     2
D  1.00000000000000000E+000  0.00000000000000000E+000
a   1  5.15862529010408521E-002 -6.00176241603389352E-002
a   2  2.23940378990573646E-001  1.15206353349847945E+000
d   1 -7.87587438348126417E-002  7.76639992430259475E-003
d   2 -1.16019289576231199E+000  1.77065307675176448E-001
s   1 -9.84081010569476234E+002
s   2 -9.69221872952280137E+002
z   1 -4.34053877814359439E-003 -4.73108791269384543E-001
z   2  7.12535302664998038E-002 -8.26094479708133211E-001
z   3  1.80811476550561366E-002 -2.15568036272612701E-003
 
basis     3
D  1.00000000000000000E+000  0.00000000000000000E+000
a   1  3.87589342403553624E-002  3.77103617242713560E-002
a   2 -5.48281647994167898E-001  5.69138719089868017E-001
d   1  3.16287289032947741E-002  4.38628529941392092E-002
d   2 -4.45478984841168268E-001 -6.52748129954685119E-001
s   1 -9.86634467358374764E+002
s   2 -9.69386533404420220E+002
z   1  1.30380853579356998E-001  2.29473378959242802E-001
z   2 -9.70832018092722959E-002  1.63449298018132988E-001
z   3 -1.49617989834991191E-002  1.67568851758667751E-002
