ndof    3
nconf    2
nbasisfns    3
initial_PES    1
time  5.00000000000000000E+000
 
zinit   1 -6.82719891651203325E-053  1.54306115426089137E-053
zinit   2 -2.27283642042373474E-142  9.27370229687340696E-143
zinit   3  0.00000000000000000E+000  0.00000000000000000E+000
 
basis     1
D  1.00000000000000000E+000  0.00000000000000000E+000
a   1  1.99181667732222754E-002 -4.91691568809394311E-002
a   2  4.82413890207678109E-001  4.96701565209515639E-001
d   1  4.25971694543756177E-003 -5.28790522563810858E-002
d   2 -2.29783948848898245E-001 -6.53172981068794178E-001
s   1 -9.79872399532391114E+002
s   2 -9.77467847693669228E+002
z   1  6.59018898534879105E-002  7.96128823269462577E-002
z   2  2.51822046135277089E-001 -1.64489242973513208E-002
z   3  4.99431449076839298E-002  9.78816164852821732E-003
 
basis     2
D  1.00000000000000000E+000  0.00000000000000000E+000
a   1 -3.14103800624041460E-002  8.16213121966801597E-002
a   2 -9.53135458675347103E-001 -3.86216075275194803E-001
d   1 -1.32180497748081976E-002 -8.64519157712730912E-002
d   2 -9.68996244414100705E-001  3.44494321718961771E-001
s   1 -9.89082604708452777E+002
s   2 -9.66883970215855356E+002
z   1  2.42277636458815504E-001 -2.72765864197657026E-001
z   2 -4.97489782512938045E-002  5.51682799115930433E-001
z   3  8.91905381226192617E-002  2.76810131424700991E-002
 
basis     3
D  1.00000000000000000E+000  0.00000000000000000E+000
a   1  5.22408601153178873E-002  9.46466372379564831E-003
a   2 -3.92598002291507098E-001  4.50231208446176812E-001
d   1  7.17310776145704473E-003  5.26045040850616624E-002
d   2 -5.52030768335019184E-001  2.28261611476032689E-001
s   1 -9.87716136745683002E+002
s   2 -9.68072124781277694E+002
z   1  2.97685801985951737E-001 -7.14263620807881527E-001
z   2  2.47694038128244615E-001  3.69294052738648015E-001
z   3  7.10788586754368124E-002  3.51874838796681563E-002
