ndof    3
nconf    2
nbasisfns    3
initial_PES    1
time  5.00000000000000000E+000
 
zinit   1 -6.82719891651203325E-053  1.54306115426089137E-053
zinit   2 -2.27283642042373474E-142  9.27370229687340696E-143
zinit   3  0.00000000000000000E+000  0.00000000000000000E+000
 
basis     1
D  1.00000000000000000E+000  0.00000000000000000E+000
a   1 -1.52914933803212603E-002 -4.49810049085010502E-002
a   2  4.99874577979476542E-001 -1.31534740939348110E-001
d   1 -1.39689784132118831E-002  4.54091203886424627E-002
d   2 -1.14541135494362303E-001 -5.04039988556268526E-001
s   1 -9.77661450353218470E+002
s   2 -9.78639963044735055E+002
z   1  2.87113231681446313E-001 -1.70023519726217293E-001
z   2  1.78325446046048545E-002  3.69738792896765200E-001
z   3  1.43508682132462706E-002  3.27787903384065757E-002
 
basis     2
D  1.00000000000000000E+000  0.00000000000000000E+000
a   1 -7.27221807348410465E-002  1.40331852290443357E-002
a   2  4.81463588711452006E-001 -8.13169305011907095E-001
d   1  5.84521381669319620E-002  4.54839906144728218E-002
d   2  1.51354874305114323E-001  9.32814669638369898E-001
s   1 -9.84170396573652056E+002
s   2 -9.70056697966704974E+002
z   1  3.32307304788008462E-001 -1.48030215181322616E-001
z   2  3.41033674916319529E-001 -2.09886467970898077E-001
z   3 -6.79923843268493908E-004  8.62543959901595769E-002
 
basis     3
D  1.00000000000000000E+000  0.00000000000000000E+000
a   1  3.72448472618816528E-002  3.30071612369166149E-003
a   2 -3.07738267588807957E-001  2.01356541831685110E-001
d   1 -3.73582710626769315E-002  1.55979412027571450E-003
d   2  1.07086292539271738E-001  3.51823569743656361E-001
s   1 -9.89471566640854917E+002
s   2 -9.66323675140496334E+002
z   1  3.68214654094588922E-001  2.61909613680716913E-001
z   2  3.39186794327872965E-001 -1.33144287910359982E-001
z   3 -2.70408946598923138E-002  1.38932738534241103E-002
