ndof    3
nconf    2
nbasisfns    3
initial_PES    1
time  5.00000000000000000E+000
 
zinit   1 -4.59619102013011560E-055  2.71509000248836896E-053
zinit   2  3.24609200017885470E-142 -1.35135349546611839E-142
zinit   3  0.00000000000000000E+000  0.00000000000000000E+000
 
basis     1
D  1.00000000000000000E+000  0.00000000000000000E+000
a   1  2.93436453799599128E+000  3.12396458280576494E-001
a   2  5.31069675041700995E-003 -1.86546084215907432E-001
d   1  2.40235036832548987E+000  1.71370928012923418E+000
d   2 -5.49594890599854335E-002 -1.78345450176136150E-001
s   1 -9.80690473640222194E+002
s   2 -9.73566332787375472E+002
z   1 -2.51492830546104607E-001 -8.28541599787214311E-001
z   2 -3.28960854718509318E-002 -2.36583517445903529E-001
z   3 -4.07806687192264483E-002 -1.97461150125075938E-002
 
basis     2
D  1.00000000000000000E+000  0.00000000000000000E+000
a   1 -3.37033281438253596E+000  1.47407614684543331E-001
a   2  9.55575576460211684E-003  2.14444437973331958E-001
d   1 -3.23309508657247102E+000 -9.63311188428556120E-001
d   2  9.75437786616354385E-002  1.91214384109409552E-001
s   1 -9.80510194862360549E+002
s   2 -9.73466536668418826E+002
z   1 -3.36765886477958964E-001 -9.29494164493470332E-001
z   2  1.37587891724366779E-001 -2.52477397607586806E-001
z   3 -5.78265277132387831E-002 -6.21856317219160112E-003
 
basis     3
D  1.00000000000000000E+000  0.00000000000000000E+000
a   1 -5.20481339197278570E-001 -1.43751745196847830E-001
a   2  7.15705622500192006E-003  3.01978938124900162E-002
d   1  8.61494610619674139E-002 -5.33051272448030633E-001
d   2  2.12791153623590745E-002  2.25906063201870566E-002
s   1 -9.81638462278306633E+002
s   2 -9.73370921993368256E+002
z   1  3.07545573938881982E-002 -1.00686681734163355E-001
z   2 -2.93320835864863350E-001  4.11069051890308124E-001
z   3 -1.61991138067197650E-002 -6.44509619356229031E-003
