ndof    3
nconf    2
nbasisfns    3
initial_PES    1
time  5.00000000000000000E+000
 
zinit   1 -6.82719891651203325E-053  1.54306115426089137E-053
zinit   2 -2.27283642042373474E-142  9.27370229687340696E-143
zinit   3  0.00000000000000000E+000  0.00000000000000000E+000
 
basis     1
D  1.00000000000000000E+000  0.00000000000000000E+000
a   1 -6.02715310783948355E-001 -2.07963514615526035E-001
a   2  1.79353349478952387E-002  4.00499855732224172E-002
d   1  6.20308900559662590E-001 -1.47415864651997797E-001
d   2  4.37478213825905557E-002  3.43594359462851473E-003
s   1 -9.76469741126385429E+002
s   2 -9.79105533148548147E+002
z   1 -4.24227383130065361E-001 -2.53106043754508479E-002
z   2  2.06009497515230539E-001  2.23770816815005824E-001
z   3  4.02827642690044077E-002  4.62412343808760000E-003
 
basis     2
D  1.00000000000000000E+000  0.00000000000000000E+000
a   1  1.25189268122629804E+000 -3.11184087550949506E-001
a   2 -5.58359145247328166E-003 -3.00504321570836501E-002
d   1 -2.37869595985002097E-001 -1.26786784680376630E+000
d   2  2.84825664991024971E-003 -3.04317663041740287E-002
s   1 -9.84947472121989790E+002
s   2 -9.67887572583315432E+002
z   1  1.66986958574714600E-001 -4.56933751457155701E-001
z   2  1.79082743125228427E-001  1.72615517652362743E-001
z   3 -1.00153538432752251E-002  7.93069884003417963E-002
 
basis     3
D  1.00000000000000000E+000  0.00000000000000000E+000
a   1 -1.51325452734289545E+000  7.40909173629243245E-001
a   2  9.10092241031793155E-003  4.89863871322357980E-002
d   1 -1.30244372890825000E+000 -1.06889007906300226E+000
d   2  2.41340781106530499E-003  4.97661368374660296E-002
s   1 -9.87602621178502659E+002
s   2 -9.67745770703461176E+002
z   1  1.06005873842944395E-001 -3.54659556152012778E-001
z   2  1.57815513752512862E-002  8.33224726692542994E-002
z   3 -3.61922064635497032E-002  4.16054722204915045E-002
