ndof    3
nconf    2
nbasisfns    3
initial_PES    1
time  5.00000000000000000E+000
 
zinit   1 -4.59619102013011560E-055  2.71509000248836896E-053
zinit   2  3.24609200017885470E-142 -1.35135349546611839E-142
zinit   3  0.00000000000000000E+000  0.00000000000000000E+000
 
basis     1
D  1.00000000000000000E+000  0.00000000000000000E+000
a   1  3.46910699049343019E-001 -6.77743288546097333E-001
a   2 -2.28216741539490689E-002 -1.66008281021647573E-002
d   1 -7.60445502153721642E-001  3.74918196191716194E-002
d   2  2.79009183301973870E-002  4.23734128886327482E-003
s   1 -9.78083757319309143E+002
s   2 -9.76557145236912902E+002
z   1  1.69999362197956527E-001 -4.25507863101738271E-001
z   2  7.66427017298998980E-002 -4.81721846717206859E-001
z   3  4.58158341943373446E-002 -4.94715100171437897E-002
 
basis     2
D  1.00000000000000000E+000  0.00000000000000000E+000
a   1  6.59897691036240297E-001  8.13555836190103521E-001
a   2  5.35618234892535211E-002 -2.24515253467549997E-002
d   1  9.49874593610698481E-001 -4.41674447581983431E-001
d   2 -3.17138206465558750E-002  4.86536073265695160E-002
s   1 -9.78852358245195319E+002
s   2 -9.76439101174529583E+002
z   1  3.17085944689033450E-001 -5.20827998746754783E-001
z   2  2.25609210745131100E-001 -3.36255566400003203E-001
z   3  7.56019793298060294E-002 -2.87468763555749213E-002
 
basis     3
D  1.00000000000000000E+000  0.00000000000000000E+000
a   1 -1.38638205432366823E-001  4.54628967952164009E-001
a   2  1.70986623068230259E-002 -9.50936158062076937E-003
d   1  4.13328095635250692E-001  2.34665583043815740E-001
d   2  8.45919774959993736E-004  1.95467805555822535E-002
s   1 -9.78826487534481771E+002
s   2 -9.75928819225135953E+002
z   1 -5.51277614056161075E-002  2.68336362723248442E-002
z   2 -1.32323862285494920E-001  2.50817423926870620E-001
z   3  4.75259317612571688E-002 -4.65925729879069529E-003
