ndof    3
nconf    2
nbasisfns    3
initial_PES    1
time  5.00000000000000000E+000
 
zinit   1 -6.82719891651203325E-053  1.54306115426089137E-053
zinit   2 -2.27283642042373474E-142  9.27370229687340696E-143
zinit   3  0.00000000000000000E+000  0.00000000000000000E+000
 
basis     1
D  1.00000000000000000E+000  0.00000000000000000E+000
a   1  7.05057733191741531E-002 -1.73041957158060644E-001
a   2  2.54310386087828011E+000  3.20818322840413295E+000
d   1  6.27822067430647279E-002  1.75991413213537035E-001
d   2 -1.66253614118029636E+000  3.74109482016921246E+000
s   1 -9.82588927459745037E+002
s   2 -9.74982177845931346E+002
z   1  1.63611987293962147E-001 -1.95153528985307467E-001
z   2 -2.65360447653036069E-001  2.02938447273077263E-002
z   3  4.12529618793106099E-003 -2.82288598527123784E-002
 
basis     2
D  1.00000000000000000E+000  0.00000000000000000E+000
a   1 -5.05779578576847494E-002  7.37054470067740886E-002
a   2 -5.65462551908435751E-001 -1.90385289237155186E+000
d   1  8.46299902365714174E-002 -2.87817214926408514E-002
d   2 -1.98409799517190288E+000 -8.80844989607125900E-002
s   1 -9.90243248142520429E+002
s   2 -9.66372818121475348E+002
z   1  2.52241002470987519E-001 -3.94558473904196461E-001
z   2 -2.50162227184693775E-001  1.04343121246600348E-001
z   3 -2.28603102678818504E-002 -4.02046168225138889E-002
 
basis     3
D  1.00000000000000000E+000  0.00000000000000000E+000
a   1  7.19110060019847314E-003  1.43263637801637700E-001
a   2 -2.66812145697950376E+000 -1.19246942113163445E+000
d   1 -5.94974674036403417E-002 -1.30522922188226254E-001
d   2 -2.37762117847888765E+000  1.69934486234463611E+000
s   1 -9.89224139462139760E+002
s   2 -9.66569697299321660E+002
z   1  1.16435645048093422E-001 -2.05424382617958756E-001
z   2 -4.59335127846859093E-002 -1.98538076293294230E-001
z   3  6.69446724859214110E-002 -3.19791703662574821E-003
