ndof    3
nconf    2
nbasisfns    3
initial_PES    1
time  5.00000000000000000E+000
 
zinit   1 -6.82719891651203325E-053  1.54306115426089137E-053
zinit   2 -2.27283642042373474E-142  9.27370229687340696E-143
zinit   3  0.00000000000000000E+000  0.00000000000000000E+000
 
basis     1
D  1.00000000000000000E+000  0.00000000000000000E+000
a   1  5.25909379724135206E-001 -5.27386902233308641E-001
a   2 -9.84120275765560937E-002 -2.48493382287481926E-002
d   1  4.54882714042045444E-001  5.89745145630561907E-001
d   2 -7.69710506368219832E-002 -6.61655057110527023E-002
s   1 -9.81877497784093293E+002
s   2 -9.74356439437556787E+002
z   1 -4.16430536960388509E-001 -3.09184886707881967E-001
z   2 -7.50643567839977821E-002  2.14146574819192609E-001
z   3 -9.35080380628410257E-002  2.43403142677974180E-002
 
basis     2
D  1.00000000000000000E+000  0.00000000000000000E+000
a   1 -2.89838489379207309E-001  1.00312228141459236E-001
a   2  2.18579988627326111E-002  6.27435943262711140E-003
d   1  2.53698253688465547E-001 -1.72354544807347604E-001
d   2  1.23491201723156222E-003 -2.27071506993438942E-002
s   1 -9.89338134854153964E+002
s   2 -9.65814536726049823E+002
z   1 -1.54924925240449984E-001  1.66839464383335689E-001
z   2 -1.15341506464914673E-001  6.40525552866822556E-001
z   3 -1.96005301684794186E-001  7.91084652110834036E-002
 
basis     3
D  1.00000000000000000E+000  0.00000000000000000E+000
a   1 -5.21766942918115761E-001  1.35210654602619584E+000
a   2  1.32584157597282593E-001  2.85231129318257171E-002
d   1 -7.35622348655255109E-001 -1.24871638681004415E+000
d   2  1.18653527410855858E-001 -6.56769917860435121E-002
s   1 -9.88701032183760276E+002
s   2 -9.66893093864520665E+002
z   1 -3.88857627014768170E-001 -2.02600881202559674E-001
z   2  9.05698129932758084E-002  1.08730996635793470E-001
z   3 -1.06910789265286608E-002 -1.97886572143696586E-002
