ndof    3
nconf    2
nbasisfns    3
initial_PES    1
time  5.00000000000000000E+000
 
zinit   1 -6.82719891651203325E-053  1.54306115426089137E-053
zinit   2 -2.27283642042373474E-142  9.27370229687340696E-143
zinit   3  0.00000000000000000E+000  0.00000000000000000E+000
 
basis     1
D  1.00000000000000000E+000  0.00000000000000000E+000
a   1 -4.36296465507513553E-001  7.85120701938712640E-001
a   2  1.08935528602206191E-001  2.20594973495589104E-002
d   1  8.91080897552895435E-001 -1.12889133415985263E-001
d   2 -2.51772237008534121E-002 -1.08257462661354040E-001
s   1 -9.77972881415696975E+002
s   2 -9.78177806868884318E+002
z   1  3.31812026006105598E-001 -3.81603880401853834E-001
z   2 -5.23475176104840845E-001  6.74276348162873851E-002
z   3 -1.58535884363487228E-003 -4.46048749853089274E-002
 
basis     2
D  1.00000000000000000E+000  0.00000000000000000E+000
a   1  1.80665366102661351E+000  7.06658440574115421E-001
a   2 -2.60999709278835756E-002 -1.50731510583763190E-001
d   1  3.25262074456761141E-001 -1.91247697645111292E+000
d   2  2.61717453389357403E-002  1.50719064856485147E-001
s   1 -9.84684911631582395E+002
s   2 -9.70751653765697029E+002
z   1  7.93329931455417497E-002 -4.81044514242581767E-001
z   2 -6.42878676569347274E-001  2.48912793113683972E-001
z   3 -1.00511065397252946E-002 -9.59712246966904353E-002
 
basis     3
D  1.00000000000000000E+000  0.00000000000000000E+000
a   1 -3.54127054874336600E-001 -9.89578550732636342E-001
a   2 -6.02368238035136602E-002  6.14226110105330070E-002
d   1 -4.49348424706207616E-001  9.50135607309885999E-001
d   2  6.33074477585818165E-003 -8.57970498086603472E-002
s   1 -9.84103915958547645E+002
s   2 -9.70050132225816128E+002
z   1 -2.20544989513910494E-001 -3.55883969583634940E-001
z   2 -6.05640427021454486E-001  2.05298322532055572E-001
z   3 -4.47744380772241921E-002 -1.24474376238078457E-001
