ndof    3
nconf    2
nbasisfns    3
initial_PES    1
time  5.00000000000000000E+000
 
zinit   1 -4.59619102013011560E-055  2.71509000248836896E-053
zinit   2  3.24609200017885470E-142 -1.35135349546611839E-142
zinit   3  0.00000000000000000E+000  0.00000000000000000E+000
 
basis     1
D  1.00000000000000000E+000  0.00000000000000000E+000
a   1  2.87260931785807694E-001  4.16835666288820073E-003
a   2 -1.64163748592927194E+000  4.29199128870382562E+000
d   1 -2.10928300695112148E-001 -1.95052480357446073E-001
d   2  3.55405668188040691E+000 -2.91287554823389927E+000
s   1 -9.84050304114984328E+002
s   2 -9.71271033044396972E+002
z   1  7.23447363754822770E-002 -2.70067140340087497E-001
z   2  8.61909277727703343E-002 -4.67596804422275192E-001
z   3  4.90214046314177976E-002 -3.53256241559664480E-002
 
basis     2
D  1.00000000000000000E+000  0.00000000000000000E+000
a   1 -2.21606455916374817E-001  6.27835882747380947E-002
a   2  3.18472305623923146E-001 -3.71011244337714796E+000
d   1  1.16987982494934528E-001  1.98406179874097893E-001
d   2 -2.46166095262002793E+000  2.79402654001303707E+000
s   1 -9.84632607282205072E+002
s   2 -9.71388743913828989E+002
z   1  1.81183851853603278E-001 -3.39490593207572355E-001
z   2  2.26803767713406018E-001 -5.12576163981103838E-001
z   3  6.09694731738451220E-002 -2.88691116271047599E-002
 
basis     3
D  1.00000000000000000E+000  0.00000000000000000E+000
a   1 -3.60674662560006021E-002 -4.43934381574584216E-002
a   2  7.52795164087778135E-001 -1.69716380278487622E-001
d   1  5.71508765635830931E-002  2.32739802825306184E-003
d   2  4.63328357830733728E-001 -6.17115095941310421E-001
s   1 -9.82470692180034234E+002
s   2 -9.73188678569428248E+002
z   1  2.52976171965262508E-001  5.39408158123603543E-001
z   2  1.42771931958640491E-001 -1.25721820953522932E-002
z   3  2.98193766096314268E-002  6.67599488386235070E-003
