ndof    3
nconf    2
nbasisfns    3
initial_PES    1
time  5.00000000000000000E+000
 
zinit   1 -6.82719891651203325E-053  1.54306115426089137E-053
zinit   2 -2.27283642042373474E-142  9.27370229687340696E-143
zinit   3  0.00000000000000000E+000  0.00000000000000000E+000
 
basis     1
D  1.00000000000000000E+000  0.00000000000000000E+000
a   1  3.02528523236437474E-002 -9.12220575002431755E-002
a   2  1.24566305971247093E+000  1.01836550533385028E-001
d   1 -7.37834924664036301E-002  6.15848608649400761E-002
d   2  6.42847406933288235E-001  1.07181824613873822E+000
s   1 -9.77590359560659522E+002
s   2 -9.81125880357834603E+002
z   1 -1.13680747904797888E-001  6.43057715337763264E-002
z   2 -1.31396663710123540E-002  7.73704038368777797E-002
z   3  3.20612753650691903E-002 -8.70059508104031876E-002
 
basis     2
D  1.00000000000000000E+000  0.00000000000000000E+000
a   1  1.00909477748394039E-002 -8.78923338212360926E-003
a   2  1.15768650261048392E-001  8.41067417314723537E-002
d   1 -1.32247278937137423E-002 -2.04558612070037749E-003
d   2 -5.02616733643986430E-002 -1.33977940641584858E-001
s   1 -9.90471709605165870E+002
s   2 -9.65052544480510278E+002
z   1  3.95802800973544047E-002  5.11558852699383726E-001
z   2 -2.34278528584475232E-001 -3.94544826196366105E-001
z   3  6.15540767803130218E-002 -5.36777951523167429E-002
 
basis     3
D  1.00000000000000000E+000  0.00000000000000000E+000
a   1 -2.44634405723744182E-002  4.35088234836351270E-002
a   2 -4.29531431589283808E-001  1.21818124685475176E-001
d   1 -4.69437927167648678E-002 -1.69634303999405787E-002
d   2 -3.56269451183578237E-002  4.45047892935759359E-001
s   1 -9.87865435127733917E+002
s   2 -9.66395972909021339E+002
z   1  1.31426306858246522E-001  1.47692484936488649E-001
z   2  1.45973132375153108E-001 -1.51547299903443844E-001
z   3  5.96435610208191913E-002 -5.04292913646856716E-002
