ndof    3
nconf    2
nbasisfns    3
initial_PES    1
time  5.00000000000000000E+000
 
zinit   1 -6.82719891651203325E-053  1.54306115426089137E-053
zinit   2 -2.27283642042373474E-142  9.27370229687340696E-143
zinit   3  0.00000000000000000E+000  0.00000000000000000E+000
 
basis     1
D  1.00000000000000000E+000  0.00000000000000000E+000
a   1  1.81635668273503054E-001  5.56580254112961303E-001
a   2  2.62365726741241832E-002 -4.78327961458774042E-002
d   1 -4.32394008488297676E-001 -3.94725875362931522E-001
d   2  1.17506977941262726E-003 -5.45431328751033034E-002
s   1 -9.82803037997926822E+002
s   2 -9.73413567729548845E+002
z   1 -6.10870547204401926E-001 -5.20468582758471743E-001
z   2 -4.74804331676493607E-001  3.85961742297868504E-001
z   3 -7.94934805405329847E-003  1.25930395108456328E-001
 
basis     2
D  1.00000000000000000E+000  0.00000000000000000E+000
a   1 -5.76035441878810506E-001  9.16703660746664983E-002
a   2  2.06074263129157054E-002  6.03466611135249700E-002
d   1 -4.98673396718992190E-001 -3.02564257177747986E-001
d   2 -5.59312998439991105E-002  3.06280137219758775E-002
s   1 -9.93446454715143886E+002
s   2 -9.62726217360954820E+002
z   1 -1.94215253806329091E-001 -6.23170933332544918E-001
z   2 -8.33635911942152558E-002  1.58958995821181448E-001
z   3 -2.30369467928081065E-002  8.88853109477140760E-003
 
basis     3
D  1.00000000000000000E+000  0.00000000000000000E+000
a   1 -1.68813753413132928E-001  3.03820497974791104E-001
a   2  1.64514179449194164E-002  5.23157929594629534E-003
d   1  2.82559931083956987E-002 -3.46419654731856097E-001
d   2  1.66773352077423664E-002 -4.45926728250140101E-003
s   1 -9.89175911160949113E+002
s   2 -9.67041375265909437E+002
z   1 -2.55371310426470655E-001 -5.23925604210038309E-001
z   2 -4.68683216920905643E-001  3.68807390324542739E-001
z   3 -1.87322132015633636E-001  3.97750063887904320E-002
