ndof    3
nconf    2
nbasisfns    3
initial_PES    1
time  5.00000000000000000E+000
 
zinit   1 -6.82719891651203325E-053  1.54306115426089137E-053
zinit   2 -2.27283642042373474E-142  9.27370229687340696E-143
zinit   3  0.00000000000000000E+000  0.00000000000000000E+000
 
basis     1
D  1.00000000000000000E+000  0.00000000000000000E+000
a   1  1.64782486289824191E-002  1.98287841158716442E-002
a   2 -1.91094904339779159E-002  7.20035502718554765E-001
d   1  1.87029777437598514E-002 -1.77457595190746442E-002
d   2  6.44281246040339872E-001 -3.22052750027872203E-001
s   1 -9.78540344862804318E+002
s   2 -9.78116039679696883E+002
z   1  6.00004112067116124E-001 -9.72157535635063963E-002
z   2 -2.46236346197091116E-001 -7.41619650880424031E-002
z   3  2.46779455569209882E-004 -5.57301080073049557E-002
 
basis     2
D  1.00000000000000000E+000  0.00000000000000000E+000
a   1 -2.41199300257979934E-002 -1.09565832241923802E-001
a   2  1.85023536711880054E+000 -6.10701878382221786E-001
d   1 -1.11940102185570822E-001 -7.47369667559122808E-003
d   2 -1.74452625853962751E+000  8.67730275640158921E-001
s   1 -9.85172647877417035E+002
s   2 -9.70609371270457359E+002
z   1  3.47803852048046480E-001 -1.95823652135746096E-001
z   2 -3.64750286656923661E-001  1.08128791823963774E-001
z   3 -7.74092961077779348E-003 -1.07034946852906904E-001
 
basis     3
D  1.00000000000000000E+000  0.00000000000000000E+000
a   1 -1.49472322111466639E-003  3.20419927708013377E-002
a   2 -8.16441817041253515E-001 -6.49585609434726874E-002
d   1  2.99896652808898379E-002 -1.13817166794827358E-002
d   2  5.23919866917873067E-001 -6.29527464295425832E-001
s   1 -9.84479953166081373E+002
s   2 -9.69796032376525773E+002
z   1  4.79635521057281827E-002 -7.05106299738513104E-002
z   2 -3.27365978501208466E-001  6.47026811101847343E-002
z   3 -4.23644141463298748E-002 -1.35527010741840093E-001
