ndof    3
nconf    2
nbasisfns    3
initial_PES    1
time  5.00000000000000000E+000
 
zinit   1 -6.82719891651203325E-053  1.54306115426089137E-053
zinit   2 -2.27283642042373474E-142  9.27370229687340696E-143
zinit   3  0.00000000000000000E+000  0.00000000000000000E+000
 
basis     1
D  1.00000000000000000E+000  0.00000000000000000E+000
a   1  1.08419894315335252E+000 -1.74530664490208542E-001
a   2 -1.49639243229143723E-002 -7.67968421144873820E-002
d   1  6.32858222351339039E-002  1.09633170431501381E+000
d   2  7.79180096051528132E-002 -7.10336322249723647E-003
s   1 -9.81849650512052790E+002
s   2 -9.75566045172035047E+002
z   1 -2.96754822142407615E-001 -9.37419183708339682E-002
z   2  1.79352816700819984E-001 -8.66127856394935669E-002
z   3  8.64722952045070443E-004  2.04024361141691805E-002
 
basis     2
D  1.00000000000000000E+000  0.00000000000000000E+000
a   1 -3.63552540360132959E-001 -2.12961831445438676E-001
a   2 -2.04199215767028909E-002  3.76799602718632456E-002
d   1 -4.15985232837317087E-001  6.69288974672723608E-002
d   2  1.05604059672588634E-002 -4.15358932622686278E-002
s   1 -9.92053855140068436E+002
s   2 -9.64221290398944575E+002
z   1 -1.19431786360336870E-001 -4.89038237029285117E-001
z   2 -2.07016499425631967E-001  3.45002689068332646E-001
z   3  4.30835481415010255E-002  3.65372238981751390E-002
 
basis     3
D  1.00000000000000000E+000  0.00000000000000000E+000
a   1  1.43970279908320203E-001  3.42216046595879911E-002
a   2  1.87806189185557963E-002 -9.79471321331148309E-003
d   1 -1.43985391785674433E-001 -3.41579664892838614E-002
d   2 -2.06228720784769372E-002 -4.83168719287691440E-003
s   1 -9.89601243881022242E+002
s   2 -9.65179806842094081E+002
z   1 -4.44443873003606771E-001 -9.73447476733730999E-001
z   2 -2.12426957171026803E-001  2.63596917382211193E-001
z   3  2.75768428964249385E-002  6.22978873950171610E-002
