ndof    3
nconf    2
nbasisfns    3
initial_PES    1
time  5.00000000000000000E+000
 
zinit   1 -6.82719891651203325E-053  1.54306115426089137E-053
zinit   2 -2.27283642042373474E-142  9.27370229687340696E-143
zinit   3  0.00000000000000000E+000  0.00000000000000000E+000
 
basis     1
D  1.00000000000000000E+000  0.00000000000000000E+000
a   1 -5.11052518184552107E-002 -2.94632792836509658E-002
a   2  5.26416702656888225E-001 -1.03050015529554839E+000
d   1 -4.39140364803297031E-002  3.93876756051738594E-002
d   2 -9.17775760684321873E-001  7.04792712789097053E-001
s   1 -9.72639630998754342E+002
s   2 -9.83762136575209297E+002
z   1 -1.54748371449618029E-002  1.58237148280470891E-001
z   2  7.35982902423225060E-002  1.08442999717255614E-001
z   3  2.38293572932459785E-002  2.19576139617388769E-002
 
basis     2
D  1.00000000000000000E+000  0.00000000000000000E+000
a   1  9.54446446273701232E-002 -3.87174094016910914E-002
a   2 -4.30248873490191031E-004  2.01433696867623890E+000
d   1 -9.92874722523445913E-002 -2.73991940130185775E-002
d   2 -7.49396388231710397E-001 -1.86974828835197493E+000
s   1 -9.83973127575012654E+002
s   2 -9.70370719936786600E+002
z   1  6.23501227179164896E-001  1.38294875091586444E-001
z   2  4.82900405364693253E-001 -1.05330004158474114E-001
z   3  6.72877298611449098E-002  5.43516323073026178E-002
 
basis     3
D  1.00000000000000000E+000  0.00000000000000000E+000
a   1 -4.85125601934682446E-002  2.73081898259486880E-002
a   2 -7.57810275312031933E-003 -1.04706052346611189E+000
d   1 -4.70065473457315086E-002  2.98259993081276230E-002
d   2  7.49271006363098180E-001 -7.31427458102370753E-001
s   1 -9.86407386985311746E+002
s   2 -9.68415223025856903E+002
z   1  5.79090951150279643E-001 -5.67539308351911326E-002
z   2  7.27497303629201619E-001 -1.72060402188389000E-001
z   3  1.69650559730971540E-001  7.39624843138863841E-002
