ndof    3
nconf    2
nbasisfns    3
initial_PES    1
time  5.00000000000000000E+000
 
zinit   1 -4.59619102013011560E-055  2.71509000248836896E-053
zinit   2  3.24609200017885470E-142 -1.35135349546611839E-142
zinit   3  0.00000000000000000E+000  0.00000000000000000E+000
 
basis     1
D  1.00000000000000000E+000  0.00000000000000000E+000
a   1 -1.28546497598327314E-001 -3.89959791623958468E-002
a   2  6.85368233325313048E-001 -1.83479110395138933E+000
d   1  1.32737542218711202E-001 -2.06308827093424768E-002
d   2 -1.84756837873802748E+000  6.50137751771081351E-001
s   1 -9.82869770851207477E+002
s   2 -9.71627079973508671E+002
z   1 -3.59644597441433678E-001 -3.23752280208571996E-001
z   2  2.02722714571646367E-001 -1.17710920620683529E-001
z   3  8.16455406816641166E-002 -1.29844981974740637E-002
 
basis     2
D  1.00000000000000000E+000  0.00000000000000000E+000
a   1  9.53059742445158398E-002 -4.04001870418710871E-002
a   2  5.08924596998254763E-001  1.46289967231221674E+000
d   1  1.03264927813426027E-001 -7.19433967799667715E-003
d   2 -6.27933426457723987E-001  1.41590229486998487E+000
s   1 -9.80508289980228369E+002
s   2 -9.74645938324824783E+002
z   1 -1.36047135274440623E-001 -4.91415352506801684E-001
z   2  3.86080130137878952E-001  4.77332835625733920E-002
z   3  8.79257617493493238E-002  7.59946738253818293E-003
 
basis     3
D  1.00000000000000000E+000  0.00000000000000000E+000
a   1  2.00257428418068525E-002  2.51529491897378166E-002
a   2 -1.80108566628771505E-001  2.08770725125808770E-001
d   1  3.15231474346980844E-002  6.32395486369078698E-003
d   2 -1.50522814283049838E-001 -2.31013406154138817E-001
s   1 -9.79476490936823211E+002
s   2 -9.75746006183679583E+002
z   1 -4.49181488219843779E-003  6.79992161907319592E-001
z   2  1.51287468650448398E-001  2.28833564374829213E-001
z   3 -3.19866752765359322E-002  8.47852403672312571E-003
