ndof    3
nconf    2
nbasisfns    3
initial_PES    1
time  5.00000000000000000E+000
 
zinit   1 -4.59619102013011560E-055  2.71509000248836896E-053
zinit   2  3.24609200017885470E-142 -1.35135349546611839E-142
zinit   3  0.00000000000000000E+000  0.00000000000000000E+000
 
basis     1
D  1.00000000000000000E+000  0.00000000000000000E+000
a   1  1.26777109831833057E+000 -3.43555690323421925E-001
a   2 -3.41328805504841071E-002 -6.85274212047867481E-002
d   1  1.01610774555904726E+000  8.32345552940471523E-001
d   2  7.64777527023752929E-002 -3.49490103525131653E-003
s   1 -9.81127853733340430E+002
s   2 -9.75880971552440883E+002
z   1 -1.18486963833754635E-001 -3.16059838471657584E-001
z   2 -3.16648495207370151E-001  1.38008268782101401E-001
z   3 -2.77073876220795268E-002  4.79809678905670535E-003
 
basis     2
D  1.00000000000000000E+000  0.00000000000000000E+000
a   1 -3.93643187912963932E-001  3.39508332869685958E-001
a   2  2.33958911936603536E-002  1.68695484104053675E-002
d   1  8.61389563448966833E-002 -5.12641149029266385E-001
d   2  2.65543078352994295E-002  1.12613553227291288E-002
s   1 -9.88909057521341879E+002
s   2 -9.67386922403921744E+002
z   1  3.50368377785105767E-001 -5.07677321726445641E-001
z   2 -3.45533627865375406E-002  4.41164583557109191E-001
z   3 -2.28278696145379698E-002  1.23085625528804157E-001
 
basis     3
D  1.00000000000000000E+000  0.00000000000000000E+000
a   1  2.97951995903926840E-002 -1.41918626962767053E-001
a   2 -5.22162110393497528E-003 -6.78266540958487579E-003
d   1  5.75137964846870811E-002 -1.33119547067838101E-001
d   2  6.92326311607832298E-003 -5.03371680142891426E-003
s   1 -9.86660976764655516E+002
s   2 -9.69208751334344583E+002
z   1  5.61348904234146184E-001 -3.35593925802520232E-001
z   2  3.35893547257335501E-001  7.04091874375204374E-001
z   3 -5.85470765125339909E-002  4.38168025302896127E-004
