ndof    3
nconf    2
nbasisfns    3
initial_PES    1
time  5.00000000000000000E+000
 
zinit   1 -4.59619102013011560E-055  2.71509000248836896E-053
zinit   2  3.24609200017885470E-142 -1.35135349546611839E-142
zinit   3  0.00000000000000000E+000  0.00000000000000000E+000
 
basis     1
D  1.00000000000000000E+000  0.00000000000000000E+000
a   1  8.97209322783333735E-002 -5.32446395318811466E-002
a   2  8.40402304787860599E-002  1.63286307791941643E+000
d   1  2.84593976887208798E-003 -1.04291600594703673E-001
d   2 -1.62938634869835020E+000 -1.35663990236378817E-001
s   1 -9.85452165784878503E+002
s   2 -9.69315825465342868E+002
z   1 -4.99850747597640643E-001 -3.23251934815862896E-001
z   2 -1.84038938500094784E-001 -2.76639831646592727E-001
z   3  8.44182187677836558E-003 -2.99668481632294724E-002
 
basis     2
D  1.00000000000000000E+000  0.00000000000000000E+000
a   1 -9.73721231885814886E-002 -1.42110112533030825E-002
a   2  1.03257420743331041E+000 -1.44475837220845316E+000
d   1  7.98662799404827733E-002 -5.74861769781417620E-002
d   2 -1.76587469682337095E+000 -1.87677390865059912E-001
s   1 -9.82549700003482940E+002
s   2 -9.71808282714357006E+002
z   1 -2.79665593481150054E-001 -7.56736618911150738E-002
z   2 -2.15273781673155640E-001 -1.46193958529114182E-001
z   3 -1.37875758516424890E-002 -1.17539441688809254E-002
 
basis     3
D  1.00000000000000000E+000  0.00000000000000000E+000
a   1  1.46918867724862099E-002  1.43102854285838427E-002
a   2 -2.66184624362306999E-001  1.39532306705132281E-001
d   1 -2.01999020305746700E-002 -3.54961461827613079E-003
d   2  8.86704780126194858E-002  2.87160347524464343E-001
s   1 -9.82720207736580164E+002
s   2 -9.72506245240966223E+002
z   1  1.17280553961445280E-001  6.57584187646492624E-001
z   2 -1.52165368237141996E-001 -6.79833640250811361E-002
z   3 -4.20939836790695729E-002  3.72685547724410475E-003
