ndof    3
nconf    2
nbasisfns    3
initial_PES    1
time  5.00000000000000000E+000
 
zinit   1 -4.59619102013011560E-055  2.71509000248836896E-053
zinit   2  3.24609200017885470E-142 -1.35135349546611839E-142
zinit   3  0.00000000000000000E+000  0.00000000000000000E+000
 
basis     1
D  1.00000000000000000E+000  0.00000000000000000E+000
a   1  4.25951257440115253E-003 -1.58218158757816793E-002
a   2  8.15266222101955207E-002  5.09242935877905617E-002
d   1  1.41033395868742622E-002  8.34081036086566606E-003
d   2  4.96697148844246553E-002  8.22969818992130286E-002
s   1 -9.82018798699435933E+002
s   2 -9.74363162807904814E+002
z   1 -2.66013948508144193E-001 -6.48451927081957341E-002
z   2  9.03407524913319056E-003 -1.18379768159288329E-001
z   3 -1.02036590670910171E-001  5.42909153566211375E-002
 
basis     2
D  1.00000000000000000E+000  0.00000000000000000E+000
a   1 -9.04439809300341818E-002  3.25243955518204203E-003
a   2  6.39030671748953005E-001 -1.17794563651427953E+000
d   1 -4.33525446448640786E-002  7.94433692786727513E-002
d   2 -1.33432303151039067E+000 -1.24491644699032247E-001
s   1 -9.91707966301311558E+002
s   2 -9.65635707494419421E+002
z   1  3.58619242569048036E-001 -3.81070130820613806E-001
z   2  1.04136925206890163E-001  1.79245988758460512E-001
z   3  6.10266818942486119E-002  7.12889039888675857E-002
 
basis     3
D  1.00000000000000000E+000  0.00000000000000000E+000
a   1  4.41652762423932060E-002  4.38128040481846476E-004
a   2 -3.67751791827292618E-001  3.89933348771254962E-001
d   1 -3.70885709837495484E-002  2.39833584831259487E-002
d   2 -3.63479647214888679E-001  3.93918700922778697E-001
s   1 -9.89017748760518089E+002
s   2 -9.67599637028457209E+002
z   1  5.78626672877016079E-001 -1.93633541588884711E-001
z   2  4.21835131065195212E-001  6.03269509658537317E-001
z   3 -5.64511808719094302E-002  8.84729250917037566E-003
