ndof    3
nconf    2
nbasisfns    3
initial_PES    1
time  5.00000000000000000E+000
 
zinit   1 -6.82719891651203325E-053  1.54306115426089137E-053
zinit   2 -2.27283642042373474E-142  9.27370229687340696E-143
zinit   3  0.00000000000000000E+000  0.00000000000000000E+000
 
basis     1
D  1.00000000000000000E+000  0.00000000000000000E+000
a   1  1.32534218753863064E-001 -1.89621906582740987E-002
a   2  1.10333045387538908E-001  2.85649200947946103E+000
d   1  1.19512473799234104E-001  6.03461052732067321E-002
d   2  4.58388377979677020E-001 -2.82163074764535038E+000
s   1 -9.74503420411997581E+002
s   2 -9.83518154931231265E+002
z   1  4.48920098762116859E-001 -1.47295131391869644E-001
z   2  1.27013192919783358E-001 -7.37536696845364215E-002
z   3  5.38153103271714478E-002 -1.23712207627400525E-001
 
basis     2
D  1.00000000000000000E+000  0.00000000000000000E+000
a   1  1.95651386970806078E-002 -2.04669049984465730E-003
a   2 -1.58832092079148057E-001  3.42009325652999685E-001
d   1 -1.38534876794670549E-002  1.39665483693362808E-002
d   2  1.25023096143378892E-001  3.55762895393240797E-001
s   1 -9.88916453688996739E+002
s   2 -9.66837824410855660E+002
z   1 -6.15237522614094229E-002  3.41578036794073225E-001
z   2  1.34845568724712206E-001 -4.32310084829736652E-001
z   3  1.16182550411813426E-001 -6.33318742500869336E-002
 
basis     3
D  1.00000000000000000E+000  0.00000000000000000E+000
a   1 -1.29555416588664124E-001 -4.20444224836863667E-002
a   2  9.18049590150438188E-001 -2.60867746861805916E+000
d   1 -4.55359034636546867E-002 -1.28369859878391002E-001
d   2  5.27399635527480815E-001 -2.71474912463313878E+000
s   1 -9.87376206888832371E+002
s   2 -9.67464033554228308E+002
z   1  3.40419194578171103E-001 -3.06063647259834037E-001
z   2  1.14248477258079656E-001 -4.28260466865589273E-002
z   3  3.28542906740508442E-002 -1.03807929510472213E-001
