ndof    3
nconf    2
nbasisfns    3
initial_PES    1
time  5.00000000000000000E+000
 
zinit   1 -4.59619102013011560E-055  2.71509000248836896E-053
zinit   2  3.24609200017885470E-142 -1.35135349546611839E-142
zinit   3  0.00000000000000000E+000  0.00000000000000000E+000
 
basis     1
D  1.00000000000000000E+000  0.00000000000000000E+000
a   1 -6.07658962868217967E-001  7.69992125356120383E-002
a   2 -2.12207080209064619E-002  5.24503440656269651E-002
d   1  5.75089198247233258E-001  2.10833365349360896E-001
d   2 -5.63924740047867662E-002 -4.60932935801543035E-003
s   1 -9.83795938061930201E+002
s   2 -9.68878434833991150E+002
z   1 -5.07997676615260074E-001 -5.63635465501223565E-001
z   2 -2.91796402935964483E-001 -7.22104144398614922E-001
z   3  4.37111120611170731E-002  1.86662376314450408E-002
 
basis     2
D  1.00000000000000000E+000  0.00000000000000000E+000
a   1  3.59430206285139053E-001 -1.19873520169374848E+000
a   2 -4.65566912835121000E-002 -6.15502862923840918E-002
d   1 -4.80191530527902311E-001  1.15566961151498671E+000
d   2  6.20322030573254510E-002 -4.59126238609539675E-002
s   1 -9.83420994069553444E+002
s   2 -9.69191756817723331E+002
z   1 -2.72755247015232793E-001 -7.58273761327924012E-001
z   2 -2.06736896742646697E-001 -6.85363342384876173E-001
z   3  1.57388828129772229E-002  8.90261280118886424E-003
 
basis     3
D  1.00000000000000000E+000  0.00000000000000000E+000
a   1  2.65870164876814252E-001  1.38576975114963030E-001
a   2 -2.94460635070208218E-003 -9.97061091879671360E-003
d   1  2.76587564138060960E-001  1.15714484693194342E-001
d   2  9.96315408880894988E-003  2.96973892072565542E-003
s   1 -9.86375850836458881E+002
s   2 -9.69758186430764795E+002
z   1 -1.38164110562712217E-001 -5.60898989555142849E-002
z   2 -3.75514052412213084E-001  3.03782489564418112E-001
z   3 -1.75500873894094411E-002  2.78050847717879433E-002
