ndof    3
nconf    2
nbasisfns    3
initial_PES    1
time  5.00000000000000000E+000
 
zinit   1 -4.59619102013011560E-055  2.71509000248836896E-053
zinit   2  3.24609200017885470E-142 -1.35135349546611839E-142
zinit   3  0.00000000000000000E+000  0.00000000000000000E+000
 
basis     1
D  1.00000000000000000E+000  0.00000000000000000E+000
a   1 -1.31222448361449984E+000  1.29925221606799934E+000
a   2  8.02857405401107421E-002  8.68270108884195424E-002
d   1  4.42208698972636816E-001  1.79288618794051624E+000
d   2 -1.11196264836929251E-001  4.02507222321190142E-002
s   1 -9.85427907964281417E+002
s   2 -9.69580302415145752E+002
z   1  3.39499807856572744E-001 -4.38999515206372204E-001
z   2 -5.23749894765790591E-001  2.07430942728048712E-001
z   3  9.10833709413916975E-002 -3.48488821310636715E-002
 
basis     2
D  1.00000000000000000E+000  0.00000000000000000E+000
a   1  2.20134111222659534E+000 -2.42631603427430864E+000
a   2 -1.35680037346054994E-001 -1.49741465785886985E-001
d   1 -1.62578493534442453E-001 -3.27207585853318861E+000
d   2  2.00666311434223532E-001  2.37615354157942917E-002
s   1 -9.85673626290175093E+002
s   2 -9.70035370447611399E+002
z   1  1.10671142163274464E-001 -3.43615399009234934E-001
z   2 -3.21114398576444859E-001  1.56813427935096478E-001
z   3  7.78976580124607770E-002 -3.27348232328252553E-002
 
basis     3
D  1.00000000000000000E+000  0.00000000000000000E+000
a   1 -8.29802671951573423E-001  3.86801505381693611E-001
a   2  8.89554249674706296E-003  5.68032272709636105E-002
d   1 -2.67253167380948620E-001  8.75650400255927219E-001
d   2 -3.39921242300991397E-002 -4.63710340086748996E-002
s   1 -9.79338528955453398E+002
s   2 -9.76558094062808323E+002
z   1 -1.04639693890348551E-001 -8.45970461214252262E-002
z   2 -4.93147612760345966E-002  4.37246899665102384E-001
z   3 -3.61040145705062501E-002 -2.47830205318973693E-002
