ndof    3
nconf    2
nbasisfns    3
initial_PES    1
time  5.00000000000000000E+000
 
zinit   1 -4.59619102013011560E-055  2.71509000248836896E-053
zinit   2  3.24609200017885470E-142 -1.35135349546611839E-142
zinit   3  0.00000000000000000E+000  0.00000000000000000E+000
 
basis     1
D  1.00000000000000000E+000  0.00000000000000000E+000
a   1 -5.15495040310625430E-001  7.37327064162358936E-001
a   2  5.54249935651320094E-002  1.45480799437325906E-002
d   1 -7.45095940663206280E-001 -5.04200729212432197E-001
d   2  2.76294895877640459E-002  5.02014725567268422E-002
s   1 -9.81732466905595743E+002
s   2 -9.74704698322587888E+002
z   1 -5.33725865483673179E-001 -3.47854405707977654E-001
z   2 -2.66728479460347667E-001  2.44861482396154795E-002
z   3 -1.03935463394856806E-001  6.54070744497555895E-002
 
basis     2
D  1.00000000000000000E+000  0.00000000000000000E+000
a   1 -1.80986905699528772E-001  1.20632057981366100E-001
a   2 -2.00555847653018137E-003  1.91298599963312839E-002
d   1  1.05627134076410098E-001  1.90134852129518556E-001
d   2  1.90843943995326858E-002 -2.39993722524223501E-003
s   1 -9.91253300728604700E+002
s   2 -9.65810186171326677E+002
z   1  9.04888034720065376E-002 -6.65570815621802203E-001
z   2 -1.73008273476162988E-001  3.20458418926816035E-001
z   3  5.82072870808499621E-002  8.22175880171462786E-002
 
basis     3
D  1.00000000000000000E+000  0.00000000000000000E+000
a   1  2.45703078403322964E-002 -7.72647683999803936E-002
a   2  6.67855757641444645E-003  4.35561754751015483E-004
d   1  4.45594640605119080E-002  6.77347667443481405E-002
d   2  6.22356119542846233E-003  2.46173341173280564E-003
s   1 -9.88711921483985861E+002
s   2 -9.67922076416622303E+002
z   1  3.10784788701547243E-001 -4.77369877083650807E-001
z   2  1.45543241895482817E-001  7.45146482181445635E-001
z   3 -5.91323430698532312E-002  1.92152604117594959E-002
