ndof    3
nconf    2
nbasisfns    3
initial_PES    1
time  5.00000000000000000E+000
 
zinit   1 -4.59619102013011560E-055  2.71509000248836896E-053
zinit   2  3.24609200017885470E-142 -1.35135349546611839E-142
zinit   3  0.00000000000000000E+000  0.00000000000000000E+000
 
basis     1
D  1.00000000000000000E+000  0.00000000000000000E+000
a   1 -3.03642923833257594E+000 -4.96447299493360905E+000
a   2 -2.93134037334825015E-001  1.75305174070719272E-001
d   1  1.95480390710744900E+000  5.48129878054311792E+000
d   2  3.40332790589834622E-001  2.88627709950995577E-002
s   1 -9.83524858578246722E+002
s   2 -9.71375710309754595E+002
z   1 -1.96154727760789876E-001 -5.55435933634454759E-001
z   2 -1.92048628825702672E-001 -3.27014753964340266E-001
z   3  4.65497792903426799E-002 -2.42802518343722303E-002
 
basis     2
D  1.00000000000000000E+000  0.00000000000000000E+000
a   1  3.61444661985492521E+000  3.59872135445151109E+000
a   2  2.10968227406022196E-001 -2.05615323891545854E-001
d   1 -2.09917870919906324E-001 -5.09617054681595860E+000
d   2 -2.93797596207495681E-001  2.16385502416803627E-002
s   1 -9.84064910787840404E+002
s   2 -9.71451160824018530E+002
z   1 -8.73107836150434219E-002 -6.24857739209707774E-001
z   2 -5.14245386567748625E-002 -3.72004348791647677E-001
z   3  5.84835668871423395E-002 -1.78284729510641352E-002
 
basis     3
D  1.00000000000000000E+000  0.00000000000000000E+000
a   1 -8.49085863685308251E-001  6.92603045577638632E-001
a   2  3.68856589510026533E-002  4.75605148943311351E-002
d   1 -2.03282401522799999E-001 -1.07671818405967756E+000
d   2  4.93036708058835274E-002  3.45210437027712799E-002
s   1 -9.82245346219272619E+002
s   2 -9.73593422521266234E+002
z   1 -1.55165939919239566E-002  2.54101986388765022E-001
z   2 -1.35431577132122449E-001  1.28110226259417426E-001
z   3  2.74343074389159017E-002  1.77419269363570317E-002
