ndof    3
nconf    2
nbasisfns   15
initial_PES    1
time  5.00000000000000000E+000
 
zinit   1 -4.86375219209927157E-054 -5.58512255835778587E-054
zinit   2 -4.66863569615242175E-142 -2.37953019956097114E-142
zinit   3  0.00000000000000000E+000  0.00000000000000000E+000
 
basis     1
D  1.00000000000000000E+000  0.00000000000000000E+000
a   1  8.40007919486153304E-002 -9.69710559670755173E-002
a   2 -4.23712437853258572E-001 -9.30585401846864002E-002
d   1  1.07895119811022025E-001  6.94129805175476705E-002
d   2 -2.38762726166544120E-001  3.62193984608215558E-001
s   1 -9.81605531133994873E+002
s   2 -9.72689556241168930E+002
z   1 -2.50134731369740126E-001 -3.40661271862986392E-001
z   2 -2.46745825937618402E-001  8.96983694363349265E-002
z   3 -6.21607516933729079E-002  2.66901101866261092E-001
 
basis     2
D  1.00000000000000000E+000  0.00000000000000000E+000
a   1 -2.37456289600363080E-001 -2.15656732864430462E-001
a   2  9.24799051285853380E-001 -6.14701733430268016E-001
d   1  2.60655431965071023E-002 -3.19709091766879283E-001
d   2  2.64891492310954380E-001 -1.07839881474465016E+000
s   1 -9.81091728670114321E+002
s   2 -9.73150422320682310E+002
z   1  3.79431597074130489E-001  2.03829933373448374E-001
z   2 -9.12014534753485262E-002  1.14444439950226684E-001
z   3  7.34009384279758204E-002  4.41722537953838437E-002
 
basis     3
D  1.00000000000000000E+000  0.00000000000000000E+000
a   1 -7.63975986514121297E-002 -2.25671667259006725E-002
a   2  4.25939394259258475E-002  6.50470247610411556E-002
d   1 -1.09837207007006405E-002 -7.89001138991943934E-002
d   2  7.76845045802195683E-002 -3.23679690570577395E-003
s   1 -9.81322159704435535E+002
s   2 -9.72861038957425194E+002
z   1  1.00326045126927860E-001 -1.01626843826817326E+000
z   2 -9.18576501519416166E-001  2.93309884956515055E-001
z   3  1.27186767881653534E-001  8.93822267246703328E-002
 
basis     4
D  1.00000000000000000E+000  0.00000000000000000E+000
a   1 -3.27089899562212572E-001  1.13571939559392612E-001
a   2  1.38725791818635980E-001 -8.89369226362888288E-002
d   1  1.45356069827311564E-002 -3.45940896658004593E-001
d   2 -1.20614641701829978E-001  1.12279694205408009E-001
s   1 -9.82123892621656637E+002
s   2 -9.70572597297051857E+002
z   1 -4.86294420729224575E-001 -4.60894819486247997E-001
z   2 -2.62285806723755233E-001  2.19746032661489288E-001
z   3  8.33816519786945570E-002  4.41962167043121745E-002
 
basis     5
D  1.00000000000000000E+000  0.00000000000000000E+000
a   1 -2.61338046971161669E-002 -2.55348179957229394E-002
a   2 -2.15637495513965022E-001 -4.27487137479734158E-001
d   1  1.51528325511956115E-002  3.32474712376314985E-002
d   2 -4.78420991174997534E-001  1.89245180991580615E-002
s   1 -9.83687858332177143E+002
s   2 -9.72750576315696549E+002
z   1  6.26694976189293151E-001  2.34632114906881933E-001
z   2 -5.76781370555762396E-001  4.24458275187559075E-001
z   3  2.12985876291537368E-001  6.52180705371655511E-002
 
basis     6
D  1.00000000000000000E+000  0.00000000000000000E+000
a   1  2.23782635270846769E-002  2.62384929606488751E-002
a   2 -5.49553700014040816E-002 -1.52136222188171050E-001
d   1  2.78510506843087542E-002 -2.03362771203023686E-002
d   2  4.09771475765755080E-002  1.56481296550633586E-001
s   1 -9.84964764985764646E+002
s   2 -9.70842654150153294E+002
z   1  6.12606573772617069E-001 -7.00670023662225971E-001
z   2  2.35231530467133812E-002 -2.86448594623660679E-001
z   3  6.87250431649090443E-002 -2.78560955342932806E-002
 
basis     7
D  1.00000000000000000E+000  0.00000000000000000E+000
a   1 -1.08652507848865182E-001  1.97273400970224999E-001
a   2  1.26958002286013477E-001  2.44552960944570130E-001
d   1  2.48296261693689117E-002 -2.23842917816258535E-001
d   2  9.18186170860795514E-002 -2.59795740164483369E-001
s   1 -9.82925538179345153E+002
s   2 -9.71570698399694265E+002
z   1  2.85804096519561179E-001 -1.57011298426523276E-002
z   2 -4.80906660347161785E-001  7.17717346059214001E-002
z   3  3.80325790222314608E-001  1.89453312627276799E-001
 
basis     8
D  1.00000000000000000E+000  0.00000000000000000E+000
a   1 -1.60454304177683027E-001  3.57027968297955328E-002
a   2  1.22469307976956210E-001  1.14443561483981909E-001
d   1  1.64244648968930040E-001 -6.63089101758139454E-003
d   2 -1.32411312568161577E-001 -1.02777937639695394E-001
s   1 -9.83497094264824000E+002
s   2 -9.70660655853989851E+002
z   1 -1.22579547494447688E-001 -3.21106357552417288E-001
z   2 -5.06706276682737711E-001  8.46937578924103263E-001
z   3 -6.47645626255754919E-002  7.54449363727408701E-002
 
basis     9
D  1.00000000000000000E+000  0.00000000000000000E+000
a   1  9.52215591018310686E-003  1.47047155238549648E-002
a   2 -3.78380174119179791E-001  8.41124433645714098E-002
d   1  1.12114191010560978E-002  1.34612107017092163E-002
d   2 -3.17174431926903366E-001 -2.22815706419150716E-001
s   1 -9.86340285905225414E+002
s   2 -9.68441679924570167E+002
z   1  7.12352666001458412E-001 -2.66028639768457864E-001
z   2 -3.36171939109536189E-001  5.81394992716267489E-001
z   3  7.70306955153301220E-002  6.62248841062176158E-002
 
basis    10
D  1.00000000000000000E+000  0.00000000000000000E+000
a   1  7.39992719685892003E-002  1.41729914234291265E-001
a   2 -2.90010943261156950E-001 -8.87212555665457120E-002
d   1 -5.54649478475281177E-002  1.49956328312651682E-001
d   2  1.02237830249360340E-001 -2.85526241292167915E-001
s   1 -9.87295544765622139E+002
s   2 -9.69228295291353447E+002
z   1  7.48780071808542669E-001  1.37642210881517318E-001
z   2  3.96178551865300377E-001  1.14237223335593191E-001
z   3  6.96781587060962271E-002  2.05830938620127669E-002
 
basis    11
D  1.00000000000000000E+000  0.00000000000000000E+000
a   1 -1.05345038904251842E-001 -7.01329171151343078E-002
a   2 -1.78323971817317073E-001  2.91015496691550413E-003
d   1 -1.16409579435261035E-001  4.96488982810523449E-002
d   2  1.24591193749881923E-001 -1.27612469479334745E-001
s   1 -9.85469587055821194E+002
s   2 -9.69971070895270373E+002
z   1 -3.02147814142697813E-001 -1.24005231817218009E-001
z   2  5.55279370947618145E-001  4.47692996316775060E-001
z   3 -1.24112940402285668E-001  8.90421141623406465E-002
 
basis    12
D  1.00000000000000000E+000  0.00000000000000000E+000
a   1  1.19084347761351655E-001  5.26361493078879306E-004
a   2  6.05006891142928563E-002 -1.55446352284184103E-002
d   1 -6.24694604708224827E-002  1.01385035614987490E-001
d   2 -6.21008120711040446E-002 -6.74227022584522346E-003
s   1 -9.82295501801041041E+002
s   2 -9.71111769426961132E+002
z   1 -1.38017128595780553E-001  9.76506380863046197E-001
z   2 -2.99187279790115168E-001  2.14865259033224926E-001
z   3 -1.76650757981661466E-001 -9.78093929899965936E-002
 
basis    13
D  1.00000000000000000E+000  0.00000000000000000E+000
a   1  2.31327985858062302E-001 -1.60185320671147602E-001
a   2 -7.60680738446620763E-002  2.71334667294699447E-002
d   1  2.80923617585883356E-001  1.59340855440979201E-002
d   2 -4.49509308891891737E-002  6.70968753921637878E-002
s   1 -9.80839215010413227E+002
s   2 -9.73255823085154589E+002
z   1 -3.44765484063404015E-002 -1.75163174845685971E-001
z   2 -4.52950307454535794E-001  4.30091370594008704E-001
z   3  3.29751669708165163E-001  1.83472813293101306E-001
 
basis    14
D  1.00000000000000000E+000  0.00000000000000000E+000
a   1 -1.07309309147930618E-001  2.89612394455500688E-001
a   2  6.37718433843264987E-001  3.16089605550165076E-001
d   1  1.43146425250313236E-001  2.73678146350984974E-001
d   2 -2.98562940030429602E-001  6.46109596307586020E-001
s   1 -9.85623335103827003E+002
s   2 -9.69154031569569383E+002
z   1 -2.02364312633189047E-001 -5.70039914897976854E-002
z   2  2.01484614516654309E-001 -1.79702755874768562E-002
z   3 -6.51471699705239229E-003  1.88889710144511669E-001
 
basis    15
D  1.00000000000000000E+000  0.00000000000000000E+000
a   1  9.31381554470091799E-002  3.25973499963986668E-001
a   2 -5.36895147542425094E-002  8.92673461785389033E-002
d   1  3.35685945566091493E-001  4.74171343318165739E-002
d   2 -9.67786266467525330E-002  3.85372613540922032E-002
s   1 -9.79024745457891527E+002
s   2 -9.74544082865103974E+002
z   1 -4.47457312564233212E-001 -1.56835645703788801E-002
z   2 -2.04584505722737897E-001  1.95138982412515538E-001
z   3  6.56764934885705753E-002 -1.43853118709577399E-001
