ndof    3
nconf    2
nbasisfns   15
initial_PES    1
time  5.00000000000000000E+000
 
zinit   1 -2.67787169460293191E-053  9.85391154446500639E-054
zinit   2  1.41510943915877219E-142  2.27615974592783175E-142
zinit   3  0.00000000000000000E+000  0.00000000000000000E+000
 
basis     1
D  1.00000000000000000E+000  0.00000000000000000E+000
a   1  1.35218382373715551E+000 -1.92446187444300310E-001
a   2 -5.10024897496675483E-002  1.52163631334483213E-001
d   1 -6.19396516505456921E-002  1.36440467156620748E+000
d   2 -8.05668169138985951E-002  1.38794858240223751E-001
s   1 -9.81934443002276907E+002
s   2 -9.74096247764194800E+002
z   1 -3.47952283251324324E-001  2.04374707359250452E-001
z   2  3.26696273877480972E-002  5.48209982260486450E-001
z   3 -1.97422180331401527E-002  1.00301102446752055E-001
 
basis     2
D  1.00000000000000000E+000  0.00000000000000000E+000
a   1  4.32005286279709827E-002  7.82070921729419166E-003
a   2 -1.73725590202427824E-002  2.19440918188307348E-002
d   1 -6.00496201395484507E-003  4.34901091928793643E-002
d   2  2.71663710466093014E-002  6.73329464846450162E-003
s   1 -9.81705820098836625E+002
s   2 -9.71896240967085532E+002
z   1  1.18564356917744562E+000 -1.04639519112516721E+000
z   2  3.90036932523549873E-001  3.16291483792878678E-002
z   3 -1.99624170180090293E-001 -7.53561472334558502E-002
 
basis     3
D  1.00000000000000000E+000  0.00000000000000000E+000
a   1 -5.85329432377811043E-002 -7.06898787337913448E-002
a   2 -3.56995985301568480E-002  1.17922588611938078E-001
d   1  8.59752671964578441E-002  3.21156944494916594E-002
d   2  1.18345772294251916E-001  3.42706349551892692E-002
s   1 -9.82796796270280424E+002
s   2 -9.72310830327474719E+002
z   1  7.30997479001629813E-001  1.56569119967528807E-002
z   2  8.17586974268665612E-002  1.79186296043074511E-001
z   3  2.65697762554088945E-001 -3.91699770984003104E-002
 
basis     4
D  1.00000000000000000E+000  0.00000000000000000E+000
a   1  2.96880777973709931E-001 -1.15725793294864363E-001
a   2  5.62168895811694866E-002  3.00247529782131650E-002
d   1 -2.85225075446402909E-001  1.42046865155816465E-001
d   2  1.81136323059051564E-002 -6.11041798101454939E-002
s   1 -9.83228128160391975E+002
s   2 -9.72120567965078294E+002
z   1 -2.76377873467513024E-001 -4.56153295129324399E-001
z   2  6.69356211782936916E-001  3.11283939228396533E-001
z   3  4.06077369352972825E-002 -1.24093084201554304E-002
 
basis     5
D  1.00000000000000000E+000  0.00000000000000000E+000
a   1 -4.27054641793614687E-001 -4.65962488453572354E-002
a   2 -5.04634451207716550E-001 -3.49155934446331140E-001
d   1 -3.97407002679469823E-001 -1.63139669318197705E-001
d   2  3.46546668647419107E-002 -6.12670262024604617E-001
s   1 -9.80457761123695491E+002
s   2 -9.74915753906404802E+002
z   1 -3.11252004999824416E-001  3.61861634534931739E-002
z   2  2.23216783533665281E-001  9.67658066329505906E-002
z   3 -4.78563829637428245E-002  1.97495984257424789E-001
 
basis     6
D  1.00000000000000000E+000  0.00000000000000000E+000
a   1  6.45137360597330956E-003 -1.45356357195971264E+000
a   2 -3.45815376665486451E-001  5.83506849423960292E-002
d   1 -1.38461344157499422E+000 -4.42418687850697823E-001
d   2  3.48513535758341320E-001  3.91330111895110550E-002
s   1 -9.78910945365086377E+002
s   2 -9.77314291492732877E+002
z   1 -6.78956949094144807E-002  3.45258872548152504E-002
z   2  3.72129497894865713E-001  4.76264140435079475E-001
z   3  7.03561822303839790E-002 -1.71842427422548738E-001
 
basis     7
D  1.00000000000000000E+000  0.00000000000000000E+000
a   1 -4.76793547581479848E-001  2.74904779252137410E-001
a   2  2.52398950749629647E-001  1.64874214999013932E-002
d   1  2.54368434198432525E-001 -4.88058832882304228E-001
d   2 -2.29217754071212379E-003 -2.52926493925312690E-001
s   1 -9.82751168299482856E+002
s   2 -9.72248633725508626E+002
z   1 -6.00565806689586035E-001 -2.43133463368916836E-001
z   2  3.72136104804378143E-001  3.11311526981771169E-001
z   3 -1.96212063919149832E-001 -5.47044205209724493E-002
 
basis     8
D  1.00000000000000000E+000  0.00000000000000000E+000
a   1  8.47190270524946498E-002  1.36096641033889465E-001
a   2  9.87727145095790987E-002 -9.40956969866509063E-002
d   1 -1.60083317568182615E-001  8.54053170435453701E-003
d   2 -1.32364100149651026E-001  3.30120328754167497E-002
s   1 -9.82251197783370685E+002
s   2 -9.71268866179669203E+002
z   1  1.03242005293887704E-001 -5.48932052496628353E-001
z   2 -2.49747277039739785E-002  1.03599180250924530E-001
z   3  2.04966640825193613E-001 -1.31640088274585981E-001
 
basis     9
D  1.00000000000000000E+000  0.00000000000000000E+000
a   1 -3.85480717589535976E-002 -3.49429800956980174E-001
a   2 -3.48066963017682696E-001  1.64711617589962389E-002
d   1 -9.05545726615655938E-002  3.39686633536336602E-001
d   2  2.10323288848171253E-001 -2.77823728436094208E-001
s   1 -9.83688897346779754E+002
s   2 -9.69876610795365309E+002
z   1  2.64489935651199895E-002  3.05402516494440945E-001
z   2 -1.92997581025735443E-001 -9.46935624569447409E-002
z   3  1.39600194180256404E-001  4.43218452191593490E-002
 
basis    10
D  1.00000000000000000E+000  0.00000000000000000E+000
a   1  2.26939619829255507E-001  6.10516437428571535E-002
a   2  2.19672769656725109E-001 -1.94022315660567490E-001
d   1  4.13027947631707665E-002 -2.31350326121886357E-001
d   2  2.00348098749224435E-001  2.13919199770652935E-001
s   1 -9.84803165234316566E+002
s   2 -9.69152157195683799E+002
z   1 -3.08231274837694580E-001  2.67777739540818904E-001
z   2  2.79664665947338076E-001  6.28884103225218205E-002
z   3 -3.18042521005043488E-001 -8.23482551305198818E-002
 
basis    11
D  1.00000000000000000E+000  0.00000000000000000E+000
a   1 -1.52568981862191089E-001  1.42370057443081288E-001
a   2  4.73080314747803543E-002 -2.72688533670713440E-001
d   1 -1.15358275768129265E-001 -1.73893633277978549E-001
d   2 -3.76918290946842011E-002 -2.74183172818828813E-001
s   1 -9.81912809781900023E+002
s   2 -9.73585331703733800E+002
z   1 -8.77806379512652390E-001 -3.73818878112302910E-001
z   2  1.53449607846146252E-001  3.02223416081397411E-001
z   3 -1.84738764108336069E-002 -3.04719734752813762E-002
 
basis    12
D  1.00000000000000000E+000  0.00000000000000000E+000
a   1 -4.64262990705575807E-001  3.17893498219558535E-001
a   2 -1.55051344691050780E-002 -8.21533982646313887E-002
d   1 -5.23677204393435347E-001  2.05812017015115617E-001
d   2  7.80375852923237689E-002 -2.99954217019108293E-002
s   1 -9.80402841232562878E+002
s   2 -9.75284097316683074E+002
z   1 -4.96916642380121898E-001  5.11550093119928828E-001
z   2 -2.92290521307492834E-001  3.70171749255333860E-001
z   3  2.28267199819131017E-002  2.53418163932775976E-002
 
basis    13
D  1.00000000000000000E+000  0.00000000000000000E+000
a   1 -4.43985498700111281E-001  1.55891895769138622E+000
a   2  2.82572577058216173E-002  8.18211489696948624E-002
d   1  1.62090780108195909E+000  3.05615726569984092E-003
d   2 -2.69761789830578365E-002 -8.22524090786904694E-002
s   1 -9.84613724994527047E+002
s   2 -9.70767745549054325E+002
z   1  2.99802570133001822E-001 -1.23633378978199357E-001
z   2  2.56659959070302035E-001  1.43764648419353741E-001
z   3 -1.16017591302273987E-001 -9.84414965327048558E-002
 
basis    14
D  1.00000000000000000E+000  0.00000000000000000E+000
a   1 -8.51565914223597620E-001 -4.02852269985524591E-001
a   2 -4.78032887652867777E-002  1.40702194771729960E-001
d   1  3.60221672039573948E-001  8.70456664454339890E-001
d   2  1.01766029560169946E-001 -1.08286366907001913E-001
s   1 -9.84055050319822840E+002
s   2 -9.71178984007929557E+002
z   1  2.18544263724790688E-001  1.87068446306103586E-001
z   2  5.06633708523464898E-001  2.42761291327242168E-001
z   3 -1.74793041814818140E-001 -3.04978586288877584E-001
 
basis    15
D  1.00000000000000000E+000  0.00000000000000000E+000
a   1  1.20456936362038095E-001 -1.39042717669832061E-001
a   2  1.22335575308452141E-001  1.28292716889030545E-001
d   1  1.48226725488824096E-001 -1.08956820372115820E-001
d   2 -1.39751084946509507E-001  1.09062589594656131E-001
s   1 -9.80399929232849331E+002
s   2 -9.75563474057942926E+002
z   1 -1.09645771944386339E+000 -8.31233478281774851E-001
z   2  3.05720249848970727E-001  1.01084068677703795E-001
z   3 -8.62185922586929526E-002 -2.04028532405410218E-001
