ndof    3
nconf    2
nbasisfns   15
initial_PES    1
time  5.00000000000000000E+000
 
zinit   1 -2.67787169460293191E-053  9.85391154446500639E-054
zinit   2  1.41510943915877219E-142  2.27615974592783175E-142
zinit   3  0.00000000000000000E+000  0.00000000000000000E+000
 
basis     1
D  1.00000000000000000E+000  0.00000000000000000E+000
a   1 -6.38618447326042421E-002 -8.28739040690433526E-002
a   2 -2.09987647081334022E-003 -6.71928164790038918E-001
d   1 -5.34919797130707295E-002 -8.99167798281982622E-002
d   2  6.69031939910270101E-001  6.23548835232903068E-002
s   1 -9.86579977493674164E+002
s   2 -9.69277391957708460E+002
z   1 -3.11945324920994749E-001 -6.66286435941438882E-002
z   2  4.80694565313673078E-002  4.83942874515769395E-001
z   3 -1.87364900409447033E-001 -1.72326027651687162E-002
 
basis     2
D  1.00000000000000000E+000  0.00000000000000000E+000
a   1 -3.36463714279867585E-002 -4.77257995593703167E-003
a   2 -7.79828468885446213E-003  2.18568943238454660E-002
d   1  2.90546442621095677E-002  1.76262156037000524E-002
d   2 -1.50172351377142414E-002  1.76923633918922990E-002
s   1 -9.83722895545971028E+002
s   2 -9.67971623408378491E+002
z   1  4.20269726265854626E-001 -1.33528640356262018E+000
z   2  2.40907600103071468E-001 -1.86473689361277090E-001
z   3  1.00035495004356878E-001  7.78130433381407222E-002
 
basis     3
D  1.00000000000000000E+000  0.00000000000000000E+000
a   1  4.69819702082075602E-003  6.12113883378031555E-003
a   2 -1.00754620284104323E-002 -3.11904975876693275E-002
d   1  7.04847841495359270E-003 -3.14011909054350306E-003
d   2  2.13679562272441025E-002  2.48550301050496913E-002
s   1 -9.85124819151870156E+002
s   2 -9.70354478364605257E+002
z   1  1.06458188222058392E+000 -2.65358595034429878E-001
z   2 -4.38873772787960803E-001  2.82372513919822155E-001
z   3  3.24752380683237876E-002  6.92619037220255224E-002
 
basis     4
D  1.00000000000000000E+000  0.00000000000000000E+000
a   1  2.68533913472657482E-001 -4.79339793000147230E-001
a   2  7.83309861063653523E-001 -2.59713485746493888E-002
d   1  4.15125933827476146E-001 -3.59927157772556183E-001
d   2  5.30087239920882580E-001  5.77283610939550829E-001
s   1 -9.86805937804697237E+002
s   2 -9.68471673659373209E+002
z   1 -2.01441389430102785E-001 -4.11786569070170805E-001
z   2  2.17223304003710649E-001  1.07359491681257579E-001
z   3  2.98408150626904900E-001 -1.40398645420340001E-002
 
basis     5
D  1.00000000000000000E+000  0.00000000000000000E+000
a   1 -8.98396329876130495E-002  6.15203699350353253E-002
a   2 -1.25266845622361650E-001  2.23289044885199267E-001
d   1  6.90262704653125531E-002 -8.42097949049997879E-002
d   2  3.39218047606618736E-002 -2.53769760491081076E-001
s   1 -9.83034776838729272E+002
s   2 -9.70373758789047542E+002
z   1 -7.96418683101647540E-001 -1.13934473590340729E-001
z   2  8.17256725081990376E-002  1.83265203912321040E-001
z   3  6.80355334822238533E-002  4.21038540490654256E-001
 
basis     6
D  1.00000000000000000E+000  0.00000000000000000E+000
a   1  1.69781996614832814E-001  5.61118290706013823E-001
a   2 -4.38751445202117729E-001  4.55050954784970707E-001
d   1 -4.05120619653179637E-001  4.23741602950644281E-001
d   2 -5.39399746196663976E-001 -3.29578694579359566E-001
s   1 -9.81233664309100732E+002
s   2 -9.75245830755756288E+002
z   1 -4.90218548546069999E-002 -5.04719273303126270E-001
z   2  7.49436668752554019E-002  3.15736592270148275E-001
z   3 -1.42047673968918042E-001  2.77008144468473202E-002
 
basis     7
D  1.00000000000000000E+000  0.00000000000000000E+000
a   1  1.20829683423757481E-001  3.64003114823354817E-002
a   2  2.63480815675734781E-001  3.27578146046118734E-001
d   1  9.99082328784388074E-002  7.70917639920383063E-002
d   2 -4.60353437070223082E-002  4.17864007933130222E-001
s   1 -9.86824685768001359E+002
s   2 -9.68397638464097554E+002
z   1 -5.29914742308086772E-001 -7.04504913331941318E-001
z   2  2.72544813136192110E-001  5.33834440292518808E-001
z   3 -2.83345564550560092E-001 -1.36208212234904508E-001
 
basis     8
D  1.00000000000000000E+000  0.00000000000000000E+000
a   1 -1.10023772379203161E-001  1.78431796338419851E-001
a   2  1.21376799490432535E-001 -4.81269314702225393E-002
d   1  2.04061350432986871E-001 -4.79802218895637803E-002
d   2 -1.09896997844059430E-001  7.05065872961027629E-002
s   1 -9.84105817985047679E+002
s   2 -9.70559196797187383E+002
z   1 -1.04916976732259096E-001 -6.82316804591208359E-001
z   2 -3.97508699082986083E-001  1.62447960115310069E-001
z   3 -1.86066875941164389E-001 -2.17943612204819476E-001
 
basis     9
D  1.00000000000000000E+000  0.00000000000000000E+000
a   1  2.69297385378529514E-002  1.39212541955483549E-001
a   2  1.45400937730849212E-002 -8.07670526314872017E-002
d   1 -7.46342712717694146E-002 -1.20561470657736772E-001
d   2 -1.28946690045809802E-003  8.20552764471618318E-002
s   1 -9.82955270401146436E+002
s   2 -9.70589726063717990E+002
z   1 -5.95783632744091740E-001  6.86075548526543927E-002
z   2 -3.30957656897081953E-001  1.31972768105248967E-001
z   3 -1.57011606319284652E-001  1.70381881398888352E-001
 
basis    10
D  1.00000000000000000E+000  0.00000000000000000E+000
a   1 -3.41512202373725135E-002 -7.11344609005393758E-002
a   2 -1.15618817942499022E-001 -1.40185338368276180E-001
d   1  7.76203126373196939E-002  1.41952258663480581E-002
d   2 -1.61287648985355220E-001  8.37014602060541374E-002
s   1 -9.88659367272292798E+002
s   2 -9.66250697870565318E+002
z   1 -4.55059438791868054E-001  1.96185718074055909E-001
z   2  5.59567418524574700E-001 -1.52859411334586609E-001
z   3  5.97826053076627034E-003 -3.34082511050837416E-001
 
basis    11
D  1.00000000000000000E+000  0.00000000000000000E+000
a   1 -1.04859566419228917E-001 -2.20823292051887554E-001
a   2  5.15664405594286057E-002 -4.67057234233101859E-001
d   1 -2.44338954868008551E-001  7.54520485283102175E-003
d   2  1.56749047724502544E-001  4.42980015213898015E-001
s   1 -9.85301758588930738E+002
s   2 -9.70302066525141072E+002
z   1 -1.01714680200180285E+000 -4.99948167830969459E-001
z   2  2.05590790066614654E-001  1.97639907806512444E-001
z   3  7.51563286114182022E-002 -1.99236386442540769E-001
 
basis    12
D  1.00000000000000000E+000  0.00000000000000000E+000
a   1  1.05896691846770100E-001  8.65249259377760954E-002
a   2  5.32795193663010633E-002  8.31685172056012140E-002
d   1  2.24238252797670096E-002 -1.34899385515464459E-001
d   2  2.42663962303352188E-002 -9.57436757810917055E-002
s   1 -9.84368954397406696E+002
s   2 -9.71570108416021071E+002
z   1 -7.93485436005957001E-001 -1.25285636028524550E-001
z   2 -2.77568167974532987E-001  6.35870473295632954E-001
z   3  2.03272663012769028E-001  2.57130106241556966E-001
 
basis    13
D  1.00000000000000000E+000  0.00000000000000000E+000
a   1 -1.69414406817879309E-001  8.19956575687807998E-001
a   2 -4.53139670044737430E-001 -8.35771551618032793E-002
d   1 -3.69173704384287149E-001  7.51492384021496873E-001
d   2 -1.59828602598688474E-001 -4.32175333891864022E-001
s   1 -9.86712972764568917E+002
s   2 -9.68644718550054222E+002
z   1  5.77541532045218811E-002 -1.74649549570165680E-001
z   2  2.47347694981510408E-001  2.59360341292049421E-002
z   3  2.08117256447403143E-001 -1.25086073479603078E-002
 
basis    14
D  1.00000000000000000E+000  0.00000000000000000E+000
a   1 -1.64608003556941662E-002 -3.72189859751798191E-001
a   2  1.01267353015790457E-001 -4.64162619029681811E-001
d   1  3.36581615614757884E-002 -3.71030157548837003E-001
d   2  4.68933279197587594E-001 -7.61813189195068297E-002
s   1 -9.86594759129522913E+002
s   2 -9.68805477820886836E+002
z   1  2.09395641565652296E-001 -3.61555722399251100E-001
z   2  3.40452823207107402E-001  1.73555832251601705E-001
z   3 -1.16740188718650578E-001  1.36368065125562349E-001
 
basis    15
D  1.00000000000000000E+000  0.00000000000000000E+000
a   1  4.96219934256884182E-002  6.52784791933141706E-002
a   2  3.07330013021374499E-002  1.15222822917476209E-001
d   1  3.79016436605290399E-002 -7.27123612954585219E-002
d   2 -3.03040863958349560E-002 -1.15336371703912352E-001
s   1 -9.84448977758551450E+002
s   2 -9.70755850603848558E+002
z   1 -1.48823019248723099E+000 -8.75736752184569589E-001
z   2  2.37877673613262786E-001 -3.58449636532135775E-003
z   3 -5.99438993732901854E-002 -1.58563226262677132E-001
