ndof    3
nconf    2
nbasisfns   15
initial_PES    1
time  5.00000000000000000E+000
 
zinit   1 -2.67787169460293191E-053  9.85391154446500639E-054
zinit   2  1.41510943915877219E-142  2.27615974592783175E-142
zinit   3  0.00000000000000000E+000  0.00000000000000000E+000
 
basis     1
D  1.00000000000000000E+000  0.00000000000000000E+000
a   1 -1.75712353462248658E-002  7.91729616533744657E-002
a   2  2.22710669526372390E-002 -1.82307211316025369E-001
d   1 -6.06893941434529724E-002 -5.37950147045220262E-002
d   2 -1.12688325223852276E-001 -1.45028483682613452E-001
s   1 -9.82254558898202390E+002
s   2 -9.73111599135466690E+002
z   1 -3.61933555442698840E-001 -5.14605498717822241E-001
z   2 -6.29817688146076748E-001  7.34454864431168031E-001
z   3  5.97144463882767138E-002  1.40768815926371221E-001
 
basis     2
D  1.00000000000000000E+000  0.00000000000000000E+000
a   1  1.32808601497327428E-001 -7.02589884321691005E-002
a   2 -2.33742737245144466E-001 -2.55931204797387124E-001
d   1  5.75177160456584596E-002  1.38802602382226969E-001
d   2 -2.90824215123263841E-001  1.88567560046346033E-001
s   1 -9.81841455451553429E+002
s   2 -9.72487799993062708E+002
z   1  1.29216767802847121E+000 -4.63903959887796646E-001
z   2 -4.50060871787466343E-001  9.06275755285712026E-002
z   3  1.01547997624456279E-001 -1.79018376608856625E-002
 
basis     3
D  1.00000000000000000E+000  0.00000000000000000E+000
a   1  4.05319342323554987E-001 -1.87690037527676323E-002
a   2  8.12530685852514978E-002 -1.75827535804097879E-001
d   1 -1.64191958713142794E-001 -3.71048575603534936E-001
d   2 -1.93670908399858038E-001  2.99378373212055501E-003
s   1 -9.84518964423355442E+002
s   2 -9.71874583986666380E+002
z   1  6.68453730110660449E-001  1.33359856503599411E-001
z   2 -3.61806179755801260E-001 -4.18122579552603554E-002
z   3  2.03353754411953858E-001 -4.83889423382638309E-002
 
basis     4
D  1.00000000000000000E+000  0.00000000000000000E+000
a   1  3.65934942131172225E-002  8.91151673109075032E-002
a   2  2.70762254898330390E-001 -3.06143816869451302E-001
d   1 -6.68966486675812433E-002 -6.93212468195911896E-002
d   2 -3.76919037414153890E-001  1.58013526382434238E-001
s   1 -9.82940537667532908E+002
s   2 -9.71201813035841269E+002
z   1  9.19012246159815471E-002 -6.06775704160702367E-001
z   2  2.79163857251514214E-001 -4.50736065135386166E-001
z   3 -9.70307126846159940E-002 -7.38433791481056881E-003
 
basis     5
D  1.00000000000000000E+000  0.00000000000000000E+000
a   1 -1.46539846152973136E-001 -3.93696510077167217E-002
a   2  7.10381728389294087E-002  3.32756526059898583E-001
d   1  1.46791448094846705E-001 -3.84209148410651069E-002
d   2  1.77653372056494896E-001  2.90194085109779842E-001
s   1 -9.82800041069012309E+002
s   2 -9.73554716054164146E+002
z   1  5.41808924302962569E-001 -4.06678235713081204E-001
z   2 -3.06810325896402947E-001  4.00014524108258329E-001
z   3  1.34720611888180936E-001  2.25575346713249802E-001
 
basis     6
D  1.00000000000000000E+000  0.00000000000000000E+000
a   1  4.79377036629635572E-002 -1.77324450008026976E-002
a   2 -3.08722267400770717E-002 -2.00542895744540678E-001
d   1  4.62455528249392650E-002  2.17672203576927403E-002
d   2  1.76819221087783446E-001  9.95264310191317919E-002
s   1 -9.80971129313379265E+002
s   2 -9.76129934451713211E+002
z   1  1.08166417356913833E-001 -8.46431596821911603E-001
z   2  6.77542893532892682E-002 -1.70185961598025820E-001
z   3  1.76550927793557924E-003  1.10175145395376331E-001
 
basis     7
D  1.00000000000000000E+000  0.00000000000000000E+000
a   1 -4.16873317232259941E-002 -4.27979771416879679E-002
a   2  6.96108551281428234E-001 -3.87960905697625980E-001
d   1 -5.91278572878402714E-002  8.56720293745421788E-003
d   2  8.59427892073678784E-002  7.92271807210195411E-001
s   1 -9.85517658339705577E+002
s   2 -9.69581731774779428E+002
z   1  7.20637658264222436E-001 -4.35349247332147582E-001
z   2  4.72960621665247882E-001  2.34490146655171559E-003
z   3  6.81178596883522253E-002  2.86808760541635253E-002
 
basis     8
D  1.00000000000000000E+000  0.00000000000000000E+000
a   1  2.38907796192446176E-001  5.69266893543388594E-002
a   2 -3.35100165848106368E-001 -3.14176833301835101E-001
d   1 -2.26072886373337084E-001 -9.59616230021409083E-002
d   2 -3.87561709877574989E-001  2.46566674089926191E-001
s   1 -9.83486006970914787E+002
s   2 -9.72573926307446641E+002
z   1  4.23480460271516812E-001 -9.15299613278566682E-001
z   2 -3.76274383617835384E-001  2.13857167772845497E-001
z   3 -6.28446274272128139E-003 -1.17506407483674566E-001
 
basis     9
D  1.00000000000000000E+000  0.00000000000000000E+000
a   1 -7.57755199003609936E-002 -2.03109018959521867E-002
a   2  2.09822826758516268E-001  2.74783819566835286E-001
d   1  5.69643790559441476E-002  5.39399821168649526E-002
d   2 -7.62303793053542567E-002 -3.37224992246475175E-001
s   1 -9.83814750679507824E+002
s   2 -9.71181958066549214E+002
z   1 -3.68496744730891390E-001  1.50147983903776261E-001
z   2 -7.04955656214114268E-001 -1.41709605757098511E-002
z   3  1.55186872042971935E-001 -8.36019825749484691E-002
 
basis    10
D  1.00000000000000000E+000  0.00000000000000000E+000
a   1 -2.21374158625864320E-001  2.23435157061876964E-002
a   2 -5.17360604814289471E-001  4.54358041142658931E-001
d   1 -2.21795598134933519E-001 -1.76766356920390888E-002
d   2 -4.79960573191564543E-001  4.93701400794474499E-001
s   1 -9.86640213344008771E+002
s   2 -9.67531680122042758E+002
z   1  5.13015184966991833E-001 -4.90890315833918567E-001
z   2  1.85389494070689109E-001 -2.52751700559597281E-001
z   3  8.86261547720209181E-002  2.42415072972261038E-002
 
basis    11
D  1.00000000000000000E+000  0.00000000000000000E+000
a   1 -6.34443913105417812E-001  2.69472796131401959E-001
a   2  4.34825833439786369E-001 -4.07117137808211904E-001
d   1  6.02018830613352485E-001  3.35720113067898729E-001
d   2 -4.42553154941953908E-001  3.98703617207918470E-001
s   1 -9.84228852777634643E+002
s   2 -9.70771308131584647E+002
z   1  3.02526543874817366E-001  1.13830657272193832E-002
z   2 -4.56299717557419660E-001 -2.77987548797080201E-003
z   3  8.21270522667592456E-002 -7.90172047754490181E-002
 
basis    12
D  1.00000000000000000E+000  0.00000000000000000E+000
a   1  1.58902156386348699E-002  1.04630110727750372E-002
a   2  7.54745854072090411E-002 -8.88426620648442578E-002
d   1 -8.97847162672989890E-003  1.67738069918350781E-002
d   2  1.16084177882233117E-001 -1.06721736569582327E-002
s   1 -9.81656869227635752E+002
s   2 -9.74668620206201922E+002
z   1 -9.95959194582766438E-002 -2.23623939977813324E-001
z   2 -2.17870621422388416E-001  2.40763718693224882E-001
z   3 -7.08041256068368124E-002 -4.61839580067935740E-001
 
basis    13
D  1.00000000000000000E+000  0.00000000000000000E+000
a   1  2.60178443242034610E-002  1.03950010660584832E-001
a   2  2.99799379707203439E-001  2.47476653571171296E-002
d   1  6.77235549989327612E-002 -8.30424773108360270E-002
d   2 -2.68468669627349998E-001 -1.35708100133973553E-001
s   1 -9.84247892361401455E+002
s   2 -9.71137798849523620E+002
z   1  2.44348370073048576E-001  4.94607642980546686E-002
z   2  1.09556778313744774E-001  2.58683354987179426E-001
z   3  1.66042430571211291E-001 -1.11805245760247696E-001
 
basis    14
D  1.00000000000000000E+000  0.00000000000000000E+000
a   1 -1.00857117821602171E-001  2.03212276333699010E-001
a   2 -1.43920189191060977E-001  3.77855635615591892E-002
d   1 -1.68750355803659352E-001  1.51626860694741517E-001
d   2 -1.48610535150401873E-001  7.46180358670611200E-003
s   1 -9.80555008650826267E+002
s   2 -9.74100304955213346E+002
z   1 -1.83045737928221819E-001 -1.62917377719900891E-001
z   2  1.07576279481890288E-001  3.40919589796983613E-001
z   3 -2.26272728609324195E-002 -1.83312420460155848E-002
 
basis    15
D  1.00000000000000000E+000  0.00000000000000000E+000
a   1 -1.39431928600765725E-002 -1.31302793398451051E-001
a   2 -3.30081766750946526E-001  4.40992568411372354E-001
d   1  1.25039915530374884E-001  4.24247063104310623E-002
d   2 -5.03090752907709327E-001  2.24339279829100319E-001
s   1 -9.82180600224622822E+002
s   2 -9.74402522661128728E+002
z   1 -3.50652702390338855E-001 -7.41921022326399116E-001
z   2 -3.10698664507487121E-001 -9.95445939737785168E-002
z   3 -4.59793057996930876E-003 -1.45889243354679704E-001
