ndof    3
nconf    2
nbasisfns   15
initial_PES    1
time  5.00000000000000000E+000
 
zinit   1 -4.86375219209927157E-054 -5.58512255835778587E-054
zinit   2 -4.66863569615242175E-142 -2.37953019956097114E-142
zinit   3  0.00000000000000000E+000  0.00000000000000000E+000
 
basis     1
D  1.00000000000000000E+000  0.00000000000000000E+000
a   1 -4.95082073193746156E-002 -4.92884225882282367E-001
a   2  1.75208267806080897E-001  1.57035287189314088E-001
d   1  4.93135419373404937E-001 -4.69401840108341281E-002
d   2  7.24477051786144299E-002 -2.23851174990416985E-001
s   1 -9.81752913103478818E+002
s   2 -9.71905174838654261E+002
z   1 -5.43631611351768962E-001  2.27293347653007211E-001
z   2 -2.63752637025612691E-001  2.37513555910015800E-001
z   3  5.06443719774355566E-002  1.04842675361069889E-002
 
basis     2
D  1.00000000000000000E+000  0.00000000000000000E+000
a   1  2.38447838440199983E-001  2.23019544230712269E-001
a   2 -1.87924240940293003E-001 -6.00774080785129061E-001
d   1  1.86686876398279189E-001 -2.67849022671974635E-001
d   2  5.64615522861926955E-001  2.78306176394910232E-001
s   1 -9.84746019330029071E+002
s   2 -9.69942456715667618E+002
z   1 -8.68540469383555225E-002 -4.19254222449841396E-001
z   2  3.75252371709882238E-001  3.25140215544229449E-001
z   3 -8.43287971714680173E-002  4.22140961266777442E-002
 
basis     3
D  1.00000000000000000E+000  0.00000000000000000E+000
a   1  1.26414419256823674E-001 -1.07302176187209469E-001
a   2  5.79571242757886268E-003  8.34948336246731232E-002
d   1 -5.75464921943250607E-002  1.55508082255165825E-001
d   2  8.08001314877894311E-002  2.18246712715443880E-002
s   1 -9.82805936677778618E+002
s   2 -9.72656040593658076E+002
z   1  6.16453858215580852E-001 -2.42811696638658786E-001
z   2 -2.37632544232896398E-001 -4.18724688551772528E-001
z   3  3.25683308245637182E-001 -4.12687751187689397E-002
 
basis     4
D  1.00000000000000000E+000  0.00000000000000000E+000
a   1  9.39780377833469016E-002 -4.19107033020698683E-001
a   2 -7.80469087520238913E-001 -6.22924436628814054E-002
d   1 -1.74191814082950536E-001 -3.92606404200838255E-001
d   2 -1.13408334599977609E-001 -7.74694065264106224E-001
s   1 -9.85821921780286289E+002
s   2 -9.68956329730622315E+002
z   1 -2.36131477360675135E-001 -1.52342144661555240E-001
z   2  2.90898384434398805E-001  1.00717546215195991E-001
z   3 -9.35233586934487160E-002  7.94578172321528109E-002
 
basis     5
D  1.00000000000000000E+000  0.00000000000000000E+000
a   1 -9.42616937234788566E-001  6.27751502328790623E-001
a   2  6.31668409499783201E-001 -8.88025419989306286E-001
d   1  6.05241251364398436E-001 -9.57226026957481047E-001
d   2  1.84310933287937184E-001 -1.07406871566846185E+000
s   1 -9.82899044121968927E+002
s   2 -9.73445386511129414E+002
z   1  3.17646356138000657E-002  4.13371044674139654E-001
z   2 -1.53925828000250620E-001  2.97028934952016765E-001
z   3 -1.36080323359183165E-002  1.25321072297603309E-001
 
basis     6
D  1.00000000000000000E+000  0.00000000000000000E+000
a   1  6.64326824675459324E-003 -5.32186054156034635E-002
a   2 -5.28486564073904069E-002  1.03417386924845839E-001
d   1  4.28591645704552091E-002 -3.22404247444520037E-002
d   2  5.59271345348581542E-002  1.01785519722353238E-001
s   1 -9.80978582965117198E+002
s   2 -9.72918866590320022E+002
z   1  6.14197101532136802E-001  1.25485401271908603E-001
z   2  1.01580461097942010E+000 -1.21184528805746622E-001
z   3  1.08513787294861296E-002 -5.54894040532605964E-002
 
basis     7
D  1.00000000000000000E+000  0.00000000000000000E+000
a   1 -1.58540849154321295E+000  1.93380224045832105E-001
a   2  5.13096458644075382E-001 -2.53885711908106382E-001
d   1 -1.59650562550080566E+000 -4.56703826743680083E-002
d   2  3.99423973035087476E-001  4.10105377127687853E-001
s   1 -9.80326882032888648E+002
s   2 -9.75151802301013845E+002
z   1  1.52775340679697530E-001  1.57585826742431684E-002
z   2 -8.67642718475637176E-002 -5.90486101756242526E-002
z   3 -4.94653293184384724E-002 -2.96957283859806027E-002
 
basis     8
D  1.00000000000000000E+000  0.00000000000000000E+000
a   1  2.08388546381038486E-001  4.19264438424452601E-002
a   2 -5.90474955590922640E-002 -1.75225741239979776E-001
d   1 -1.87993939417486045E-001  9.92063087629537627E-002
d   2 -1.22124760957492806E-001  1.38838790998685291E-001
s   1 -9.82634388383462351E+002
s   2 -9.71798596683013329E+002
z   1 -2.62807229018819755E-001 -3.79347083320388134E-001
z   2 -2.26087509864835723E-001  1.50117307341885192E-001
z   3 -8.52291624556485716E-002 -3.70934353068179790E-001
 
basis     9
D  1.00000000000000000E+000  0.00000000000000000E+000
a   1 -8.91136576969330241E-002 -7.77397758312881326E-002
a   2  2.47233632489897104E-001 -1.24426414456109150E-001
d   1  1.18251540638696404E-001 -1.13572487857625370E-003
d   2 -1.51668347852665031E-001 -2.31523462975560979E-001
s   1 -9.82591560004271514E+002
s   2 -9.72209246135333046E+002
z   1  3.02256854069056835E-001  6.77441123850276217E-001
z   2  4.23280864318332561E-001 -1.81643512706050614E-001
z   3  8.78322843993507331E-003  8.79522010176214675E-002
 
basis    10
D  1.00000000000000000E+000  0.00000000000000000E+000
a   1 -7.59145457509329546E-002  3.31092166726250747E-001
a   2 -2.87131729749028286E-001 -6.15573362310443017E-001
d   1 -3.19668633788646850E-001  1.14878221155073235E-001
d   2 -3.21301372687049613E-001 -5.98448512843227531E-001
s   1 -9.81177320103621128E+002
s   2 -9.73837445827376314E+002
z   1  4.26729254793704771E-001  3.87649303418061530E-001
z   2  2.55661845839254331E-001  1.62998533153295988E-001
z   3  3.20364164979550087E-002  9.33461725226115563E-002
 
basis    11
D  1.00000000000000000E+000  0.00000000000000000E+000
a   1  9.61680684037835021E-002  2.86495887295355744E-002
a   2 -7.07657499603444456E-002  7.75253460504016743E-003
d   1 -5.20211428441993765E-002 -8.58073249324888265E-002
d   2  6.93564188984443775E-002  1.60493089519718607E-002
s   1 -9.84054750842900489E+002
s   2 -9.71088647731429660E+002
z   1 -5.57672478706375152E-001 -5.65587125224984222E-001
z   2  6.65751019494760232E-001  5.88145333365341250E-001
z   3  2.00323094201757534E-001 -2.11099090565540604E-001
 
basis    12
D  1.00000000000000000E+000  0.00000000000000000E+000
a   1  4.68711834322052878E-001  4.55177537310771541E-001
a   2 -1.05663956011044213E+000  5.90144209345744519E-001
d   1 -1.76933202825173636E-001  6.28945161237343786E-001
d   2  5.84605896074351539E-001  1.05971377932430744E+000
s   1 -9.81251184184907856E+002
s   2 -9.72328160100759646E+002
z   1  4.98832496175067655E-002  6.43819406756455104E-002
z   2  1.12756466754093052E-001  1.37425302769218605E-001
z   3  1.65269127294093598E-001  1.12841483101267126E-001
 
basis    13
D  1.00000000000000000E+000  0.00000000000000000E+000
a   1 -5.29399301786037113E-002  1.29158211327926792E-001
a   2  7.50841477774190358E-002 -2.57303182291627852E-001
d   1  2.41086448486185038E-002 -1.37489101401922081E-001
d   2  2.11022750098390249E-001  1.65263292372421045E-001
s   1 -9.83103087107535089E+002
s   2 -9.69561789816864348E+002
z   1  7.60933426773925115E-002 -9.94758574554651387E-002
z   2  1.78988529773708382E-001  8.88744477742468342E-001
z   3  2.71268672473745920E-001  1.27025930057306474E-001
 
basis    14
D  1.00000000000000000E+000  0.00000000000000000E+000
a   1 -2.99703677484657760E-001  2.10003018790193841E-002
a   2  5.71304177076049524E-001  2.01944597858823571E-001
d   1 -1.69320103845772396E-001  2.48181404239911890E-001
d   2 -2.77959545789785323E-001  5.38431587347213747E-001
s   1 -9.85557961830469367E+002
s   2 -9.69318116452888489E+002
z   1 -1.91609859183528269E-001 -5.09043724223225080E-001
z   2  1.95157129885116049E-001  2.19752280943486089E-001
z   3 -1.24735517210323617E-002 -2.48613732570667524E-002
 
basis    15
D  1.00000000000000000E+000  0.00000000000000000E+000
a   1  1.16480043160019942E+000 -1.01176527359742985E+000
a   2 -2.91628857655935825E-001  1.36297600846025180E+000
d   1  1.52578464653223889E+000  2.28932799572677842E-001
d   2  1.28298427907303392E+000  5.44703891951759611E-001
s   1 -9.81041042900369234E+002
s   2 -9.72513637781913644E+002
z   1  1.64032118221570405E-001  3.73147366590010132E-001
z   2  6.03825208511145697E-002  2.21693466106874792E-002
z   3 -1.76732472715227136E-002  2.22119816443031894E-003
