ndof    3
nconf    2
nbasisfns   15
initial_PES    1
time  5.00000000000000000E+000
 
zinit   1 -4.86375219209927157E-054 -5.58512255835778587E-054
zinit   2 -4.66863569615242175E-142 -2.37953019956097114E-142
zinit   3  0.00000000000000000E+000  0.00000000000000000E+000
 
basis     1
D  1.00000000000000000E+000  0.00000000000000000E+000
a   1 -1.05151352368992035E-001  1.61115416892337715E-001
a   2  4.57828923785943143E-002 -1.89153784005758413E-001
d   1  8.89215063888635360E-002 -1.70610521853005931E-001
d   2 -1.15510136237978331E-001  1.56628974537059207E-001
s   1 -9.76937542298728204E+002
s   2 -9.77433279290893211E+002
z   1  1.83077397933400277E-001 -4.47572586547632933E-001
z   2 -2.43453665781270187E-002  1.60425386196773295E-001
z   3 -1.07482769487472041E-001  4.59186635539996918E-002
 
basis     2
D  1.00000000000000000E+000  0.00000000000000000E+000
a   1  1.07567764863271187E-001 -1.56663450838675500E-001
a   2  6.89273076088477432E-002  1.71926656345702283E-001
d   1  9.62959466756927174E-002  1.63833304062984214E-001
d   2  1.39419504944385153E-001 -1.21950606958229166E-001
s   1 -9.75902251159634147E+002
s   2 -9.78268741617973433E+002
z   1  4.40226374446409663E-001  3.65446484422690454E-001
z   2  1.14917425817988139E-001  1.76434816431924296E-001
z   3  1.94353995558815065E-002  3.28581628780449608E-001
 
basis     3
D  1.00000000000000000E+000  0.00000000000000000E+000
a   1  2.27897702588338302E-002 -3.53751192346615784E-002
a   2  5.38635688809713450E-002 -5.71919937887444205E-002
d   1 -4.09531568252433850E-002 -9.67531060813923809E-003
d   2 -3.93258684018433363E-002  6.80123832883970103E-002
s   1 -9.78265801325371058E+002
s   2 -9.76804126994502326E+002
z   1  6.07614803710267437E-001 -5.45135444992389306E-001
z   2 -9.28540312753852737E-001  9.94525617107938215E-002
z   3  1.12809768440065530E-001 -1.03337735722815072E-001
 
basis     4
D  1.00000000000000000E+000  0.00000000000000000E+000
a   1  6.08786589891459479E-002  3.36970435374569610E-001
a   2 -4.55135131289603895E-002  1.03190767253620308E-001
d   1  3.13762356318640856E-001 -1.37143972504146089E-001
d   2 -1.05383456752135604E-001  4.01763782178240977E-002
s   1 -9.78372777788183726E+002
s   2 -9.74684892763061953E+002
z   1 -4.25942739207829102E-001 -2.62560826356933175E-001
z   2 -8.91911176715816517E-002 -2.79201362478971281E-002
z   3 -1.81697006426672185E-002  1.67717411191408566E-002
 
basis     5
D  1.00000000000000000E+000  0.00000000000000000E+000
a   1 -7.28447115867502520E-002 -7.56247901769796504E-002
a   2  7.20292083450376625E-002 -9.57969301774710680E-002
d   1 -1.04004916418483251E-001  1.44373909087943259E-002
d   2 -1.85290541564187006E-002  1.18414242548388629E-001
s   1 -9.79234853985052268E+002
s   2 -9.76545820525243471E+002
z   1  8.25304434623369998E-001  4.83035423247733020E-001
z   2 -7.15649305979252692E-001  2.89287713707635119E-001
z   3  7.46634991481248539E-002  8.73672483204703254E-002
 
basis     6
D  1.00000000000000000E+000  0.00000000000000000E+000
a   1  4.38518215019685145E-002 -1.22016485100331640E-001
a   2  3.73643067558133091E-001  2.04095298438231043E-001
d   1  9.74507734179451968E-002  8.55239828675223995E-002
d   2  3.89003066460481273E-001 -1.73033658758013298E-001
s   1 -9.82122994019236785E+002
s   2 -9.72975245804927795E+002
z   1  7.03496744252570805E-001 -3.21555166523560088E-001
z   2  2.59463026287128806E-001  7.51359234724026104E-002
z   3  5.27554705651626099E-002 -6.45545919508121596E-002
 
basis     7
D  1.00000000000000000E+000  0.00000000000000000E+000
a   1 -2.24457662372077732E-002  2.73677379217985156E-002
a   2 -7.28035677786267599E-002 -3.35753116745734007E-002
d   1 -2.32563885788455785E-002 -2.66823142025081096E-002
d   2 -7.26576036309979495E-002  3.38900231623207940E-002
s   1 -9.81914687838383202E+002
s   2 -9.73025176472565590E+002
z   1  5.90028015811393081E-001  2.08805911917177983E-002
z   2  2.81658582801075252E-001 -2.30993424659086316E-001
z   3 -8.77732100532057496E-003 -2.75560911224439098E-001
 
basis     8
D  1.00000000000000000E+000  0.00000000000000000E+000
a   1 -1.00188878166385248E-002 -3.62997659955372406E-002
a   2 -1.86635521346151315E-002 -7.01488236710825358E-002
d   1 -3.76253324200992445E-002 -1.54450143741536412E-003
d   2 -2.72069213322512701E-002 -6.72976156512161833E-002
s   1 -9.78916437635215175E+002
s   2 -9.73769566731094073E+002
z   1  2.60345550027343942E-001 -3.82248562735779604E-002
z   2 -3.59645200624885308E-001  7.57165282033019471E-001
z   3 -4.18018280814702659E-001 -5.50160815708896009E-002
 
basis     9
D  1.00000000000000000E+000  0.00000000000000000E+000
a   1  5.18420778593486030E-003 -1.05067256450015294E-002
a   2  9.99865659639397608E-002 -2.49438273397148795E-002
d   1  3.81197657469369618E-003  1.10786338842416357E-002
d   2  2.35251784896776221E-002 -1.00329825439116518E-001
s   1 -9.82528737977567175E+002
s   2 -9.72797725361746529E+002
z   1  9.31464705516323987E-001  6.46106256020381187E-001
z   2 -1.71409723654666127E-002  5.46958322256475893E-001
z   3  3.21975654709253323E-001  1.23450265683503549E-002
 
basis    10
D  1.00000000000000000E+000  0.00000000000000000E+000
a   1 -3.24914035364658807E-002  3.41013359200982996E-002
a   2  4.10087054583154267E-003  6.14864385051571774E-002
d   1 -3.70846172000185437E-002 -2.90400341327785375E-002
d   2 -4.39347307141779095E-002  4.32104003262503492E-002
s   1 -9.81650812410693902E+002
s   2 -9.74754029254404941E+002
z   1  8.31725025148796759E-001  4.20804575066011322E-001
z   2  5.43987664239651836E-001  5.07421693118850103E-001
z   3  4.34785275597089488E-002  2.13459649356646214E-001
 
basis    11
D  1.00000000000000000E+000  0.00000000000000000E+000
a   1  9.50691399782890509E-003 -3.50403761799465210E-002
a   2  2.71382720662749419E-002 -5.39846924717253540E-002
d   1 -6.59673736785967683E-003 -3.57028350792169269E-002
d   2  5.91991234983790665E-002 -1.20953135153075708E-002
s   1 -9.79729265262732156E+002
s   2 -9.74797169334784144E+002
z   1  1.64269691140398716E-001  8.16249124813974991E-002
z   2  7.46702705306731107E-001  5.50392732706069698E-001
z   3 -7.22268931001781855E-002  2.58471206821179689E-001
 
basis    12
D  1.00000000000000000E+000  0.00000000000000000E+000
a   1  9.24691662176137935E-003  9.67740640469048619E-002
a   2 -1.88343941376142021E-002  1.29187889912874332E-001
d   1  5.44449097133678159E-002  8.05386661515292146E-002
d   2  8.21468123010528906E-002  1.01469929198001907E-001
s   1 -9.79677727391395820E+002
s   2 -9.73068403903277726E+002
z   1 -4.40410130704563599E-002  8.41832496937026220E-001
z   2 -1.54266037148794799E-003  5.50914003351304429E-002
z   3  1.10685654326202865E-001  1.65339332040098236E-002
 
basis    13
D  1.00000000000000000E+000  0.00000000000000000E+000
a   1  3.04741278311573383E-001  2.01520355242202964E-001
a   2  1.18406630120592937E-001  4.10541569323283950E-001
d   1 -8.13220006030036108E-002 -3.56180337051107576E-001
d   2 -3.95638739320505306E-001  1.61352093719979106E-001
s   1 -9.77797375825669064E+002
s   2 -9.75358078954180883E+002
z   1  5.08713826930482615E-001  3.89464918392478765E-001
z   2 -3.23645814285319688E-001  1.07653145325215124E-001
z   3 -2.21545411722611843E-002  2.12982997872678166E-002
 
basis    14
D  1.00000000000000000E+000  0.00000000000000000E+000
a   1 -5.36514850212888028E-003  4.06491937351604382E-001
a   2 -3.02122168308957051E-001  4.56982229562450798E-002
d   1 -3.16456771021424665E-001 -2.55185407155276267E-001
d   2  6.17324669356023661E-002  2.99257806399614579E-001
s   1 -9.82413127358575593E+002
s   2 -9.72269614081528857E+002
z   1 -1.58875559561768215E-001  1.65415496532448136E-001
z   2  5.92438686684781737E-002 -2.44188913482236182E-002
z   3 -2.09514619249593498E-001  2.39371835322663595E-001
 
basis    15
D  1.00000000000000000E+000  0.00000000000000000E+000
a   1  1.46843082664181224E-001 -1.82235227535401667E-001
a   2  7.08270003906001783E-002  1.37530037868797250E-001
d   1 -1.26129787808116650E-001  1.97139153160093089E-001
d   2  1.08657854213985369E-002 -1.54314322108153656E-001
s   1 -9.76926226458564997E+002
s   2 -9.77581182474923935E+002
z   1 -1.73947188721647911E-001 -4.11764251212650145E-002
z   2 -1.94947889394031931E-001 -2.05646474947821345E-001
z   3 -1.46610201414284713E-001  2.46650040061636627E-001
