ndof    3
nconf    2
nbasisfns   15
initial_PES    1
time  5.00000000000000000E+000
 
zinit   1 -4.86375219209927157E-054 -5.58512255835778587E-054
zinit   2 -4.66863569615242175E-142 -2.37953019956097114E-142
zinit   3  0.00000000000000000E+000  0.00000000000000000E+000
 
basis     1
D  1.00000000000000000E+000  0.00000000000000000E+000
a   1  4.54980329655014643E-002  2.16650840348359061E-002
a   2  1.59710105428992888E-001 -1.12162395363152645E-001
d   1 -3.15412655174879056E-002 -3.93013414468474306E-002
d   2 -1.84030113350814151E-001  6.49664381802379648E-002
s   1 -9.83768595779597831E+002
s   2 -9.71025026123681187E+002
z   1 -2.35797255930691813E-001  9.31148022942801523E-002
z   2 -5.25133637255885799E-001  1.91061599725444953E-001
z   3  1.34766898546863773E-001  8.86419561388616384E-002
 
basis     2
D  1.00000000000000000E+000  0.00000000000000000E+000
a   1  1.69356682547684267E-001 -1.96677658652135920E-002
a   2  1.90741959682221268E-001 -2.75264672212813977E-001
d   1  1.68052709614023660E-001 -2.87540210939375776E-002
d   2  3.12298433724433777E-001  1.20924866115731153E-001
s   1 -9.86406247306152750E+002
s   2 -9.68944793052275031E+002
z   1 -4.22173812667038129E-001 -1.48910652213001121E-001
z   2  2.33981052061073336E-001 -1.35011428790087679E-001
z   3 -5.20050354860024794E-002 -1.88191066872552409E-001
 
basis     3
D  1.00000000000000000E+000  0.00000000000000000E+000
a   1 -3.14132672644453437E-001  5.25338414416742783E-001
a   2 -2.49943434680721638E-001 -6.40955187235302815E-002
d   1  3.62341911290648300E-001 -4.93323550022583657E-001
d   2  2.54165664051352214E-001  4.44946207734120067E-002
s   1 -9.83413082086093141E+002
s   2 -9.70674404604912525E+002
z   1  4.78297079601176997E-002 -5.62989697933530597E-001
z   2 -3.14388325528361434E-001 -2.05635302001733078E-001
z   3  1.02819432260644147E-001  1.40749599408013154E-001
 
basis     4
D  1.00000000000000000E+000  0.00000000000000000E+000
a   1  2.80418535836509768E-002  8.48926139959329945E-002
a   2 -2.17403794292155561E-001 -1.69330105261422253E-002
d   1 -4.33626745284321907E-002  7.81842690137258683E-002
d   2 -1.25718435952384716E-001 -1.78174104402941985E-001
s   1 -9.87285515107571769E+002
s   2 -9.68489133255497450E+002
z   1 -2.96035138903093964E-001 -8.00943221136748540E-001
z   2 -6.30216196905661157E-003  2.92642872866523795E-001
z   3 -1.81124772056938665E-001  1.11395035390955258E-001
 
basis     5
D  1.00000000000000000E+000  0.00000000000000000E+000
a   1 -2.94857853198071618E-001  1.01361654254572955E-001
a   2  4.60519883590907786E-001 -5.23034627537587227E-001
d   1  1.16602711886140797E-001  2.89169753132302476E-001
d   2 -3.92377324667300187E-001  5.75919976969802572E-001
s   1 -9.84837115808173849E+002
s   2 -9.70628275111505218E+002
z   1  2.43347336338509301E-001 -4.50635765089434370E-002
z   2 -1.60504778845217050E-001  2.07852962830302995E-001
z   3  3.05587636985565292E-001 -1.14869660848430297E-002
 
basis     6
D  1.00000000000000000E+000  0.00000000000000000E+000
a   1  1.61593673266933802E-001 -1.78009100887767391E-003
a   2 -3.44293872025932743E-002  1.83395808245891342E-002
d   1 -1.22571716666600133E-001  1.05317891344743245E-001
d   2  3.70673019548149602E-002  1.21547543684889740E-002
s   1 -9.82619684971834545E+002
s   2 -9.71558434511685391E+002
z   1  4.17613982136793793E-001 -3.52553966921148265E-001
z   2  6.96258774077775366E-001  1.17777605747135500E-001
z   3  5.55827582868567496E-002 -2.35407528493033369E-001
 
basis     7
D  1.00000000000000000E+000  0.00000000000000000E+000
a   1  5.66609573237265685E-001 -1.72731235220310309E-002
a   2  1.95080733036013670E-001  5.05650279797508984E-001
d   1 -4.20317289882397582E-001  3.80365804333460400E-001
d   2  1.04826161981782032E-001 -5.31742582106545902E-001
s   1 -9.82613433430352075E+002
s   2 -9.71314978024183574E+002
z   1  3.60571088650815733E-002 -3.86081139923334038E-001
z   2 -4.42146859508261658E-001 -3.40831045708694241E-003
z   3  2.78223098917753708E-001  7.16190700438184003E-002
 
basis     8
D  1.00000000000000000E+000  0.00000000000000000E+000
a   1  1.46175633124028953E-001  5.95483445447116053E-002
a   2  1.92816964799836565E-001 -3.25997022819500548E-002
d   1 -4.27382761732380753E-002 -1.51943281545998038E-001
d   2 -1.14358707010815977E-001  1.58629154427260138E-001
s   1 -9.84228255468384873E+002
s   2 -9.69973448233654608E+002
z   1 -5.86631320409000789E-001 -7.62411110115736368E-001
z   2 -2.84987760203771701E-001  1.93396378564120397E-001
z   3  6.45149585261873930E-003 -1.15088761792922323E-001
 
basis     9
D  1.00000000000000000E+000  0.00000000000000000E+000
a   1 -9.24217458464612202E-002  2.93024771223864833E-001
a   2 -2.46249709531883298E-002  7.02369198046968596E-002
d   1  1.36137322989525161E-001  2.75448588570266439E-001
d   2 -4.96206044578193367E-002 -5.54744059124334110E-002
s   1 -9.85695535302388635E+002
s   2 -9.69685166329177832E+002
z   1  1.37750968084518088E-001  1.24932509075854972E-001
z   2  3.81829907059296703E-001  2.74417591243710013E-001
z   3 -1.82774066135819903E-002 -6.75957851258294773E-002
 
basis    10
D  1.00000000000000000E+000  0.00000000000000000E+000
a   1 -1.81196403881419901E-002  2.21703239877514502E-001
a   2 -6.65968942699045330E-002 -5.66997193988853024E-002
d   1  2.16222970829240302E-001  5.22328902681041818E-002
d   2  7.12407682980984031E-002 -5.07420677407398393E-002
s   1 -9.85044777434076423E+002
s   2 -9.69427923364469848E+002
z   1  5.64977809467042125E-001 -9.85712798058372558E-004
z   2  1.95115708991134729E-001  2.34903031347840990E-001
z   3  7.36516113695869640E-003 -3.23306922082147785E-001
 
basis    11
D  1.00000000000000000E+000  0.00000000000000000E+000
a   1 -1.24407987414856550E-001  5.99969434964003623E-002
a   2  2.96433907854790846E-001 -2.03825520469734123E-001
d   1 -8.75203336073652333E-002 -1.06851166426861516E-001
d   2  3.52960884206238557E-001 -6.95450842344079861E-002
s   1 -9.87793973263815019E+002
s   2 -9.68018345534263062E+002
z   1 -2.55373581759529344E-001 -6.69142269082308117E-001
z   2  4.47872866012823112E-001  2.88228321834027634E-001
z   3  1.99197435753888125E-001 -1.19004350057602237E-001
 
basis    12
D  1.00000000000000000E+000  0.00000000000000000E+000
a   1 -8.50471860691207199E-002 -4.39918339468915870E-002
a   2 -2.28737946775261713E-001 -9.53656047219955394E-002
d   1  6.66588497929390122E-002  6.87379302610204995E-002
d   2  2.27325303349263180E-001 -9.86856287213078859E-002
s   1 -9.83641889893715870E+002
s   2 -9.69947555470172574E+002
z   1 -2.77787959897922154E-001  2.88233136025070169E-001
z   2  2.61745017480992159E-001 -5.25880018046234188E-002
z   3 -1.17362941618563532E-001 -1.80129984222947181E-001
 
basis    13
D  1.00000000000000000E+000  0.00000000000000000E+000
a   1  4.21281212838386446E-002 -2.97765681397761037E-002
a   2  1.14169521953187622E-002 -1.19486532169276391E-001
d   1  2.40175054189188004E-002 -4.56572233774761443E-002
d   2  4.33598923324688759E-002 -1.11925412235945876E-001
s   1 -9.85988840170413823E+002
s   2 -9.67884873635882286E+002
z   1  8.76133950911007986E-001 -3.90118363991148631E-001
z   2 -3.35250855076403786E-001  5.68619101444767683E-001
z   3 -1.62248579729665880E-002  3.82779447664797975E-002
 
basis    14
D  1.00000000000000000E+000  0.00000000000000000E+000
a   1  2.65516335959487433E-002 -6.50895663999494223E-002
a   2  1.77261551106817350E-001  1.29221335431997902E-001
d   1  3.53068632518872480E-003 -7.02080846827490695E-002
d   2 -9.38597986537235418E-002  1.98267872405758688E-001
s   1 -9.86123020600431119E+002
s   2 -9.68993558343608015E+002
z   1 -2.13200812455647287E-001 -1.09123850443299908E+000
z   2  2.10270119015683044E-001  3.87739682525715113E-001
z   3  1.39982446440167274E-001  2.29499820797765292E-001
 
basis    15
D  1.00000000000000000E+000  0.00000000000000000E+000
a   1 -6.23922512506426066E-002 -3.42521956460076660E-001
a   2 -5.87173509096156732E-001 -5.75484279585860847E-002
d   1 -3.47066072323862940E-001  2.75540399043242880E-002
d   2  5.09286922863368741E-001 -2.97844559368070749E-001
s   1 -9.84990251719721869E+002
s   2 -9.70125244844157464E+002
z   1  1.06983612714916368E-001 -1.55705586515899691E-001
z   2 -8.74332131536658258E-002  2.78805063664596453E-001
z   3  2.54075232414813612E-001 -5.98652666302112793E-002
