ndof    3
nconf    2
nbasisfns   15
initial_PES    1
time  5.00000000000000000E+000
 
zinit   1 -2.67787169460293191E-053  9.85391154446500639E-054
zinit   2  1.41510943915877219E-142  2.27615974592783175E-142
zinit   3  0.00000000000000000E+000  0.00000000000000000E+000
 
basis     1
D  1.00000000000000000E+000  0.00000000000000000E+000
a   1  1.50165954734672979E-001 -1.52159118554731021E-001
a   2  8.14997280129272916E-002  2.79853434804178125E-001
d   1 -4.16741916242971151E-003 -2.13740131791512550E-001
d   2 -1.53816799189690712E-001  2.47589464486911992E-001
s   1 -9.79378607316984017E+002
s   2 -9.74733011210148675E+002
z   1 -6.05725874082143900E-002 -5.94533058494299896E-002
z   2 -2.52973703785124904E-001  7.16304351317344490E-002
z   3 -2.41083851454107559E-002 -1.49871940029422862E-001
 
basis     2
D  1.00000000000000000E+000  0.00000000000000000E+000
a   1  1.03718170694158500E-002  4.55015026249289065E-002
a   2 -1.61759174670617414E-002 -4.10705852475806849E-002
d   1  2.95003194904266790E-002 -3.61620309220954811E-002
d   2  4.23340429881192207E-002  1.25012832445337042E-002
s   1 -9.77943720613580126E+002
s   2 -9.76126858199576873E+002
z   1  1.30437736002947835E+000 -5.98298836015737412E-001
z   2 -5.35440156198468631E-001  1.55103256637648262E-001
z   3 -1.02974607060206780E-001  8.77325458985764584E-002
 
basis     3
D  1.00000000000000000E+000  0.00000000000000000E+000
a   1  1.41565900536798822E-001  4.97203011276326629E-002
a   2 -9.39093259895894122E-002  2.45620472216305508E-003
d   1 -1.14518126457863731E-001  9.69464349607452730E-002
d   2 -8.87230794988839028E-002  3.08740929209406108E-002
s   1 -9.82278248871442088E+002
s   2 -9.73584995215837125E+002
z   1  6.22498767669103947E-001 -7.76520014471046571E-002
z   2 -8.17520126227194721E-002 -3.64783691278523114E-001
z   3 -9.28953504913079472E-003 -1.86525486537080121E-001
 
basis     4
D  1.00000000000000000E+000  0.00000000000000000E+000
a   1 -5.38622192292111321E-002  3.54629176830775911E-002
a   2 -1.09071842819288417E-002  1.82342968063670188E-002
d   1  1.68969287049520467E-002  6.22354480278892730E-002
d   2 -1.92171907675609439E-002  9.06398521544538385E-003
s   1 -9.78923260230860819E+002
s   2 -9.74484727240883672E+002
z   1 -4.17166906903181367E-001 -8.91363845858974546E-001
z   2  2.85547741748846839E-001 -7.33987168998848638E-001
z   3  3.18344612136094496E-001 -3.50439817409973695E-002
 
basis     5
D  1.00000000000000000E+000  0.00000000000000000E+000
a   1  9.12438015529748875E-002 -9.59248754378423663E-002
a   2  1.13144629266671432E-001  6.21793822507545127E-002
d   1 -1.23459812566141289E-001 -4.77984071987498163E-002
d   2 -4.91427330783818297E-002 -1.19385821999787242E-001
s   1 -9.78215104711730191E+002
s   2 -9.77713117355553663E+002
z   1  6.48490951340402577E-001 -6.10370067051036913E-001
z   2 -3.52241293423204496E-002  5.07354976288880266E-001
z   3 -2.43506694337005808E-001 -5.48664937010918952E-002
 
basis     6
D  1.00000000000000000E+000  0.00000000000000000E+000
a   1  1.55423912883243920E-001  9.83038704226742860E-002
a   2  2.12086208187148073E-001  2.02098544782278622E-001
d   1 -8.73798004416298929E-002  1.61817842374680887E-001
d   2  1.28629262049720750E-001  2.63208841893393219E-001
s   1 -9.75395677085246575E+002
s   2 -9.80531851385421646E+002
z   1  2.67796872626243743E-001 -6.06604621050453430E-001
z   2  3.56279519344591511E-001  5.36443078325781642E-001
z   3  8.37916690612945658E-002 -1.44716076205866406E-001
 
basis     7
D  1.00000000000000000E+000  0.00000000000000000E+000
a   1 -4.01586645740478754E-003  5.02404864148556229E-001
a   2  1.50679137633761756E-001  1.29454915168344814E-002
d   1 -4.20789142467959010E-001  2.74523718983647580E-001
d   2  8.40633385617936685E-002 -1.25718508496210718E-001
s   1 -9.81161649117420893E+002
s   2 -9.72826605984192611E+002
z   1  7.47530977341477887E-001  1.55511194238880431E-002
z   2  2.59970649211395455E-001  1.48655051016380602E-002
z   3  1.79229837316365270E-001 -6.15025591396972313E-003
 
basis     8
D  1.00000000000000000E+000  0.00000000000000000E+000
a   1 -8.35713713728877816E-002  2.23634787936992374E-001
a   2 -2.41101217813133650E-001  4.62027701623419496E-002
d   1  2.38600542857425546E-001  8.15312436496094459E-003
d   2  2.15102783911552603E-001 -1.18301671818914794E-001
s   1 -9.78282642171381440E+002
s   2 -9.76721826257699149E+002
z   1  6.13280481867589433E-001 -8.30449201689840266E-001
z   2 -1.30701716721493885E-002  3.59720875491645664E-001
z   3 -4.42915734318471560E-002 -9.59457153387607842E-002
 
basis     9
D  1.00000000000000000E+000  0.00000000000000000E+000
a   1  1.50454176404913709E-001  2.83592059812992514E-001
a   2  1.61726206081390760E-002  7.47373464882170047E-002
d   1  3.09000557343183491E-001  8.70607325276945981E-002
d   2 -6.06118899920893434E-002 -4.66199893717433866E-002
s   1 -9.79368514292121176E+002
s   2 -9.76333274493408339E+002
z   1 -5.22895457851601853E-001 -6.48868512975493000E-002
z   2 -3.61916873766345570E-001  1.90475622406347279E-002
z   3 -1.53181081196093749E-001  4.58946674466540541E-002
 
basis    10
D  1.00000000000000000E+000  0.00000000000000000E+000
a   1  2.60278160059648989E-001 -1.50937724676346696E-001
a   2  2.37895319845847164E-001  5.54057080719791012E-002
d   1  3.00629847080933210E-001 -1.21906676848974119E-002
d   2  2.00155855641679564E-001 -1.40005746824415800E-001
s   1 -9.80661895619875850E+002
s   2 -9.73054522792941498E+002
z   1  3.70069726398785159E-001 -1.84166841677036897E-001
z   2  5.41059055452908444E-001  2.08366103199622565E-003
z   3 -9.85484074592541393E-002  8.05816327085920880E-002
 
basis    11
D  1.00000000000000000E+000  0.00000000000000000E+000
a   1 -4.39812245365214238E-002 -1.42304173852371846E-001
a   2 -7.90581975982486071E-004 -6.13144668990451489E-002
d   1 -6.68924121667384131E-002 -1.33079792613503778E-001
d   2  5.96142739424928778E-002 -1.43606132628194411E-002
s   1 -9.80010895756681407E+002
s   2 -9.75241023702345842E+002
z   1  4.42235670619367804E-001 -1.01824292211013301E-001
z   2 -3.54894119055767288E-001 -2.34175210619499169E-001
z   3  1.39077957664181309E-002  3.22437635538625977E-001
 
basis    12
D  1.00000000000000000E+000  0.00000000000000000E+000
a   1 -1.94382775983944212E-002  1.08118536611324756E-001
a   2  2.01644727632136062E-002 -5.78992123677900816E-002
d   1  7.06151836606550704E-002 -8.41484428349008051E-002
d   2 -5.93312224693854362E-002 -1.54509156659769567E-002
s   1 -9.77555604246434996E+002
s   2 -9.78525739640274764E+002
z   1 -1.70947840189069722E-001 -1.76464543856498651E-001
z   2  1.43367677057029269E-001  1.41012606993451028E-001
z   3 -1.61974056501357710E-001 -5.24903239020102053E-001
 
basis    13
D  1.00000000000000000E+000  0.00000000000000000E+000
a   1 -2.47676451788460456E-001  1.38096348596441154E-001
a   2  7.86760297988239599E-002  1.32297104979579389E-001
d   1 -2.79976992068326103E-001  4.50234403235004604E-002
d   2 -9.86501393766010815E-002  1.18154947640208716E-001
s   1 -9.80526096438386276E+002
s   2 -9.75125905018772187E+002
z   1  5.53656671338811690E-001  4.32169077578772320E-001
z   2  1.46383620665657299E-001  2.10229094002358341E-001
z   3  1.74878687937482208E-001  3.06455700113517360E-001
 
basis    14
D  1.00000000000000000E+000  0.00000000000000000E+000
a   1 -1.03271135677632006E-001 -1.03080901012399320E-001
a   2 -2.41641993172117930E-001  3.22088913481917566E-002
d   1 -7.88626549869307497E-002 -1.22765146788851559E-001
d   2 -2.43050394659203722E-001  1.88353710363988701E-002
s   1 -9.80392223690154765E+002
s   2 -9.73948892153013276E+002
z   1  6.22084654508477941E-001 -2.16904671136878419E-001
z   2  1.46214394669530345E-001  2.70908157846926956E-001
z   3  6.04974486285768526E-002  3.59711473763504042E-002
 
basis    15
D  1.00000000000000000E+000  0.00000000000000000E+000
a   1  8.58145865384166706E-002  1.51314639721970290E-001
a   2 -4.03855653294373923E-002  2.61040788625834345E-002
d   1 -1.66278820013930434E-001  5.11039868476423562E-002
d   2 -2.96339200030326967E-002  3.78714616234452905E-002
s   1 -9.75682239905333631E+002
s   2 -9.79843902382080842E+002
z   1 -3.35212618248435179E-001 -7.54837849097540148E-001
z   2 -3.48403554621175338E-001 -4.80066751468887110E-001
z   3  8.51697952132532549E-002 -2.07423958853418175E-002
