ndof    3
nconf    2
nbasisfns    3
initial_PES    1
time  5.00000000000000000E+000
 
zinit   1 -2.83366911010287457E-053  4.31366811727748741E-054
zinit   2  2.18132989383999333E-142 -1.76957143237401942E-142
zinit   3  0.00000000000000000E+000  0.00000000000000000E+000
 
basis     1
D  1.00000000000000000E+000  0.00000000000000000E+000
a   1  1.04110959664005520E+000 -8.86731681042427278E-001
a   2 -5.18427863016670898E+000 -1.46137913096661887E+000
d   1  4.01259947083890955E-001  1.30736097587719846E+000
d   2 -4.79895438815640585E+000 -2.44589669855910552E+000
s   1 -9.82155398234421341E+002
s   2 -9.74090321144306017E+002
z   1  5.84711761317390222E-001  5.84200133655399800E-001
z   2 -2.49428500724757030E-001 -1.00795788180248591E-001
z   3  7.40980417992268547E-002  2.18508962347967850E-001
 
basis     2
D  1.00000000000000000E+000  0.00000000000000000E+000
a   1 -1.04646412668354372E+000  5.47569850846995276E-001
a   2  5.61702873091575672E+000  1.70373597315235914E+000
d   1  9.36895388635233028E-001  7.19129293483576681E-001
d   2 -5.38687536429527913E+000 -2.33137338058387655E+000
s   1 -9.78172044082330785E+002
s   2 -9.77149267205061960E+002
z   1  5.52235642729930976E-001  5.38802934264914102E-001
z   2 -1.78936402838988456E-001 -1.01492453964330320E-001
z   3  3.00164654861109909E-002  1.90104379400283546E-001
 
basis     3
D  1.00000000000000000E+000  0.00000000000000000E+000
a   1  2.20535946585277420E-001  6.31488162884894066E-001
a   2 -4.92657114725845585E-002 -1.12928741088567333E-001
d   1 -6.68888937793464811E-001 -9.96241704215938741E-004
d   2 -1.05483621031832842E-001  6.36648771675662473E-002
s   1 -9.82085184214335868E+002
s   2 -9.72191263785516071E+002
z   1  7.85139312884607504E-002 -3.97879711446767870E-001
z   2 -1.68974171224526515E-001  3.12151817081136318E-001
z   3  8.21280778741329334E-003 -4.90026401178062718E-002
