ndof    3
nconf    2
nbasisfns    3
initial_PES    1
time  5.00000000000000000E+000
 
zinit   1 -2.83366911010287457E-053  4.31366811727748741E-054
zinit   2  2.18132989383999333E-142 -1.76957143237401942E-142
zinit   3  0.00000000000000000E+000  0.00000000000000000E+000
 
basis     1
D  1.00000000000000000E+000  0.00000000000000000E+000
a   1  7.08680389186226556E-001 -2.00759360518451196E-001
a   2 -6.10027948230600692E-001 -7.01160058814515041E-003
d   1 -2.40688435300043274E-001 -6.96133099317749693E-001
d   2  4.63754926680688184E-001 -3.96376876400016065E-001
s   1 -9.84832466114214412E+002
s   2 -9.70033413325083984E+002
z   1  1.91565160058065787E-001  5.39520386432140175E-001
z   2  2.03136011903348956E-001  3.08929689483099346E-001
z   3 -1.02683861308939348E-001  7.47225606869740266E-002
 
basis     2
D  1.00000000000000000E+000  0.00000000000000000E+000
a   1 -2.04217103447440218E+000 -1.43237106707217299E+000
a   2  1.60955758151901551E+000  1.52362415151505415E+000
d   1  9.40899526547885556E-001 -2.31016395279073006E+000
d   2  5.62138412762390627E-001  2.14385320584276240E+000
s   1 -9.81522814193940121E+002
s   2 -9.74450104369435508E+002
z   1 -9.12752599618648214E-002  4.23416171244453410E-002
z   2  3.27759169801210837E-001  3.31348876499075629E-001
z   3 -1.61126484381248110E-002  1.58534092430792119E-002
 
basis     3
D  1.00000000000000000E+000  0.00000000000000000E+000
a   1  1.65175412161756063E+000  1.71099292046825235E+000
a   2 -8.43551340481137002E-001 -2.02825777972176891E+000
d   1 -1.80700281927224515E+000 -1.54613364988775670E+000
d   2  1.27643714193784019E+000 -1.78776863931297370E+000
s   1 -9.83223244042943520E+002
s   2 -9.68624723823498584E+002
z   1 -1.36048783250131422E-001  2.81266181333696352E-001
z   2  4.40998196138951859E-001  3.10317254972651724E-001
z   3  4.48187022748664995E-004 -4.30319226342467595E-002
