ndof    3
nconf    2
nbasisfns    3
initial_PES    1
time  5.00000000000000000E+000
 
zinit   1 -2.83366911010287457E-053  4.31366811727748741E-054
zinit   2  2.18132989383999333E-142 -1.76957143237401942E-142
zinit   3  0.00000000000000000E+000  0.00000000000000000E+000
 
basis     1
D  1.00000000000000000E+000  0.00000000000000000E+000
a   1 -1.72888687796845547E-001  5.33187789263298018E-002
a   2  1.83555281016119176E-001  5.76525454359124390E-001
d   1  1.80067907532558802E-001  1.75766672368745623E-002
d   2  1.36263096696973035E-001 -5.89496827125857159E-001
s   1 -9.89998133755959770E+002
s   2 -9.65004340920684172E+002
z   1  2.64014898040279167E-001  1.25734271801590081E-001
z   2 -2.65173741335624324E-001  8.74635056386588033E-002
z   3 -2.58333079056784903E-002  2.66478052019747391E-002
 
basis     2
D  1.00000000000000000E+000  0.00000000000000000E+000
a   1 -9.86869488336993284E-002  4.00064494796486703E-001
a   2  2.00272453341934165E-001  6.17995964640467299E-002
d   1  2.61643825354031079E-001  3.18328796248442791E-001
d   2 -2.09054815454574716E-001 -1.49776442062803401E-002
s   1 -9.85530273681977860E+002
s   2 -9.70524344859145117E+002
z   1 -1.85164908301373943E-001 -2.46156304880461113E-001
z   2  3.30916366331176146E-002  2.84045567680243638E-001
z   3 -6.89815887282266005E-002  3.42807280586231028E-002
 
basis     3
D  1.00000000000000000E+000  0.00000000000000000E+000
a   1  4.76587882707788402E-001 -2.21368927419886147E-001
a   2 -7.45309418931800916E-001 -1.40334625646456490E+000
d   1 -1.86239442799432553E-001  4.91380791155576535E-001
d   2  7.98136965511761831E-001  1.37398843873056076E+000
s   1 -9.88828009231310034E+002
s   2 -9.64430907337289682E+002
z   1 -1.34720401976393095E-001 -3.11365427380603417E-002
z   2 -1.71122984667606559E-001  1.34264996057074398E-001
z   3 -1.36226348819590854E-002 -2.02671123020815268E-002
