ndof    3
nconf    2
nbasisfns    3
initial_PES    1
time  5.00000000000000000E+000
 
zinit   1 -2.72314868921338473E-053  2.00215550218730573E-054
zinit   2 -1.26279946337995960E-142 -2.88091226491121697E-142
zinit   3  0.00000000000000000E+000  0.00000000000000000E+000
 
basis     1
D  1.00000000000000000E+000  0.00000000000000000E+000
a   1  7.73857171313625636E-001 -4.87393236216288772E-001
a   2 -8.13055598824666270E-002 -1.48781152596744071E-001
d   1  9.14211392264428380E-001  2.49923699726253348E-002
d   2 -1.43069028285101568E-001 -9.09817486168177786E-002
s   1 -9.74483113633959874E+002
s   2 -9.79672666227053583E+002
z   1  1.18370344796710353E-002 -1.15053458354675675E-001
z   2  2.16891333324346264E-001  9.06271481772689402E-002
z   3 -4.31534635598317812E-002  3.53042440479057890E-002
 
basis     2
D  1.00000000000000000E+000  0.00000000000000000E+000
a   1 -1.68012025324699776E-001  1.53784687976679857E+000
a   2  7.45304367757667174E-001 -2.51786265703940138E-001
d   1 -4.18985308181061333E-001 -1.48917842375942522E+000
d   2  7.35709680539945315E-002  7.83238301448153873E-001
s   1 -9.76652232181275622E+002
s   2 -9.75696654155084957E+002
z   1  3.62470118181208723E-001 -2.93853655627863974E-002
z   2 -2.97787182651297368E-002  3.20309377355863900E-001
z   3 -5.29710938654084987E-002 -4.40184841560438151E-003
 
basis     3
D  1.00000000000000000E+000  0.00000000000000000E+000
a   1 -7.54651036639935047E-002 -1.22205522812458844E+000
a   2 -6.40199843196020829E-002 -5.91500998583502913E-002
d   1 -1.19214351723641987E+000 -2.79119681801257902E-001
d   2 -4.48470460234239171E-002 -7.47397830376018979E-002
s   1 -9.78897775703227694E+002
s   2 -9.74178187329436355E+002
z   1  2.32553279779822542E-001 -3.32833737751302428E-002
z   2 -1.92061952015174897E-001  4.69120134663915167E-001
z   3 -6.23843812611664730E-002 -1.90722460190224721E-002
