ndof    3
nconf    2
nbasisfns    3
initial_PES    1
time  5.00000000000000000E+000
 
zinit   1 -2.72314868921338473E-053  2.00215550218730573E-054
zinit   2 -1.26279946337995960E-142 -2.88091226491121697E-142
zinit   3  0.00000000000000000E+000  0.00000000000000000E+000
 
basis     1
D  1.00000000000000000E+000  0.00000000000000000E+000
a   1  7.51583968088222615E-002  2.25930117375485906E-001
a   2 -2.14076112957456988E-001 -1.99576856083407916E+000
d   1 -2.38012418078125926E-001  6.57961919693074871E-003
d   2  8.27484935958492485E-001 -1.82871250100021876E+000
s   1 -9.88324398936796570E+002
s   2 -9.68142321323602914E+002
z   1  7.28525328256877797E-002 -2.12614004777979997E-003
z   2  2.94437785984436817E-001  3.33852553489247694E-001
z   3  3.42109194445678055E-002 -1.65784106994964608E-003
 
basis     2
D  1.00000000000000000E+000  0.00000000000000000E+000
a   1  2.15184656898083151E-002 -1.34041565481805458E-001
a   2 -2.64245958406807424E-002  6.25354971036827134E-001
d   1  1.31150287515438779E-001  3.50683294023873063E-002
d   2  3.49582425449258605E-001  5.19190934900473522E-001
s   1 -9.88132989906280955E+002
s   2 -9.66975711409152723E+002
z   1 -1.61161232082212363E-001 -4.72390221524923437E-002
z   2  5.24063582194158162E-001  6.46177309565743041E-001
z   3  1.31322419678268389E-003  3.11969821237645488E-002
 
basis     3
D  1.00000000000000000E+000  0.00000000000000000E+000
a   1  7.96139202914285110E-002 -1.47304116409074426E-001
a   2 -3.11402989044323286E-001  9.66378547848876446E-001
d   1  8.53288655976704030E-002 -1.44068954709343222E-001
d   2 -2.23447878373013054E-001 -9.90419287463062958E-001
s   1 -9.92782501188696301E+002
s   2 -9.63935319376888856E+002
z   1  1.07023923387109893E-001  2.95189808196881509E-001
z   2  8.74002063863098255E-002  4.90008175863991202E-001
z   3  3.01709522553075711E-002 -3.81523966534614636E-002
