ndof    3
nconf    2
nbasisfns    3
initial_PES    1
time  5.00000000000000000E+000
 
zinit   1 -2.83366911010287457E-053  4.31366811727748741E-054
zinit   2  2.18132989383999333E-142 -1.76957143237401942E-142
zinit   3  0.00000000000000000E+000  0.00000000000000000E+000
 
basis     1
D  1.00000000000000000E+000  0.00000000000000000E+000
a   1 -8.93434208675685237E-002 -9.64659746515424549E-002
a   2 -2.95531206273544944E+000 -1.97629459681460440E+000
d   1 -1.31482762676633003E-001  4.62857118030759324E-004
d   2  5.00392934859212324E-001  3.51983190398224011E+000
s   1 -9.85632860968064620E+002
s   2 -9.71592281624721977E+002
z   1  5.40299333787760294E-001  6.35555869914395666E-002
z   2 -3.22598452645248224E-001  1.31316016879239356E-001
z   3  1.07975716118541551E-001  3.99377672741123430E-002
 
basis     2
D  1.00000000000000000E+000  0.00000000000000000E+000
a   1  3.30755766417489827E-002  8.07961002383553589E-002
a   2  3.19881846348095644E+000  3.64370537444895226E-001
d   1 -2.03021651087864664E-002  8.49106923526486701E-002
d   2  1.46522354892590131E-002  3.21947057182694474E+000
s   1 -9.80800160542175831E+002
s   2 -9.75346548839204047E+002
z   1  4.65560774499555241E-001  1.98301351306792967E-001
z   2 -2.42795796329726032E-001  7.84183319374150700E-002
z   3  4.34600199943012411E-002  6.28089028093052615E-002
 
basis     3
D  1.00000000000000000E+000  0.00000000000000000E+000
a   1 -1.28880108727480423E-002  1.75679509696420010E-002
a   2 -2.14496755047187682E-001  6.49360995683690434E-001
d   1  4.69675872199072208E-003 -2.12761411688120981E-002
d   2  6.76072233629588792E-001  1.02980073587979490E-001
s   1 -9.89186025494911064E+002
s   2 -9.65871864312384673E+002
z   1  1.32897080711623705E-001 -5.97400007446025394E-001
z   2 -1.27808928336142158E-001  2.13658304413470557E-001
z   3  1.33892717173714010E-001 -6.33754880775182772E-002
