ndof    3
nconf    2
nbasisfns    3
initial_PES    1
time  5.00000000000000000E+000
 
zinit   1 -2.72314868921338473E-053  2.00215550218730573E-054
zinit   2 -1.26279946337995960E-142 -2.88091226491121697E-142
zinit   3  0.00000000000000000E+000  0.00000000000000000E+000
 
basis     1
D  1.00000000000000000E+000  0.00000000000000000E+000
a   1 -8.06844123614184894E-001 -3.29180573571492441E-001
a   2 -1.23805018153867774E+000 -5.61668666007130613E-001
d   1  8.57414572129444497E-001 -1.55555589188175136E-001
d   2  2.47651851678000634E-001  1.33675296997711612E+000
s   1 -9.82751657380154029E+002
s   2 -9.71713836181309716E+002
z   1  4.54584873097849729E-001  1.53091025721022678E-001
z   2  6.08841947966705099E-001  1.62361720298296819E-001
z   3 -3.21610694151186621E-002  2.92563350803386676E-002
 
basis     2
D  1.00000000000000000E+000  0.00000000000000000E+000
a   1  2.45575840018330244E-001 -2.97316560699236454E-001
a   2  5.14365030044286575E-001 -2.59189811512481882E-001
d   1  8.03655751732418148E-003  3.85538641656062830E-001
d   2 -4.17346405015193711E-001  3.96954305613668346E-001
s   1 -9.82607279084045899E+002
s   2 -9.70458533743631619E+002
z   1  3.11664148069150049E-001  5.98187769601689623E-001
z   2  7.20191702772335574E-001  1.27195546653176284E-001
z   3 -1.74990843540648935E-002  3.99632327498602655E-002
 
basis     3
D  1.00000000000000000E+000  0.00000000000000000E+000
a   1  3.61266433927088015E-001  2.38963643658725161E-002
a   2  3.30635517652949629E-001  4.46941943904447248E-002
d   1  3.48040838946468201E-001  9.97599465604316615E-002
d   2  3.30266575354238978E-001  4.73434868765241768E-002
s   1 -9.86673192063440752E+002
s   2 -9.67618554463791725E+002
z   1  4.95878764455644494E-001  1.65594658425774810E-001
z   2  8.64869166345336948E-001  5.00873009705615879E-001
z   3 -9.86379669582812257E-002  4.31427992598623217E-002
