ndof    3
nconf    2
nbasisfns    3
initial_PES    1
time  5.00000000000000000E+000
 
zinit   1 -2.72314868921338473E-053  2.00215550218730573E-054
zinit   2 -1.26279946337995960E-142 -2.88091226491121697E-142
zinit   3  0.00000000000000000E+000  0.00000000000000000E+000
 
basis     1
D  1.00000000000000000E+000  0.00000000000000000E+000
a   1  1.45550529974998455E-001  3.04560100260267974E-001
a   2 -4.96025454636704749E-002 -6.50748341265977998E-002
d   1 -1.11468683979870448E-001 -3.18616609639772508E-001
d   2  6.11968367918480360E-002  5.43147652093942945E-002
s   1 -9.77144587407468066E+002
s   2 -9.76841696259974810E+002
z   1  1.31748254008579695E-002 -3.22779846246880886E-001
z   2  2.33005379726776596E-001  6.59741975004684456E-001
z   3 -2.45685140793529579E-002  3.28343877708117682E-003
 
basis     2
D  1.00000000000000000E+000  0.00000000000000000E+000
a   1  4.04956885229523014E-002 -2.91518375473107882E-001
a   2 -3.81392293932490412E-001 -4.47151234596446234E-001
d   1 -3.56045457713400487E-003 -2.94296087623726388E-001
d   2 -5.78145345156671486E-001 -1.05604300792564554E-001
s   1 -9.80026780638239984E+002
s   2 -9.73209792272343179E+002
z   1  5.65196679518549724E-002 -5.07326441921052695E-001
z   2  5.25997593843206823E-002  4.02454568412926483E-001
z   3  6.78179293667779126E-002  2.10963060444889355E-002
 
basis     3
D  1.00000000000000000E+000  0.00000000000000000E+000
a   1  2.91688000012123971E-001  2.23249931897374021E-001
a   2 -2.68434392018712331E-001 -2.06093390571089330E-002
d   1 -3.36964676298635857E-001  1.46209535838845162E-001
d   2  2.19313482849940344E-001  1.56151733628082240E-001
s   1 -9.82255847312460901E+002
s   2 -9.71294240157570243E+002
z   1 -3.65134819871631766E-001 -1.90533032437375960E-001
z   2 -1.20649568754968059E-001  2.76837249999106139E-001
z   3  4.50123697004424436E-002  7.66554477224570471E-003
