ndof    3
nconf    2
nbasisfns   15
initial_PES    1
time  5.00000000000000000E+000
 
zinit   1 -4.97822532499417291E-054  2.03609627189442398E-053
zinit   2  2.67264748327045502E-142  7.70088944244792137E-143
zinit   3  0.00000000000000000E+000  0.00000000000000000E+000
 
basis     1
D  1.00000000000000000E+000  0.00000000000000000E+000
a   1  3.65050960721793882E-002  3.69213831766292827E-002
a   2  3.03247941996993842E-002 -6.82018093103320400E-002
d   1  1.41364137104948405E-002  4.99597075884183339E-002
d   2 -6.25429328433935033E-002 -4.07364884078608921E-002
s   1 -9.80680888738781960E+002
s   2 -9.72481858395979202E+002
z   1  5.78017961091586430E-001  1.38459243026891388E-001
z   2 -2.75933062592746636E-001 -5.84789520340015745E-001
z   3 -9.17013171562366947E-002  6.23070291666679155E-002
 
basis     2
D  1.00000000000000000E+000  0.00000000000000000E+000
a   1  2.31767750213282109E-001 -8.39088258328851977E-002
a   2 -2.95148329511190688E-001 -4.75147509234629672E-002
d   1  5.64947499513562476E-002 -2.39927748123291346E-001
d   2 -2.92609458986477944E-001 -6.12363656678430873E-002
s   1 -9.85467909063224170E+002
s   2 -9.67657220218139173E+002
z   1  8.00193343501220733E-001 -3.94122376481956860E-001
z   2  4.58105870499605050E-001 -1.48703931979135423E-001
z   3  8.97067926235142754E-002 -1.02208652687800876E-002
 
basis     3
D  1.00000000000000000E+000  0.00000000000000000E+000
a   1  9.24664153238595465E-002 -6.82377305031297982E-002
a   2  7.34814812835751646E-002  6.11958260001613449E-002
d   1  1.14919177090018643E-001 -9.25419644916130072E-005
d   2  7.43755893288881725E-002 -6.01059807627411236E-002
s   1 -9.80811862018991178E+002
s   2 -9.72519610135787730E+002
z   1 -5.30351229343813513E-001 -2.36016985008276198E-001
z   2  5.67360776972155367E-001 -4.01217719283824326E-001
z   3  9.03771403313983201E-002 -1.00865560512353163E-002
 
basis     4
D  1.00000000000000000E+000  0.00000000000000000E+000
a   1  5.94260736249936361E-002 -1.40509856981006244E-002
a   2  3.05343399952035383E-002 -5.57078830197157843E-002
d   1  4.45659328631743332E-002 -4.17464495928268203E-002
d   2  5.88306705648812822E-002 -2.39721995312786214E-002
s   1 -9.79656344879169524E+002
s   2 -9.74576187713503032E+002
z   1  8.72876436235906161E-001  3.72405215099326392E-001
z   2  7.46734287309175904E-001  1.68881100344294183E-001
z   3  4.25853947529615251E-001  3.30680542265452126E-002
 
basis     5
D  1.00000000000000000E+000  0.00000000000000000E+000
a   1  1.53172335019845618E-001  5.21310031527580583E-002
a   2 -6.64918124483920014E-002 -9.92876618955452206E-002
d   1  9.46321967795496766E-002  1.31240820775478551E-001
d   2  1.01230568066977597E-001  6.34946691950847991E-002
s   1 -9.80794939814168401E+002
s   2 -9.70331625434706098E+002
z   1  2.27128525633241152E-001  5.22698183614168851E-002
z   2  2.96673445121008565E-002  3.33878646308221949E-001
z   3  1.94721246552688937E-001 -5.30867638986697976E-001
 
basis     6
D  1.00000000000000000E+000  0.00000000000000000E+000
a   1  4.79816357138627761E-002  3.41383180720515877E-002
a   2  1.66598400079299991E-005 -3.36689977896476728E-002
d   1  2.90495786413252346E-003 -5.88151625550249607E-002
d   2  3.26477772978362654E-002  8.22947915851639060E-003
s   1 -9.78037068857400754E+002
s   2 -9.75710948748044075E+002
z   1 -5.02265348870346157E-002  1.09187903479075366E-001
z   2  9.61823111803551178E-001 -5.21289717376131612E-001
z   3  4.14636403623904817E-002 -1.30139499771083841E-002
 
basis     7
D  1.00000000000000000E+000  0.00000000000000000E+000
a   1 -5.10358053801216668E-002 -9.17466820261620131E-002
a   2  4.46165038760337959E-002  1.35119312668498526E-001
d   1 -1.01629378209613264E-001  2.63358420851644986E-002
d   2 -1.41358297546449324E-001 -1.63000855487663958E-002
s   1 -9.78860196161765884E+002
s   2 -9.75898250951598470E+002
z   1  1.10600475446000779E+000 -7.57547033708295903E-001
z   2  3.37498631161503082E-001 -3.00099295450998615E-001
z   3  1.02245259955482837E-001 -1.18540586287167043E-001
 
basis     8
D  1.00000000000000000E+000  0.00000000000000000E+000
a   1  5.11078963361220051E-001  4.84839281020123414E-001
a   2  4.09272280785007991E-002 -5.26953767996232392E-001
d   1  7.02805345046378704E-001  4.83268267604037294E-002
d   2  3.59166698087550418E-001 -3.87755844041715314E-001
s   1 -9.79486505564895424E+002
s   2 -9.74563351553371376E+002
z   1  2.47966092924207238E-001 -1.38330703766552099E-001
z   2 -3.65267528379506989E-001  2.57953612431634616E-001
z   3  7.88815596067242164E-002  1.25640237847598119E-001
 
basis     9
D  1.00000000000000000E+000  0.00000000000000000E+000
a   1  3.13168555815230842E-002  7.14089833557660203E-001
a   2  1.78460128968272957E-001 -2.69499680629005200E-001
d   1  6.61756529113968650E-001 -2.70154274459898258E-001
d   2  4.62757055238846374E-002  3.19901007451953989E-001
s   1 -9.78262351122045857E+002
s   2 -9.76306758139390013E+002
z   1  5.53474699789065824E-003 -1.45835386846856929E-001
z   2  2.66352038496563970E-001  1.10622724926540031E-001
z   3  2.23832640880790579E-001  6.70420946297893283E-002
 
basis    10
D  1.00000000000000000E+000  0.00000000000000000E+000
a   1 -8.53536450917054434E-001 -1.29783452805201371E-001
a   2  2.92796008019689136E-001  6.70543025503389511E-001
d   1 -1.70368464026906752E-001  8.46370370541900452E-001
d   2 -6.81285616148467388E-001 -2.66847073419792913E-001
s   1 -9.78653852212979928E+002
s   2 -9.76249534849665451E+002
z   1  2.49254929961573529E-001 -2.24381203327353243E-002
z   2 -1.34326653344362251E-001  1.26135367917432989E-001
z   3  2.54457792872619451E-002  1.25009432870444498E-001
 
basis    11
D  1.00000000000000000E+000  0.00000000000000000E+000
a   1  4.34723439711620988E-003 -4.12051451266540886E-002
a   2 -7.64736245980391638E-002 -1.49991006273204538E-003
d   1  3.97437139806185655E-002 -1.17132246131831548E-002
d   2 -2.77792178017683689E-002  7.12655600390540711E-002
s   1 -9.81355986113049994E+002
s   2 -9.72674996649104969E+002
z   1 -8.02076434704123986E-002 -1.22161881025710750E+000
z   2 -2.27146717144952048E-002 -1.90404218410674758E-001
z   3  1.15853926927405697E-002  2.02431771507897880E-002
 
basis    12
D  1.00000000000000000E+000  0.00000000000000000E+000
a   1 -4.76055909672773378E-002  3.66529223637270321E-003
a   2 -2.24485736945976046E-002 -8.74209852599250672E-003
d   1 -3.81950561644335759E-002  2.86507302370724200E-002
d   2 -8.50761272494193234E-003 -2.25384842720699821E-002
s   1 -9.85893359054739562E+002
s   2 -9.68449039499448304E+002
z   1 -6.88507091681980210E-001  1.30999935519668015E-001
z   2  6.16767085981072438E-001 -3.55945093381251243E-001
z   3 -3.73870457367959319E-001  3.21949606624805429E-001
 
basis    13
D  1.00000000000000000E+000  0.00000000000000000E+000
a   1  1.12038022169765689E-001 -7.29102110464449893E-002
a   2 -6.38546944616245754E-002  2.34516226137034794E-001
d   1  5.53574505692710703E-002  1.21671565918339233E-001
d   2  2.32076349702982992E-001 -7.22208434932951060E-002
s   1 -9.81897632781813627E+002
s   2 -9.71755393227996478E+002
z   1 -3.87658923588942550E-001 -8.14761255500000892E-001
z   2  1.37035117489336833E-001 -4.83246525381274203E-002
z   3  2.04382236174874304E-001 -1.29108366818077080E-001
 
basis    14
D  1.00000000000000000E+000  0.00000000000000000E+000
a   1  5.91863563103615931E-002 -3.32252181824768539E-002
a   2 -5.63598961480268335E-002 -4.51907007252615178E-002
d   1 -6.22798121606261829E-002 -2.69845306390047966E-002
d   2 -9.36552528282306312E-003 -7.16304702067026983E-002
s   1 -9.84238890338897136E+002
s   2 -9.68375471373413234E+002
z   1  8.03631565553240668E-001 -2.26336134055167976E-002
z   2  1.42525514119957064E-001  4.50460609501555476E-001
z   3 -2.05897965344270073E-001 -9.40414513891793188E-003
 
basis    15
D  1.00000000000000000E+000  0.00000000000000000E+000
a   1  8.69180568041365807E-003  1.74996755276550731E-001
a   2 -2.94310014814836256E-002  6.72957292199276857E-002
d   1 -1.73620262420450283E-001  2.35672722299598500E-002
d   2 -3.47358599922888908E-002 -6.47172237510311027E-002
s   1 -9.81662416107638364E+002
s   2 -9.69847254954416485E+002
z   1 -7.71974164234717902E-002 -1.94950206567217565E-001
z   2 -1.98830902594233139E-001  2.83167490294839785E-001
z   3 -5.39391268522707690E-001  1.28799428571274577E-004
