ndof    3
nconf    2
nbasisfns   15
initial_PES    1
time  5.00000000000000000E+000
 
zinit   1 -1.58108633689097435E-053 -3.21962777344417700E-053
zinit   2  4.63857545578687777E-142 -6.47203795068764656E-144
zinit   3  0.00000000000000000E+000  0.00000000000000000E+000
 
basis     1
D  1.00000000000000000E+000  0.00000000000000000E+000
a   1  3.33320638199169850E-001  2.63932201336774752E-001
a   2 -7.29622068236502330E-001 -4.79756811076696321E-001
d   1  3.09619553904919242E-001  2.91373620274204825E-001
d   2  1.98745462478808782E-001 -8.50303005625804298E-001
s   1 -9.86545403725143501E+002
s   2 -9.68829287768433005E+002
z   1  3.79382164775317998E-001 -6.01162797724164366E-001
z   2  2.57046727579549938E-001 -2.78220396366837541E-002
z   3 -4.09536342335565379E-002  1.33757989958207757E-001
 
basis     2
D  1.00000000000000000E+000  0.00000000000000000E+000
a   1 -2.12924604563691708E-002 -3.47212807391773445E-002
a   2  3.56296994972334705E-002 -2.23982691738719465E-002
d   1  3.68464354904703209E-002  1.73573154635566183E-002
d   2 -4.19803339433364245E-002  2.96808191503150718E-003
s   1 -9.82738040206994356E+002
s   2 -9.71242758552865098E+002
z   1 -3.77290849257287286E-001 -8.89931042367809289E-001
z   2 -2.39660980625246517E-001 -4.25116887614227501E-001
z   3 -3.06662269024634171E-001 -1.36939921800244974E-001
 
basis     3
D  1.00000000000000000E+000  0.00000000000000000E+000
a   1 -3.43351310857147596E-001 -5.19941308634151333E-001
a   2  1.35551694955775814E+000  8.41313130513779317E-001
d   1  4.65850765300950542E-002 -6.21336396597045204E-001
d   2  7.47628640669045441E-001  1.40935637784224777E+000
s   1 -9.87118556396303461E+002
s   2 -9.68138132865990315E+002
z   1  9.16061245042338601E-002 -3.15337145575402156E-001
z   2  3.52306103897621625E-001  9.28800066430693488E-002
z   3 -8.39003714623204506E-003  1.60085845288572906E-003
 
basis     4
D  1.00000000000000000E+000  0.00000000000000000E+000
a   1 -4.09795383653100472E-003  1.07775908987737465E-002
a   2  1.20823910568068106E-003  4.67701573259049763E-002
d   1 -7.93832472315674810E-004 -1.15030222651947879E-002
d   2  4.58537406854492777E-002 -9.29203547012024365E-003
s   1 -9.82886251842678007E+002
s   2 -9.72148816471137820E+002
z   1  1.39397881997528095E+000 -3.16109880187938841E-001
z   2  5.22527025352288121E-001  4.00023508466607336E-001
z   3 -1.54970539105148353E-001  5.76131642589456441E-002
 
basis     5
D  1.00000000000000000E+000  0.00000000000000000E+000
a   1 -6.63470114372465697E-002 -1.07033465972166730E-001
a   2  4.95007173306615700E-001 -5.85882636968690709E-002
d   1  1.69283098262715329E-002 -1.24785901010870851E-001
d   2  4.83467513324639997E-001 -1.21341871700204135E-001
s   1 -9.87149831952427121E+002
s   2 -9.67482444506702222E+002
z   1  9.97809482826892136E-002 -5.65812735532960076E-001
z   2 -2.77127491872938801E-002  2.14013088516322891E-001
z   3  3.37200153792913682E-002 -7.51936976453764505E-002
 
basis     6
D  1.00000000000000000E+000  0.00000000000000000E+000
a   1 -4.93400375099273369E-001 -3.94679358176598383E-001
a   2  1.55280894359475719E+000 -1.16919434421789292E+000
d   1 -6.31357558069484792E-001 -2.45633830595960931E-002
d   2  1.75476953567601601E+000  8.36071113316536940E-001
s   1 -9.85824288932861009E+002
s   2 -9.68700562486112062E+002
z   1  3.51603977386632571E-001  1.15927888336242027E-001
z   2  1.21531962471303601E-001 -2.76509596931017898E-001
z   3 -2.15517751554723559E-002 -1.22728365052840571E-001
 
basis     7
D  1.00000000000000000E+000  0.00000000000000000E+000
a   1 -5.01057099601659450E-002  2.21196892701729098E-001
a   2  9.84736689202614923E-002 -9.96294081546394150E-002
d   1 -1.29182563381856297E-001 -1.86414894334130971E-001
d   2 -8.25831352157373466E-002  1.13150820667815968E-001
s   1 -9.82489737238106045E+002
s   2 -9.70603045706301941E+002
z   1  9.17735616324558356E-001 -1.66075297713481340E-001
z   2 -4.09542423496156716E-002 -1.39518039502907226E-001
z   3 -3.27736838426969657E-001  5.00605366151605780E-002
 
basis     8
D  1.00000000000000000E+000  0.00000000000000000E+000
a   1  8.56678908758686242E-002  3.11479696488139064E-002
a   2  5.48521261653547518E-002  2.26662822991752499E-001
d   1 -1.77274820022932482E-002 -8.94143160921199165E-002
d   2 -1.18891414020373037E-001 -2.00623086267973594E-001
s   1 -9.90628028273932955E+002
s   2 -9.64171410119810957E+002
z   1  9.34737697276254775E-001  4.15536432206717876E-001
z   2 -5.02703435611403626E-001  3.35385540941071147E-001
z   3  2.09352396667270256E-002  2.72914575331445648E-004
 
basis     9
D  1.00000000000000000E+000  0.00000000000000000E+000
a   1  1.40074475574755192E-001  5.73837178654949959E-002
a   2 -2.59099274162480964E-001  1.54188666458106582E-001
d   1  8.77788732196588678E-002  1.23323230576791468E-001
d   2 -3.01503344958756747E-001 -1.52043228545111885E-003
s   1 -9.87023490889470168E+002
s   2 -9.68152385131051915E+002
z   1  4.89966781002372995E-002 -8.35953236134173716E-001
z   2  1.51840720353757647E-001  1.45329164142519118E-001
z   3  9.89432818658064345E-002 -1.95292475068745169E-001
 
basis    10
D  1.00000000000000000E+000  0.00000000000000000E+000
a   1  2.83811801217105808E-001  5.82646277668474211E-001
a   2 -1.57397509813802516E+000  1.54774836461663590E+000
d   1  6.47592601007302870E-001 -2.54881641477565021E-002
d   2 -2.14641701030425169E+000  5.15574075772468166E-001
s   1 -9.85303239984481252E+002
s   2 -9.68151798149062870E+002
z   1  4.03409724251647284E-001  7.91838798301336827E-002
z   2 -2.13468799376863860E-002 -1.85723358042765296E-001
z   3 -6.96612831000003110E-003 -7.56654724017999519E-002
 
basis    11
D  1.00000000000000000E+000  0.00000000000000000E+000
a   1  5.03139649010706513E-002  2.48697948902739281E-002
a   2 -3.87955963885902727E-002 -2.19384096228594991E-002
d   1 -5.42932215249963407E-002  1.42213873580652669E-002
d   2  1.87173747231099905E-002  4.04481396284360195E-002
s   1 -9.82603248438154196E+002
s   2 -9.71374864526411443E+002
z   1  8.50906824735306766E-001 -2.33495349167334609E-001
z   2  4.19580867915411826E-001 -6.47421018880393939E-001
z   3  5.92730785244835294E-003  9.34958816453128339E-002
 
basis    12
D  1.00000000000000000E+000  0.00000000000000000E+000
a   1  7.25749743921830226E-002 -1.05836313717228535E-003
a   2  1.49534819688275089E-001  2.02714401946900609E-002
d   1  1.03882327977806097E-002 -7.18354484909453500E-002
d   2 -1.50846713634535445E-001 -4.10640626732155546E-003
s   1 -9.85047494810435637E+002
s   2 -9.70644603668486184E+002
z   1  5.71154180573003933E-001  1.51241669503477338E-001
z   2  6.87399555460820877E-001  4.48009437277455014E-001
z   3  1.48298650950009353E-002  5.11546903846144055E-002
 
basis    13
D  1.00000000000000000E+000  0.00000000000000000E+000
a   1  3.02736277700117427E-002  5.84572587732541671E-004
a   2  1.40349199394753155E-001  1.25928904891623866E-001
d   1 -1.63457505144132820E-002 -2.54882463811873933E-002
d   2 -9.67476696229891964E-002  1.61851398759704168E-001
s   1 -9.84299750934820509E+002
s   2 -9.68988805614864987E+002
z   1  2.76477691487601762E-001 -3.41549965400478217E-001
z   2 -2.85672019395231069E-001  6.26529610255334490E-001
z   3 -2.12904771704596402E-001 -1.89710635504242858E-001
 
basis    14
D  1.00000000000000000E+000  0.00000000000000000E+000
a   1 -1.03166837974938308E-001 -1.93060251545559364E-001
a   2  4.66538866902461047E-001 -3.63903210918856079E-001
d   1  6.04214238250966144E-003 -2.18813047371520575E-001
d   2  5.23262143189240136E-001  2.76189773077659240E-001
s   1 -9.86978468509420395E+002
s   2 -9.68758624888169152E+002
z   1  8.65620594674952448E-001 -7.99966398240978677E-002
z   2 -2.98645260471703144E-001 -2.60280455510514486E-001
z   3 -8.41005916259782993E-002  1.22023400196668463E-001
 
basis    15
D  1.00000000000000000E+000  0.00000000000000000E+000
a   1  2.27548875315060517E-001 -1.00082108676066955E-001
a   2 -6.59306634072175046E-001 -2.30694469470434982E-001
d   1 -2.04062167836406266E-001 -1.41963202246580072E-001
d   2  4.25802250847404917E-001 -5.53712578102674158E-001
s   1 -9.84340687207154247E+002
s   2 -9.69500291282965350E+002
z   1  2.01717235360538288E-001 -8.40826322052198732E-002
z   2 -4.47535914433678204E-003  4.43471226916335379E-002
z   3 -1.05058147013853395E-001 -9.77119589793276205E-002
