ndof    3
nconf    2
nbasisfns   15
initial_PES    1
time  5.00000000000000000E+000
 
zinit   1 -4.97822532499417291E-054  2.03609627189442398E-053
zinit   2  2.67264748327045502E-142  7.70088944244792137E-143
zinit   3  0.00000000000000000E+000  0.00000000000000000E+000
 
basis     1
D  1.00000000000000000E+000  0.00000000000000000E+000
a   1 -2.03373509793507157E-003 -4.06467436693846440E-002
a   2 -1.41230928881202616E-002  1.19945651718905213E-001
d   1  3.50131184485513794E-002  2.07454907360839491E-002
d   2  5.50475201173822523E-002  1.07499728594661004E-001
s   1 -9.88615773408346286E+002
s   2 -9.67020073294212239E+002
z   1  9.28748857014650486E-001 -1.91162202961911470E-001
z   2 -8.61368121927764574E-001  1.09784870520284863E-001
z   3  3.73315580331447724E-002  2.69364148298551348E-002
 
basis     2
D  1.00000000000000000E+000  0.00000000000000000E+000
a   1 -4.20137514962560556E-003  4.79853542397550292E-002
a   2  3.27241122982309340E-001 -3.48154440128348674E-001
d   1  4.56260067193930627E-002  1.54438753395825679E-002
d   2 -3.71523546405597926E-001  3.00447202047238848E-001
s   1 -9.91411532494967673E+002
s   2 -9.64605280448487179E+002
z   1  7.91558732548678146E-001 -1.29009705089498072E+000
z   2  5.14135261929834775E-002 -1.44300421430451631E-001
z   3  4.88965315762627459E-002  3.14953240131981213E-002
 
basis     3
D  1.00000000000000000E+000  0.00000000000000000E+000
a   1 -1.79615168029111719E-002 -2.93820872051752183E-003
a   2 -3.04856838650832546E-002  1.37099018663360377E-002
d   1 -5.50019574796482922E-003  1.73492652029028360E-002
d   2 -2.57043379920469349E-002 -2.13687935620374761E-002
s   1 -9.85034153816869321E+002
s   2 -9.68726710047952224E+002
z   1 -6.30842309195539630E-001 -1.86158215728034399E-001
z   2  4.39083712470502874E-001 -2.24091947504440753E-001
z   3  1.10236051732247597E-001 -2.47189895462677833E-001
 
basis     4
D  1.00000000000000000E+000  0.00000000000000000E+000
a   1  1.42524382105201890E-002 -3.99601066129363011E-002
a   2  1.51156644463436685E-001  9.39680169709207758E-002
d   1  4.02934499300747068E-002 -1.32808135366209359E-002
d   2  1.77270219066325951E-001 -1.59244720813553932E-002
s   1 -9.87369899126898304E+002
s   2 -9.66964752351310722E+002
z   1  4.27168706876659421E-001  4.55305022344271379E-002
z   2  6.40675394619334204E-001  3.78669068728076319E-001
z   3  9.12799182959314614E-002 -6.74932393752446375E-002
 
basis     5
D  1.00000000000000000E+000  0.00000000000000000E+000
a   1  3.52493039594136345E-002  2.41023155105792100E-002
a   2  9.89298588846498073E-002 -3.44383082279448166E-002
d   1 -3.31638380826122792E-002 -2.68997190733456619E-002
d   2 -1.00397594720544298E-001 -2.98904169738227095E-002
s   1 -9.83400234754306325E+002
s   2 -9.71376482712002257E+002
z   1 -1.60654103309894242E-001  2.88636040008478478E-001
z   2 -4.39093337537040496E-001  4.20484452091467176E-001
z   3  2.58623053169116990E-001  1.64871923868384729E-001
 
basis     6
D  1.00000000000000000E+000  0.00000000000000000E+000
a   1  4.26280742513741456E-002 -2.17581351393473899E-001
a   2  1.41158794412918481E-001  8.21193534379220158E-001
d   1  7.99608225316564003E-002  2.06797156771199281E-001
d   2  3.91633305781768748E-001  7.35464465456209249E-001
s   1 -9.89039262099173470E+002
s   2 -9.67291461639314434E+002
z   1  2.28578099930723394E-001 -7.69927828108923573E-001
z   2  1.28564508897945878E-001 -4.89331726930487543E-001
z   3  4.29146232289087867E-002  3.98706204257482516E-002
 
basis     7
D  1.00000000000000000E+000  0.00000000000000000E+000
a   1  9.19112997075068050E-002  6.14553825730826397E-003
a   2 -5.70691826626932741E-001 -1.46578746662308523E-001
d   1 -8.67386378178272716E-002  3.10139220980346735E-002
d   2 -4.51412481536719257E-001 -3.78683590170922735E-001
s   1 -9.89191531146749867E+002
s   2 -9.68057134013173140E+002
z   1  5.24156759101436553E-001 -1.26438000738460321E+000
z   2  3.59128416110524318E-001 -3.36598202716638095E-001
z   3 -7.09197957398437391E-004  3.97217572093234439E-002
 
basis     8
D  1.00000000000000000E+000  0.00000000000000000E+000
a   1  3.53347146599720038E-002  5.87382476113534197E-002
a   2  3.50841998751940998E-001  2.42962586510155759E-001
d   1  5.34845411476687141E-002  4.28733909409745526E-002
d   2 -2.78121536121423818E-001  3.23680919544883650E-001
s   1 -9.86106582221646249E+002
s   2 -9.69285487721222694E+002
z   1  1.51988102835228789E-001 -1.93300439411025954E-001
z   2 -2.14459276425771686E-003  5.14668959361625711E-001
z   3 -3.24859256032196606E-002 -6.29634446686533171E-003
 
basis     9
D  1.00000000000000000E+000  0.00000000000000000E+000
a   1  6.06478280237448195E-002  3.08115715532065407E-003
a   2 -1.71487336280114977E-001 -1.31654768745307654E-001
d   1 -5.50691810545509211E-003 -6.04758334080095286E-002
d   2  1.65929004626381750E-002  2.15558716576404436E-001
s   1 -9.84747727089172599E+002
s   2 -9.71591353877568054E+002
z   1  8.46292951402637605E-001 -1.27445096398330557E-002
z   2  1.09030619510556842E-001 -1.19358491613109005E-001
z   3 -1.17740892268411931E-001  5.98167110158551105E-002
 
basis    10
D  1.00000000000000000E+000  0.00000000000000000E+000
a   1 -7.14719045114392028E-003  6.16384180534112897E-002
a   2  4.76198956143988883E-002 -8.87665749612850385E-002
d   1 -6.12897103963819731E-002 -9.69269369162409702E-003
d   2 -8.07513140655344158E-002 -6.02194699858202495E-002
s   1 -9.81789112824932772E+002
s   2 -9.72471305310651132E+002
z   1  4.07510514382922115E-002  9.53141915536878659E-002
z   2  3.30574693486384741E-001 -3.57015673044232373E-001
z   3  1.89670532089156046E-001  4.68142470733338284E-003
 
basis    11
D  1.00000000000000000E+000  0.00000000000000000E+000
a   1  2.60707774398895517E-002 -3.38699328323341514E-002
a   2 -1.33195207206838750E-001  7.04250141111857630E-002
d   1  9.24688428843414671E-003 -4.17295209335476411E-002
d   2 -1.50497764256381478E-001 -7.14624301742163102E-003
s   1 -9.86022149963322477E+002
s   2 -9.68144356460610084E+002
z   1 -2.53204564303687429E-001 -1.00210202052935182E+000
z   2 -2.83968214093621329E-001  2.12993055490942634E-001
z   3  1.16686991330959167E-001 -1.37406220708287369E-001
 
basis    12
D  1.00000000000000000E+000  0.00000000000000000E+000
a   1  6.22952077022388764E-002 -8.02841617790351313E-003
a   2 -6.43088349771646917E-002  6.29468824990576936E-005
d   1  5.90870552497629112E-002 -2.13041843519570090E-002
d   2 -2.25677502256442161E-002 -6.02189909263112153E-002
s   1 -9.86242216100184805E+002
s   2 -9.68823751028964011E+002
z   1 -1.25333221051592392E-001 -2.90507001525563080E-001
z   2  3.16091615988701891E-001  4.67602511607630611E-001
z   3  3.17556863250437638E-001 -4.27122115434604266E-001
 
basis    13
D  1.00000000000000000E+000  0.00000000000000000E+000
a   1 -2.57067799642514867E-002  7.33362209190854958E-002
a   2 -7.14812144166088181E-003 -2.39446349771363254E-001
d   1 -5.98677181691247770E-002  4.95469086426751984E-002
d   2 -8.71686622946303419E-002 -2.23130621772851812E-001
s   1 -9.87002390872695628E+002
s   2 -9.67267950571684764E+002
z   1 -1.41486320614617356E-001 -8.59863768100499248E-001
z   2  1.94331497590906010E-001  1.40283665672229968E-001
z   3  3.55114342519017911E-001  7.53791339282068595E-002
 
basis    14
D  1.00000000000000000E+000  0.00000000000000000E+000
a   1 -3.27516504095805364E-002 -3.36081054107682312E-002
a   2 -8.65467534313327930E-004 -2.54997764936665761E-001
d   1  2.25456365880740001E-002  4.11566473937222538E-002
d   2 -2.53760939427494947E-001 -2.50996967635710999E-002
s   1 -9.89873025467291200E+002
s   2 -9.66141725103684053E+002
z   1  5.83949794695729843E-002  2.32062640118102681E-001
z   2  7.44148839051457234E-002  5.48799034527074903E-001
z   3 -1.15689107663039650E-001  4.63118549545200736E-002
 
basis    15
D  1.00000000000000000E+000  0.00000000000000000E+000
a   1 -1.73921823107203166E-001 -1.97830433025176056E-001
a   2  7.10160979419550586E-001  2.61519752723844756E-001
d   1  2.49614591989762935E-001 -8.41322545142236533E-002
d   2  7.56752634385994605E-001 -6.82994178111656809E-003
s   1 -9.88426972300893567E+002
s   2 -9.67248668766330638E+002
z   1 -2.48485771769825309E-001 -2.91794029041875513E-001
z   2 -2.99707126504093924E-001 -1.21369005587550205E-003
z   3 -3.54903609065701370E-002 -8.64747687505523777E-005
