ndof    3
nconf    2
nbasisfns   15
initial_PES    1
time  5.00000000000000000E+000
 
zinit   1 -1.58108633689097435E-053 -3.21962777344417700E-053
zinit   2  4.63857545578687777E-142 -6.47203795068764656E-144
zinit   3  0.00000000000000000E+000  0.00000000000000000E+000
 
basis     1
D  1.00000000000000000E+000  0.00000000000000000E+000
a   1 -4.46536085341888364E-002 -1.90848208352561333E-001
a   2 -1.50228635492656026E-001  1.22628621277574956E-001
d   1 -7.35303052792132816E-002  1.81687307184769942E-001
d   2  9.70881380086965201E-002 -1.67869935177292900E-001
s   1 -9.77649713537258094E+002
s   2 -9.76673458896474813E+002
z   1  6.42436572112605742E-001 -6.23693611197882802E-001
z   2  2.15272808138594285E-001  1.74435266608335110E-001
z   3 -8.18156637500112999E-002  3.85797436124888649E-002
 
basis     2
D  1.00000000000000000E+000  0.00000000000000000E+000
a   1  4.14124841995650139E-001 -6.02327299854203746E-001
a   2 -4.08685582121436575E-001 -1.57571184778287021E-001
d   1  5.98845516485033258E-001  4.19143899267723885E-001
d   2  7.49736345304222451E-002 -4.31545521853337333E-001
s   1 -9.75472875818830744E+002
s   2 -9.75268541856607612E+002
z   1 -5.10747757484820597E-001  4.37205405094879318E-001
z   2 -6.23536078732811472E-002  3.20200432293903325E-001
z   3  1.00348576830107200E-001 -1.09329213823600668E-001
 
basis     3
D  1.00000000000000000E+000  0.00000000000000000E+000
a   1 -1.91524166328469331E-001  1.20895903680813169E-001
a   2  1.86351094370638320E-001  1.20025526566489932E-001
d   1  1.97405197378257458E-001 -1.11033841069589509E-001
d   2 -1.53365184363761869E-001 -1.60037425703386832E-001
s   1 -9.77086018302298044E+002
s   2 -9.77269795676649551E+002
z   1 -1.48221817038457299E-001 -2.07684787150788641E-001
z   2  5.43366943543639902E-001  2.92322691279600255E-001
z   3  4.02293144931273106E-001 -1.63075158855652963E-001
 
basis     4
D  1.00000000000000000E+000  0.00000000000000000E+000
a   1  1.82397975701825033E-001 -4.02745534241708059E-001
a   2 -2.98602646902024926E-001 -2.36981087370685128E-001
d   1 -4.42042345565424377E-001 -8.45881899441911118E-003
d   2  3.78958203020441975E-001  4.14035852530327264E-002
s   1 -9.78199993358822553E+002
s   2 -9.76473293057351157E+002
z   1  9.14069674848159264E-001 -3.88303943101533933E-002
z   2  2.24775371122929918E-001  2.40245927431257111E-001
z   3 -1.49877771652790315E-001  1.23964895027639327E-001
 
basis     5
D  1.00000000000000000E+000  0.00000000000000000E+000
a   1 -1.40824300927868157E-001  1.90400854930539570E-002
a   2 -3.01180737742253804E-002  1.42688635997782420E-001
d   1 -4.62786955543664363E-002  1.34358814095658918E-001
d   2 -5.14621434462671640E-002  1.36450698065979703E-001
s   1 -9.79072215196985553E+002
s   2 -9.74046353322904224E+002
z   1 -5.78274451938249542E-002 -5.09970070785395913E-001
z   2 -5.48058652927296275E-001  4.40221839171618841E-003
z   3  1.53658036489097816E-001 -6.82912180753463272E-002
 
basis     6
D  1.00000000000000000E+000  0.00000000000000000E+000
a   1  7.73623108196566323E-001  7.06237517462817488E-001
a   2  4.53766385794566685E-001 -2.64208593175511819E-001
d   1 -6.24804372927419860E-001 -8.40763724347413421E-001
d   2 -4.11591986478269223E-001 -3.26040105281112436E-001
s   1 -9.77227121455851602E+002
s   2 -9.78232518452228078E+002
z   1 -1.92282913116712723E-001  8.65828939318417090E-002
z   2  3.23403504550712706E-001 -6.78549085230757132E-002
z   3  1.17146871733716712E-001 -4.95082043471251204E-002
 
basis     7
D  1.00000000000000000E+000  0.00000000000000000E+000
a   1  7.44519242281656835E-002  5.16838051068873816E-001
a   2  3.72498603583873877E-001 -6.07087237187960427E-002
d   1  2.24527297419224087E-001 -4.71436265859519588E-001
d   2 -2.25742243603436310E-001  3.02458589331478456E-001
s   1 -9.77622861501081502E+002
s   2 -9.76267241431410298E+002
z   1  5.69902031885983429E-001  8.35546905059736944E-002
z   2  1.65174116288442141E-001  3.32174076824764408E-001
z   3 -1.09801342744762359E-001  1.82194013431511093E-001
 
basis     8
D  1.00000000000000000E+000  0.00000000000000000E+000
a   1 -4.10114733881271842E-001 -3.88775875737202292E-001
a   2 -3.08866568204905247E-002 -9.57606759607675245E-002
d   1 -5.06641988434785362E-001  2.50309152962055692E-001
d   2  9.52110123021798066E-003 -1.00167066750373679E-001
s   1 -9.78959333481330987E+002
s   2 -9.74300495489450782E+002
z   1  3.47352012025626489E-001  3.38925414731124641E-001
z   2 -2.04667851853644250E-001  3.28021363182833592E-001
z   3  1.56213777624325881E-002 -2.84287924315477364E-002
 
basis     9
D  1.00000000000000000E+000  0.00000000000000000E+000
a   1 -8.53044141798968480E-001  2.64533298983028820E+000
a   2  9.17906148195628768E-001  9.86751710540443527E-001
d   1  2.73690736360147469E+000 -4.84570962817641337E-001
d   2 -8.02311776299843293E-001  1.08283260421933036E+000
s   1 -9.78118933862283939E+002
s   2 -9.75280666739826415E+002
z   1  1.11335208225454854E-001  1.82433592797644567E-001
z   2 -1.56418891755618822E-001  2.10040615660557650E-001
z   3  6.25435218775648033E-002  4.02192102356306799E-002
 
basis    10
D  1.00000000000000000E+000  0.00000000000000000E+000
a   1 -1.15166181556167513E+000 -1.73736011232513299E+000
a   2 -7.08519506801488563E-001  7.29757385995750907E-001
d   1  1.65525662490736480E+000  1.26683487598877376E+000
d   2  1.01227565096273953E+000 -9.92156257932085561E-002
s   1 -9.76703142572045977E+002
s   2 -9.77737778147847962E+002
z   1 -2.21348048526915142E-001  4.87982995784193074E-001
z   2  4.88216553853223489E-002  7.14750457121892946E-002
z   3  7.03631125318883999E-002 -6.55558259250446640E-002
 
basis    11
D  1.00000000000000000E+000  0.00000000000000000E+000
a   1 -1.28260147131036950E-001  3.71353053143516076E-001
a   2  1.00437457852921838E-001  1.86470015343099538E-001
d   1 -2.86158634460281114E-001  2.69196937844607520E-001
d   2  1.69539866576670389E-001  1.26944803765959763E-001
s   1 -9.74377094876476576E+002
s   2 -9.79742887404224234E+002
z   1  6.32139462579570766E-001  1.73373965437302546E-001
z   2 -1.82256445230639663E-002 -3.72927078586236582E-001
z   3  1.90074927564665187E-002  7.70902008229601282E-002
 
basis    12
D  1.00000000000000000E+000  0.00000000000000000E+000
a   1 -2.40337539282945489E-001  4.08610349452445343E-001
a   2 -9.17765783713176027E-004  7.02240966787493898E-002
d   1  3.55628904542654389E-001  3.13452759952791815E-001
d   2 -7.01866569137411800E-002 -2.46966387447456045E-003
s   1 -9.72513686878900330E+002
s   2 -9.81769808464085600E+002
z   1 -3.47248748934855453E-002  1.02646880612948868E-001
z   2  4.96208043469330284E-001  2.97440791850574704E-001
z   3  3.96621065458708302E-002 -3.34834895902901969E-002
 
basis    13
D  1.00000000000000000E+000  0.00000000000000000E+000
a   1  2.37641344887650474E+000  9.97750028169136494E-002
a   2 -9.38238912343988263E-002 -1.59364888572610663E+000
d   1 -2.26637986066836250E+000  7.21677392153235120E-001
d   2  7.59384710842793687E-001  1.40422738702840855E+000
s   1 -9.76685078622161654E+002
s   2 -9.76598380395822574E+002
z   1 -1.29350907019919470E-001  1.14162769627865909E-001
z   2 -1.33606130872472889E-001  2.99136589735834874E-002
z   3  1.46070267435403051E-001 -7.68460036498587878E-002
 
basis    14
D  1.00000000000000000E+000  0.00000000000000000E+000
a   1 -8.49703142883001972E-001 -9.19067176273085651E-001
a   2 -2.55155738004359034E-001  2.96155240248125562E-001
d   1  1.18558530618171276E+000 -4.01332016283087734E-001
d   2 -2.58564247617681653E-001  2.93184083498535586E-001
s   1 -9.75884319279464421E+002
s   2 -9.80188475013781954E+002
z   1  2.38820465807909638E-001  5.38402449360643964E-001
z   2 -2.18281663737204978E-001 -4.42034783081061422E-002
z   3  2.36591931512985312E-002  9.12362474020811214E-004
 
basis    15
D  1.00000000000000000E+000  0.00000000000000000E+000
a   1  9.65386545199253820E-003 -1.05926567488003071E-002
a   2 -5.70621216210804166E-002 -1.08552263402788035E-001
d   1 -3.06943418385667620E-003 -1.39992881588333583E-002
d   2 -1.95894608970585138E-002 -1.21061689379959758E-001
s   1 -9.79222003628437278E+002
s   2 -9.74217267399030902E+002
z   1 -3.78512181962272709E-001  2.21109954136579356E-001
z   2 -7.93184105927775690E-002  1.81871379289852350E-002
z   3  7.06706825655340626E-002  4.21802915893004171E-001
