ndof   10
nconf    2
nbasisfns   10
initial_PES    1
time  1.50000000000000000E+001
 
zinit   1 -1.37409170945958064E-014 -1.02006255871635633E-014
zinit   2  8.65145056925587026E-030  3.98765260774398593E-030
zinit   3 -3.58673565561651400E-047 -1.08569621355064140E-046
zinit   4  3.85602649206134926E-067 -4.32391633497939999E-067
zinit   5 -2.38657592545753065E-091  4.40215197513852804E-091
zinit   6 -1.96864008141859712E-121 -8.25998430616970997E-119
zinit   7  0.00000000000000000E+000  0.00000000000000000E+000
zinit   8  0.00000000000000000E+000  0.00000000000000000E+000
zinit   9  0.00000000000000000E+000  0.00000000000000000E+000
zinit  10  0.00000000000000000E+000  0.00000000000000000E+000
 
basis     1
D  1.00000000000000000E+000  0.00000000000000000E+000
a   1 -1.65747248852512463E-001 -4.16384788682004625E-002
a   2 -7.53175351985496677E-002  2.23200901966032761E-001
d   1 -1.33886662595796929E-001  1.06208639025238930E-001
d   2 -1.88686684266079346E-001 -1.41027333972915420E-001
s   1 -5.79846328958197591E+003
s   2 -5.73843538219967013E+003
z   1  3.62309034083768633E-001 -1.36424544795245156E-001
z   2  3.09291322530430846E-001  4.65522441375755713E-001
z   3  5.01278928006411578E-002  1.77659967417860998E-001
z   4  4.50682493323241340E-001  1.15659028494211877E-001
z   5 -1.45071989544991148E-001 -5.80686690062110419E-002
z   6 -4.44718035386060084E-001  1.26060481246345890E-002
z   7 -3.65897855825818796E-001  1.98339063619568684E-001
z   8 -9.69859897844771168E-002 -2.02714923559592988E-002
z   9  9.49835779003103085E-003 -7.96514259946741335E-004
z  10  6.90739918692896086E-003 -1.73510458797650462E-004
 
basis     2
D  1.00000000000000000E+000  0.00000000000000000E+000
a   1  1.26050537261438722E-002  2.69004044758159366E-001
a   2 -1.63345916755379683E-001 -1.66132650278729477E-001
d   1  1.94743239990905703E-001 -1.86003048237208424E-001
d   2  2.22111954500037539E-001 -7.03436257059821546E-002
s   1 -5.77824406348713546E+003
s   2 -5.75743876829279816E+003
z   1  3.00573659186734010E-001  6.25021489854122175E-002
z   2 -1.83268400628616795E-001  3.06806530897473673E-001
z   3  2.29579033982352937E-001 -2.88933693399772706E-001
z   4 -9.41659276814472979E-002 -9.28683442094898615E-002
z   5  1.12147501637542932E-001  6.41476214500014685E-002
z   6  8.04351663485597529E-002  8.68791055449048277E-002
z   7  5.74862731382623990E-002  1.00326171466886931E-002
z   8  1.86559282694798399E-002  2.28575666243067792E-002
z   9 -4.35237182994441252E-003  2.07209893283273779E-003
z  10 -3.15279917461852403E-003  4.28727892527228994E-004
 
basis     3
D  1.00000000000000000E+000  0.00000000000000000E+000
a   1  2.14558861062030815E-001 -4.62061027178679529E-001
a   2 -4.09745132228963027E-002 -1.19250962710980443E-001
d   1 -1.02018358227287539E-001 -4.99127390835507112E-001
d   2  1.23002148941435976E-001  2.77520124880656464E-002
s   1 -5.79246051223649556E+003
s   2 -5.74495503468861443E+003
z   1  2.76631650104508076E-001  1.05950856923439002E-001
z   2 -5.24329074483857911E-003 -2.19512432521176942E-001
z   3 -1.77794805803240752E-001  2.08018784858157668E-001
z   4 -2.20904368808772900E-001 -4.48933466380195378E-001
z   5 -2.32604499594821351E-001  2.04239788408351955E-002
z   6 -5.76295280374887545E-002  1.96613556084221097E-001
z   7  1.89152218088509197E-002 -5.29446260906776059E-002
z   8  5.80530017435288391E-003 -3.02681087798465122E-002
z   9 -2.82228889121506551E-002  2.42438253723955372E-003
z  10 -1.97143435968438092E-002  1.43442449478855448E-004
 
basis     4
D  1.00000000000000000E+000  0.00000000000000000E+000
a   1 -3.60546117306545455E-001 -1.29411651390972798E-001
a   2  1.27033680603274579E-001 -1.74362234186463017E-001
d   1  5.63906422472555194E-002 -3.78894409680990085E-001
d   2 -2.02648750365499508E-001  7.39812725857781767E-002
s   1 -5.80075396973390070E+003
s   2 -5.73399771226851772E+003
z   1  3.13003861150136342E-001  7.44532813854324460E-001
z   2 -6.23363848460049830E-002 -6.01309286726198627E-002
z   3  8.32191760563194272E-002  4.15036004291539418E-001
z   4 -1.45329708345751118E-003 -7.11335329389723749E-003
z   5 -4.18655980635464053E-001  9.58166590510346194E-002
z   6 -2.49550393505545420E-002  1.53375955352317350E-001
z   7 -7.36913256587384824E-002  1.81841573121148709E-001
z   8 -6.61381205027671004E-002  1.24124743147907626E-002
z   9 -1.66404375714136119E-002  4.72020626205435240E-004
z  10 -1.15579020146895743E-002 -2.68700598243338791E-004
 
basis     5
D  1.00000000000000000E+000  0.00000000000000000E+000
a   1  4.90494959456361235E-001 -1.84808745160541410E-001
a   2  6.81183983065405674E-002  1.74243078487845843E-001
d   1 -2.40688771299401139E-001 -4.65626989026941940E-001
d   2  5.89628891294665392E-002  1.77550399307566609E-001
s   1 -5.77884293018437620E+003
s   2 -5.75544978010686918E+003
z   1  1.19876636811412834E-001 -7.56220199594963977E-002
z   2  2.52136901897052623E-001  5.97183982517246914E-001
z   3 -2.46137527082320617E-001  9.63279675928403051E-002
z   4 -8.78147261376959892E-002  1.90369530129782215E-002
z   5  2.18608810878844845E-001 -4.30478439659841006E-002
z   6 -3.15214893887207581E-001  3.94097813555600862E-001
z   7  7.03266043930296375E-002  3.53263572049659302E-001
z   8 -4.80572981436527685E-002 -1.66263556914931533E-002
z   9 -2.47859491103615409E-002  1.15680400818583698E-003
z  10 -1.72176186024531538E-002  4.78316364897053389E-005
 
basis     6
D  1.00000000000000000E+000  0.00000000000000000E+000
a   1  3.89650610355708693E-001 -1.16019132313299050E-001
a   2  1.86903449808994815E-001 -1.13166918551350260E+000
d   1  3.18743877784889829E-001  2.52369525870217437E-001
d   2  1.08473753395683747E+000 -3.72763366516261407E-001
s   1 -5.80033912938959929E+003
s   2 -5.74390748619540500E+003
z   1  7.89068995802057749E-002 -9.17871174163094883E-002
z   2  1.46190459265659600E-002  6.83247633559250778E-002
z   3 -6.74964159514451767E-002  2.66762216769747151E-001
z   4  3.37945272803949981E-001  1.37099271715877102E-001
z   5 -1.63303103225110990E-001 -1.07410440352811817E-001
z   6 -7.35013570962843726E-002  1.47241737694734448E-001
z   7  4.85239853874655652E-002  1.00418109405830680E-001
z   8 -7.03652982745973390E-004  5.80400287764220799E-003
z   9  2.72756279436434275E-002  1.52404565491004755E-003
z  10  1.73008815927536905E-002 -1.77146871589364214E-005
 
basis     7
D  1.00000000000000000E+000  0.00000000000000000E+000
a   1  9.71678297527138468E-002 -5.69328715708611877E-002
a   2 -3.47687026817379286E-002  1.33466686765694231E-001
d   1  8.81845121358248440E-002  7.00459193923751305E-002
d   2  1.45503219054963287E-002  1.37151402817577706E-001
s   1 -5.80058130536468889E+003
s   2 -5.73618765054623418E+003
z   1 -1.74099673813996492E-001  3.57583462586391121E-001
z   2  4.33190564124184496E-001  9.63607785429380637E-002
z   3  1.14647171568136308E-001  5.72518675424276813E-001
z   4 -3.94591083607192111E-002 -7.65144267758610941E-002
z   5 -2.70580723887795860E-001  4.33364050618313290E-001
z   6 -5.56990919925189898E-001  1.32038767173209143E-001
z   7  2.40892920415073153E-001 -2.56702275683095837E-001
z   8 -9.67998141957498448E-002 -1.26755129619965629E-001
z   9  1.43409097872393155E-004  3.36755023610497018E-004
z  10  4.38546766343697603E-003 -5.33300734879517326E-005
 
basis     8
D  1.00000000000000000E+000  0.00000000000000000E+000
a   1  1.01934646806393900E-001  3.40351064483278898E-001
a   2 -8.86440977518448692E-002  2.58096319034723798E-001
d   1  9.23605705277313616E-002 -3.43072943156753907E-001
d   2 -2.28947336065557533E-001  1.48507923270097625E-001
s   1 -5.77165968185965721E+003
s   2 -5.76234546268291524E+003
z   1  5.13010812942648053E-001  4.35556465092850509E-001
z   2 -5.84107254449985236E-001  1.44614864697540146E-001
z   3 -7.25507433853241790E-001 -6.64661021821728870E-002
z   4 -5.70522324633026823E-002  1.79080584040345846E-002
z   5 -3.01216973773970775E-001  6.35269659058067537E-002
z   6  2.75492213799442554E-002  6.60639935762259711E-002
z   7 -1.54767183435679051E-001 -8.13197791024143461E-003
z   8 -3.75927705294656356E-002  6.42081181875872424E-003
z   9 -8.29318455926097813E-003  5.30807369983297582E-004
z  10 -5.76487433892317915E-003  6.70989289216118593E-005
 
basis     9
D  1.00000000000000000E+000  0.00000000000000000E+000
a   1 -3.03240209545062089E-001  9.99468742195140925E-002
a   2 -5.86998711057257483E-002  7.29150635164404481E-001
d   1 -8.39471293051403528E-002 -3.08053374973575933E-001
d   2  9.26859889071224713E-002 -7.25613968366646045E-001
s   1 -5.78215361415438110E+003
s   2 -5.75230286409770270E+003
z   1  4.62387631499063922E-001 -6.38180835324955176E-001
z   2 -5.83304592486638407E-002 -9.72540349753114961E-004
z   3  1.04432739681437597E-001 -1.70357910922984246E-001
z   4  1.50923473191221708E-001  1.54717231094084529E-001
z   5 -3.06934761541482914E-001 -8.53265913515752900E-003
z   6 -2.53293714336978004E-001  3.22874757717457606E-001
z   7  1.65581096617775453E-001 -9.56709309050803869E-002
z   8  5.16109094795303841E-002  5.13075625393939749E-005
z   9  2.37463293999477694E-002  6.75647251452325464E-004
z  10  1.51440725748003754E-002  9.30336593684837380E-005
 
basis    10
D  1.00000000000000000E+000  0.00000000000000000E+000
a   1 -2.42147916425753673E-001  3.94610574813580639E-001
a   2  9.16335073010784151E-002  3.12603660239449022E-001
d   1  1.69850560386369975E-001  4.30701644204517065E-001
d   2  2.41539527788591224E-001  2.18578142939915288E-001
s   1 -5.77332127741272870E+003
s   2 -5.76113080877084394E+003
z   1 -2.03536998497961086E-001 -3.22267066498658550E-001
z   2  2.27678059733908388E-002  1.74712399198111185E-001
z   3  2.32514513454888078E-001 -1.40535195947663977E-001
z   4 -9.45718964866362061E-002  3.44273695874619812E-002
z   5  1.05325268926255558E-001  1.64424403671654701E-001
z   6  6.10064804108205808E-002  7.69971183657128799E-002
z   7 -1.71245740464816165E-001  1.22273659574630059E-001
z   8 -8.62118896911854421E-003  2.17165732617979369E-002
z   9 -9.63092979188192970E-003 -1.27813017663441298E-005
z  10 -7.56482081248086979E-003  6.29068158935622491E-005
