ndof   10
nconf    2
nbasisfns   10
initial_PES    1
time  1.50000000000000000E+001
 
zinit   1 -1.12610026812504156E-014 -9.34997277095886462E-015
zinit   2  3.54664452362726487E-030 -1.95947824526502115E-029
zinit   3  1.88484364141666515E-047 -8.27917340315492756E-047
zinit   4 -1.01638853389656598E-066 -5.37280436041002023E-068
zinit   5 -2.72888509344219186E-090 -1.08647856587270013E-090
zinit   6  7.60467487451250098E-121 -4.75920723055168253E-119
zinit   7  0.00000000000000000E+000  0.00000000000000000E+000
zinit   8  0.00000000000000000E+000  0.00000000000000000E+000
zinit   9  0.00000000000000000E+000  0.00000000000000000E+000
zinit  10  0.00000000000000000E+000  0.00000000000000000E+000
 
basis     1
D  1.00000000000000000E+000  0.00000000000000000E+000
a   1 -1.37146677127983063E-002 -1.40856243020565902E-001
a   2  1.17253356136501050E-001  3.67774687126053601E-001
d   1  1.31450447164883022E-001  5.24342755122400028E-002
d   2  2.62983193941795756E-001  2.82571070210861475E-001
s   1 -5.80142744448212488E+003
s   2 -5.73610730719779531E+003
z   1  3.48854578967903117E-001 -1.51628793718486921E-001
z   2  3.77976464534005296E-001 -3.30662256802226662E-001
z   3 -1.97685780124489341E-001  3.65152806057087720E-001
z   4  2.08319078532693713E-001 -2.06691093517948205E-002
z   5  2.07823944547886830E-001 -2.42191622506189086E-001
z   6  7.19143473166961311E-002 -2.63952917779576024E-001
z   7  3.68264761625775372E-001  1.29884477693729794E-001
z   8  5.00623167297818417E-002 -8.97851715967214609E-002
z   9  2.36660249382431263E-002 -5.80983591536530239E-004
z  10  1.69369051389282668E-002  7.00320371275690141E-005
 
basis     2
D  1.00000000000000000E+000  0.00000000000000000E+000
a   1 -2.16358035051954604E-002  8.01794015126640475E-002
a   2 -7.65961558066386577E-002 -1.89047745600040562E-001
d   1 -7.37505403691141037E-002 -3.81798666250694682E-002
d   2  1.83329376593416832E-001  8.94223734793573866E-002
s   1 -5.78231541268592264E+003
s   2 -5.75152412121942962E+003
z   1 -3.84569545897224419E-001 -6.31794663549035462E-001
z   2 -1.88628430831989852E-001  1.89510235137880956E-001
z   3  1.45129031945371301E-001 -6.54424820694367859E-002
z   4  5.35379898904343801E-002  2.04582940446770382E-002
z   5 -1.36959264933628876E-002 -2.44575378622401612E-001
z   6 -2.24502800740861916E-002 -2.99937809417610113E-001
z   7  2.16782730674382085E-001  4.22583946701301852E-002
z   8  6.73623909915750246E-002  2.49048237770453512E-002
z   9  2.29975189276757919E-002 -2.79068917155510634E-003
z  10  1.59607005068828876E-002 -3.24137029065437032E-005
 
basis     3
D  1.00000000000000000E+000  0.00000000000000000E+000
a   1 -1.23625216223033699E-001  2.95453070308187363E-002
a   2  3.06097828716424158E-001  8.18019591692067727E-001
d   1  1.41852129651879079E-002  1.26312703188829922E-001
d   2  6.36564938248156076E-001 -5.98027601812899379E-001
s   1 -5.79164881377971960E+003
s   2 -5.74714762971110667E+003
z   1  6.55729725749704725E-003  1.67507922125429455E-002
z   2  5.03165490897626522E-001  1.23440132431354349E-001
z   3  9.45875538116336921E-003  5.91051315713356507E-002
z   4 -2.53820355054225205E-002 -2.58154536462019579E-001
z   5 -3.61591976975573423E-002 -2.02933846056384121E-001
z   6  1.14022700758614440E-001  7.31552409605087384E-002
z   7  1.51400375289285710E-001 -7.01773863159187855E-002
z   8  1.19912177965068745E-002  8.37093235353721273E-003
z   9  3.10259777020698256E-002  2.42810000636020033E-005
z  10  2.13419584161577344E-002  6.34745199976699461E-005
 
basis     4
D  1.00000000000000000E+000  0.00000000000000000E+000
a   1  4.28556564921430266E-002  1.68807376666664843E-001
a   2 -7.10740397332128127E-001 -2.05988056727779562E-001
d   1  1.61134415057089836E-001  6.60926470544441064E-002
d   2 -1.57566220348845598E-001 -7.23018587672057844E-001
s   1 -5.78588073573213023E+003
s   2 -5.75018868596305765E+003
z   1  1.86872026879457059E-001 -1.82684408008682880E-001
z   2  8.91083836937077434E-002 -1.85810964060459771E-001
z   3 -2.81435216480954223E-002  1.50623735229636235E-001
z   4  2.31741404934618034E-001  1.04840795865449893E-001
z   5 -4.01244123901912053E-001 -6.33077016391842690E-002
z   6  3.04569922915263802E-001  8.43905865024598134E-002
z   7  2.87201396240173823E-001 -7.23698174705168645E-002
z   8  1.16348747756535378E-001 -3.28970594096463995E-002
z   9  2.92298555827416318E-002 -6.28373465496638193E-004
z  10  1.99621824235000980E-002  9.68593386518730800E-006
 
basis     5
D  1.00000000000000000E+000  0.00000000000000000E+000
a   1 -3.33147247261987856E-002 -2.30983906166301531E-002
a   2 -8.86286868349651424E-001 -1.62610761261083175E-002
d   1 -3.27788971638994023E-002  2.38526818907085596E-002
d   2 -8.81562307401045131E-001 -9.28263635803783099E-002
s   1 -5.80442791720499281E+003
s   2 -5.73663475106251917E+003
z   1 -1.86670913660761717E-001  2.84793809673801690E-001
z   2  9.77401780373798462E-002  2.15369784679650789E-001
z   3  8.20835475605938281E-002 -1.89234168786262452E-001
z   4  1.41646447435188394E-001 -4.49929938540061594E-002
z   5 -6.98968076298387975E-002 -2.38547751883792319E-001
z   6  6.73228031841618807E-002 -4.98343394591902744E-002
z   7  2.53066163732554694E-001 -1.13035484944568415E-001
z   8  6.24945565835776790E-002 -6.26505133272676901E-002
z   9  3.32125152955436501E-002 -2.06286143160848000E-004
z  10  2.22028548920066363E-002  1.04905859300617000E-005
 
basis     6
D  1.00000000000000000E+000  0.00000000000000000E+000
a   1 -3.31696509518049909E-002 -2.63695355705303780E-001
a   2  2.26846367325227588E-001  1.85355322192207794E-001
d   1  1.83802195375146832E-001  1.91969318746740419E-001
d   2  2.41428238859095590E-001  1.65916470897330498E-001
s   1 -5.77675035321750602E+003
s   2 -5.76788113633178273E+003
z   1 -1.64326552234326101E-001 -1.18067028863096932E-001
z   2  1.44842442669232546E-001  1.40030436188381069E-001
z   3  9.81555220565808878E-002 -3.58459271601002605E-001
z   4 -3.51261928131151202E-001 -9.50152392555702295E-003
z   5 -1.03265563040572078E-001 -2.27322598930343095E-001
z   6 -1.15131862865380186E-001 -2.49082642492037876E-001
z   7  2.81336065218754094E-001  5.73826622539424930E-002
z   8  2.39438819459368256E-002 -2.13124110744799221E-002
z   9  1.97190882965018414E-003 -4.90360684198170031E-004
z  10  2.17427317968119571E-003 -1.84866044910348364E-004
 
basis     7
D  1.00000000000000000E+000  0.00000000000000000E+000
a   1 -6.93278385418644172E-002 -3.02457532465116412E-002
a   2  2.67161387812704820E-001 -2.85253812457787193E-001
d   1  6.19454242160056359E-002 -4.34041381095719297E-002
d   2  3.85247963058250043E-001 -6.57947689347874870E-002
s   1 -5.78893269724927359E+003
s   2 -5.74976354052457827E+003
z   1  4.18049547002030397E-001 -2.74313365884256588E-001
z   2 -2.77907475601491503E-002 -2.09949265875071234E-002
z   3  1.18564413019882645E-001  3.00634787568754502E-001
z   4 -1.87754812605077287E-001  3.03780116639269238E-001
z   5  2.21626865943432699E-001 -4.91033417456712584E-001
z   6  2.98047395667813853E-001 -5.33124345512432651E-002
z   7  1.49420996496684000E-001  1.69607482756569422E-001
z   8  2.87103600269015199E-002 -5.57115503524143740E-002
z   9  2.90431792649092461E-002 -2.01717293135137733E-003
z  10  2.06526933304943851E-002  4.82960704411922398E-005
 
basis     8
D  1.00000000000000000E+000  0.00000000000000000E+000
a   1  2.75119159909919309E-001 -2.92364711869298188E-002
a   2 -4.66450552442306821E-002  7.49083280841532639E-002
d   1  1.60739320221777005E-001  2.25184800401014962E-001
d   2  2.36840555899393984E-002  8.50063780307874078E-002
s   1 -5.80043677102792753E+003
s   2 -5.73571952128077828E+003
z   1 -1.12197054809594868E-001 -8.68091292148482352E-002
z   2 -3.25091887568215610E-001  3.98885494820856279E-001
z   3  3.51403284989390774E-001 -1.92280366884342746E-001
z   4 -1.36782867069930952E-001  8.82246957441797652E-002
z   5  3.60236251427106524E-001 -1.65496303112381976E-001
z   6  2.68314156840175400E-001 -4.74303864005397868E-002
z   7 -1.13428293217200396E-001 -4.47863806632180159E-002
z   8 -7.51553505826446904E-003 -4.40196993378167353E-002
z   9 -2.43036787685653073E-002 -1.91811879341754056E-003
z  10 -1.81727466456192630E-002 -1.26776077515388470E-004
 
basis     9
D  1.00000000000000000E+000  0.00000000000000000E+000
a   1  7.46792115721642835E-002  2.27840936010042266E-001
a   2  1.22467411456105568E-001 -3.81018460041837370E-001
d   1 -7.92163544010595216E-002 -2.26303437796198742E-001
d   2  5.83818092863798849E-002  3.95935472149011980E-001
s   1 -5.78993528017143672E+003
s   2 -5.74551557390415655E+003
z   1  3.12917263939787749E-001  2.21186757705969572E-001
z   2  5.45019240296742091E-001 -2.42782535546614192E-001
z   3  2.09831284856451077E-002  8.57194351633782797E-002
z   4  2.14773568144742383E-001  4.29804450566811658E-002
z   5  1.17281604027905051E-001 -2.84332669622770429E-001
z   6  1.92799305691504025E-001 -1.96330041358402999E-002
z   7  8.11708790866444430E-002 -1.91937968767499495E-001
z   8  5.26491975251607361E-002 -5.02079939510907264E-002
z   9  1.46159223584860307E-002 -3.26715534888965143E-003
z  10  1.04326884478946353E-002 -2.79684526467833183E-004
 
basis    10
D  1.00000000000000000E+000  0.00000000000000000E+000
a   1  3.59534836374211728E-002  1.15398230233768148E-001
a   2 -2.61004565483662354E-002 -4.58920683003060326E-001
d   1 -1.20504432288734087E-001 -9.38543155757783076E-003
d   2  2.93970620539244221E-001  3.53370487420497870E-001
s   1 -5.78876422021771305E+003
s   2 -5.74533588113969199E+003
z   1  1.31668146268678454E-001 -2.26374292658114512E-001
z   2  3.35479349414865902E-001  1.37899598939613205E-001
z   3 -1.70980462180689269E-001  4.30965314593827586E-001
z   4 -4.43362424547618705E-001  9.55578269276455283E-002
z   5 -1.23209966377720997E-001 -3.93602332183188741E-001
z   6 -4.43796554757182188E-002 -2.80083479199525920E-001
z   7  1.86266991001466126E-001  6.26831251006521734E-002
z   8  4.44078030534724513E-002  2.03354334937411070E-002
z   9  2.78629668543784320E-002 -5.58966768596414203E-004
z  10  1.93802598054560876E-002  8.76788122937394160E-005
