ndof   10
nconf    2
nbasisfns   10
initial_PES    1
time  1.50000000000000000E+001
 
zinit   1 -1.37409170945958064E-014 -1.02006255871635633E-014
zinit   2  8.65145056925587026E-030  3.98765260774398593E-030
zinit   3 -3.58673565561651400E-047 -1.08569621355064140E-046
zinit   4  3.85602649206134926E-067 -4.32391633497939999E-067
zinit   5 -2.38657592545753065E-091  4.40215197513852804E-091
zinit   6 -1.96864008141859712E-121 -8.25998430616970997E-119
zinit   7  0.00000000000000000E+000  0.00000000000000000E+000
zinit   8  0.00000000000000000E+000  0.00000000000000000E+000
zinit   9  0.00000000000000000E+000  0.00000000000000000E+000
zinit  10  0.00000000000000000E+000  0.00000000000000000E+000
 
basis     1
D  1.00000000000000000E+000  0.00000000000000000E+000
a   1 -9.89673271281515804E-002 -1.05478383819791174E-001
a   2  6.19196977128466802E-002  1.91998178047361190E-001
d   1 -1.00214804321588524E-001  1.04293884225833078E-001
d   2  3.86047373161287205E-002 -1.98007635193972326E-001
s   1 -5.80404064779591863E+003
s   2 -5.73391111365174584E+003
z   1  3.37738281654552219E-001 -2.35820214866976546E-001
z   2  2.64946965825399061E-001  3.34931268679377947E-001
z   3  1.71902120259854629E-001 -8.21121558320771910E-002
z   4  3.43662903500521977E-001  1.45566259421766792E-001
z   5 -1.09658639839059630E-001 -5.47635809738227369E-002
z   6 -3.92748684368198764E-001  1.14660530003587974E-001
z   7 -3.46360938900764359E-001  3.27936721459057612E-001
z   8 -8.27195850025913143E-002 -2.49718792584867552E-002
z   9  8.59444868232528240E-003  5.51966352939477992E-003
z  10  7.33146756858824022E-003 -6.54171903940982879E-005
 
basis     2
D  1.00000000000000000E+000  0.00000000000000000E+000
a   1 -2.05263933729833786E-001 -5.34554747462511332E-002
a   2  6.01707786988247117E-001  1.55298512098306113E-001
d   1  1.74777098007868337E-001  1.20182096347753356E-001
d   2 -6.20570394578264461E-001  3.25925475410963061E-002
s   1 -5.79658605760859609E+003
s   2 -5.73938472200195974E+003
z   1  3.35908295184887129E-001 -2.12728787843489642E-001
z   2 -2.89866838988985076E-001  1.02865486058537861E-001
z   3  4.04687760946573993E-001 -4.35963795855205338E-001
z   4 -7.25594813464589816E-002 -2.99676425076487313E-003
z   5  2.17649660366733555E-001  2.87528325237087767E-002
z   6  2.37435047419232936E-001  1.16375731820958644E-001
z   7  2.18391851128142245E-001 -2.13764763224045078E-002
z   8  9.90499354029658607E-002 -7.21718257257134357E-003
z   9  2.51620040909935651E-002 -1.57886224066120483E-003
z  10  1.76465698157499441E-002 -5.96782435658598436E-005
 
basis     3
D  1.00000000000000000E+000  0.00000000000000000E+000
a   1 -1.60365116534276014E-001  1.06149012569535406E-001
a   2  1.44022335489130598E-001  1.64302932990821215E-001
d   1  1.65079531764345172E-001  9.86576487810441743E-002
d   2 -4.67496022790224106E-002 -2.13429992259483503E-001
s   1 -5.80364502125599483E+003
s   2 -5.73391067497209315E+003
z   1  1.48479390805724892E-001  3.34198874986915972E-001
z   2 -4.04625438321847331E-001 -4.01221462125503081E-002
z   3  8.64236183349156722E-002  1.27599130271537242E-001
z   4 -4.17046030276462920E-001 -3.49733024658312741E-002
z   5 -1.68489027280404602E-001  2.57960905436421667E-002
z   6 -1.81792820756380771E-002  1.97777867966519694E-001
z   7  1.60787757741617854E-001 -9.26449535769119925E-002
z   8  1.50570138846068766E-002 -1.13016117005744932E-001
z   9  8.44560245101766069E-003 -2.46121478763578058E-003
z  10  2.93153775053107577E-003 -3.90830727774493444E-004
 
basis     4
D  1.00000000000000000E+000  0.00000000000000000E+000
a   1  1.13666451996842551E-002  1.15449444262072844E-002
a   2 -8.57089891578335233E-002  1.02560676452433885E-001
d   1 -8.28554118279721183E-003 -1.39225059600594590E-002
d   2 -5.91359369165773072E-002 -1.19865191535478893E-001
s   1 -5.80276242499907676E+003
s   2 -5.73225214853244688E+003
z   1 -2.01908420939874766E-001  2.04064878302324698E-001
z   2 -3.11464210432150446E-001 -1.77515184239795676E-002
z   3  2.41230999486144682E-001  3.46058767339133655E-001
z   4 -2.88722368315908057E-002  2.01896832645089924E-001
z   5 -2.54359594951557910E-001  5.88349106188462007E-003
z   6  8.98208200199011042E-002  1.76141350867857038E-001
z   7  4.71186503034308202E-002  1.53508712103294948E-001
z   8  2.32289967016840113E-002 -4.12068503458152754E-003
z   9  3.42083877696022706E-002  1.75264323940013352E-003
z  10  2.19978832051927926E-002  8.09215613587757816E-004
 
basis     5
D  1.00000000000000000E+000  0.00000000000000000E+000
a   1 -1.34150815302039206E-001  1.28337754018910705E-001
a   2 -1.26339283885222559E-001  2.50890660986253511E-001
d   1  1.60988649750821083E-001  9.24644526519663307E-002
d   2  2.61609078273552009E-001  1.02315338965438513E-001
s   1 -5.79123986494309611E+003
s   2 -5.74116689098608913E+003
z   1  3.33652991117858233E-001 -1.06848367484790319E-001
z   2  8.18664718346975989E-002  3.30279314563216631E-001
z   3  2.24518411212428944E-002 -1.01860184437903525E-001
z   4 -3.20605648208924093E-002  2.22087402576999438E-001
z   5  4.58144920954745960E-001 -1.55805750867822890E-001
z   6 -1.44592481259533695E-001  4.37935226865870109E-001
z   7  2.00722262072213747E-001  2.80014400067340963E-001
z   8  4.28196939227694501E-002 -5.90233630749438312E-002
z   9  1.32463284157605127E-002 -2.92283930206406429E-004
z  10  8.73730237336484139E-003  2.59932265717810430E-004
 
basis     6
D  1.00000000000000000E+000  0.00000000000000000E+000
a   1  3.82581910038140904E-001  2.97882625345361696E-001
a   2  2.18932846610911114E-001 -9.32541065646208422E-001
d   1  2.90898970359891429E-001 -3.87918503573408124E-001
d   2 -8.39347474361328061E-001 -4.61584496842108560E-001
s   1 -5.80407430042082251E+003
s   2 -5.74153277168988279E+003
z   1 -8.47339813672971925E-002 -2.78505588730573683E-001
z   2  3.25965642314687901E-002  5.84682711336139138E-002
z   3 -1.07057742791544647E-002 -1.06161218990584033E-002
z   4  2.35228284346591848E-001  2.73009007706544016E-001
z   5 -1.07838616831767709E-001 -1.53716152970651776E-001
z   6 -3.61598262009484375E-003  2.50153570873201614E-001
z   7  1.38572190952081925E-001  6.19876835447549859E-002
z   8  2.34950316671734202E-002 -1.63213188902068679E-002
z   9  2.08188773238459635E-002  5.51553308958047171E-004
z  10  1.32192219227216072E-002  4.16057557070442433E-005
 
basis     7
D  1.00000000000000000E+000  0.00000000000000000E+000
a   1  1.70148200918876363E-001 -1.61316651562240704E-001
a   2 -2.24202052086764025E-001 -3.24078539728221482E-001
d   1 -1.72639687033850769E-001 -1.58647441857843269E-001
d   2  3.07188472538653112E-001  2.46837400755358843E-001
s   1 -5.80402357889163704E+003
s   2 -5.73311790140942503E+003
z   1 -9.34107808855732941E-002 -8.00744736399494894E-002
z   2  5.04506940611756244E-002  1.84746609600869166E-001
z   3  2.05091252577463329E-001  1.53635345092352965E-001
z   4 -1.05828178559116970E-001 -2.01499116267715411E-001
z   5 -9.39572672312788126E-002  1.41701885480384843E-001
z   6 -1.59259616814587585E-001  9.99521653890473316E-002
z   7  3.28165519687657503E-001 -1.82967389655428414E-001
z   8 -7.71377664212834213E-003 -1.18601949432465312E-001
z   9  1.63996272362858589E-002  1.82712596378621010E-003
z  10  1.05986878164696461E-002  2.11125393158938344E-004
 
basis     8
D  1.00000000000000000E+000  0.00000000000000000E+000
a   1  2.09195642589720503E-002  1.72203832497084854E-002
a   2 -8.73318884058107980E-003 -4.36337573801752754E-001
d   1  1.98123322611872370E-002  1.84835402026890111E-002
d   2  4.04760932772165127E-001 -1.63203352293793597E-001
s   1 -5.78687567102853063E+003
s   2 -5.75032209457034787E+003
z   1  5.65900940670631902E-001  5.50849240634153706E-002
z   2 -5.65448952072970967E-001  2.25552866504648397E-001
z   3 -5.46275331634636041E-001 -1.03354134222838609E-001
z   4 -1.28575131998636683E-002  1.18277293067122813E-001
z   5 -1.01993471515205283E-001  3.43288542552530399E-002
z   6  1.83250464017764819E-001  3.69543902594456769E-002
z   7 -2.33915042594914253E-002  6.31654545202956288E-004
z   8  5.97732221098345520E-002 -2.84441437871439107E-002
z   9  3.22719881285838048E-002 -8.92011670793569733E-004
z  10  2.21161112905452692E-002 -6.84496813492506451E-006
 
basis     9
D  1.00000000000000000E+000  0.00000000000000000E+000
a   1 -4.07565309264847797E-001  8.08087454553683832E-002
a   2 -1.86636618557524878E-002  2.33416240608235320E-001
d   1  1.94299191135941435E-001  3.67270144419799660E-001
d   2  5.86579553093825729E-002  2.26695209328450414E-001
s   1 -5.77866881382866541E+003
s   2 -5.75506475320857953E+003
z   1 -3.96507949772190005E-001 -5.05988579261055338E-001
z   2 -4.24586897400753782E-001  1.17965532787358787E-001
z   3 -4.10298706080681752E-002 -1.86234652633135767E-001
z   4  4.52137998018461787E-002  1.48053606258132520E-001
z   5 -2.28143423974731419E-001  3.58780219547349608E-002
z   6 -2.99779550621033231E-001  4.96821971401958884E-001
z   7  2.11165278087550840E-001 -1.80453172265002099E-001
z   8  7.29910640127143795E-002 -2.37659032207296755E-002
z   9 -2.00371332641727865E-002  1.41269751181780871E-003
z  10 -1.15563020868680571E-002 -2.45657099155370271E-006
 
basis    10
D  1.00000000000000000E+000  0.00000000000000000E+000
a   1  6.86343395826809893E-002 -3.96533735538540238E-002
a   2 -5.64131276471274493E-002  2.14881219743510675E-002
d   1 -7.91884959122443471E-002  3.49924553421463152E-003
d   2 -6.01608328072784498E-002 -4.98543406840099013E-003
s   1 -5.78415181242837753E+003
s   2 -5.74956117440309754E+003
z   1 -2.94973786332712429E-001 -3.48379918486354745E-001
z   2 -3.34339518741703257E-001  3.47929571383897962E-001
z   3  2.74586275432003368E-001 -2.61889236218007970E-001
z   4 -1.76358520710999195E-001  4.15777980534801972E-001
z   5  1.52281521488030036E-001 -1.00962694606379133E-001
z   6  1.31764566503189740E-001  3.91672315152803985E-002
z   7 -4.92588381933966868E-002  9.53145941153687726E-002
z   8  5.62969976732842631E-002 -2.99524553287028039E-002
z   9 -9.62248736881675566E-003 -9.51201378543406126E-003
z  10 -5.94809024251467984E-003 -1.05903262075247124E-003
