ndof   10
nconf    2
nbasisfns   10
initial_PES    1
time  1.50000000000000000E+001
 
zinit   1 -1.37409170945958064E-014 -1.02006255871635633E-014
zinit   2  8.65145056925587026E-030  3.98765260774398593E-030
zinit   3 -3.58673565561651400E-047 -1.08569621355064140E-046
zinit   4  3.85602649206134926E-067 -4.32391633497939999E-067
zinit   5 -2.38657592545753065E-091  4.40215197513852804E-091
zinit   6 -1.96864008141859712E-121 -8.25998430616970997E-119
zinit   7  0.00000000000000000E+000  0.00000000000000000E+000
zinit   8  0.00000000000000000E+000  0.00000000000000000E+000
zinit   9  0.00000000000000000E+000  0.00000000000000000E+000
zinit  10  0.00000000000000000E+000  0.00000000000000000E+000
 
basis     1
D  1.00000000000000000E+000  0.00000000000000000E+000
a   1 -8.73527506109634949E-002 -1.42160132522822086E-001
a   2  2.87165982827677857E-001 -4.21626868647342057E-002
d   1  7.85461341061280752E-003 -1.66668267424778083E-001
d   2  6.81686500219158137E-002 -2.82125909854499812E-001
s   1 -5.78112856433998422E+003
s   2 -5.75420980769672587E+003
z   1  2.63494221057656020E-001  7.96556054560206006E-002
z   2  3.33945191935222985E-001  7.03030728717064735E-001
z   3 -2.16054721616791207E-001  2.14164508339924065E-001
z   4  4.12548744641006937E-001  8.46542571809264094E-002
z   5 -3.29966061433241642E-001 -1.59294339292873621E-001
z   6 -3.69250367583235373E-001 -1.73606534023048709E-001
z   7 -3.60075209033160704E-001 -1.06310940418113814E-001
z   8 -8.90888568571054779E-002 -7.29113979448467314E-002
z   9  1.87194619451125054E-002  9.49437881405648361E-004
z  10  1.12711217459500902E-002 -1.38010835695590001E-004
 
basis     2
D  1.00000000000000000E+000  0.00000000000000000E+000
a   1  1.85182467286165719E-002 -3.99705194028622757E-001
a   2 -3.76298260769423021E-001  2.42010317195413660E-001
d   1  3.23543162752536750E-001 -2.35429372490873368E-001
d   2 -4.18671476970860212E-001 -1.57745266357364577E-001
s   1 -5.78142593282948928E+003
s   2 -5.75004641622953204E+003
z   1 -9.39250613133880696E-002 -2.97400571157140969E-001
z   2  4.78456142088173164E-001  1.47458971828489827E-001
z   3  3.35162558066940286E-001 -3.30502712239031216E-001
z   4 -9.24359452492966166E-002 -3.38973646355621827E-001
z   5 -4.31292798834662996E-002 -5.58095244811429025E-002
z   6  1.41868732149786680E-001 -3.05121135907063072E-002
z   7 -8.40099270523099809E-003 -1.52122269505319319E-001
z   8 -1.27529127840088560E-002  4.88310101685548587E-002
z   9  5.39314113207985633E-003  2.49302811642234659E-003
z  10  2.49391552547324454E-003  8.99950790376450352E-005
 
basis     3
D  1.00000000000000000E+000  0.00000000000000000E+000
a   1 -1.40847571537750210E-001 -6.34064945146207148E-002
a   2  2.67204287022013598E-001 -1.53325558126482908E-001
d   1  1.27989385016382989E-001  8.64704532071063486E-002
d   2 -2.47473102501719361E-001 -1.83477304634425076E-001
s   1 -5.77127686877629094E+003
s   2 -5.75969825283198406E+003
z   1  2.88748402040413278E-002  3.10745004845168982E-001
z   2  1.85306777164567338E-001 -5.31987980285820949E-001
z   3 -7.08277428947456378E-002  3.34963849609691722E-001
z   4 -7.07724173285000147E-001 -1.41509831977683714E-001
z   5 -3.39011455503757830E-001  1.70501878813853230E-001
z   6  2.21629051696776547E-001  6.56028649184569157E-001
z   7  3.00905470937032488E-002 -3.73463927000295737E-001
z   8 -8.62248393190936102E-002 -1.85140377719385851E-001
z   9  2.56446154761058934E-002 -3.49907779798160545E-003
z  10  1.33732270959468474E-002 -1.94240315507657290E-005
 
basis     4
D  1.00000000000000000E+000  0.00000000000000000E+000
a   1  5.75820046746264025E-002  4.82528248140434268E-001
a   2 -3.36784144871201341E-001 -2.23458756952032711E-001
d   1  4.17825834721729739E-001  2.48134579119708765E-001
d   2 -3.72346410809914319E-001  1.57211725555533810E-001
s   1 -5.77333117383211629E+003
s   2 -5.75441241642867226E+003
z   1 -1.12677175761728740E-001  4.40163749314161246E-001
z   2 -3.66603028704195893E-002 -3.45026965367862315E-001
z   3 -1.97841272999926904E-001  5.72383317316900175E-001
z   4 -3.04394322697308317E-001 -1.71597398067923138E-004
z   5 -3.89610694477097619E-001  7.50030920152071068E-002
z   6  2.64382111214879090E-001  7.92990541919253999E-002
z   7 -6.40633087629204068E-002  8.37737065758955568E-002
z   8 -1.00893529264227941E-001  1.43966394777386118E-002
z   9 -5.22398933388776906E-003  3.47729032174958950E-004
z  10 -4.04307508943180845E-003 -5.91036467058201953E-005
 
basis     5
D  1.00000000000000000E+000  0.00000000000000000E+000
a   1 -2.63737089171523220E-001  1.34431739395790950E-001
a   2  4.83307613021920490E-002  6.50482534288045616E-002
d   1 -2.78282585110889102E-001  1.00935363404738423E-001
d   2 -6.45973521752196134E-002  4.89317877676474916E-002
s   1 -5.77437073868801417E+003
s   2 -5.75695926593265631E+003
z   1 -4.49691943708382738E-002  1.13718104883355056E-001
z   2  4.64843444663623040E-001  1.06092633717084306E+000
z   3 -2.66485188158908148E-001  1.94197359543056169E-001
z   4 -1.35828330366124461E-001 -2.64946530648360323E-001
z   5  1.50433807372313492E-002 -8.43854158985159891E-002
z   6 -3.35222416082633701E-001  1.97712657241842421E-001
z   7 -1.99580902534730181E-001  1.67968621539189955E-001
z   8 -9.63782085037331315E-002 -2.75998073547288371E-002
z   9 -2.61519364981385623E-002  1.91455299669234837E-003
z  10 -1.91610648559848752E-002  2.06690485980941268E-004
 
basis     6
D  1.00000000000000000E+000  0.00000000000000000E+000
a   1 -2.63710053698174851E-002  1.85574206017793397E-001
a   2 -6.10981122436099131E-002  6.42424693907263089E-002
d   1  9.06532477741287118E-002 -1.64058539952517540E-001
d   2 -6.45868656492152582E-002  6.07339359729087633E-002
s   1 -5.76518617104217356E+003
s   2 -5.76801992808829436E+003
z   1 -9.47448663595924390E-001 -6.42990532039407370E-001
z   2 -2.50108950870664926E-001  1.23058709022971627E-001
z   3 -3.71178889467122908E-001  2.95683977649149721E-001
z   4  2.14599873450698975E-001 -1.66735900355384700E-002
z   5 -3.33829570891712835E-001 -2.22086839885354353E-001
z   6 -2.31400222767243341E-002  1.36893131556955455E-001
z   7  5.00657427990656850E-002 -3.27909622914589124E-002
z   8 -4.31744572324256060E-002 -6.22929450508925234E-003
z   9 -1.96206955980244430E-002  5.09089178532177436E-004
z  10 -1.41464261709132282E-002  6.75440774123578714E-005
 
basis     7
D  1.00000000000000000E+000  0.00000000000000000E+000
a   1  1.04469569047482336E-001 -1.24897483953898270E-002
a   2 -7.81124165112563745E-002  1.56934244278443713E-001
d   1  5.30420493750955943E-002  9.08648758874227580E-002
d   2 -1.04009564376580474E-001 -1.41109592723769828E-001
s   1 -5.78169188547467093E+003
s   2 -5.75115912769921397E+003
z   1  6.57186217271258366E-001 -2.20469578761275486E-001
z   2 -1.84903364103728068E-001  6.62654987840094023E-001
z   3  7.96506018772686480E-002  4.18873509872686955E-001
z   4 -4.07847396308483531E-002 -8.10390729434686125E-002
z   5 -2.34807707449133179E-001  1.35169971562661306E-001
z   6 -1.82381930676160930E-001  3.22490097850730129E-001
z   7  2.24494394557598814E-001 -1.93737771561683092E-001
z   8 -9.59407280119489170E-002  5.53911900442325550E-004
z   9  1.12541651473562401E-002 -1.25150890252160012E-003
z  10  1.05019605242468572E-002 -4.30260288544276950E-005
 
basis     8
D  1.00000000000000000E+000  0.00000000000000000E+000
a   1 -7.41316715749976152E-002 -1.53998637398141791E-001
a   2  7.81179398603226161E-002 -3.28090814024895108E-002
d   1  1.00336868736861998E-001 -1.38360391091776641E-001
d   2 -1.43796494097829779E-002  8.34989463008240090E-002
s   1 -5.76904018132273904E+003
s   2 -5.76381988680502036E+003
z   1 -4.24033527957522138E-001 -2.08350376933623016E-001
z   2  9.22718068523810525E-002 -2.67868820928420570E-001
z   3 -5.73698529170969640E-001  5.26715652058704631E-001
z   4 -7.02754632589847605E-001 -1.10303744019289024E-001
z   5 -4.61029962701412388E-001  6.10810118722829934E-002
z   6  4.33107580909202872E-001  8.03285803719583080E-002
z   7 -2.26403409663075122E-001  1.10698366564236664E-001
z   8 -8.85239138116265395E-002 -6.13174985247326373E-002
z   9 -1.82671735124596592E-002  2.15131247299954259E-003
z  10 -1.34823056265593114E-002 -1.24185589348034477E-004
 
basis     9
D  1.00000000000000000E+000  0.00000000000000000E+000
a   1 -2.56498320930263146E-001  1.77328132801586602E-001
a   2  1.22493623234570070E+000  4.62210810691576213E-002
d   1  2.56704757195501398E-001 -1.77029158491306376E-001
d   2 -5.57161751156069918E-001  1.09186809858021960E+000
s   1 -5.78367324038929746E+003
s   2 -5.75111947697395954E+003
z   1  2.61814554616646211E-001 -2.22130892175044864E-001
z   2  1.65479786006256513E-001  1.29093705971156769E-001
z   3 -1.76478578294061647E-002 -7.04631298548489583E-003
z   4 -2.57799123051200396E-001  1.29428188706922520E-001
z   5 -6.22846423099702035E-002 -1.96086782868944293E-001
z   6 -8.36861141381739643E-002  6.45796092162720520E-002
z   7  4.04051148834317433E-002 -5.79405017726777397E-002
z   8  6.79014548197643449E-004  3.22746851217676003E-002
z   9  2.98598819128236687E-002  4.91321217217841337E-004
z  10  1.95892732708477131E-002 -2.24722766923774901E-005
 
basis    10
D  1.00000000000000000E+000  0.00000000000000000E+000
a   1  2.83075845029426953E-001  7.53326873968734462E-002
a   2 -1.11859864298850553E+000  2.83258436190571339E-001
d   1  1.50275074213316928E-001 -2.51444526485945397E-001
d   2 -1.12046857917432519E+000  2.75768796008400874E-001
s   1 -5.78552146542207174E+003
s   2 -5.74912124600893094E+003
z   1  5.35054660859651476E-001  3.59783197030236965E-002
z   2  4.38217178612809663E-002  3.36970750964925070E-001
z   3  1.40028937031503237E-001  1.36958790288341042E-001
z   4 -5.91273161178780884E-002  3.85898753777658199E-001
z   5  6.85535371581355857E-002 -2.25973012187126482E-001
z   6  8.04248982975868353E-003 -7.99972510441964851E-002
z   7  1.10920412743667936E-002  2.77387071526446261E-001
z   8  7.34203254476852030E-003 -6.48601894570932820E-003
z   9  2.88219869455529909E-002 -9.33296183110679279E-005
z  10  1.95949090171942501E-002 -8.74772425897625306E-005
