ndof   10
nconf    2
nbasisfns   10
initial_PES    1
time  1.50000000000000000E+001
 
zinit   1 -1.12610026812504156E-014 -9.34997277095886462E-015
zinit   2  3.54664452362726487E-030 -1.95947824526502115E-029
zinit   3  1.88484364141666515E-047 -8.27917340315492756E-047
zinit   4 -1.01638853389656598E-066 -5.37280436041002023E-068
zinit   5 -2.72888509344219186E-090 -1.08647856587270013E-090
zinit   6  7.60467487451250098E-121 -4.75920723055168253E-119
zinit   7  0.00000000000000000E+000  0.00000000000000000E+000
zinit   8  0.00000000000000000E+000  0.00000000000000000E+000
zinit   9  0.00000000000000000E+000  0.00000000000000000E+000
zinit  10  0.00000000000000000E+000  0.00000000000000000E+000
 
basis     1
D  1.00000000000000000E+000  0.00000000000000000E+000
a   1 -1.96119237673961833E-001  5.03909810691405835E-002
a   2 -7.69175748580255558E-002 -4.01709144997859924E-001
d   1  9.47734997252626943E-002 -1.78941303529263601E-001
d   2  1.85556078779294698E-001  3.64493473364069731E-001
s   1 -5.79540622297334812E+003
s   2 -5.73940807940477953E+003
z   1  4.25103525467563026E-001 -2.34117012735469976E-001
z   2  5.12016506722546505E-001 -2.30117045800689424E-001
z   3 -3.24921550330997122E-001  2.27889680218325563E-001
z   4  1.79478487795592279E-001 -3.91955630789601495E-001
z   5  4.71611099266024611E-002 -1.19369502268607056E-002
z   6  2.27203863699287217E-003 -7.03451171054863128E-002
z   7  3.33305322774439028E-001  1.37794595519893953E-001
z   8  1.16682759664187095E-003 -6.63427808541359326E-002
z   9  2.24492472260200415E-002 -1.15256127967396419E-003
z  10  1.35583442196126926E-002 -7.05260334441422886E-004
 
basis     2
D  1.00000000000000000E+000  0.00000000000000000E+000
a   1  4.58983975609611683E-001  9.74401751059027210E-002
a   2 -2.50762790333170227E-002  2.06493844554126726E-001
d   1  2.78611477336197677E-001 -3.77540093616048955E-001
d   2  1.17163106913495643E-001 -1.71875926142311786E-001
s   1 -5.77310306565599058E+003
s   2 -5.75901680687478984E+003
z   1  1.02174851506220160E-001  5.47480640184700662E-001
z   2 -4.33893824810552331E-001 -3.66967081939006012E-001
z   3 -1.13297700042858038E-001  7.26563091865322502E-002
z   4 -3.04292208589564961E-001  1.25384284884088731E-001
z   5 -1.16939042585816708E-001 -4.15858949382438975E-002
z   6  2.28386269798520336E-002 -1.69961817363545015E-001
z   7  1.22964540062964894E-001  4.26593225152064881E-002
z   8  1.65743362812376185E-002  1.40996961679258868E-002
z   9 -1.73863297870418369E-002  3.26554280036423037E-004
z  10 -1.49891310316043538E-002 -1.41561381024959179E-004
 
basis     3
D  1.00000000000000000E+000  0.00000000000000000E+000
a   1 -2.94769789506917790E-001  1.60429840186870121E-001
a   2  3.53914963063828927E-002 -2.38844510446374142E-001
d   1 -4.90284413877571656E-002 -3.31998756569094000E-001
d   2  2.39452970068673499E-001  3.10086005241092151E-002
s   1 -5.78245308357264548E+003
s   2 -5.75066702583873666E+003
z   1  5.64584732814186085E-001 -4.33356074115987394E-002
z   2  3.16145705039148295E-001  1.70508059536989942E-001
z   3  8.68127432109624814E-002  3.21773361979890593E-001
z   4 -5.45838124028117724E-002 -1.57319913795817556E-001
z   5 -1.60410935301408070E-001 -1.68640745112105278E-001
z   6  1.88855056323564613E-001  9.02504390128071182E-002
z   7  6.85961722607891511E-002 -3.59215211776529736E-002
z   8  1.54026492412744466E-003  1.92697681255091027E-002
z   9 -9.37373775883625950E-003  2.51457442420291444E-003
z  10 -7.06945442048090983E-003 -8.97108851295679678E-005
 
basis     4
D  1.00000000000000000E+000  0.00000000000000000E+000
a   1 -2.43014959304941047E-001 -7.79220017754878591E-002
a   2 -1.53630681514701217E-002  3.39916680875372357E-001
d   1 -9.87563217236521462E-002 -2.35319565115813950E-001
d   2 -1.37491769597131025E-001 -3.11248111790908555E-001
s   1 -5.78767682798900023E+003
s   2 -5.74551183110326474E+003
z   1  1.22330571890261780E-001  4.14646480715177290E-002
z   2  3.28355025644498089E-001 -3.08054650665732288E-001
z   3  7.62042201027055416E-002  1.39562542020004510E-001
z   4  5.02917412611111891E-002  2.74544299169152350E-001
z   5 -2.18372456728415654E-001  2.38499580951825774E-001
z   6 -1.13179289670607600E-001  2.65011693885474575E-001
z   7  2.64038684206304053E-001  7.33890440268792632E-002
z   8  2.59373011078603138E-002 -2.95431493778391214E-003
z   9  1.06062515210474263E-002  1.65277086786385394E-003
z  10  6.24835554919664967E-003  6.99069719836566844E-004
 
basis     5
D  1.00000000000000000E+000  0.00000000000000000E+000
a   1 -3.87345349210252654E-001 -3.17306665704307989E-001
a   2  1.35877935846140541E+000  3.21481021677487377E-001
d   1 -4.52413330474716213E-001 -2.14574271672941269E-001
d   2  2.35218759849887438E-001 -1.37633699626736417E+000
s   1 -5.79913657703682566E+003
s   2 -5.74119751775610894E+003
z   1  6.32931238893939652E-001  3.25260089182241863E-001
z   2  4.43368088959362125E-002  1.45680627373645094E-002
z   3 -2.27659186240822403E-001  1.21627261862161089E-002
z   4  3.06148649627557556E-001 -6.04434185418599619E-003
z   5 -3.64318106911716739E-003 -2.13806104717014861E-001
z   6  7.87866308199296206E-002 -1.21748880264411385E-001
z   7  6.28556668720592765E-002  2.55904113390561586E-002
z   8  7.81150280034652658E-003 -2.56900076660820167E-002
z   9  2.65842206115614876E-002  5.28144754255134292E-004
z  10  1.71948270134429683E-002 -2.85250123285393255E-004
 
basis     6
D  1.00000000000000000E+000  0.00000000000000000E+000
a   1 -1.15162005126036068E-001  2.09340776955947924E-002
a   2  1.24642841410398178E-002  2.72320463533876449E-002
d   1  1.07723022683309383E-001  4.57850785473342473E-002
d   2  2.55267363803922502E-002  1.56629645184935759E-002
s   1 -5.77168741319746186E+003
s   2 -5.76737291246529639E+003
z   1  6.64050503580748464E-001  2.55278020138587358E-001
z   2  1.08897786859486409E-003 -4.28624194617073906E-001
z   3 -5.02335774852638917E-001  8.17187804751298014E-002
z   4 -1.16375160090539151E-001  2.71622357374784851E-001
z   5 -3.48631077008047185E-001  7.04097162995257209E-002
z   6 -6.45095799232595912E-002  2.14082540387235121E-001
z   7 -1.05031346761710734E-001  9.49401526373572363E-002
z   8 -9.71813166112713012E-002  1.03616721097997078E-001
z   9 -3.65507065277754228E-002 -8.62594527135054304E-004
z  10 -1.99868481836098094E-002  7.68461327376506668E-004
 
basis     7
D  1.00000000000000000E+000  0.00000000000000000E+000
a   1  1.05869737649798609E-001 -2.49079885295802383E-001
a   2 -7.96058878601601960E-001 -1.39363157525367487E-001
d   1 -5.45302185149616481E-002 -2.65095541037034033E-001
d   2  8.07126315477364797E-001 -4.09748549700148859E-002
s   1 -5.77364251946040986E+003
s   2 -5.76459848644743397E+003
z   1  7.86067903828636783E-001  7.42264072346983994E-001
z   2 -5.20225439653442499E-003 -1.54729527306635445E-001
z   3  2.04098248634691434E-002  1.18254360651039073E-001
z   4 -3.83677445039714363E-002  2.54603687638052661E-002
z   5  1.35764690981154845E-001 -2.78226453530253992E-001
z   6 -2.75395276174266006E-002 -6.54758944588631486E-002
z   7  4.97532525427894640E-002  2.90723103321303800E-001
z   8  6.15687235446685313E-002  4.00873540065960349E-002
z   9  2.59430016565695143E-002  4.28075252849075688E-003
z  10  1.77444761759810235E-002  2.87837804436043916E-004
 
basis     8
D  1.00000000000000000E+000  0.00000000000000000E+000
a   1 -1.22007267372597553E-002  1.27002441021434237E-001
a   2  3.84819148928037119E-002  1.65860560614304486E-001
d   1 -1.27274110207440894E-001  8.93188833474515588E-003
d   2  1.29666179930993414E-001  1.10350646229243260E-001
s   1 -5.78193544247717455E+003
s   2 -5.74847683524457989E+003
z   1  5.51010177758349817E-001  1.12333388255353411E-001
z   2 -5.30044475388311453E-001  2.81586797161782088E-001
z   3  4.05783883527549682E-001 -2.55474429796181790E-001
z   4 -8.09558836758075551E-002  1.77233962930277295E-001
z   5  4.82911611004404551E-001 -1.36348685881267362E-001
z   6  1.18223490806006679E-001  1.78130430700721536E-002
z   7  5.02091232233639259E-002  2.35190890080430814E-001
z   8  1.15908744914958867E-001 -9.73680638901098794E-002
z   9  1.49658321808811105E-002  2.72759077097717989E-004
z  10  6.34414189201983666E-003  3.25659032167993862E-004
 
basis     9
D  1.00000000000000000E+000  0.00000000000000000E+000
a   1  9.28993249420131950E-001  1.76568758284772809E-001
a   2 -4.06285227697012363E-001 -2.02889910551012131E-001
d   1  5.73530091685663601E-001  7.51843213576764535E-001
d   2  3.21844975578816639E-001  3.20386974989436468E-001
s   1 -5.77497860614256479E+003
s   2 -5.75885931209139198E+003
z   1  3.09181070117136747E-001 -5.68852009357735250E-002
z   2  2.44240829326063114E-001 -1.53823092741661477E-001
z   3 -2.99161983996384828E-001 -1.99582311489737901E-001
z   4  6.04513562287642969E-002  3.52160987968852979E-001
z   5  2.03169155076879160E-001 -1.94790170476633273E-001
z   6  1.09113322752654715E-001 -1.36961096829421147E-001
z   7  3.27258464971498728E-002 -1.62820513008182843E-001
z   8  5.81741868103308191E-003 -1.87372525918677313E-002
z   9 -2.11005801918643342E-002 -1.31175877169286467E-003
z  10 -1.39304268308053630E-002  3.29910011056078230E-005
 
basis    10
D  1.00000000000000000E+000  0.00000000000000000E+000
a   1  1.13690935213286159E-001 -2.69737908928896875E-001
a   2 -2.72290581927172662E-002  9.54819885178001260E-002
d   1 -2.93463973419361805E-002 -2.91243810622740462E-001
d   2  9.90319567250034782E-002  7.13465406258317024E-003
s   1 -5.78631435348800642E+003
s   2 -5.74733787861265409E+003
z   1 -1.07729675083764020E-001  2.19864312530126227E-001
z   2  3.67028460452320127E-001  2.23524513139645470E-001
z   3 -1.88730797119077587E-001  4.90150498822907288E-001
z   4 -2.75922498578142550E-001  4.12641119205715556E-001
z   5 -7.27163756422019164E-002 -2.85467756484681146E-001
z   6 -6.47819082727038809E-001 -1.51819039718169180E-001
z   7  2.06851421375436550E-001  3.58526645338859196E-001
z   8 -5.10476862520675700E-002  4.93901358894276027E-002
z   9 -2.31598670450937939E-002  4.45369234023660666E-003
z  10 -1.76466445954908853E-002 -6.51179804462922757E-005
