ndof   10
nconf    2
nbasisfns   10
initial_PES    1
time  1.50000000000000000E+001
 
zinit   1 -1.37409170945958064E-014 -1.02006255871635633E-014
zinit   2  8.65145056925587026E-030  3.98765260774398593E-030
zinit   3 -3.58673565561651400E-047 -1.08569621355064140E-046
zinit   4  3.85602649206134926E-067 -4.32391633497939999E-067
zinit   5 -2.38657592545753065E-091  4.40215197513852804E-091
zinit   6 -1.96864008141859712E-121 -8.25998430616970997E-119
zinit   7  0.00000000000000000E+000  0.00000000000000000E+000
zinit   8  0.00000000000000000E+000  0.00000000000000000E+000
zinit   9  0.00000000000000000E+000  0.00000000000000000E+000
zinit  10  0.00000000000000000E+000  0.00000000000000000E+000
 
basis     1
D  1.00000000000000000E+000  0.00000000000000000E+000
a   1  3.47780147974744228E-004 -5.41016366271293708E-002
a   2 -5.97293156253140833E-001 -1.56606854700730921E-002
d   1 -5.35708949202878537E-002  7.56751307925851435E-003
d   2 -4.44211806822073715E-002  5.95844887771163290E-001
s   1 -5.79766248088959219E+003
s   2 -5.74130877493804110E+003
z   1  2.70525597365386894E-001 -1.46744376514906794E-001
z   2  1.58525367279343882E-001  6.37286338341782166E-001
z   3 -4.25410686814498354E-002  9.89115010724922472E-002
z   4  3.32578945125639291E-001  1.52360338528111677E-001
z   5 -1.55923957267236096E-001 -1.75466264330658983E-001
z   6 -2.49305265191626879E-001 -1.13127605733082920E-001
z   7 -2.67207363546235033E-001 -5.38997514233257313E-002
z   8 -2.85538746996452583E-002 -7.71769787020994968E-002
z   9  3.14578249606506308E-002 -9.01645895639214341E-004
z  10  2.19179182083596123E-002 -2.56472357490567172E-005
 
basis     2
D  1.00000000000000000E+000  0.00000000000000000E+000
a   1 -3.32290241874802425E-002 -3.48342058986094438E-002
a   2  8.07756510010702450E-002  1.81335461605991621E-001
d   1 -3.75127023885615737E-002  3.01726218374550707E-002
d   2  1.98305953770635479E-001 -9.05561315557040607E-003
s   1 -5.79161049964360245E+003
s   2 -5.74163400392612220E+003
z   1  5.71993503531944558E-001 -6.21942601463339240E-001
z   2  3.19884585111718578E-001 -2.24476698907539796E-001
z   3  3.98214785923025116E-001 -2.79568647768042189E-001
z   4 -1.33803127868164395E-001 -1.95919795213861214E-001
z   5  6.36106316777252934E-002 -1.29098350648425758E-001
z   6  2.95854407322932556E-001 -1.29951238355922628E-002
z   7  1.55954516920940034E-001 -1.04630807106115636E-001
z   8  6.84033846040868754E-002  2.23397097865194599E-002
z   9  2.92972297447055101E-002 -1.13916287645413647E-003
z  10  1.98265446883770097E-002 -1.25013219714709958E-004
 
basis     3
D  1.00000000000000000E+000  0.00000000000000000E+000
a   1  8.90690083965342549E-002  2.53141557765172512E-002
a   2  2.52047925541111439E-001  8.70404011818300266E-002
d   1 -9.23296845819496642E-002  7.02311073651539376E-003
d   2 -2.36564881906021041E-001 -1.23049765770853400E-001
s   1 -5.77703606374756964E+003
s   2 -5.75240327701548904E+003
z   1 -3.78394524890036665E-001  9.59583542849337390E-002
z   2 -2.01163100435787195E-001 -4.07043657347664622E-001
z   3  1.64222663719324008E-001  1.51475970409173127E-001
z   4 -6.76031905557014423E-001 -2.13279559816866249E-001
z   5 -1.15755226874641112E-001  8.02748220867722934E-002
z   6  2.31938635469667087E-001  6.03495740538201875E-001
z   7  2.34036735605059915E-001 -3.27822567487247363E-001
z   8  2.83835559079429166E-002 -2.10057788361660835E-001
z   9  2.11133574642300079E-002 -2.97819990165449537E-003
z  10  1.74707537194639037E-002 -2.03783117972896409E-005
 
basis     4
D  1.00000000000000000E+000  0.00000000000000000E+000
a   1 -9.73010185027546604E-003  2.55811977400886674E-002
a   2  8.31499500325203478E-002  3.43160072754788575E-002
d   1 -2.22543414488493574E-002 -1.59316303783472515E-002
d   2  8.99078900017071247E-002 -2.84145406126517196E-003
s   1 -5.78235912618702150E+003
s   2 -5.74869155580873303E+003
z   1  6.84452588042694238E-002  2.43744414182129804E-001
z   2 -1.51143783652611691E-001 -4.64075425859672486E-001
z   3 -8.38190527543643954E-003  5.85264854574338300E-001
z   4 -2.76548085082093831E-001  2.78637446480241135E-001
z   5 -1.45368455893865295E-001  6.51718456558793291E-002
z   6  3.51949608678095882E-001  8.36267847751320514E-002
z   7  1.67594669822762804E-001  9.91874722098631811E-002
z   8 -9.57480994766581051E-002  4.97556926249659477E-003
z   9  2.32520974672636230E-002  5.78401031664295493E-003
z  10  1.85917518840490702E-002  1.85280670701077699E-004
 
basis     5
D  1.00000000000000000E+000  0.00000000000000000E+000
a   1  4.57559300645803343E-002 -7.67988772256026631E-002
a   2  3.93669973593289702E-002  9.73832303279073552E-001
d   1 -7.84294843121433605E-002 -4.29009168866962207E-002
d   2 -9.01932375022060917E-001  3.69346864448554968E-001
s   1 -5.79148927635493237E+003
s   2 -5.74405389552535962E+003
z   1  3.61758369340220043E-001 -4.32317389858032253E-001
z   2  4.13698671451745714E-001  7.58222301003945498E-001
z   3 -3.59171964185367384E-002  2.99220565326270950E-003
z   4 -8.04417724257112249E-002 -6.65708614981525837E-002
z   5  1.95358859643417149E-001 -1.68041493209018261E-001
z   6 -1.49467089310075796E-001  2.83465064077454920E-001
z   7  6.63517032858124967E-002  2.46036154705364579E-001
z   8  3.39916009859624196E-002 -3.87702470706750013E-002
z   9  3.27207397405884295E-002  1.81007367405864477E-004
z  10  2.19152556659457723E-002  1.60792733619253265E-005
 
basis     6
D  1.00000000000000000E+000  0.00000000000000000E+000
a   1 -8.75672076468981542E-002 -1.31633685489032176E-001
a   2 -7.75993337718018650E-002  8.81800918535182165E-002
d   1 -1.58087758871574002E-001  1.92444939229425042E-003
d   2 -4.82186301954951047E-002  1.07109051453145213E-001
s   1 -5.76696815309259091E+003
s   2 -5.76766545744651557E+003
z   1 -8.31904214083086901E-001 -9.48260151962852182E-001
z   2 -8.13306348234741350E-002  3.51467878633700131E-002
z   3 -1.21761277885918215E-001  8.19097558376908653E-003
z   4  2.95517399005798091E-002  1.85751005044118567E-002
z   5 -2.16476525685615706E-001 -2.65484910347899949E-001
z   6  8.09561868282224206E-002  1.91479679710406775E-001
z   7  1.53343190603552670E-001 -1.00287635742976139E-001
z   8  2.38944736359902044E-002 -1.84985435366643788E-002
z   9 -1.08182372894627087E-002 -2.27399890449990092E-003
z  10 -6.40621555280566479E-003 -6.18306274133486302E-006
 
basis     7
D  1.00000000000000000E+000  0.00000000000000000E+000
a   1 -1.79338737987424814E-002 -6.72245261616178369E-002
a   2  1.12529036471301247E-001 -5.28471620935720976E-001
d   1 -6.53227963081069035E-002 -2.39518898956394763E-002
d   2  5.40061356554845773E-001  1.66963870261670928E-002
s   1 -5.79213820859354382E+003
s   2 -5.74422327333918111E+003
z   1  3.66362945423038266E-001 -3.57962131286540197E-001
z   2 -2.12917735779704714E-001  5.61780368264451435E-001
z   3  2.93539046006916104E-001  2.54841127775557952E-001
z   4 -2.03756803137627202E-001 -1.15427168375222683E-001
z   5  1.36487224820975427E-002  9.12280556821556954E-002
z   6  1.77914597299469873E-002  3.14601311709323817E-001
z   7  3.14178342912599051E-001 -2.07649266157364232E-001
z   8 -1.30274770217746125E-002 -3.58999575934817045E-002
z   9  3.06603938130621950E-002 -1.67479312396595376E-003
z  10  2.15627949563060063E-002 -2.76898455939620305E-005
 
basis     8
D  1.00000000000000000E+000  0.00000000000000000E+000
a   1 -1.44481666148162574E-001  1.96722119602533552E-001
a   2 -1.18333193796110875E-001  2.56321303595826888E-001
d   1 -2.32190119043618540E-002  2.42972059463732848E-001
d   2  1.12225422338569400E-001  2.59053681718638573E-001
s   1 -5.77999228411751210E+003
s   2 -5.75455642721557524E+003
z   1 -9.33470064449854753E-002 -2.10778599441565823E-001
z   2 -1.00515823932178838E-001 -3.67321969786542246E-001
z   3 -2.74427022981245605E-001  1.02781085133331340E-001
z   4 -4.08225931293515309E-001 -1.82914609317749194E-001
z   5 -3.12568809552919880E-001 -7.20979783166142696E-002
z   6  4.70015240329482331E-001  2.74956071551619496E-001
z   7 -1.12103847857977071E-001 -3.14433280240494356E-002
z   8  2.58050237928170254E-003 -2.57088387849843808E-002
z   9  4.10599584157662467E-003 -4.07550329589587894E-004
z  10  3.20134712586117674E-003 -2.17817817739866115E-004
 
basis     9
D  1.00000000000000000E+000  0.00000000000000000E+000
a   1  6.64723304262743592E-002 -4.76320486538384935E-002
a   2  5.98421118029613813E-002 -8.53666932670901907E-002
d   1 -4.94117936965790192E-002  6.51602441289790696E-002
d   2 -5.75306984014942735E-002 -8.69411836003622374E-002
s   1 -5.77708865334112488E+003
s   2 -5.75420177412432895E+003
z   1 -4.62399257747443337E-001 -6.71553113135620605E-001
z   2  3.38390342193960303E-001 -1.36588446426754665E-002
z   3 -1.09916699890549030E-001 -1.75556044318883719E-001
z   4 -4.06588189265141564E-001  1.60098976486239802E-001
z   5 -4.37423163100330581E-002 -2.31396731470159878E-001
z   6 -1.03167954294254322E-001  4.41924075732966389E-003
z   7  8.55276513407856737E-002 -9.33636684244656539E-002
z   8  1.64452738939884144E-002 -1.24065715338173375E-002
z   9  8.75789983686414523E-003 -7.81095432326702637E-004
z  10  5.31003117668653671E-003  5.20693739075085010E-004
 
basis    10
D  1.00000000000000000E+000  0.00000000000000000E+000
a   1 -6.72458170805511346E-002 -1.49795547927483175E-001
a   2 -2.07286995456170825E-002 -7.72860478014141539E-002
d   1  5.36976210102774604E-002 -1.55168526420670971E-001
d   2  7.64085167290045747E-002  2.37602765322369007E-002
s   1 -5.78128559631404551E+003
s   2 -5.75124887745104115E+003
z   1 -2.24204614923241730E-001 -2.27063310303735555E-001
z   2 -3.06573251909252498E-001  6.59271495012164199E-002
z   3 -1.16111766748398557E-001 -4.62601172003945377E-002
z   4 -2.39905973746024626E-001  4.38697463710061408E-001
z   5  2.63085221301055418E-002 -2.90165201148306240E-001
z   6 -8.25230912599002851E-003  1.33958719774271956E-001
z   7 -1.74329538049231736E-001  4.50717649174192214E-001
z   8  5.61248864558867300E-002 -8.68904575722019915E-003
z   9 -2.44840876844428963E-002 -5.13632985652259550E-004
z  10 -1.37719998814658361E-002 -1.43112663704384889E-004
