ndof   10
nconf    2
nbasisfns   10
initial_PES    1
time  1.50000000000000000E+001
 
zinit   1 -1.12610026812504156E-014 -9.34997277095886462E-015
zinit   2  3.54664452362726487E-030 -1.95947824526502115E-029
zinit   3  1.88484364141666515E-047 -8.27917340315492756E-047
zinit   4 -1.01638853389656598E-066 -5.37280436041002023E-068
zinit   5 -2.72888509344219186E-090 -1.08647856587270013E-090
zinit   6  7.60467487451250098E-121 -4.75920723055168253E-119
zinit   7  0.00000000000000000E+000  0.00000000000000000E+000
zinit   8  0.00000000000000000E+000  0.00000000000000000E+000
zinit   9  0.00000000000000000E+000  0.00000000000000000E+000
zinit  10  0.00000000000000000E+000  0.00000000000000000E+000
 
basis     1
D  1.00000000000000000E+000  0.00000000000000000E+000
a   1  9.34104102651658885E-003  1.06335457320024293E-001
a   2 -8.39877804281366214E-002 -1.02490946080310813E-001
d   1  5.40736827445529589E-002  9.20354353787670582E-002
d   2 -1.31254047840162980E-001 -1.81856046161318584E-002
s   1 -5.80521964318487881E+003
s   2 -5.72951837790127411E+003
z   1  2.24686891088939689E-001 -4.42975494447944873E-001
z   2  2.61990226701614204E-001 -3.19705428497653876E-001
z   3 -3.88955964437390556E-001  5.47415308639867468E-002
z   4  2.21381057486669447E-001 -9.29063711758988386E-002
z   5  1.51628588310156909E-001 -1.04308385206171361E-001
z   6  4.09695748446547298E-002 -2.37286022800770116E-002
z   7  3.97764977242734241E-001  1.27493247576286689E-001
z   8  4.71885792428971898E-002 -1.04186824782581761E-001
z   9  9.24586993679744895E-003 -3.87204301004027583E-003
z  10  4.78123734153187551E-003 -4.69969035571772022E-004
 
basis     2
D  1.00000000000000000E+000  0.00000000000000000E+000
a   1 -1.84777549243700129E-001  4.57681655239669111E-002
a   2  1.00876038301269039E-001 -8.18916617238362871E-002
d   1  1.88257857856577310E-001  2.82213861316198897E-002
d   2  1.20477171124644969E-001  4.86566603976613388E-002
s   1 -5.78406368187003682E+003
s   2 -5.75018028866403256E+003
z   1  4.55452180907646109E-001  2.53620340247354914E-001
z   2 -4.32342413566168038E-001 -4.93025741123737260E-001
z   3 -2.25318851690858163E-002 -2.56619039902611368E-001
z   4 -4.77914578136450552E-001  4.01889853004893771E-001
z   5  8.82868800225017625E-002 -1.53043927578215749E-001
z   6  1.15206830692705764E-001 -1.93699093983610848E-001
z   7  1.59032136735551360E-001  1.08059720036935633E-002
z   8  5.27277902649451527E-002 -3.90479911975539495E-002
z   9 -1.31960027587428742E-002 -2.70020711844522849E-003
z  10 -8.05848945880151789E-003 -9.32996447309020725E-004
 
basis     3
D  1.00000000000000000E+000  0.00000000000000000E+000
a   1 -4.82121689792156527E-002  2.17304471888641493E-001
a   2  3.52627968976509804E-002  1.84911584907620163E-001
d   1  1.79009297272204604E-002 -2.21867535830240242E-001
d   2 -1.82967527126375512E-001 -4.42565599132156567E-002
s   1 -5.78981744100871765E+003
s   2 -5.74482792914569018E+003
z   1  4.04340163306515177E-001 -8.92859367724447989E-002
z   2  2.23031834563855252E-001  5.82003483824159035E-002
z   3  2.54049386099769237E-001  1.88856364964996887E-001
z   4 -5.26942742638245518E-002 -1.87897887656968583E-002
z   5 -8.43710315639951969E-002 -3.82381300097172638E-001
z   6  3.26886069658104128E-001  7.95213291763343932E-002
z   7  1.22524112596366391E-001 -3.60361391536703768E-002
z   8  5.25171001940389348E-002 -5.88070585365995796E-002
z   9 -5.24671813410455910E-003 -8.37593951418576384E-004
z  10 -3.67038028319822225E-003 -2.45414288820307736E-004
 
basis     4
D  1.00000000000000000E+000  0.00000000000000000E+000
a   1  2.73668334029837035E-001 -3.94918983964405029E-002
a   2 -1.81945457740501443E-001 -1.33426778063273077E-001
d   1 -1.56615264784713132E-001 -2.27871950722407790E-001
d   2 -8.91947273591516127E-002 -2.07246605058015676E-001
s   1 -5.79106722507147333E+003
s   2 -5.74336299941874404E+003
z   1  9.63632674751648682E-002 -2.36053279163528362E-001
z   2  2.16825419362751654E-001 -3.28479514573316034E-001
z   3  1.20312643564470217E-001  8.41798883388371194E-002
z   4 -8.57967218418453637E-002  4.72155695425476363E-001
z   5 -1.21422324173709850E-001  1.35703113862781777E-001
z   6 -3.17405619904187197E-002  2.00243737233236269E-001
z   7  2.32599675818645130E-001  3.00118929163872630E-002
z   8  8.77223240194957427E-002 -3.01344314654505632E-002
z   9 -7.64515154848135862E-003 -7.16629326937455067E-004
z  10 -4.47027299104202098E-003  8.00127595368800245E-005
 
basis     5
D  1.00000000000000000E+000  0.00000000000000000E+000
a   1 -3.97143461299578407E-002  1.53153199607125069E-002
a   2  1.90999993372163751E-001 -7.94013480233325186E-001
d   1  3.36996792768909370E-002 -2.60023062566339218E-002
d   2 -7.92124862777225047E-001 -1.98687206509543746E-001
s   1 -5.81479888967243824E+003
s   2 -5.72870389673710088E+003
z   1  5.96937762777372316E-001  2.39866503229728273E-001
z   2 -2.61245962229376960E-001  9.74848596619595775E-003
z   3 -1.03359143893137998E-002 -4.96679282588909990E-002
z   4  2.18897122837965169E-001  4.85444868757145265E-002
z   5  7.35110735563337531E-002 -2.29531926762982091E-001
z   6  1.38115796586959300E-001 -6.43378771235213198E-002
z   7  2.07649764266990805E-001  4.60113097440082303E-002
z   8  4.90707187761607461E-002 -4.97967151027375113E-002
z   9  3.30729109381360797E-002  5.99957869999270978E-005
z  10  2.21825947473469169E-002 -4.09930589123975555E-005
 
basis     6
D  1.00000000000000000E+000  0.00000000000000000E+000
a   1 -1.78664558978139487E-001 -3.77347552992107760E-002
a   2  3.62404991723562275E-001  2.27282995700077067E-001
d   1 -1.80989698162175777E-001 -2.42418141134054903E-002
d   2 -3.61673556181624001E-001  2.28445128902969030E-001
s   1 -5.77417229962512829E+003
s   2 -5.76369901880458747E+003
z   1  5.04892303755691052E-001  1.94100166807214453E-001
z   2  1.28926008452888395E-002 -4.36714073469347652E-001
z   3 -5.54718070654630427E-002 -2.24518513749523731E-002
z   4  6.01905195829284742E-002  2.10629401658523702E-001
z   5  2.29506822770819824E-002  4.33165938908722306E-002
z   6  1.90802691950418934E-001  1.67961773075500198E-001
z   7  2.98420260012112332E-002  1.96613669955191910E-002
z   8  7.41502762314783792E-002  9.69475810327664195E-002
z   9  1.58096414381043333E-002 -1.08683953177151293E-003
z  10  1.53325580789304625E-002  1.02321296567454295E-005
 
basis     7
D  1.00000000000000000E+000  0.00000000000000000E+000
a   1  9.86378578738624084E-002  1.45609139475292693E-001
a   2 -1.57587573057944130E-001 -1.35319874918829131E-001
d   1 -1.40321483538902059E-001  1.06025137406754455E-001
d   2 -2.01026434068490495E-001  5.22846491433889698E-002
s   1 -5.78204961859247669E+003
s   2 -5.75443376935927608E+003
z   1  7.56772533376948303E-002  3.26913471456763471E-001
z   2 -1.49555111749176795E-001 -3.26244688126424640E-002
z   3 -1.56188937203862538E-001  7.51075599947735734E-002
z   4 -2.00120614275015596E-001  1.44405462143980368E-001
z   5  1.39177718919233528E-001 -1.88196277741954882E-001
z   6  5.39610807212776156E-002 -5.03995210958712581E-002
z   7  5.09284658092381270E-002  1.93321445236899009E-001
z   8  8.35925228339244597E-002  9.00414950982983409E-003
z   9 -2.88982389938882396E-003 -5.90662594395347657E-004
z  10  3.75254541539813248E-003  1.05464053715137603E-003
 
basis     8
D  1.00000000000000000E+000  0.00000000000000000E+000
a   1 -4.11235164359727567E-002  1.65665468736596239E-001
a   2  5.07032994812187665E-002  6.75077362287787239E-003
d   1  1.50475816594409451E-001  8.05805172235914829E-002
d   2 -6.16719361589448001E-003  5.07775860561879566E-002
s   1 -5.78549120371794561E+003
s   2 -5.74439066593635926E+003
z   1  2.94370937695951629E-001 -1.61698617113780446E-001
z   2 -6.22637452497760813E-001 -1.83231527994068361E-001
z   3  4.24449833257641185E-001 -1.79800109825365206E-001
z   4 -3.27269712463959084E-001  4.12706005960422007E-001
z   5  4.82270530996959601E-001 -2.98607153626804615E-002
z   6  8.97122342374483822E-002  4.53076487890740620E-002
z   7 -2.99597935546504143E-002  1.78892185228938516E-002
z   8  1.51861235090855390E-001 -1.20213955814142834E-001
z   9 -2.97586216106253583E-002 -1.40717819384105674E-003
z  10 -1.86077896713008409E-002  2.74592308436708455E-004
 
basis     9
D  1.00000000000000000E+000  0.00000000000000000E+000
a   1 -1.62002545176650470E-002  4.66943319476022592E-003
a   2  3.79686447149389043E-003  2.58558840829039190E-002
d   1 -1.67806016268722373E-002  1.63195031715685553E-003
d   2 -2.67167535946820746E-003 -2.59962511200570456E-002
s   1 -5.78071416117449644E+003
s   2 -5.75229954182696656E+003
z   1  2.03751805247144535E-001 -4.45862656759898224E-001
z   2 -1.97140786591374923E-003 -3.27335963165242494E-001
z   3 -3.88887845023173473E-001 -4.42621096346807796E-001
z   4 -9.81985697000498509E-002  4.94343847492382582E-001
z   5  3.11941494317477364E-001 -9.90101520966088083E-002
z   6  2.83355577506610334E-001 -2.88515919481355243E-003
z   7  1.88076073604253130E-001 -2.39426896448285603E-001
z   8  4.22966376066047020E-002 -7.09426004697957628E-003
z   9  1.14237269775056098E-002  6.01659136062914022E-003
z  10  1.01596969097374843E-002  1.33932141665223580E-003
 
basis    10
D  1.00000000000000000E+000  0.00000000000000000E+000
a   1 -4.53907378330458341E-002 -2.69168155484192373E-002
a   2 -1.00515022241496541E-002 -2.94409983775145573E-002
d   1  2.54122317596230420E-002 -4.62498920786970913E-002
d   2  2.24279605465261406E-002 -2.15590275325759327E-002
s   1 -5.79463481588689592E+003
s   2 -5.73768233877636430E+003
z   1 -2.79060275873156960E-001  8.02336483530224735E-003
z   2  2.20675455813266697E-001 -6.38619471573487335E-002
z   3 -1.90370671117192025E-001  5.01527599342573960E-001
z   4 -5.61725610424607225E-001  5.10923283432146991E-001
z   5  2.10415343797399623E-002 -5.46548958411104513E-001
z   6 -5.90556159692337435E-001 -3.17463450946469494E-001
z   7  1.73567211378785530E-001  4.18334517691622665E-001
z   8 -2.44354224293102523E-002 -3.22046525827862362E-002
z   9 -6.63054489432646395E-003 -1.65513719084837258E-003
z  10 -1.08502203705138373E-002 -6.70716714517965757E-004
