ndof   10
nconf    2
nbasisfns   10
initial_PES    1
time  1.50000000000000000E+001
 
zinit   1 -1.12610026812504156E-014 -9.34997277095886462E-015
zinit   2  3.54664452362726487E-030 -1.95947824526502115E-029
zinit   3  1.88484364141666515E-047 -8.27917340315492756E-047
zinit   4 -1.01638853389656598E-066 -5.37280436041002023E-068
zinit   5 -2.72888509344219186E-090 -1.08647856587270013E-090
zinit   6  7.60467487451250098E-121 -4.75920723055168253E-119
zinit   7  0.00000000000000000E+000  0.00000000000000000E+000
zinit   8  0.00000000000000000E+000  0.00000000000000000E+000
zinit   9  0.00000000000000000E+000  0.00000000000000000E+000
zinit  10  0.00000000000000000E+000  0.00000000000000000E+000
 
basis     1
D  1.00000000000000000E+000  0.00000000000000000E+000
a   1  1.99550262657804019E-002 -4.73994647794000884E-002
a   2  3.06004790062797793E-001 -1.04064863985736222E-001
d   1  1.97524153366284670E-002  4.74842544746245307E-002
d   2 -2.83473515906494944E-001 -1.55277793767675865E-001
s   1 -5.79544576642860648E+003
s   2 -5.74051871284321169E+003
z   1  3.16665973503136355E-001  5.40967713432005601E-002
z   2  5.33618788768631336E-001 -1.49308797592318243E-001
z   3 -2.03570965466594006E-001  4.81431383816155689E-001
z   4  3.00222679314023189E-001 -7.91677778770202845E-003
z   5  6.81445980931863621E-002 -1.10169769903816411E-001
z   6  5.91733302638296210E-002 -2.43476209603106591E-001
z   7  1.72624989881140389E-001  9.90963875762263385E-002
z   8  1.41729324132080468E-002 -4.62247307230338952E-002
z   9  3.01912779401409953E-002  5.79838132538371338E-005
z  10  2.12390841600874798E-002 -1.01277185685138041E-004
 
basis     2
D  1.00000000000000000E+000  0.00000000000000000E+000
a   1  1.49143074569987627E-001  1.02934240977684041E-001
a   2  3.73192844264686518E-001 -1.41949733447883947E-001
d   1 -1.25110067071030701E-001  1.31097619258791348E-001
d   2  3.79510124638739565E-001  1.24075344581347960E-001
s   1 -5.77597602723730870E+003
s   2 -5.75607718937210575E+003
z   1 -2.88260883002540380E-001 -6.56926751805295916E-001
z   2  6.59725459406576842E-002  1.28650496391702063E-001
z   3 -1.18751305040112665E-001  7.67490923143313852E-002
z   4  2.21738255505962156E-001  1.93896802599610035E-003
z   5 -2.07944228382159091E-001 -6.68482619228583652E-002
z   6 -8.23822609460798660E-002 -2.33868256331766000E-001
z   7  1.92836357151507043E-001 -1.46481737378641341E-001
z   8 -5.26977308747181225E-002  1.89639714399273823E-002
z   9  2.49765283759778127E-002  5.11906367798494908E-004
z  10  1.46488956425185352E-002 -3.26130814780829214E-005
 
basis     3
D  1.00000000000000000E+000  0.00000000000000000E+000
a   1 -4.21200684200581654E-004 -2.26293894056808359E-001
a   2  2.88845699287621771E-002  5.35459001292638015E-001
d   1  7.38324630262903597E-002  2.13910895703986637E-001
d   2 -2.35422332935507239E-001 -4.81795584870266358E-001
s   1 -5.78334158429872059E+003
s   2 -5.75185552547128191E+003
z   1 -1.26287997755378745E-001  2.02091759695899209E-001
z   2  6.80546927360943799E-001  1.97936317628907565E-001
z   3  4.53755581199664845E-002  1.74283344277413044E-001
z   4  1.66908214899552154E-001 -5.32291635282187037E-001
z   5 -2.59466160648731903E-001 -4.68272744137413349E-002
z   6  4.21633058820936185E-002  1.14052932911096097E-001
z   7 -8.60414904197078778E-002 -5.37055349159407391E-002
z   8 -8.35320899018135721E-002  6.00589736419489262E-002
z   9  2.70552811141580377E-002  2.43983378959688677E-003
z  10  1.55689293999355036E-002  4.73389379284092080E-006
 
basis     4
D  1.00000000000000000E+000  0.00000000000000000E+000
a   1  4.52549567308466405E-001  3.30823561783113868E-002
a   2  6.61747486566181126E-002 -2.40546015699173277E-001
d   1 -1.25222319128938275E-001 -4.36136359357207404E-001
d   2 -2.49079719197659477E-001  1.41695629053478368E-002
s   1 -5.77232393224364023E+003
s   2 -5.75978484267895146E+003
z   1 -1.77526540074446154E-001  7.19564821895657125E-002
z   2  1.72472985863596551E-001 -2.79511519738814829E-002
z   3 -1.99265588140557726E-001  3.14995050019201916E-001
z   4  2.09971855302033050E-001 -5.06376642662427767E-002
z   5 -7.01666377848134126E-001  9.71029432058496678E-002
z   6  2.57010699727360736E-001  6.30213119030901270E-002
z   7  1.42296411150662910E-001 -1.58671516896646297E-001
z   8  3.36654008627537624E-002 -3.54368938495054006E-002
z   9 -1.63880175746864733E-002  1.73493344841937100E-003
z  10 -1.18847015849383453E-002  3.55910042321205323E-004
 
basis     5
D  1.00000000000000000E+000  0.00000000000000000E+000
a   1 -3.73887827817910856E-001 -1.12453094278517948E-001
a   2 -7.54263352098972079E-002 -1.14630875558737091E-001
d   1  2.11758172248136756E-001 -3.28018723077414365E-001
d   2  1.35718654957849794E-001 -2.02439218283058803E-002
s   1 -5.78866555678347049E+003
s   2 -5.74483607166702768E+003
z   1 -4.11792937750335764E-001  5.40130115692681434E-001
z   2  2.08921749075641733E-001 -4.39437760992885812E-002
z   3 -4.32241911107077020E-002 -6.30978226833729811E-002
z   4  2.45602197862303612E-001 -9.54586434848817417E-002
z   5 -3.15006226958377711E-001 -2.99769130343201018E-001
z   6 -7.50005869154796029E-002 -1.54537060914788360E-001
z   7  6.82201561353808356E-002 -1.65433599462333270E-001
z   8 -1.72974431274941047E-002 -6.01773856679587091E-002
z   9 -2.19159639000569319E-002 -6.58679381242731083E-003
z  10 -1.74605328837971197E-002 -3.62752776281082098E-004
 
basis     6
D  1.00000000000000000E+000  0.00000000000000000E+000
a   1 -1.84957035070684173E-001  8.83693141093617879E-002
a   2  4.82355239774387018E-002  5.64691662087106472E-002
d   1  1.54192436772010971E-001 -1.35066401968094024E-001
d   2  3.83127733312542337E-002 -6.36204676605963554E-002
s   1 -5.77083204771194960E+003
s   2 -5.77235466915931556E+003
z   1 -2.42485659280981314E-001 -3.42261837055470197E-001
z   2 -3.03363302977370519E-003  2.36340280084965354E-001
z   3 -6.06993923465288937E-002 -2.33113053245309176E-001
z   4 -3.26925244749911803E-001  8.11863297037345721E-002
z   5 -1.68110597432850895E-001 -4.16182193675236622E-002
z   6 -3.54330852652813111E-001 -6.84027633714432148E-002
z   7  3.54124575015886345E-001 -2.32647929684835775E-003
z   8 -3.10686984901831914E-002 -9.67599250896468838E-002
z   9 -4.22584329951375404E-003 -4.46366502591031417E-003
z  10 -1.71950386442556273E-002  2.83713874864584259E-004
 
basis     7
D  1.00000000000000000E+000  0.00000000000000000E+000
a   1 -6.28267080895319241E-001  2.52022143212293437E-001
a   2  4.76567573235902320E-002  2.40880696954193035E-001
d   1 -2.65568412206169946E-001 -6.22662110654195189E-001
d   2  2.05818809212773235E-001 -1.33915251028302984E-001
s   1 -5.77579643654046140E+003
s   2 -5.75972862236777655E+003
z   1  1.45603858734982161E-001 -2.27193226286761835E-001
z   2 -2.12825662389909340E-002 -1.23108268974500001E-001
z   3 -2.66752235635029478E-001  5.35465624135142093E-001
z   4 -2.94151959440989985E-001  9.00984386234562028E-003
z   5  3.86621357236109284E-002 -3.07604369520663945E-001
z   6 -7.05857618221944760E-002 -2.03514621828699335E-003
z   7 -5.20052670626769201E-002  3.41925512735774817E-002
z   8 -6.66514442049354061E-002 -1.56498128834372772E-002
z   9 -2.52346077614043068E-002  3.06454227824548835E-004
z  10 -1.70932305839829601E-002 -3.74555491271263383E-005
 
basis     8
D  1.00000000000000000E+000  0.00000000000000000E+000
a   1  1.34389830510419972E-001 -1.08459521654943658E-001
a   2 -2.23123910424195881E-001  6.54838925171741804E-002
d   1 -1.67820116031752758E-001  4.07492703901264353E-002
d   2 -6.86735786686598071E-002  2.22162911339910202E-001
s   1 -5.79039608134627451E+003
s   2 -5.74184584182164144E+003
z   1  7.20670427251466766E-002  2.35393495774399858E-001
z   2  2.24431609988575503E-001  4.46108976006330982E-001
z   3  2.39969942725147573E-001 -3.87756062929248968E-002
z   4  5.89232352802012069E-002 -5.80808276525347916E-002
z   5  2.79531264864055606E-001 -3.31318768434466226E-001
z   6  2.92781443710855238E-001 -7.38645464362727294E-002
z   7 -1.44190937579991796E-001  7.54476673048910945E-002
z   8 -2.21055269833945987E-002  2.95257702705081391E-003
z   9  1.20094212204049366E-002 -5.46803941743377402E-005
z  10  6.47282717095930184E-003  2.93205608721420488E-004
 
basis     9
D  1.00000000000000000E+000  0.00000000000000000E+000
a   1 -1.92386994909313130E-001  2.65572183553579422E-001
a   2  4.84986887529128899E-002 -2.97840137857053100E-001
d   1  1.99116324575621145E-001 -2.60564828353997247E-001
d   2  9.19885438605240191E-002 -2.87400379832526975E-001
s   1 -5.77741446869864376E+003
s   2 -5.75554609086934033E+003
z   1  2.75664410940955548E-002  7.98008545271799430E-001
z   2  8.60808329562766650E-001  1.06953030574133481E-001
z   3 -1.72246963235749256E-001  3.65608177826115210E-001
z   4  1.44281765668829748E-001 -1.28910794333557122E-002
z   5  4.08058438451804478E-002 -1.81899567982249349E-001
z   6  6.38406550026237862E-002 -1.27216807253802855E-001
z   7  1.60056475130877174E-001 -2.06135007303244522E-001
z   8  5.86744541271275177E-003  1.48089413131999781E-003
z   9 -3.75290344214382083E-003  4.55941217061643471E-003
z  10 -1.83306710427436309E-003  3.27366729069613433E-004
 
basis    10
D  1.00000000000000000E+000  0.00000000000000000E+000
a   1  5.64630658658124673E-001  4.17223613574465302E-002
a   2 -2.37735928630428917E-001 -8.98173428467048812E-002
d   1  5.58610269812296112E-001 -9.22122692171858521E-002
d   2  1.25140103554232229E-002 -2.53828537368514351E-001
s   1 -5.77400993908766213E+003
s   2 -5.75665657304380147E+003
z   1 -2.05816925996180233E-001 -4.62843973174635881E-002
z   2  4.53172587467618904E-001  1.15681936002963281E-001
z   3 -3.31303208559859341E-001  6.56968909435745929E-001
z   4 -5.19319246435790860E-001  6.23245516167413999E-002
z   5 -3.52282828866712361E-001 -2.42848641473311505E-001
z   6 -3.40663820998485134E-001 -3.20267352826340557E-001
z   7 -7.96907022506401219E-002  4.23246643586825885E-002
z   8 -4.75078618839417030E-002  4.16220285043070737E-002
z   9 -2.07115906989266477E-002  1.27951784246780795E-003
z  10 -1.48544317175415535E-002  1.53340736019548333E-004
